ARM GAS  C:\Users\AARONW~1\AppData\Local\Temp\cc7GPjlo.s 			page 1


   1              		.cpu cortex-m0
   2              		.fpu softvfp
   3              		.eabi_attribute 20, 1
   4              		.eabi_attribute 21, 1
   5              		.eabi_attribute 23, 3
   6              		.eabi_attribute 24, 1
   7              		.eabi_attribute 25, 1
   8              		.eabi_attribute 26, 1
   9              		.eabi_attribute 30, 6
  10              		.eabi_attribute 34, 0
  11              		.eabi_attribute 18, 4
  12              		.code	16
  13              		.file	"app_UART.c"
  14              		.text
  15              	.Ltext0:
  16              		.cfi_sections	.debug_frame
  17              		.section	.text.HandleUartRxTraffic,"ax",%progbits
  18              		.align	2
  19              		.global	HandleUartRxTraffic
  20              		.code	16
  21              		.thumb_func
  22              		.type	HandleUartRxTraffic, %function
  23              	HandleUartRxTraffic:
  24              	.LFB37:
  25              		.file 1 "app_UART.c"
   1:app_UART.c    **** /*******************************************************************************
   2:app_UART.c    **** * File Name: app_UART.c
   3:app_UART.c    **** *
   4:app_UART.c    **** * Description:
   5:app_UART.c    **** *  Common BLE application code for client devices.
   6:app_UART.c    **** *
   7:app_UART.c    **** *******************************************************************************
   8:app_UART.c    **** * Copyright 2015, Cypress Semiconductor Corporation.  All rights reserved.
   9:app_UART.c    **** * You may use this file only in accordance with the license, terms, conditions,
  10:app_UART.c    **** * disclaimers, and limitations in the end user license agreement accompanying
  11:app_UART.c    **** * the software package with which this file was provided.
  12:app_UART.c    **** *******************************************************************************/
  13:app_UART.c    **** 
  14:app_UART.c    **** #include "app_UART.h"
  15:app_UART.c    **** 
  16:app_UART.c    **** /*******************************************************************************
  17:app_UART.c    **** * Function Name: HandleUartRxTraffic
  18:app_UART.c    **** ********************************************************************************
  19:app_UART.c    **** *
  20:app_UART.c    **** * Summary:
  21:app_UART.c    **** *  This function takes data from received notfications and pushes it to the 
  22:app_UART.c    **** *  UART TX buffer. 
  23:app_UART.c    **** *
  24:app_UART.c    **** * Parameters:
  25:app_UART.c    **** *  CYBLE_GATTC_HANDLE_VALUE_NTF_PARAM_T * - the notification parameter as  
  26:app_UART.c    **** *                                           recieved by the BLE stack
  27:app_UART.c    **** *
  28:app_UART.c    **** * Return:
  29:app_UART.c    **** *   None.
  30:app_UART.c    **** *
  31:app_UART.c    **** *******************************************************************************/
  32:app_UART.c    **** void HandleUartRxTraffic(CYBLE_GATTC_HANDLE_VALUE_NTF_PARAM_T *uartRxDataNotification)
ARM GAS  C:\Users\AARONW~1\AppData\Local\Temp\cc7GPjlo.s 			page 2


  33:app_UART.c    **** {
  26              		.loc 1 33 0
  27              		.cfi_startproc
  28 0000 80B5     		push	{r7, lr}
  29              		.cfi_def_cfa_offset 8
  30              		.cfi_offset 7, -8
  31              		.cfi_offset 14, -4
  32 0002 82B0     		sub	sp, sp, #8
  33              		.cfi_def_cfa_offset 16
  34 0004 00AF     		add	r7, sp, #0
  35              		.cfi_def_cfa_register 7
  36 0006 7860     		str	r0, [r7, #4]
  34:app_UART.c    ****     if(uartRxDataNotification->handleValPair.attrHandle == txCharHandle)
  37              		.loc 1 34 0
  38 0008 7B68     		ldr	r3, [r7, #4]
  39 000a 9A89     		ldrh	r2, [r3, #12]
  40 000c 074B     		ldr	r3, .L3
  41 000e 1B88     		ldrh	r3, [r3]
  42 0010 9A42     		cmp	r2, r3
  43 0012 07D1     		bne	.L1
  35:app_UART.c    ****     {
  36:app_UART.c    ****         UART_SpiUartPutArray(uartRxDataNotification->handleValPair.value.val, \
  44              		.loc 1 36 0
  45 0014 7B68     		ldr	r3, [r7, #4]
  46 0016 5A68     		ldr	r2, [r3, #4]
  37:app_UART.c    ****             (uint32) uartRxDataNotification->handleValPair.value.len);
  47              		.loc 1 37 0
  48 0018 7B68     		ldr	r3, [r7, #4]
  49 001a 1B89     		ldrh	r3, [r3, #8]
  36:app_UART.c    ****             (uint32) uartRxDataNotification->handleValPair.value.len);
  50              		.loc 1 36 0
  51 001c 101C     		mov	r0, r2
  52 001e 191C     		mov	r1, r3
  53 0020 FFF7FEFF 		bl	UART_SpiUartPutArray
  54              	.L1:
  38:app_UART.c    ****     }
  39:app_UART.c    **** }
  55              		.loc 1 39 0
  56 0024 BD46     		mov	sp, r7
  57 0026 02B0     		add	sp, sp, #8
  58              		@ sp needed
  59 0028 80BD     		pop	{r7, pc}
  60              	.L4:
  61 002a C046     		.align	2
  62              	.L3:
  63 002c 00000000 		.word	txCharHandle
  64              		.cfi_endproc
  65              	.LFE37:
  66              		.size	HandleUartRxTraffic, .-HandleUartRxTraffic
  67              		.section	.text.HandleUartTxTraffic,"ax",%progbits
  68              		.align	2
  69              		.global	HandleUartTxTraffic
  70              		.code	16
  71              		.thumb_func
  72              		.type	HandleUartTxTraffic, %function
  73              	HandleUartTxTraffic:
  74              	.LFB38:
ARM GAS  C:\Users\AARONW~1\AppData\Local\Temp\cc7GPjlo.s 			page 3


  40:app_UART.c    **** 
  41:app_UART.c    **** 
  42:app_UART.c    **** /*******************************************************************************
  43:app_UART.c    **** * Function Name: HandleUartTxTraffic
  44:app_UART.c    **** ********************************************************************************
  45:app_UART.c    **** *
  46:app_UART.c    **** * Summary:
  47:app_UART.c    **** *  This function takes data from UART RX buffer and pushes it to the server 
  48:app_UART.c    **** *  as Write Without Response command.
  49:app_UART.c    **** *
  50:app_UART.c    **** * Parameters:
  51:app_UART.c    **** *  None.
  52:app_UART.c    **** *
  53:app_UART.c    **** * Return:
  54:app_UART.c    **** *   None.
  55:app_UART.c    **** *
  56:app_UART.c    **** *******************************************************************************/
  57:app_UART.c    **** void HandleUartTxTraffic(void)
  58:app_UART.c    **** {
  75              		.loc 1 58 0
  76              		.cfi_startproc
  77 0000 F0B5     		push	{r4, r5, r6, r7, lr}
  78              		.cfi_def_cfa_offset 20
  79              		.cfi_offset 4, -20
  80              		.cfi_offset 5, -16
  81              		.cfi_offset 6, -12
  82              		.cfi_offset 7, -8
  83              		.cfi_offset 14, -4
  84 0002 8FB0     		sub	sp, sp, #60
  85              		.cfi_def_cfa_offset 80
  86 0004 00AF     		add	r7, sp, #0
  87              		.cfi_def_cfa_register 7
  88 0006 6846     		mov	r0, sp
  89 0008 7860     		str	r0, [r7, #4]
  59:app_UART.c    ****     uint8   index;
  60:app_UART.c    ****     uint8   uartTxData[mtuSize - 3];
  90              		.loc 1 60 0
  91 000a 6E48     		ldr	r0, .L12
  92 000c 0088     		ldrh	r0, [r0]
  93 000e 0338     		sub	r0, r0, #3
  94 0010 431E     		sub	r3, r0, #1
  95 0012 9C46     		mov	ip, r3
  96 0014 6346     		mov	r3, ip
  97 0016 3B63     		str	r3, [r7, #48]
  98 0018 031C     		mov	r3, r0
  99 001a 3B61     		str	r3, [r7, #16]
 100 001c 0023     		mov	r3, #0
 101 001e 7B61     		str	r3, [r7, #20]
 102 0020 3B69     		ldr	r3, [r7, #16]
 103 0022 5B0F     		lsr	r3, r3, #29
 104 0024 9C46     		mov	ip, r3
 105 0026 7B69     		ldr	r3, [r7, #20]
 106 0028 DA00     		lsl	r2, r3, #3
 107 002a 6346     		mov	r3, ip
 108 002c 1A43     		orr	r2, r3
 109 002e 3B69     		ldr	r3, [r7, #16]
 110 0030 D900     		lsl	r1, r3, #3
ARM GAS  C:\Users\AARONW~1\AppData\Local\Temp\cc7GPjlo.s 			page 4


 111 0032 021C     		mov	r2, r0
 112 0034 151C     		mov	r5, r2
 113 0036 0022     		mov	r2, #0
 114 0038 161C     		mov	r6, r2
 115 003a 6A0F     		lsr	r2, r5, #29
 116 003c F300     		lsl	r3, r6, #3
 117 003e FB60     		str	r3, [r7, #12]
 118 0040 FB68     		ldr	r3, [r7, #12]
 119 0042 1343     		orr	r3, r2
 120 0044 FB60     		str	r3, [r7, #12]
 121 0046 EB00     		lsl	r3, r5, #3
 122 0048 BB60     		str	r3, [r7, #8]
 123 004a 031C     		mov	r3, r0
 124 004c 0733     		add	r3, r3, #7
 125 004e DB08     		lsr	r3, r3, #3
 126 0050 DB00     		lsl	r3, r3, #3
 127 0052 6A46     		mov	r2, sp
 128 0054 D31A     		sub	r3, r2, r3
 129 0056 9D46     		mov	sp, r3
 130 0058 6B46     		mov	r3, sp
 131 005a 0033     		add	r3, r3, #0
 132 005c FB62     		str	r3, [r7, #44]
  61:app_UART.c    ****     uint16  uartTxDataLength;
  62:app_UART.c    ****     
  63:app_UART.c    ****     static uint16 uartIdleCount = UART_IDLE_TIMEOUT;
  64:app_UART.c    ****     
  65:app_UART.c    ****     CYBLE_API_RESULT_T              bleApiResult;
  66:app_UART.c    ****     CYBLE_GATTC_WRITE_CMD_REQ_T     uartTxDataWriteCmd;
  67:app_UART.c    ****     
  68:app_UART.c    ****     uartTxDataLength = UART_SpiUartGetRxBufferSize();
 133              		.loc 1 68 0
 134 005e FFF7FEFF 		bl	UART_SpiUartGetRxBufferSize
 135 0062 021C     		mov	r2, r0
 136 0064 1C23     		mov	r3, #28
 137 0066 1821     		mov	r1, #24
 138 0068 8C46     		mov	ip, r1
 139 006a BC44     		add	ip, ip, r7
 140 006c 6344     		add	r3, r3, ip
 141 006e 1A80     		strh	r2, [r3]
  69:app_UART.c    ****     
  70:app_UART.c    ****     #ifdef FLOW_CONTROL
  71:app_UART.c    ****         if(uartTxDataLength >= (UART_UART_RX_BUFFER_SIZE - (UART_UART_RX_BUFFER_SIZE/2)))
  72:app_UART.c    ****         {
  73:app_UART.c    ****             DisableUartRxInt();
  74:app_UART.c    ****         }
  75:app_UART.c    ****         else
  76:app_UART.c    ****         {
  77:app_UART.c    ****             EnableUartRxInt();
  78:app_UART.c    ****         }
  79:app_UART.c    ****     #endif
  80:app_UART.c    ****     
  81:app_UART.c    ****     if((uartTxDataLength != 0))
 142              		.loc 1 81 0
 143 0070 1C23     		mov	r3, #28
 144 0072 1822     		mov	r2, #24
 145 0074 9446     		mov	ip, r2
 146 0076 BC44     		add	ip, ip, r7
ARM GAS  C:\Users\AARONW~1\AppData\Local\Temp\cc7GPjlo.s 			page 5


 147 0078 6344     		add	r3, r3, ip
 148 007a 1B88     		ldrh	r3, [r3]
 149 007c 002B     		cmp	r3, #0
 150 007e 00D1     		bne	.LCB123
 151 0080 9BE0     		b	.L6	@long jump
 152              	.LCB123:
  82:app_UART.c    ****     {
  83:app_UART.c    ****         if(uartTxDataLength >= (mtuSize - 3))
 153              		.loc 1 83 0
 154 0082 1C23     		mov	r3, #28
 155 0084 1822     		mov	r2, #24
 156 0086 9446     		mov	ip, r2
 157 0088 BC44     		add	ip, ip, r7
 158 008a 6344     		add	r3, r3, ip
 159 008c 1A88     		ldrh	r2, [r3]
 160 008e 4D4B     		ldr	r3, .L12
 161 0090 1B88     		ldrh	r3, [r3]
 162 0092 033B     		sub	r3, r3, #3
 163 0094 9A42     		cmp	r2, r3
 164 0096 0DDB     		blt	.L7
  84:app_UART.c    ****         {
  85:app_UART.c    ****             uartIdleCount       = UART_IDLE_TIMEOUT;
 165              		.loc 1 85 0
 166 0098 4B4B     		ldr	r3, .L12+4
 167 009a FA22     		mov	r2, #250
 168 009c 9200     		lsl	r2, r2, #2
 169 009e 1A80     		strh	r2, [r3]
  86:app_UART.c    ****             uartTxDataLength    = mtuSize - 3;
 170              		.loc 1 86 0
 171 00a0 484B     		ldr	r3, .L12
 172 00a2 1A88     		ldrh	r2, [r3]
 173 00a4 1C23     		mov	r3, #28
 174 00a6 1821     		mov	r1, #24
 175 00a8 8C46     		mov	ip, r1
 176 00aa BC44     		add	ip, ip, r7
 177 00ac 6344     		add	r3, r3, ip
 178 00ae 033A     		sub	r2, r2, #3
 179 00b0 1A80     		strh	r2, [r3]
 180 00b2 10E0     		b	.L8
 181              	.L7:
  87:app_UART.c    ****         }
  88:app_UART.c    ****         else
  89:app_UART.c    ****         {
  90:app_UART.c    ****             if(--uartIdleCount == 0)
 182              		.loc 1 90 0
 183 00b4 444B     		ldr	r3, .L12+4
 184 00b6 1B88     		ldrh	r3, [r3]
 185 00b8 013B     		sub	r3, r3, #1
 186 00ba 9AB2     		uxth	r2, r3
 187 00bc 424B     		ldr	r3, .L12+4
 188 00be 1A80     		strh	r2, [r3]
 189 00c0 414B     		ldr	r3, .L12+4
 190 00c2 1B88     		ldrh	r3, [r3]
 191 00c4 002B     		cmp	r3, #0
 192 00c6 06D0     		beq	.L8
  91:app_UART.c    ****             {
  92:app_UART.c    ****                 /*uartTxDataLength remains unchanged */;
ARM GAS  C:\Users\AARONW~1\AppData\Local\Temp\cc7GPjlo.s 			page 6


  93:app_UART.c    ****             }
  94:app_UART.c    ****             else
  95:app_UART.c    ****             {
  96:app_UART.c    ****                 uartTxDataLength = 0;
 193              		.loc 1 96 0
 194 00c8 1C23     		mov	r3, #28
 195 00ca 1822     		mov	r2, #24
 196 00cc 9446     		mov	ip, r2
 197 00ce BC44     		add	ip, ip, r7
 198 00d0 6344     		add	r3, r3, ip
 199 00d2 0022     		mov	r2, #0
 200 00d4 1A80     		strh	r2, [r3]
 201              	.L8:
  97:app_UART.c    ****             }
  98:app_UART.c    ****         }
  99:app_UART.c    ****         
 100:app_UART.c    ****         if(0 != uartTxDataLength)
 202              		.loc 1 100 0
 203 00d6 1C23     		mov	r3, #28
 204 00d8 1822     		mov	r2, #24
 205 00da 9446     		mov	ip, r2
 206 00dc BC44     		add	ip, ip, r7
 207 00de 6344     		add	r3, r3, ip
 208 00e0 1B88     		ldrh	r3, [r3]
 209 00e2 002B     		cmp	r3, #0
 210 00e4 69D0     		beq	.L6
 101:app_UART.c    ****         {
 102:app_UART.c    ****             uartIdleCount       = UART_IDLE_TIMEOUT;
 211              		.loc 1 102 0
 212 00e6 384B     		ldr	r3, .L12+4
 213 00e8 FA22     		mov	r2, #250
 214 00ea 9200     		lsl	r2, r2, #2
 215 00ec 1A80     		strh	r2, [r3]
 103:app_UART.c    ****             
 104:app_UART.c    ****             for(index = 0; index < uartTxDataLength; index++)
 216              		.loc 1 104 0
 217 00ee 1F23     		mov	r3, #31
 218 00f0 1822     		mov	r2, #24
 219 00f2 9446     		mov	ip, r2
 220 00f4 BC44     		add	ip, ip, r7
 221 00f6 6344     		add	r3, r3, ip
 222 00f8 0022     		mov	r2, #0
 223 00fa 1A70     		strb	r2, [r3]
 224 00fc 18E0     		b	.L9
 225              	.L10:
 105:app_UART.c    ****             {
 106:app_UART.c    ****                 uartTxData[index] = (uint8) UART_UartGetByte();
 226              		.loc 1 106 0 discriminator 3
 227 00fe 1F23     		mov	r3, #31
 228 0100 1822     		mov	r2, #24
 229 0102 9446     		mov	ip, r2
 230 0104 BC44     		add	ip, ip, r7
 231 0106 6344     		add	r3, r3, ip
 232 0108 1C78     		ldrb	r4, [r3]
 233 010a FFF7FEFF 		bl	UART_UartGetByte
 234 010e 031C     		mov	r3, r0
 235 0110 DAB2     		uxtb	r2, r3
ARM GAS  C:\Users\AARONW~1\AppData\Local\Temp\cc7GPjlo.s 			page 7


 236 0112 FB6A     		ldr	r3, [r7, #44]
 237 0114 1A55     		strb	r2, [r3, r4]
 104:app_UART.c    ****             {
 238              		.loc 1 104 0 discriminator 3
 239 0116 1F23     		mov	r3, #31
 240 0118 1822     		mov	r2, #24
 241 011a 9446     		mov	ip, r2
 242 011c BC44     		add	ip, ip, r7
 243 011e 6344     		add	r3, r3, ip
 244 0120 1A78     		ldrb	r2, [r3]
 245 0122 1F23     		mov	r3, #31
 246 0124 1821     		mov	r1, #24
 247 0126 8C46     		mov	ip, r1
 248 0128 BC44     		add	ip, ip, r7
 249 012a 6344     		add	r3, r3, ip
 250 012c 0132     		add	r2, r2, #1
 251 012e 1A70     		strb	r2, [r3]
 252              	.L9:
 104:app_UART.c    ****             {
 253              		.loc 1 104 0 is_stmt 0 discriminator 1
 254 0130 1F23     		mov	r3, #31
 255 0132 1822     		mov	r2, #24
 256 0134 9446     		mov	ip, r2
 257 0136 BC44     		add	ip, ip, r7
 258 0138 6344     		add	r3, r3, ip
 259 013a 1B78     		ldrb	r3, [r3]
 260 013c 9BB2     		uxth	r3, r3
 261 013e 1C22     		mov	r2, #28
 262 0140 1821     		mov	r1, #24
 263 0142 8C46     		mov	ip, r1
 264 0144 BC44     		add	ip, ip, r7
 265 0146 6244     		add	r2, r2, ip
 266 0148 1288     		ldrh	r2, [r2]
 267 014a 9A42     		cmp	r2, r3
 268 014c D7D8     		bhi	.L10
 107:app_UART.c    ****             }
 108:app_UART.c    ****             
 109:app_UART.c    ****             uartTxDataWriteCmd.attrHandle = rxCharHandle;
 269              		.loc 1 109 0 is_stmt 1
 270 014e 1F4B     		ldr	r3, .L12+8
 271 0150 1A88     		ldrh	r2, [r3]
 272 0152 1C23     		mov	r3, #28
 273 0154 FB18     		add	r3, r7, r3
 274 0156 1A81     		strh	r2, [r3, #8]
 110:app_UART.c    ****             uartTxDataWriteCmd.value.len  = uartTxDataLength;
 275              		.loc 1 110 0
 276 0158 1C23     		mov	r3, #28
 277 015a FB18     		add	r3, r7, r3
 278 015c 1C22     		mov	r2, #28
 279 015e 1821     		mov	r1, #24
 280 0160 8C46     		mov	ip, r1
 281 0162 BC44     		add	ip, ip, r7
 282 0164 6244     		add	r2, r2, ip
 283 0166 1288     		ldrh	r2, [r2]
 284 0168 9A80     		strh	r2, [r3, #4]
 111:app_UART.c    ****             uartTxDataWriteCmd.value.val  = uartTxData;           
 285              		.loc 1 111 0
ARM GAS  C:\Users\AARONW~1\AppData\Local\Temp\cc7GPjlo.s 			page 8


 286 016a FA6A     		ldr	r2, [r7, #44]
 287 016c 1C23     		mov	r3, #28
 288 016e FB18     		add	r3, r7, r3
 289 0170 1A60     		str	r2, [r3]
 290              	.L11:
 112:app_UART.c    ****             
 113:app_UART.c    ****             #ifdef FLOW_CONTROL
 114:app_UART.c    ****                 DisableUartRxInt();
 115:app_UART.c    ****             #endif
 116:app_UART.c    ****             
 117:app_UART.c    ****             do
 118:app_UART.c    ****             {
 119:app_UART.c    ****                 bleApiResult = CyBle_GattcWriteWithoutResponse(cyBle_connHandle, &uartTxDataWriteCm
 291              		.loc 1 119 0 discriminator 2
 292 0172 1223     		mov	r3, #18
 293 0174 1822     		mov	r2, #24
 294 0176 BA18     		add	r2, r7, r2
 295 0178 D418     		add	r4, r2, r3
 296 017a 154B     		ldr	r3, .L12+12
 297 017c 1C22     		mov	r2, #28
 298 017e B918     		add	r1, r7, r2
 299 0180 1A78     		ldrb	r2, [r3]
 300 0182 5B78     		ldrb	r3, [r3, #1]
 301 0184 1B02     		lsl	r3, r3, #8
 302 0186 1A43     		orr	r2, r3
 303 0188 0023     		mov	r3, #0
 304 018a 1204     		lsl	r2, r2, #16
 305 018c 120C     		lsr	r2, r2, #16
 306 018e 1B0C     		lsr	r3, r3, #16
 307 0190 1B04     		lsl	r3, r3, #16
 308 0192 1343     		orr	r3, r2
 309 0194 181C     		mov	r0, r3
 310 0196 FFF7FEFF 		bl	CyBle_GattcWriteWithoutResponse
 311 019a 031C     		mov	r3, r0
 312 019c 2380     		strh	r3, [r4]
 120:app_UART.c    ****                 CyBle_ProcessEvents();
 313              		.loc 1 120 0 discriminator 2
 314 019e FFF7FEFF 		bl	CyBle_ProcessEvents
 121:app_UART.c    ****             }
 122:app_UART.c    ****             while((CYBLE_ERROR_OK != bleApiResult) && (CYBLE_STATE_CONNECTED == cyBle_state));
 315              		.loc 1 122 0 discriminator 2
 316 01a2 1223     		mov	r3, #18
 317 01a4 1822     		mov	r2, #24
 318 01a6 9446     		mov	ip, r2
 319 01a8 BC44     		add	ip, ip, r7
 320 01aa 6344     		add	r3, r3, ip
 321 01ac 1B88     		ldrh	r3, [r3]
 322 01ae 002B     		cmp	r3, #0
 323 01b0 03D0     		beq	.L6
 324              		.loc 1 122 0 is_stmt 0 discriminator 1
 325 01b2 084B     		ldr	r3, .L12+16
 326 01b4 1B78     		ldrb	r3, [r3]
 327 01b6 022B     		cmp	r3, #2
 328 01b8 DBD0     		beq	.L11
 329              	.L6:
 330 01ba 7B68     		ldr	r3, [r7, #4]
 331 01bc 9D46     		mov	sp, r3
ARM GAS  C:\Users\AARONW~1\AppData\Local\Temp\cc7GPjlo.s 			page 9


 123:app_UART.c    ****             
 124:app_UART.c    ****         }
 125:app_UART.c    ****     }
 126:app_UART.c    **** }
 332              		.loc 1 126 0 is_stmt 1
 333 01be BD46     		mov	sp, r7
 334 01c0 0FB0     		add	sp, sp, #60
 335              		@ sp needed
 336 01c2 F0BD     		pop	{r4, r5, r6, r7, pc}
 337              	.L13:
 338              		.align	2
 339              	.L12:
 340 01c4 00000000 		.word	mtuSize
 341 01c8 00000000 		.word	uartIdleCount.7352
 342 01cc 00000000 		.word	rxCharHandle
 343 01d0 00000000 		.word	cyBle_connHandle
 344 01d4 00000000 		.word	cyBle_state
 345              		.cfi_endproc
 346              	.LFE38:
 347              		.size	HandleUartTxTraffic, .-HandleUartTxTraffic
 348              		.section	.text.DisableUartRxInt,"ax",%progbits
 349              		.align	2
 350              		.global	DisableUartRxInt
 351              		.code	16
 352              		.thumb_func
 353              		.type	DisableUartRxInt, %function
 354              	DisableUartRxInt:
 355              	.LFB39:
 127:app_UART.c    **** 
 128:app_UART.c    **** /*****************************************************************************************
 129:app_UART.c    **** * Function Name: DisableUartRxInt
 130:app_UART.c    **** ******************************************************************************************
 131:app_UART.c    **** *
 132:app_UART.c    **** * Summary:
 133:app_UART.c    **** *  This function disables the UART RX interrupt.
 134:app_UART.c    **** *
 135:app_UART.c    **** * Parameters:
 136:app_UART.c    **** *   None.
 137:app_UART.c    **** *
 138:app_UART.c    **** * Return:
 139:app_UART.c    **** *   None.
 140:app_UART.c    **** *
 141:app_UART.c    **** *****************************************************************************************/
 142:app_UART.c    **** void DisableUartRxInt(void)
 143:app_UART.c    **** {
 356              		.loc 1 143 0
 357              		.cfi_startproc
 358 0000 80B5     		push	{r7, lr}
 359              		.cfi_def_cfa_offset 8
 360              		.cfi_offset 7, -8
 361              		.cfi_offset 14, -4
 362 0002 00AF     		add	r7, sp, #0
 363              		.cfi_def_cfa_register 7
 144:app_UART.c    ****     UART_INTR_RX_MASK_REG &= ~UART_RX_INTR_MASK;  
 364              		.loc 1 144 0
 365 0004 034B     		ldr	r3, .L15
 366 0006 034A     		ldr	r2, .L15
ARM GAS  C:\Users\AARONW~1\AppData\Local\Temp\cc7GPjlo.s 			page 10


 367 0008 1268     		ldr	r2, [r2]
 368 000a 0421     		mov	r1, #4
 369 000c 8A43     		bic	r2, r1
 370 000e 1A60     		str	r2, [r3]
 145:app_UART.c    **** }
 371              		.loc 1 145 0
 372 0010 BD46     		mov	sp, r7
 373              		@ sp needed
 374 0012 80BD     		pop	{r7, pc}
 375              	.L16:
 376              		.align	2
 377              	.L15:
 378 0014 C80F2440 		.word	1076105160
 379              		.cfi_endproc
 380              	.LFE39:
 381              		.size	DisableUartRxInt, .-DisableUartRxInt
 382              		.section	.text.EnableUartRxInt,"ax",%progbits
 383              		.align	2
 384              		.global	EnableUartRxInt
 385              		.code	16
 386              		.thumb_func
 387              		.type	EnableUartRxInt, %function
 388              	EnableUartRxInt:
 389              	.LFB40:
 146:app_UART.c    **** 
 147:app_UART.c    **** /*****************************************************************************************
 148:app_UART.c    **** * Function Name: EnableUartRxInt
 149:app_UART.c    **** ******************************************************************************************
 150:app_UART.c    **** *
 151:app_UART.c    **** * Summary:
 152:app_UART.c    **** *  This function enables the UART RX interrupt.
 153:app_UART.c    **** *
 154:app_UART.c    **** * Parameters:
 155:app_UART.c    **** *   None.
 156:app_UART.c    **** *
 157:app_UART.c    **** * Return:
 158:app_UART.c    **** *   None.
 159:app_UART.c    **** *
 160:app_UART.c    **** *****************************************************************************************/
 161:app_UART.c    **** void EnableUartRxInt(void)
 162:app_UART.c    **** {
 390              		.loc 1 162 0
 391              		.cfi_startproc
 392 0000 80B5     		push	{r7, lr}
 393              		.cfi_def_cfa_offset 8
 394              		.cfi_offset 7, -8
 395              		.cfi_offset 14, -4
 396 0002 00AF     		add	r7, sp, #0
 397              		.cfi_def_cfa_register 7
 163:app_UART.c    ****     UART_INTR_RX_MASK_REG |= UART_RX_INTR_MASK;  
 398              		.loc 1 163 0
 399 0004 034B     		ldr	r3, .L18
 400 0006 034A     		ldr	r2, .L18
 401 0008 1268     		ldr	r2, [r2]
 402 000a 0421     		mov	r1, #4
 403 000c 0A43     		orr	r2, r1
 404 000e 1A60     		str	r2, [r3]
ARM GAS  C:\Users\AARONW~1\AppData\Local\Temp\cc7GPjlo.s 			page 11


 164:app_UART.c    **** }
 405              		.loc 1 164 0
 406 0010 BD46     		mov	sp, r7
 407              		@ sp needed
 408 0012 80BD     		pop	{r7, pc}
 409              	.L19:
 410              		.align	2
 411              	.L18:
 412 0014 C80F2440 		.word	1076105160
 413              		.cfi_endproc
 414              	.LFE40:
 415              		.size	EnableUartRxInt, .-EnableUartRxInt
 416              		.data
 417              		.align	1
 418              		.type	uartIdleCount.7352, %object
 419              		.size	uartIdleCount.7352, 2
 420              	uartIdleCount.7352:
 421 0000 E803     		.short	1000
 422              		.text
 423              	.Letext0:
 424              		.file 2 "Generated_Source\\PSoC4/cytypes.h"
 425              		.file 3 "Generated_Source\\PSoC4/BLE_Stack.h"
 426              		.file 4 "Generated_Source\\PSoC4/BLE_StackGatt.h"
 427              		.file 5 "Generated_Source\\PSoC4/BLE_StackGattClient.h"
 428              		.file 6 "Generated_Source\\PSoC4/BLE_eventHandler.h"
 429              		.file 7 "app_UART.h"
 430              		.section	.debug_info,"",%progbits
 431              	.Ldebug_info0:
 432 0000 BB030000 		.4byte	0x3bb
 433 0004 0400     		.2byte	0x4
 434 0006 00000000 		.4byte	.Ldebug_abbrev0
 435 000a 04       		.byte	0x4
 436 000b 01       		.uleb128 0x1
 437 000c 2B050000 		.4byte	.LASF85
 438 0010 01       		.byte	0x1
 439 0011 EE050000 		.4byte	.LASF86
 440 0015 6C040000 		.4byte	.LASF87
 441 0019 00000000 		.4byte	.Ldebug_ranges0+0
 442 001d 00000000 		.4byte	0
 443 0021 00000000 		.4byte	.Ldebug_line0
 444 0025 02       		.uleb128 0x2
 445 0026 01       		.byte	0x1
 446 0027 06       		.byte	0x6
 447 0028 7B030000 		.4byte	.LASF0
 448 002c 02       		.uleb128 0x2
 449 002d 01       		.byte	0x1
 450 002e 08       		.byte	0x8
 451 002f 49030000 		.4byte	.LASF1
 452 0033 02       		.uleb128 0x2
 453 0034 02       		.byte	0x2
 454 0035 05       		.byte	0x5
 455 0036 8B000000 		.4byte	.LASF2
 456 003a 02       		.uleb128 0x2
 457 003b 02       		.byte	0x2
 458 003c 07       		.byte	0x7
 459 003d 4C040000 		.4byte	.LASF3
 460 0041 02       		.uleb128 0x2
ARM GAS  C:\Users\AARONW~1\AppData\Local\Temp\cc7GPjlo.s 			page 12


 461 0042 04       		.byte	0x4
 462 0043 05       		.byte	0x5
 463 0044 B4020000 		.4byte	.LASF4
 464 0048 02       		.uleb128 0x2
 465 0049 04       		.byte	0x4
 466 004a 07       		.byte	0x7
 467 004b 6C060000 		.4byte	.LASF5
 468 004f 02       		.uleb128 0x2
 469 0050 08       		.byte	0x8
 470 0051 05       		.byte	0x5
 471 0052 86020000 		.4byte	.LASF6
 472 0056 02       		.uleb128 0x2
 473 0057 08       		.byte	0x8
 474 0058 07       		.byte	0x7
 475 0059 87030000 		.4byte	.LASF7
 476 005d 03       		.uleb128 0x3
 477 005e 04       		.byte	0x4
 478 005f 05       		.byte	0x5
 479 0060 696E7400 		.ascii	"int\000"
 480 0064 02       		.uleb128 0x2
 481 0065 04       		.byte	0x4
 482 0066 07       		.byte	0x7
 483 0067 CA030000 		.4byte	.LASF8
 484 006b 04       		.uleb128 0x4
 485 006c E1010000 		.4byte	.LASF9
 486 0070 02       		.byte	0x2
 487 0071 B901     		.2byte	0x1b9
 488 0073 2C000000 		.4byte	0x2c
 489 0077 04       		.uleb128 0x4
 490 0078 B6010000 		.4byte	.LASF10
 491 007c 02       		.byte	0x2
 492 007d BA01     		.2byte	0x1ba
 493 007f 3A000000 		.4byte	0x3a
 494 0083 04       		.uleb128 0x4
 495 0084 65060000 		.4byte	.LASF11
 496 0088 02       		.byte	0x2
 497 0089 BB01     		.2byte	0x1bb
 498 008b 48000000 		.4byte	0x48
 499 008f 02       		.uleb128 0x2
 500 0090 04       		.byte	0x4
 501 0091 04       		.byte	0x4
 502 0092 6B020000 		.4byte	.LASF12
 503 0096 02       		.uleb128 0x2
 504 0097 08       		.byte	0x8
 505 0098 04       		.byte	0x4
 506 0099 89060000 		.4byte	.LASF13
 507 009d 02       		.uleb128 0x2
 508 009e 01       		.byte	0x1
 509 009f 08       		.byte	0x8
 510 00a0 FC040000 		.4byte	.LASF14
 511 00a4 04       		.uleb128 0x4
 512 00a5 23040000 		.4byte	.LASF15
 513 00a9 02       		.byte	0x2
 514 00aa 6502     		.2byte	0x265
 515 00ac B0000000 		.4byte	0xb0
 516 00b0 05       		.uleb128 0x5
 517 00b1 83000000 		.4byte	0x83
ARM GAS  C:\Users\AARONW~1\AppData\Local\Temp\cc7GPjlo.s 			page 13


 518 00b5 02       		.uleb128 0x2
 519 00b6 04       		.byte	0x4
 520 00b7 07       		.byte	0x7
 521 00b8 95000000 		.4byte	.LASF16
 522 00bc 06       		.uleb128 0x6
 523 00bd 02       		.byte	0x2
 524 00be 03       		.byte	0x3
 525 00bf D203     		.2byte	0x3d2
 526 00c1 8C010000 		.4byte	0x18c
 527 00c5 07       		.uleb128 0x7
 528 00c6 A9000000 		.4byte	.LASF17
 529 00ca 00       		.sleb128 0
 530 00cb 07       		.uleb128 0x7
 531 00cc 56010000 		.4byte	.LASF18
 532 00d0 01       		.sleb128 1
 533 00d1 07       		.uleb128 0x7
 534 00d2 BD010000 		.4byte	.LASF19
 535 00d6 02       		.sleb128 2
 536 00d7 07       		.uleb128 0x7
 537 00d8 F9050000 		.4byte	.LASF20
 538 00dc 03       		.sleb128 3
 539 00dd 07       		.uleb128 0x7
 540 00de 48020000 		.4byte	.LASF21
 541 00e2 04       		.sleb128 4
 542 00e3 07       		.uleb128 0x7
 543 00e4 74010000 		.4byte	.LASF22
 544 00e8 05       		.sleb128 5
 545 00e9 07       		.uleb128 0x7
 546 00ea 0B020000 		.4byte	.LASF23
 547 00ee 06       		.sleb128 6
 548 00ef 07       		.uleb128 0x7
 549 00f0 07030000 		.4byte	.LASF24
 550 00f4 07       		.sleb128 7
 551 00f5 07       		.uleb128 0x7
 552 00f6 CD020000 		.4byte	.LASF25
 553 00fa 08       		.sleb128 8
 554 00fb 07       		.uleb128 0x7
 555 00fc B5030000 		.4byte	.LASF26
 556 0100 09       		.sleb128 9
 557 0101 07       		.uleb128 0x7
 558 0102 2E020000 		.4byte	.LASF27
 559 0106 0A       		.sleb128 10
 560 0107 07       		.uleb128 0x7
 561 0108 94020000 		.4byte	.LASF28
 562 010c 0B       		.sleb128 11
 563 010d 07       		.uleb128 0x7
 564 010e 9E030000 		.4byte	.LASF29
 565 0112 0C       		.sleb128 12
 566 0113 07       		.uleb128 0x7
 567 0114 D7030000 		.4byte	.LASF30
 568 0118 0D       		.sleb128 13
 569 0119 07       		.uleb128 0x7
 570 011a 25000000 		.4byte	.LASF31
 571 011e 0E       		.sleb128 14
 572 011f 07       		.uleb128 0x7
 573 0120 00000000 		.4byte	.LASF32
 574 0124 0F       		.sleb128 15
ARM GAS  C:\Users\AARONW~1\AppData\Local\Temp\cc7GPjlo.s 			page 14


 575 0125 07       		.uleb128 0x7
 576 0126 BE070000 		.4byte	.LASF33
 577 012a 10       		.sleb128 16
 578 012b 07       		.uleb128 0x7
 579 012c 5C000000 		.4byte	.LASF34
 580 0130 11       		.sleb128 17
 581 0131 07       		.uleb128 0x7
 582 0132 E8060000 		.4byte	.LASF35
 583 0136 12       		.sleb128 18
 584 0137 07       		.uleb128 0x7
 585 0138 96070000 		.4byte	.LASF36
 586 013c 13       		.sleb128 19
 587 013d 07       		.uleb128 0x7
 588 013e 24070000 		.4byte	.LASF37
 589 0142 27       		.sleb128 39
 590 0143 07       		.uleb128 0x7
 591 0144 B8000000 		.4byte	.LASF38
 592 0148 28       		.sleb128 40
 593 0149 07       		.uleb128 0x7
 594 014a 46070000 		.4byte	.LASF39
 595 014e 29       		.sleb128 41
 596 014f 07       		.uleb128 0x7
 597 0150 DD000000 		.4byte	.LASF40
 598 0154 2A       		.sleb128 42
 599 0155 07       		.uleb128 0x7
 600 0156 32060000 		.4byte	.LASF41
 601 015a 2B       		.sleb128 43
 602 015b 07       		.uleb128 0x7
 603 015c 57030000 		.4byte	.LASF42
 604 0160 2C       		.sleb128 44
 605 0161 07       		.uleb128 0x7
 606 0162 B9050000 		.4byte	.LASF43
 607 0166 FE01     		.sleb128 254
 608 0168 07       		.uleb128 0x7
 609 0169 62070000 		.4byte	.LASF44
 610 016d FF01     		.sleb128 255
 611 016f 07       		.uleb128 0x7
 612 0170 0B070000 		.4byte	.LASF45
 613 0174 8002     		.sleb128 256
 614 0176 07       		.uleb128 0x7
 615 0177 EC070000 		.4byte	.LASF46
 616 017b 8102     		.sleb128 257
 617 017d 07       		.uleb128 0x7
 618 017e 29040000 		.4byte	.LASF47
 619 0182 8202     		.sleb128 258
 620 0184 07       		.uleb128 0x7
 621 0185 72070000 		.4byte	.LASF48
 622 0189 8302     		.sleb128 259
 623 018b 00       		.byte	0
 624 018c 04       		.uleb128 0x4
 625 018d E7010000 		.4byte	.LASF49
 626 0191 03       		.byte	0x3
 627 0192 3E04     		.2byte	0x43e
 628 0194 BC000000 		.4byte	0xbc
 629 0198 08       		.uleb128 0x8
 630 0199 04       		.byte	0x4
 631 019a 6B000000 		.4byte	0x6b
ARM GAS  C:\Users\AARONW~1\AppData\Local\Temp\cc7GPjlo.s 			page 15


 632 019e 04       		.uleb128 0x4
 633 019f 18010000 		.4byte	.LASF50
 634 01a3 04       		.byte	0x4
 635 01a4 8401     		.2byte	0x184
 636 01a6 77000000 		.4byte	0x77
 637 01aa 09       		.uleb128 0x9
 638 01ab 02       		.byte	0x2
 639 01ac 04       		.byte	0x4
 640 01ad 8E01     		.2byte	0x18e
 641 01af CE010000 		.4byte	0x1ce
 642 01b3 0A       		.uleb128 0xa
 643 01b4 25020000 		.4byte	.LASF51
 644 01b8 04       		.byte	0x4
 645 01b9 9501     		.2byte	0x195
 646 01bb 6B000000 		.4byte	0x6b
 647 01bf 00       		.byte	0
 648 01c0 0A       		.uleb128 0xa
 649 01c1 3C080000 		.4byte	.LASF52
 650 01c5 04       		.byte	0x4
 651 01c6 9B01     		.2byte	0x19b
 652 01c8 6B000000 		.4byte	0x6b
 653 01cc 01       		.byte	0x1
 654 01cd 00       		.byte	0
 655 01ce 04       		.uleb128 0x4
 656 01cf A4060000 		.4byte	.LASF53
 657 01d3 04       		.byte	0x4
 658 01d4 9D01     		.2byte	0x19d
 659 01d6 AA010000 		.4byte	0x1aa
 660 01da 09       		.uleb128 0x9
 661 01db 08       		.byte	0x8
 662 01dc 04       		.byte	0x4
 663 01dd B901     		.2byte	0x1b9
 664 01df 0B020000 		.4byte	0x20b
 665 01e3 0B       		.uleb128 0xb
 666 01e4 76616C00 		.ascii	"val\000"
 667 01e8 04       		.byte	0x4
 668 01e9 BC01     		.2byte	0x1bc
 669 01eb 98010000 		.4byte	0x198
 670 01ef 00       		.byte	0
 671 01f0 0B       		.uleb128 0xb
 672 01f1 6C656E00 		.ascii	"len\000"
 673 01f5 04       		.byte	0x4
 674 01f6 BF01     		.2byte	0x1bf
 675 01f8 77000000 		.4byte	0x77
 676 01fc 04       		.byte	0x4
 677 01fd 0A       		.uleb128 0xa
 678 01fe 8C070000 		.4byte	.LASF54
 679 0202 04       		.byte	0x4
 680 0203 C601     		.2byte	0x1c6
 681 0205 77000000 		.4byte	0x77
 682 0209 06       		.byte	0x6
 683 020a 00       		.byte	0
 684 020b 04       		.uleb128 0x4
 685 020c 18050000 		.4byte	.LASF55
 686 0210 04       		.byte	0x4
 687 0211 C801     		.2byte	0x1c8
 688 0213 DA010000 		.4byte	0x1da
ARM GAS  C:\Users\AARONW~1\AppData\Local\Temp\cc7GPjlo.s 			page 16


 689 0217 09       		.uleb128 0x9
 690 0218 0C       		.byte	0xc
 691 0219 04       		.byte	0x4
 692 021a CB01     		.2byte	0x1cb
 693 021c 3B020000 		.4byte	0x23b
 694 0220 0A       		.uleb128 0xa
 695 0221 92010000 		.4byte	.LASF56
 696 0225 04       		.byte	0x4
 697 0226 CE01     		.2byte	0x1ce
 698 0228 0B020000 		.4byte	0x20b
 699 022c 00       		.byte	0
 700 022d 0A       		.uleb128 0xa
 701 022e 7E060000 		.4byte	.LASF57
 702 0232 04       		.byte	0x4
 703 0233 D101     		.2byte	0x1d1
 704 0235 9E010000 		.4byte	0x19e
 705 0239 08       		.byte	0x8
 706 023a 00       		.byte	0
 707 023b 04       		.uleb128 0x4
 708 023c B8060000 		.4byte	.LASF58
 709 0240 04       		.byte	0x4
 710 0241 D301     		.2byte	0x1d3
 711 0243 17020000 		.4byte	0x217
 712 0247 0C       		.uleb128 0xc
 713 0248 EB020000 		.4byte	.LASF59
 714 024c 05       		.byte	0x5
 715 024d 74       		.byte	0x74
 716 024e 3B020000 		.4byte	0x23b
 717 0252 0D       		.uleb128 0xd
 718 0253 10       		.byte	0x10
 719 0254 05       		.byte	0x5
 720 0255 88       		.byte	0x88
 721 0256 73020000 		.4byte	0x273
 722 025a 0E       		.uleb128 0xe
 723 025b 9E000000 		.4byte	.LASF60
 724 025f 05       		.byte	0x5
 725 0260 8B       		.byte	0x8b
 726 0261 CE010000 		.4byte	0x1ce
 727 0265 00       		.byte	0
 728 0266 0E       		.uleb128 0xe
 729 0267 4E000000 		.4byte	.LASF61
 730 026b 05       		.byte	0x5
 731 026c 8E       		.byte	0x8e
 732 026d 3B020000 		.4byte	0x23b
 733 0271 04       		.byte	0x4
 734 0272 00       		.byte	0
 735 0273 0C       		.uleb128 0xc
 736 0274 24030000 		.4byte	.LASF62
 737 0278 05       		.byte	0x5
 738 0279 90       		.byte	0x90
 739 027a 52020000 		.4byte	0x252
 740 027e 06       		.uleb128 0x6
 741 027f 01       		.byte	0x1
 742 0280 06       		.byte	0x6
 743 0281 F607     		.2byte	0x7f6
 744 0283 AC020000 		.4byte	0x2ac
 745 0287 07       		.uleb128 0x7
ARM GAS  C:\Users\AARONW~1\AppData\Local\Temp\cc7GPjlo.s 			page 17


 746 0288 42010000 		.4byte	.LASF63
 747 028c 00       		.sleb128 0
 748 028d 07       		.uleb128 0x7
 749 028e D5050000 		.4byte	.LASF64
 750 0292 01       		.sleb128 1
 751 0293 07       		.uleb128 0x7
 752 0294 98010000 		.4byte	.LASF65
 753 0298 02       		.sleb128 2
 754 0299 07       		.uleb128 0x7
 755 029a 71020000 		.4byte	.LASF66
 756 029e 03       		.sleb128 3
 757 029f 07       		.uleb128 0x7
 758 02a0 18080000 		.4byte	.LASF67
 759 02a4 04       		.sleb128 4
 760 02a5 07       		.uleb128 0x7
 761 02a6 FC030000 		.4byte	.LASF68
 762 02aa 05       		.sleb128 5
 763 02ab 00       		.byte	0
 764 02ac 04       		.uleb128 0x4
 765 02ad 15040000 		.4byte	.LASF69
 766 02b1 06       		.byte	0x6
 767 02b2 0408     		.2byte	0x804
 768 02b4 7E020000 		.4byte	0x27e
 769 02b8 0F       		.uleb128 0xf
 770 02b9 1E060000 		.4byte	.LASF70
 771 02bd 01       		.byte	0x1
 772 02be 20       		.byte	0x20
 773 02bf 00000000 		.4byte	.LFB37
 774 02c3 30000000 		.4byte	.LFE37-.LFB37
 775 02c7 01       		.uleb128 0x1
 776 02c8 9C       		.byte	0x9c
 777 02c9 DC020000 		.4byte	0x2dc
 778 02cd 10       		.uleb128 0x10
 779 02ce 01050000 		.4byte	.LASF88
 780 02d2 01       		.byte	0x1
 781 02d3 20       		.byte	0x20
 782 02d4 DC020000 		.4byte	0x2dc
 783 02d8 02       		.uleb128 0x2
 784 02d9 91       		.byte	0x91
 785 02da 74       		.sleb128 -12
 786 02db 00       		.byte	0
 787 02dc 08       		.uleb128 0x8
 788 02dd 04       		.byte	0x4
 789 02de 73020000 		.4byte	0x273
 790 02e2 0F       		.uleb128 0xf
 791 02e3 90060000 		.4byte	.LASF71
 792 02e7 01       		.byte	0x1
 793 02e8 39       		.byte	0x39
 794 02e9 00000000 		.4byte	.LFB38
 795 02ed D8010000 		.4byte	.LFE38-.LFB38
 796 02f1 01       		.uleb128 0x1
 797 02f2 9C       		.byte	0x9c
 798 02f3 50030000 		.4byte	0x350
 799 02f7 11       		.uleb128 0x11
 800 02f8 DB010000 		.4byte	.LASF72
 801 02fc 01       		.byte	0x1
 802 02fd 3B       		.byte	0x3b
ARM GAS  C:\Users\AARONW~1\AppData\Local\Temp\cc7GPjlo.s 			page 18


 803 02fe 6B000000 		.4byte	0x6b
 804 0302 02       		.uleb128 0x2
 805 0303 91       		.byte	0x91
 806 0304 67       		.sleb128 -25
 807 0305 11       		.uleb128 0x11
 808 0306 80000000 		.4byte	.LASF73
 809 030a 01       		.byte	0x1
 810 030b 3C       		.byte	0x3c
 811 030c 50030000 		.4byte	0x350
 812 0310 03       		.uleb128 0x3
 813 0311 91       		.byte	0x91
 814 0312 5C       		.sleb128 -36
 815 0313 06       		.byte	0x6
 816 0314 11       		.uleb128 0x11
 817 0315 FA000000 		.4byte	.LASF74
 818 0319 01       		.byte	0x1
 819 031a 3D       		.byte	0x3d
 820 031b 77000000 		.4byte	0x77
 821 031f 02       		.uleb128 0x2
 822 0320 91       		.byte	0x91
 823 0321 64       		.sleb128 -28
 824 0322 11       		.uleb128 0x11
 825 0323 34010000 		.4byte	.LASF75
 826 0327 01       		.byte	0x1
 827 0328 3F       		.byte	0x3f
 828 0329 77000000 		.4byte	0x77
 829 032d 05       		.uleb128 0x5
 830 032e 03       		.byte	0x3
 831 032f 00000000 		.4byte	uartIdleCount.7352
 832 0333 11       		.uleb128 0x11
 833 0334 2F080000 		.4byte	.LASF76
 834 0338 01       		.byte	0x1
 835 0339 41       		.byte	0x41
 836 033a 8C010000 		.4byte	0x18c
 837 033e 02       		.uleb128 0x2
 838 033f 91       		.byte	0x91
 839 0340 5A       		.sleb128 -38
 840 0341 11       		.uleb128 0x11
 841 0342 05080000 		.4byte	.LASF77
 842 0346 01       		.byte	0x1
 843 0347 42       		.byte	0x42
 844 0348 47020000 		.4byte	0x247
 845 034c 02       		.uleb128 0x2
 846 034d 91       		.byte	0x91
 847 034e 4C       		.sleb128 -52
 848 034f 00       		.byte	0
 849 0350 12       		.uleb128 0x12
 850 0351 6B000000 		.4byte	0x6b
 851 0355 63030000 		.4byte	0x363
 852 0359 13       		.uleb128 0x13
 853 035a B5000000 		.4byte	0xb5
 854 035e 03       		.uleb128 0x3
 855 035f 91       		.byte	0x91
 856 0360 60       		.sleb128 -32
 857 0361 06       		.byte	0x6
 858 0362 00       		.byte	0
 859 0363 14       		.uleb128 0x14
ARM GAS  C:\Users\AARONW~1\AppData\Local\Temp\cc7GPjlo.s 			page 19


 860 0364 D7060000 		.4byte	.LASF78
 861 0368 01       		.byte	0x1
 862 0369 8E       		.byte	0x8e
 863 036a 00000000 		.4byte	.LFB39
 864 036e 18000000 		.4byte	.LFE39-.LFB39
 865 0372 01       		.uleb128 0x1
 866 0373 9C       		.byte	0x9c
 867 0374 14       		.uleb128 0x14
 868 0375 BD020000 		.4byte	.LASF79
 869 0379 01       		.byte	0x1
 870 037a A1       		.byte	0xa1
 871 037b 00000000 		.4byte	.LFB40
 872 037f 18000000 		.4byte	.LFE40-.LFB40
 873 0383 01       		.uleb128 0x1
 874 0384 9C       		.byte	0x9c
 875 0385 15       		.uleb128 0x15
 876 0386 6F030000 		.4byte	.LASF80
 877 038a 06       		.byte	0x6
 878 038b 2A0A     		.2byte	0xa2a
 879 038d AC020000 		.4byte	0x2ac
 880 0391 15       		.uleb128 0x15
 881 0392 FA010000 		.4byte	.LASF81
 882 0396 06       		.byte	0x6
 883 0397 2B0A     		.2byte	0xa2b
 884 0399 CE010000 		.4byte	0x1ce
 885 039d 16       		.uleb128 0x16
 886 039e AE010000 		.4byte	.LASF82
 887 03a2 07       		.byte	0x7
 888 03a3 20       		.byte	0x20
 889 03a4 77000000 		.4byte	0x77
 890 03a8 16       		.uleb128 0x16
 891 03a9 0B010000 		.4byte	.LASF83
 892 03ad 07       		.byte	0x7
 893 03ae 21       		.byte	0x21
 894 03af 77000000 		.4byte	0x77
 895 03b3 16       		.uleb128 0x16
 896 03b4 5F040000 		.4byte	.LASF84
 897 03b8 07       		.byte	0x7
 898 03b9 22       		.byte	0x22
 899 03ba 77000000 		.4byte	0x77
 900 03be 00       		.byte	0
 901              		.section	.debug_abbrev,"",%progbits
 902              	.Ldebug_abbrev0:
 903 0000 01       		.uleb128 0x1
 904 0001 11       		.uleb128 0x11
 905 0002 01       		.byte	0x1
 906 0003 25       		.uleb128 0x25
 907 0004 0E       		.uleb128 0xe
 908 0005 13       		.uleb128 0x13
 909 0006 0B       		.uleb128 0xb
 910 0007 03       		.uleb128 0x3
 911 0008 0E       		.uleb128 0xe
 912 0009 1B       		.uleb128 0x1b
 913 000a 0E       		.uleb128 0xe
 914 000b 55       		.uleb128 0x55
 915 000c 17       		.uleb128 0x17
 916 000d 11       		.uleb128 0x11
ARM GAS  C:\Users\AARONW~1\AppData\Local\Temp\cc7GPjlo.s 			page 20


 917 000e 01       		.uleb128 0x1
 918 000f 10       		.uleb128 0x10
 919 0010 17       		.uleb128 0x17
 920 0011 00       		.byte	0
 921 0012 00       		.byte	0
 922 0013 02       		.uleb128 0x2
 923 0014 24       		.uleb128 0x24
 924 0015 00       		.byte	0
 925 0016 0B       		.uleb128 0xb
 926 0017 0B       		.uleb128 0xb
 927 0018 3E       		.uleb128 0x3e
 928 0019 0B       		.uleb128 0xb
 929 001a 03       		.uleb128 0x3
 930 001b 0E       		.uleb128 0xe
 931 001c 00       		.byte	0
 932 001d 00       		.byte	0
 933 001e 03       		.uleb128 0x3
 934 001f 24       		.uleb128 0x24
 935 0020 00       		.byte	0
 936 0021 0B       		.uleb128 0xb
 937 0022 0B       		.uleb128 0xb
 938 0023 3E       		.uleb128 0x3e
 939 0024 0B       		.uleb128 0xb
 940 0025 03       		.uleb128 0x3
 941 0026 08       		.uleb128 0x8
 942 0027 00       		.byte	0
 943 0028 00       		.byte	0
 944 0029 04       		.uleb128 0x4
 945 002a 16       		.uleb128 0x16
 946 002b 00       		.byte	0
 947 002c 03       		.uleb128 0x3
 948 002d 0E       		.uleb128 0xe
 949 002e 3A       		.uleb128 0x3a
 950 002f 0B       		.uleb128 0xb
 951 0030 3B       		.uleb128 0x3b
 952 0031 05       		.uleb128 0x5
 953 0032 49       		.uleb128 0x49
 954 0033 13       		.uleb128 0x13
 955 0034 00       		.byte	0
 956 0035 00       		.byte	0
 957 0036 05       		.uleb128 0x5
 958 0037 35       		.uleb128 0x35
 959 0038 00       		.byte	0
 960 0039 49       		.uleb128 0x49
 961 003a 13       		.uleb128 0x13
 962 003b 00       		.byte	0
 963 003c 00       		.byte	0
 964 003d 06       		.uleb128 0x6
 965 003e 04       		.uleb128 0x4
 966 003f 01       		.byte	0x1
 967 0040 0B       		.uleb128 0xb
 968 0041 0B       		.uleb128 0xb
 969 0042 3A       		.uleb128 0x3a
 970 0043 0B       		.uleb128 0xb
 971 0044 3B       		.uleb128 0x3b
 972 0045 05       		.uleb128 0x5
 973 0046 01       		.uleb128 0x1
ARM GAS  C:\Users\AARONW~1\AppData\Local\Temp\cc7GPjlo.s 			page 21


 974 0047 13       		.uleb128 0x13
 975 0048 00       		.byte	0
 976 0049 00       		.byte	0
 977 004a 07       		.uleb128 0x7
 978 004b 28       		.uleb128 0x28
 979 004c 00       		.byte	0
 980 004d 03       		.uleb128 0x3
 981 004e 0E       		.uleb128 0xe
 982 004f 1C       		.uleb128 0x1c
 983 0050 0D       		.uleb128 0xd
 984 0051 00       		.byte	0
 985 0052 00       		.byte	0
 986 0053 08       		.uleb128 0x8
 987 0054 0F       		.uleb128 0xf
 988 0055 00       		.byte	0
 989 0056 0B       		.uleb128 0xb
 990 0057 0B       		.uleb128 0xb
 991 0058 49       		.uleb128 0x49
 992 0059 13       		.uleb128 0x13
 993 005a 00       		.byte	0
 994 005b 00       		.byte	0
 995 005c 09       		.uleb128 0x9
 996 005d 13       		.uleb128 0x13
 997 005e 01       		.byte	0x1
 998 005f 0B       		.uleb128 0xb
 999 0060 0B       		.uleb128 0xb
 1000 0061 3A       		.uleb128 0x3a
 1001 0062 0B       		.uleb128 0xb
 1002 0063 3B       		.uleb128 0x3b
 1003 0064 05       		.uleb128 0x5
 1004 0065 01       		.uleb128 0x1
 1005 0066 13       		.uleb128 0x13
 1006 0067 00       		.byte	0
 1007 0068 00       		.byte	0
 1008 0069 0A       		.uleb128 0xa
 1009 006a 0D       		.uleb128 0xd
 1010 006b 00       		.byte	0
 1011 006c 03       		.uleb128 0x3
 1012 006d 0E       		.uleb128 0xe
 1013 006e 3A       		.uleb128 0x3a
 1014 006f 0B       		.uleb128 0xb
 1015 0070 3B       		.uleb128 0x3b
 1016 0071 05       		.uleb128 0x5
 1017 0072 49       		.uleb128 0x49
 1018 0073 13       		.uleb128 0x13
 1019 0074 38       		.uleb128 0x38
 1020 0075 0B       		.uleb128 0xb
 1021 0076 00       		.byte	0
 1022 0077 00       		.byte	0
 1023 0078 0B       		.uleb128 0xb
 1024 0079 0D       		.uleb128 0xd
 1025 007a 00       		.byte	0
 1026 007b 03       		.uleb128 0x3
 1027 007c 08       		.uleb128 0x8
 1028 007d 3A       		.uleb128 0x3a
 1029 007e 0B       		.uleb128 0xb
 1030 007f 3B       		.uleb128 0x3b
ARM GAS  C:\Users\AARONW~1\AppData\Local\Temp\cc7GPjlo.s 			page 22


 1031 0080 05       		.uleb128 0x5
 1032 0081 49       		.uleb128 0x49
 1033 0082 13       		.uleb128 0x13
 1034 0083 38       		.uleb128 0x38
 1035 0084 0B       		.uleb128 0xb
 1036 0085 00       		.byte	0
 1037 0086 00       		.byte	0
 1038 0087 0C       		.uleb128 0xc
 1039 0088 16       		.uleb128 0x16
 1040 0089 00       		.byte	0
 1041 008a 03       		.uleb128 0x3
 1042 008b 0E       		.uleb128 0xe
 1043 008c 3A       		.uleb128 0x3a
 1044 008d 0B       		.uleb128 0xb
 1045 008e 3B       		.uleb128 0x3b
 1046 008f 0B       		.uleb128 0xb
 1047 0090 49       		.uleb128 0x49
 1048 0091 13       		.uleb128 0x13
 1049 0092 00       		.byte	0
 1050 0093 00       		.byte	0
 1051 0094 0D       		.uleb128 0xd
 1052 0095 13       		.uleb128 0x13
 1053 0096 01       		.byte	0x1
 1054 0097 0B       		.uleb128 0xb
 1055 0098 0B       		.uleb128 0xb
 1056 0099 3A       		.uleb128 0x3a
 1057 009a 0B       		.uleb128 0xb
 1058 009b 3B       		.uleb128 0x3b
 1059 009c 0B       		.uleb128 0xb
 1060 009d 01       		.uleb128 0x1
 1061 009e 13       		.uleb128 0x13
 1062 009f 00       		.byte	0
 1063 00a0 00       		.byte	0
 1064 00a1 0E       		.uleb128 0xe
 1065 00a2 0D       		.uleb128 0xd
 1066 00a3 00       		.byte	0
 1067 00a4 03       		.uleb128 0x3
 1068 00a5 0E       		.uleb128 0xe
 1069 00a6 3A       		.uleb128 0x3a
 1070 00a7 0B       		.uleb128 0xb
 1071 00a8 3B       		.uleb128 0x3b
 1072 00a9 0B       		.uleb128 0xb
 1073 00aa 49       		.uleb128 0x49
 1074 00ab 13       		.uleb128 0x13
 1075 00ac 38       		.uleb128 0x38
 1076 00ad 0B       		.uleb128 0xb
 1077 00ae 00       		.byte	0
 1078 00af 00       		.byte	0
 1079 00b0 0F       		.uleb128 0xf
 1080 00b1 2E       		.uleb128 0x2e
 1081 00b2 01       		.byte	0x1
 1082 00b3 3F       		.uleb128 0x3f
 1083 00b4 19       		.uleb128 0x19
 1084 00b5 03       		.uleb128 0x3
 1085 00b6 0E       		.uleb128 0xe
 1086 00b7 3A       		.uleb128 0x3a
 1087 00b8 0B       		.uleb128 0xb
ARM GAS  C:\Users\AARONW~1\AppData\Local\Temp\cc7GPjlo.s 			page 23


 1088 00b9 3B       		.uleb128 0x3b
 1089 00ba 0B       		.uleb128 0xb
 1090 00bb 27       		.uleb128 0x27
 1091 00bc 19       		.uleb128 0x19
 1092 00bd 11       		.uleb128 0x11
 1093 00be 01       		.uleb128 0x1
 1094 00bf 12       		.uleb128 0x12
 1095 00c0 06       		.uleb128 0x6
 1096 00c1 40       		.uleb128 0x40
 1097 00c2 18       		.uleb128 0x18
 1098 00c3 9642     		.uleb128 0x2116
 1099 00c5 19       		.uleb128 0x19
 1100 00c6 01       		.uleb128 0x1
 1101 00c7 13       		.uleb128 0x13
 1102 00c8 00       		.byte	0
 1103 00c9 00       		.byte	0
 1104 00ca 10       		.uleb128 0x10
 1105 00cb 05       		.uleb128 0x5
 1106 00cc 00       		.byte	0
 1107 00cd 03       		.uleb128 0x3
 1108 00ce 0E       		.uleb128 0xe
 1109 00cf 3A       		.uleb128 0x3a
 1110 00d0 0B       		.uleb128 0xb
 1111 00d1 3B       		.uleb128 0x3b
 1112 00d2 0B       		.uleb128 0xb
 1113 00d3 49       		.uleb128 0x49
 1114 00d4 13       		.uleb128 0x13
 1115 00d5 02       		.uleb128 0x2
 1116 00d6 18       		.uleb128 0x18
 1117 00d7 00       		.byte	0
 1118 00d8 00       		.byte	0
 1119 00d9 11       		.uleb128 0x11
 1120 00da 34       		.uleb128 0x34
 1121 00db 00       		.byte	0
 1122 00dc 03       		.uleb128 0x3
 1123 00dd 0E       		.uleb128 0xe
 1124 00de 3A       		.uleb128 0x3a
 1125 00df 0B       		.uleb128 0xb
 1126 00e0 3B       		.uleb128 0x3b
 1127 00e1 0B       		.uleb128 0xb
 1128 00e2 49       		.uleb128 0x49
 1129 00e3 13       		.uleb128 0x13
 1130 00e4 02       		.uleb128 0x2
 1131 00e5 18       		.uleb128 0x18
 1132 00e6 00       		.byte	0
 1133 00e7 00       		.byte	0
 1134 00e8 12       		.uleb128 0x12
 1135 00e9 01       		.uleb128 0x1
 1136 00ea 01       		.byte	0x1
 1137 00eb 49       		.uleb128 0x49
 1138 00ec 13       		.uleb128 0x13
 1139 00ed 01       		.uleb128 0x1
 1140 00ee 13       		.uleb128 0x13
 1141 00ef 00       		.byte	0
 1142 00f0 00       		.byte	0
 1143 00f1 13       		.uleb128 0x13
 1144 00f2 21       		.uleb128 0x21
ARM GAS  C:\Users\AARONW~1\AppData\Local\Temp\cc7GPjlo.s 			page 24


 1145 00f3 00       		.byte	0
 1146 00f4 49       		.uleb128 0x49
 1147 00f5 13       		.uleb128 0x13
 1148 00f6 2F       		.uleb128 0x2f
 1149 00f7 18       		.uleb128 0x18
 1150 00f8 00       		.byte	0
 1151 00f9 00       		.byte	0
 1152 00fa 14       		.uleb128 0x14
 1153 00fb 2E       		.uleb128 0x2e
 1154 00fc 00       		.byte	0
 1155 00fd 3F       		.uleb128 0x3f
 1156 00fe 19       		.uleb128 0x19
 1157 00ff 03       		.uleb128 0x3
 1158 0100 0E       		.uleb128 0xe
 1159 0101 3A       		.uleb128 0x3a
 1160 0102 0B       		.uleb128 0xb
 1161 0103 3B       		.uleb128 0x3b
 1162 0104 0B       		.uleb128 0xb
 1163 0105 27       		.uleb128 0x27
 1164 0106 19       		.uleb128 0x19
 1165 0107 11       		.uleb128 0x11
 1166 0108 01       		.uleb128 0x1
 1167 0109 12       		.uleb128 0x12
 1168 010a 06       		.uleb128 0x6
 1169 010b 40       		.uleb128 0x40
 1170 010c 18       		.uleb128 0x18
 1171 010d 9742     		.uleb128 0x2117
 1172 010f 19       		.uleb128 0x19
 1173 0110 00       		.byte	0
 1174 0111 00       		.byte	0
 1175 0112 15       		.uleb128 0x15
 1176 0113 34       		.uleb128 0x34
 1177 0114 00       		.byte	0
 1178 0115 03       		.uleb128 0x3
 1179 0116 0E       		.uleb128 0xe
 1180 0117 3A       		.uleb128 0x3a
 1181 0118 0B       		.uleb128 0xb
 1182 0119 3B       		.uleb128 0x3b
 1183 011a 05       		.uleb128 0x5
 1184 011b 49       		.uleb128 0x49
 1185 011c 13       		.uleb128 0x13
 1186 011d 3F       		.uleb128 0x3f
 1187 011e 19       		.uleb128 0x19
 1188 011f 3C       		.uleb128 0x3c
 1189 0120 19       		.uleb128 0x19
 1190 0121 00       		.byte	0
 1191 0122 00       		.byte	0
 1192 0123 16       		.uleb128 0x16
 1193 0124 34       		.uleb128 0x34
 1194 0125 00       		.byte	0
 1195 0126 03       		.uleb128 0x3
 1196 0127 0E       		.uleb128 0xe
 1197 0128 3A       		.uleb128 0x3a
 1198 0129 0B       		.uleb128 0xb
 1199 012a 3B       		.uleb128 0x3b
 1200 012b 0B       		.uleb128 0xb
 1201 012c 49       		.uleb128 0x49
ARM GAS  C:\Users\AARONW~1\AppData\Local\Temp\cc7GPjlo.s 			page 25


 1202 012d 13       		.uleb128 0x13
 1203 012e 3F       		.uleb128 0x3f
 1204 012f 19       		.uleb128 0x19
 1205 0130 3C       		.uleb128 0x3c
 1206 0131 19       		.uleb128 0x19
 1207 0132 00       		.byte	0
 1208 0133 00       		.byte	0
 1209 0134 00       		.byte	0
 1210              		.section	.debug_aranges,"",%progbits
 1211 0000 34000000 		.4byte	0x34
 1212 0004 0200     		.2byte	0x2
 1213 0006 00000000 		.4byte	.Ldebug_info0
 1214 000a 04       		.byte	0x4
 1215 000b 00       		.byte	0
 1216 000c 0000     		.2byte	0
 1217 000e 0000     		.2byte	0
 1218 0010 00000000 		.4byte	.LFB37
 1219 0014 30000000 		.4byte	.LFE37-.LFB37
 1220 0018 00000000 		.4byte	.LFB38
 1221 001c D8010000 		.4byte	.LFE38-.LFB38
 1222 0020 00000000 		.4byte	.LFB39
 1223 0024 18000000 		.4byte	.LFE39-.LFB39
 1224 0028 00000000 		.4byte	.LFB40
 1225 002c 18000000 		.4byte	.LFE40-.LFB40
 1226 0030 00000000 		.4byte	0
 1227 0034 00000000 		.4byte	0
 1228              		.section	.debug_ranges,"",%progbits
 1229              	.Ldebug_ranges0:
 1230 0000 00000000 		.4byte	.LFB37
 1231 0004 30000000 		.4byte	.LFE37
 1232 0008 00000000 		.4byte	.LFB38
 1233 000c D8010000 		.4byte	.LFE38
 1234 0010 00000000 		.4byte	.LFB39
 1235 0014 18000000 		.4byte	.LFE39
 1236 0018 00000000 		.4byte	.LFB40
 1237 001c 18000000 		.4byte	.LFE40
 1238 0020 00000000 		.4byte	0
 1239 0024 00000000 		.4byte	0
 1240              		.section	.debug_line,"",%progbits
 1241              	.Ldebug_line0:
 1242 0000 2C010000 		.section	.debug_str,"MS",%progbits,1
 1242      0200A400 
 1242      00000201 
 1242      FB0E0D00 
 1242      01010101 
 1243              	.LASF32:
 1244 0000 4359424C 		.ascii	"CYBLE_ERROR_L2CAP_PSM_NOT_REGISTERED\000"
 1244      455F4552 
 1244      524F525F 
 1244      4C324341 
 1244      505F5053 
 1245              	.LASF31:
 1246 0025 4359424C 		.ascii	"CYBLE_ERROR_L2CAP_PSM_ALREADY_REGISTERED\000"
 1246      455F4552 
 1246      524F525F 
 1246      4C324341 
 1246      505F5053 
ARM GAS  C:\Users\AARONW~1\AppData\Local\Temp\cc7GPjlo.s 			page 26


 1247              	.LASF61:
 1248 004e 68616E64 		.ascii	"handleValPair\000"
 1248      6C655661 
 1248      6C506169 
 1248      7200
 1249              	.LASF34:
 1250 005c 4359424C 		.ascii	"CYBLE_ERROR_L2CAP_CHANNEL_NOT_FOUND\000"
 1250      455F4552 
 1250      524F525F 
 1250      4C324341 
 1250      505F4348 
 1251              	.LASF73:
 1252 0080 75617274 		.ascii	"uartTxData\000"
 1252      54784461 
 1252      746100
 1253              	.LASF2:
 1254 008b 73686F72 		.ascii	"short int\000"
 1254      7420696E 
 1254      7400
 1255              	.LASF16:
 1256 0095 73697A65 		.ascii	"sizetype\000"
 1256      74797065 
 1256      00
 1257              	.LASF60:
 1258 009e 636F6E6E 		.ascii	"connHandle\000"
 1258      48616E64 
 1258      6C6500
 1259              	.LASF17:
 1260 00a9 4359424C 		.ascii	"CYBLE_ERROR_OK\000"
 1260      455F4552 
 1260      524F525F 
 1260      4F4B00
 1261              	.LASF38:
 1262 00b8 4359424C 		.ascii	"CYBLE_ERROR_FLASH_WRITE_NOT_PERMITED\000"
 1262      455F4552 
 1262      524F525F 
 1262      464C4153 
 1262      485F5752 
 1263              	.LASF40:
 1264 00dd 4359424C 		.ascii	"CYBLE_ERROR_HARDWARE_FAILURE\000"
 1264      455F4552 
 1264      524F525F 
 1264      48415244 
 1264      57415245 
 1265              	.LASF74:
 1266 00fa 75617274 		.ascii	"uartTxDataLength\000"
 1266      54784461 
 1266      74614C65 
 1266      6E677468 
 1266      00
 1267              	.LASF83:
 1268 010b 74784368 		.ascii	"txCharHandle\000"
 1268      61724861 
 1268      6E646C65 
 1268      00
 1269              	.LASF50:
 1270 0118 4359424C 		.ascii	"CYBLE_GATT_DB_ATTR_HANDLE_T\000"
ARM GAS  C:\Users\AARONW~1\AppData\Local\Temp\cc7GPjlo.s 			page 27


 1270      455F4741 
 1270      54545F44 
 1270      425F4154 
 1270      54525F48 
 1271              	.LASF75:
 1272 0134 75617274 		.ascii	"uartIdleCount\000"
 1272      49646C65 
 1272      436F756E 
 1272      7400
 1273              	.LASF63:
 1274 0142 4359424C 		.ascii	"CYBLE_STATE_STOPPED\000"
 1274      455F5354 
 1274      4154455F 
 1274      53544F50 
 1274      50454400 
 1275              	.LASF18:
 1276 0156 4359424C 		.ascii	"CYBLE_ERROR_INVALID_PARAMETER\000"
 1276      455F4552 
 1276      524F525F 
 1276      494E5641 
 1276      4C49445F 
 1277              	.LASF22:
 1278 0174 4359424C 		.ascii	"CYBLE_ERROR_OOB_NOT_AVAILABLE\000"
 1278      455F4552 
 1278      524F525F 
 1278      4F4F425F 
 1278      4E4F545F 
 1279              	.LASF56:
 1280 0192 76616C75 		.ascii	"value\000"
 1280      6500
 1281              	.LASF65:
 1282 0198 4359424C 		.ascii	"CYBLE_STATE_CONNECTED\000"
 1282      455F5354 
 1282      4154455F 
 1282      434F4E4E 
 1282      45435445 
 1283              	.LASF82:
 1284 01ae 6D747553 		.ascii	"mtuSize\000"
 1284      697A6500 
 1285              	.LASF10:
 1286 01b6 75696E74 		.ascii	"uint16\000"
 1286      313600
 1287              	.LASF19:
 1288 01bd 4359424C 		.ascii	"CYBLE_ERROR_INVALID_OPERATION\000"
 1288      455F4552 
 1288      524F525F 
 1288      494E5641 
 1288      4C49445F 
 1289              	.LASF72:
 1290 01db 696E6465 		.ascii	"index\000"
 1290      7800
 1291              	.LASF9:
 1292 01e1 75696E74 		.ascii	"uint8\000"
 1292      3800
 1293              	.LASF49:
 1294 01e7 4359424C 		.ascii	"CYBLE_API_RESULT_T\000"
 1294      455F4150 
ARM GAS  C:\Users\AARONW~1\AppData\Local\Temp\cc7GPjlo.s 			page 28


 1294      495F5245 
 1294      53554C54 
 1294      5F5400
 1295              	.LASF81:
 1296 01fa 6379426C 		.ascii	"cyBle_connHandle\000"
 1296      655F636F 
 1296      6E6E4861 
 1296      6E646C65 
 1296      00
 1297              	.LASF23:
 1298 020b 4359424C 		.ascii	"CYBLE_ERROR_NO_CONNECTION\000"
 1298      455F4552 
 1298      524F525F 
 1298      4E4F5F43 
 1298      4F4E4E45 
 1299              	.LASF51:
 1300 0225 62644861 		.ascii	"bdHandle\000"
 1300      6E646C65 
 1300      00
 1301              	.LASF27:
 1302 022e 4359424C 		.ascii	"CYBLE_ERROR_TX_POWER_READ\000"
 1302      455F4552 
 1302      524F525F 
 1302      54585F50 
 1302      4F574552 
 1303              	.LASF21:
 1304 0248 4359424C 		.ascii	"CYBLE_ERROR_INSUFFICIENT_RESOURCES\000"
 1304      455F4552 
 1304      524F525F 
 1304      494E5355 
 1304      46464943 
 1305              	.LASF12:
 1306 026b 666C6F61 		.ascii	"float\000"
 1306      7400
 1307              	.LASF66:
 1308 0271 4359424C 		.ascii	"CYBLE_STATE_SCANNING\000"
 1308      455F5354 
 1308      4154455F 
 1308      5343414E 
 1308      4E494E47 
 1309              	.LASF6:
 1310 0286 6C6F6E67 		.ascii	"long long int\000"
 1310      206C6F6E 
 1310      6720696E 
 1310      7400
 1311              	.LASF28:
 1312 0294 4359424C 		.ascii	"CYBLE_ERROR_BT_ON_NOT_COMPLETED\000"
 1312      455F4552 
 1312      524F525F 
 1312      42545F4F 
 1312      4E5F4E4F 
 1313              	.LASF4:
 1314 02b4 6C6F6E67 		.ascii	"long int\000"
 1314      20696E74 
 1314      00
 1315              	.LASF79:
 1316 02bd 456E6162 		.ascii	"EnableUartRxInt\000"
ARM GAS  C:\Users\AARONW~1\AppData\Local\Temp\cc7GPjlo.s 			page 29


 1316      6C655561 
 1316      72745278 
 1316      496E7400 
 1317              	.LASF25:
 1318 02cd 4359424C 		.ascii	"CYBLE_ERROR_REPEATED_ATTEMPTS\000"
 1318      455F4552 
 1318      524F525F 
 1318      52455045 
 1318      41544544 
 1319              	.LASF59:
 1320 02eb 4359424C 		.ascii	"CYBLE_GATTC_WRITE_CMD_REQ_T\000"
 1320      455F4741 
 1320      5454435F 
 1320      57524954 
 1320      455F434D 
 1321              	.LASF24:
 1322 0307 4359424C 		.ascii	"CYBLE_ERROR_NO_DEVICE_ENTITY\000"
 1322      455F4552 
 1322      524F525F 
 1322      4E4F5F44 
 1322      45564943 
 1323              	.LASF62:
 1324 0324 4359424C 		.ascii	"CYBLE_GATTC_HANDLE_VALUE_NTF_PARAM_T\000"
 1324      455F4741 
 1324      5454435F 
 1324      48414E44 
 1324      4C455F56 
 1325              	.LASF1:
 1326 0349 756E7369 		.ascii	"unsigned char\000"
 1326      676E6564 
 1326      20636861 
 1326      7200
 1327              	.LASF42:
 1328 0357 4359424C 		.ascii	"CYBLE_ERROR_FLASH_WRITE\000"
 1328      455F4552 
 1328      524F525F 
 1328      464C4153 
 1328      485F5752 
 1329              	.LASF80:
 1330 036f 6379426C 		.ascii	"cyBle_state\000"
 1330      655F7374 
 1330      61746500 
 1331              	.LASF0:
 1332 037b 7369676E 		.ascii	"signed char\000"
 1332      65642063 
 1332      68617200 
 1333              	.LASF7:
 1334 0387 6C6F6E67 		.ascii	"long long unsigned int\000"
 1334      206C6F6E 
 1334      6720756E 
 1334      7369676E 
 1334      65642069 
 1335              	.LASF29:
 1336 039e 4359424C 		.ascii	"CYBLE_ERROR_SEC_FAILED\000"
 1336      455F4552 
 1336      524F525F 
 1336      5345435F 
ARM GAS  C:\Users\AARONW~1\AppData\Local\Temp\cc7GPjlo.s 			page 30


 1336      4641494C 
 1337              	.LASF26:
 1338 03b5 4359424C 		.ascii	"CYBLE_ERROR_GAP_ROLE\000"
 1338      455F4552 
 1338      524F525F 
 1338      4741505F 
 1338      524F4C45 
 1339              	.LASF8:
 1340 03ca 756E7369 		.ascii	"unsigned int\000"
 1340      676E6564 
 1340      20696E74 
 1340      00
 1341              	.LASF30:
 1342 03d7 4359424C 		.ascii	"CYBLE_ERROR_L2CAP_PSM_WRONG_ENCODING\000"
 1342      455F4552 
 1342      524F525F 
 1342      4C324341 
 1342      505F5053 
 1343              	.LASF68:
 1344 03fc 4359424C 		.ascii	"CYBLE_STATE_DISCONNECTED\000"
 1344      455F5354 
 1344      4154455F 
 1344      44495343 
 1344      4F4E4E45 
 1345              	.LASF69:
 1346 0415 4359424C 		.ascii	"CYBLE_STATE_T\000"
 1346      455F5354 
 1346      4154455F 
 1346      5400
 1347              	.LASF15:
 1348 0423 72656733 		.ascii	"reg32\000"
 1348      3200
 1349              	.LASF47:
 1350 0429 4359424C 		.ascii	"CYBLE_ERROR_CHAR_IS_NOT_DISCOVERED\000"
 1350      455F4552 
 1350      524F525F 
 1350      43484152 
 1350      5F49535F 
 1351              	.LASF3:
 1352 044c 73686F72 		.ascii	"short unsigned int\000"
 1352      7420756E 
 1352      7369676E 
 1352      65642069 
 1352      6E7400
 1353              	.LASF84:
 1354 045f 72784368 		.ascii	"rxCharHandle\000"
 1354      61724861 
 1354      6E646C65 
 1354      00
 1355              	.LASF87:
 1356 046c 433A5C55 		.ascii	"C:\\Users\\Aaron Wubshet\\Google Drive\\1 College\\"
 1356      73657273 
 1356      5C416172 
 1356      6F6E2057 
 1356      75627368 
 1357 049a 3220536F 		.ascii	"2 Sophomore Year\\3 SPRING\\6.115\\Final Project PS"
 1357      70686F6D 
ARM GAS  C:\Users\AARONW~1\AppData\Local\Temp\cc7GPjlo.s 			page 31


 1357      6F726520 
 1357      59656172 
 1357      5C332053 
 1358 04ca 6F432057 		.ascii	"oC Workspace\\Final Project\\BLE_UART_CENTRAL.cydsn"
 1358      6F726B73 
 1358      70616365 
 1358      5C46696E 
 1358      616C2050 
 1359 04fb 00       		.ascii	"\000"
 1360              	.LASF14:
 1361 04fc 63686172 		.ascii	"char\000"
 1361      00
 1362              	.LASF88:
 1363 0501 75617274 		.ascii	"uartRxDataNotification\000"
 1363      52784461 
 1363      74614E6F 
 1363      74696669 
 1363      63617469 
 1364              	.LASF55:
 1365 0518 4359424C 		.ascii	"CYBLE_GATT_VALUE_T\000"
 1365      455F4741 
 1365      54545F56 
 1365      414C5545 
 1365      5F5400
 1366              	.LASF85:
 1367 052b 474E5520 		.ascii	"GNU C 4.9.3 20150303 (release) [ARM/embedded-4_9-br"
 1367      4320342E 
 1367      392E3320 
 1367      32303135 
 1367      30333033 
 1368 055e 616E6368 		.ascii	"anch revision 221220] -mcpu=cortex-m0 -mthumb -g -O"
 1368      20726576 
 1368      6973696F 
 1368      6E203232 
 1368      31323230 
 1369 0591 30202D66 		.ascii	"0 -ffunction-sections -ffat-lto-objects\000"
 1369      66756E63 
 1369      74696F6E 
 1369      2D736563 
 1369      74696F6E 
 1370              	.LASF43:
 1371 05b9 4359424C 		.ascii	"CYBLE_ERROR_CONTROLLER_BUSY\000"
 1371      455F4552 
 1371      524F525F 
 1371      434F4E54 
 1371      524F4C4C 
 1372              	.LASF64:
 1373 05d5 4359424C 		.ascii	"CYBLE_STATE_INITIALIZING\000"
 1373      455F5354 
 1373      4154455F 
 1373      494E4954 
 1373      49414C49 
 1374              	.LASF86:
 1375 05ee 6170705F 		.ascii	"app_UART.c\000"
 1375      55415254 
 1375      2E6300
 1376              	.LASF20:
ARM GAS  C:\Users\AARONW~1\AppData\Local\Temp\cc7GPjlo.s 			page 32


 1377 05f9 4359424C 		.ascii	"CYBLE_ERROR_MEMORY_ALLOCATION_FAILED\000"
 1377      455F4552 
 1377      524F525F 
 1377      4D454D4F 
 1377      52595F41 
 1378              	.LASF70:
 1379 061e 48616E64 		.ascii	"HandleUartRxTraffic\000"
 1379      6C655561 
 1379      72745278 
 1379      54726166 
 1379      66696300 
 1380              	.LASF41:
 1381 0632 4359424C 		.ascii	"CYBLE_ERROR_UNSUPPORTED_FEATURE_OR_PARAMETER_VALUE\000"
 1381      455F4552 
 1381      524F525F 
 1381      554E5355 
 1381      50504F52 
 1382              	.LASF11:
 1383 0665 75696E74 		.ascii	"uint32\000"
 1383      333200
 1384              	.LASF5:
 1385 066c 6C6F6E67 		.ascii	"long unsigned int\000"
 1385      20756E73 
 1385      69676E65 
 1385      6420696E 
 1385      7400
 1386              	.LASF57:
 1387 067e 61747472 		.ascii	"attrHandle\000"
 1387      48616E64 
 1387      6C6500
 1388              	.LASF13:
 1389 0689 646F7562 		.ascii	"double\000"
 1389      6C6500
 1390              	.LASF71:
 1391 0690 48616E64 		.ascii	"HandleUartTxTraffic\000"
 1391      6C655561 
 1391      72745478 
 1391      54726166 
 1391      66696300 
 1392              	.LASF53:
 1393 06a4 4359424C 		.ascii	"CYBLE_CONN_HANDLE_T\000"
 1393      455F434F 
 1393      4E4E5F48 
 1393      414E444C 
 1393      455F5400 
 1394              	.LASF58:
 1395 06b8 4359424C 		.ascii	"CYBLE_GATT_HANDLE_VALUE_PAIR_T\000"
 1395      455F4741 
 1395      54545F48 
 1395      414E444C 
 1395      455F5641 
 1396              	.LASF78:
 1397 06d7 44697361 		.ascii	"DisableUartRxInt\000"
 1397      626C6555 
 1397      61727452 
 1397      78496E74 
 1397      00
ARM GAS  C:\Users\AARONW~1\AppData\Local\Temp\cc7GPjlo.s 			page 33


 1398              	.LASF35:
 1399 06e8 4359424C 		.ascii	"CYBLE_ERROR_L2CAP_PSM_NOT_IN_RANGE\000"
 1399      455F4552 
 1399      524F525F 
 1399      4C324341 
 1399      505F5053 
 1400              	.LASF45:
 1401 070b 4359424C 		.ascii	"CYBLE_ERROR_NTF_DISABLED\000"
 1401      455F4552 
 1401      524F525F 
 1401      4E54465F 
 1401      44495341 
 1402              	.LASF37:
 1403 0724 4359424C 		.ascii	"CYBLE_ERROR_DEVICE_ALREADY_EXISTS\000"
 1403      455F4552 
 1403      524F525F 
 1403      44455649 
 1403      43455F41 
 1404              	.LASF39:
 1405 0746 4359424C 		.ascii	"CYBLE_ERROR_MIC_AUTH_FAILED\000"
 1405      455F4552 
 1405      524F525F 
 1405      4D49435F 
 1405      41555448 
 1406              	.LASF44:
 1407 0762 4359424C 		.ascii	"CYBLE_ERROR_MAX\000"
 1407      455F4552 
 1407      524F525F 
 1407      4D415800 
 1408              	.LASF48:
 1409 0772 4359424C 		.ascii	"CYBLE_ERROR_INVALID_STATE\000"
 1409      455F4552 
 1409      524F525F 
 1409      494E5641 
 1409      4C49445F 
 1410              	.LASF54:
 1411 078c 61637475 		.ascii	"actualLen\000"
 1411      616C4C65 
 1411      6E00
 1412              	.LASF36:
 1413 0796 4359424C 		.ascii	"CYBLE_ERROR_GATT_DB_INVALID_ATTR_HANDLE\000"
 1413      455F4552 
 1413      524F525F 
 1413      47415454 
 1413      5F44425F 
 1414              	.LASF33:
 1415 07be 4359424C 		.ascii	"CYBLE_ERROR_L2CAP_CONNECTION_ENTITY_NOT_FOUND\000"
 1415      455F4552 
 1415      524F525F 
 1415      4C324341 
 1415      505F434F 
 1416              	.LASF46:
 1417 07ec 4359424C 		.ascii	"CYBLE_ERROR_IND_DISABLED\000"
 1417      455F4552 
 1417      524F525F 
 1417      494E445F 
 1417      44495341 
ARM GAS  C:\Users\AARONW~1\AppData\Local\Temp\cc7GPjlo.s 			page 34


 1418              	.LASF77:
 1419 0805 75617274 		.ascii	"uartTxDataWriteCmd\000"
 1419      54784461 
 1419      74615772 
 1419      69746543 
 1419      6D6400
 1420              	.LASF67:
 1421 0818 4359424C 		.ascii	"CYBLE_STATE_CONNECTING\000"
 1421      455F5354 
 1421      4154455F 
 1421      434F4E4E 
 1421      45435449 
 1422              	.LASF76:
 1423 082f 626C6541 		.ascii	"bleApiResult\000"
 1423      70695265 
 1423      73756C74 
 1423      00
 1424              	.LASF52:
 1425 083c 61747449 		.ascii	"attId\000"
 1425      6400
 1426              		.ident	"GCC: (GNU Tools for ARM Embedded Processors) 4.9.3 20150303 (release) [ARM/embedded-4_9-br
