--------------- Build Started: 05/18/2017 15:17:53 Project: External_LCD_Display, Configuration: ARM GCC 4.9-2015-q1-update Debug ---------------
cydsfit.exe -.appdatapath "C:\Users\Aaron Wubshet\AppData\Local\Cypress Semiconductor\PSoC Creator\4.0" -.fdsnotice -.fdswarpdepfile=warp_dependencies.txt -.fdselabdepfile=elab_dependencies.txt -.fdsbldfile=generated_files.txt -.fdsreffile=referenced_files.txt -p "C:\Users\Aaron Wubshet\Google Drive\1 College\2 Sophomore Year\3 SPRING\6.115\Final Project PSoC Workspace\Final Project\External_LCD_Display.cydsn\External_LCD_Display.cyprj" -d CY8C5868AXI-LP035 -s "C:\Users\Aaron Wubshet\Google Drive\1 College\2 Sophomore Year\3 SPRING\6.115\Final Project PSoC Workspace\Final Project\External_LCD_Display.cydsn\Generated_Source\PSoC5" -- -yv2 -q10 -ygs -o2 -v3 -.fftcfgtype=LE
Elaborating Design...
HDL Generation...
Synthesis...
Tech Mapping...
Analog Placement...
Info: apr.M0002: Analog signal "\ADC:Net_35\" is connected to one terminal only. (App=cydsfit)
Info: apr.M0002: Analog signal "Net_1264" is connected to one terminal only. (App=cydsfit)
Info: apr.M0002: Analog signal "Net_1265" is connected to one terminal only. (App=cydsfit)
Info: apr.M0002: Analog signal "Net_1267" is connected to one terminal only. (App=cydsfit)
Info: apr.M0002: Analog signal "Net_1269" is connected to one terminal only. (App=cydsfit)
Info: apr.M0002: Analog signal "Net_1270" is connected to one terminal only. (App=cydsfit)
Info: apr.M0002: Analog signal "Net_1272" is connected to one terminal only. (App=cydsfit)
Info: apr.M0002: Analog signal "Net_1274" is connected to one terminal only. (App=cydsfit)
Info: apr.M0002: Analog signal "Net_1275" is connected to one terminal only. (App=cydsfit)
Info: apr.M0002: Analog signal "Net_1277" is connected to one terminal only. (App=cydsfit)
Info: apr.M0002: Analog signal "Net_1279" is connected to one terminal only. (App=cydsfit)
Info: apr.M0002: Analog signal "Net_1280" is connected to one terminal only. (App=cydsfit)
Info: apr.M0002: Analog signal "Net_1282" is connected to one terminal only. (App=cydsfit)
Info: apr.M0002: Analog signal "Net_1284" is connected to one terminal only. (App=cydsfit)
Info: apr.M0002: Analog signal "Net_1285" is connected to one terminal only. (App=cydsfit)
Info: apr.M0002: Analog signal "Net_1287" is connected to one terminal only. (App=cydsfit)
Info: apr.M0002: Analog signal "Net_1289" is connected to one terminal only. (App=cydsfit)
Info: apr.M0002: Analog signal "Net_1290" is connected to one terminal only. (App=cydsfit)
Info: apr.M0002: Analog signal "Net_1292" is connected to one terminal only. (App=cydsfit)
Info: apr.M0002: Analog signal "Net_1294" is connected to one terminal only. (App=cydsfit)
Info: apr.M0002: Analog signal "Net_1295" is connected to one terminal only. (App=cydsfit)
Info: apr.M0002: Analog signal "Net_1297" is connected to one terminal only. (App=cydsfit)
Info: apr.M0002: Analog signal "Net_1299" is connected to one terminal only. (App=cydsfit)
Info: apr.M0002: Analog signal "Net_1300" is connected to one terminal only. (App=cydsfit)
Info: apr.M0002: Analog signal "Net_1302" is connected to one terminal only. (App=cydsfit)
Info: apr.M0002: Analog signal "Net_1304" is connected to one terminal only. (App=cydsfit)
Info: apr.M0002: Analog signal "Net_1305" is connected to one terminal only. (App=cydsfit)
Info: apr.M0002: Analog signal "Net_1307" is connected to one terminal only. (App=cydsfit)
Info: apr.M0002: Analog signal "Net_1309" is connected to one terminal only. (App=cydsfit)
Info: apr.M0002: Analog signal "Net_1310" is connected to one terminal only. (App=cydsfit)
Info: apr.M0002: Analog signal "Net_1312" is connected to one terminal only. (App=cydsfit)
Info: apr.M0002: Analog signal "Net_1314" is connected to one terminal only. (App=cydsfit)
Info: apr.M0002: Analog signal "Net_1315" is connected to one terminal only. (App=cydsfit)
Info: apr.M0002: Analog signal "Net_1317" is connected to one terminal only. (App=cydsfit)
Info: apr.M0002: Analog signal "Net_1319" is connected to one terminal only. (App=cydsfit)
Info: apr.M0002: Analog signal "Net_1320" is connected to one terminal only. (App=cydsfit)
Info: apr.M0002: Analog signal "Net_1322" is connected to one terminal only. (App=cydsfit)
Info: apr.M0002: Analog signal "Net_1324" is connected to one terminal only. (App=cydsfit)
Info: apr.M0002: Analog signal "Net_1325" is connected to one terminal only. (App=cydsfit)
Info: apr.M0002: Analog signal "Net_1327" is connected to one terminal only. (App=cydsfit)
Info: apr.M0002: Analog signal "Net_1329" is connected to one terminal only. (App=cydsfit)
Info: apr.M0002: Analog signal "Net_1330" is connected to one terminal only. (App=cydsfit)
Info: apr.M0002: Analog signal "Net_1332" is connected to one terminal only. (App=cydsfit)
Info: apr.M0002: Analog signal "Net_1334" is connected to one terminal only. (App=cydsfit)
Info: apr.M0002: Analog signal "Net_1351" is connected to one terminal only. (App=cydsfit)
Info: apr.M0002: Analog signal "Net_1353" is connected to one terminal only. (App=cydsfit)
Info: apr.M0002: Analog signal "Net_1355" is connected to one terminal only. (App=cydsfit)
Info: apr.M0002: Analog signal "Net_1356" is connected to one terminal only. (App=cydsfit)
Info: apr.M0002: Analog signal "Net_1358" is connected to one terminal only. (App=cydsfit)
Info: apr.M0002: Analog signal "Net_1360" is connected to one terminal only. (App=cydsfit)
Info: apr.M0002: Analog signal "Net_1361" is connected to one terminal only. (App=cydsfit)
Info: apr.M0002: Analog signal "Net_1363" is connected to one terminal only. (App=cydsfit)
Info: apr.M0002: Analog signal "Net_1365" is connected to one terminal only. (App=cydsfit)
Info: apr.M0002: Analog signal "Net_1366" is connected to one terminal only. (App=cydsfit)
Info: apr.M0002: Analog signal "Net_1368" is connected to one terminal only. (App=cydsfit)
Info: apr.M0002: Analog signal "Net_1370" is connected to one terminal only. (App=cydsfit)
Info: apr.M0002: Analog signal "Net_1371" is connected to one terminal only. (App=cydsfit)
Info: apr.M0002: Analog signal "Net_1373" is connected to one terminal only. (App=cydsfit)
Info: apr.M0002: Analog signal "Net_1375" is connected to one terminal only. (App=cydsfit)
Info: apr.M0002: Analog signal "Net_1376" is connected to one terminal only. (App=cydsfit)
Log: apr.M0058: The analog placement iterative improvement is 35% done. (App=cydsfit)
Log: apr.M0058: The analog placement iterative improvement is 56% done. (App=cydsfit)
Log: apr.M0058: The analog placement iterative improvement is 77% done. (App=cydsfit)
Log: apr.M0058: The analog placement iterative improvement is 98% done. (App=cydsfit)
Analog Routing...
Analog Code Generation...
Digital Placement...
Digital Routing...
Bitstream Generation...
Bitstream Verification...
Static timing analysis...
API Generation...
Dependency Generation...
Cleanup...
arm-none-eabi-gcc.exe -mcpu=cortex-m3 -mthumb -I. -IGenerated_Source\PSoC5 -Wa,-alh=.\CortexM3\ARM_GCC_493\Debug/main.lst -g -D DEBUG -Wall -ffunction-sections -O0 -ffat-lto-objects -c main.c -o .\CortexM3\ARM_GCC_493\Debug\main.o
arm-none-eabi-gcc.exe -mcpu=cortex-m3 -mthumb -I. -IGenerated_Source\PSoC5 -Wa,-alh=.\CortexM3\ARM_GCC_493\Debug/cyfitter_cfg.lst -g -D DEBUG -Wall -ffunction-sections -O0 -ffat-lto-objects -c Generated_Source\PSoC5\cyfitter_cfg.c -o .\CortexM3\ARM_GCC_493\Debug\cyfitter_cfg.o
arm-none-eabi-gcc.exe -mcpu=cortex-m3 -mthumb -I. -IGenerated_Source\PSoC5 -Wa,-alh=.\CortexM3\ARM_GCC_493\Debug/cymetadata.lst -g -D DEBUG -Wall -ffunction-sections -O0 -ffat-lto-objects -c Generated_Source\PSoC5\cymetadata.c -o .\CortexM3\ARM_GCC_493\Debug\cymetadata.o
arm-none-eabi-gcc.exe -mcpu=cortex-m3 -mthumb -I. -IGenerated_Source\PSoC5 -Wa,-alh=.\CortexM3\ARM_GCC_493\Debug/Cm3Start.lst -g -D DEBUG -Wall -ffunction-sections -O0 -ffat-lto-objects -c Generated_Source\PSoC5\Cm3Start.c -o .\CortexM3\ARM_GCC_493\Debug\Cm3Start.o
arm-none-eabi-gcc.exe -mcpu=cortex-m3 -mthumb -I. -IGenerated_Source\PSoC5 -Wa,-alh=.\CortexM3\ARM_GCC_493\Debug/CyDmac.lst -g -D DEBUG -Wall -ffunction-sections -O0 -ffat-lto-objects -c Generated_Source\PSoC5\CyDmac.c -o .\CortexM3\ARM_GCC_493\Debug\CyDmac.o
arm-none-eabi-gcc.exe -mcpu=cortex-m3 -mthumb -I. -IGenerated_Source\PSoC5 -Wa,-alh=.\CortexM3\ARM_GCC_493\Debug/CyFlash.lst -g -D DEBUG -Wall -ffunction-sections -O0 -ffat-lto-objects -c Generated_Source\PSoC5\CyFlash.c -o .\CortexM3\ARM_GCC_493\Debug\CyFlash.o
arm-none-eabi-gcc.exe -mcpu=cortex-m3 -mthumb -I. -IGenerated_Source\PSoC5 -Wa,-alh=.\CortexM3\ARM_GCC_493\Debug/CyLib.lst -g -D DEBUG -Wall -ffunction-sections -O0 -ffat-lto-objects -c Generated_Source\PSoC5\CyLib.c -o .\CortexM3\ARM_GCC_493\Debug\CyLib.o
arm-none-eabi-gcc.exe -mcpu=cortex-m3 -mthumb -I. -IGenerated_Source\PSoC5 -Wa,-alh=.\CortexM3\ARM_GCC_493\Debug/cyPm.lst -g -D DEBUG -Wall -ffunction-sections -O0 -ffat-lto-objects -c Generated_Source\PSoC5\cyPm.c -o .\CortexM3\ARM_GCC_493\Debug\cyPm.o
arm-none-eabi-gcc.exe -mcpu=cortex-m3 -mthumb -I. -IGenerated_Source\PSoC5 -Wa,-alh=.\CortexM3\ARM_GCC_493\Debug/CySpc.lst -g -D DEBUG -Wall -ffunction-sections -O0 -ffat-lto-objects -c Generated_Source\PSoC5\CySpc.c -o .\CortexM3\ARM_GCC_493\Debug\CySpc.o
arm-none-eabi-gcc.exe -mcpu=cortex-m3 -mthumb -I. -IGenerated_Source\PSoC5 -Wa,-alh=.\CortexM3\ARM_GCC_493\Debug/cyutils.lst -g -D DEBUG -Wall -ffunction-sections -O0 -ffat-lto-objects -c Generated_Source\PSoC5\cyutils.c -o .\CortexM3\ARM_GCC_493\Debug\cyutils.o
arm-none-eabi-gcc.exe -mcpu=cortex-m3 -mthumb -I. -IGenerated_Source\PSoC5 -Wa,-alh=.\CortexM3\ARM_GCC_493\Debug/LCD_Char_1.lst -g -D DEBUG -Wall -ffunction-sections -O0 -ffat-lto-objects -c Generated_Source\PSoC5\LCD_Char_1.c -o .\CortexM3\ARM_GCC_493\Debug\LCD_Char_1.o
arm-none-eabi-gcc.exe -mcpu=cortex-m3 -mthumb -I. -IGenerated_Source\PSoC5 -Wa,-alh=.\CortexM3\ARM_GCC_493\Debug/LCD_Char_1_PM.lst -g -D DEBUG -Wall -ffunction-sections -O0 -ffat-lto-objects -c Generated_Source\PSoC5\LCD_Char_1_PM.c -o .\CortexM3\ARM_GCC_493\Debug\LCD_Char_1_PM.o
arm-none-eabi-gcc.exe -mcpu=cortex-m3 -mthumb -I. -IGenerated_Source\PSoC5 -Wa,-alh=.\CortexM3\ARM_GCC_493\Debug/LCD_Char_1_LCDPort.lst -g -D DEBUG -Wall -ffunction-sections -O0 -ffat-lto-objects -c Generated_Source\PSoC5\LCD_Char_1_LCDPort.c -o .\CortexM3\ARM_GCC_493\Debug\LCD_Char_1_LCDPort.o
arm-none-eabi-gcc.exe -mcpu=cortex-m3 -mthumb -I. -IGenerated_Source\PSoC5 -Wa,-alh=.\CortexM3\ARM_GCC_493\Debug/SineWaveClock.lst -g -D DEBUG -Wall -ffunction-sections -O0 -ffat-lto-objects -c Generated_Source\PSoC5\SineWaveClock.c -o .\CortexM3\ARM_GCC_493\Debug\SineWaveClock.o
arm-none-eabi-gcc.exe -mcpu=cortex-m3 -mthumb -I. -IGenerated_Source\PSoC5 -Wa,-alh=.\CortexM3\ARM_GCC_493\Debug/SineWave.lst -g -D DEBUG -Wall -ffunction-sections -O0 -ffat-lto-objects -c Generated_Source\PSoC5\SineWave.c -o .\CortexM3\ARM_GCC_493\Debug\SineWave.o
arm-none-eabi-gcc.exe -mcpu=cortex-m3 -mthumb -I. -IGenerated_Source\PSoC5 -Wa,-alh=.\CortexM3\ARM_GCC_493\Debug/Song1Trigger.lst -g -D DEBUG -Wall -ffunction-sections -O0 -ffat-lto-objects -c Generated_Source\PSoC5\Song1Trigger.c -o .\CortexM3\ARM_GCC_493\Debug\Song1Trigger.o
arm-none-eabi-gcc.exe -mcpu=cortex-m3 -mthumb -I. -IGenerated_Source\PSoC5 -Wa,-alh=.\CortexM3\ARM_GCC_493\Debug/Song2Trigger.lst -g -D DEBUG -Wall -ffunction-sections -O0 -ffat-lto-objects -c Generated_Source\PSoC5\Song2Trigger.c -o .\CortexM3\ARM_GCC_493\Debug\Song2Trigger.o
arm-none-eabi-gcc.exe -mcpu=cortex-m3 -mthumb -I. -IGenerated_Source\PSoC5 -Wa,-alh=.\CortexM3\ARM_GCC_493\Debug/SineWaveGen.lst -g -D DEBUG -Wall -ffunction-sections -O0 -ffat-lto-objects -c Generated_Source\PSoC5\SineWaveGen.c -o .\CortexM3\ARM_GCC_493\Debug\SineWaveGen.o
arm-none-eabi-gcc.exe -mcpu=cortex-m3 -mthumb -I. -IGenerated_Source\PSoC5 -Wa,-alh=.\CortexM3\ARM_GCC_493\Debug/SineWaveGen_PM.lst -g -D DEBUG -Wall -ffunction-sections -O0 -ffat-lto-objects -c Generated_Source\PSoC5\SineWaveGen_PM.c -o .\CortexM3\ARM_GCC_493\Debug\SineWaveGen_PM.o
arm-none-eabi-gcc.exe -mcpu=cortex-m3 -mthumb -I. -IGenerated_Source\PSoC5 -Wa,-alh=.\CortexM3\ARM_GCC_493\Debug/Song3Trigger.lst -g -D DEBUG -Wall -ffunction-sections -O0 -ffat-lto-objects -c Generated_Source\PSoC5\Song3Trigger.c -o .\CortexM3\ARM_GCC_493\Debug\Song3Trigger.o
arm-none-eabi-gcc.exe -mcpu=cortex-m3 -mthumb -I. -IGenerated_Source\PSoC5 -Wa,-alh=.\CortexM3\ARM_GCC_493\Debug/Song4Trigger.lst -g -D DEBUG -Wall -ffunction-sections -O0 -ffat-lto-objects -c Generated_Source\PSoC5\Song4Trigger.c -o .\CortexM3\ARM_GCC_493\Debug\Song4Trigger.o
arm-none-eabi-gcc.exe -mcpu=cortex-m3 -mthumb -I. -IGenerated_Source\PSoC5 -Wa,-alh=.\CortexM3\ARM_GCC_493\Debug/SineWaveGen_Wave1_DMA_dma.lst -g -D DEBUG -Wall -ffunction-sections -O0 -ffat-lto-objects -c Generated_Source\PSoC5\SineWaveGen_Wave1_DMA_dma.c -o .\CortexM3\ARM_GCC_493\Debug\SineWaveGen_Wave1_DMA_dma.o
arm-none-eabi-gcc.exe -mcpu=cortex-m3 -mthumb -I. -IGenerated_Source\PSoC5 -Wa,-alh=.\CortexM3\ARM_GCC_493\Debug/SineWaveGen_Wave2_DMA_dma.lst -g -D DEBUG -Wall -ffunction-sections -O0 -ffat-lto-objects -c Generated_Source\PSoC5\SineWaveGen_Wave2_DMA_dma.c -o .\CortexM3\ARM_GCC_493\Debug\SineWaveGen_Wave2_DMA_dma.o
arm-none-eabi-gcc.exe -mcpu=cortex-m3 -mthumb -I. -IGenerated_Source\PSoC5 -Wa,-alh=.\CortexM3\ARM_GCC_493\Debug/SineWaveGen_VDAC8.lst -g -D DEBUG -Wall -ffunction-sections -O0 -ffat-lto-objects -c Generated_Source\PSoC5\SineWaveGen_VDAC8.c -o .\CortexM3\ARM_GCC_493\Debug\SineWaveGen_VDAC8.o
arm-none-eabi-gcc.exe -mcpu=cortex-m3 -mthumb -I. -IGenerated_Source\PSoC5 -Wa,-alh=.\CortexM3\ARM_GCC_493\Debug/SineWaveGen_VDAC8_PM.lst -g -D DEBUG -Wall -ffunction-sections -O0 -ffat-lto-objects -c Generated_Source\PSoC5\SineWaveGen_VDAC8_PM.c -o .\CortexM3\ARM_GCC_493\Debug\SineWaveGen_VDAC8_PM.o
arm-none-eabi-gcc.exe -mcpu=cortex-m3 -mthumb -I. -IGenerated_Source\PSoC5 -Wa,-alh=.\CortexM3\ARM_GCC_493\Debug/SineWaveGen_BuffAmp.lst -g -D DEBUG -Wall -ffunction-sections -O0 -ffat-lto-objects -c Generated_Source\PSoC5\SineWaveGen_BuffAmp.c -o .\CortexM3\ARM_GCC_493\Debug\SineWaveGen_BuffAmp.o
arm-none-eabi-gcc.exe -mcpu=cortex-m3 -mthumb -I. -IGenerated_Source\PSoC5 -Wa,-alh=.\CortexM3\ARM_GCC_493\Debug/SineWaveGen_BuffAmp_PM.lst -g -D DEBUG -Wall -ffunction-sections -O0 -ffat-lto-objects -c Generated_Source\PSoC5\SineWaveGen_BuffAmp_PM.c -o .\CortexM3\ARM_GCC_493\Debug\SineWaveGen_BuffAmp_PM.o
arm-none-eabi-gcc.exe -mcpu=cortex-m3 -mthumb -I. -IGenerated_Source\PSoC5 -Wa,-alh=.\CortexM3\ARM_GCC_493\Debug/PGA.lst -g -D DEBUG -Wall -ffunction-sections -O0 -ffat-lto-objects -c Generated_Source\PSoC5\PGA.c -o .\CortexM3\ARM_GCC_493\Debug\PGA.o
arm-none-eabi-gcc.exe -mcpu=cortex-m3 -mthumb -I. -IGenerated_Source\PSoC5 -Wa,-alh=.\CortexM3\ARM_GCC_493\Debug/PGA_PM.lst -g -D DEBUG -Wall -ffunction-sections -O0 -ffat-lto-objects -c Generated_Source\PSoC5\PGA_PM.c -o .\CortexM3\ARM_GCC_493\Debug\PGA_PM.o
arm-none-eabi-gcc.exe -mcpu=cortex-m3 -mthumb -I. -IGenerated_Source\PSoC5 -Wa,-alh=.\CortexM3\ARM_GCC_493\Debug/ADC.lst -g -D DEBUG -Wall -ffunction-sections -O0 -ffat-lto-objects -c Generated_Source\PSoC5\ADC.c -o .\CortexM3\ARM_GCC_493\Debug\ADC.o
arm-none-eabi-gcc.exe -mcpu=cortex-m3 -mthumb -I. -IGenerated_Source\PSoC5 -Wa,-alh=.\CortexM3\ARM_GCC_493\Debug/ADC_INT.lst -g -D DEBUG -Wall -ffunction-sections -O0 -ffat-lto-objects -c Generated_Source\PSoC5\ADC_INT.c -o .\CortexM3\ARM_GCC_493\Debug\ADC_INT.o
arm-none-eabi-gcc.exe -mcpu=cortex-m3 -mthumb -I. -IGenerated_Source\PSoC5 -Wa,-alh=.\CortexM3\ARM_GCC_493\Debug/ADC_PM.lst -g -D DEBUG -Wall -ffunction-sections -O0 -ffat-lto-objects -c Generated_Source\PSoC5\ADC_PM.c -o .\CortexM3\ARM_GCC_493\Debug\ADC_PM.o
arm-none-eabi-gcc.exe -mcpu=cortex-m3 -mthumb -I. -IGenerated_Source\PSoC5 -Wa,-alh=.\CortexM3\ARM_GCC_493\Debug/ADC_IRQ.lst -g -D DEBUG -Wall -ffunction-sections -O0 -ffat-lto-objects -c Generated_Source\PSoC5\ADC_IRQ.c -o .\CortexM3\ARM_GCC_493\Debug\ADC_IRQ.o
arm-none-eabi-gcc.exe -mcpu=cortex-m3 -mthumb -I. -IGenerated_Source\PSoC5 -Wa,-alh=.\CortexM3\ARM_GCC_493\Debug/ADC_theACLK.lst -g -D DEBUG -Wall -ffunction-sections -O0 -ffat-lto-objects -c Generated_Source\PSoC5\ADC_theACLK.c -o .\CortexM3\ARM_GCC_493\Debug\ADC_theACLK.o
arm-none-eabi-gcc.exe -mcpu=cortex-m3 -mthumb -I. -IGenerated_Source\PSoC5 -Wa,-alh=.\CortexM3\ARM_GCC_493\Debug/ADC_Ext_CP_Clk.lst -g -D DEBUG -Wall -ffunction-sections -O0 -ffat-lto-objects -c Generated_Source\PSoC5\ADC_Ext_CP_Clk.c -o .\CortexM3\ARM_GCC_493\Debug\ADC_Ext_CP_Clk.o
arm-none-eabi-gcc.exe -mcpu=cortex-m3 -mthumb -I. -IGenerated_Source\PSoC5 -Wa,-alh=.\CortexM3\ARM_GCC_493\Debug/VDAC8_1.lst -g -D DEBUG -Wall -ffunction-sections -O0 -ffat-lto-objects -c Generated_Source\PSoC5\VDAC8_1.c -o .\CortexM3\ARM_GCC_493\Debug\VDAC8_1.o
arm-none-eabi-gcc.exe -mcpu=cortex-m3 -mthumb -I. -IGenerated_Source\PSoC5 -Wa,-alh=.\CortexM3\ARM_GCC_493\Debug/VDAC8_1_PM.lst -g -D DEBUG -Wall -ffunction-sections -O0 -ffat-lto-objects -c Generated_Source\PSoC5\VDAC8_1_PM.c -o .\CortexM3\ARM_GCC_493\Debug\VDAC8_1_PM.o
arm-none-eabi-gcc.exe -mcpu=cortex-m3 -mthumb -I. -IGenerated_Source\PSoC5 -Wa,-alh=.\CortexM3\ARM_GCC_493\Debug/Sensor_Interrupt.lst -g -D DEBUG -Wall -ffunction-sections -O0 -ffat-lto-objects -c Generated_Source\PSoC5\Sensor_Interrupt.c -o .\CortexM3\ARM_GCC_493\Debug\Sensor_Interrupt.o
arm-none-eabi-gcc.exe -mcpu=cortex-m3 -mthumb -I. -IGenerated_Source\PSoC5 -Wa,-alh=.\CortexM3\ARM_GCC_493\Debug/ADC_Positive_Input.lst -g -D DEBUG -Wall -ffunction-sections -O0 -ffat-lto-objects -c Generated_Source\PSoC5\ADC_Positive_Input.c -o .\CortexM3\ARM_GCC_493\Debug\ADC_Positive_Input.o
arm-none-eabi-gcc.exe -mcpu=cortex-m3 -mthumb -I. -IGenerated_Source\PSoC5 -Wa,-alh=.\CortexM3\ARM_GCC_493\Debug/Sensor2.lst -g -D DEBUG -Wall -ffunction-sections -O0 -ffat-lto-objects -c Generated_Source\PSoC5\Sensor2.c -o .\CortexM3\ARM_GCC_493\Debug\Sensor2.o
arm-none-eabi-gcc.exe -mcpu=cortex-m3 -mthumb -I. -IGenerated_Source\PSoC5 -Wa,-alh=.\CortexM3\ARM_GCC_493\Debug/Sensor1.lst -g -D DEBUG -Wall -ffunction-sections -O0 -ffat-lto-objects -c Generated_Source\PSoC5\Sensor1.c -o .\CortexM3\ARM_GCC_493\Debug\Sensor1.o
arm-none-eabi-gcc.exe -mcpu=cortex-m3 -mthumb -I. -IGenerated_Source\PSoC5 -Wa,-alh=.\CortexM3\ARM_GCC_493\Debug/SensorValue1.lst -g -D DEBUG -Wall -ffunction-sections -O0 -ffat-lto-objects -c Generated_Source\PSoC5\SensorValue1.c -o .\CortexM3\ARM_GCC_493\Debug\SensorValue1.o
arm-none-eabi-gcc.exe -mcpu=cortex-m3 -mthumb -I. -IGenerated_Source\PSoC5 -Wa,-alh=.\CortexM3\ARM_GCC_493\Debug/SensorScan.lst -g -D DEBUG -Wall -ffunction-sections -O0 -ffat-lto-objects -c Generated_Source\PSoC5\SensorScan.c -o .\CortexM3\ARM_GCC_493\Debug\SensorScan.o
arm-none-eabi-gcc.exe -mcpu=cortex-m3 -mthumb -I. -IGenerated_Source\PSoC5 -Wa,-alh=.\CortexM3\ARM_GCC_493\Debug/SensorScan_PM.lst -g -D DEBUG -Wall -ffunction-sections -O0 -ffat-lto-objects -c Generated_Source\PSoC5\SensorScan_PM.c -o .\CortexM3\ARM_GCC_493\Debug\SensorScan_PM.o
arm-none-eabi-gcc.exe -mcpu=cortex-m3 -mthumb -I. -IGenerated_Source\PSoC5 -Wa,-alh=.\CortexM3\ARM_GCC_493\Debug/Sensor3.lst -g -D DEBUG -Wall -ffunction-sections -O0 -ffat-lto-objects -c Generated_Source\PSoC5\Sensor3.c -o .\CortexM3\ARM_GCC_493\Debug\Sensor3.o
arm-none-eabi-gcc.exe -mcpu=cortex-m3 -mthumb -I. -IGenerated_Source\PSoC5 -Wa,-alh=.\CortexM3\ARM_GCC_493\Debug/Sensor4.lst -g -D DEBUG -Wall -ffunction-sections -O0 -ffat-lto-objects -c Generated_Source\PSoC5\Sensor4.c -o .\CortexM3\ARM_GCC_493\Debug\Sensor4.o
arm-none-eabi-gcc.exe -mcpu=cortex-m3 -mthumb -I. -IGenerated_Source\PSoC5 -Wa,-alh=.\CortexM3\ARM_GCC_493\Debug/Sensor5.lst -g -D DEBUG -Wall -ffunction-sections -O0 -ffat-lto-objects -c Generated_Source\PSoC5\Sensor5.c -o .\CortexM3\ARM_GCC_493\Debug\Sensor5.o
arm-none-eabi-gcc.exe -mcpu=cortex-m3 -mthumb -I. -IGenerated_Source\PSoC5 -Wa,-alh=.\CortexM3\ARM_GCC_493\Debug/SensorValue2.lst -g -D DEBUG -Wall -ffunction-sections -O0 -ffat-lto-objects -c Generated_Source\PSoC5\SensorValue2.c -o .\CortexM3\ARM_GCC_493\Debug\SensorValue2.o
arm-none-eabi-gcc.exe -mcpu=cortex-m3 -mthumb -I. -IGenerated_Source\PSoC5 -Wa,-alh=.\CortexM3\ARM_GCC_493\Debug/SensorValue3.lst -g -D DEBUG -Wall -ffunction-sections -O0 -ffat-lto-objects -c Generated_Source\PSoC5\SensorValue3.c -o .\CortexM3\ARM_GCC_493\Debug\SensorValue3.o
arm-none-eabi-gcc.exe -mcpu=cortex-m3 -mthumb -I. -IGenerated_Source\PSoC5 -Wa,-alh=.\CortexM3\ARM_GCC_493\Debug/SensorValue5.lst -g -D DEBUG -Wall -ffunction-sections -O0 -ffat-lto-objects -c Generated_Source\PSoC5\SensorValue5.c -o .\CortexM3\ARM_GCC_493\Debug\SensorValue5.o
arm-none-eabi-gcc.exe -mcpu=cortex-m3 -mthumb -I. -IGenerated_Source\PSoC5 -Wa,-alh=.\CortexM3\ARM_GCC_493\Debug/SensorValue4.lst -g -D DEBUG -Wall -ffunction-sections -O0 -ffat-lto-objects -c Generated_Source\PSoC5\SensorValue4.c -o .\CortexM3\ARM_GCC_493\Debug\SensorValue4.o
arm-none-eabi-gcc.exe -mcpu=cortex-m3 -mthumb -I. -IGenerated_Source\PSoC5 -Wa,-alh=.\CortexM3\ARM_GCC_493\Debug/SensorScan_Clock_int.lst -g -D DEBUG -Wall -ffunction-sections -O0 -ffat-lto-objects -c Generated_Source\PSoC5\SensorScan_Clock_int.c -o .\CortexM3\ARM_GCC_493\Debug\SensorScan_Clock_int.o
arm-none-eabi-gcc.exe -mcpu=cortex-m3 -mthumb -I. -IGenerated_Source\PSoC5 -Wa,-alh=.\CortexM3\ARM_GCC_493\Debug/SensorScan_Comp.lst -g -D DEBUG -Wall -ffunction-sections -O0 -ffat-lto-objects -c Generated_Source\PSoC5\SensorScan_Comp.c -o .\CortexM3\ARM_GCC_493\Debug\SensorScan_Comp.o
arm-none-eabi-gcc.exe -mcpu=cortex-m3 -mthumb -I. -IGenerated_Source\PSoC5 -Wa,-alh=.\CortexM3\ARM_GCC_493\Debug/SensorScan_Comp_PM.lst -g -D DEBUG -Wall -ffunction-sections -O0 -ffat-lto-objects -c Generated_Source\PSoC5\SensorScan_Comp_PM.c -o .\CortexM3\ARM_GCC_493\Debug\SensorScan_Comp_PM.o
arm-none-eabi-gcc.exe -mcpu=cortex-m3 -mthumb -I. -IGenerated_Source\PSoC5 -Wa,-alh=.\CortexM3\ARM_GCC_493\Debug/ADC_AMux.lst -g -D DEBUG -Wall -ffunction-sections -O0 -ffat-lto-objects -c Generated_Source\PSoC5\ADC_AMux.c -o .\CortexM3\ARM_GCC_493\Debug\ADC_AMux.o
arm-none-eabi-as.exe -mcpu=cortex-m3 -mthumb -I. -IGenerated_Source\PSoC5 -alh=.\CortexM3\ARM_GCC_493\Debug/CyBootAsmGnu.lst -g -o .\CortexM3\ARM_GCC_493\Debug\CyBootAsmGnu.o Generated_Source\PSoC5\CyBootAsmGnu.s
arm-none-eabi-ar.exe -rs .\CortexM3\ARM_GCC_493\Debug\External_LCD_Display.a .\CortexM3\ARM_GCC_493\Debug\cyfitter_cfg.o .\CortexM3\ARM_GCC_493\Debug\CyDmac.o .\CortexM3\ARM_GCC_493\Debug\CyFlash.o .\CortexM3\ARM_GCC_493\Debug\CyLib.o .\CortexM3\ARM_GCC_493\Debug\cyPm.o .\CortexM3\ARM_GCC_493\Debug\CySpc.o .\CortexM3\ARM_GCC_493\Debug\cyutils.o .\CortexM3\ARM_GCC_493\Debug\LCD_Char_1.o .\CortexM3\ARM_GCC_493\Debug\LCD_Char_1_PM.o .\CortexM3\ARM_GCC_493\Debug\LCD_Char_1_LCDPort.o .\CortexM3\ARM_GCC_493\Debug\SineWaveClock.o .\CortexM3\ARM_GCC_493\Debug\SineWave.o .\CortexM3\ARM_GCC_493\Debug\Song1Trigger.o .\CortexM3\ARM_GCC_493\Debug\Song2Trigger.o .\CortexM3\ARM_GCC_493\Debug\SineWaveGen.o .\CortexM3\ARM_GCC_493\Debug\SineWaveGen_PM.o .\CortexM3\ARM_GCC_493\Debug\Song3Trigger.o .\CortexM3\ARM_GCC_493\Debug\Song4Trigger.o .\CortexM3\ARM_GCC_493\Debug\SineWaveGen_Wave1_DMA_dma.o .\CortexM3\ARM_GCC_493\Debug\SineWaveGen_Wave2_DMA_dma.o .\CortexM3\ARM_GCC_493\Debug\SineWaveGen_VDAC8.o .\CortexM3\ARM_GCC_493\Debug\SineWaveGen_VDAC8_PM.o .\CortexM3\ARM_GCC_493\Debug\SineWaveGen_BuffAmp.o .\CortexM3\ARM_GCC_493\Debug\SineWaveGen_BuffAmp_PM.o .\CortexM3\ARM_GCC_493\Debug\PGA.o .\CortexM3\ARM_GCC_493\Debug\PGA_PM.o .\CortexM3\ARM_GCC_493\Debug\ADC.o .\CortexM3\ARM_GCC_493\Debug\ADC_INT.o .\CortexM3\ARM_GCC_493\Debug\ADC_PM.o .\CortexM3\ARM_GCC_493\Debug\ADC_IRQ.o .\CortexM3\ARM_GCC_493\Debug\ADC_theACLK.o .\CortexM3\ARM_GCC_493\Debug\ADC_Ext_CP_Clk.o .\CortexM3\ARM_GCC_493\Debug\VDAC8_1.o .\CortexM3\ARM_GCC_493\Debug\VDAC8_1_PM.o .\CortexM3\ARM_GCC_493\Debug\Sensor_Interrupt.o .\CortexM3\ARM_GCC_493\Debug\ADC_Positive_Input.o .\CortexM3\ARM_GCC_493\Debug\Sensor2.o .\CortexM3\ARM_GCC_493\Debug\Sensor1.o .\CortexM3\ARM_GCC_493\Debug\SensorValue1.o .\CortexM3\ARM_GCC_493\Debug\SensorScan.o .\CortexM3\ARM_GCC_493\Debug\SensorScan_PM.o .\CortexM3\ARM_GCC_493\Debug\Sensor3.o .\CortexM3\ARM_GCC_493\Debug\Sensor4.o .\CortexM3\ARM_GCC_493\Debug\Sensor5.o .\CortexM3\ARM_GCC_493\Debug\SensorValue2.o .\CortexM3\ARM_GCC_493\Debug\SensorValue3.o .\CortexM3\ARM_GCC_493\Debug\SensorValue5.o .\CortexM3\ARM_GCC_493\Debug\SensorValue4.o .\CortexM3\ARM_GCC_493\Debug\SensorScan_Clock_int.o .\CortexM3\ARM_GCC_493\Debug\SensorScan_Comp.o .\CortexM3\ARM_GCC_493\Debug\SensorScan_Comp_PM.o .\CortexM3\ARM_GCC_493\Debug\ADC_AMux.o .\CortexM3\ARM_GCC_493\Debug\CyBootAsmGnu.o
arm-none-eabi-ar.exe: creating .\CortexM3\ARM_GCC_493\Debug\External_LCD_Display.a
arm-none-eabi-gcc.exe -Wl,--start-group -o .\CortexM3\ARM_GCC_493\Debug\External_LCD_Display.elf .\CortexM3\ARM_GCC_493\Debug\main.o .\CortexM3\ARM_GCC_493\Debug\cymetadata.o .\CortexM3\ARM_GCC_493\Debug\Cm3Start.o .\CortexM3\ARM_GCC_493\Debug\External_LCD_Display.a "C:\Program Files (x86)\Cypress\PSoC Creator\4.0\PSoC Creator\psoc\content\cycomponentlibrary\CyComponentLibrary.cylib\CortexM3\ARM_GCC_493\Debug\CyComponentLibrary.a" -mcpu=cortex-m3 -mthumb -g -ffunction-sections -O0 -ffat-lto-objects -l m -L Generated_Source\PSoC5 -Wl,-Map,.\CortexM3\ARM_GCC_493\Debug/External_LCD_Display.map -T "C:\Users\Aaron Wubshet\Google Drive\1 College\2 Sophomore Year\3 SPRING\6.115\Final Project PSoC Workspace\Final Project\External_LCD_Display.cydsn\Generated_Source\PSoC5\cm3gcc.ld" -specs=nano.specs -Wl,--gc-sections -Wl,--end-group
cyelftool.exe -C "C:\Users\Aaron Wubshet\Google Drive\1 College\2 Sophomore Year\3 SPRING\6.115\Final Project PSoC Workspace\Final Project\External_LCD_Display.cydsn\CortexM3\ARM_GCC_493\Debug\External_LCD_Display.elf" --flash_row_size 256 --flash_size 262144
cyelftool.exe -S "C:\Users\Aaron Wubshet\Google Drive\1 College\2 Sophomore Year\3 SPRING\6.115\Final Project PSoC Workspace\Final Project\External_LCD_Display.cydsn\CortexM3\ARM_GCC_493\Debug\External_LCD_Display.elf"
Flash used: 12182 of 262144 bytes (4.6 %).
SRAM used: 20949 of 65536 bytes (32.0 %). Stack: 16384 bytes. Heap: 4096 bytes.
--------------- Build Succeeded: 05/18/2017 15:18:27 ---------------
