--------------- Clean Started: 05/03/2017 14:05:50 Project: WaveDAC8_Example01, Configuration: ARM GCC 4.9-2015-q1-update Debug ---------------
Deleting file ".\CortexM3\ARM_GCC_493\Debug\main.o"
Deleting file ".\CortexM3\ARM_GCC_493\Debug\cyfitter_cfg.o"
Deleting file ".\CortexM3\ARM_GCC_493\Debug\cymetadata.o"
Deleting file ".\CortexM3\ARM_GCC_493\Debug\P00_Vout.o"
Deleting file ".\CortexM3\ARM_GCC_493\Debug\WaveDAC8_1.o"
Deleting file ".\CortexM3\ARM_GCC_493\Debug\WaveDAC8_1_PM.o"
Deleting file ".\CortexM3\ARM_GCC_493\Debug\WaveDAC8_1_Wave1_DMA_dma.o"
Deleting file ".\CortexM3\ARM_GCC_493\Debug\WaveDAC8_1_Wave2_DMA_dma.o"
Deleting file ".\CortexM3\ARM_GCC_493\Debug\WaveDAC8_1_VDAC8.o"
Deleting file ".\CortexM3\ARM_GCC_493\Debug\WaveDAC8_1_VDAC8_PM.o"
Deleting file ".\CortexM3\ARM_GCC_493\Debug\WaveDAC8_1_BuffAmp.o"
Deleting file ".\CortexM3\ARM_GCC_493\Debug\WaveDAC8_1_BuffAmp_PM.o"
Deleting file ".\CortexM3\ARM_GCC_493\Debug\Cm3Start.o"
Deleting file ".\CortexM3\ARM_GCC_493\Debug\CyBootAsmGnu.o"
Deleting file ".\CortexM3\ARM_GCC_493\Debug\CyDmac.o"
Deleting file ".\CortexM3\ARM_GCC_493\Debug\CyFlash.o"
Deleting file ".\CortexM3\ARM_GCC_493\Debug\CyLib.o"
Deleting file ".\CortexM3\ARM_GCC_493\Debug\cyPm.o"
Deleting file ".\CortexM3\ARM_GCC_493\Debug\CySpc.o"
Deleting file ".\CortexM3\ARM_GCC_493\Debug\cyutils.o"
Deleting file ".\CortexM3\ARM_GCC_493\Debug\Control_Reg_1.o"
Deleting file ".\CortexM3\ARM_GCC_493\Debug\Control_Reg_1_PM.o"
Deleting file ".\CortexM3\ARM_GCC_493\Debug\UART_1.o"
Deleting file ".\CortexM3\ARM_GCC_493\Debug\UART_1_PM.o"
Deleting file ".\CortexM3\ARM_GCC_493\Debug\UART_1_INT.o"
Deleting file ".\CortexM3\ARM_GCC_493\Debug\UART_1_BOOT.o"
Deleting file ".\CortexM3\ARM_GCC_493\Debug\Pin_1.o"
Deleting file ".\CortexM3\ARM_GCC_493\Debug\Pin_2.o"
Deleting file ".\CortexM3\ARM_GCC_493\Debug\Pin_3.o"
Deleting file ".\CortexM3\ARM_GCC_493\Debug\Pin_4.o"
Deleting file ".\CortexM3\ARM_GCC_493\Debug\Pin_5.o"
Deleting file ".\CortexM3\ARM_GCC_493\Debug\Pin_6.o"
Deleting file ".\CortexM3\ARM_GCC_493\Debug\Pin_7.o"
Deleting file ".\CortexM3\ARM_GCC_493\Debug\Pin_8.o"
Deleting file ".\CortexM3\ARM_GCC_493\Debug\UART_1_IntClock.o"
Deleting file ".\CortexM3\ARM_GCC_493\Debug\Clock_1.o"
Deleting file ".\CortexM3\ARM_GCC_493\Debug\Clock_2.o"
Deleting file ".\CortexM3\ARM_GCC_493\Debug\WaveDAC8_Example01.hex"
Deleting file ".\CortexM3\ARM_GCC_493\Debug\WaveDAC8_Example01.elf"
Deleting file ".\CortexM3\ARM_GCC_493\Debug\WaveDAC8_Example01.map"
Deleting file ".\WaveDAC8_Example01.rpt"
Deleting file ".\WaveDAC8_Example01_timing.html"
Deleting file ".\CortexM3\ARM_GCC_493\Debug\.deps\SOURCE_C__ARM_GCC_GENERIC.P"
Deleting file ".\CortexM3\ARM_GCC_493\Debug\.deps\SOURCE_ASM__ARM_GCC_GENERIC.P"
--------------- Clean Succeeded: 05/03/2017 14:05:50 ---------------
