ARM GAS  C:\Users\AARONW~1\AppData\Local\Temp\ccTQ3MeI.s 			page 1


   1              		.syntax unified
   2              		.cpu cortex-m3
   3              		.fpu softvfp
   4              		.eabi_attribute 20, 1
   5              		.eabi_attribute 21, 1
   6              		.eabi_attribute 23, 3
   7              		.eabi_attribute 24, 1
   8              		.eabi_attribute 25, 1
   9              		.eabi_attribute 26, 1
  10              		.eabi_attribute 30, 6
  11              		.eabi_attribute 34, 1
  12              		.eabi_attribute 18, 4
  13              		.thumb
  14              		.file	"cymetadata.c"
  15              		.text
  16              	.Ltext0:
  17              		.cfi_sections	.debug_frame
  18              		.global	cy_meta_configecc
  19              		.section	.cyconfigecc,"a",%progbits
  20              		.align	2
  21              		.type	cy_meta_configecc, %object
  22              		.size	cy_meta_configecc, 1076
  23              	cy_meta_configecc:
  24 0000 05       		.byte	5
  25 0001 52       		.byte	82
  26 0002 00       		.byte	0
  27 0003 40       		.byte	64
  28 0004 01       		.byte	1
  29 0005 5A       		.byte	90
  30 0006 00       		.byte	0
  31 0007 40       		.byte	64
  32 0008 01       		.byte	1
  33 0009 64       		.byte	100
  34 000a 00       		.byte	0
  35 000b 40       		.byte	64
  36 000c 01       		.byte	1
  37 000d 65       		.byte	101
  38 000e 00       		.byte	0
  39 000f 40       		.byte	64
  40 0010 02       		.byte	2
  41 0011 05       		.byte	5
  42 0012 01       		.byte	1
  43 0013 40       		.byte	64
  44 0014 02       		.byte	2
  45 0015 07       		.byte	7
  46 0016 01       		.byte	1
  47 0017 40       		.byte	64
  48 0018 41       		.byte	65
  49 0019 08       		.byte	8
  50 001a 01       		.byte	1
  51 001b 40       		.byte	64
  52 001c 2E       		.byte	46
  53 001d 09       		.byte	9
  54 001e 01       		.byte	1
  55 001f 40       		.byte	64
  56 0020 01       		.byte	1
  57 0021 0B       		.byte	11
ARM GAS  C:\Users\AARONW~1\AppData\Local\Temp\ccTQ3MeI.s 			page 2


  58 0022 01       		.byte	1
  59 0023 40       		.byte	64
  60 0024 01       		.byte	1
  61 0025 15       		.byte	21
  62 0026 01       		.byte	1
  63 0027 40       		.byte	64
  64 0028 04       		.byte	4
  65 0029 16       		.byte	22
  66 002a 01       		.byte	1
  67 002b 40       		.byte	64
  68 002c 02       		.byte	2
  69 002d 17       		.byte	23
  70 002e 01       		.byte	1
  71 002f 40       		.byte	64
  72 0030 3D       		.byte	61
  73 0031 18       		.byte	24
  74 0032 01       		.byte	1
  75 0033 40       		.byte	64
  76 0034 39       		.byte	57
  77 0035 19       		.byte	25
  78 0036 01       		.byte	1
  79 0037 40       		.byte	64
  80 0038 3E       		.byte	62
  81 0039 1A       		.byte	26
  82 003a 01       		.byte	1
  83 003b 40       		.byte	64
  84 003c 3C       		.byte	60
  85 003d 1B       		.byte	27
  86 003e 01       		.byte	1
  87 003f 40       		.byte	64
  88 0040 02       		.byte	2
  89 0041 40       		.byte	64
  90 0042 01       		.byte	1
  91 0043 40       		.byte	64
  92 0044 03       		.byte	3
  93 0045 41       		.byte	65
  94 0046 01       		.byte	1
  95 0047 40       		.byte	64
  96 0048 02       		.byte	2
  97 0049 42       		.byte	66
  98 004a 01       		.byte	1
  99 004b 40       		.byte	64
 100 004c 04       		.byte	4
 101 004d 43       		.byte	67
 102 004e 01       		.byte	1
 103 004f 40       		.byte	64
 104 0050 02       		.byte	2
 105 0051 44       		.byte	68
 106 0052 01       		.byte	1
 107 0053 40       		.byte	64
 108 0054 03       		.byte	3
 109 0055 45       		.byte	69
 110 0056 01       		.byte	1
 111 0057 40       		.byte	64
 112 0058 05       		.byte	5
 113 0059 46       		.byte	70
 114 005a 01       		.byte	1
ARM GAS  C:\Users\AARONW~1\AppData\Local\Temp\ccTQ3MeI.s 			page 3


 115 005b 40       		.byte	64
 116 005c 06       		.byte	6
 117 005d 47       		.byte	71
 118 005e 01       		.byte	1
 119 005f 40       		.byte	64
 120 0060 05       		.byte	5
 121 0061 48       		.byte	72
 122 0062 01       		.byte	1
 123 0063 40       		.byte	64
 124 0064 02       		.byte	2
 125 0065 49       		.byte	73
 126 0066 01       		.byte	1
 127 0067 40       		.byte	64
 128 0068 12       		.byte	18
 129 0069 4C       		.byte	76
 130 006a 01       		.byte	1
 131 006b 40       		.byte	64
 132 006c 17       		.byte	23
 133 006d 4D       		.byte	77
 134 006e 01       		.byte	1
 135 006f 40       		.byte	64
 136 0070 04       		.byte	4
 137 0071 50       		.byte	80
 138 0072 01       		.byte	1
 139 0073 40       		.byte	64
 140 0074 01       		.byte	1
 141 0075 51       		.byte	81
 142 0076 01       		.byte	1
 143 0077 40       		.byte	64
 144 0078 00       		.byte	0
 145 0079 01       		.byte	1
 146 007a 08       		.byte	8
 147 007b A0       		.byte	-96
 148 007c 09       		.byte	9
 149 007d 64       		.byte	100
 150 007e 28       		.byte	40
 151 007f 14       		.byte	20
 152 0080 29       		.byte	41
 153 0081 28       		.byte	40
 154 0082 9F       		.byte	-97
 155 0083 01       		.byte	1
 156 0084 88       		.byte	-120
 157 0085 1F       		.byte	31
 158 0086 8A       		.byte	-118
 159 0087 04       		.byte	4
 160 0088 87       		.byte	-121
 161 0089 01       		.byte	1
 162 008a E4       		.byte	-28
 163 008b 08       		.byte	8
 164 008c A7       		.byte	-89
 165 008d 01       		.byte	1
 166 008e E6       		.byte	-26
 167 008f 02       		.byte	2
 168 0090 01       		.byte	1
 169 0091 20       		.byte	32
 170 0092 06       		.byte	6
 171 0093 08       		.byte	8
ARM GAS  C:\Users\AARONW~1\AppData\Local\Temp\ccTQ3MeI.s 			page 4


 172 0094 07       		.byte	7
 173 0095 06       		.byte	6
 174 0096 09       		.byte	9
 175 0097 04       		.byte	4
 176 0098 0B       		.byte	11
 177 0099 02       		.byte	2
 178 009a 0C       		.byte	12
 179 009b 01       		.byte	1
 180 009c 0D       		.byte	13
 181 009d 02       		.byte	2
 182 009e 0E       		.byte	14
 183 009f 02       		.byte	2
 184 00a0 0F       		.byte	15
 185 00a1 04       		.byte	4
 186 00a2 10       		.byte	16
 187 00a3 02       		.byte	2
 188 00a4 12       		.byte	18
 189 00a5 01       		.byte	1
 190 00a6 13       		.byte	19
 191 00a7 06       		.byte	6
 192 00a8 15       		.byte	21
 193 00a9 08       		.byte	8
 194 00aa 17       		.byte	23
 195 00ab 10       		.byte	16
 196 00ac 1A       		.byte	26
 197 00ad 04       		.byte	4
 198 00ae 1B       		.byte	27
 199 00af 01       		.byte	1
 200 00b0 1D       		.byte	29
 201 00b1 20       		.byte	32
 202 00b2 23       		.byte	35
 203 00b3 06       		.byte	6
 204 00b4 25       		.byte	37
 205 00b5 10       		.byte	16
 206 00b6 27       		.byte	39
 207 00b7 08       		.byte	8
 208 00b8 29       		.byte	41
 209 00b9 06       		.byte	6
 210 00ba 30       		.byte	48
 211 00bb 03       		.byte	3
 212 00bc 31       		.byte	49
 213 00bd 20       		.byte	32
 214 00be 33       		.byte	51
 215 00bf 01       		.byte	1
 216 00c0 34       		.byte	52
 217 00c1 08       		.byte	8
 218 00c2 35       		.byte	53
 219 00c3 18       		.byte	24
 220 00c4 36       		.byte	54
 221 00c5 04       		.byte	4
 222 00c6 37       		.byte	55
 223 00c7 06       		.byte	6
 224 00c8 39       		.byte	57
 225 00c9 02       		.byte	2
 226 00ca 3B       		.byte	59
 227 00cb 80       		.byte	-128
 228 00cc 3E       		.byte	62
ARM GAS  C:\Users\AARONW~1\AppData\Local\Temp\ccTQ3MeI.s 			page 5


 229 00cd 01       		.byte	1
 230 00ce 3F       		.byte	63
 231 00cf 10       		.byte	16
 232 00d0 54       		.byte	84
 233 00d1 1F       		.byte	31
 234 00d2 56       		.byte	86
 235 00d3 04       		.byte	4
 236 00d4 58       		.byte	88
 237 00d5 0C       		.byte	12
 238 00d6 59       		.byte	89
 239 00d7 0C       		.byte	12
 240 00d8 5B       		.byte	91
 241 00d9 0C       		.byte	12
 242 00da 5C       		.byte	92
 243 00db 22       		.byte	34
 244 00dc 5D       		.byte	93
 245 00dd 20       		.byte	32
 246 00de 5E       		.byte	94
 247 00df 80       		.byte	-128
 248 00e0 5F       		.byte	95
 249 00e1 05       		.byte	5
 250 00e2 80       		.byte	-128
 251 00e3 03       		.byte	3
 252 00e4 88       		.byte	-120
 253 00e5 03       		.byte	3
 254 00e6 8E       		.byte	-114
 255 00e7 10       		.byte	16
 256 00e8 92       		.byte	-110
 257 00e9 03       		.byte	3
 258 00ea 94       		.byte	-108
 259 00eb 01       		.byte	1
 260 00ec 96       		.byte	-106
 261 00ed 02       		.byte	2
 262 00ee 9A       		.byte	-102
 263 00ef 03       		.byte	3
 264 00f0 9F       		.byte	-97
 265 00f1 01       		.byte	1
 266 00f2 A0       		.byte	-96
 267 00f3 04       		.byte	4
 268 00f4 A2       		.byte	-94
 269 00f5 08       		.byte	8
 270 00f6 A8       		.byte	-88
 271 00f7 02       		.byte	2
 272 00f8 AA       		.byte	-86
 273 00f9 01       		.byte	1
 274 00fa AC       		.byte	-84
 275 00fb 08       		.byte	8
 276 00fc AE       		.byte	-82
 277 00fd 04       		.byte	4
 278 00fe B0       		.byte	-80
 279 00ff 0C       		.byte	12
 280 0100 B1       		.byte	-79
 281 0101 01       		.byte	1
 282 0102 B2       		.byte	-78
 283 0103 03       		.byte	3
 284 0104 B6       		.byte	-74
 285 0105 10       		.byte	16
ARM GAS  C:\Users\AARONW~1\AppData\Local\Temp\ccTQ3MeI.s 			page 6


 286 0106 BA       		.byte	-70
 287 0107 08       		.byte	8
 288 0108 BE       		.byte	-66
 289 0109 01       		.byte	1
 290 010a D8       		.byte	-40
 291 010b 0C       		.byte	12
 292 010c D9       		.byte	-39
 293 010d 0C       		.byte	12
 294 010e DC       		.byte	-36
 295 010f 22       		.byte	34
 296 0110 DF       		.byte	-33
 297 0111 01       		.byte	1
 298 0112 03       		.byte	3
 299 0113 89       		.byte	-119
 300 0114 05       		.byte	5
 301 0115 08       		.byte	8
 302 0116 07       		.byte	7
 303 0117 01       		.byte	1
 304 0118 09       		.byte	9
 305 0119 02       		.byte	2
 306 011a 0A       		.byte	10
 307 011b 14       		.byte	20
 308 011c 0E       		.byte	14
 309 011d 08       		.byte	8
 310 011e 0F       		.byte	15
 311 011f 80       		.byte	-128
 312 0120 12       		.byte	18
 313 0121 8A       		.byte	-118
 314 0122 13       		.byte	19
 315 0123 11       		.byte	17
 316 0124 19       		.byte	25
 317 0125 0A       		.byte	10
 318 0126 1A       		.byte	26
 319 0127 10       		.byte	16
 320 0128 1B       		.byte	27
 321 0129 40       		.byte	64
 322 012a 1C       		.byte	28
 323 012b 02       		.byte	2
 324 012c 1F       		.byte	31
 325 012d 21       		.byte	33
 326 012e 22       		.byte	34
 327 012f 02       		.byte	2
 328 0130 25       		.byte	37
 329 0131 41       		.byte	65
 330 0132 26       		.byte	38
 331 0133 84       		.byte	-124
 332 0134 27       		.byte	39
 333 0135 48       		.byte	72
 334 0136 2F       		.byte	47
 335 0137 A8       		.byte	-88
 336 0138 32       		.byte	50
 337 0139 80       		.byte	-128
 338 013a 35       		.byte	53
 339 013b 09       		.byte	9
 340 013c 37       		.byte	55
 341 013d 50       		.byte	80
 342 013e 3C       		.byte	60
ARM GAS  C:\Users\AARONW~1\AppData\Local\Temp\ccTQ3MeI.s 			page 7


 343 013f 02       		.byte	2
 344 0140 3D       		.byte	61
 345 0141 80       		.byte	-128
 346 0142 3E       		.byte	62
 347 0143 04       		.byte	4
 348 0144 3F       		.byte	63
 349 0145 10       		.byte	16
 350 0146 5D       		.byte	93
 351 0147 02       		.byte	2
 352 0148 5E       		.byte	94
 353 0149 80       		.byte	-128
 354 014a 5F       		.byte	95
 355 014b 28       		.byte	40
 356 014c 67       		.byte	103
 357 014d 42       		.byte	66
 358 014e 79       		.byte	121
 359 014f 40       		.byte	64
 360 0150 7D       		.byte	125
 361 0151 42       		.byte	66
 362 0152 82       		.byte	-126
 363 0153 08       		.byte	8
 364 0154 85       		.byte	-123
 365 0155 40       		.byte	64
 366 0156 87       		.byte	-121
 367 0157 40       		.byte	64
 368 0158 C0       		.byte	-64
 369 0159 AB       		.byte	-85
 370 015a C2       		.byte	-62
 371 015b 5E       		.byte	94
 372 015c C4       		.byte	-60
 373 015d 0B       		.byte	11
 374 015e CA       		.byte	-54
 375 015f E0       		.byte	-32
 376 0160 CC       		.byte	-52
 377 0161 F8       		.byte	-8
 378 0162 CE       		.byte	-50
 379 0163 F0       		.byte	-16
 380 0164 D6       		.byte	-42
 381 0165 F0       		.byte	-16
 382 0166 D8       		.byte	-40
 383 0167 90       		.byte	-112
 384 0168 DE       		.byte	-34
 385 0169 98       		.byte	-104
 386 016a E0       		.byte	-32
 387 016b 02       		.byte	2
 388 016c E2       		.byte	-30
 389 016d 04       		.byte	4
 390 016e E4       		.byte	-28
 391 016f 08       		.byte	8
 392 0170 EC       		.byte	-20
 393 0171 A0       		.byte	-96
 394 0172 B8       		.byte	-72
 395 0173 02       		.byte	2
 396 0174 BE       		.byte	-66
 397 0175 01       		.byte	1
 398 0176 D8       		.byte	-40
 399 0177 04       		.byte	4
ARM GAS  C:\Users\AARONW~1\AppData\Local\Temp\ccTQ3MeI.s 			page 8


 400 0178 DF       		.byte	-33
 401 0179 01       		.byte	1
 402 017a 1B       		.byte	27
 403 017b 01       		.byte	1
 404 017c A7       		.byte	-89
 405 017d 01       		.byte	1
 406 017e 02       		.byte	2
 407 017f 03       		.byte	3
 408 0180 04       		.byte	4
 409 0181 02       		.byte	2
 410 0182 06       		.byte	6
 411 0183 01       		.byte	1
 412 0184 08       		.byte	8
 413 0185 03       		.byte	3
 414 0186 0C       		.byte	12
 415 0187 03       		.byte	3
 416 0188 11       		.byte	17
 417 0189 01       		.byte	1
 418 018a 13       		.byte	19
 419 018b 02       		.byte	2
 420 018c 16       		.byte	22
 421 018d 0C       		.byte	12
 422 018e 18       		.byte	24
 423 018f 03       		.byte	3
 424 0190 19       		.byte	25
 425 0191 10       		.byte	16
 426 0192 1B       		.byte	27
 427 0193 08       		.byte	8
 428 0194 1C       		.byte	28
 429 0195 04       		.byte	4
 430 0196 25       		.byte	37
 431 0197 02       		.byte	2
 432 0198 27       		.byte	39
 433 0199 21       		.byte	33
 434 019a 28       		.byte	40
 435 019b 01       		.byte	1
 436 019c 2A       		.byte	42
 437 019d 02       		.byte	2
 438 019e 2D       		.byte	45
 439 019f 08       		.byte	8
 440 01a0 2F       		.byte	47
 441 01a1 14       		.byte	20
 442 01a2 30       		.byte	48
 443 01a3 04       		.byte	4
 444 01a4 31       		.byte	49
 445 01a5 20       		.byte	32
 446 01a6 33       		.byte	51
 447 01a7 18       		.byte	24
 448 01a8 34       		.byte	52
 449 01a9 03       		.byte	3
 450 01aa 35       		.byte	53
 451 01ab 04       		.byte	4
 452 01ac 36       		.byte	54
 453 01ad 08       		.byte	8
 454 01ae 37       		.byte	55
 455 01af 03       		.byte	3
 456 01b0 3A       		.byte	58
ARM GAS  C:\Users\AARONW~1\AppData\Local\Temp\ccTQ3MeI.s 			page 9


 457 01b1 2C       		.byte	44
 458 01b2 3E       		.byte	62
 459 01b3 01       		.byte	1
 460 01b4 3F       		.byte	63
 461 01b5 44       		.byte	68
 462 01b6 58       		.byte	88
 463 01b7 0C       		.byte	12
 464 01b8 59       		.byte	89
 465 01b9 0C       		.byte	12
 466 01ba 5B       		.byte	91
 467 01bb 04       		.byte	4
 468 01bc 5C       		.byte	92
 469 01bd 22       		.byte	34
 470 01be 5F       		.byte	95
 471 01bf 01       		.byte	1
 472 01c0 82       		.byte	-126
 473 01c1 C4       		.byte	-60
 474 01c2 88       		.byte	-120
 475 01c3 C0       		.byte	-64
 476 01c4 8A       		.byte	-118
 477 01c5 01       		.byte	1
 478 01c6 8C       		.byte	-116
 479 01c7 40       		.byte	64
 480 01c8 8E       		.byte	-114
 481 01c9 80       		.byte	-128
 482 01ca 90       		.byte	-112
 483 01cb 15       		.byte	21
 484 01cc 92       		.byte	-110
 485 01cd EA       		.byte	-22
 486 01ce 96       		.byte	-106
 487 01cf 20       		.byte	32
 488 01d0 98       		.byte	-104
 489 01d1 C0       		.byte	-64
 490 01d2 9A       		.byte	-102
 491 01d3 10       		.byte	16
 492 01d4 9B       		.byte	-101
 493 01d5 01       		.byte	1
 494 01d6 A6       		.byte	-90
 495 01d7 02       		.byte	2
 496 01d8 A8       		.byte	-88
 497 01d9 80       		.byte	-128
 498 01da AA       		.byte	-86
 499 01db 40       		.byte	64
 500 01dc AE       		.byte	-82
 501 01dd 08       		.byte	8
 502 01de B0       		.byte	-80
 503 01df C0       		.byte	-64
 504 01e0 B2       		.byte	-78
 505 01e1 03       		.byte	3
 506 01e2 B3       		.byte	-77
 507 01e3 01       		.byte	1
 508 01e4 B4       		.byte	-76
 509 01e5 30       		.byte	48
 510 01e6 B6       		.byte	-74
 511 01e7 0C       		.byte	12
 512 01e8 BA       		.byte	-70
 513 01e9 02       		.byte	2
ARM GAS  C:\Users\AARONW~1\AppData\Local\Temp\ccTQ3MeI.s 			page 10


 514 01ea D2       		.byte	-46
 515 01eb 01       		.byte	1
 516 01ec D8       		.byte	-40
 517 01ed 0C       		.byte	12
 518 01ee D9       		.byte	-39
 519 01ef 04       		.byte	4
 520 01f0 DB       		.byte	-37
 521 01f1 04       		.byte	4
 522 01f2 DC       		.byte	-36
 523 01f3 22       		.byte	34
 524 01f4 DD       		.byte	-35
 525 01f5 20       		.byte	32
 526 01f6 DF       		.byte	-33
 527 01f7 01       		.byte	1
 528 01f8 03       		.byte	3
 529 01f9 8A       		.byte	-118
 530 01fa 04       		.byte	4
 531 01fb 24       		.byte	36
 532 01fc 05       		.byte	5
 533 01fd 41       		.byte	65
 534 01fe 09       		.byte	9
 535 01ff 02       		.byte	2
 536 0200 0A       		.byte	10
 537 0201 24       		.byte	36
 538 0202 0E       		.byte	14
 539 0203 26       		.byte	38
 540 0204 10       		.byte	16
 541 0205 22       		.byte	34
 542 0206 11       		.byte	17
 543 0207 10       		.byte	16
 544 0208 12       		.byte	18
 545 0209 08       		.byte	8
 546 020a 15       		.byte	21
 547 020b 10       		.byte	16
 548 020c 16       		.byte	22
 549 020d 40       		.byte	64
 550 020e 17       		.byte	23
 551 020f 01       		.byte	1
 552 0210 18       		.byte	24
 553 0211 20       		.byte	32
 554 0212 19       		.byte	25
 555 0213 40       		.byte	64
 556 0214 1A       		.byte	26
 557 0215 04       		.byte	4
 558 0216 1B       		.byte	27
 559 0217 8A       		.byte	-118
 560 0218 1C       		.byte	28
 561 0219 44       		.byte	68
 562 021a 1D       		.byte	29
 563 021b 03       		.byte	3
 564 021c 1E       		.byte	30
 565 021d 22       		.byte	34
 566 021e 1F       		.byte	31
 567 021f 30       		.byte	48
 568 0220 20       		.byte	32
 569 0221 30       		.byte	48
 570 0222 26       		.byte	38
ARM GAS  C:\Users\AARONW~1\AppData\Local\Temp\ccTQ3MeI.s 			page 11


 571 0223 62       		.byte	98
 572 0224 27       		.byte	39
 573 0225 20       		.byte	32
 574 0226 2F       		.byte	47
 575 0227 22       		.byte	34
 576 0228 30       		.byte	48
 577 0229 20       		.byte	32
 578 022a 36       		.byte	54
 579 022b 22       		.byte	34
 580 022c 5C       		.byte	92
 581 022d 80       		.byte	-128
 582 022e 5D       		.byte	93
 583 022f 08       		.byte	8
 584 0230 5F       		.byte	95
 585 0231 11       		.byte	17
 586 0232 66       		.byte	102
 587 0233 40       		.byte	64
 588 0234 69       		.byte	105
 589 0235 40       		.byte	64
 590 0236 6A       		.byte	106
 591 0237 80       		.byte	-128
 592 0238 79       		.byte	121
 593 0239 40       		.byte	64
 594 023a 7D       		.byte	125
 595 023b 40       		.byte	64
 596 023c 87       		.byte	-121
 597 023d 40       		.byte	64
 598 023e 8F       		.byte	-113
 599 023f 22       		.byte	34
 600 0240 93       		.byte	-109
 601 0241 01       		.byte	1
 602 0242 95       		.byte	-107
 603 0243 40       		.byte	64
 604 0244 96       		.byte	-106
 605 0245 04       		.byte	4
 606 0246 99       		.byte	-103
 607 0247 08       		.byte	8
 608 0248 9D       		.byte	-99
 609 0249 01       		.byte	1
 610 024a 9F       		.byte	-97
 611 024b 31       		.byte	49
 612 024c A2       		.byte	-94
 613 024d 08       		.byte	8
 614 024e A5       		.byte	-91
 615 024f 02       		.byte	2
 616 0250 A6       		.byte	-90
 617 0251 40       		.byte	64
 618 0252 A7       		.byte	-89
 619 0253 88       		.byte	-120
 620 0254 A9       		.byte	-87
 621 0255 08       		.byte	8
 622 0256 C0       		.byte	-64
 623 0257 FB       		.byte	-5
 624 0258 C2       		.byte	-62
 625 0259 EE       		.byte	-18
 626 025a C4       		.byte	-60
 627 025b 47       		.byte	71
ARM GAS  C:\Users\AARONW~1\AppData\Local\Temp\ccTQ3MeI.s 			page 12


 628 025c CA       		.byte	-54
 629 025d 50       		.byte	80
 630 025e CC       		.byte	-52
 631 025f A4       		.byte	-92
 632 0260 D6       		.byte	-42
 633 0261 F0       		.byte	-16
 634 0262 D8       		.byte	-40
 635 0263 10       		.byte	16
 636 0264 DE       		.byte	-34
 637 0265 18       		.byte	24
 638 0266 E0       		.byte	-32
 639 0267 08       		.byte	8
 640 0268 EC       		.byte	-20
 641 0269 04       		.byte	4
 642 026a 01       		.byte	1
 643 026b 04       		.byte	4
 644 026c 06       		.byte	6
 645 026d C0       		.byte	-64
 646 026e 07       		.byte	7
 647 026f 04       		.byte	4
 648 0270 08       		.byte	8
 649 0271 C2       		.byte	-62
 650 0272 09       		.byte	9
 651 0273 04       		.byte	4
 652 0274 0A       		.byte	10
 653 0275 01       		.byte	1
 654 0276 0F       		.byte	15
 655 0277 02       		.byte	2
 656 0278 14       		.byte	20
 657 0279 60       		.byte	96
 658 027a 16       		.byte	22
 659 027b 90       		.byte	-112
 660 027c 17       		.byte	23
 661 027d 01       		.byte	1
 662 027e 1C       		.byte	28
 663 027f 48       		.byte	72
 664 0280 1E       		.byte	30
 665 0281 84       		.byte	-124
 666 0282 23       		.byte	35
 667 0283 04       		.byte	4
 668 0284 24       		.byte	36
 669 0285 01       		.byte	1
 670 0286 26       		.byte	38
 671 0287 02       		.byte	2
 672 0288 28       		.byte	40
 673 0289 04       		.byte	4
 674 028a 2A       		.byte	42
 675 028b 08       		.byte	8
 676 028c 2C       		.byte	44
 677 028d 10       		.byte	16
 678 028e 2E       		.byte	46
 679 028f 20       		.byte	32
 680 0290 30       		.byte	48
 681 0291 3F       		.byte	63
 682 0292 31       		.byte	49
 683 0293 01       		.byte	1
 684 0294 32       		.byte	50
ARM GAS  C:\Users\AARONW~1\AppData\Local\Temp\ccTQ3MeI.s 			page 13


 685 0295 40       		.byte	64
 686 0296 33       		.byte	51
 687 0297 02       		.byte	2
 688 0298 34       		.byte	52
 689 0299 3F       		.byte	63
 690 029a 35       		.byte	53
 691 029b 04       		.byte	4
 692 029c 36       		.byte	54
 693 029d 80       		.byte	-128
 694 029e 38       		.byte	56
 695 029f 22       		.byte	34
 696 02a0 3E       		.byte	62
 697 02a1 11       		.byte	17
 698 02a2 56       		.byte	86
 699 02a3 02       		.byte	2
 700 02a4 57       		.byte	87
 701 02a5 6C       		.byte	108
 702 02a6 58       		.byte	88
 703 02a7 04       		.byte	4
 704 02a8 59       		.byte	89
 705 02a9 04       		.byte	4
 706 02aa 5B       		.byte	91
 707 02ab 0C       		.byte	12
 708 02ac 5C       		.byte	92
 709 02ad 22       		.byte	34
 710 02ae 5D       		.byte	93
 711 02af 20       		.byte	32
 712 02b0 5F       		.byte	95
 713 02b1 01       		.byte	1
 714 02b2 85       		.byte	-123
 715 02b3 06       		.byte	6
 716 02b4 86       		.byte	-122
 717 02b5 03       		.byte	3
 718 02b6 88       		.byte	-120
 719 02b7 02       		.byte	2
 720 02b8 8A       		.byte	-118
 721 02b9 01       		.byte	1
 722 02ba 8F       		.byte	-113
 723 02bb 06       		.byte	6
 724 02bc 90       		.byte	-112
 725 02bd 01       		.byte	1
 726 02be 91       		.byte	-111
 727 02bf 02       		.byte	2
 728 02c0 92       		.byte	-110
 729 02c1 02       		.byte	2
 730 02c2 93       		.byte	-109
 731 02c3 04       		.byte	4
 732 02c4 95       		.byte	-107
 733 02c5 04       		.byte	4
 734 02c6 97       		.byte	-105
 735 02c7 02       		.byte	2
 736 02c8 9B       		.byte	-101
 737 02c9 08       		.byte	8
 738 02ca 9F       		.byte	-97
 739 02cb 01       		.byte	1
 740 02cc A1       		.byte	-95
 741 02cd 06       		.byte	6
ARM GAS  C:\Users\AARONW~1\AppData\Local\Temp\ccTQ3MeI.s 			page 14


 742 02ce A8       		.byte	-88
 743 02cf 03       		.byte	3
 744 02d0 AB       		.byte	-85
 745 02d1 06       		.byte	6
 746 02d2 B0       		.byte	-80
 747 02d3 02       		.byte	2
 748 02d4 B3       		.byte	-77
 749 02d5 08       		.byte	8
 750 02d6 B5       		.byte	-75
 751 02d7 01       		.byte	1
 752 02d8 B6       		.byte	-74
 753 02d9 01       		.byte	1
 754 02da B7       		.byte	-73
 755 02db 06       		.byte	6
 756 02dc BB       		.byte	-69
 757 02dd 80       		.byte	-128
 758 02de D8       		.byte	-40
 759 02df 04       		.byte	4
 760 02e0 D9       		.byte	-39
 761 02e1 0F       		.byte	15
 762 02e2 DC       		.byte	-36
 763 02e3 22       		.byte	34
 764 02e4 DF       		.byte	-33
 765 02e5 01       		.byte	1
 766 02e6 00       		.byte	0
 767 02e7 24       		.byte	36
 768 02e8 04       		.byte	4
 769 02e9 14       		.byte	20
 770 02ea 09       		.byte	9
 771 02eb 08       		.byte	8
 772 02ec 0A       		.byte	10
 773 02ed 02       		.byte	2
 774 02ee 0D       		.byte	13
 775 02ef 01       		.byte	1
 776 02f0 10       		.byte	16
 777 02f1 2A       		.byte	42
 778 02f2 17       		.byte	23
 779 02f3 20       		.byte	32
 780 02f4 18       		.byte	24
 781 02f5 05       		.byte	5
 782 02f6 19       		.byte	25
 783 02f7 01       		.byte	1
 784 02f8 1B       		.byte	27
 785 02f9 04       		.byte	4
 786 02fa 1F       		.byte	31
 787 02fb 42       		.byte	66
 788 02fc 21       		.byte	33
 789 02fd 0D       		.byte	13
 790 02fe 22       		.byte	34
 791 02ff 01       		.byte	1
 792 0300 23       		.byte	35
 793 0301 24       		.byte	36
 794 0302 26       		.byte	38
 795 0303 20       		.byte	32
 796 0304 27       		.byte	39
 797 0305 11       		.byte	17
 798 0306 29       		.byte	41
ARM GAS  C:\Users\AARONW~1\AppData\Local\Temp\ccTQ3MeI.s 			page 15


 799 0307 01       		.byte	1
 800 0308 2F       		.byte	47
 801 0309 88       		.byte	-120
 802 030a 30       		.byte	48
 803 030b 08       		.byte	8
 804 030c 36       		.byte	54
 805 030d 28       		.byte	40
 806 030e 37       		.byte	55
 807 030f 81       		.byte	-127
 808 0310 38       		.byte	56
 809 0311 10       		.byte	16
 810 0312 39       		.byte	57
 811 0313 8A       		.byte	-118
 812 0314 3C       		.byte	60
 813 0315 40       		.byte	64
 814 0316 3E       		.byte	62
 815 0317 04       		.byte	4
 816 0318 60       		.byte	96
 817 0319 40       		.byte	64
 818 031a 68       		.byte	104
 819 031b 2A       		.byte	42
 820 031c 69       		.byte	105
 821 031d 80       		.byte	-128
 822 031e 6A       		.byte	106
 823 031f 20       		.byte	32
 824 0320 73       		.byte	115
 825 0321 80       		.byte	-128
 826 0322 79       		.byte	121
 827 0323 40       		.byte	64
 828 0324 7E       		.byte	126
 829 0325 40       		.byte	64
 830 0326 80       		.byte	-128
 831 0327 01       		.byte	1
 832 0328 87       		.byte	-121
 833 0329 06       		.byte	6
 834 032a 8B       		.byte	-117
 835 032b 01       		.byte	1
 836 032c 90       		.byte	-112
 837 032d 50       		.byte	80
 838 032e 91       		.byte	-111
 839 032f 40       		.byte	64
 840 0330 92       		.byte	-110
 841 0331 84       		.byte	-124
 842 0332 96       		.byte	-106
 843 0333 20       		.byte	32
 844 0334 97       		.byte	-105
 845 0335 80       		.byte	-128
 846 0336 9F       		.byte	-97
 847 0337 11       		.byte	17
 848 0338 A0       		.byte	-96
 849 0339 10       		.byte	16
 850 033a A2       		.byte	-94
 851 033b 08       		.byte	8
 852 033c A3       		.byte	-93
 853 033d 88       		.byte	-120
 854 033e A4       		.byte	-92
 855 033f 22       		.byte	34
ARM GAS  C:\Users\AARONW~1\AppData\Local\Temp\ccTQ3MeI.s 			page 16


 856 0340 A7       		.byte	-89
 857 0341 04       		.byte	4
 858 0342 AF       		.byte	-81
 859 0343 12       		.byte	18
 860 0344 B0       		.byte	-80
 861 0345 80       		.byte	-128
 862 0346 B3       		.byte	-77
 863 0347 10       		.byte	16
 864 0348 B7       		.byte	-73
 865 0349 04       		.byte	4
 866 034a C0       		.byte	-64
 867 034b 66       		.byte	102
 868 034c C2       		.byte	-62
 869 034d 15       		.byte	21
 870 034e C4       		.byte	-60
 871 034f 47       		.byte	71
 872 0350 CA       		.byte	-54
 873 0351 A1       		.byte	-95
 874 0352 CC       		.byte	-52
 875 0353 F2       		.byte	-14
 876 0354 CE       		.byte	-50
 877 0355 5F       		.byte	95
 878 0356 D8       		.byte	-40
 879 0357 01       		.byte	1
 880 0358 DE       		.byte	-34
 881 0359 88       		.byte	-120
 882 035a E0       		.byte	-32
 883 035b 0B       		.byte	11
 884 035c EC       		.byte	-20
 885 035d A0       		.byte	-96
 886 035e 3F       		.byte	63
 887 035f 40       		.byte	64
 888 0360 CE       		.byte	-50
 889 0361 20       		.byte	32
 890 0362 57       		.byte	87
 891 0363 08       		.byte	8
 892 0364 97       		.byte	-105
 893 0365 40       		.byte	64
 894 0366 D4       		.byte	-44
 895 0367 40       		.byte	64
 896 0368 97       		.byte	-105
 897 0369 40       		.byte	64
 898 036a A7       		.byte	-89
 899 036b 08       		.byte	8
 900 036c 87       		.byte	-121
 901 036d 08       		.byte	8
 902 036e 97       		.byte	-105
 903 036f 40       		.byte	64
 904 0370 A7       		.byte	-89
 905 0371 08       		.byte	8
 906 0372 E6       		.byte	-26
 907 0373 40       		.byte	64
 908 0374 7C       		.byte	124
 909 0375 08       		.byte	8
 910 0376 DE       		.byte	-34
 911 0377 01       		.byte	1
 912 0378 13       		.byte	19
ARM GAS  C:\Users\AARONW~1\AppData\Local\Temp\ccTQ3MeI.s 			page 17


 913 0379 08       		.byte	8
 914 037a 9C       		.byte	-100
 915 037b 08       		.byte	8
 916 037c C4       		.byte	-60
 917 037d 08       		.byte	8
 918 037e 46       		.byte	70
 919 037f 40       		.byte	64
 920 0380 84       		.byte	-124
 921 0381 08       		.byte	8
 922 0382 9B       		.byte	-101
 923 0383 08       		.byte	8
 924 0384 9C       		.byte	-100
 925 0385 08       		.byte	8
 926 0386 D0       		.byte	-48
 927 0387 01       		.byte	1
 928 0388 30       		.byte	48
 929 0389 20       		.byte	32
 930 038a 83       		.byte	-125
 931 038b 08       		.byte	8
 932 038c 86       		.byte	-122
 933 038d 80       		.byte	-128
 934 038e 9B       		.byte	-101
 935 038f 08       		.byte	8
 936 0390 9E       		.byte	-98
 937 0391 40       		.byte	64
 938 0392 CC       		.byte	-52
 939 0393 08       		.byte	8
 940 0394 20       		.byte	32
 941 0395 80       		.byte	-128
 942 0396 23       		.byte	35
 943 0397 40       		.byte	64
 944 0398 27       		.byte	39
 945 0399 08       		.byte	8
 946 039a 97       		.byte	-105
 947 039b 40       		.byte	64
 948 039c C8       		.byte	-56
 949 039d 60       		.byte	96
 950 039e B0       		.byte	-80
 951 039f 40       		.byte	64
 952 03a0 B3       		.byte	-77
 953 03a1 08       		.byte	8
 954 03a2 53       		.byte	83
 955 03a3 01       		.byte	1
 956 03a4 5A       		.byte	90
 957 03a5 04       		.byte	4
 958 03a6 5D       		.byte	93
 959 03a7 01       		.byte	1
 960 03a8 62       		.byte	98
 961 03a9 04       		.byte	4
 962 03aa 66       		.byte	102
 963 03ab 20       		.byte	32
 964 03ac 85       		.byte	-123
 965 03ad 01       		.byte	1
 966 03ae 8D       		.byte	-115
 967 03af 04       		.byte	4
 968 03b0 8F       		.byte	-113
 969 03b1 80       		.byte	-128
ARM GAS  C:\Users\AARONW~1\AppData\Local\Temp\ccTQ3MeI.s 			page 18


 970 03b2 99       		.byte	-103
 971 03b3 10       		.byte	16
 972 03b4 9A       		.byte	-102
 973 03b5 80       		.byte	-128
 974 03b6 9E       		.byte	-98
 975 03b7 40       		.byte	64
 976 03b8 A4       		.byte	-92
 977 03b9 20       		.byte	32
 978 03ba A9       		.byte	-87
 979 03bb 10       		.byte	16
 980 03bc D4       		.byte	-44
 981 03bd 01       		.byte	1
 982 03be D6       		.byte	-42
 983 03bf 03       		.byte	3
 984 03c0 D8       		.byte	-40
 985 03c1 03       		.byte	3
 986 03c2 E0       		.byte	-32
 987 03c3 02       		.byte	2
 988 03c4 E4       		.byte	-28
 989 03c5 02       		.byte	2
 990 03c6 53       		.byte	83
 991 03c7 80       		.byte	-128
 992 03c8 55       		.byte	85
 993 03c9 04       		.byte	4
 994 03ca 59       		.byte	89
 995 03cb 10       		.byte	16
 996 03cc 62       		.byte	98
 997 03cd 02       		.byte	2
 998 03ce 66       		.byte	102
 999 03cf 80       		.byte	-128
 1000 03d0 82       		.byte	-126
 1001 03d1 04       		.byte	4
 1002 03d2 86       		.byte	-122
 1003 03d3 24       		.byte	36
 1004 03d4 8A       		.byte	-118
 1005 03d5 02       		.byte	2
 1006 03d6 96       		.byte	-106
 1007 03d7 04       		.byte	4
 1008 03d8 99       		.byte	-103
 1009 03d9 10       		.byte	16
 1010 03da 9A       		.byte	-102
 1011 03db 80       		.byte	-128
 1012 03dc 9E       		.byte	-98
 1013 03dd 24       		.byte	36
 1014 03de A1       		.byte	-95
 1015 03df 04       		.byte	4
 1016 03e0 A3       		.byte	-93
 1017 03e1 80       		.byte	-128
 1018 03e2 B0       		.byte	-80
 1019 03e3 20       		.byte	32
 1020 03e4 B2       		.byte	-78
 1021 03e5 40       		.byte	64
 1022 03e6 B7       		.byte	-73
 1023 03e7 01       		.byte	1
 1024 03e8 D4       		.byte	-44
 1025 03e9 07       		.byte	7
 1026 03ea D6       		.byte	-42
ARM GAS  C:\Users\AARONW~1\AppData\Local\Temp\ccTQ3MeI.s 			page 19


 1027 03eb 01       		.byte	1
 1028 03ec D8       		.byte	-40
 1029 03ed 02       		.byte	2
 1030 03ee E4       		.byte	-28
 1031 03ef 04       		.byte	4
 1032 03f0 E8       		.byte	-24
 1033 03f1 02       		.byte	2
 1034 03f2 EC       		.byte	-20
 1035 03f3 05       		.byte	5
 1036 03f4 00       		.byte	0
 1037 03f5 04       		.byte	4
 1038 03f6 0C       		.byte	12
 1039 03f7 04       		.byte	4
 1040 03f8 10       		.byte	16
 1041 03f9 04       		.byte	4
 1042 03fa 1C       		.byte	28
 1043 03fb 04       		.byte	4
 1044 03fc 10       		.byte	16
 1045 03fd 02       		.byte	2
 1046 03fe 00       		.byte	0
 1047 03ff 00       		.byte	0
 1048 0400 1E       		.byte	30
 1049 0401 01       		.byte	1
 1050 0402 01       		.byte	1
 1051 0403 00       		.byte	0
 1052 0404 01       		.byte	1
 1053 0405 00       		.byte	0
 1054 0406 00       		.byte	0
 1055 0407 00       		.byte	0
 1056 0408 00       		.byte	0
 1057 0409 0B       		.byte	11
 1058 040a 0B       		.byte	11
 1059 040b 00       		.byte	0
 1060 040c 00       		.byte	0
 1061 040d F4       		.byte	-12
 1062 040e F4       		.byte	-12
 1063 040f 00       		.byte	0
 1064 0410 00       		.byte	0
 1065 0411 7F       		.byte	127
 1066 0412 7F       		.byte	127
 1067 0413 00       		.byte	0
 1068 0414 00       		.byte	0
 1069 0415 00       		.byte	0
 1070 0416 00       		.byte	0
 1071 0417 00       		.byte	0
 1072 0418 00       		.byte	0
 1073 0419 00       		.byte	0
 1074 041a 00       		.byte	0
 1075 041b 00       		.byte	0
 1076 041c 00       		.byte	0
 1077 041d 00       		.byte	0
 1078 041e 08       		.byte	8
 1079 041f 00       		.byte	0
 1080 0420 00       		.byte	0
 1081 0421 3E       		.byte	62
 1082 0422 3E       		.byte	62
 1083 0423 00       		.byte	0
ARM GAS  C:\Users\AARONW~1\AppData\Local\Temp\ccTQ3MeI.s 			page 20


 1084 0424 3E       		.byte	62
 1085 0425 00       		.byte	0
 1086 0426 00       		.byte	0
 1087 0427 00       		.byte	0
 1088 0428 00       		.byte	0
 1089 0429 00       		.byte	0
 1090 042a 00       		.byte	0
 1091 042b 00       		.byte	0
 1092 042c 00       		.byte	0
 1093 042d 00       		.byte	0
 1094 042e 40       		.byte	64
 1095 042f 00       		.byte	0
 1096 0430 2D       		.byte	45
 1097 0431 00       		.byte	0
 1098 0432 18       		.byte	24
 1099 0433 01       		.byte	1
 1100              		.global	cy_meta_custnvl
 1101              		.section	.cycustnvl,"a",%progbits
 1102              		.align	2
 1103              		.type	cy_meta_custnvl, %object
 1104              		.size	cy_meta_custnvl, 4
 1105              	cy_meta_custnvl:
 1106 0000 00       		.byte	0
 1107 0001 00       		.byte	0
 1108 0002 40       		.byte	64
 1109 0003 05       		.byte	5
 1110              		.global	cy_meta_wonvl
 1111              		.section	.cywolatch,"a",%progbits
 1112              		.align	2
 1113              		.type	cy_meta_wonvl, %object
 1114              		.size	cy_meta_wonvl, 4
 1115              	cy_meta_wonvl:
 1116 0000 BC       		.byte	-68
 1117 0001 90       		.byte	-112
 1118 0002 AC       		.byte	-84
 1119 0003 AF       		.byte	-81
 1120              		.global	cy_meta_flashprotect
 1121              		.section	.cyflashprotect,"a",%progbits
 1122              		.align	2
 1123              		.type	cy_meta_flashprotect, %object
 1124              		.size	cy_meta_flashprotect, 256
 1125              	cy_meta_flashprotect:
 1126 0000 00000000 		.space	256
 1126      00000000 
 1126      00000000 
 1126      00000000 
 1126      00000000 
 1127              		.global	cy_metadata
 1128              		.section	.cymeta,"a",%progbits
 1129              		.align	2
 1130              		.type	cy_metadata, %object
 1131              		.size	cy_metadata, 12
 1132              	cy_metadata:
 1133 0000 00       		.byte	0
 1134 0001 01       		.byte	1
 1135 0002 2E       		.byte	46
 1136 0003 12       		.byte	18
ARM GAS  C:\Users\AARONW~1\AppData\Local\Temp\ccTQ3MeI.s 			page 21


 1137 0004 30       		.byte	48
 1138 0005 69       		.byte	105
 1139 0006 00       		.byte	0
 1140 0007 01       		.byte	1
 1141 0008 00       		.byte	0
 1142 0009 00       		.byte	0
 1143 000a 00       		.byte	0
 1144 000b 00       		.byte	0
 1145              		.text
 1146              	.Letext0:
 1147              		.file 1 "Generated_Source\\PSoC5\\cymetadata.c"
 1148              		.file 2 "Generated_Source\\PSoC5\\cytypes.h"
 1149              		.section	.debug_info,"",%progbits
 1150              	.Ldebug_info0:
 1151 0000 37010000 		.4byte	0x137
 1152 0004 0400     		.2byte	0x4
 1153 0006 00000000 		.4byte	.Ldebug_abbrev0
 1154 000a 04       		.byte	0x4
 1155 000b 01       		.uleb128 0x1
 1156 000c 00000000 		.4byte	.LASF18
 1157 0010 01       		.byte	0x1
 1158 0011 18020000 		.4byte	.LASF19
 1159 0015 20010000 		.4byte	.LASF20
 1160 0019 00000000 		.4byte	.Ldebug_line0
 1161 001d 02       		.uleb128 0x2
 1162 001e 01       		.byte	0x1
 1163 001f 06       		.byte	0x6
 1164 0020 0C020000 		.4byte	.LASF0
 1165 0024 02       		.uleb128 0x2
 1166 0025 01       		.byte	0x1
 1167 0026 08       		.byte	0x8
 1168 0027 A0000000 		.4byte	.LASF1
 1169 002b 02       		.uleb128 0x2
 1170 002c 02       		.byte	0x2
 1171 002d 05       		.byte	0x5
 1172 002e F3010000 		.4byte	.LASF2
 1173 0032 02       		.uleb128 0x2
 1174 0033 02       		.byte	0x2
 1175 0034 07       		.byte	0x7
 1176 0035 C0000000 		.4byte	.LASF3
 1177 0039 02       		.uleb128 0x2
 1178 003a 04       		.byte	0x4
 1179 003b 05       		.byte	0x5
 1180 003c 03020000 		.4byte	.LASF4
 1181 0040 02       		.uleb128 0x2
 1182 0041 04       		.byte	0x4
 1183 0042 07       		.byte	0x7
 1184 0043 AE000000 		.4byte	.LASF5
 1185 0047 02       		.uleb128 0x2
 1186 0048 08       		.byte	0x8
 1187 0049 05       		.byte	0x5
 1188 004a E0010000 		.4byte	.LASF6
 1189 004e 02       		.uleb128 0x2
 1190 004f 08       		.byte	0x8
 1191 0050 07       		.byte	0x7
 1192 0051 09010000 		.4byte	.LASF7
 1193 0055 03       		.uleb128 0x3
ARM GAS  C:\Users\AARONW~1\AppData\Local\Temp\ccTQ3MeI.s 			page 22


 1194 0056 04       		.byte	0x4
 1195 0057 05       		.byte	0x5
 1196 0058 696E7400 		.ascii	"int\000"
 1197 005c 02       		.uleb128 0x2
 1198 005d 04       		.byte	0x4
 1199 005e 07       		.byte	0x7
 1200 005f FC000000 		.4byte	.LASF8
 1201 0063 04       		.uleb128 0x4
 1202 0064 FD010000 		.4byte	.LASF21
 1203 0068 02       		.byte	0x2
 1204 0069 9201     		.2byte	0x192
 1205 006b 24000000 		.4byte	0x24
 1206 006f 02       		.uleb128 0x2
 1207 0070 04       		.byte	0x4
 1208 0071 04       		.byte	0x4
 1209 0072 9A000000 		.4byte	.LASF9
 1210 0076 02       		.uleb128 0x2
 1211 0077 08       		.byte	0x8
 1212 0078 04       		.byte	0x4
 1213 0079 D3000000 		.4byte	.LASF10
 1214 007d 02       		.uleb128 0x2
 1215 007e 01       		.byte	0x1
 1216 007f 08       		.byte	0x8
 1217 0080 EE010000 		.4byte	.LASF11
 1218 0084 05       		.uleb128 0x5
 1219 0085 63000000 		.4byte	0x63
 1220 0089 95000000 		.4byte	0x95
 1221 008d 06       		.uleb128 0x6
 1222 008e 95000000 		.4byte	0x95
 1223 0092 3304     		.2byte	0x433
 1224 0094 00       		.byte	0
 1225 0095 02       		.uleb128 0x2
 1226 0096 04       		.byte	0x4
 1227 0097 07       		.byte	0x7
 1228 0098 D7010000 		.4byte	.LASF12
 1229 009c 07       		.uleb128 0x7
 1230 009d EA000000 		.4byte	.LASF13
 1231 00a1 01       		.byte	0x1
 1232 00a2 1F       		.byte	0x1f
 1233 00a3 AD000000 		.4byte	0xad
 1234 00a7 05       		.uleb128 0x5
 1235 00a8 03       		.byte	0x3
 1236 00a9 00000000 		.4byte	cy_meta_configecc
 1237 00ad 08       		.uleb128 0x8
 1238 00ae 84000000 		.4byte	0x84
 1239 00b2 05       		.uleb128 0x5
 1240 00b3 63000000 		.4byte	0x63
 1241 00b7 C2000000 		.4byte	0xc2
 1242 00bb 09       		.uleb128 0x9
 1243 00bc 95000000 		.4byte	0x95
 1244 00c0 03       		.byte	0x3
 1245 00c1 00       		.byte	0
 1246 00c2 07       		.uleb128 0x7
 1247 00c3 DA000000 		.4byte	.LASF14
 1248 00c7 01       		.byte	0x1
 1249 00c8 B3       		.byte	0xb3
 1250 00c9 D3000000 		.4byte	0xd3
ARM GAS  C:\Users\AARONW~1\AppData\Local\Temp\ccTQ3MeI.s 			page 23


 1251 00cd 05       		.uleb128 0x5
 1252 00ce 03       		.byte	0x3
 1253 00cf 00000000 		.4byte	cy_meta_custnvl
 1254 00d3 08       		.uleb128 0x8
 1255 00d4 B2000000 		.4byte	0xb2
 1256 00d8 07       		.uleb128 0x7
 1257 00d9 C9010000 		.4byte	.LASF15
 1258 00dd 01       		.byte	0x1
 1259 00de C1       		.byte	0xc1
 1260 00df E9000000 		.4byte	0xe9
 1261 00e3 05       		.uleb128 0x5
 1262 00e4 03       		.byte	0x3
 1263 00e5 00000000 		.4byte	cy_meta_wonvl
 1264 00e9 08       		.uleb128 0x8
 1265 00ea B2000000 		.4byte	0xb2
 1266 00ee 05       		.uleb128 0x5
 1267 00ef 63000000 		.4byte	0x63
 1268 00f3 FE000000 		.4byte	0xfe
 1269 00f7 09       		.uleb128 0x9
 1270 00f8 95000000 		.4byte	0x95
 1271 00fc FF       		.byte	0xff
 1272 00fd 00       		.byte	0
 1273 00fe 07       		.uleb128 0x7
 1274 00ff B4010000 		.4byte	.LASF16
 1275 0103 01       		.byte	0x1
 1276 0104 CF       		.byte	0xcf
 1277 0105 0F010000 		.4byte	0x10f
 1278 0109 05       		.uleb128 0x5
 1279 010a 03       		.byte	0x3
 1280 010b 00000000 		.4byte	cy_meta_flashprotect
 1281 010f 08       		.uleb128 0x8
 1282 0110 EE000000 		.4byte	0xee
 1283 0114 05       		.uleb128 0x5
 1284 0115 63000000 		.4byte	0x63
 1285 0119 24010000 		.4byte	0x124
 1286 011d 09       		.uleb128 0x9
 1287 011e 95000000 		.4byte	0x95
 1288 0122 0B       		.byte	0xb
 1289 0123 00       		.byte	0
 1290 0124 07       		.uleb128 0x7
 1291 0125 8E000000 		.4byte	.LASF17
 1292 0129 01       		.byte	0x1
 1293 012a FC       		.byte	0xfc
 1294 012b 35010000 		.4byte	0x135
 1295 012f 05       		.uleb128 0x5
 1296 0130 03       		.byte	0x3
 1297 0131 00000000 		.4byte	cy_metadata
 1298 0135 08       		.uleb128 0x8
 1299 0136 14010000 		.4byte	0x114
 1300 013a 00       		.byte	0
 1301              		.section	.debug_abbrev,"",%progbits
 1302              	.Ldebug_abbrev0:
 1303 0000 01       		.uleb128 0x1
 1304 0001 11       		.uleb128 0x11
 1305 0002 01       		.byte	0x1
 1306 0003 25       		.uleb128 0x25
 1307 0004 0E       		.uleb128 0xe
ARM GAS  C:\Users\AARONW~1\AppData\Local\Temp\ccTQ3MeI.s 			page 24


 1308 0005 13       		.uleb128 0x13
 1309 0006 0B       		.uleb128 0xb
 1310 0007 03       		.uleb128 0x3
 1311 0008 0E       		.uleb128 0xe
 1312 0009 1B       		.uleb128 0x1b
 1313 000a 0E       		.uleb128 0xe
 1314 000b 10       		.uleb128 0x10
 1315 000c 17       		.uleb128 0x17
 1316 000d 00       		.byte	0
 1317 000e 00       		.byte	0
 1318 000f 02       		.uleb128 0x2
 1319 0010 24       		.uleb128 0x24
 1320 0011 00       		.byte	0
 1321 0012 0B       		.uleb128 0xb
 1322 0013 0B       		.uleb128 0xb
 1323 0014 3E       		.uleb128 0x3e
 1324 0015 0B       		.uleb128 0xb
 1325 0016 03       		.uleb128 0x3
 1326 0017 0E       		.uleb128 0xe
 1327 0018 00       		.byte	0
 1328 0019 00       		.byte	0
 1329 001a 03       		.uleb128 0x3
 1330 001b 24       		.uleb128 0x24
 1331 001c 00       		.byte	0
 1332 001d 0B       		.uleb128 0xb
 1333 001e 0B       		.uleb128 0xb
 1334 001f 3E       		.uleb128 0x3e
 1335 0020 0B       		.uleb128 0xb
 1336 0021 03       		.uleb128 0x3
 1337 0022 08       		.uleb128 0x8
 1338 0023 00       		.byte	0
 1339 0024 00       		.byte	0
 1340 0025 04       		.uleb128 0x4
 1341 0026 16       		.uleb128 0x16
 1342 0027 00       		.byte	0
 1343 0028 03       		.uleb128 0x3
 1344 0029 0E       		.uleb128 0xe
 1345 002a 3A       		.uleb128 0x3a
 1346 002b 0B       		.uleb128 0xb
 1347 002c 3B       		.uleb128 0x3b
 1348 002d 05       		.uleb128 0x5
 1349 002e 49       		.uleb128 0x49
 1350 002f 13       		.uleb128 0x13
 1351 0030 00       		.byte	0
 1352 0031 00       		.byte	0
 1353 0032 05       		.uleb128 0x5
 1354 0033 01       		.uleb128 0x1
 1355 0034 01       		.byte	0x1
 1356 0035 49       		.uleb128 0x49
 1357 0036 13       		.uleb128 0x13
 1358 0037 01       		.uleb128 0x1
 1359 0038 13       		.uleb128 0x13
 1360 0039 00       		.byte	0
 1361 003a 00       		.byte	0
 1362 003b 06       		.uleb128 0x6
 1363 003c 21       		.uleb128 0x21
 1364 003d 00       		.byte	0
ARM GAS  C:\Users\AARONW~1\AppData\Local\Temp\ccTQ3MeI.s 			page 25


 1365 003e 49       		.uleb128 0x49
 1366 003f 13       		.uleb128 0x13
 1367 0040 2F       		.uleb128 0x2f
 1368 0041 05       		.uleb128 0x5
 1369 0042 00       		.byte	0
 1370 0043 00       		.byte	0
 1371 0044 07       		.uleb128 0x7
 1372 0045 34       		.uleb128 0x34
 1373 0046 00       		.byte	0
 1374 0047 03       		.uleb128 0x3
 1375 0048 0E       		.uleb128 0xe
 1376 0049 3A       		.uleb128 0x3a
 1377 004a 0B       		.uleb128 0xb
 1378 004b 3B       		.uleb128 0x3b
 1379 004c 0B       		.uleb128 0xb
 1380 004d 49       		.uleb128 0x49
 1381 004e 13       		.uleb128 0x13
 1382 004f 3F       		.uleb128 0x3f
 1383 0050 19       		.uleb128 0x19
 1384 0051 02       		.uleb128 0x2
 1385 0052 18       		.uleb128 0x18
 1386 0053 00       		.byte	0
 1387 0054 00       		.byte	0
 1388 0055 08       		.uleb128 0x8
 1389 0056 26       		.uleb128 0x26
 1390 0057 00       		.byte	0
 1391 0058 49       		.uleb128 0x49
 1392 0059 13       		.uleb128 0x13
 1393 005a 00       		.byte	0
 1394 005b 00       		.byte	0
 1395 005c 09       		.uleb128 0x9
 1396 005d 21       		.uleb128 0x21
 1397 005e 00       		.byte	0
 1398 005f 49       		.uleb128 0x49
 1399 0060 13       		.uleb128 0x13
 1400 0061 2F       		.uleb128 0x2f
 1401 0062 0B       		.uleb128 0xb
 1402 0063 00       		.byte	0
 1403 0064 00       		.byte	0
 1404 0065 00       		.byte	0
 1405              		.section	.debug_aranges,"",%progbits
 1406 0000 14000000 		.4byte	0x14
 1407 0004 0200     		.2byte	0x2
 1408 0006 00000000 		.4byte	.Ldebug_info0
 1409 000a 04       		.byte	0x4
 1410 000b 00       		.byte	0
 1411 000c 0000     		.2byte	0
 1412 000e 0000     		.2byte	0
 1413 0010 00000000 		.4byte	0
 1414 0014 00000000 		.4byte	0
 1415              		.section	.debug_line,"",%progbits
 1416              	.Ldebug_line0:
 1417 0000 4D000000 		.section	.debug_str,"MS",%progbits,1
 1417      02004700 
 1417      00000201 
 1417      FB0E0D00 
 1417      01010101 
ARM GAS  C:\Users\AARONW~1\AppData\Local\Temp\ccTQ3MeI.s 			page 26


 1418              	.LASF18:
 1419 0000 474E5520 		.ascii	"GNU C 4.9.3 20150303 (release) [ARM/embedded-4_9-br"
 1419      4320342E 
 1419      392E3320 
 1419      32303135 
 1419      30333033 
 1420 0033 616E6368 		.ascii	"anch revision 221220] -mcpu=cortex-m3 -mthumb -g -O"
 1420      20726576 
 1420      6973696F 
 1420      6E203232 
 1420      31323230 
 1421 0066 30202D66 		.ascii	"0 -ffunction-sections -ffat-lto-objects\000"
 1421      66756E63 
 1421      74696F6E 
 1421      2D736563 
 1421      74696F6E 
 1422              	.LASF17:
 1423 008e 63795F6D 		.ascii	"cy_metadata\000"
 1423      65746164 
 1423      61746100 
 1424              	.LASF9:
 1425 009a 666C6F61 		.ascii	"float\000"
 1425      7400
 1426              	.LASF1:
 1427 00a0 756E7369 		.ascii	"unsigned char\000"
 1427      676E6564 
 1427      20636861 
 1427      7200
 1428              	.LASF5:
 1429 00ae 6C6F6E67 		.ascii	"long unsigned int\000"
 1429      20756E73 
 1429      69676E65 
 1429      6420696E 
 1429      7400
 1430              	.LASF3:
 1431 00c0 73686F72 		.ascii	"short unsigned int\000"
 1431      7420756E 
 1431      7369676E 
 1431      65642069 
 1431      6E7400
 1432              	.LASF10:
 1433 00d3 646F7562 		.ascii	"double\000"
 1433      6C6500
 1434              	.LASF14:
 1435 00da 63795F6D 		.ascii	"cy_meta_custnvl\000"
 1435      6574615F 
 1435      63757374 
 1435      6E766C00 
 1436              	.LASF13:
 1437 00ea 63795F6D 		.ascii	"cy_meta_configecc\000"
 1437      6574615F 
 1437      636F6E66 
 1437      69676563 
 1437      6300
 1438              	.LASF8:
 1439 00fc 756E7369 		.ascii	"unsigned int\000"
 1439      676E6564 
ARM GAS  C:\Users\AARONW~1\AppData\Local\Temp\ccTQ3MeI.s 			page 27


 1439      20696E74 
 1439      00
 1440              	.LASF7:
 1441 0109 6C6F6E67 		.ascii	"long long unsigned int\000"
 1441      206C6F6E 
 1441      6720756E 
 1441      7369676E 
 1441      65642069 
 1442              	.LASF20:
 1443 0120 433A5C55 		.ascii	"C:\\Users\\Aaron Wubshet\\Google Drive\\1 College\\"
 1443      73657273 
 1443      5C416172 
 1443      6F6E2057 
 1443      75627368 
 1444 014e 3220536F 		.ascii	"2 Sophomore Year\\3 SPRING\\6.115\\Final Project PS"
 1444      70686F6D 
 1444      6F726520 
 1444      59656172 
 1444      5C332053 
 1445 017e 6F432057 		.ascii	"oC Workspace\\Final Project\\External_LCD_Display.c"
 1445      6F726B73 
 1445      70616365 
 1445      5C46696E 
 1445      616C2050 
 1446 01af 7964736E 		.ascii	"ydsn\000"
 1446      00
 1447              	.LASF16:
 1448 01b4 63795F6D 		.ascii	"cy_meta_flashprotect\000"
 1448      6574615F 
 1448      666C6173 
 1448      6870726F 
 1448      74656374 
 1449              	.LASF15:
 1450 01c9 63795F6D 		.ascii	"cy_meta_wonvl\000"
 1450      6574615F 
 1450      776F6E76 
 1450      6C00
 1451              	.LASF12:
 1452 01d7 73697A65 		.ascii	"sizetype\000"
 1452      74797065 
 1452      00
 1453              	.LASF6:
 1454 01e0 6C6F6E67 		.ascii	"long long int\000"
 1454      206C6F6E 
 1454      6720696E 
 1454      7400
 1455              	.LASF11:
 1456 01ee 63686172 		.ascii	"char\000"
 1456      00
 1457              	.LASF2:
 1458 01f3 73686F72 		.ascii	"short int\000"
 1458      7420696E 
 1458      7400
 1459              	.LASF21:
 1460 01fd 75696E74 		.ascii	"uint8\000"
 1460      3800
 1461              	.LASF4:
ARM GAS  C:\Users\AARONW~1\AppData\Local\Temp\ccTQ3MeI.s 			page 28


 1462 0203 6C6F6E67 		.ascii	"long int\000"
 1462      20696E74 
 1462      00
 1463              	.LASF0:
 1464 020c 7369676E 		.ascii	"signed char\000"
 1464      65642063 
 1464      68617200 
 1465              	.LASF19:
 1466 0218 47656E65 		.ascii	"Generated_Source\\PSoC5\\cymetadata.c\000"
 1466      72617465 
 1466      645F536F 
 1466      75726365 
 1466      5C50536F 
 1467              		.ident	"GCC: (GNU Tools for ARM Embedded Processors) 4.9.3 20150303 (release) [ARM/embedded-4_9-br
