ARM GAS  C:\Users\AARONW~1\AppData\Local\Temp\ccC9U2AB.s 			page 1


   1              		.syntax unified
   2              		.cpu cortex-m3
   3              		.fpu softvfp
   4              		.eabi_attribute 20, 1
   5              		.eabi_attribute 21, 1
   6              		.eabi_attribute 23, 3
   7              		.eabi_attribute 24, 1
   8              		.eabi_attribute 25, 1
   9              		.eabi_attribute 26, 1
  10              		.eabi_attribute 30, 6
  11              		.eabi_attribute 34, 1
  12              		.eabi_attribute 18, 4
  13              		.thumb
  14              		.file	"isr_1.c"
  15              		.text
  16              	.Ltext0:
  17              		.cfi_sections	.debug_frame
  18              		.section	.text.isr_1_Start,"ax",%progbits
  19              		.align	2
  20              		.global	isr_1_Start
  21              		.thumb
  22              		.thumb_func
  23              		.type	isr_1_Start, %function
  24              	isr_1_Start:
  25              	.LFB0:
  26              		.file 1 "Generated_Source\\PSoC5\\isr_1.c"
   1:Generated_Source\PSoC5/isr_1.c **** /*******************************************************************************
   2:Generated_Source\PSoC5/isr_1.c **** * File Name: isr_1.c  
   3:Generated_Source\PSoC5/isr_1.c **** * Version 1.70
   4:Generated_Source\PSoC5/isr_1.c **** *
   5:Generated_Source\PSoC5/isr_1.c **** *  Description:
   6:Generated_Source\PSoC5/isr_1.c **** *   API for controlling the state of an interrupt.
   7:Generated_Source\PSoC5/isr_1.c **** *
   8:Generated_Source\PSoC5/isr_1.c **** *
   9:Generated_Source\PSoC5/isr_1.c **** *  Note:
  10:Generated_Source\PSoC5/isr_1.c **** *
  11:Generated_Source\PSoC5/isr_1.c **** ********************************************************************************
  12:Generated_Source\PSoC5/isr_1.c **** * Copyright 2008-2015, Cypress Semiconductor Corporation.  All rights reserved.
  13:Generated_Source\PSoC5/isr_1.c **** * You may use this file only in accordance with the license, terms, conditions, 
  14:Generated_Source\PSoC5/isr_1.c **** * disclaimers, and limitations in the end user license agreement accompanying 
  15:Generated_Source\PSoC5/isr_1.c **** * the software package with which this file was provided.
  16:Generated_Source\PSoC5/isr_1.c **** *******************************************************************************/
  17:Generated_Source\PSoC5/isr_1.c **** 
  18:Generated_Source\PSoC5/isr_1.c **** 
  19:Generated_Source\PSoC5/isr_1.c **** #include <cydevice_trm.h>
  20:Generated_Source\PSoC5/isr_1.c **** #include <CyLib.h>
  21:Generated_Source\PSoC5/isr_1.c **** #include <isr_1.h>
  22:Generated_Source\PSoC5/isr_1.c **** #include "cyapicallbacks.h"
  23:Generated_Source\PSoC5/isr_1.c **** 
  24:Generated_Source\PSoC5/isr_1.c **** #if !defined(isr_1__REMOVED) /* Check for removal by optimization */
  25:Generated_Source\PSoC5/isr_1.c **** 
  26:Generated_Source\PSoC5/isr_1.c **** /*******************************************************************************
  27:Generated_Source\PSoC5/isr_1.c **** *  Place your includes, defines and code here 
  28:Generated_Source\PSoC5/isr_1.c **** ********************************************************************************/
  29:Generated_Source\PSoC5/isr_1.c **** /* `#START isr_1_intc` */
  30:Generated_Source\PSoC5/isr_1.c **** extern uint8 flag; 
  31:Generated_Source\PSoC5/isr_1.c **** /* `#END` */
ARM GAS  C:\Users\AARONW~1\AppData\Local\Temp\ccC9U2AB.s 			page 2


  32:Generated_Source\PSoC5/isr_1.c **** 
  33:Generated_Source\PSoC5/isr_1.c **** #ifndef CYINT_IRQ_BASE
  34:Generated_Source\PSoC5/isr_1.c **** #define CYINT_IRQ_BASE      16
  35:Generated_Source\PSoC5/isr_1.c **** #endif /* CYINT_IRQ_BASE */
  36:Generated_Source\PSoC5/isr_1.c **** #ifndef CYINT_VECT_TABLE
  37:Generated_Source\PSoC5/isr_1.c **** #define CYINT_VECT_TABLE    ((cyisraddress **) CYREG_NVIC_VECT_OFFSET)
  38:Generated_Source\PSoC5/isr_1.c **** #endif /* CYINT_VECT_TABLE */
  39:Generated_Source\PSoC5/isr_1.c **** 
  40:Generated_Source\PSoC5/isr_1.c **** /* Declared in startup, used to set unused interrupts to. */
  41:Generated_Source\PSoC5/isr_1.c **** CY_ISR_PROTO(IntDefaultHandler);
  42:Generated_Source\PSoC5/isr_1.c **** 
  43:Generated_Source\PSoC5/isr_1.c **** 
  44:Generated_Source\PSoC5/isr_1.c **** /*******************************************************************************
  45:Generated_Source\PSoC5/isr_1.c **** * Function Name: isr_1_Start
  46:Generated_Source\PSoC5/isr_1.c **** ********************************************************************************
  47:Generated_Source\PSoC5/isr_1.c **** *
  48:Generated_Source\PSoC5/isr_1.c **** * Summary:
  49:Generated_Source\PSoC5/isr_1.c **** *  Set up the interrupt and enable it. This function disables the interrupt, 
  50:Generated_Source\PSoC5/isr_1.c **** *  sets the default interrupt vector, sets the priority from the value in the
  51:Generated_Source\PSoC5/isr_1.c **** *  Design Wide Resources Interrupt Editor, then enables the interrupt to the 
  52:Generated_Source\PSoC5/isr_1.c **** *  interrupt controller.
  53:Generated_Source\PSoC5/isr_1.c **** *
  54:Generated_Source\PSoC5/isr_1.c **** * Parameters:  
  55:Generated_Source\PSoC5/isr_1.c **** *   None
  56:Generated_Source\PSoC5/isr_1.c **** *
  57:Generated_Source\PSoC5/isr_1.c **** * Return:
  58:Generated_Source\PSoC5/isr_1.c **** *   None
  59:Generated_Source\PSoC5/isr_1.c **** *
  60:Generated_Source\PSoC5/isr_1.c **** *******************************************************************************/
  61:Generated_Source\PSoC5/isr_1.c **** void isr_1_Start(void)
  62:Generated_Source\PSoC5/isr_1.c **** {
  27              		.loc 1 62 0
  28              		.cfi_startproc
  29              		@ args = 0, pretend = 0, frame = 0
  30              		@ frame_needed = 1, uses_anonymous_args = 0
  31 0000 80B5     		push	{r7, lr}
  32              		.cfi_def_cfa_offset 8
  33              		.cfi_offset 7, -8
  34              		.cfi_offset 14, -4
  35 0002 00AF     		add	r7, sp, #0
  36              		.cfi_def_cfa_register 7
  63:Generated_Source\PSoC5/isr_1.c ****     /* For all we know the interrupt is active. */
  64:Generated_Source\PSoC5/isr_1.c ****     isr_1_Disable();
  37              		.loc 1 64 0
  38 0004 FFF7FEFF 		bl	isr_1_Disable
  65:Generated_Source\PSoC5/isr_1.c **** 
  66:Generated_Source\PSoC5/isr_1.c ****     /* Set the ISR to point to the isr_1 Interrupt. */
  67:Generated_Source\PSoC5/isr_1.c ****     isr_1_SetVector(&isr_1_Interrupt);
  39              		.loc 1 67 0
  40 0008 0448     		ldr	r0, .L2
  41 000a FFF7FEFF 		bl	isr_1_SetVector
  68:Generated_Source\PSoC5/isr_1.c **** 
  69:Generated_Source\PSoC5/isr_1.c ****     /* Set the priority. */
  70:Generated_Source\PSoC5/isr_1.c ****     isr_1_SetPriority((uint8)isr_1_INTC_PRIOR_NUMBER);
  42              		.loc 1 70 0
  43 000e 0720     		movs	r0, #7
  44 0010 FFF7FEFF 		bl	isr_1_SetPriority
ARM GAS  C:\Users\AARONW~1\AppData\Local\Temp\ccC9U2AB.s 			page 3


  71:Generated_Source\PSoC5/isr_1.c **** 
  72:Generated_Source\PSoC5/isr_1.c ****     /* Enable it. */
  73:Generated_Source\PSoC5/isr_1.c ****     isr_1_Enable();
  45              		.loc 1 73 0
  46 0014 FFF7FEFF 		bl	isr_1_Enable
  74:Generated_Source\PSoC5/isr_1.c **** }
  47              		.loc 1 74 0
  48 0018 80BD     		pop	{r7, pc}
  49              	.L3:
  50 001a 00BF     		.align	2
  51              	.L2:
  52 001c 00000000 		.word	isr_1_Interrupt
  53              		.cfi_endproc
  54              	.LFE0:
  55              		.size	isr_1_Start, .-isr_1_Start
  56              		.section	.text.isr_1_StartEx,"ax",%progbits
  57              		.align	2
  58              		.global	isr_1_StartEx
  59              		.thumb
  60              		.thumb_func
  61              		.type	isr_1_StartEx, %function
  62              	isr_1_StartEx:
  63              	.LFB1:
  75:Generated_Source\PSoC5/isr_1.c **** 
  76:Generated_Source\PSoC5/isr_1.c **** 
  77:Generated_Source\PSoC5/isr_1.c **** /*******************************************************************************
  78:Generated_Source\PSoC5/isr_1.c **** * Function Name: isr_1_StartEx
  79:Generated_Source\PSoC5/isr_1.c **** ********************************************************************************
  80:Generated_Source\PSoC5/isr_1.c **** *
  81:Generated_Source\PSoC5/isr_1.c **** * Summary:
  82:Generated_Source\PSoC5/isr_1.c **** *  Sets up the interrupt and enables it. This function disables the interrupt,
  83:Generated_Source\PSoC5/isr_1.c **** *  sets the interrupt vector based on the address passed in, sets the priority 
  84:Generated_Source\PSoC5/isr_1.c **** *  from the value in the Design Wide Resources Interrupt Editor, then enables 
  85:Generated_Source\PSoC5/isr_1.c **** *  the interrupt to the interrupt controller.
  86:Generated_Source\PSoC5/isr_1.c **** *  
  87:Generated_Source\PSoC5/isr_1.c **** *  When defining ISR functions, the CY_ISR and CY_ISR_PROTO macros should be 
  88:Generated_Source\PSoC5/isr_1.c **** *  used to provide consistent definition across compilers:
  89:Generated_Source\PSoC5/isr_1.c **** *  
  90:Generated_Source\PSoC5/isr_1.c **** *  Function definition example:
  91:Generated_Source\PSoC5/isr_1.c **** *   CY_ISR(MyISR)
  92:Generated_Source\PSoC5/isr_1.c **** *   {
  93:Generated_Source\PSoC5/isr_1.c **** *   }
  94:Generated_Source\PSoC5/isr_1.c **** *   Function prototype example:
  95:Generated_Source\PSoC5/isr_1.c **** *   CY_ISR_PROTO(MyISR);
  96:Generated_Source\PSoC5/isr_1.c **** *
  97:Generated_Source\PSoC5/isr_1.c **** * Parameters:  
  98:Generated_Source\PSoC5/isr_1.c **** *   address: Address of the ISR to set in the interrupt vector table.
  99:Generated_Source\PSoC5/isr_1.c **** *
 100:Generated_Source\PSoC5/isr_1.c **** * Return:
 101:Generated_Source\PSoC5/isr_1.c **** *   None
 102:Generated_Source\PSoC5/isr_1.c **** *
 103:Generated_Source\PSoC5/isr_1.c **** *******************************************************************************/
 104:Generated_Source\PSoC5/isr_1.c **** void isr_1_StartEx(cyisraddress address)
 105:Generated_Source\PSoC5/isr_1.c **** {
  64              		.loc 1 105 0
  65              		.cfi_startproc
  66              		@ args = 0, pretend = 0, frame = 8
ARM GAS  C:\Users\AARONW~1\AppData\Local\Temp\ccC9U2AB.s 			page 4


  67              		@ frame_needed = 1, uses_anonymous_args = 0
  68 0000 80B5     		push	{r7, lr}
  69              		.cfi_def_cfa_offset 8
  70              		.cfi_offset 7, -8
  71              		.cfi_offset 14, -4
  72 0002 82B0     		sub	sp, sp, #8
  73              		.cfi_def_cfa_offset 16
  74 0004 00AF     		add	r7, sp, #0
  75              		.cfi_def_cfa_register 7
  76 0006 7860     		str	r0, [r7, #4]
 106:Generated_Source\PSoC5/isr_1.c ****     /* For all we know the interrupt is active. */
 107:Generated_Source\PSoC5/isr_1.c ****     isr_1_Disable();
  77              		.loc 1 107 0
  78 0008 FFF7FEFF 		bl	isr_1_Disable
 108:Generated_Source\PSoC5/isr_1.c **** 
 109:Generated_Source\PSoC5/isr_1.c ****     /* Set the ISR to point to the isr_1 Interrupt. */
 110:Generated_Source\PSoC5/isr_1.c ****     isr_1_SetVector(address);
  79              		.loc 1 110 0
  80 000c 7868     		ldr	r0, [r7, #4]
  81 000e FFF7FEFF 		bl	isr_1_SetVector
 111:Generated_Source\PSoC5/isr_1.c **** 
 112:Generated_Source\PSoC5/isr_1.c ****     /* Set the priority. */
 113:Generated_Source\PSoC5/isr_1.c ****     isr_1_SetPriority((uint8)isr_1_INTC_PRIOR_NUMBER);
  82              		.loc 1 113 0
  83 0012 0720     		movs	r0, #7
  84 0014 FFF7FEFF 		bl	isr_1_SetPriority
 114:Generated_Source\PSoC5/isr_1.c **** 
 115:Generated_Source\PSoC5/isr_1.c ****     /* Enable it. */
 116:Generated_Source\PSoC5/isr_1.c ****     isr_1_Enable();
  85              		.loc 1 116 0
  86 0018 FFF7FEFF 		bl	isr_1_Enable
 117:Generated_Source\PSoC5/isr_1.c **** }
  87              		.loc 1 117 0
  88 001c 0837     		adds	r7, r7, #8
  89              		.cfi_def_cfa_offset 8
  90 001e BD46     		mov	sp, r7
  91              		.cfi_def_cfa_register 13
  92              		@ sp needed
  93 0020 80BD     		pop	{r7, pc}
  94              		.cfi_endproc
  95              	.LFE1:
  96              		.size	isr_1_StartEx, .-isr_1_StartEx
  97 0022 00BF     		.section	.text.isr_1_Stop,"ax",%progbits
  98              		.align	2
  99              		.global	isr_1_Stop
 100              		.thumb
 101              		.thumb_func
 102              		.type	isr_1_Stop, %function
 103              	isr_1_Stop:
 104              	.LFB2:
 118:Generated_Source\PSoC5/isr_1.c **** 
 119:Generated_Source\PSoC5/isr_1.c **** 
 120:Generated_Source\PSoC5/isr_1.c **** /*******************************************************************************
 121:Generated_Source\PSoC5/isr_1.c **** * Function Name: isr_1_Stop
 122:Generated_Source\PSoC5/isr_1.c **** ********************************************************************************
 123:Generated_Source\PSoC5/isr_1.c **** *
 124:Generated_Source\PSoC5/isr_1.c **** * Summary:
ARM GAS  C:\Users\AARONW~1\AppData\Local\Temp\ccC9U2AB.s 			page 5


 125:Generated_Source\PSoC5/isr_1.c **** *   Disables and removes the interrupt.
 126:Generated_Source\PSoC5/isr_1.c **** *
 127:Generated_Source\PSoC5/isr_1.c **** * Parameters:  
 128:Generated_Source\PSoC5/isr_1.c **** *   None
 129:Generated_Source\PSoC5/isr_1.c **** *
 130:Generated_Source\PSoC5/isr_1.c **** * Return:
 131:Generated_Source\PSoC5/isr_1.c **** *   None
 132:Generated_Source\PSoC5/isr_1.c **** *
 133:Generated_Source\PSoC5/isr_1.c **** *******************************************************************************/
 134:Generated_Source\PSoC5/isr_1.c **** void isr_1_Stop(void)
 135:Generated_Source\PSoC5/isr_1.c **** {
 105              		.loc 1 135 0
 106              		.cfi_startproc
 107              		@ args = 0, pretend = 0, frame = 0
 108              		@ frame_needed = 1, uses_anonymous_args = 0
 109 0000 80B5     		push	{r7, lr}
 110              		.cfi_def_cfa_offset 8
 111              		.cfi_offset 7, -8
 112              		.cfi_offset 14, -4
 113 0002 00AF     		add	r7, sp, #0
 114              		.cfi_def_cfa_register 7
 136:Generated_Source\PSoC5/isr_1.c ****     /* Disable this interrupt. */
 137:Generated_Source\PSoC5/isr_1.c ****     isr_1_Disable();
 115              		.loc 1 137 0
 116 0004 FFF7FEFF 		bl	isr_1_Disable
 138:Generated_Source\PSoC5/isr_1.c **** 
 139:Generated_Source\PSoC5/isr_1.c ****     /* Set the ISR to point to the passive one. */
 140:Generated_Source\PSoC5/isr_1.c ****     isr_1_SetVector(&IntDefaultHandler);
 117              		.loc 1 140 0
 118 0008 0148     		ldr	r0, .L6
 119 000a FFF7FEFF 		bl	isr_1_SetVector
 141:Generated_Source\PSoC5/isr_1.c **** }
 120              		.loc 1 141 0
 121 000e 80BD     		pop	{r7, pc}
 122              	.L7:
 123              		.align	2
 124              	.L6:
 125 0010 00000000 		.word	IntDefaultHandler
 126              		.cfi_endproc
 127              	.LFE2:
 128              		.size	isr_1_Stop, .-isr_1_Stop
 129              		.section	.text.isr_1_Interrupt,"ax",%progbits
 130              		.align	2
 131              		.global	isr_1_Interrupt
 132              		.thumb
 133              		.thumb_func
 134              		.type	isr_1_Interrupt, %function
 135              	isr_1_Interrupt:
 136              	.LFB3:
 142:Generated_Source\PSoC5/isr_1.c **** 
 143:Generated_Source\PSoC5/isr_1.c **** 
 144:Generated_Source\PSoC5/isr_1.c **** /*******************************************************************************
 145:Generated_Source\PSoC5/isr_1.c **** * Function Name: isr_1_Interrupt
 146:Generated_Source\PSoC5/isr_1.c **** ********************************************************************************
 147:Generated_Source\PSoC5/isr_1.c **** *
 148:Generated_Source\PSoC5/isr_1.c **** * Summary:
 149:Generated_Source\PSoC5/isr_1.c **** *   The default Interrupt Service Routine for isr_1.
ARM GAS  C:\Users\AARONW~1\AppData\Local\Temp\ccC9U2AB.s 			page 6


 150:Generated_Source\PSoC5/isr_1.c **** *
 151:Generated_Source\PSoC5/isr_1.c **** *   Add custom code between the coments to keep the next version of this file
 152:Generated_Source\PSoC5/isr_1.c **** *   from over writting your code.
 153:Generated_Source\PSoC5/isr_1.c **** *
 154:Generated_Source\PSoC5/isr_1.c **** * Parameters:  
 155:Generated_Source\PSoC5/isr_1.c **** *
 156:Generated_Source\PSoC5/isr_1.c **** * Return:
 157:Generated_Source\PSoC5/isr_1.c **** *   None
 158:Generated_Source\PSoC5/isr_1.c **** *
 159:Generated_Source\PSoC5/isr_1.c **** *******************************************************************************/
 160:Generated_Source\PSoC5/isr_1.c **** CY_ISR(isr_1_Interrupt)
 161:Generated_Source\PSoC5/isr_1.c **** {
 137              		.loc 1 161 0
 138              		.cfi_startproc
 139              		@ args = 0, pretend = 0, frame = 0
 140              		@ frame_needed = 1, uses_anonymous_args = 0
 141              		@ link register save eliminated.
 142 0000 80B4     		push	{r7}
 143              		.cfi_def_cfa_offset 4
 144              		.cfi_offset 7, -4
 145 0002 00AF     		add	r7, sp, #0
 146              		.cfi_def_cfa_register 7
 162:Generated_Source\PSoC5/isr_1.c ****     #ifdef isr_1_INTERRUPT_INTERRUPT_CALLBACK
 163:Generated_Source\PSoC5/isr_1.c ****         isr_1_Interrupt_InterruptCallback();
 164:Generated_Source\PSoC5/isr_1.c ****     #endif /* isr_1_INTERRUPT_INTERRUPT_CALLBACK */ 
 165:Generated_Source\PSoC5/isr_1.c **** 
 166:Generated_Source\PSoC5/isr_1.c ****     /*  Place your Interrupt code here. */
 167:Generated_Source\PSoC5/isr_1.c ****     /* `#START isr_1_Interrupt` */
 168:Generated_Source\PSoC5/isr_1.c ****     flag = 1;
 147              		.loc 1 168 0
 148 0004 034B     		ldr	r3, .L9
 149 0006 0122     		movs	r2, #1
 150 0008 1A70     		strb	r2, [r3]
 169:Generated_Source\PSoC5/isr_1.c ****     
 170:Generated_Source\PSoC5/isr_1.c ****     /* `#END` */
 171:Generated_Source\PSoC5/isr_1.c **** }
 151              		.loc 1 171 0
 152 000a BD46     		mov	sp, r7
 153              		.cfi_def_cfa_register 13
 154              		@ sp needed
 155 000c 5DF8047B 		ldr	r7, [sp], #4
 156              		.cfi_restore 7
 157              		.cfi_def_cfa_offset 0
 158 0010 7047     		bx	lr
 159              	.L10:
 160 0012 00BF     		.align	2
 161              	.L9:
 162 0014 00000000 		.word	flag
 163              		.cfi_endproc
 164              	.LFE3:
 165              		.size	isr_1_Interrupt, .-isr_1_Interrupt
 166              		.section	.text.isr_1_SetVector,"ax",%progbits
 167              		.align	2
 168              		.global	isr_1_SetVector
 169              		.thumb
 170              		.thumb_func
 171              		.type	isr_1_SetVector, %function
ARM GAS  C:\Users\AARONW~1\AppData\Local\Temp\ccC9U2AB.s 			page 7


 172              	isr_1_SetVector:
 173              	.LFB4:
 172:Generated_Source\PSoC5/isr_1.c **** 
 173:Generated_Source\PSoC5/isr_1.c **** 
 174:Generated_Source\PSoC5/isr_1.c **** /*******************************************************************************
 175:Generated_Source\PSoC5/isr_1.c **** * Function Name: isr_1_SetVector
 176:Generated_Source\PSoC5/isr_1.c **** ********************************************************************************
 177:Generated_Source\PSoC5/isr_1.c **** *
 178:Generated_Source\PSoC5/isr_1.c **** * Summary:
 179:Generated_Source\PSoC5/isr_1.c **** *   Change the ISR vector for the Interrupt. Note calling isr_1_Start
 180:Generated_Source\PSoC5/isr_1.c **** *   will override any effect this method would have had. To set the vector 
 181:Generated_Source\PSoC5/isr_1.c **** *   before the component has been started use isr_1_StartEx instead.
 182:Generated_Source\PSoC5/isr_1.c **** * 
 183:Generated_Source\PSoC5/isr_1.c **** *   When defining ISR functions, the CY_ISR and CY_ISR_PROTO macros should be 
 184:Generated_Source\PSoC5/isr_1.c **** *   used to provide consistent definition across compilers:
 185:Generated_Source\PSoC5/isr_1.c **** *
 186:Generated_Source\PSoC5/isr_1.c **** *   Function definition example:
 187:Generated_Source\PSoC5/isr_1.c **** *   CY_ISR(MyISR)
 188:Generated_Source\PSoC5/isr_1.c **** *   {
 189:Generated_Source\PSoC5/isr_1.c **** *   }
 190:Generated_Source\PSoC5/isr_1.c **** *
 191:Generated_Source\PSoC5/isr_1.c **** *   Function prototype example:
 192:Generated_Source\PSoC5/isr_1.c **** *     CY_ISR_PROTO(MyISR);
 193:Generated_Source\PSoC5/isr_1.c **** *
 194:Generated_Source\PSoC5/isr_1.c **** * Parameters:
 195:Generated_Source\PSoC5/isr_1.c **** *   address: Address of the ISR to set in the interrupt vector table.
 196:Generated_Source\PSoC5/isr_1.c **** *
 197:Generated_Source\PSoC5/isr_1.c **** * Return:
 198:Generated_Source\PSoC5/isr_1.c **** *   None
 199:Generated_Source\PSoC5/isr_1.c **** *
 200:Generated_Source\PSoC5/isr_1.c **** *******************************************************************************/
 201:Generated_Source\PSoC5/isr_1.c **** void isr_1_SetVector(cyisraddress address)
 202:Generated_Source\PSoC5/isr_1.c **** {
 174              		.loc 1 202 0
 175              		.cfi_startproc
 176              		@ args = 0, pretend = 0, frame = 16
 177              		@ frame_needed = 1, uses_anonymous_args = 0
 178              		@ link register save eliminated.
 179 0000 80B4     		push	{r7}
 180              		.cfi_def_cfa_offset 4
 181              		.cfi_offset 7, -4
 182 0002 85B0     		sub	sp, sp, #20
 183              		.cfi_def_cfa_offset 24
 184 0004 00AF     		add	r7, sp, #0
 185              		.cfi_def_cfa_register 7
 186 0006 7860     		str	r0, [r7, #4]
 203:Generated_Source\PSoC5/isr_1.c ****     cyisraddress * ramVectorTable;
 204:Generated_Source\PSoC5/isr_1.c **** 
 205:Generated_Source\PSoC5/isr_1.c ****     ramVectorTable = (cyisraddress *) *CYINT_VECT_TABLE;
 187              		.loc 1 205 0
 188 0008 054B     		ldr	r3, .L12
 189 000a 1B68     		ldr	r3, [r3]
 190 000c FB60     		str	r3, [r7, #12]
 206:Generated_Source\PSoC5/isr_1.c **** 
 207:Generated_Source\PSoC5/isr_1.c ****     ramVectorTable[CYINT_IRQ_BASE + (uint32)isr_1__INTC_NUMBER] = address;
 191              		.loc 1 207 0
 192 000e FB68     		ldr	r3, [r7, #12]
ARM GAS  C:\Users\AARONW~1\AppData\Local\Temp\ccC9U2AB.s 			page 8


 193 0010 4033     		adds	r3, r3, #64
 194 0012 7A68     		ldr	r2, [r7, #4]
 195 0014 1A60     		str	r2, [r3]
 208:Generated_Source\PSoC5/isr_1.c **** }
 196              		.loc 1 208 0
 197 0016 1437     		adds	r7, r7, #20
 198              		.cfi_def_cfa_offset 4
 199 0018 BD46     		mov	sp, r7
 200              		.cfi_def_cfa_register 13
 201              		@ sp needed
 202 001a 5DF8047B 		ldr	r7, [sp], #4
 203              		.cfi_restore 7
 204              		.cfi_def_cfa_offset 0
 205 001e 7047     		bx	lr
 206              	.L13:
 207              		.align	2
 208              	.L12:
 209 0020 08ED00E0 		.word	-536810232
 210              		.cfi_endproc
 211              	.LFE4:
 212              		.size	isr_1_SetVector, .-isr_1_SetVector
 213              		.section	.text.isr_1_GetVector,"ax",%progbits
 214              		.align	2
 215              		.global	isr_1_GetVector
 216              		.thumb
 217              		.thumb_func
 218              		.type	isr_1_GetVector, %function
 219              	isr_1_GetVector:
 220              	.LFB5:
 209:Generated_Source\PSoC5/isr_1.c **** 
 210:Generated_Source\PSoC5/isr_1.c **** 
 211:Generated_Source\PSoC5/isr_1.c **** /*******************************************************************************
 212:Generated_Source\PSoC5/isr_1.c **** * Function Name: isr_1_GetVector
 213:Generated_Source\PSoC5/isr_1.c **** ********************************************************************************
 214:Generated_Source\PSoC5/isr_1.c **** *
 215:Generated_Source\PSoC5/isr_1.c **** * Summary:
 216:Generated_Source\PSoC5/isr_1.c **** *   Gets the "address" of the current ISR vector for the Interrupt.
 217:Generated_Source\PSoC5/isr_1.c **** *
 218:Generated_Source\PSoC5/isr_1.c **** * Parameters:
 219:Generated_Source\PSoC5/isr_1.c **** *   None
 220:Generated_Source\PSoC5/isr_1.c **** *
 221:Generated_Source\PSoC5/isr_1.c **** * Return:
 222:Generated_Source\PSoC5/isr_1.c **** *   Address of the ISR in the interrupt vector table.
 223:Generated_Source\PSoC5/isr_1.c **** *
 224:Generated_Source\PSoC5/isr_1.c **** *******************************************************************************/
 225:Generated_Source\PSoC5/isr_1.c **** cyisraddress isr_1_GetVector(void)
 226:Generated_Source\PSoC5/isr_1.c **** {
 221              		.loc 1 226 0
 222              		.cfi_startproc
 223              		@ args = 0, pretend = 0, frame = 8
 224              		@ frame_needed = 1, uses_anonymous_args = 0
 225              		@ link register save eliminated.
 226 0000 80B4     		push	{r7}
 227              		.cfi_def_cfa_offset 4
 228              		.cfi_offset 7, -4
 229 0002 83B0     		sub	sp, sp, #12
 230              		.cfi_def_cfa_offset 16
ARM GAS  C:\Users\AARONW~1\AppData\Local\Temp\ccC9U2AB.s 			page 9


 231 0004 00AF     		add	r7, sp, #0
 232              		.cfi_def_cfa_register 7
 227:Generated_Source\PSoC5/isr_1.c ****     cyisraddress * ramVectorTable;
 228:Generated_Source\PSoC5/isr_1.c **** 
 229:Generated_Source\PSoC5/isr_1.c ****     ramVectorTable = (cyisraddress *) *CYINT_VECT_TABLE;
 233              		.loc 1 229 0
 234 0006 054B     		ldr	r3, .L16
 235 0008 1B68     		ldr	r3, [r3]
 236 000a 7B60     		str	r3, [r7, #4]
 230:Generated_Source\PSoC5/isr_1.c **** 
 231:Generated_Source\PSoC5/isr_1.c ****     return ramVectorTable[CYINT_IRQ_BASE + (uint32)isr_1__INTC_NUMBER];
 237              		.loc 1 231 0
 238 000c 7B68     		ldr	r3, [r7, #4]
 239 000e 1B6C     		ldr	r3, [r3, #64]
 232:Generated_Source\PSoC5/isr_1.c **** }
 240              		.loc 1 232 0
 241 0010 1846     		mov	r0, r3
 242 0012 0C37     		adds	r7, r7, #12
 243              		.cfi_def_cfa_offset 4
 244 0014 BD46     		mov	sp, r7
 245              		.cfi_def_cfa_register 13
 246              		@ sp needed
 247 0016 5DF8047B 		ldr	r7, [sp], #4
 248              		.cfi_restore 7
 249              		.cfi_def_cfa_offset 0
 250 001a 7047     		bx	lr
 251              	.L17:
 252              		.align	2
 253              	.L16:
 254 001c 08ED00E0 		.word	-536810232
 255              		.cfi_endproc
 256              	.LFE5:
 257              		.size	isr_1_GetVector, .-isr_1_GetVector
 258              		.section	.text.isr_1_SetPriority,"ax",%progbits
 259              		.align	2
 260              		.global	isr_1_SetPriority
 261              		.thumb
 262              		.thumb_func
 263              		.type	isr_1_SetPriority, %function
 264              	isr_1_SetPriority:
 265              	.LFB6:
 233:Generated_Source\PSoC5/isr_1.c **** 
 234:Generated_Source\PSoC5/isr_1.c **** 
 235:Generated_Source\PSoC5/isr_1.c **** /*******************************************************************************
 236:Generated_Source\PSoC5/isr_1.c **** * Function Name: isr_1_SetPriority
 237:Generated_Source\PSoC5/isr_1.c **** ********************************************************************************
 238:Generated_Source\PSoC5/isr_1.c **** *
 239:Generated_Source\PSoC5/isr_1.c **** * Summary:
 240:Generated_Source\PSoC5/isr_1.c **** *   Sets the Priority of the Interrupt. 
 241:Generated_Source\PSoC5/isr_1.c **** *
 242:Generated_Source\PSoC5/isr_1.c **** *   Note calling isr_1_Start or isr_1_StartEx will 
 243:Generated_Source\PSoC5/isr_1.c **** *   override any effect this API would have had. This API should only be called
 244:Generated_Source\PSoC5/isr_1.c **** *   after isr_1_Start or isr_1_StartEx has been called. 
 245:Generated_Source\PSoC5/isr_1.c **** *   To set the initial priority for the component, use the Design-Wide Resources
 246:Generated_Source\PSoC5/isr_1.c **** *   Interrupt Editor.
 247:Generated_Source\PSoC5/isr_1.c **** *
 248:Generated_Source\PSoC5/isr_1.c **** *   Note This API has no effect on Non-maskable interrupt NMI).
ARM GAS  C:\Users\AARONW~1\AppData\Local\Temp\ccC9U2AB.s 			page 10


 249:Generated_Source\PSoC5/isr_1.c **** *
 250:Generated_Source\PSoC5/isr_1.c **** * Parameters:
 251:Generated_Source\PSoC5/isr_1.c **** *   priority: Priority of the interrupt, 0 being the highest priority
 252:Generated_Source\PSoC5/isr_1.c **** *             PSoC 3 and PSoC 5LP: Priority is from 0 to 7.
 253:Generated_Source\PSoC5/isr_1.c **** *             PSoC 4: Priority is from 0 to 3.
 254:Generated_Source\PSoC5/isr_1.c **** *
 255:Generated_Source\PSoC5/isr_1.c **** * Return:
 256:Generated_Source\PSoC5/isr_1.c **** *   None
 257:Generated_Source\PSoC5/isr_1.c **** *
 258:Generated_Source\PSoC5/isr_1.c **** *******************************************************************************/
 259:Generated_Source\PSoC5/isr_1.c **** void isr_1_SetPriority(uint8 priority)
 260:Generated_Source\PSoC5/isr_1.c **** {
 266              		.loc 1 260 0
 267              		.cfi_startproc
 268              		@ args = 0, pretend = 0, frame = 8
 269              		@ frame_needed = 1, uses_anonymous_args = 0
 270              		@ link register save eliminated.
 271 0000 80B4     		push	{r7}
 272              		.cfi_def_cfa_offset 4
 273              		.cfi_offset 7, -4
 274 0002 83B0     		sub	sp, sp, #12
 275              		.cfi_def_cfa_offset 16
 276 0004 00AF     		add	r7, sp, #0
 277              		.cfi_def_cfa_register 7
 278 0006 0346     		mov	r3, r0
 279 0008 FB71     		strb	r3, [r7, #7]
 261:Generated_Source\PSoC5/isr_1.c ****     *isr_1_INTC_PRIOR = priority << 5;
 280              		.loc 1 261 0
 281 000a 054A     		ldr	r2, .L19
 282 000c FB79     		ldrb	r3, [r7, #7]
 283 000e 5B01     		lsls	r3, r3, #5
 284 0010 DBB2     		uxtb	r3, r3
 285 0012 1370     		strb	r3, [r2]
 262:Generated_Source\PSoC5/isr_1.c **** }
 286              		.loc 1 262 0
 287 0014 0C37     		adds	r7, r7, #12
 288              		.cfi_def_cfa_offset 4
 289 0016 BD46     		mov	sp, r7
 290              		.cfi_def_cfa_register 13
 291              		@ sp needed
 292 0018 5DF8047B 		ldr	r7, [sp], #4
 293              		.cfi_restore 7
 294              		.cfi_def_cfa_offset 0
 295 001c 7047     		bx	lr
 296              	.L20:
 297 001e 00BF     		.align	2
 298              	.L19:
 299 0020 00E400E0 		.word	-536812544
 300              		.cfi_endproc
 301              	.LFE6:
 302              		.size	isr_1_SetPriority, .-isr_1_SetPriority
 303              		.section	.text.isr_1_GetPriority,"ax",%progbits
 304              		.align	2
 305              		.global	isr_1_GetPriority
 306              		.thumb
 307              		.thumb_func
 308              		.type	isr_1_GetPriority, %function
ARM GAS  C:\Users\AARONW~1\AppData\Local\Temp\ccC9U2AB.s 			page 11


 309              	isr_1_GetPriority:
 310              	.LFB7:
 263:Generated_Source\PSoC5/isr_1.c **** 
 264:Generated_Source\PSoC5/isr_1.c **** 
 265:Generated_Source\PSoC5/isr_1.c **** /*******************************************************************************
 266:Generated_Source\PSoC5/isr_1.c **** * Function Name: isr_1_GetPriority
 267:Generated_Source\PSoC5/isr_1.c **** ********************************************************************************
 268:Generated_Source\PSoC5/isr_1.c **** *
 269:Generated_Source\PSoC5/isr_1.c **** * Summary:
 270:Generated_Source\PSoC5/isr_1.c **** *   Gets the Priority of the Interrupt.
 271:Generated_Source\PSoC5/isr_1.c **** *
 272:Generated_Source\PSoC5/isr_1.c **** * Parameters:
 273:Generated_Source\PSoC5/isr_1.c **** *   None
 274:Generated_Source\PSoC5/isr_1.c **** *
 275:Generated_Source\PSoC5/isr_1.c **** * Return:
 276:Generated_Source\PSoC5/isr_1.c **** *   Priority of the interrupt, 0 being the highest priority
 277:Generated_Source\PSoC5/isr_1.c **** *    PSoC 3 and PSoC 5LP: Priority is from 0 to 7.
 278:Generated_Source\PSoC5/isr_1.c **** *    PSoC 4: Priority is from 0 to 3.
 279:Generated_Source\PSoC5/isr_1.c **** *
 280:Generated_Source\PSoC5/isr_1.c **** *******************************************************************************/
 281:Generated_Source\PSoC5/isr_1.c **** uint8 isr_1_GetPriority(void)
 282:Generated_Source\PSoC5/isr_1.c **** {
 311              		.loc 1 282 0
 312              		.cfi_startproc
 313              		@ args = 0, pretend = 0, frame = 8
 314              		@ frame_needed = 1, uses_anonymous_args = 0
 315              		@ link register save eliminated.
 316 0000 80B4     		push	{r7}
 317              		.cfi_def_cfa_offset 4
 318              		.cfi_offset 7, -4
 319 0002 83B0     		sub	sp, sp, #12
 320              		.cfi_def_cfa_offset 16
 321 0004 00AF     		add	r7, sp, #0
 322              		.cfi_def_cfa_register 7
 283:Generated_Source\PSoC5/isr_1.c ****     uint8 priority;
 284:Generated_Source\PSoC5/isr_1.c **** 
 285:Generated_Source\PSoC5/isr_1.c **** 
 286:Generated_Source\PSoC5/isr_1.c ****     priority = *isr_1_INTC_PRIOR >> 5;
 323              		.loc 1 286 0
 324 0006 064B     		ldr	r3, .L23
 325 0008 1B78     		ldrb	r3, [r3]
 326 000a DBB2     		uxtb	r3, r3
 327 000c 5B09     		lsrs	r3, r3, #5
 328 000e FB71     		strb	r3, [r7, #7]
 287:Generated_Source\PSoC5/isr_1.c **** 
 288:Generated_Source\PSoC5/isr_1.c ****     return priority;
 329              		.loc 1 288 0
 330 0010 FB79     		ldrb	r3, [r7, #7]	@ zero_extendqisi2
 289:Generated_Source\PSoC5/isr_1.c **** }
 331              		.loc 1 289 0
 332 0012 1846     		mov	r0, r3
 333 0014 0C37     		adds	r7, r7, #12
 334              		.cfi_def_cfa_offset 4
 335 0016 BD46     		mov	sp, r7
 336              		.cfi_def_cfa_register 13
 337              		@ sp needed
 338 0018 5DF8047B 		ldr	r7, [sp], #4
ARM GAS  C:\Users\AARONW~1\AppData\Local\Temp\ccC9U2AB.s 			page 12


 339              		.cfi_restore 7
 340              		.cfi_def_cfa_offset 0
 341 001c 7047     		bx	lr
 342              	.L24:
 343 001e 00BF     		.align	2
 344              	.L23:
 345 0020 00E400E0 		.word	-536812544
 346              		.cfi_endproc
 347              	.LFE7:
 348              		.size	isr_1_GetPriority, .-isr_1_GetPriority
 349              		.section	.text.isr_1_Enable,"ax",%progbits
 350              		.align	2
 351              		.global	isr_1_Enable
 352              		.thumb
 353              		.thumb_func
 354              		.type	isr_1_Enable, %function
 355              	isr_1_Enable:
 356              	.LFB8:
 290:Generated_Source\PSoC5/isr_1.c **** 
 291:Generated_Source\PSoC5/isr_1.c **** 
 292:Generated_Source\PSoC5/isr_1.c **** /*******************************************************************************
 293:Generated_Source\PSoC5/isr_1.c **** * Function Name: isr_1_Enable
 294:Generated_Source\PSoC5/isr_1.c **** ********************************************************************************
 295:Generated_Source\PSoC5/isr_1.c **** *
 296:Generated_Source\PSoC5/isr_1.c **** * Summary:
 297:Generated_Source\PSoC5/isr_1.c **** *   Enables the interrupt to the interrupt controller. Do not call this function
 298:Generated_Source\PSoC5/isr_1.c **** *   unless ISR_Start() has been called or the functionality of the ISR_Start() 
 299:Generated_Source\PSoC5/isr_1.c **** *   function, which sets the vector and the priority, has been called.
 300:Generated_Source\PSoC5/isr_1.c **** *
 301:Generated_Source\PSoC5/isr_1.c **** * Parameters:
 302:Generated_Source\PSoC5/isr_1.c **** *   None
 303:Generated_Source\PSoC5/isr_1.c **** *
 304:Generated_Source\PSoC5/isr_1.c **** * Return:
 305:Generated_Source\PSoC5/isr_1.c **** *   None
 306:Generated_Source\PSoC5/isr_1.c **** *
 307:Generated_Source\PSoC5/isr_1.c **** *******************************************************************************/
 308:Generated_Source\PSoC5/isr_1.c **** void isr_1_Enable(void)
 309:Generated_Source\PSoC5/isr_1.c **** {
 357              		.loc 1 309 0
 358              		.cfi_startproc
 359              		@ args = 0, pretend = 0, frame = 0
 360              		@ frame_needed = 1, uses_anonymous_args = 0
 361              		@ link register save eliminated.
 362 0000 80B4     		push	{r7}
 363              		.cfi_def_cfa_offset 4
 364              		.cfi_offset 7, -4
 365 0002 00AF     		add	r7, sp, #0
 366              		.cfi_def_cfa_register 7
 310:Generated_Source\PSoC5/isr_1.c ****     /* Enable the general interrupt. */
 311:Generated_Source\PSoC5/isr_1.c ****     *isr_1_INTC_SET_EN = isr_1__INTC_MASK;
 367              		.loc 1 311 0
 368 0004 034B     		ldr	r3, .L26
 369 0006 0122     		movs	r2, #1
 370 0008 1A60     		str	r2, [r3]
 312:Generated_Source\PSoC5/isr_1.c **** }
 371              		.loc 1 312 0
 372 000a BD46     		mov	sp, r7
ARM GAS  C:\Users\AARONW~1\AppData\Local\Temp\ccC9U2AB.s 			page 13


 373              		.cfi_def_cfa_register 13
 374              		@ sp needed
 375 000c 5DF8047B 		ldr	r7, [sp], #4
 376              		.cfi_restore 7
 377              		.cfi_def_cfa_offset 0
 378 0010 7047     		bx	lr
 379              	.L27:
 380 0012 00BF     		.align	2
 381              	.L26:
 382 0014 00E100E0 		.word	-536813312
 383              		.cfi_endproc
 384              	.LFE8:
 385              		.size	isr_1_Enable, .-isr_1_Enable
 386              		.section	.text.isr_1_GetState,"ax",%progbits
 387              		.align	2
 388              		.global	isr_1_GetState
 389              		.thumb
 390              		.thumb_func
 391              		.type	isr_1_GetState, %function
 392              	isr_1_GetState:
 393              	.LFB9:
 313:Generated_Source\PSoC5/isr_1.c **** 
 314:Generated_Source\PSoC5/isr_1.c **** 
 315:Generated_Source\PSoC5/isr_1.c **** /*******************************************************************************
 316:Generated_Source\PSoC5/isr_1.c **** * Function Name: isr_1_GetState
 317:Generated_Source\PSoC5/isr_1.c **** ********************************************************************************
 318:Generated_Source\PSoC5/isr_1.c **** *
 319:Generated_Source\PSoC5/isr_1.c **** * Summary:
 320:Generated_Source\PSoC5/isr_1.c **** *   Gets the state (enabled, disabled) of the Interrupt.
 321:Generated_Source\PSoC5/isr_1.c **** *
 322:Generated_Source\PSoC5/isr_1.c **** * Parameters:
 323:Generated_Source\PSoC5/isr_1.c **** *   None
 324:Generated_Source\PSoC5/isr_1.c **** *
 325:Generated_Source\PSoC5/isr_1.c **** * Return:
 326:Generated_Source\PSoC5/isr_1.c **** *   1 if enabled, 0 if disabled.
 327:Generated_Source\PSoC5/isr_1.c **** *
 328:Generated_Source\PSoC5/isr_1.c **** *******************************************************************************/
 329:Generated_Source\PSoC5/isr_1.c **** uint8 isr_1_GetState(void)
 330:Generated_Source\PSoC5/isr_1.c **** {
 394              		.loc 1 330 0
 395              		.cfi_startproc
 396              		@ args = 0, pretend = 0, frame = 0
 397              		@ frame_needed = 1, uses_anonymous_args = 0
 398              		@ link register save eliminated.
 399 0000 80B4     		push	{r7}
 400              		.cfi_def_cfa_offset 4
 401              		.cfi_offset 7, -4
 402 0002 00AF     		add	r7, sp, #0
 403              		.cfi_def_cfa_register 7
 331:Generated_Source\PSoC5/isr_1.c ****     /* Get the state of the general interrupt. */
 332:Generated_Source\PSoC5/isr_1.c ****     return ((*isr_1_INTC_SET_EN & (uint32)isr_1__INTC_MASK) != 0u) ? 1u:0u;
 404              		.loc 1 332 0
 405 0004 054B     		ldr	r3, .L30
 406 0006 1B68     		ldr	r3, [r3]
 407 0008 DBB2     		uxtb	r3, r3
 408 000a 03F00103 		and	r3, r3, #1
 409 000e DBB2     		uxtb	r3, r3
ARM GAS  C:\Users\AARONW~1\AppData\Local\Temp\ccC9U2AB.s 			page 14


 333:Generated_Source\PSoC5/isr_1.c **** }
 410              		.loc 1 333 0
 411 0010 1846     		mov	r0, r3
 412 0012 BD46     		mov	sp, r7
 413              		.cfi_def_cfa_register 13
 414              		@ sp needed
 415 0014 5DF8047B 		ldr	r7, [sp], #4
 416              		.cfi_restore 7
 417              		.cfi_def_cfa_offset 0
 418 0018 7047     		bx	lr
 419              	.L31:
 420 001a 00BF     		.align	2
 421              	.L30:
 422 001c 00E100E0 		.word	-536813312
 423              		.cfi_endproc
 424              	.LFE9:
 425              		.size	isr_1_GetState, .-isr_1_GetState
 426              		.section	.text.isr_1_Disable,"ax",%progbits
 427              		.align	2
 428              		.global	isr_1_Disable
 429              		.thumb
 430              		.thumb_func
 431              		.type	isr_1_Disable, %function
 432              	isr_1_Disable:
 433              	.LFB10:
 334:Generated_Source\PSoC5/isr_1.c **** 
 335:Generated_Source\PSoC5/isr_1.c **** 
 336:Generated_Source\PSoC5/isr_1.c **** /*******************************************************************************
 337:Generated_Source\PSoC5/isr_1.c **** * Function Name: isr_1_Disable
 338:Generated_Source\PSoC5/isr_1.c **** ********************************************************************************
 339:Generated_Source\PSoC5/isr_1.c **** *
 340:Generated_Source\PSoC5/isr_1.c **** * Summary:
 341:Generated_Source\PSoC5/isr_1.c **** *   Disables the Interrupt in the interrupt controller.
 342:Generated_Source\PSoC5/isr_1.c **** *
 343:Generated_Source\PSoC5/isr_1.c **** * Parameters:
 344:Generated_Source\PSoC5/isr_1.c **** *   None
 345:Generated_Source\PSoC5/isr_1.c **** *
 346:Generated_Source\PSoC5/isr_1.c **** * Return:
 347:Generated_Source\PSoC5/isr_1.c **** *   None
 348:Generated_Source\PSoC5/isr_1.c **** *
 349:Generated_Source\PSoC5/isr_1.c **** *******************************************************************************/
 350:Generated_Source\PSoC5/isr_1.c **** void isr_1_Disable(void)
 351:Generated_Source\PSoC5/isr_1.c **** {
 434              		.loc 1 351 0
 435              		.cfi_startproc
 436              		@ args = 0, pretend = 0, frame = 0
 437              		@ frame_needed = 1, uses_anonymous_args = 0
 438              		@ link register save eliminated.
 439 0000 80B4     		push	{r7}
 440              		.cfi_def_cfa_offset 4
 441              		.cfi_offset 7, -4
 442 0002 00AF     		add	r7, sp, #0
 443              		.cfi_def_cfa_register 7
 352:Generated_Source\PSoC5/isr_1.c ****     /* Disable the general interrupt. */
 353:Generated_Source\PSoC5/isr_1.c ****     *isr_1_INTC_CLR_EN = isr_1__INTC_MASK;
 444              		.loc 1 353 0
 445 0004 034B     		ldr	r3, .L33
ARM GAS  C:\Users\AARONW~1\AppData\Local\Temp\ccC9U2AB.s 			page 15


 446 0006 0122     		movs	r2, #1
 447 0008 1A60     		str	r2, [r3]
 354:Generated_Source\PSoC5/isr_1.c **** }
 448              		.loc 1 354 0
 449 000a BD46     		mov	sp, r7
 450              		.cfi_def_cfa_register 13
 451              		@ sp needed
 452 000c 5DF8047B 		ldr	r7, [sp], #4
 453              		.cfi_restore 7
 454              		.cfi_def_cfa_offset 0
 455 0010 7047     		bx	lr
 456              	.L34:
 457 0012 00BF     		.align	2
 458              	.L33:
 459 0014 80E100E0 		.word	-536813184
 460              		.cfi_endproc
 461              	.LFE10:
 462              		.size	isr_1_Disable, .-isr_1_Disable
 463              		.section	.text.isr_1_SetPending,"ax",%progbits
 464              		.align	2
 465              		.global	isr_1_SetPending
 466              		.thumb
 467              		.thumb_func
 468              		.type	isr_1_SetPending, %function
 469              	isr_1_SetPending:
 470              	.LFB11:
 355:Generated_Source\PSoC5/isr_1.c **** 
 356:Generated_Source\PSoC5/isr_1.c **** 
 357:Generated_Source\PSoC5/isr_1.c **** /*******************************************************************************
 358:Generated_Source\PSoC5/isr_1.c **** * Function Name: isr_1_SetPending
 359:Generated_Source\PSoC5/isr_1.c **** ********************************************************************************
 360:Generated_Source\PSoC5/isr_1.c **** *
 361:Generated_Source\PSoC5/isr_1.c **** * Summary:
 362:Generated_Source\PSoC5/isr_1.c **** *   Causes the Interrupt to enter the pending state, a software method of
 363:Generated_Source\PSoC5/isr_1.c **** *   generating the interrupt.
 364:Generated_Source\PSoC5/isr_1.c **** *
 365:Generated_Source\PSoC5/isr_1.c **** * Parameters:
 366:Generated_Source\PSoC5/isr_1.c **** *   None
 367:Generated_Source\PSoC5/isr_1.c **** *
 368:Generated_Source\PSoC5/isr_1.c **** * Return:
 369:Generated_Source\PSoC5/isr_1.c **** *   None
 370:Generated_Source\PSoC5/isr_1.c **** *
 371:Generated_Source\PSoC5/isr_1.c **** * Side Effects:
 372:Generated_Source\PSoC5/isr_1.c **** *   If interrupts are enabled and the interrupt is set up properly, the ISR is
 373:Generated_Source\PSoC5/isr_1.c **** *   entered (depending on the priority of this interrupt and other pending 
 374:Generated_Source\PSoC5/isr_1.c **** *   interrupts).
 375:Generated_Source\PSoC5/isr_1.c **** *
 376:Generated_Source\PSoC5/isr_1.c **** *******************************************************************************/
 377:Generated_Source\PSoC5/isr_1.c **** void isr_1_SetPending(void)
 378:Generated_Source\PSoC5/isr_1.c **** {
 471              		.loc 1 378 0
 472              		.cfi_startproc
 473              		@ args = 0, pretend = 0, frame = 0
 474              		@ frame_needed = 1, uses_anonymous_args = 0
 475              		@ link register save eliminated.
 476 0000 80B4     		push	{r7}
 477              		.cfi_def_cfa_offset 4
ARM GAS  C:\Users\AARONW~1\AppData\Local\Temp\ccC9U2AB.s 			page 16


 478              		.cfi_offset 7, -4
 479 0002 00AF     		add	r7, sp, #0
 480              		.cfi_def_cfa_register 7
 379:Generated_Source\PSoC5/isr_1.c ****     *isr_1_INTC_SET_PD = isr_1__INTC_MASK;
 481              		.loc 1 379 0
 482 0004 034B     		ldr	r3, .L36
 483 0006 0122     		movs	r2, #1
 484 0008 1A60     		str	r2, [r3]
 380:Generated_Source\PSoC5/isr_1.c **** }
 485              		.loc 1 380 0
 486 000a BD46     		mov	sp, r7
 487              		.cfi_def_cfa_register 13
 488              		@ sp needed
 489 000c 5DF8047B 		ldr	r7, [sp], #4
 490              		.cfi_restore 7
 491              		.cfi_def_cfa_offset 0
 492 0010 7047     		bx	lr
 493              	.L37:
 494 0012 00BF     		.align	2
 495              	.L36:
 496 0014 00E200E0 		.word	-536813056
 497              		.cfi_endproc
 498              	.LFE11:
 499              		.size	isr_1_SetPending, .-isr_1_SetPending
 500              		.section	.text.isr_1_ClearPending,"ax",%progbits
 501              		.align	2
 502              		.global	isr_1_ClearPending
 503              		.thumb
 504              		.thumb_func
 505              		.type	isr_1_ClearPending, %function
 506              	isr_1_ClearPending:
 507              	.LFB12:
 381:Generated_Source\PSoC5/isr_1.c **** 
 382:Generated_Source\PSoC5/isr_1.c **** 
 383:Generated_Source\PSoC5/isr_1.c **** /*******************************************************************************
 384:Generated_Source\PSoC5/isr_1.c **** * Function Name: isr_1_ClearPending
 385:Generated_Source\PSoC5/isr_1.c **** ********************************************************************************
 386:Generated_Source\PSoC5/isr_1.c **** *
 387:Generated_Source\PSoC5/isr_1.c **** * Summary:
 388:Generated_Source\PSoC5/isr_1.c **** *   Clears a pending interrupt in the interrupt controller.
 389:Generated_Source\PSoC5/isr_1.c **** *
 390:Generated_Source\PSoC5/isr_1.c **** *   Note Some interrupt sources are clear-on-read and require the block 
 391:Generated_Source\PSoC5/isr_1.c **** *   interrupt/status register to be read/cleared with the appropriate block API 
 392:Generated_Source\PSoC5/isr_1.c **** *   (GPIO, UART, and so on). Otherwise the ISR will continue to remain in 
 393:Generated_Source\PSoC5/isr_1.c **** *   pending state even though the interrupt itself is cleared using this API.
 394:Generated_Source\PSoC5/isr_1.c **** *
 395:Generated_Source\PSoC5/isr_1.c **** * Parameters:
 396:Generated_Source\PSoC5/isr_1.c **** *   None
 397:Generated_Source\PSoC5/isr_1.c **** *
 398:Generated_Source\PSoC5/isr_1.c **** * Return:
 399:Generated_Source\PSoC5/isr_1.c **** *   None
 400:Generated_Source\PSoC5/isr_1.c **** *
 401:Generated_Source\PSoC5/isr_1.c **** *******************************************************************************/
 402:Generated_Source\PSoC5/isr_1.c **** void isr_1_ClearPending(void)
 403:Generated_Source\PSoC5/isr_1.c **** {
 508              		.loc 1 403 0
 509              		.cfi_startproc
ARM GAS  C:\Users\AARONW~1\AppData\Local\Temp\ccC9U2AB.s 			page 17


 510              		@ args = 0, pretend = 0, frame = 0
 511              		@ frame_needed = 1, uses_anonymous_args = 0
 512              		@ link register save eliminated.
 513 0000 80B4     		push	{r7}
 514              		.cfi_def_cfa_offset 4
 515              		.cfi_offset 7, -4
 516 0002 00AF     		add	r7, sp, #0
 517              		.cfi_def_cfa_register 7
 404:Generated_Source\PSoC5/isr_1.c ****     *isr_1_INTC_CLR_PD = isr_1__INTC_MASK;
 518              		.loc 1 404 0
 519 0004 034B     		ldr	r3, .L39
 520 0006 0122     		movs	r2, #1
 521 0008 1A60     		str	r2, [r3]
 405:Generated_Source\PSoC5/isr_1.c **** }
 522              		.loc 1 405 0
 523 000a BD46     		mov	sp, r7
 524              		.cfi_def_cfa_register 13
 525              		@ sp needed
 526 000c 5DF8047B 		ldr	r7, [sp], #4
 527              		.cfi_restore 7
 528              		.cfi_def_cfa_offset 0
 529 0010 7047     		bx	lr
 530              	.L40:
 531 0012 00BF     		.align	2
 532              	.L39:
 533 0014 80E200E0 		.word	-536812928
 534              		.cfi_endproc
 535              	.LFE12:
 536              		.size	isr_1_ClearPending, .-isr_1_ClearPending
 537              		.text
 538              	.Letext0:
 539              		.file 2 "Generated_Source\\PSoC5/cytypes.h"
 540              		.section	.debug_info,"",%progbits
 541              	.Ldebug_info0:
 542 0000 41020000 		.4byte	0x241
 543 0004 0400     		.2byte	0x4
 544 0006 00000000 		.4byte	.Ldebug_abbrev0
 545 000a 04       		.byte	0x4
 546 000b 01       		.uleb128 0x1
 547 000c BD000000 		.4byte	.LASF33
 548 0010 01       		.byte	0x1
 549 0011 64010000 		.4byte	.LASF34
 550 0015 5D020000 		.4byte	.LASF35
 551 0019 00000000 		.4byte	.Ldebug_ranges0+0
 552 001d 00000000 		.4byte	0
 553 0021 00000000 		.4byte	.Ldebug_line0
 554 0025 02       		.uleb128 0x2
 555 0026 04       		.byte	0x4
 556 0027 05       		.byte	0x5
 557 0028 696E7400 		.ascii	"int\000"
 558 002c 03       		.uleb128 0x3
 559 002d 04       		.byte	0x4
 560 002e 07       		.byte	0x7
 561 002f 8F010000 		.4byte	.LASF0
 562 0033 03       		.uleb128 0x3
 563 0034 01       		.byte	0x1
 564 0035 06       		.byte	0x6
ARM GAS  C:\Users\AARONW~1\AppData\Local\Temp\ccC9U2AB.s 			page 18


 565 0036 33020000 		.4byte	.LASF1
 566 003a 03       		.uleb128 0x3
 567 003b 01       		.byte	0x1
 568 003c 08       		.byte	0x8
 569 003d 89000000 		.4byte	.LASF2
 570 0041 03       		.uleb128 0x3
 571 0042 02       		.byte	0x2
 572 0043 05       		.byte	0x5
 573 0044 00020000 		.4byte	.LASF3
 574 0048 03       		.uleb128 0x3
 575 0049 02       		.byte	0x2
 576 004a 07       		.byte	0x7
 577 004b 5E000000 		.4byte	.LASF4
 578 004f 03       		.uleb128 0x3
 579 0050 04       		.byte	0x4
 580 0051 05       		.byte	0x5
 581 0052 2A020000 		.4byte	.LASF5
 582 0056 03       		.uleb128 0x3
 583 0057 04       		.byte	0x4
 584 0058 07       		.byte	0x7
 585 0059 9C000000 		.4byte	.LASF6
 586 005d 03       		.uleb128 0x3
 587 005e 08       		.byte	0x8
 588 005f 05       		.byte	0x5
 589 0060 D1010000 		.4byte	.LASF7
 590 0064 03       		.uleb128 0x3
 591 0065 08       		.byte	0x8
 592 0066 07       		.byte	0x7
 593 0067 A4010000 		.4byte	.LASF8
 594 006b 03       		.uleb128 0x3
 595 006c 04       		.byte	0x4
 596 006d 07       		.byte	0x7
 597 006e C8010000 		.4byte	.LASF9
 598 0072 04       		.uleb128 0x4
 599 0073 04       		.byte	0x4
 600 0074 78000000 		.4byte	0x78
 601 0078 05       		.uleb128 0x5
 602 0079 03       		.uleb128 0x3
 603 007a 01       		.byte	0x1
 604 007b 08       		.byte	0x8
 605 007c EC010000 		.4byte	.LASF10
 606 0080 06       		.uleb128 0x6
 607 0081 AE000000 		.4byte	.LASF11
 608 0085 02       		.byte	0x2
 609 0086 9201     		.2byte	0x192
 610 0088 3A000000 		.4byte	0x3a
 611 008c 06       		.uleb128 0x6
 612 008d 83010000 		.4byte	.LASF12
 613 0091 02       		.byte	0x2
 614 0092 9401     		.2byte	0x194
 615 0094 56000000 		.4byte	0x56
 616 0098 03       		.uleb128 0x3
 617 0099 04       		.byte	0x4
 618 009a 04       		.byte	0x4
 619 009b 83000000 		.4byte	.LASF13
 620 009f 03       		.uleb128 0x3
 621 00a0 08       		.byte	0x8
ARM GAS  C:\Users\AARONW~1\AppData\Local\Temp\ccC9U2AB.s 			page 19


 622 00a1 04       		.byte	0x4
 623 00a2 4B010000 		.4byte	.LASF14
 624 00a6 06       		.uleb128 0x6
 625 00a7 97000000 		.4byte	.LASF15
 626 00ab 02       		.byte	0x2
 627 00ac 3C02     		.2byte	0x23c
 628 00ae B2000000 		.4byte	0xb2
 629 00b2 07       		.uleb128 0x7
 630 00b3 80000000 		.4byte	0x80
 631 00b7 06       		.uleb128 0x6
 632 00b8 13000000 		.4byte	.LASF16
 633 00bc 02       		.byte	0x2
 634 00bd 3E02     		.2byte	0x23e
 635 00bf C3000000 		.4byte	0xc3
 636 00c3 07       		.uleb128 0x7
 637 00c4 8C000000 		.4byte	0x8c
 638 00c8 06       		.uleb128 0x6
 639 00c9 BB010000 		.4byte	.LASF17
 640 00cd 02       		.byte	0x2
 641 00ce 4E02     		.2byte	0x24e
 642 00d0 72000000 		.4byte	0x72
 643 00d4 08       		.uleb128 0x8
 644 00d5 52000000 		.4byte	.LASF18
 645 00d9 01       		.byte	0x1
 646 00da 3D       		.byte	0x3d
 647 00db 00000000 		.4byte	.LFB0
 648 00df 20000000 		.4byte	.LFE0-.LFB0
 649 00e3 01       		.uleb128 0x1
 650 00e4 9C       		.byte	0x9c
 651 00e5 09       		.uleb128 0x9
 652 00e6 3F020000 		.4byte	.LASF21
 653 00ea 01       		.byte	0x1
 654 00eb 68       		.byte	0x68
 655 00ec 00000000 		.4byte	.LFB1
 656 00f0 22000000 		.4byte	.LFE1-.LFB1
 657 00f4 01       		.uleb128 0x1
 658 00f5 9C       		.byte	0x9c
 659 00f6 09010000 		.4byte	0x109
 660 00fa 0A       		.uleb128 0xa
 661 00fb 9C010000 		.4byte	.LASF23
 662 00ff 01       		.byte	0x1
 663 0100 68       		.byte	0x68
 664 0101 C8000000 		.4byte	0xc8
 665 0105 02       		.uleb128 0x2
 666 0106 91       		.byte	0x91
 667 0107 74       		.sleb128 -12
 668 0108 00       		.byte	0
 669 0109 08       		.uleb128 0x8
 670 010a 47000000 		.4byte	.LASF19
 671 010e 01       		.byte	0x1
 672 010f 86       		.byte	0x86
 673 0110 00000000 		.4byte	.LFB2
 674 0114 14000000 		.4byte	.LFE2-.LFB2
 675 0118 01       		.uleb128 0x1
 676 0119 9C       		.byte	0x9c
 677 011a 0B       		.uleb128 0xb
 678 011b 1A020000 		.4byte	.LASF20
ARM GAS  C:\Users\AARONW~1\AppData\Local\Temp\ccC9U2AB.s 			page 20


 679 011f 01       		.byte	0x1
 680 0120 A0       		.byte	0xa0
 681 0121 00000000 		.4byte	.LFB3
 682 0125 18000000 		.4byte	.LFE3-.LFB3
 683 0129 01       		.uleb128 0x1
 684 012a 9C       		.byte	0x9c
 685 012b 0C       		.uleb128 0xc
 686 012c 4D020000 		.4byte	.LASF22
 687 0130 01       		.byte	0x1
 688 0131 C9       		.byte	0xc9
 689 0132 00000000 		.4byte	.LFB4
 690 0136 24000000 		.4byte	.LFE4-.LFB4
 691 013a 01       		.uleb128 0x1
 692 013b 9C       		.byte	0x9c
 693 013c 5D010000 		.4byte	0x15d
 694 0140 0A       		.uleb128 0xa
 695 0141 9C010000 		.4byte	.LASF23
 696 0145 01       		.byte	0x1
 697 0146 C9       		.byte	0xc9
 698 0147 C8000000 		.4byte	0xc8
 699 014b 02       		.uleb128 0x2
 700 014c 91       		.byte	0x91
 701 014d 6C       		.sleb128 -20
 702 014e 0D       		.uleb128 0xd
 703 014f F1010000 		.4byte	.LASF24
 704 0153 01       		.byte	0x1
 705 0154 CB       		.byte	0xcb
 706 0155 5D010000 		.4byte	0x15d
 707 0159 02       		.uleb128 0x2
 708 015a 91       		.byte	0x91
 709 015b 74       		.sleb128 -12
 710 015c 00       		.byte	0
 711 015d 04       		.uleb128 0x4
 712 015e 04       		.byte	0x4
 713 015f C8000000 		.4byte	0xc8
 714 0163 0E       		.uleb128 0xe
 715 0164 0A020000 		.4byte	.LASF27
 716 0168 01       		.byte	0x1
 717 0169 E1       		.byte	0xe1
 718 016a C8000000 		.4byte	0xc8
 719 016e 00000000 		.4byte	.LFB5
 720 0172 20000000 		.4byte	.LFE5-.LFB5
 721 0176 01       		.uleb128 0x1
 722 0177 9C       		.byte	0x9c
 723 0178 8B010000 		.4byte	0x18b
 724 017c 0D       		.uleb128 0xd
 725 017d F1010000 		.4byte	.LASF24
 726 0181 01       		.byte	0x1
 727 0182 E3       		.byte	0xe3
 728 0183 5D010000 		.4byte	0x15d
 729 0187 02       		.uleb128 0x2
 730 0188 91       		.byte	0x91
 731 0189 74       		.sleb128 -12
 732 018a 00       		.byte	0
 733 018b 0F       		.uleb128 0xf
 734 018c 52010000 		.4byte	.LASF25
 735 0190 01       		.byte	0x1
ARM GAS  C:\Users\AARONW~1\AppData\Local\Temp\ccC9U2AB.s 			page 21


 736 0191 0301     		.2byte	0x103
 737 0193 00000000 		.4byte	.LFB6
 738 0197 24000000 		.4byte	.LFE6-.LFB6
 739 019b 01       		.uleb128 0x1
 740 019c 9C       		.byte	0x9c
 741 019d B1010000 		.4byte	0x1b1
 742 01a1 10       		.uleb128 0x10
 743 01a2 B4000000 		.4byte	.LASF26
 744 01a6 01       		.byte	0x1
 745 01a7 0301     		.2byte	0x103
 746 01a9 80000000 		.4byte	0x80
 747 01ad 02       		.uleb128 0x2
 748 01ae 91       		.byte	0x91
 749 01af 77       		.sleb128 -9
 750 01b0 00       		.byte	0
 751 01b1 11       		.uleb128 0x11
 752 01b2 71000000 		.4byte	.LASF28
 753 01b6 01       		.byte	0x1
 754 01b7 1901     		.2byte	0x119
 755 01b9 80000000 		.4byte	0x80
 756 01bd 00000000 		.4byte	.LFB7
 757 01c1 24000000 		.4byte	.LFE7-.LFB7
 758 01c5 01       		.uleb128 0x1
 759 01c6 9C       		.byte	0x9c
 760 01c7 DB010000 		.4byte	0x1db
 761 01cb 12       		.uleb128 0x12
 762 01cc B4000000 		.4byte	.LASF26
 763 01d0 01       		.byte	0x1
 764 01d1 1B01     		.2byte	0x11b
 765 01d3 80000000 		.4byte	0x80
 766 01d7 02       		.uleb128 0x2
 767 01d8 91       		.byte	0x91
 768 01d9 77       		.sleb128 -9
 769 01da 00       		.byte	0
 770 01db 13       		.uleb128 0x13
 771 01dc DF010000 		.4byte	.LASF29
 772 01e0 01       		.byte	0x1
 773 01e1 3401     		.2byte	0x134
 774 01e3 00000000 		.4byte	.LFB8
 775 01e7 18000000 		.4byte	.LFE8-.LFB8
 776 01eb 01       		.uleb128 0x1
 777 01ec 9C       		.byte	0x9c
 778 01ed 14       		.uleb128 0x14
 779 01ee 2A000000 		.4byte	.LASF36
 780 01f2 01       		.byte	0x1
 781 01f3 4901     		.2byte	0x149
 782 01f5 80000000 		.4byte	0x80
 783 01f9 00000000 		.4byte	.LFB9
 784 01fd 20000000 		.4byte	.LFE9-.LFB9
 785 0201 01       		.uleb128 0x1
 786 0202 9C       		.byte	0x9c
 787 0203 13       		.uleb128 0x13
 788 0204 39000000 		.4byte	.LASF30
 789 0208 01       		.byte	0x1
 790 0209 5E01     		.2byte	0x15e
 791 020b 00000000 		.4byte	.LFB10
 792 020f 18000000 		.4byte	.LFE10-.LFB10
ARM GAS  C:\Users\AARONW~1\AppData\Local\Temp\ccC9U2AB.s 			page 22


 793 0213 01       		.uleb128 0x1
 794 0214 9C       		.byte	0x9c
 795 0215 13       		.uleb128 0x13
 796 0216 19000000 		.4byte	.LASF31
 797 021a 01       		.byte	0x1
 798 021b 7901     		.2byte	0x179
 799 021d 00000000 		.4byte	.LFB11
 800 0221 18000000 		.4byte	.LFE11-.LFB11
 801 0225 01       		.uleb128 0x1
 802 0226 9C       		.byte	0x9c
 803 0227 13       		.uleb128 0x13
 804 0228 00000000 		.4byte	.LASF32
 805 022c 01       		.byte	0x1
 806 022d 9201     		.2byte	0x192
 807 022f 00000000 		.4byte	.LFB12
 808 0233 18000000 		.4byte	.LFE12-.LFB12
 809 0237 01       		.uleb128 0x1
 810 0238 9C       		.byte	0x9c
 811 0239 15       		.uleb128 0x15
 812 023a 8A010000 		.4byte	.LASF37
 813 023e 01       		.byte	0x1
 814 023f 1E       		.byte	0x1e
 815 0240 80000000 		.4byte	0x80
 816 0244 00       		.byte	0
 817              		.section	.debug_abbrev,"",%progbits
 818              	.Ldebug_abbrev0:
 819 0000 01       		.uleb128 0x1
 820 0001 11       		.uleb128 0x11
 821 0002 01       		.byte	0x1
 822 0003 25       		.uleb128 0x25
 823 0004 0E       		.uleb128 0xe
 824 0005 13       		.uleb128 0x13
 825 0006 0B       		.uleb128 0xb
 826 0007 03       		.uleb128 0x3
 827 0008 0E       		.uleb128 0xe
 828 0009 1B       		.uleb128 0x1b
 829 000a 0E       		.uleb128 0xe
 830 000b 55       		.uleb128 0x55
 831 000c 17       		.uleb128 0x17
 832 000d 11       		.uleb128 0x11
 833 000e 01       		.uleb128 0x1
 834 000f 10       		.uleb128 0x10
 835 0010 17       		.uleb128 0x17
 836 0011 00       		.byte	0
 837 0012 00       		.byte	0
 838 0013 02       		.uleb128 0x2
 839 0014 24       		.uleb128 0x24
 840 0015 00       		.byte	0
 841 0016 0B       		.uleb128 0xb
 842 0017 0B       		.uleb128 0xb
 843 0018 3E       		.uleb128 0x3e
 844 0019 0B       		.uleb128 0xb
 845 001a 03       		.uleb128 0x3
 846 001b 08       		.uleb128 0x8
 847 001c 00       		.byte	0
 848 001d 00       		.byte	0
 849 001e 03       		.uleb128 0x3
ARM GAS  C:\Users\AARONW~1\AppData\Local\Temp\ccC9U2AB.s 			page 23


 850 001f 24       		.uleb128 0x24
 851 0020 00       		.byte	0
 852 0021 0B       		.uleb128 0xb
 853 0022 0B       		.uleb128 0xb
 854 0023 3E       		.uleb128 0x3e
 855 0024 0B       		.uleb128 0xb
 856 0025 03       		.uleb128 0x3
 857 0026 0E       		.uleb128 0xe
 858 0027 00       		.byte	0
 859 0028 00       		.byte	0
 860 0029 04       		.uleb128 0x4
 861 002a 0F       		.uleb128 0xf
 862 002b 00       		.byte	0
 863 002c 0B       		.uleb128 0xb
 864 002d 0B       		.uleb128 0xb
 865 002e 49       		.uleb128 0x49
 866 002f 13       		.uleb128 0x13
 867 0030 00       		.byte	0
 868 0031 00       		.byte	0
 869 0032 05       		.uleb128 0x5
 870 0033 15       		.uleb128 0x15
 871 0034 00       		.byte	0
 872 0035 27       		.uleb128 0x27
 873 0036 19       		.uleb128 0x19
 874 0037 00       		.byte	0
 875 0038 00       		.byte	0
 876 0039 06       		.uleb128 0x6
 877 003a 16       		.uleb128 0x16
 878 003b 00       		.byte	0
 879 003c 03       		.uleb128 0x3
 880 003d 0E       		.uleb128 0xe
 881 003e 3A       		.uleb128 0x3a
 882 003f 0B       		.uleb128 0xb
 883 0040 3B       		.uleb128 0x3b
 884 0041 05       		.uleb128 0x5
 885 0042 49       		.uleb128 0x49
 886 0043 13       		.uleb128 0x13
 887 0044 00       		.byte	0
 888 0045 00       		.byte	0
 889 0046 07       		.uleb128 0x7
 890 0047 35       		.uleb128 0x35
 891 0048 00       		.byte	0
 892 0049 49       		.uleb128 0x49
 893 004a 13       		.uleb128 0x13
 894 004b 00       		.byte	0
 895 004c 00       		.byte	0
 896 004d 08       		.uleb128 0x8
 897 004e 2E       		.uleb128 0x2e
 898 004f 00       		.byte	0
 899 0050 3F       		.uleb128 0x3f
 900 0051 19       		.uleb128 0x19
 901 0052 03       		.uleb128 0x3
 902 0053 0E       		.uleb128 0xe
 903 0054 3A       		.uleb128 0x3a
 904 0055 0B       		.uleb128 0xb
 905 0056 3B       		.uleb128 0x3b
 906 0057 0B       		.uleb128 0xb
ARM GAS  C:\Users\AARONW~1\AppData\Local\Temp\ccC9U2AB.s 			page 24


 907 0058 27       		.uleb128 0x27
 908 0059 19       		.uleb128 0x19
 909 005a 11       		.uleb128 0x11
 910 005b 01       		.uleb128 0x1
 911 005c 12       		.uleb128 0x12
 912 005d 06       		.uleb128 0x6
 913 005e 40       		.uleb128 0x40
 914 005f 18       		.uleb128 0x18
 915 0060 9642     		.uleb128 0x2116
 916 0062 19       		.uleb128 0x19
 917 0063 00       		.byte	0
 918 0064 00       		.byte	0
 919 0065 09       		.uleb128 0x9
 920 0066 2E       		.uleb128 0x2e
 921 0067 01       		.byte	0x1
 922 0068 3F       		.uleb128 0x3f
 923 0069 19       		.uleb128 0x19
 924 006a 03       		.uleb128 0x3
 925 006b 0E       		.uleb128 0xe
 926 006c 3A       		.uleb128 0x3a
 927 006d 0B       		.uleb128 0xb
 928 006e 3B       		.uleb128 0x3b
 929 006f 0B       		.uleb128 0xb
 930 0070 27       		.uleb128 0x27
 931 0071 19       		.uleb128 0x19
 932 0072 11       		.uleb128 0x11
 933 0073 01       		.uleb128 0x1
 934 0074 12       		.uleb128 0x12
 935 0075 06       		.uleb128 0x6
 936 0076 40       		.uleb128 0x40
 937 0077 18       		.uleb128 0x18
 938 0078 9642     		.uleb128 0x2116
 939 007a 19       		.uleb128 0x19
 940 007b 01       		.uleb128 0x1
 941 007c 13       		.uleb128 0x13
 942 007d 00       		.byte	0
 943 007e 00       		.byte	0
 944 007f 0A       		.uleb128 0xa
 945 0080 05       		.uleb128 0x5
 946 0081 00       		.byte	0
 947 0082 03       		.uleb128 0x3
 948 0083 0E       		.uleb128 0xe
 949 0084 3A       		.uleb128 0x3a
 950 0085 0B       		.uleb128 0xb
 951 0086 3B       		.uleb128 0x3b
 952 0087 0B       		.uleb128 0xb
 953 0088 49       		.uleb128 0x49
 954 0089 13       		.uleb128 0x13
 955 008a 02       		.uleb128 0x2
 956 008b 18       		.uleb128 0x18
 957 008c 00       		.byte	0
 958 008d 00       		.byte	0
 959 008e 0B       		.uleb128 0xb
 960 008f 2E       		.uleb128 0x2e
 961 0090 00       		.byte	0
 962 0091 3F       		.uleb128 0x3f
 963 0092 19       		.uleb128 0x19
ARM GAS  C:\Users\AARONW~1\AppData\Local\Temp\ccC9U2AB.s 			page 25


 964 0093 03       		.uleb128 0x3
 965 0094 0E       		.uleb128 0xe
 966 0095 3A       		.uleb128 0x3a
 967 0096 0B       		.uleb128 0xb
 968 0097 3B       		.uleb128 0x3b
 969 0098 0B       		.uleb128 0xb
 970 0099 27       		.uleb128 0x27
 971 009a 19       		.uleb128 0x19
 972 009b 11       		.uleb128 0x11
 973 009c 01       		.uleb128 0x1
 974 009d 12       		.uleb128 0x12
 975 009e 06       		.uleb128 0x6
 976 009f 40       		.uleb128 0x40
 977 00a0 18       		.uleb128 0x18
 978 00a1 9742     		.uleb128 0x2117
 979 00a3 19       		.uleb128 0x19
 980 00a4 00       		.byte	0
 981 00a5 00       		.byte	0
 982 00a6 0C       		.uleb128 0xc
 983 00a7 2E       		.uleb128 0x2e
 984 00a8 01       		.byte	0x1
 985 00a9 3F       		.uleb128 0x3f
 986 00aa 19       		.uleb128 0x19
 987 00ab 03       		.uleb128 0x3
 988 00ac 0E       		.uleb128 0xe
 989 00ad 3A       		.uleb128 0x3a
 990 00ae 0B       		.uleb128 0xb
 991 00af 3B       		.uleb128 0x3b
 992 00b0 0B       		.uleb128 0xb
 993 00b1 27       		.uleb128 0x27
 994 00b2 19       		.uleb128 0x19
 995 00b3 11       		.uleb128 0x11
 996 00b4 01       		.uleb128 0x1
 997 00b5 12       		.uleb128 0x12
 998 00b6 06       		.uleb128 0x6
 999 00b7 40       		.uleb128 0x40
 1000 00b8 18       		.uleb128 0x18
 1001 00b9 9742     		.uleb128 0x2117
 1002 00bb 19       		.uleb128 0x19
 1003 00bc 01       		.uleb128 0x1
 1004 00bd 13       		.uleb128 0x13
 1005 00be 00       		.byte	0
 1006 00bf 00       		.byte	0
 1007 00c0 0D       		.uleb128 0xd
 1008 00c1 34       		.uleb128 0x34
 1009 00c2 00       		.byte	0
 1010 00c3 03       		.uleb128 0x3
 1011 00c4 0E       		.uleb128 0xe
 1012 00c5 3A       		.uleb128 0x3a
 1013 00c6 0B       		.uleb128 0xb
 1014 00c7 3B       		.uleb128 0x3b
 1015 00c8 0B       		.uleb128 0xb
 1016 00c9 49       		.uleb128 0x49
 1017 00ca 13       		.uleb128 0x13
 1018 00cb 02       		.uleb128 0x2
 1019 00cc 18       		.uleb128 0x18
 1020 00cd 00       		.byte	0
ARM GAS  C:\Users\AARONW~1\AppData\Local\Temp\ccC9U2AB.s 			page 26


 1021 00ce 00       		.byte	0
 1022 00cf 0E       		.uleb128 0xe
 1023 00d0 2E       		.uleb128 0x2e
 1024 00d1 01       		.byte	0x1
 1025 00d2 3F       		.uleb128 0x3f
 1026 00d3 19       		.uleb128 0x19
 1027 00d4 03       		.uleb128 0x3
 1028 00d5 0E       		.uleb128 0xe
 1029 00d6 3A       		.uleb128 0x3a
 1030 00d7 0B       		.uleb128 0xb
 1031 00d8 3B       		.uleb128 0x3b
 1032 00d9 0B       		.uleb128 0xb
 1033 00da 27       		.uleb128 0x27
 1034 00db 19       		.uleb128 0x19
 1035 00dc 49       		.uleb128 0x49
 1036 00dd 13       		.uleb128 0x13
 1037 00de 11       		.uleb128 0x11
 1038 00df 01       		.uleb128 0x1
 1039 00e0 12       		.uleb128 0x12
 1040 00e1 06       		.uleb128 0x6
 1041 00e2 40       		.uleb128 0x40
 1042 00e3 18       		.uleb128 0x18
 1043 00e4 9742     		.uleb128 0x2117
 1044 00e6 19       		.uleb128 0x19
 1045 00e7 01       		.uleb128 0x1
 1046 00e8 13       		.uleb128 0x13
 1047 00e9 00       		.byte	0
 1048 00ea 00       		.byte	0
 1049 00eb 0F       		.uleb128 0xf
 1050 00ec 2E       		.uleb128 0x2e
 1051 00ed 01       		.byte	0x1
 1052 00ee 3F       		.uleb128 0x3f
 1053 00ef 19       		.uleb128 0x19
 1054 00f0 03       		.uleb128 0x3
 1055 00f1 0E       		.uleb128 0xe
 1056 00f2 3A       		.uleb128 0x3a
 1057 00f3 0B       		.uleb128 0xb
 1058 00f4 3B       		.uleb128 0x3b
 1059 00f5 05       		.uleb128 0x5
 1060 00f6 27       		.uleb128 0x27
 1061 00f7 19       		.uleb128 0x19
 1062 00f8 11       		.uleb128 0x11
 1063 00f9 01       		.uleb128 0x1
 1064 00fa 12       		.uleb128 0x12
 1065 00fb 06       		.uleb128 0x6
 1066 00fc 40       		.uleb128 0x40
 1067 00fd 18       		.uleb128 0x18
 1068 00fe 9742     		.uleb128 0x2117
 1069 0100 19       		.uleb128 0x19
 1070 0101 01       		.uleb128 0x1
 1071 0102 13       		.uleb128 0x13
 1072 0103 00       		.byte	0
 1073 0104 00       		.byte	0
 1074 0105 10       		.uleb128 0x10
 1075 0106 05       		.uleb128 0x5
 1076 0107 00       		.byte	0
 1077 0108 03       		.uleb128 0x3
ARM GAS  C:\Users\AARONW~1\AppData\Local\Temp\ccC9U2AB.s 			page 27


 1078 0109 0E       		.uleb128 0xe
 1079 010a 3A       		.uleb128 0x3a
 1080 010b 0B       		.uleb128 0xb
 1081 010c 3B       		.uleb128 0x3b
 1082 010d 05       		.uleb128 0x5
 1083 010e 49       		.uleb128 0x49
 1084 010f 13       		.uleb128 0x13
 1085 0110 02       		.uleb128 0x2
 1086 0111 18       		.uleb128 0x18
 1087 0112 00       		.byte	0
 1088 0113 00       		.byte	0
 1089 0114 11       		.uleb128 0x11
 1090 0115 2E       		.uleb128 0x2e
 1091 0116 01       		.byte	0x1
 1092 0117 3F       		.uleb128 0x3f
 1093 0118 19       		.uleb128 0x19
 1094 0119 03       		.uleb128 0x3
 1095 011a 0E       		.uleb128 0xe
 1096 011b 3A       		.uleb128 0x3a
 1097 011c 0B       		.uleb128 0xb
 1098 011d 3B       		.uleb128 0x3b
 1099 011e 05       		.uleb128 0x5
 1100 011f 27       		.uleb128 0x27
 1101 0120 19       		.uleb128 0x19
 1102 0121 49       		.uleb128 0x49
 1103 0122 13       		.uleb128 0x13
 1104 0123 11       		.uleb128 0x11
 1105 0124 01       		.uleb128 0x1
 1106 0125 12       		.uleb128 0x12
 1107 0126 06       		.uleb128 0x6
 1108 0127 40       		.uleb128 0x40
 1109 0128 18       		.uleb128 0x18
 1110 0129 9742     		.uleb128 0x2117
 1111 012b 19       		.uleb128 0x19
 1112 012c 01       		.uleb128 0x1
 1113 012d 13       		.uleb128 0x13
 1114 012e 00       		.byte	0
 1115 012f 00       		.byte	0
 1116 0130 12       		.uleb128 0x12
 1117 0131 34       		.uleb128 0x34
 1118 0132 00       		.byte	0
 1119 0133 03       		.uleb128 0x3
 1120 0134 0E       		.uleb128 0xe
 1121 0135 3A       		.uleb128 0x3a
 1122 0136 0B       		.uleb128 0xb
 1123 0137 3B       		.uleb128 0x3b
 1124 0138 05       		.uleb128 0x5
 1125 0139 49       		.uleb128 0x49
 1126 013a 13       		.uleb128 0x13
 1127 013b 02       		.uleb128 0x2
 1128 013c 18       		.uleb128 0x18
 1129 013d 00       		.byte	0
 1130 013e 00       		.byte	0
 1131 013f 13       		.uleb128 0x13
 1132 0140 2E       		.uleb128 0x2e
 1133 0141 00       		.byte	0
 1134 0142 3F       		.uleb128 0x3f
ARM GAS  C:\Users\AARONW~1\AppData\Local\Temp\ccC9U2AB.s 			page 28


 1135 0143 19       		.uleb128 0x19
 1136 0144 03       		.uleb128 0x3
 1137 0145 0E       		.uleb128 0xe
 1138 0146 3A       		.uleb128 0x3a
 1139 0147 0B       		.uleb128 0xb
 1140 0148 3B       		.uleb128 0x3b
 1141 0149 05       		.uleb128 0x5
 1142 014a 27       		.uleb128 0x27
 1143 014b 19       		.uleb128 0x19
 1144 014c 11       		.uleb128 0x11
 1145 014d 01       		.uleb128 0x1
 1146 014e 12       		.uleb128 0x12
 1147 014f 06       		.uleb128 0x6
 1148 0150 40       		.uleb128 0x40
 1149 0151 18       		.uleb128 0x18
 1150 0152 9742     		.uleb128 0x2117
 1151 0154 19       		.uleb128 0x19
 1152 0155 00       		.byte	0
 1153 0156 00       		.byte	0
 1154 0157 14       		.uleb128 0x14
 1155 0158 2E       		.uleb128 0x2e
 1156 0159 00       		.byte	0
 1157 015a 3F       		.uleb128 0x3f
 1158 015b 19       		.uleb128 0x19
 1159 015c 03       		.uleb128 0x3
 1160 015d 0E       		.uleb128 0xe
 1161 015e 3A       		.uleb128 0x3a
 1162 015f 0B       		.uleb128 0xb
 1163 0160 3B       		.uleb128 0x3b
 1164 0161 05       		.uleb128 0x5
 1165 0162 27       		.uleb128 0x27
 1166 0163 19       		.uleb128 0x19
 1167 0164 49       		.uleb128 0x49
 1168 0165 13       		.uleb128 0x13
 1169 0166 11       		.uleb128 0x11
 1170 0167 01       		.uleb128 0x1
 1171 0168 12       		.uleb128 0x12
 1172 0169 06       		.uleb128 0x6
 1173 016a 40       		.uleb128 0x40
 1174 016b 18       		.uleb128 0x18
 1175 016c 9742     		.uleb128 0x2117
 1176 016e 19       		.uleb128 0x19
 1177 016f 00       		.byte	0
 1178 0170 00       		.byte	0
 1179 0171 15       		.uleb128 0x15
 1180 0172 34       		.uleb128 0x34
 1181 0173 00       		.byte	0
 1182 0174 03       		.uleb128 0x3
 1183 0175 0E       		.uleb128 0xe
 1184 0176 3A       		.uleb128 0x3a
 1185 0177 0B       		.uleb128 0xb
 1186 0178 3B       		.uleb128 0x3b
 1187 0179 0B       		.uleb128 0xb
 1188 017a 49       		.uleb128 0x49
 1189 017b 13       		.uleb128 0x13
 1190 017c 3F       		.uleb128 0x3f
 1191 017d 19       		.uleb128 0x19
ARM GAS  C:\Users\AARONW~1\AppData\Local\Temp\ccC9U2AB.s 			page 29


 1192 017e 3C       		.uleb128 0x3c
 1193 017f 19       		.uleb128 0x19
 1194 0180 00       		.byte	0
 1195 0181 00       		.byte	0
 1196 0182 00       		.byte	0
 1197              		.section	.debug_aranges,"",%progbits
 1198 0000 7C000000 		.4byte	0x7c
 1199 0004 0200     		.2byte	0x2
 1200 0006 00000000 		.4byte	.Ldebug_info0
 1201 000a 04       		.byte	0x4
 1202 000b 00       		.byte	0
 1203 000c 0000     		.2byte	0
 1204 000e 0000     		.2byte	0
 1205 0010 00000000 		.4byte	.LFB0
 1206 0014 20000000 		.4byte	.LFE0-.LFB0
 1207 0018 00000000 		.4byte	.LFB1
 1208 001c 22000000 		.4byte	.LFE1-.LFB1
 1209 0020 00000000 		.4byte	.LFB2
 1210 0024 14000000 		.4byte	.LFE2-.LFB2
 1211 0028 00000000 		.4byte	.LFB3
 1212 002c 18000000 		.4byte	.LFE3-.LFB3
 1213 0030 00000000 		.4byte	.LFB4
 1214 0034 24000000 		.4byte	.LFE4-.LFB4
 1215 0038 00000000 		.4byte	.LFB5
 1216 003c 20000000 		.4byte	.LFE5-.LFB5
 1217 0040 00000000 		.4byte	.LFB6
 1218 0044 24000000 		.4byte	.LFE6-.LFB6
 1219 0048 00000000 		.4byte	.LFB7
 1220 004c 24000000 		.4byte	.LFE7-.LFB7
 1221 0050 00000000 		.4byte	.LFB8
 1222 0054 18000000 		.4byte	.LFE8-.LFB8
 1223 0058 00000000 		.4byte	.LFB9
 1224 005c 20000000 		.4byte	.LFE9-.LFB9
 1225 0060 00000000 		.4byte	.LFB10
 1226 0064 18000000 		.4byte	.LFE10-.LFB10
 1227 0068 00000000 		.4byte	.LFB11
 1228 006c 18000000 		.4byte	.LFE11-.LFB11
 1229 0070 00000000 		.4byte	.LFB12
 1230 0074 18000000 		.4byte	.LFE12-.LFB12
 1231 0078 00000000 		.4byte	0
 1232 007c 00000000 		.4byte	0
 1233              		.section	.debug_ranges,"",%progbits
 1234              	.Ldebug_ranges0:
 1235 0000 00000000 		.4byte	.LFB0
 1236 0004 20000000 		.4byte	.LFE0
 1237 0008 00000000 		.4byte	.LFB1
 1238 000c 22000000 		.4byte	.LFE1
 1239 0010 00000000 		.4byte	.LFB2
 1240 0014 14000000 		.4byte	.LFE2
 1241 0018 00000000 		.4byte	.LFB3
 1242 001c 18000000 		.4byte	.LFE3
 1243 0020 00000000 		.4byte	.LFB4
 1244 0024 24000000 		.4byte	.LFE4
 1245 0028 00000000 		.4byte	.LFB5
 1246 002c 20000000 		.4byte	.LFE5
 1247 0030 00000000 		.4byte	.LFB6
 1248 0034 24000000 		.4byte	.LFE6
ARM GAS  C:\Users\AARONW~1\AppData\Local\Temp\ccC9U2AB.s 			page 30


 1249 0038 00000000 		.4byte	.LFB7
 1250 003c 24000000 		.4byte	.LFE7
 1251 0040 00000000 		.4byte	.LFB8
 1252 0044 18000000 		.4byte	.LFE8
 1253 0048 00000000 		.4byte	.LFB9
 1254 004c 20000000 		.4byte	.LFE9
 1255 0050 00000000 		.4byte	.LFB10
 1256 0054 18000000 		.4byte	.LFE10
 1257 0058 00000000 		.4byte	.LFB11
 1258 005c 18000000 		.4byte	.LFE11
 1259 0060 00000000 		.4byte	.LFB12
 1260 0064 18000000 		.4byte	.LFE12
 1261 0068 00000000 		.4byte	0
 1262 006c 00000000 		.4byte	0
 1263              		.section	.debug_line,"",%progbits
 1264              	.Ldebug_line0:
 1265 0000 3B010000 		.section	.debug_str,"MS",%progbits,1
 1265      02004200 
 1265      00000201 
 1265      FB0E0D00 
 1265      01010101 
 1266              	.LASF32:
 1267 0000 6973725F 		.ascii	"isr_1_ClearPending\000"
 1267      315F436C 
 1267      65617250 
 1267      656E6469 
 1267      6E6700
 1268              	.LASF16:
 1269 0013 72656733 		.ascii	"reg32\000"
 1269      3200
 1270              	.LASF31:
 1271 0019 6973725F 		.ascii	"isr_1_SetPending\000"
 1271      315F5365 
 1271      7450656E 
 1271      64696E67 
 1271      00
 1272              	.LASF36:
 1273 002a 6973725F 		.ascii	"isr_1_GetState\000"
 1273      315F4765 
 1273      74537461 
 1273      746500
 1274              	.LASF30:
 1275 0039 6973725F 		.ascii	"isr_1_Disable\000"
 1275      315F4469 
 1275      7361626C 
 1275      6500
 1276              	.LASF19:
 1277 0047 6973725F 		.ascii	"isr_1_Stop\000"
 1277      315F5374 
 1277      6F7000
 1278              	.LASF18:
 1279 0052 6973725F 		.ascii	"isr_1_Start\000"
 1279      315F5374 
 1279      61727400 
 1280              	.LASF4:
 1281 005e 73686F72 		.ascii	"short unsigned int\000"
 1281      7420756E 
ARM GAS  C:\Users\AARONW~1\AppData\Local\Temp\ccC9U2AB.s 			page 31


 1281      7369676E 
 1281      65642069 
 1281      6E7400
 1282              	.LASF28:
 1283 0071 6973725F 		.ascii	"isr_1_GetPriority\000"
 1283      315F4765 
 1283      74507269 
 1283      6F726974 
 1283      7900
 1284              	.LASF13:
 1285 0083 666C6F61 		.ascii	"float\000"
 1285      7400
 1286              	.LASF2:
 1287 0089 756E7369 		.ascii	"unsigned char\000"
 1287      676E6564 
 1287      20636861 
 1287      7200
 1288              	.LASF15:
 1289 0097 72656738 		.ascii	"reg8\000"
 1289      00
 1290              	.LASF6:
 1291 009c 6C6F6E67 		.ascii	"long unsigned int\000"
 1291      20756E73 
 1291      69676E65 
 1291      6420696E 
 1291      7400
 1292              	.LASF11:
 1293 00ae 75696E74 		.ascii	"uint8\000"
 1293      3800
 1294              	.LASF26:
 1295 00b4 7072696F 		.ascii	"priority\000"
 1295      72697479 
 1295      00
 1296              	.LASF33:
 1297 00bd 474E5520 		.ascii	"GNU C 4.9.3 20150303 (release) [ARM/embedded-4_9-br"
 1297      4320342E 
 1297      392E3320 
 1297      32303135 
 1297      30333033 
 1298 00f0 616E6368 		.ascii	"anch revision 221220] -mcpu=cortex-m3 -mthumb -g -O"
 1298      20726576 
 1298      6973696F 
 1298      6E203232 
 1298      31323230 
 1299 0123 30202D66 		.ascii	"0 -ffunction-sections -ffat-lto-objects\000"
 1299      66756E63 
 1299      74696F6E 
 1299      2D736563 
 1299      74696F6E 
 1300              	.LASF14:
 1301 014b 646F7562 		.ascii	"double\000"
 1301      6C6500
 1302              	.LASF25:
 1303 0152 6973725F 		.ascii	"isr_1_SetPriority\000"
 1303      315F5365 
 1303      74507269 
 1303      6F726974 
ARM GAS  C:\Users\AARONW~1\AppData\Local\Temp\ccC9U2AB.s 			page 32


 1303      7900
 1304              	.LASF34:
 1305 0164 47656E65 		.ascii	"Generated_Source\\PSoC5\\isr_1.c\000"
 1305      72617465 
 1305      645F536F 
 1305      75726365 
 1305      5C50536F 
 1306              	.LASF12:
 1307 0183 75696E74 		.ascii	"uint32\000"
 1307      333200
 1308              	.LASF37:
 1309 018a 666C6167 		.ascii	"flag\000"
 1309      00
 1310              	.LASF0:
 1311 018f 756E7369 		.ascii	"unsigned int\000"
 1311      676E6564 
 1311      20696E74 
 1311      00
 1312              	.LASF23:
 1313 019c 61646472 		.ascii	"address\000"
 1313      65737300 
 1314              	.LASF8:
 1315 01a4 6C6F6E67 		.ascii	"long long unsigned int\000"
 1315      206C6F6E 
 1315      6720756E 
 1315      7369676E 
 1315      65642069 
 1316              	.LASF17:
 1317 01bb 63796973 		.ascii	"cyisraddress\000"
 1317      72616464 
 1317      72657373 
 1317      00
 1318              	.LASF9:
 1319 01c8 73697A65 		.ascii	"sizetype\000"
 1319      74797065 
 1319      00
 1320              	.LASF7:
 1321 01d1 6C6F6E67 		.ascii	"long long int\000"
 1321      206C6F6E 
 1321      6720696E 
 1321      7400
 1322              	.LASF29:
 1323 01df 6973725F 		.ascii	"isr_1_Enable\000"
 1323      315F456E 
 1323      61626C65 
 1323      00
 1324              	.LASF10:
 1325 01ec 63686172 		.ascii	"char\000"
 1325      00
 1326              	.LASF24:
 1327 01f1 72616D56 		.ascii	"ramVectorTable\000"
 1327      6563746F 
 1327      72546162 
 1327      6C6500
 1328              	.LASF3:
 1329 0200 73686F72 		.ascii	"short int\000"
 1329      7420696E 
ARM GAS  C:\Users\AARONW~1\AppData\Local\Temp\ccC9U2AB.s 			page 33


 1329      7400
 1330              	.LASF27:
 1331 020a 6973725F 		.ascii	"isr_1_GetVector\000"
 1331      315F4765 
 1331      74566563 
 1331      746F7200 
 1332              	.LASF20:
 1333 021a 6973725F 		.ascii	"isr_1_Interrupt\000"
 1333      315F496E 
 1333      74657272 
 1333      75707400 
 1334              	.LASF5:
 1335 022a 6C6F6E67 		.ascii	"long int\000"
 1335      20696E74 
 1335      00
 1336              	.LASF1:
 1337 0233 7369676E 		.ascii	"signed char\000"
 1337      65642063 
 1337      68617200 
 1338              	.LASF21:
 1339 023f 6973725F 		.ascii	"isr_1_StartEx\000"
 1339      315F5374 
 1339      61727445 
 1339      7800
 1340              	.LASF22:
 1341 024d 6973725F 		.ascii	"isr_1_SetVector\000"
 1341      315F5365 
 1341      74566563 
 1341      746F7200 
 1342              	.LASF35:
 1343 025d 433A5C55 		.ascii	"C:\\Users\\Aaron Wubshet\\Google Drive\\1 College\\"
 1343      73657273 
 1343      5C416172 
 1343      6F6E2057 
 1343      75627368 
 1344 028b 3220536F 		.ascii	"2 Sophomore Year\\3 SPRING\\6.115\\Final Project PS"
 1344      70686F6D 
 1344      6F726520 
 1344      59656172 
 1344      5C332053 
 1345 02bb 6F432057 		.ascii	"oC Workspace\\Final Project\\WaveDAC8_Example01.cyd"
 1345      6F726B73 
 1345      70616365 
 1345      5C46696E 
 1345      616C2050 
 1346 02ec 736E00   		.ascii	"sn\000"
 1347              		.ident	"GCC: (GNU Tools for ARM Embedded Processors) 4.9.3 20150303 (release) [ARM/embedded-4_9-br
