ARM GAS  C:\Users\AARONW~1\AppData\Local\Temp\ccxSQ4HZ.s 			page 1


   1              		.syntax unified
   2              		.cpu cortex-m3
   3              		.fpu softvfp
   4              		.eabi_attribute 20, 1
   5              		.eabi_attribute 21, 1
   6              		.eabi_attribute 23, 3
   7              		.eabi_attribute 24, 1
   8              		.eabi_attribute 25, 1
   9              		.eabi_attribute 26, 1
  10              		.eabi_attribute 30, 6
  11              		.eabi_attribute 34, 1
  12              		.eabi_attribute 18, 4
  13              		.thumb
  14              		.file	"PGA_Inv.c"
  15              		.text
  16              	.Ltext0:
  17              		.cfi_sections	.debug_frame
  18              		.global	PGA_Inv_initVar
  19              		.bss
  20              		.type	PGA_Inv_initVar, %object
  21              		.size	PGA_Inv_initVar, 1
  22              	PGA_Inv_initVar:
  23 0000 00       		.space	1
  24              		.section	.text.PGA_Inv_Init,"ax",%progbits
  25              		.align	2
  26              		.global	PGA_Inv_Init
  27              		.thumb
  28              		.thumb_func
  29              		.type	PGA_Inv_Init, %function
  30              	PGA_Inv_Init:
  31              	.LFB0:
  32              		.file 1 "Generated_Source\\PSoC5\\PGA_Inv.c"
   1:Generated_Source\PSoC5/PGA_Inv.c **** /*******************************************************************************
   2:Generated_Source\PSoC5/PGA_Inv.c **** * File Name: PGA_Inv.c
   3:Generated_Source\PSoC5/PGA_Inv.c **** * Version 2.0
   4:Generated_Source\PSoC5/PGA_Inv.c **** *
   5:Generated_Source\PSoC5/PGA_Inv.c **** * Description:
   6:Generated_Source\PSoC5/PGA_Inv.c **** *  This file provides the source code to the API for the inverting PGA 
   7:Generated_Source\PSoC5/PGA_Inv.c **** *  Component.
   8:Generated_Source\PSoC5/PGA_Inv.c **** *
   9:Generated_Source\PSoC5/PGA_Inv.c **** * Note:
  10:Generated_Source\PSoC5/PGA_Inv.c **** *  None
  11:Generated_Source\PSoC5/PGA_Inv.c **** *
  12:Generated_Source\PSoC5/PGA_Inv.c **** ********************************************************************************
  13:Generated_Source\PSoC5/PGA_Inv.c **** * Copyright 2008-2012, Cypress Semiconductor Corporation.  All rights reserved.
  14:Generated_Source\PSoC5/PGA_Inv.c **** * You may use this file only in accordance with the license, terms, conditions, 
  15:Generated_Source\PSoC5/PGA_Inv.c **** * disclaimers, and limitations in the end user license agreement accompanying 
  16:Generated_Source\PSoC5/PGA_Inv.c **** * the software package with which this file was provided.
  17:Generated_Source\PSoC5/PGA_Inv.c **** *******************************************************************************/
  18:Generated_Source\PSoC5/PGA_Inv.c **** 
  19:Generated_Source\PSoC5/PGA_Inv.c **** #include "PGA_Inv.h"
  20:Generated_Source\PSoC5/PGA_Inv.c **** 
  21:Generated_Source\PSoC5/PGA_Inv.c **** #if (!CY_PSOC5A)
  22:Generated_Source\PSoC5/PGA_Inv.c ****     #if (CYDEV_VARIABLE_VDDA == 1u)
  23:Generated_Source\PSoC5/PGA_Inv.c ****         #include "CyScBoostClk.h"
  24:Generated_Source\PSoC5/PGA_Inv.c ****     #endif /* (CYDEV_VARIABLE_VDDA == 1u) */
  25:Generated_Source\PSoC5/PGA_Inv.c **** #endif /* (!CY_PSOC5A) */
ARM GAS  C:\Users\AARONW~1\AppData\Local\Temp\ccxSQ4HZ.s 			page 2


  26:Generated_Source\PSoC5/PGA_Inv.c **** 
  27:Generated_Source\PSoC5/PGA_Inv.c **** #if (CY_PSOC5A)
  28:Generated_Source\PSoC5/PGA_Inv.c ****     static PGA_Inv_BACKUP_STRUCT  PGA_Inv_P5backup;
  29:Generated_Source\PSoC5/PGA_Inv.c **** #endif /* (CY_PSOC5A) */
  30:Generated_Source\PSoC5/PGA_Inv.c **** 
  31:Generated_Source\PSoC5/PGA_Inv.c **** uint8 PGA_Inv_initVar = 0u;
  32:Generated_Source\PSoC5/PGA_Inv.c **** 
  33:Generated_Source\PSoC5/PGA_Inv.c **** 
  34:Generated_Source\PSoC5/PGA_Inv.c **** 
  35:Generated_Source\PSoC5/PGA_Inv.c **** /*******************************************************************************   
  36:Generated_Source\PSoC5/PGA_Inv.c **** * Function Name: PGA_Inv_Init
  37:Generated_Source\PSoC5/PGA_Inv.c **** ********************************************************************************
  38:Generated_Source\PSoC5/PGA_Inv.c **** *
  39:Generated_Source\PSoC5/PGA_Inv.c **** * Summary:
  40:Generated_Source\PSoC5/PGA_Inv.c **** *  Initialize component's parameters to the parameters set by user in the 
  41:Generated_Source\PSoC5/PGA_Inv.c **** *  customizer of the component placed onto schematic. Usually called in 
  42:Generated_Source\PSoC5/PGA_Inv.c **** *  PGA_Inv_Start().
  43:Generated_Source\PSoC5/PGA_Inv.c **** *
  44:Generated_Source\PSoC5/PGA_Inv.c **** * Parameters:
  45:Generated_Source\PSoC5/PGA_Inv.c **** *  void
  46:Generated_Source\PSoC5/PGA_Inv.c **** *
  47:Generated_Source\PSoC5/PGA_Inv.c **** * Return:
  48:Generated_Source\PSoC5/PGA_Inv.c **** *  void
  49:Generated_Source\PSoC5/PGA_Inv.c **** *
  50:Generated_Source\PSoC5/PGA_Inv.c **** *******************************************************************************/
  51:Generated_Source\PSoC5/PGA_Inv.c **** void PGA_Inv_Init(void) 
  52:Generated_Source\PSoC5/PGA_Inv.c **** {
  33              		.loc 1 52 0
  34              		.cfi_startproc
  35              		@ args = 0, pretend = 0, frame = 0
  36              		@ frame_needed = 1, uses_anonymous_args = 0
  37 0000 80B5     		push	{r7, lr}
  38              		.cfi_def_cfa_offset 8
  39              		.cfi_offset 7, -8
  40              		.cfi_offset 14, -4
  41 0002 00AF     		add	r7, sp, #0
  42              		.cfi_def_cfa_register 7
  53:Generated_Source\PSoC5/PGA_Inv.c ****     /* Set PGA mode */
  54:Generated_Source\PSoC5/PGA_Inv.c ****     PGA_Inv_CR0_REG = PGA_Inv_MODE_PGA;
  43              		.loc 1 54 0
  44 0004 074B     		ldr	r3, .L2
  45 0006 0C22     		movs	r2, #12
  46 0008 1A70     		strb	r2, [r3]
  55:Generated_Source\PSoC5/PGA_Inv.c **** 
  56:Generated_Source\PSoC5/PGA_Inv.c ****     /* Set inverting PGA mode  and reference mode */
  57:Generated_Source\PSoC5/PGA_Inv.c ****     PGA_Inv_CR1_REG &= (uint8)(~PGA_Inv_PGA_INV);
  47              		.loc 1 57 0
  48 000a 074B     		ldr	r3, .L2+4
  49 000c 064A     		ldr	r2, .L2+4
  50 000e 1278     		ldrb	r2, [r2]
  51 0010 D2B2     		uxtb	r2, r2
  52 0012 1A70     		strb	r2, [r3]
  58:Generated_Source\PSoC5/PGA_Inv.c **** 
  59:Generated_Source\PSoC5/PGA_Inv.c ****     /* Set gain and compensation */
  60:Generated_Source\PSoC5/PGA_Inv.c ****     PGA_Inv_SetGain(PGA_Inv_DEFAULT_GAIN);
  53              		.loc 1 60 0
  54 0014 0020     		movs	r0, #0
ARM GAS  C:\Users\AARONW~1\AppData\Local\Temp\ccxSQ4HZ.s 			page 3


  55 0016 FFF7FEFF 		bl	PGA_Inv_SetGain
  61:Generated_Source\PSoC5/PGA_Inv.c **** 
  62:Generated_Source\PSoC5/PGA_Inv.c ****     /* Set power */
  63:Generated_Source\PSoC5/PGA_Inv.c ****     PGA_Inv_SetPower(PGA_Inv_DEFAULT_POWER);
  56              		.loc 1 63 0
  57 001a 0020     		movs	r0, #0
  58 001c FFF7FEFF 		bl	PGA_Inv_SetPower
  64:Generated_Source\PSoC5/PGA_Inv.c **** }
  59              		.loc 1 64 0
  60 0020 80BD     		pop	{r7, pc}
  61              	.L3:
  62 0022 00BF     		.align	2
  63              	.L2:
  64 0024 04580040 		.word	1073764356
  65 0028 05580040 		.word	1073764357
  66              		.cfi_endproc
  67              	.LFE0:
  68              		.size	PGA_Inv_Init, .-PGA_Inv_Init
  69              		.section	.text.PGA_Inv_Enable,"ax",%progbits
  70              		.align	2
  71              		.global	PGA_Inv_Enable
  72              		.thumb
  73              		.thumb_func
  74              		.type	PGA_Inv_Enable, %function
  75              	PGA_Inv_Enable:
  76              	.LFB1:
  65:Generated_Source\PSoC5/PGA_Inv.c **** 
  66:Generated_Source\PSoC5/PGA_Inv.c **** 
  67:Generated_Source\PSoC5/PGA_Inv.c **** /*******************************************************************************   
  68:Generated_Source\PSoC5/PGA_Inv.c **** * Function Name: PGA_Inv_Enable
  69:Generated_Source\PSoC5/PGA_Inv.c **** ********************************************************************************
  70:Generated_Source\PSoC5/PGA_Inv.c **** *
  71:Generated_Source\PSoC5/PGA_Inv.c **** * Summary:
  72:Generated_Source\PSoC5/PGA_Inv.c **** *  Enables the inverting PGA block operation
  73:Generated_Source\PSoC5/PGA_Inv.c **** *
  74:Generated_Source\PSoC5/PGA_Inv.c **** * Parameters:
  75:Generated_Source\PSoC5/PGA_Inv.c **** *  void
  76:Generated_Source\PSoC5/PGA_Inv.c **** *
  77:Generated_Source\PSoC5/PGA_Inv.c **** * Return:
  78:Generated_Source\PSoC5/PGA_Inv.c **** *  void
  79:Generated_Source\PSoC5/PGA_Inv.c **** *
  80:Generated_Source\PSoC5/PGA_Inv.c **** *******************************************************************************/
  81:Generated_Source\PSoC5/PGA_Inv.c **** void PGA_Inv_Enable(void) 
  82:Generated_Source\PSoC5/PGA_Inv.c **** {
  77              		.loc 1 82 0
  78              		.cfi_startproc
  79              		@ args = 0, pretend = 0, frame = 0
  80              		@ frame_needed = 1, uses_anonymous_args = 0
  81              		@ link register save eliminated.
  82 0000 80B4     		push	{r7}
  83              		.cfi_def_cfa_offset 4
  84              		.cfi_offset 7, -4
  85 0002 00AF     		add	r7, sp, #0
  86              		.cfi_def_cfa_register 7
  83:Generated_Source\PSoC5/PGA_Inv.c ****     /* This is to restore the value of register CR1 and CR2 which is saved 
  84:Generated_Source\PSoC5/PGA_Inv.c ****       in prior to the modifications in stop() API */
  85:Generated_Source\PSoC5/PGA_Inv.c ****     #if (CY_PSOC5A)
ARM GAS  C:\Users\AARONW~1\AppData\Local\Temp\ccxSQ4HZ.s 			page 4


  86:Generated_Source\PSoC5/PGA_Inv.c ****         if(PGA_Inv_P5backup.enableState == 1u)
  87:Generated_Source\PSoC5/PGA_Inv.c ****         {
  88:Generated_Source\PSoC5/PGA_Inv.c ****             PGA_Inv_CR1_REG = PGA_Inv_P5backup.scCR1Reg;
  89:Generated_Source\PSoC5/PGA_Inv.c ****             PGA_Inv_CR2_REG = PGA_Inv_P5backup.scCR2Reg;
  90:Generated_Source\PSoC5/PGA_Inv.c ****             PGA_Inv_P5backup.enableState = 0u;
  91:Generated_Source\PSoC5/PGA_Inv.c ****         }
  92:Generated_Source\PSoC5/PGA_Inv.c ****     #endif /* CY_PSOC5A */
  93:Generated_Source\PSoC5/PGA_Inv.c ****     
  94:Generated_Source\PSoC5/PGA_Inv.c ****     /* Enable power to the Amp in Active mode */
  95:Generated_Source\PSoC5/PGA_Inv.c ****     PGA_Inv_PM_ACT_CFG_REG |= PGA_Inv_ACT_PWR_EN;
  87              		.loc 1 95 0
  88 0004 0D4A     		ldr	r2, .L5
  89 0006 0D4B     		ldr	r3, .L5
  90 0008 1B78     		ldrb	r3, [r3]
  91 000a DBB2     		uxtb	r3, r3
  92 000c 43F00203 		orr	r3, r3, #2
  93 0010 DBB2     		uxtb	r3, r3
  94 0012 1370     		strb	r3, [r2]
  96:Generated_Source\PSoC5/PGA_Inv.c **** 
  97:Generated_Source\PSoC5/PGA_Inv.c ****     /* Enable power to the Amp in Alternative active mode  */
  98:Generated_Source\PSoC5/PGA_Inv.c ****     PGA_Inv_PM_STBY_CFG_REG |= PGA_Inv_STBY_PWR_EN;
  95              		.loc 1 98 0
  96 0014 0A4A     		ldr	r2, .L5+4
  97 0016 0A4B     		ldr	r3, .L5+4
  98 0018 1B78     		ldrb	r3, [r3]
  99 001a DBB2     		uxtb	r3, r3
 100 001c 43F00203 		orr	r3, r3, #2
 101 0020 DBB2     		uxtb	r3, r3
 102 0022 1370     		strb	r3, [r2]
  99:Generated_Source\PSoC5/PGA_Inv.c ****     
 100:Generated_Source\PSoC5/PGA_Inv.c ****     PGA_Inv_PUMP_CR1_REG |= PGA_Inv_PUMP_CR1_SC_CLKSEL;
 103              		.loc 1 100 0
 104 0024 074A     		ldr	r2, .L5+8
 105 0026 074B     		ldr	r3, .L5+8
 106 0028 1B78     		ldrb	r3, [r3]
 107 002a DBB2     		uxtb	r3, r3
 108 002c 63F07F03 		orn	r3, r3, #127
 109 0030 DBB2     		uxtb	r3, r3
 110 0032 1370     		strb	r3, [r2]
 101:Generated_Source\PSoC5/PGA_Inv.c ****     
 102:Generated_Source\PSoC5/PGA_Inv.c ****     #if (!CY_PSOC5A)
 103:Generated_Source\PSoC5/PGA_Inv.c ****         #if (CYDEV_VARIABLE_VDDA == 1u)
 104:Generated_Source\PSoC5/PGA_Inv.c ****             if(CyScPumpEnabled == 1u)
 105:Generated_Source\PSoC5/PGA_Inv.c ****             {
 106:Generated_Source\PSoC5/PGA_Inv.c ****                 PGA_Inv_BSTCLK_REG &= (uint8)(~PGA_Inv_BST_CLK_INDEX_MASK);
 107:Generated_Source\PSoC5/PGA_Inv.c ****                 PGA_Inv_BSTCLK_REG |= PGA_Inv_BST_CLK_EN | CyScBoostClk__INDEX;
 108:Generated_Source\PSoC5/PGA_Inv.c ****                 PGA_Inv_SC_MISC_REG |= PGA_Inv_PUMP_FORCE;
 109:Generated_Source\PSoC5/PGA_Inv.c ****                 CyScBoostClk_Start();
 110:Generated_Source\PSoC5/PGA_Inv.c ****             }
 111:Generated_Source\PSoC5/PGA_Inv.c ****             else
 112:Generated_Source\PSoC5/PGA_Inv.c ****             {
 113:Generated_Source\PSoC5/PGA_Inv.c ****                 PGA_Inv_BSTCLK_REG &= (uint8)(~PGA_Inv_BST_CLK_EN);
 114:Generated_Source\PSoC5/PGA_Inv.c ****                 PGA_Inv_SC_MISC_REG &= (uint8)(~PGA_Inv_PUMP_FORCE);
 115:Generated_Source\PSoC5/PGA_Inv.c ****             }
 116:Generated_Source\PSoC5/PGA_Inv.c ****         #endif /* (CYDEV_VARIABLE_VDDA == 1u) */
 117:Generated_Source\PSoC5/PGA_Inv.c ****     #endif /* (!CY_PSOC5A) */
 118:Generated_Source\PSoC5/PGA_Inv.c **** }
ARM GAS  C:\Users\AARONW~1\AppData\Local\Temp\ccxSQ4HZ.s 			page 5


 111              		.loc 1 118 0
 112 0034 BD46     		mov	sp, r7
 113              		.cfi_def_cfa_register 13
 114              		@ sp needed
 115 0036 5DF8047B 		ldr	r7, [sp], #4
 116              		.cfi_restore 7
 117              		.cfi_def_cfa_offset 0
 118 003a 7047     		bx	lr
 119              	.L6:
 120              		.align	2
 121              	.L5:
 122 003c A9430040 		.word	1073759145
 123 0040 B9430040 		.word	1073759161
 124 0044 77580040 		.word	1073764471
 125              		.cfi_endproc
 126              	.LFE1:
 127              		.size	PGA_Inv_Enable, .-PGA_Inv_Enable
 128              		.section	.text.PGA_Inv_Start,"ax",%progbits
 129              		.align	2
 130              		.global	PGA_Inv_Start
 131              		.thumb
 132              		.thumb_func
 133              		.type	PGA_Inv_Start, %function
 134              	PGA_Inv_Start:
 135              	.LFB2:
 119:Generated_Source\PSoC5/PGA_Inv.c **** 
 120:Generated_Source\PSoC5/PGA_Inv.c **** 
 121:Generated_Source\PSoC5/PGA_Inv.c **** /*******************************************************************************
 122:Generated_Source\PSoC5/PGA_Inv.c **** * Function Name: PGA_Inv_Start
 123:Generated_Source\PSoC5/PGA_Inv.c **** ********************************************************************************
 124:Generated_Source\PSoC5/PGA_Inv.c **** *
 125:Generated_Source\PSoC5/PGA_Inv.c **** * Summary:
 126:Generated_Source\PSoC5/PGA_Inv.c **** *  The start function initializes the inverting PGA with the default values,
 127:Generated_Source\PSoC5/PGA_Inv.c **** *  and sets the power to the given level.A power level of 0, is the same as
 128:Generated_Source\PSoC5/PGA_Inv.c **** *  executing the stop function.
 129:Generated_Source\PSoC5/PGA_Inv.c **** *
 130:Generated_Source\PSoC5/PGA_Inv.c **** * Parameters:
 131:Generated_Source\PSoC5/PGA_Inv.c **** *  void
 132:Generated_Source\PSoC5/PGA_Inv.c **** *
 133:Generated_Source\PSoC5/PGA_Inv.c **** * Return:
 134:Generated_Source\PSoC5/PGA_Inv.c **** *  void
 135:Generated_Source\PSoC5/PGA_Inv.c **** *
 136:Generated_Source\PSoC5/PGA_Inv.c **** * Theory:
 137:Generated_Source\PSoC5/PGA_Inv.c **** *  This function modifies the global variable PGA_Inv_initVar: which 
 138:Generated_Source\PSoC5/PGA_Inv.c **** *  defines where component's configuration are taken from the customizer 
 139:Generated_Source\PSoC5/PGA_Inv.c **** *  (equals 0) or parameters changed by API will be used instead (equals 1).
 140:Generated_Source\PSoC5/PGA_Inv.c **** *
 141:Generated_Source\PSoC5/PGA_Inv.c **** *******************************************************************************/
 142:Generated_Source\PSoC5/PGA_Inv.c **** void PGA_Inv_Start(void) 
 143:Generated_Source\PSoC5/PGA_Inv.c **** {
 136              		.loc 1 143 0
 137              		.cfi_startproc
 138              		@ args = 0, pretend = 0, frame = 0
 139              		@ frame_needed = 1, uses_anonymous_args = 0
 140 0000 80B5     		push	{r7, lr}
 141              		.cfi_def_cfa_offset 8
 142              		.cfi_offset 7, -8
ARM GAS  C:\Users\AARONW~1\AppData\Local\Temp\ccxSQ4HZ.s 			page 6


 143              		.cfi_offset 14, -4
 144 0002 00AF     		add	r7, sp, #0
 145              		.cfi_def_cfa_register 7
 144:Generated_Source\PSoC5/PGA_Inv.c **** 
 145:Generated_Source\PSoC5/PGA_Inv.c ****     if(PGA_Inv_initVar == 0u)
 146              		.loc 1 145 0
 147 0004 054B     		ldr	r3, .L9
 148 0006 1B78     		ldrb	r3, [r3]	@ zero_extendqisi2
 149 0008 002B     		cmp	r3, #0
 150 000a 04D1     		bne	.L8
 146:Generated_Source\PSoC5/PGA_Inv.c ****     {
 147:Generated_Source\PSoC5/PGA_Inv.c ****         PGA_Inv_initVar = 1u;
 151              		.loc 1 147 0
 152 000c 034B     		ldr	r3, .L9
 153 000e 0122     		movs	r2, #1
 154 0010 1A70     		strb	r2, [r3]
 148:Generated_Source\PSoC5/PGA_Inv.c ****         PGA_Inv_Init();
 155              		.loc 1 148 0
 156 0012 FFF7FEFF 		bl	PGA_Inv_Init
 157              	.L8:
 149:Generated_Source\PSoC5/PGA_Inv.c ****     }
 150:Generated_Source\PSoC5/PGA_Inv.c ****     
 151:Generated_Source\PSoC5/PGA_Inv.c ****     PGA_Inv_Enable();
 158              		.loc 1 151 0
 159 0016 FFF7FEFF 		bl	PGA_Inv_Enable
 152:Generated_Source\PSoC5/PGA_Inv.c **** }
 160              		.loc 1 152 0
 161 001a 80BD     		pop	{r7, pc}
 162              	.L10:
 163              		.align	2
 164              	.L9:
 165 001c 00000000 		.word	PGA_Inv_initVar
 166              		.cfi_endproc
 167              	.LFE2:
 168              		.size	PGA_Inv_Start, .-PGA_Inv_Start
 169              		.section	.text.PGA_Inv_Stop,"ax",%progbits
 170              		.align	2
 171              		.global	PGA_Inv_Stop
 172              		.thumb
 173              		.thumb_func
 174              		.type	PGA_Inv_Stop, %function
 175              	PGA_Inv_Stop:
 176              	.LFB3:
 153:Generated_Source\PSoC5/PGA_Inv.c **** 
 154:Generated_Source\PSoC5/PGA_Inv.c **** 
 155:Generated_Source\PSoC5/PGA_Inv.c **** /*******************************************************************************
 156:Generated_Source\PSoC5/PGA_Inv.c **** * Function Name: PGA_Inv_Stop
 157:Generated_Source\PSoC5/PGA_Inv.c **** ********************************************************************************
 158:Generated_Source\PSoC5/PGA_Inv.c **** *
 159:Generated_Source\PSoC5/PGA_Inv.c **** * Summary:
 160:Generated_Source\PSoC5/PGA_Inv.c **** *  Powers down amplifier to lowest power state.
 161:Generated_Source\PSoC5/PGA_Inv.c **** *
 162:Generated_Source\PSoC5/PGA_Inv.c **** * Parameters:
 163:Generated_Source\PSoC5/PGA_Inv.c **** *  void
 164:Generated_Source\PSoC5/PGA_Inv.c **** *
 165:Generated_Source\PSoC5/PGA_Inv.c **** * Return:
 166:Generated_Source\PSoC5/PGA_Inv.c **** *  void 
ARM GAS  C:\Users\AARONW~1\AppData\Local\Temp\ccxSQ4HZ.s 			page 7


 167:Generated_Source\PSoC5/PGA_Inv.c **** *
 168:Generated_Source\PSoC5/PGA_Inv.c **** *******************************************************************************/
 169:Generated_Source\PSoC5/PGA_Inv.c **** void PGA_Inv_Stop(void) 
 170:Generated_Source\PSoC5/PGA_Inv.c **** {
 177              		.loc 1 170 0
 178              		.cfi_startproc
 179              		@ args = 0, pretend = 0, frame = 0
 180              		@ frame_needed = 1, uses_anonymous_args = 0
 181              		@ link register save eliminated.
 182 0000 80B4     		push	{r7}
 183              		.cfi_def_cfa_offset 4
 184              		.cfi_offset 7, -4
 185 0002 00AF     		add	r7, sp, #0
 186              		.cfi_def_cfa_register 7
 171:Generated_Source\PSoC5/PGA_Inv.c ****     /* Disble power to the Amp in Active mode*/
 172:Generated_Source\PSoC5/PGA_Inv.c ****     PGA_Inv_PM_ACT_CFG_REG &= (uint8)(~PGA_Inv_ACT_PWR_EN);
 187              		.loc 1 172 0
 188 0004 094A     		ldr	r2, .L12
 189 0006 094B     		ldr	r3, .L12
 190 0008 1B78     		ldrb	r3, [r3]
 191 000a DBB2     		uxtb	r3, r3
 192 000c 23F00203 		bic	r3, r3, #2
 193 0010 DBB2     		uxtb	r3, r3
 194 0012 1370     		strb	r3, [r2]
 173:Generated_Source\PSoC5/PGA_Inv.c **** 
 174:Generated_Source\PSoC5/PGA_Inv.c ****     /* Disble power to the Amp in Alternative active mode*/
 175:Generated_Source\PSoC5/PGA_Inv.c ****     PGA_Inv_PM_STBY_CFG_REG &= (uint8)(~PGA_Inv_STBY_PWR_EN);
 195              		.loc 1 175 0
 196 0014 064A     		ldr	r2, .L12+4
 197 0016 064B     		ldr	r3, .L12+4
 198 0018 1B78     		ldrb	r3, [r3]
 199 001a DBB2     		uxtb	r3, r3
 200 001c 23F00203 		bic	r3, r3, #2
 201 0020 DBB2     		uxtb	r3, r3
 202 0022 1370     		strb	r3, [r2]
 176:Generated_Source\PSoC5/PGA_Inv.c **** 
 177:Generated_Source\PSoC5/PGA_Inv.c ****     #if (!CY_PSOC5A)
 178:Generated_Source\PSoC5/PGA_Inv.c ****         #if (CYDEV_VARIABLE_VDDA == 1u)
 179:Generated_Source\PSoC5/PGA_Inv.c ****             PGA_Inv_BSTCLK_REG &= (uint8)(~PGA_Inv_BST_CLK_EN);
 180:Generated_Source\PSoC5/PGA_Inv.c ****             /* Disable pumps only if there aren't any SC block in use */
 181:Generated_Source\PSoC5/PGA_Inv.c ****             if ((PGA_Inv_PM_ACT_CFG_REG & PGA_Inv_PM_ACT_CFG_MASK) == 0u)
 182:Generated_Source\PSoC5/PGA_Inv.c ****             {
 183:Generated_Source\PSoC5/PGA_Inv.c ****                 PGA_Inv_SC_MISC_REG &= (uint8)(~PGA_Inv_PUMP_FORCE);
 184:Generated_Source\PSoC5/PGA_Inv.c ****                 PGA_Inv_PUMP_CR1_REG &= (uint8)(~PGA_Inv_PUMP_CR1_SC_CLKSEL);
 185:Generated_Source\PSoC5/PGA_Inv.c ****                 CyScBoostClk_Stop();
 186:Generated_Source\PSoC5/PGA_Inv.c ****             }
 187:Generated_Source\PSoC5/PGA_Inv.c ****         #endif /* CYDEV_VARIABLE_VDDA == 1u */
 188:Generated_Source\PSoC5/PGA_Inv.c ****     #endif /* (CY_PSOC3 || CY_PSOC5LP) */
 189:Generated_Source\PSoC5/PGA_Inv.c ****     
 190:Generated_Source\PSoC5/PGA_Inv.c ****     /* This sets PGA in zero current mode and output routes are valid */
 191:Generated_Source\PSoC5/PGA_Inv.c ****     #if (CY_PSOC5A)
 192:Generated_Source\PSoC5/PGA_Inv.c ****         PGA_Inv_P5backup.scCR1Reg = PGA_Inv_CR1_REG;
 193:Generated_Source\PSoC5/PGA_Inv.c ****         PGA_Inv_P5backup.scCR2Reg = PGA_Inv_CR2_REG;
 194:Generated_Source\PSoC5/PGA_Inv.c ****         PGA_Inv_CR1_REG = 0x00u;
 195:Generated_Source\PSoC5/PGA_Inv.c ****         PGA_Inv_CR2_REG = 0x00u;
 196:Generated_Source\PSoC5/PGA_Inv.c ****         PGA_Inv_P5backup.enableState = 1u;
 197:Generated_Source\PSoC5/PGA_Inv.c ****     #endif /* CY_PSOC5A */
ARM GAS  C:\Users\AARONW~1\AppData\Local\Temp\ccxSQ4HZ.s 			page 8


 198:Generated_Source\PSoC5/PGA_Inv.c **** }
 203              		.loc 1 198 0
 204 0024 BD46     		mov	sp, r7
 205              		.cfi_def_cfa_register 13
 206              		@ sp needed
 207 0026 5DF8047B 		ldr	r7, [sp], #4
 208              		.cfi_restore 7
 209              		.cfi_def_cfa_offset 0
 210 002a 7047     		bx	lr
 211              	.L13:
 212              		.align	2
 213              	.L12:
 214 002c A9430040 		.word	1073759145
 215 0030 B9430040 		.word	1073759161
 216              		.cfi_endproc
 217              	.LFE3:
 218              		.size	PGA_Inv_Stop, .-PGA_Inv_Stop
 219              		.section	.text.PGA_Inv_SetPower,"ax",%progbits
 220              		.align	2
 221              		.global	PGA_Inv_SetPower
 222              		.thumb
 223              		.thumb_func
 224              		.type	PGA_Inv_SetPower, %function
 225              	PGA_Inv_SetPower:
 226              	.LFB4:
 199:Generated_Source\PSoC5/PGA_Inv.c **** 
 200:Generated_Source\PSoC5/PGA_Inv.c **** 
 201:Generated_Source\PSoC5/PGA_Inv.c **** /*******************************************************************************
 202:Generated_Source\PSoC5/PGA_Inv.c **** * Function Name: PGA_Inv_SetPower
 203:Generated_Source\PSoC5/PGA_Inv.c **** ********************************************************************************
 204:Generated_Source\PSoC5/PGA_Inv.c **** *
 205:Generated_Source\PSoC5/PGA_Inv.c **** * Summary:
 206:Generated_Source\PSoC5/PGA_Inv.c **** *  Set the power of the inverting PGA
 207:Generated_Source\PSoC5/PGA_Inv.c **** *
 208:Generated_Source\PSoC5/PGA_Inv.c **** * Parameters:
 209:Generated_Source\PSoC5/PGA_Inv.c **** *  power:  Sets power level between (0) and (3) high power
 210:Generated_Source\PSoC5/PGA_Inv.c **** *
 211:Generated_Source\PSoC5/PGA_Inv.c **** * Return:
 212:Generated_Source\PSoC5/PGA_Inv.c **** *  void 
 213:Generated_Source\PSoC5/PGA_Inv.c **** *
 214:Generated_Source\PSoC5/PGA_Inv.c **** *******************************************************************************/
 215:Generated_Source\PSoC5/PGA_Inv.c **** void PGA_Inv_SetPower(uint8 power) 
 216:Generated_Source\PSoC5/PGA_Inv.c **** {
 227              		.loc 1 216 0
 228              		.cfi_startproc
 229              		@ args = 0, pretend = 0, frame = 16
 230              		@ frame_needed = 1, uses_anonymous_args = 0
 231              		@ link register save eliminated.
 232 0000 80B4     		push	{r7}
 233              		.cfi_def_cfa_offset 4
 234              		.cfi_offset 7, -4
 235 0002 85B0     		sub	sp, sp, #20
 236              		.cfi_def_cfa_offset 24
 237 0004 00AF     		add	r7, sp, #0
 238              		.cfi_def_cfa_register 7
 239 0006 0346     		mov	r3, r0
 240 0008 FB71     		strb	r3, [r7, #7]
ARM GAS  C:\Users\AARONW~1\AppData\Local\Temp\ccxSQ4HZ.s 			page 9


 217:Generated_Source\PSoC5/PGA_Inv.c ****     uint8 tmpCR;
 218:Generated_Source\PSoC5/PGA_Inv.c **** 
 219:Generated_Source\PSoC5/PGA_Inv.c ****     tmpCR = PGA_Inv_CR1_REG & (uint8)(~PGA_Inv_DRIVE_MASK);
 241              		.loc 1 219 0
 242 000a 0A4B     		ldr	r3, .L15
 243 000c 1B78     		ldrb	r3, [r3]
 244 000e DBB2     		uxtb	r3, r3
 245 0010 23F00303 		bic	r3, r3, #3
 246 0014 FB73     		strb	r3, [r7, #15]
 220:Generated_Source\PSoC5/PGA_Inv.c ****     tmpCR |= (power & PGA_Inv_DRIVE_MASK);
 247              		.loc 1 220 0
 248 0016 FB79     		ldrb	r3, [r7, #7]
 249 0018 03F00303 		and	r3, r3, #3
 250 001c DAB2     		uxtb	r2, r3
 251 001e FB7B     		ldrb	r3, [r7, #15]
 252 0020 1343     		orrs	r3, r3, r2
 253 0022 FB73     		strb	r3, [r7, #15]
 221:Generated_Source\PSoC5/PGA_Inv.c ****     PGA_Inv_CR1_REG = tmpCR;
 254              		.loc 1 221 0
 255 0024 034A     		ldr	r2, .L15
 256 0026 FB7B     		ldrb	r3, [r7, #15]
 257 0028 1370     		strb	r3, [r2]
 222:Generated_Source\PSoC5/PGA_Inv.c **** }
 258              		.loc 1 222 0
 259 002a 1437     		adds	r7, r7, #20
 260              		.cfi_def_cfa_offset 4
 261 002c BD46     		mov	sp, r7
 262              		.cfi_def_cfa_register 13
 263              		@ sp needed
 264 002e 5DF8047B 		ldr	r7, [sp], #4
 265              		.cfi_restore 7
 266              		.cfi_def_cfa_offset 0
 267 0032 7047     		bx	lr
 268              	.L16:
 269              		.align	2
 270              	.L15:
 271 0034 05580040 		.word	1073764357
 272              		.cfi_endproc
 273              	.LFE4:
 274              		.size	PGA_Inv_SetPower, .-PGA_Inv_SetPower
 275              		.section	.rodata
 276              		.align	2
 277              	.LC0:
 278 0000 11       		.byte	17
 279 0001 21       		.byte	33
 280 0002 31       		.byte	49
 281 0003 41       		.byte	65
 282 0004 51       		.byte	81
 283 0005 71       		.byte	113
 284 0006 53       		.byte	83
 285 0007 63       		.byte	99
 286 0008 73       		.byte	115
 287 0009 000000   		.align	2
 288              	.LC1:
 289 000c 08       		.byte	8
 290 000d 09       		.byte	9
 291 000e 01       		.byte	1
ARM GAS  C:\Users\AARONW~1\AppData\Local\Temp\ccxSQ4HZ.s 			page 10


 292 000f 01       		.byte	1
 293 0010 05       		.byte	5
 294 0011 02       		.byte	2
 295 0012 07       		.byte	7
 296 0013 04       		.byte	4
 297 0014 04       		.byte	4
 298 0015 000000   		.section	.text.PGA_Inv_SetGain,"ax",%progbits
 299              		.align	2
 300              		.global	PGA_Inv_SetGain
 301              		.thumb
 302              		.thumb_func
 303              		.type	PGA_Inv_SetGain, %function
 304              	PGA_Inv_SetGain:
 305              	.LFB5:
 223:Generated_Source\PSoC5/PGA_Inv.c **** 
 224:Generated_Source\PSoC5/PGA_Inv.c **** 
 225:Generated_Source\PSoC5/PGA_Inv.c **** /*******************************************************************************
 226:Generated_Source\PSoC5/PGA_Inv.c **** * Function Name: PGA_Inv_SetGain
 227:Generated_Source\PSoC5/PGA_Inv.c **** ********************************************************************************
 228:Generated_Source\PSoC5/PGA_Inv.c **** *
 229:Generated_Source\PSoC5/PGA_Inv.c **** * Summary:
 230:Generated_Source\PSoC5/PGA_Inv.c **** *  This function sets values of the input and feedback resistors to set a 
 231:Generated_Source\PSoC5/PGA_Inv.c **** *  specific gain of the amplifier.
 232:Generated_Source\PSoC5/PGA_Inv.c **** *
 233:Generated_Source\PSoC5/PGA_Inv.c **** * Parameters:
 234:Generated_Source\PSoC5/PGA_Inv.c **** *  gain: Sets gain of amplifier.
 235:Generated_Source\PSoC5/PGA_Inv.c **** *
 236:Generated_Source\PSoC5/PGA_Inv.c **** * Return:
 237:Generated_Source\PSoC5/PGA_Inv.c **** *  void
 238:Generated_Source\PSoC5/PGA_Inv.c **** *
 239:Generated_Source\PSoC5/PGA_Inv.c **** *******************************************************************************/
 240:Generated_Source\PSoC5/PGA_Inv.c **** void PGA_Inv_SetGain(uint8 gain) 
 241:Generated_Source\PSoC5/PGA_Inv.c **** {
 306              		.loc 1 241 0
 307              		.cfi_startproc
 308              		@ args = 0, pretend = 0, frame = 32
 309              		@ frame_needed = 1, uses_anonymous_args = 0
 310 0000 80B5     		push	{r7, lr}
 311              		.cfi_def_cfa_offset 8
 312              		.cfi_offset 7, -8
 313              		.cfi_offset 14, -4
 314 0002 88B0     		sub	sp, sp, #32
 315              		.cfi_def_cfa_offset 40
 316 0004 00AF     		add	r7, sp, #0
 317              		.cfi_def_cfa_register 7
 318 0006 0346     		mov	r3, r0
 319 0008 FB71     		strb	r3, [r7, #7]
 242:Generated_Source\PSoC5/PGA_Inv.c ****     /* Constant array for gain settings */
 243:Generated_Source\PSoC5/PGA_Inv.c ****     const uint8 PGA_Inv_GainArray[9] = { 
 320              		.loc 1 243 0
 321 000a 284A     		ldr	r2, .L19
 322 000c 07F11403 		add	r3, r7, #20
 323 0010 1068     		ldr	r0, [r2]	@ unaligned
 324 0012 5168     		ldr	r1, [r2, #4]	@ unaligned
 325 0014 03C3     		stmia	r3!, {r0, r1}
 326 0016 127A     		ldrb	r2, [r2, #8]
 327 0018 1A70     		strb	r2, [r3]
ARM GAS  C:\Users\AARONW~1\AppData\Local\Temp\ccxSQ4HZ.s 			page 11


 244:Generated_Source\PSoC5/PGA_Inv.c ****         (PGA_Inv_PGA_INV_GAIN_01 | PGA_Inv_BIAS_LOW), /* G=-1  */
 245:Generated_Source\PSoC5/PGA_Inv.c ****         (PGA_Inv_PGA_INV_GAIN_03 | PGA_Inv_BIAS_LOW), /* G=-3  */
 246:Generated_Source\PSoC5/PGA_Inv.c ****         (PGA_Inv_PGA_INV_GAIN_07 | PGA_Inv_BIAS_LOW), /* G=-7  */
 247:Generated_Source\PSoC5/PGA_Inv.c ****         (PGA_Inv_PGA_INV_GAIN_15 | PGA_Inv_BIAS_LOW), /* G=-15 */
 248:Generated_Source\PSoC5/PGA_Inv.c ****         (PGA_Inv_PGA_INV_GAIN_22 | PGA_Inv_BIAS_LOW), /* G=-22 */
 249:Generated_Source\PSoC5/PGA_Inv.c ****         (PGA_Inv_PGA_INV_GAIN_24 | PGA_Inv_BIAS_LOW), /* G=-24 */
 250:Generated_Source\PSoC5/PGA_Inv.c ****         (PGA_Inv_PGA_INV_GAIN_31 | PGA_Inv_BIAS_LOW), /* G=-31 */
 251:Generated_Source\PSoC5/PGA_Inv.c ****         (PGA_Inv_PGA_INV_GAIN_47 | PGA_Inv_BIAS_LOW), /* G=-47 */
 252:Generated_Source\PSoC5/PGA_Inv.c ****         (PGA_Inv_PGA_INV_GAIN_49 | PGA_Inv_BIAS_LOW)  /* G=-49 */
 253:Generated_Source\PSoC5/PGA_Inv.c ****     };
 254:Generated_Source\PSoC5/PGA_Inv.c **** 
 255:Generated_Source\PSoC5/PGA_Inv.c ****     /* Constant array for gain compenstion settings */
 256:Generated_Source\PSoC5/PGA_Inv.c ****     const uint8 PGA_Inv_GainComp[9] = { 
 328              		.loc 1 256 0
 329 001a 254A     		ldr	r2, .L19+4
 330 001c 07F10803 		add	r3, r7, #8
 331 0020 1068     		ldr	r0, [r2]	@ unaligned
 332 0022 5168     		ldr	r1, [r2, #4]	@ unaligned
 333 0024 03C3     		stmia	r3!, {r0, r1}
 334 0026 127A     		ldrb	r2, [r2, #8]
 335 0028 1A70     		strb	r2, [r3]
 257:Generated_Source\PSoC5/PGA_Inv.c ****         ( PGA_Inv_COMP_4P35PF  | (uint8)( PGA_Inv_REDC_00 >> 2 )), /* G=-1  */
 258:Generated_Source\PSoC5/PGA_Inv.c ****         ( PGA_Inv_COMP_4P35PF  | (uint8)( PGA_Inv_REDC_01 >> 2 )), /* G=-3  */
 259:Generated_Source\PSoC5/PGA_Inv.c ****         ( PGA_Inv_COMP_3P0PF   | (uint8)( PGA_Inv_REDC_01 >> 2 )), /* G=-7  */
 260:Generated_Source\PSoC5/PGA_Inv.c ****         ( PGA_Inv_COMP_3P0PF   | (uint8)( PGA_Inv_REDC_01 >> 2 )), /* G=-15 */
 261:Generated_Source\PSoC5/PGA_Inv.c ****         ( PGA_Inv_COMP_3P6PF   | (uint8)( PGA_Inv_REDC_01 >> 2 )), /* G=-22 */
 262:Generated_Source\PSoC5/PGA_Inv.c ****         ( PGA_Inv_COMP_3P0PF   | (uint8)( PGA_Inv_REDC_10 >> 2 )), /* G=-24 */
 263:Generated_Source\PSoC5/PGA_Inv.c ****         ( PGA_Inv_COMP_3P6PF   | (uint8)( PGA_Inv_REDC_11 >> 2 )), /* G=-31 */
 264:Generated_Source\PSoC5/PGA_Inv.c ****         ( PGA_Inv_COMP_3P6PF   | (uint8)( PGA_Inv_REDC_00 >> 2 )), /* G=-47 */
 265:Generated_Source\PSoC5/PGA_Inv.c ****         ( PGA_Inv_COMP_3P6PF   | (uint8)( PGA_Inv_REDC_00 >> 2 ))  /* G=-49 */
 266:Generated_Source\PSoC5/PGA_Inv.c ****     };
 267:Generated_Source\PSoC5/PGA_Inv.c ****     
 268:Generated_Source\PSoC5/PGA_Inv.c ****     
 269:Generated_Source\PSoC5/PGA_Inv.c ****     /* Only set new gain if it is a valid gain */
 270:Generated_Source\PSoC5/PGA_Inv.c ****     if( gain <= PGA_Inv_GAIN_MAX)
 336              		.loc 1 270 0
 337 002a FB79     		ldrb	r3, [r7, #7]	@ zero_extendqisi2
 338 002c 082B     		cmp	r3, #8
 339 002e 39D8     		bhi	.L17
 271:Generated_Source\PSoC5/PGA_Inv.c ****     {
 272:Generated_Source\PSoC5/PGA_Inv.c ****         /* Clear resistors, redc, and bias */
 273:Generated_Source\PSoC5/PGA_Inv.c ****         PGA_Inv_CR2_REG &= (uint8)(~(PGA_Inv_RVAL_MASK | PGA_Inv_R20_40B_MASK | 
 340              		.loc 1 273 0
 341 0030 204A     		ldr	r2, .L19+8
 342 0032 204B     		ldr	r3, .L19+8
 343 0034 1B78     		ldrb	r3, [r3]
 344 0036 DBB2     		uxtb	r3, r3
 345 0038 23F07F03 		bic	r3, r3, #127
 346 003c DBB2     		uxtb	r3, r3
 347 003e 1370     		strb	r3, [r2]
 274:Generated_Source\PSoC5/PGA_Inv.c ****                                       PGA_Inv_REDC_MASK | PGA_Inv_BIAS_MASK ));
 275:Generated_Source\PSoC5/PGA_Inv.c **** 
 276:Generated_Source\PSoC5/PGA_Inv.c ****         /* Set gain value resistors, redc comp, and bias */
 277:Generated_Source\PSoC5/PGA_Inv.c ****         PGA_Inv_CR2_REG |= (PGA_Inv_GainArray[gain] |
 348              		.loc 1 277 0
 349 0040 1C48     		ldr	r0, .L19+8
 350 0042 1C4B     		ldr	r3, .L19+8
ARM GAS  C:\Users\AARONW~1\AppData\Local\Temp\ccxSQ4HZ.s 			page 12


 351 0044 1B78     		ldrb	r3, [r3]
 352 0046 DAB2     		uxtb	r2, r3
 353 0048 FB79     		ldrb	r3, [r7, #7]	@ zero_extendqisi2
 354 004a 07F12001 		add	r1, r7, #32
 355 004e 0B44     		add	r3, r3, r1
 356 0050 13F80C1C 		ldrb	r1, [r3, #-12]	@ zero_extendqisi2
 278:Generated_Source\PSoC5/PGA_Inv.c ****                                 ( (uint8)(PGA_Inv_GainComp[gain] << 2 ) & PGA_Inv_REDC_MASK) );
 357              		.loc 1 278 0
 358 0054 FB79     		ldrb	r3, [r7, #7]	@ zero_extendqisi2
 359 0056 07F1200E 		add	lr, r7, #32
 360 005a 7344     		add	r3, r3, lr
 361 005c 13F8183C 		ldrb	r3, [r3, #-24]	@ zero_extendqisi2
 362 0060 9B00     		lsls	r3, r3, #2
 363 0062 DBB2     		uxtb	r3, r3
 277:Generated_Source\PSoC5/PGA_Inv.c ****                                 ( (uint8)(PGA_Inv_GainComp[gain] << 2 ) & PGA_Inv_REDC_MASK) );
 364              		.loc 1 277 0
 365 0064 03F00C03 		and	r3, r3, #12
 366 0068 DBB2     		uxtb	r3, r3
 367 006a 0B43     		orrs	r3, r3, r1
 368 006c DBB2     		uxtb	r3, r3
 369 006e 1343     		orrs	r3, r3, r2
 370 0070 DBB2     		uxtb	r3, r3
 371 0072 0370     		strb	r3, [r0]
 279:Generated_Source\PSoC5/PGA_Inv.c **** 
 280:Generated_Source\PSoC5/PGA_Inv.c ****         /* Clear sc_comp  */
 281:Generated_Source\PSoC5/PGA_Inv.c ****         PGA_Inv_CR1_REG &= (uint8)(~PGA_Inv_COMP_MASK);
 372              		.loc 1 281 0
 373 0074 104A     		ldr	r2, .L19+12
 374 0076 104B     		ldr	r3, .L19+12
 375 0078 1B78     		ldrb	r3, [r3]
 376 007a DBB2     		uxtb	r3, r3
 377 007c 23F00C03 		bic	r3, r3, #12
 378 0080 DBB2     		uxtb	r3, r3
 379 0082 1370     		strb	r3, [r2]
 282:Generated_Source\PSoC5/PGA_Inv.c **** 
 283:Generated_Source\PSoC5/PGA_Inv.c ****         /* Set sc_comp  */
 284:Generated_Source\PSoC5/PGA_Inv.c ****         PGA_Inv_CR1_REG |= ( PGA_Inv_GainComp[gain] | PGA_Inv_COMP_MASK );
 380              		.loc 1 284 0
 381 0084 0C49     		ldr	r1, .L19+12
 382 0086 0C4B     		ldr	r3, .L19+12
 383 0088 1B78     		ldrb	r3, [r3]
 384 008a DAB2     		uxtb	r2, r3
 385 008c FB79     		ldrb	r3, [r7, #7]	@ zero_extendqisi2
 386 008e 07F12000 		add	r0, r7, #32
 387 0092 0344     		add	r3, r3, r0
 388 0094 13F8183C 		ldrb	r3, [r3, #-24]	@ zero_extendqisi2
 389 0098 1343     		orrs	r3, r3, r2
 390 009a DBB2     		uxtb	r3, r3
 391 009c 43F00C03 		orr	r3, r3, #12
 392 00a0 DBB2     		uxtb	r3, r3
 393 00a2 0B70     		strb	r3, [r1]
 394              	.L17:
 285:Generated_Source\PSoC5/PGA_Inv.c ****     }
 286:Generated_Source\PSoC5/PGA_Inv.c **** }
 395              		.loc 1 286 0
 396 00a4 2037     		adds	r7, r7, #32
 397              		.cfi_def_cfa_offset 8
ARM GAS  C:\Users\AARONW~1\AppData\Local\Temp\ccxSQ4HZ.s 			page 13


 398 00a6 BD46     		mov	sp, r7
 399              		.cfi_def_cfa_register 13
 400              		@ sp needed
 401 00a8 80BD     		pop	{r7, pc}
 402              	.L20:
 403 00aa 00BF     		.align	2
 404              	.L19:
 405 00ac 00000000 		.word	.LC0
 406 00b0 0C000000 		.word	.LC1
 407 00b4 06580040 		.word	1073764358
 408 00b8 05580040 		.word	1073764357
 409              		.cfi_endproc
 410              	.LFE5:
 411              		.size	PGA_Inv_SetGain, .-PGA_Inv_SetGain
 412              		.text
 413              	.Letext0:
 414              		.file 2 "Generated_Source\\PSoC5\\cytypes.h"
 415              		.section	.debug_info,"",%progbits
 416              	.Ldebug_info0:
 417 0000 83010000 		.4byte	0x183
 418 0004 0400     		.2byte	0x4
 419 0006 00000000 		.4byte	.Ldebug_abbrev0
 420 000a 04       		.byte	0x4
 421 000b 01       		.uleb128 0x1
 422 000c 06000000 		.4byte	.LASF26
 423 0010 01       		.byte	0x1
 424 0011 94000000 		.4byte	.LASF27
 425 0015 86010000 		.4byte	.LASF28
 426 0019 00000000 		.4byte	.Ldebug_ranges0+0
 427 001d 00000000 		.4byte	0
 428 0021 00000000 		.4byte	.Ldebug_line0
 429 0025 02       		.uleb128 0x2
 430 0026 01       		.byte	0x1
 431 0027 06       		.byte	0x6
 432 0028 6E020000 		.4byte	.LASF0
 433 002c 02       		.uleb128 0x2
 434 002d 01       		.byte	0x1
 435 002e 08       		.byte	0x8
 436 002f E3000000 		.4byte	.LASF1
 437 0033 02       		.uleb128 0x2
 438 0034 02       		.byte	0x2
 439 0035 05       		.byte	0x5
 440 0036 5B020000 		.4byte	.LASF2
 441 003a 02       		.uleb128 0x2
 442 003b 02       		.byte	0x2
 443 003c 07       		.byte	0x7
 444 003d C5000000 		.4byte	.LASF3
 445 0041 02       		.uleb128 0x2
 446 0042 04       		.byte	0x4
 447 0043 05       		.byte	0x5
 448 0044 65020000 		.4byte	.LASF4
 449 0048 02       		.uleb128 0x2
 450 0049 04       		.byte	0x4
 451 004a 07       		.byte	0x7
 452 004b F6000000 		.4byte	.LASF5
 453 004f 02       		.uleb128 0x2
 454 0050 08       		.byte	0x8
ARM GAS  C:\Users\AARONW~1\AppData\Local\Temp\ccxSQ4HZ.s 			page 14


 455 0051 05       		.byte	0x5
 456 0052 3B020000 		.4byte	.LASF6
 457 0056 02       		.uleb128 0x2
 458 0057 08       		.byte	0x8
 459 0058 07       		.byte	0x7
 460 0059 62010000 		.4byte	.LASF7
 461 005d 03       		.uleb128 0x3
 462 005e 04       		.byte	0x4
 463 005f 05       		.byte	0x5
 464 0060 696E7400 		.ascii	"int\000"
 465 0064 02       		.uleb128 0x2
 466 0065 04       		.byte	0x4
 467 0066 07       		.byte	0x7
 468 0067 55010000 		.4byte	.LASF8
 469 006b 04       		.uleb128 0x4
 470 006c 08010000 		.4byte	.LASF12
 471 0070 02       		.byte	0x2
 472 0071 9201     		.2byte	0x192
 473 0073 2C000000 		.4byte	0x2c
 474 0077 02       		.uleb128 0x2
 475 0078 04       		.byte	0x4
 476 0079 04       		.byte	0x4
 477 007a DD000000 		.4byte	.LASF9
 478 007e 02       		.uleb128 0x2
 479 007f 08       		.byte	0x8
 480 0080 04       		.byte	0x4
 481 0081 2F010000 		.4byte	.LASF10
 482 0085 02       		.uleb128 0x2
 483 0086 01       		.byte	0x1
 484 0087 08       		.byte	0x8
 485 0088 49020000 		.4byte	.LASF11
 486 008c 04       		.uleb128 0x4
 487 008d F1000000 		.4byte	.LASF13
 488 0091 02       		.byte	0x2
 489 0092 3C02     		.2byte	0x23c
 490 0094 98000000 		.4byte	0x98
 491 0098 05       		.uleb128 0x5
 492 0099 6B000000 		.4byte	0x6b
 493 009d 02       		.uleb128 0x2
 494 009e 04       		.byte	0x4
 495 009f 07       		.byte	0x7
 496 00a0 2C020000 		.4byte	.LASF14
 497 00a4 06       		.uleb128 0x6
 498 00a5 4E020000 		.4byte	.LASF15
 499 00a9 01       		.byte	0x1
 500 00aa 33       		.byte	0x33
 501 00ab 00000000 		.4byte	.LFB0
 502 00af 2C000000 		.4byte	.LFE0-.LFB0
 503 00b3 01       		.uleb128 0x1
 504 00b4 9C       		.byte	0x9c
 505 00b5 07       		.uleb128 0x7
 506 00b6 7A020000 		.4byte	.LASF16
 507 00ba 01       		.byte	0x1
 508 00bb 51       		.byte	0x51
 509 00bc 00000000 		.4byte	.LFB1
 510 00c0 48000000 		.4byte	.LFE1-.LFB1
 511 00c4 01       		.uleb128 0x1
ARM GAS  C:\Users\AARONW~1\AppData\Local\Temp\ccxSQ4HZ.s 			page 15


 512 00c5 9C       		.byte	0x9c
 513 00c6 06       		.uleb128 0x6
 514 00c7 36010000 		.4byte	.LASF17
 515 00cb 01       		.byte	0x1
 516 00cc 8E       		.byte	0x8e
 517 00cd 00000000 		.4byte	.LFB2
 518 00d1 20000000 		.4byte	.LFE2-.LFB2
 519 00d5 01       		.uleb128 0x1
 520 00d6 9C       		.byte	0x9c
 521 00d7 07       		.uleb128 0x7
 522 00d8 79010000 		.4byte	.LASF18
 523 00dc 01       		.byte	0x1
 524 00dd A9       		.byte	0xa9
 525 00de 00000000 		.4byte	.LFB3
 526 00e2 34000000 		.4byte	.LFE3-.LFB3
 527 00e6 01       		.uleb128 0x1
 528 00e7 9C       		.byte	0x9c
 529 00e8 08       		.uleb128 0x8
 530 00e9 44010000 		.4byte	.LASF19
 531 00ed 01       		.byte	0x1
 532 00ee D7       		.byte	0xd7
 533 00ef 00000000 		.4byte	.LFB4
 534 00f3 38000000 		.4byte	.LFE4-.LFB4
 535 00f7 01       		.uleb128 0x1
 536 00f8 9C       		.byte	0x9c
 537 00f9 1A010000 		.4byte	0x11a
 538 00fd 09       		.uleb128 0x9
 539 00fe 35020000 		.4byte	.LASF21
 540 0102 01       		.byte	0x1
 541 0103 D7       		.byte	0xd7
 542 0104 6B000000 		.4byte	0x6b
 543 0108 02       		.uleb128 0x2
 544 0109 91       		.byte	0x91
 545 010a 6F       		.sleb128 -17
 546 010b 0A       		.uleb128 0xa
 547 010c 00000000 		.4byte	.LASF23
 548 0110 01       		.byte	0x1
 549 0111 D9       		.byte	0xd9
 550 0112 6B000000 		.4byte	0x6b
 551 0116 02       		.uleb128 0x2
 552 0117 91       		.byte	0x91
 553 0118 77       		.sleb128 -9
 554 0119 00       		.byte	0
 555 011a 08       		.uleb128 0x8
 556 011b 1F010000 		.4byte	.LASF20
 557 011f 01       		.byte	0x1
 558 0120 F0       		.byte	0xf0
 559 0121 00000000 		.4byte	.LFB5
 560 0125 BC000000 		.4byte	.LFE5-.LFB5
 561 0129 01       		.uleb128 0x1
 562 012a 9C       		.byte	0x9c
 563 012b 5B010000 		.4byte	0x15b
 564 012f 09       		.uleb128 0x9
 565 0130 D8000000 		.4byte	.LASF22
 566 0134 01       		.byte	0x1
 567 0135 F0       		.byte	0xf0
 568 0136 6B000000 		.4byte	0x6b
ARM GAS  C:\Users\AARONW~1\AppData\Local\Temp\ccxSQ4HZ.s 			page 16


 569 013a 02       		.uleb128 0x2
 570 013b 91       		.byte	0x91
 571 013c 5F       		.sleb128 -33
 572 013d 0A       		.uleb128 0xa
 573 013e 1A020000 		.4byte	.LASF24
 574 0142 01       		.byte	0x1
 575 0143 F3       		.byte	0xf3
 576 0144 6B010000 		.4byte	0x16b
 577 0148 02       		.uleb128 0x2
 578 0149 91       		.byte	0x91
 579 014a 6C       		.sleb128 -20
 580 014b 0B       		.uleb128 0xb
 581 014c 0E010000 		.4byte	.LASF25
 582 0150 01       		.byte	0x1
 583 0151 0001     		.2byte	0x100
 584 0153 70010000 		.4byte	0x170
 585 0157 02       		.uleb128 0x2
 586 0158 91       		.byte	0x91
 587 0159 60       		.sleb128 -32
 588 015a 00       		.byte	0
 589 015b 0C       		.uleb128 0xc
 590 015c 6B000000 		.4byte	0x6b
 591 0160 6B010000 		.4byte	0x16b
 592 0164 0D       		.uleb128 0xd
 593 0165 9D000000 		.4byte	0x9d
 594 0169 08       		.byte	0x8
 595 016a 00       		.byte	0
 596 016b 0E       		.uleb128 0xe
 597 016c 5B010000 		.4byte	0x15b
 598 0170 0E       		.uleb128 0xe
 599 0171 5B010000 		.4byte	0x15b
 600 0175 0F       		.uleb128 0xf
 601 0176 B5000000 		.4byte	.LASF29
 602 017a 01       		.byte	0x1
 603 017b 1F       		.byte	0x1f
 604 017c 6B000000 		.4byte	0x6b
 605 0180 05       		.uleb128 0x5
 606 0181 03       		.byte	0x3
 607 0182 00000000 		.4byte	PGA_Inv_initVar
 608 0186 00       		.byte	0
 609              		.section	.debug_abbrev,"",%progbits
 610              	.Ldebug_abbrev0:
 611 0000 01       		.uleb128 0x1
 612 0001 11       		.uleb128 0x11
 613 0002 01       		.byte	0x1
 614 0003 25       		.uleb128 0x25
 615 0004 0E       		.uleb128 0xe
 616 0005 13       		.uleb128 0x13
 617 0006 0B       		.uleb128 0xb
 618 0007 03       		.uleb128 0x3
 619 0008 0E       		.uleb128 0xe
 620 0009 1B       		.uleb128 0x1b
 621 000a 0E       		.uleb128 0xe
 622 000b 55       		.uleb128 0x55
 623 000c 17       		.uleb128 0x17
 624 000d 11       		.uleb128 0x11
 625 000e 01       		.uleb128 0x1
ARM GAS  C:\Users\AARONW~1\AppData\Local\Temp\ccxSQ4HZ.s 			page 17


 626 000f 10       		.uleb128 0x10
 627 0010 17       		.uleb128 0x17
 628 0011 00       		.byte	0
 629 0012 00       		.byte	0
 630 0013 02       		.uleb128 0x2
 631 0014 24       		.uleb128 0x24
 632 0015 00       		.byte	0
 633 0016 0B       		.uleb128 0xb
 634 0017 0B       		.uleb128 0xb
 635 0018 3E       		.uleb128 0x3e
 636 0019 0B       		.uleb128 0xb
 637 001a 03       		.uleb128 0x3
 638 001b 0E       		.uleb128 0xe
 639 001c 00       		.byte	0
 640 001d 00       		.byte	0
 641 001e 03       		.uleb128 0x3
 642 001f 24       		.uleb128 0x24
 643 0020 00       		.byte	0
 644 0021 0B       		.uleb128 0xb
 645 0022 0B       		.uleb128 0xb
 646 0023 3E       		.uleb128 0x3e
 647 0024 0B       		.uleb128 0xb
 648 0025 03       		.uleb128 0x3
 649 0026 08       		.uleb128 0x8
 650 0027 00       		.byte	0
 651 0028 00       		.byte	0
 652 0029 04       		.uleb128 0x4
 653 002a 16       		.uleb128 0x16
 654 002b 00       		.byte	0
 655 002c 03       		.uleb128 0x3
 656 002d 0E       		.uleb128 0xe
 657 002e 3A       		.uleb128 0x3a
 658 002f 0B       		.uleb128 0xb
 659 0030 3B       		.uleb128 0x3b
 660 0031 05       		.uleb128 0x5
 661 0032 49       		.uleb128 0x49
 662 0033 13       		.uleb128 0x13
 663 0034 00       		.byte	0
 664 0035 00       		.byte	0
 665 0036 05       		.uleb128 0x5
 666 0037 35       		.uleb128 0x35
 667 0038 00       		.byte	0
 668 0039 49       		.uleb128 0x49
 669 003a 13       		.uleb128 0x13
 670 003b 00       		.byte	0
 671 003c 00       		.byte	0
 672 003d 06       		.uleb128 0x6
 673 003e 2E       		.uleb128 0x2e
 674 003f 00       		.byte	0
 675 0040 3F       		.uleb128 0x3f
 676 0041 19       		.uleb128 0x19
 677 0042 03       		.uleb128 0x3
 678 0043 0E       		.uleb128 0xe
 679 0044 3A       		.uleb128 0x3a
 680 0045 0B       		.uleb128 0xb
 681 0046 3B       		.uleb128 0x3b
 682 0047 0B       		.uleb128 0xb
ARM GAS  C:\Users\AARONW~1\AppData\Local\Temp\ccxSQ4HZ.s 			page 18


 683 0048 27       		.uleb128 0x27
 684 0049 19       		.uleb128 0x19
 685 004a 11       		.uleb128 0x11
 686 004b 01       		.uleb128 0x1
 687 004c 12       		.uleb128 0x12
 688 004d 06       		.uleb128 0x6
 689 004e 40       		.uleb128 0x40
 690 004f 18       		.uleb128 0x18
 691 0050 9642     		.uleb128 0x2116
 692 0052 19       		.uleb128 0x19
 693 0053 00       		.byte	0
 694 0054 00       		.byte	0
 695 0055 07       		.uleb128 0x7
 696 0056 2E       		.uleb128 0x2e
 697 0057 00       		.byte	0
 698 0058 3F       		.uleb128 0x3f
 699 0059 19       		.uleb128 0x19
 700 005a 03       		.uleb128 0x3
 701 005b 0E       		.uleb128 0xe
 702 005c 3A       		.uleb128 0x3a
 703 005d 0B       		.uleb128 0xb
 704 005e 3B       		.uleb128 0x3b
 705 005f 0B       		.uleb128 0xb
 706 0060 27       		.uleb128 0x27
 707 0061 19       		.uleb128 0x19
 708 0062 11       		.uleb128 0x11
 709 0063 01       		.uleb128 0x1
 710 0064 12       		.uleb128 0x12
 711 0065 06       		.uleb128 0x6
 712 0066 40       		.uleb128 0x40
 713 0067 18       		.uleb128 0x18
 714 0068 9742     		.uleb128 0x2117
 715 006a 19       		.uleb128 0x19
 716 006b 00       		.byte	0
 717 006c 00       		.byte	0
 718 006d 08       		.uleb128 0x8
 719 006e 2E       		.uleb128 0x2e
 720 006f 01       		.byte	0x1
 721 0070 3F       		.uleb128 0x3f
 722 0071 19       		.uleb128 0x19
 723 0072 03       		.uleb128 0x3
 724 0073 0E       		.uleb128 0xe
 725 0074 3A       		.uleb128 0x3a
 726 0075 0B       		.uleb128 0xb
 727 0076 3B       		.uleb128 0x3b
 728 0077 0B       		.uleb128 0xb
 729 0078 27       		.uleb128 0x27
 730 0079 19       		.uleb128 0x19
 731 007a 11       		.uleb128 0x11
 732 007b 01       		.uleb128 0x1
 733 007c 12       		.uleb128 0x12
 734 007d 06       		.uleb128 0x6
 735 007e 40       		.uleb128 0x40
 736 007f 18       		.uleb128 0x18
 737 0080 9742     		.uleb128 0x2117
 738 0082 19       		.uleb128 0x19
 739 0083 01       		.uleb128 0x1
ARM GAS  C:\Users\AARONW~1\AppData\Local\Temp\ccxSQ4HZ.s 			page 19


 740 0084 13       		.uleb128 0x13
 741 0085 00       		.byte	0
 742 0086 00       		.byte	0
 743 0087 09       		.uleb128 0x9
 744 0088 05       		.uleb128 0x5
 745 0089 00       		.byte	0
 746 008a 03       		.uleb128 0x3
 747 008b 0E       		.uleb128 0xe
 748 008c 3A       		.uleb128 0x3a
 749 008d 0B       		.uleb128 0xb
 750 008e 3B       		.uleb128 0x3b
 751 008f 0B       		.uleb128 0xb
 752 0090 49       		.uleb128 0x49
 753 0091 13       		.uleb128 0x13
 754 0092 02       		.uleb128 0x2
 755 0093 18       		.uleb128 0x18
 756 0094 00       		.byte	0
 757 0095 00       		.byte	0
 758 0096 0A       		.uleb128 0xa
 759 0097 34       		.uleb128 0x34
 760 0098 00       		.byte	0
 761 0099 03       		.uleb128 0x3
 762 009a 0E       		.uleb128 0xe
 763 009b 3A       		.uleb128 0x3a
 764 009c 0B       		.uleb128 0xb
 765 009d 3B       		.uleb128 0x3b
 766 009e 0B       		.uleb128 0xb
 767 009f 49       		.uleb128 0x49
 768 00a0 13       		.uleb128 0x13
 769 00a1 02       		.uleb128 0x2
 770 00a2 18       		.uleb128 0x18
 771 00a3 00       		.byte	0
 772 00a4 00       		.byte	0
 773 00a5 0B       		.uleb128 0xb
 774 00a6 34       		.uleb128 0x34
 775 00a7 00       		.byte	0
 776 00a8 03       		.uleb128 0x3
 777 00a9 0E       		.uleb128 0xe
 778 00aa 3A       		.uleb128 0x3a
 779 00ab 0B       		.uleb128 0xb
 780 00ac 3B       		.uleb128 0x3b
 781 00ad 05       		.uleb128 0x5
 782 00ae 49       		.uleb128 0x49
 783 00af 13       		.uleb128 0x13
 784 00b0 02       		.uleb128 0x2
 785 00b1 18       		.uleb128 0x18
 786 00b2 00       		.byte	0
 787 00b3 00       		.byte	0
 788 00b4 0C       		.uleb128 0xc
 789 00b5 01       		.uleb128 0x1
 790 00b6 01       		.byte	0x1
 791 00b7 49       		.uleb128 0x49
 792 00b8 13       		.uleb128 0x13
 793 00b9 01       		.uleb128 0x1
 794 00ba 13       		.uleb128 0x13
 795 00bb 00       		.byte	0
 796 00bc 00       		.byte	0
ARM GAS  C:\Users\AARONW~1\AppData\Local\Temp\ccxSQ4HZ.s 			page 20


 797 00bd 0D       		.uleb128 0xd
 798 00be 21       		.uleb128 0x21
 799 00bf 00       		.byte	0
 800 00c0 49       		.uleb128 0x49
 801 00c1 13       		.uleb128 0x13
 802 00c2 2F       		.uleb128 0x2f
 803 00c3 0B       		.uleb128 0xb
 804 00c4 00       		.byte	0
 805 00c5 00       		.byte	0
 806 00c6 0E       		.uleb128 0xe
 807 00c7 26       		.uleb128 0x26
 808 00c8 00       		.byte	0
 809 00c9 49       		.uleb128 0x49
 810 00ca 13       		.uleb128 0x13
 811 00cb 00       		.byte	0
 812 00cc 00       		.byte	0
 813 00cd 0F       		.uleb128 0xf
 814 00ce 34       		.uleb128 0x34
 815 00cf 00       		.byte	0
 816 00d0 03       		.uleb128 0x3
 817 00d1 0E       		.uleb128 0xe
 818 00d2 3A       		.uleb128 0x3a
 819 00d3 0B       		.uleb128 0xb
 820 00d4 3B       		.uleb128 0x3b
 821 00d5 0B       		.uleb128 0xb
 822 00d6 49       		.uleb128 0x49
 823 00d7 13       		.uleb128 0x13
 824 00d8 3F       		.uleb128 0x3f
 825 00d9 19       		.uleb128 0x19
 826 00da 02       		.uleb128 0x2
 827 00db 18       		.uleb128 0x18
 828 00dc 00       		.byte	0
 829 00dd 00       		.byte	0
 830 00de 00       		.byte	0
 831              		.section	.debug_aranges,"",%progbits
 832 0000 44000000 		.4byte	0x44
 833 0004 0200     		.2byte	0x2
 834 0006 00000000 		.4byte	.Ldebug_info0
 835 000a 04       		.byte	0x4
 836 000b 00       		.byte	0
 837 000c 0000     		.2byte	0
 838 000e 0000     		.2byte	0
 839 0010 00000000 		.4byte	.LFB0
 840 0014 2C000000 		.4byte	.LFE0-.LFB0
 841 0018 00000000 		.4byte	.LFB1
 842 001c 48000000 		.4byte	.LFE1-.LFB1
 843 0020 00000000 		.4byte	.LFB2
 844 0024 20000000 		.4byte	.LFE2-.LFB2
 845 0028 00000000 		.4byte	.LFB3
 846 002c 34000000 		.4byte	.LFE3-.LFB3
 847 0030 00000000 		.4byte	.LFB4
 848 0034 38000000 		.4byte	.LFE4-.LFB4
 849 0038 00000000 		.4byte	.LFB5
 850 003c BC000000 		.4byte	.LFE5-.LFB5
 851 0040 00000000 		.4byte	0
 852 0044 00000000 		.4byte	0
 853              		.section	.debug_ranges,"",%progbits
ARM GAS  C:\Users\AARONW~1\AppData\Local\Temp\ccxSQ4HZ.s 			page 21


 854              	.Ldebug_ranges0:
 855 0000 00000000 		.4byte	.LFB0
 856 0004 2C000000 		.4byte	.LFE0
 857 0008 00000000 		.4byte	.LFB1
 858 000c 48000000 		.4byte	.LFE1
 859 0010 00000000 		.4byte	.LFB2
 860 0014 20000000 		.4byte	.LFE2
 861 0018 00000000 		.4byte	.LFB3
 862 001c 34000000 		.4byte	.LFE3
 863 0020 00000000 		.4byte	.LFB4
 864 0024 38000000 		.4byte	.LFE4
 865 0028 00000000 		.4byte	.LFB5
 866 002c BC000000 		.4byte	.LFE5
 867 0030 00000000 		.4byte	0
 868 0034 00000000 		.4byte	0
 869              		.section	.debug_line,"",%progbits
 870              	.Ldebug_line0:
 871 0000 D2000000 		.section	.debug_str,"MS",%progbits,1
 871      02004400 
 871      00000201 
 871      FB0E0D00 
 871      01010101 
 872              	.LASF23:
 873 0000 746D7043 		.ascii	"tmpCR\000"
 873      5200
 874              	.LASF26:
 875 0006 474E5520 		.ascii	"GNU C 4.9.3 20150303 (release) [ARM/embedded-4_9-br"
 875      4320342E 
 875      392E3320 
 875      32303135 
 875      30333033 
 876 0039 616E6368 		.ascii	"anch revision 221220] -mcpu=cortex-m3 -mthumb -g -O"
 876      20726576 
 876      6973696F 
 876      6E203232 
 876      31323230 
 877 006c 30202D66 		.ascii	"0 -ffunction-sections -ffat-lto-objects\000"
 877      66756E63 
 877      74696F6E 
 877      2D736563 
 877      74696F6E 
 878              	.LASF27:
 879 0094 47656E65 		.ascii	"Generated_Source\\PSoC5\\PGA_Inv.c\000"
 879      72617465 
 879      645F536F 
 879      75726365 
 879      5C50536F 
 880              	.LASF29:
 881 00b5 5047415F 		.ascii	"PGA_Inv_initVar\000"
 881      496E765F 
 881      696E6974 
 881      56617200 
 882              	.LASF3:
 883 00c5 73686F72 		.ascii	"short unsigned int\000"
 883      7420756E 
 883      7369676E 
 883      65642069 
ARM GAS  C:\Users\AARONW~1\AppData\Local\Temp\ccxSQ4HZ.s 			page 22


 883      6E7400
 884              	.LASF22:
 885 00d8 6761696E 		.ascii	"gain\000"
 885      00
 886              	.LASF9:
 887 00dd 666C6F61 		.ascii	"float\000"
 887      7400
 888              	.LASF1:
 889 00e3 756E7369 		.ascii	"unsigned char\000"
 889      676E6564 
 889      20636861 
 889      7200
 890              	.LASF13:
 891 00f1 72656738 		.ascii	"reg8\000"
 891      00
 892              	.LASF5:
 893 00f6 6C6F6E67 		.ascii	"long unsigned int\000"
 893      20756E73 
 893      69676E65 
 893      6420696E 
 893      7400
 894              	.LASF12:
 895 0108 75696E74 		.ascii	"uint8\000"
 895      3800
 896              	.LASF25:
 897 010e 5047415F 		.ascii	"PGA_Inv_GainComp\000"
 897      496E765F 
 897      4761696E 
 897      436F6D70 
 897      00
 898              	.LASF20:
 899 011f 5047415F 		.ascii	"PGA_Inv_SetGain\000"
 899      496E765F 
 899      53657447 
 899      61696E00 
 900              	.LASF10:
 901 012f 646F7562 		.ascii	"double\000"
 901      6C6500
 902              	.LASF17:
 903 0136 5047415F 		.ascii	"PGA_Inv_Start\000"
 903      496E765F 
 903      53746172 
 903      7400
 904              	.LASF19:
 905 0144 5047415F 		.ascii	"PGA_Inv_SetPower\000"
 905      496E765F 
 905      53657450 
 905      6F776572 
 905      00
 906              	.LASF8:
 907 0155 756E7369 		.ascii	"unsigned int\000"
 907      676E6564 
 907      20696E74 
 907      00
 908              	.LASF7:
 909 0162 6C6F6E67 		.ascii	"long long unsigned int\000"
 909      206C6F6E 
ARM GAS  C:\Users\AARONW~1\AppData\Local\Temp\ccxSQ4HZ.s 			page 23


 909      6720756E 
 909      7369676E 
 909      65642069 
 910              	.LASF18:
 911 0179 5047415F 		.ascii	"PGA_Inv_Stop\000"
 911      496E765F 
 911      53746F70 
 911      00
 912              	.LASF28:
 913 0186 433A5C55 		.ascii	"C:\\Users\\Aaron Wubshet\\Google Drive\\1 College\\"
 913      73657273 
 913      5C416172 
 913      6F6E2057 
 913      75627368 
 914 01b4 3220536F 		.ascii	"2 Sophomore Year\\3 SPRING\\6.115\\Final Project PS"
 914      70686F6D 
 914      6F726520 
 914      59656172 
 914      5C332053 
 915 01e4 6F432057 		.ascii	"oC Workspace\\Final Project\\External_LCD_Display.c"
 915      6F726B73 
 915      70616365 
 915      5C46696E 
 915      616C2050 
 916 0215 7964736E 		.ascii	"ydsn\000"
 916      00
 917              	.LASF24:
 918 021a 5047415F 		.ascii	"PGA_Inv_GainArray\000"
 918      496E765F 
 918      4761696E 
 918      41727261 
 918      7900
 919              	.LASF14:
 920 022c 73697A65 		.ascii	"sizetype\000"
 920      74797065 
 920      00
 921              	.LASF21:
 922 0235 706F7765 		.ascii	"power\000"
 922      7200
 923              	.LASF6:
 924 023b 6C6F6E67 		.ascii	"long long int\000"
 924      206C6F6E 
 924      6720696E 
 924      7400
 925              	.LASF11:
 926 0249 63686172 		.ascii	"char\000"
 926      00
 927              	.LASF15:
 928 024e 5047415F 		.ascii	"PGA_Inv_Init\000"
 928      496E765F 
 928      496E6974 
 928      00
 929              	.LASF2:
 930 025b 73686F72 		.ascii	"short int\000"
 930      7420696E 
 930      7400
 931              	.LASF4:
ARM GAS  C:\Users\AARONW~1\AppData\Local\Temp\ccxSQ4HZ.s 			page 24


 932 0265 6C6F6E67 		.ascii	"long int\000"
 932      20696E74 
 932      00
 933              	.LASF0:
 934 026e 7369676E 		.ascii	"signed char\000"
 934      65642063 
 934      68617200 
 935              	.LASF16:
 936 027a 5047415F 		.ascii	"PGA_Inv_Enable\000"
 936      496E765F 
 936      456E6162 
 936      6C6500
 937              		.ident	"GCC: (GNU Tools for ARM Embedded Processors) 4.9.3 20150303 (release) [ARM/embedded-4_9-br
