ARM GAS  C:\Users\AARONW~1\AppData\Local\Temp\cc5F1QVS.s 			page 1


   1              		.syntax unified
   2              		.cpu cortex-m3
   3              		.fpu softvfp
   4              		.eabi_attribute 20, 1
   5              		.eabi_attribute 21, 1
   6              		.eabi_attribute 23, 3
   7              		.eabi_attribute 24, 1
   8              		.eabi_attribute 25, 1
   9              		.eabi_attribute 26, 1
  10              		.eabi_attribute 30, 6
  11              		.eabi_attribute 34, 1
  12              		.eabi_attribute 18, 4
  13              		.thumb
  14              		.file	"SensorInterrupt.c"
  15              		.text
  16              	.Ltext0:
  17              		.cfi_sections	.debug_frame
  18              		.comm	flag,1,1
  19              		.section	.text.SensorInterrupt_Start,"ax",%progbits
  20              		.align	2
  21              		.global	SensorInterrupt_Start
  22              		.thumb
  23              		.thumb_func
  24              		.type	SensorInterrupt_Start, %function
  25              	SensorInterrupt_Start:
  26              	.LFB0:
  27              		.file 1 "Generated_Source\\PSoC5\\SensorInterrupt.c"
   1:Generated_Source\PSoC5/SensorInterrupt.c **** /*******************************************************************************
   2:Generated_Source\PSoC5/SensorInterrupt.c **** * File Name: SensorInterrupt.c  
   3:Generated_Source\PSoC5/SensorInterrupt.c **** * Version 1.70
   4:Generated_Source\PSoC5/SensorInterrupt.c **** *
   5:Generated_Source\PSoC5/SensorInterrupt.c **** *  Description:
   6:Generated_Source\PSoC5/SensorInterrupt.c **** *   API for controlling the state of an interrupt.
   7:Generated_Source\PSoC5/SensorInterrupt.c **** *
   8:Generated_Source\PSoC5/SensorInterrupt.c **** *
   9:Generated_Source\PSoC5/SensorInterrupt.c **** *  Note:
  10:Generated_Source\PSoC5/SensorInterrupt.c **** *
  11:Generated_Source\PSoC5/SensorInterrupt.c **** ********************************************************************************
  12:Generated_Source\PSoC5/SensorInterrupt.c **** * Copyright 2008-2015, Cypress Semiconductor Corporation.  All rights reserved.
  13:Generated_Source\PSoC5/SensorInterrupt.c **** * You may use this file only in accordance with the license, terms, conditions, 
  14:Generated_Source\PSoC5/SensorInterrupt.c **** * disclaimers, and limitations in the end user license agreement accompanying 
  15:Generated_Source\PSoC5/SensorInterrupt.c **** * the software package with which this file was provided.
  16:Generated_Source\PSoC5/SensorInterrupt.c **** *******************************************************************************/
  17:Generated_Source\PSoC5/SensorInterrupt.c **** 
  18:Generated_Source\PSoC5/SensorInterrupt.c **** 
  19:Generated_Source\PSoC5/SensorInterrupt.c **** #include <cydevice_trm.h>
  20:Generated_Source\PSoC5/SensorInterrupt.c **** #include <CyLib.h>
  21:Generated_Source\PSoC5/SensorInterrupt.c **** #include <SensorInterrupt.h>
  22:Generated_Source\PSoC5/SensorInterrupt.c **** #include "cyapicallbacks.h"
  23:Generated_Source\PSoC5/SensorInterrupt.c **** 
  24:Generated_Source\PSoC5/SensorInterrupt.c **** #if !defined(SensorInterrupt__REMOVED) /* Check for removal by optimization */
  25:Generated_Source\PSoC5/SensorInterrupt.c **** 
  26:Generated_Source\PSoC5/SensorInterrupt.c **** /*******************************************************************************
  27:Generated_Source\PSoC5/SensorInterrupt.c **** *  Place your includes, defines and code here 
  28:Generated_Source\PSoC5/SensorInterrupt.c **** ********************************************************************************/
  29:Generated_Source\PSoC5/SensorInterrupt.c **** /* `#START SensorInterrupt_intc` */
  30:Generated_Source\PSoC5/SensorInterrupt.c **** uint8 flag;
ARM GAS  C:\Users\AARONW~1\AppData\Local\Temp\cc5F1QVS.s 			page 2


  31:Generated_Source\PSoC5/SensorInterrupt.c **** /* `#END` */
  32:Generated_Source\PSoC5/SensorInterrupt.c **** 
  33:Generated_Source\PSoC5/SensorInterrupt.c **** #ifndef CYINT_IRQ_BASE
  34:Generated_Source\PSoC5/SensorInterrupt.c **** #define CYINT_IRQ_BASE      16
  35:Generated_Source\PSoC5/SensorInterrupt.c **** #endif /* CYINT_IRQ_BASE */
  36:Generated_Source\PSoC5/SensorInterrupt.c **** #ifndef CYINT_VECT_TABLE
  37:Generated_Source\PSoC5/SensorInterrupt.c **** #define CYINT_VECT_TABLE    ((cyisraddress **) CYREG_NVIC_VECT_OFFSET)
  38:Generated_Source\PSoC5/SensorInterrupt.c **** #endif /* CYINT_VECT_TABLE */
  39:Generated_Source\PSoC5/SensorInterrupt.c **** 
  40:Generated_Source\PSoC5/SensorInterrupt.c **** /* Declared in startup, used to set unused interrupts to. */
  41:Generated_Source\PSoC5/SensorInterrupt.c **** CY_ISR_PROTO(IntDefaultHandler);
  42:Generated_Source\PSoC5/SensorInterrupt.c **** 
  43:Generated_Source\PSoC5/SensorInterrupt.c **** 
  44:Generated_Source\PSoC5/SensorInterrupt.c **** /*******************************************************************************
  45:Generated_Source\PSoC5/SensorInterrupt.c **** * Function Name: SensorInterrupt_Start
  46:Generated_Source\PSoC5/SensorInterrupt.c **** ********************************************************************************
  47:Generated_Source\PSoC5/SensorInterrupt.c **** *
  48:Generated_Source\PSoC5/SensorInterrupt.c **** * Summary:
  49:Generated_Source\PSoC5/SensorInterrupt.c **** *  Set up the interrupt and enable it. This function disables the interrupt, 
  50:Generated_Source\PSoC5/SensorInterrupt.c **** *  sets the default interrupt vector, sets the priority from the value in the
  51:Generated_Source\PSoC5/SensorInterrupt.c **** *  Design Wide Resources Interrupt Editor, then enables the interrupt to the 
  52:Generated_Source\PSoC5/SensorInterrupt.c **** *  interrupt controller.
  53:Generated_Source\PSoC5/SensorInterrupt.c **** *
  54:Generated_Source\PSoC5/SensorInterrupt.c **** * Parameters:  
  55:Generated_Source\PSoC5/SensorInterrupt.c **** *   None
  56:Generated_Source\PSoC5/SensorInterrupt.c **** *
  57:Generated_Source\PSoC5/SensorInterrupt.c **** * Return:
  58:Generated_Source\PSoC5/SensorInterrupt.c **** *   None
  59:Generated_Source\PSoC5/SensorInterrupt.c **** *
  60:Generated_Source\PSoC5/SensorInterrupt.c **** *******************************************************************************/
  61:Generated_Source\PSoC5/SensorInterrupt.c **** void SensorInterrupt_Start(void)
  62:Generated_Source\PSoC5/SensorInterrupt.c **** {
  28              		.loc 1 62 0
  29              		.cfi_startproc
  30              		@ args = 0, pretend = 0, frame = 0
  31              		@ frame_needed = 1, uses_anonymous_args = 0
  32 0000 80B5     		push	{r7, lr}
  33              		.cfi_def_cfa_offset 8
  34              		.cfi_offset 7, -8
  35              		.cfi_offset 14, -4
  36 0002 00AF     		add	r7, sp, #0
  37              		.cfi_def_cfa_register 7
  63:Generated_Source\PSoC5/SensorInterrupt.c ****     /* For all we know the interrupt is active. */
  64:Generated_Source\PSoC5/SensorInterrupt.c ****     SensorInterrupt_Disable();
  38              		.loc 1 64 0
  39 0004 FFF7FEFF 		bl	SensorInterrupt_Disable
  65:Generated_Source\PSoC5/SensorInterrupt.c **** 
  66:Generated_Source\PSoC5/SensorInterrupt.c ****     /* Set the ISR to point to the SensorInterrupt Interrupt. */
  67:Generated_Source\PSoC5/SensorInterrupt.c ****     SensorInterrupt_SetVector(&SensorInterrupt_Interrupt);
  40              		.loc 1 67 0
  41 0008 0448     		ldr	r0, .L2
  42 000a FFF7FEFF 		bl	SensorInterrupt_SetVector
  68:Generated_Source\PSoC5/SensorInterrupt.c **** 
  69:Generated_Source\PSoC5/SensorInterrupt.c ****     /* Set the priority. */
  70:Generated_Source\PSoC5/SensorInterrupt.c ****     SensorInterrupt_SetPriority((uint8)SensorInterrupt_INTC_PRIOR_NUMBER);
  43              		.loc 1 70 0
  44 000e 0720     		movs	r0, #7
ARM GAS  C:\Users\AARONW~1\AppData\Local\Temp\cc5F1QVS.s 			page 3


  45 0010 FFF7FEFF 		bl	SensorInterrupt_SetPriority
  71:Generated_Source\PSoC5/SensorInterrupt.c **** 
  72:Generated_Source\PSoC5/SensorInterrupt.c ****     /* Enable it. */
  73:Generated_Source\PSoC5/SensorInterrupt.c ****     SensorInterrupt_Enable();
  46              		.loc 1 73 0
  47 0014 FFF7FEFF 		bl	SensorInterrupt_Enable
  74:Generated_Source\PSoC5/SensorInterrupt.c **** }
  48              		.loc 1 74 0
  49 0018 80BD     		pop	{r7, pc}
  50              	.L3:
  51 001a 00BF     		.align	2
  52              	.L2:
  53 001c 00000000 		.word	SensorInterrupt_Interrupt
  54              		.cfi_endproc
  55              	.LFE0:
  56              		.size	SensorInterrupt_Start, .-SensorInterrupt_Start
  57              		.section	.text.SensorInterrupt_StartEx,"ax",%progbits
  58              		.align	2
  59              		.global	SensorInterrupt_StartEx
  60              		.thumb
  61              		.thumb_func
  62              		.type	SensorInterrupt_StartEx, %function
  63              	SensorInterrupt_StartEx:
  64              	.LFB1:
  75:Generated_Source\PSoC5/SensorInterrupt.c **** 
  76:Generated_Source\PSoC5/SensorInterrupt.c **** 
  77:Generated_Source\PSoC5/SensorInterrupt.c **** /*******************************************************************************
  78:Generated_Source\PSoC5/SensorInterrupt.c **** * Function Name: SensorInterrupt_StartEx
  79:Generated_Source\PSoC5/SensorInterrupt.c **** ********************************************************************************
  80:Generated_Source\PSoC5/SensorInterrupt.c **** *
  81:Generated_Source\PSoC5/SensorInterrupt.c **** * Summary:
  82:Generated_Source\PSoC5/SensorInterrupt.c **** *  Sets up the interrupt and enables it. This function disables the interrupt,
  83:Generated_Source\PSoC5/SensorInterrupt.c **** *  sets the interrupt vector based on the address passed in, sets the priority 
  84:Generated_Source\PSoC5/SensorInterrupt.c **** *  from the value in the Design Wide Resources Interrupt Editor, then enables 
  85:Generated_Source\PSoC5/SensorInterrupt.c **** *  the interrupt to the interrupt controller.
  86:Generated_Source\PSoC5/SensorInterrupt.c **** *  
  87:Generated_Source\PSoC5/SensorInterrupt.c **** *  When defining ISR functions, the CY_ISR and CY_ISR_PROTO macros should be 
  88:Generated_Source\PSoC5/SensorInterrupt.c **** *  used to provide consistent definition across compilers:
  89:Generated_Source\PSoC5/SensorInterrupt.c **** *  
  90:Generated_Source\PSoC5/SensorInterrupt.c **** *  Function definition example:
  91:Generated_Source\PSoC5/SensorInterrupt.c **** *   CY_ISR(MyISR)
  92:Generated_Source\PSoC5/SensorInterrupt.c **** *   {
  93:Generated_Source\PSoC5/SensorInterrupt.c **** *   }
  94:Generated_Source\PSoC5/SensorInterrupt.c **** *   Function prototype example:
  95:Generated_Source\PSoC5/SensorInterrupt.c **** *   CY_ISR_PROTO(MyISR);
  96:Generated_Source\PSoC5/SensorInterrupt.c **** *
  97:Generated_Source\PSoC5/SensorInterrupt.c **** * Parameters:  
  98:Generated_Source\PSoC5/SensorInterrupt.c **** *   address: Address of the ISR to set in the interrupt vector table.
  99:Generated_Source\PSoC5/SensorInterrupt.c **** *
 100:Generated_Source\PSoC5/SensorInterrupt.c **** * Return:
 101:Generated_Source\PSoC5/SensorInterrupt.c **** *   None
 102:Generated_Source\PSoC5/SensorInterrupt.c **** *
 103:Generated_Source\PSoC5/SensorInterrupt.c **** *******************************************************************************/
 104:Generated_Source\PSoC5/SensorInterrupt.c **** void SensorInterrupt_StartEx(cyisraddress address)
 105:Generated_Source\PSoC5/SensorInterrupt.c **** {
  65              		.loc 1 105 0
  66              		.cfi_startproc
ARM GAS  C:\Users\AARONW~1\AppData\Local\Temp\cc5F1QVS.s 			page 4


  67              		@ args = 0, pretend = 0, frame = 8
  68              		@ frame_needed = 1, uses_anonymous_args = 0
  69 0000 80B5     		push	{r7, lr}
  70              		.cfi_def_cfa_offset 8
  71              		.cfi_offset 7, -8
  72              		.cfi_offset 14, -4
  73 0002 82B0     		sub	sp, sp, #8
  74              		.cfi_def_cfa_offset 16
  75 0004 00AF     		add	r7, sp, #0
  76              		.cfi_def_cfa_register 7
  77 0006 7860     		str	r0, [r7, #4]
 106:Generated_Source\PSoC5/SensorInterrupt.c ****     /* For all we know the interrupt is active. */
 107:Generated_Source\PSoC5/SensorInterrupt.c ****     SensorInterrupt_Disable();
  78              		.loc 1 107 0
  79 0008 FFF7FEFF 		bl	SensorInterrupt_Disable
 108:Generated_Source\PSoC5/SensorInterrupt.c **** 
 109:Generated_Source\PSoC5/SensorInterrupt.c ****     /* Set the ISR to point to the SensorInterrupt Interrupt. */
 110:Generated_Source\PSoC5/SensorInterrupt.c ****     SensorInterrupt_SetVector(address);
  80              		.loc 1 110 0
  81 000c 7868     		ldr	r0, [r7, #4]
  82 000e FFF7FEFF 		bl	SensorInterrupt_SetVector
 111:Generated_Source\PSoC5/SensorInterrupt.c **** 
 112:Generated_Source\PSoC5/SensorInterrupt.c ****     /* Set the priority. */
 113:Generated_Source\PSoC5/SensorInterrupt.c ****     SensorInterrupt_SetPriority((uint8)SensorInterrupt_INTC_PRIOR_NUMBER);
  83              		.loc 1 113 0
  84 0012 0720     		movs	r0, #7
  85 0014 FFF7FEFF 		bl	SensorInterrupt_SetPriority
 114:Generated_Source\PSoC5/SensorInterrupt.c **** 
 115:Generated_Source\PSoC5/SensorInterrupt.c ****     /* Enable it. */
 116:Generated_Source\PSoC5/SensorInterrupt.c ****     SensorInterrupt_Enable();
  86              		.loc 1 116 0
  87 0018 FFF7FEFF 		bl	SensorInterrupt_Enable
 117:Generated_Source\PSoC5/SensorInterrupt.c **** }
  88              		.loc 1 117 0
  89 001c 0837     		adds	r7, r7, #8
  90              		.cfi_def_cfa_offset 8
  91 001e BD46     		mov	sp, r7
  92              		.cfi_def_cfa_register 13
  93              		@ sp needed
  94 0020 80BD     		pop	{r7, pc}
  95              		.cfi_endproc
  96              	.LFE1:
  97              		.size	SensorInterrupt_StartEx, .-SensorInterrupt_StartEx
  98 0022 00BF     		.section	.text.SensorInterrupt_Stop,"ax",%progbits
  99              		.align	2
 100              		.global	SensorInterrupt_Stop
 101              		.thumb
 102              		.thumb_func
 103              		.type	SensorInterrupt_Stop, %function
 104              	SensorInterrupt_Stop:
 105              	.LFB2:
 118:Generated_Source\PSoC5/SensorInterrupt.c **** 
 119:Generated_Source\PSoC5/SensorInterrupt.c **** 
 120:Generated_Source\PSoC5/SensorInterrupt.c **** /*******************************************************************************
 121:Generated_Source\PSoC5/SensorInterrupt.c **** * Function Name: SensorInterrupt_Stop
 122:Generated_Source\PSoC5/SensorInterrupt.c **** ********************************************************************************
 123:Generated_Source\PSoC5/SensorInterrupt.c **** *
ARM GAS  C:\Users\AARONW~1\AppData\Local\Temp\cc5F1QVS.s 			page 5


 124:Generated_Source\PSoC5/SensorInterrupt.c **** * Summary:
 125:Generated_Source\PSoC5/SensorInterrupt.c **** *   Disables and removes the interrupt.
 126:Generated_Source\PSoC5/SensorInterrupt.c **** *
 127:Generated_Source\PSoC5/SensorInterrupt.c **** * Parameters:  
 128:Generated_Source\PSoC5/SensorInterrupt.c **** *   None
 129:Generated_Source\PSoC5/SensorInterrupt.c **** *
 130:Generated_Source\PSoC5/SensorInterrupt.c **** * Return:
 131:Generated_Source\PSoC5/SensorInterrupt.c **** *   None
 132:Generated_Source\PSoC5/SensorInterrupt.c **** *
 133:Generated_Source\PSoC5/SensorInterrupt.c **** *******************************************************************************/
 134:Generated_Source\PSoC5/SensorInterrupt.c **** void SensorInterrupt_Stop(void)
 135:Generated_Source\PSoC5/SensorInterrupt.c **** {
 106              		.loc 1 135 0
 107              		.cfi_startproc
 108              		@ args = 0, pretend = 0, frame = 0
 109              		@ frame_needed = 1, uses_anonymous_args = 0
 110 0000 80B5     		push	{r7, lr}
 111              		.cfi_def_cfa_offset 8
 112              		.cfi_offset 7, -8
 113              		.cfi_offset 14, -4
 114 0002 00AF     		add	r7, sp, #0
 115              		.cfi_def_cfa_register 7
 136:Generated_Source\PSoC5/SensorInterrupt.c ****     /* Disable this interrupt. */
 137:Generated_Source\PSoC5/SensorInterrupt.c ****     SensorInterrupt_Disable();
 116              		.loc 1 137 0
 117 0004 FFF7FEFF 		bl	SensorInterrupt_Disable
 138:Generated_Source\PSoC5/SensorInterrupt.c **** 
 139:Generated_Source\PSoC5/SensorInterrupt.c ****     /* Set the ISR to point to the passive one. */
 140:Generated_Source\PSoC5/SensorInterrupt.c ****     SensorInterrupt_SetVector(&IntDefaultHandler);
 118              		.loc 1 140 0
 119 0008 0148     		ldr	r0, .L6
 120 000a FFF7FEFF 		bl	SensorInterrupt_SetVector
 141:Generated_Source\PSoC5/SensorInterrupt.c **** }
 121              		.loc 1 141 0
 122 000e 80BD     		pop	{r7, pc}
 123              	.L7:
 124              		.align	2
 125              	.L6:
 126 0010 00000000 		.word	IntDefaultHandler
 127              		.cfi_endproc
 128              	.LFE2:
 129              		.size	SensorInterrupt_Stop, .-SensorInterrupt_Stop
 130              		.section	.text.SensorInterrupt_Interrupt,"ax",%progbits
 131              		.align	2
 132              		.global	SensorInterrupt_Interrupt
 133              		.thumb
 134              		.thumb_func
 135              		.type	SensorInterrupt_Interrupt, %function
 136              	SensorInterrupt_Interrupt:
 137              	.LFB3:
 142:Generated_Source\PSoC5/SensorInterrupt.c **** 
 143:Generated_Source\PSoC5/SensorInterrupt.c **** 
 144:Generated_Source\PSoC5/SensorInterrupt.c **** /*******************************************************************************
 145:Generated_Source\PSoC5/SensorInterrupt.c **** * Function Name: SensorInterrupt_Interrupt
 146:Generated_Source\PSoC5/SensorInterrupt.c **** ********************************************************************************
 147:Generated_Source\PSoC5/SensorInterrupt.c **** *
 148:Generated_Source\PSoC5/SensorInterrupt.c **** * Summary:
ARM GAS  C:\Users\AARONW~1\AppData\Local\Temp\cc5F1QVS.s 			page 6


 149:Generated_Source\PSoC5/SensorInterrupt.c **** *   The default Interrupt Service Routine for SensorInterrupt.
 150:Generated_Source\PSoC5/SensorInterrupt.c **** *
 151:Generated_Source\PSoC5/SensorInterrupt.c **** *   Add custom code between the coments to keep the next version of this file
 152:Generated_Source\PSoC5/SensorInterrupt.c **** *   from over writting your code.
 153:Generated_Source\PSoC5/SensorInterrupt.c **** *
 154:Generated_Source\PSoC5/SensorInterrupt.c **** * Parameters:  
 155:Generated_Source\PSoC5/SensorInterrupt.c **** *
 156:Generated_Source\PSoC5/SensorInterrupt.c **** * Return:
 157:Generated_Source\PSoC5/SensorInterrupt.c **** *   None
 158:Generated_Source\PSoC5/SensorInterrupt.c **** *
 159:Generated_Source\PSoC5/SensorInterrupt.c **** *******************************************************************************/
 160:Generated_Source\PSoC5/SensorInterrupt.c **** CY_ISR(SensorInterrupt_Interrupt)
 161:Generated_Source\PSoC5/SensorInterrupt.c **** {
 138              		.loc 1 161 0
 139              		.cfi_startproc
 140              		@ args = 0, pretend = 0, frame = 0
 141              		@ frame_needed = 1, uses_anonymous_args = 0
 142              		@ link register save eliminated.
 143 0000 80B4     		push	{r7}
 144              		.cfi_def_cfa_offset 4
 145              		.cfi_offset 7, -4
 146 0002 00AF     		add	r7, sp, #0
 147              		.cfi_def_cfa_register 7
 162:Generated_Source\PSoC5/SensorInterrupt.c ****     #ifdef SensorInterrupt_INTERRUPT_INTERRUPT_CALLBACK
 163:Generated_Source\PSoC5/SensorInterrupt.c ****         SensorInterrupt_Interrupt_InterruptCallback();
 164:Generated_Source\PSoC5/SensorInterrupt.c ****     #endif /* SensorInterrupt_INTERRUPT_INTERRUPT_CALLBACK */ 
 165:Generated_Source\PSoC5/SensorInterrupt.c **** 
 166:Generated_Source\PSoC5/SensorInterrupt.c ****     /*  Place your Interrupt code here. */
 167:Generated_Source\PSoC5/SensorInterrupt.c ****     /* `#START SensorInterrupt_Interrupt` */
 168:Generated_Source\PSoC5/SensorInterrupt.c ****     flag = 1;
 148              		.loc 1 168 0
 149 0004 034B     		ldr	r3, .L9
 150 0006 0122     		movs	r2, #1
 151 0008 1A70     		strb	r2, [r3]
 169:Generated_Source\PSoC5/SensorInterrupt.c ****     /* `#END` */
 170:Generated_Source\PSoC5/SensorInterrupt.c **** }
 152              		.loc 1 170 0
 153 000a BD46     		mov	sp, r7
 154              		.cfi_def_cfa_register 13
 155              		@ sp needed
 156 000c 5DF8047B 		ldr	r7, [sp], #4
 157              		.cfi_restore 7
 158              		.cfi_def_cfa_offset 0
 159 0010 7047     		bx	lr
 160              	.L10:
 161 0012 00BF     		.align	2
 162              	.L9:
 163 0014 00000000 		.word	flag
 164              		.cfi_endproc
 165              	.LFE3:
 166              		.size	SensorInterrupt_Interrupt, .-SensorInterrupt_Interrupt
 167              		.section	.text.SensorInterrupt_SetVector,"ax",%progbits
 168              		.align	2
 169              		.global	SensorInterrupt_SetVector
 170              		.thumb
 171              		.thumb_func
 172              		.type	SensorInterrupt_SetVector, %function
ARM GAS  C:\Users\AARONW~1\AppData\Local\Temp\cc5F1QVS.s 			page 7


 173              	SensorInterrupt_SetVector:
 174              	.LFB4:
 171:Generated_Source\PSoC5/SensorInterrupt.c **** 
 172:Generated_Source\PSoC5/SensorInterrupt.c **** 
 173:Generated_Source\PSoC5/SensorInterrupt.c **** /*******************************************************************************
 174:Generated_Source\PSoC5/SensorInterrupt.c **** * Function Name: SensorInterrupt_SetVector
 175:Generated_Source\PSoC5/SensorInterrupt.c **** ********************************************************************************
 176:Generated_Source\PSoC5/SensorInterrupt.c **** *
 177:Generated_Source\PSoC5/SensorInterrupt.c **** * Summary:
 178:Generated_Source\PSoC5/SensorInterrupt.c **** *   Change the ISR vector for the Interrupt. Note calling SensorInterrupt_Start
 179:Generated_Source\PSoC5/SensorInterrupt.c **** *   will override any effect this method would have had. To set the vector 
 180:Generated_Source\PSoC5/SensorInterrupt.c **** *   before the component has been started use SensorInterrupt_StartEx instead.
 181:Generated_Source\PSoC5/SensorInterrupt.c **** * 
 182:Generated_Source\PSoC5/SensorInterrupt.c **** *   When defining ISR functions, the CY_ISR and CY_ISR_PROTO macros should be 
 183:Generated_Source\PSoC5/SensorInterrupt.c **** *   used to provide consistent definition across compilers:
 184:Generated_Source\PSoC5/SensorInterrupt.c **** *
 185:Generated_Source\PSoC5/SensorInterrupt.c **** *   Function definition example:
 186:Generated_Source\PSoC5/SensorInterrupt.c **** *   CY_ISR(MyISR)
 187:Generated_Source\PSoC5/SensorInterrupt.c **** *   {
 188:Generated_Source\PSoC5/SensorInterrupt.c **** *   }
 189:Generated_Source\PSoC5/SensorInterrupt.c **** *
 190:Generated_Source\PSoC5/SensorInterrupt.c **** *   Function prototype example:
 191:Generated_Source\PSoC5/SensorInterrupt.c **** *     CY_ISR_PROTO(MyISR);
 192:Generated_Source\PSoC5/SensorInterrupt.c **** *
 193:Generated_Source\PSoC5/SensorInterrupt.c **** * Parameters:
 194:Generated_Source\PSoC5/SensorInterrupt.c **** *   address: Address of the ISR to set in the interrupt vector table.
 195:Generated_Source\PSoC5/SensorInterrupt.c **** *
 196:Generated_Source\PSoC5/SensorInterrupt.c **** * Return:
 197:Generated_Source\PSoC5/SensorInterrupt.c **** *   None
 198:Generated_Source\PSoC5/SensorInterrupt.c **** *
 199:Generated_Source\PSoC5/SensorInterrupt.c **** *******************************************************************************/
 200:Generated_Source\PSoC5/SensorInterrupt.c **** void SensorInterrupt_SetVector(cyisraddress address)
 201:Generated_Source\PSoC5/SensorInterrupt.c **** {
 175              		.loc 1 201 0
 176              		.cfi_startproc
 177              		@ args = 0, pretend = 0, frame = 16
 178              		@ frame_needed = 1, uses_anonymous_args = 0
 179              		@ link register save eliminated.
 180 0000 80B4     		push	{r7}
 181              		.cfi_def_cfa_offset 4
 182              		.cfi_offset 7, -4
 183 0002 85B0     		sub	sp, sp, #20
 184              		.cfi_def_cfa_offset 24
 185 0004 00AF     		add	r7, sp, #0
 186              		.cfi_def_cfa_register 7
 187 0006 7860     		str	r0, [r7, #4]
 202:Generated_Source\PSoC5/SensorInterrupt.c ****     cyisraddress * ramVectorTable;
 203:Generated_Source\PSoC5/SensorInterrupt.c **** 
 204:Generated_Source\PSoC5/SensorInterrupt.c ****     ramVectorTable = (cyisraddress *) *CYINT_VECT_TABLE;
 188              		.loc 1 204 0
 189 0008 054B     		ldr	r3, .L12
 190 000a 1B68     		ldr	r3, [r3]
 191 000c FB60     		str	r3, [r7, #12]
 205:Generated_Source\PSoC5/SensorInterrupt.c **** 
 206:Generated_Source\PSoC5/SensorInterrupt.c ****     ramVectorTable[CYINT_IRQ_BASE + (uint32)SensorInterrupt__INTC_NUMBER] = address;
 192              		.loc 1 206 0
 193 000e FB68     		ldr	r3, [r7, #12]
ARM GAS  C:\Users\AARONW~1\AppData\Local\Temp\cc5F1QVS.s 			page 8


 194 0010 4033     		adds	r3, r3, #64
 195 0012 7A68     		ldr	r2, [r7, #4]
 196 0014 1A60     		str	r2, [r3]
 207:Generated_Source\PSoC5/SensorInterrupt.c **** }
 197              		.loc 1 207 0
 198 0016 1437     		adds	r7, r7, #20
 199              		.cfi_def_cfa_offset 4
 200 0018 BD46     		mov	sp, r7
 201              		.cfi_def_cfa_register 13
 202              		@ sp needed
 203 001a 5DF8047B 		ldr	r7, [sp], #4
 204              		.cfi_restore 7
 205              		.cfi_def_cfa_offset 0
 206 001e 7047     		bx	lr
 207              	.L13:
 208              		.align	2
 209              	.L12:
 210 0020 08ED00E0 		.word	-536810232
 211              		.cfi_endproc
 212              	.LFE4:
 213              		.size	SensorInterrupt_SetVector, .-SensorInterrupt_SetVector
 214              		.section	.text.SensorInterrupt_GetVector,"ax",%progbits
 215              		.align	2
 216              		.global	SensorInterrupt_GetVector
 217              		.thumb
 218              		.thumb_func
 219              		.type	SensorInterrupt_GetVector, %function
 220              	SensorInterrupt_GetVector:
 221              	.LFB5:
 208:Generated_Source\PSoC5/SensorInterrupt.c **** 
 209:Generated_Source\PSoC5/SensorInterrupt.c **** 
 210:Generated_Source\PSoC5/SensorInterrupt.c **** /*******************************************************************************
 211:Generated_Source\PSoC5/SensorInterrupt.c **** * Function Name: SensorInterrupt_GetVector
 212:Generated_Source\PSoC5/SensorInterrupt.c **** ********************************************************************************
 213:Generated_Source\PSoC5/SensorInterrupt.c **** *
 214:Generated_Source\PSoC5/SensorInterrupt.c **** * Summary:
 215:Generated_Source\PSoC5/SensorInterrupt.c **** *   Gets the "address" of the current ISR vector for the Interrupt.
 216:Generated_Source\PSoC5/SensorInterrupt.c **** *
 217:Generated_Source\PSoC5/SensorInterrupt.c **** * Parameters:
 218:Generated_Source\PSoC5/SensorInterrupt.c **** *   None
 219:Generated_Source\PSoC5/SensorInterrupt.c **** *
 220:Generated_Source\PSoC5/SensorInterrupt.c **** * Return:
 221:Generated_Source\PSoC5/SensorInterrupt.c **** *   Address of the ISR in the interrupt vector table.
 222:Generated_Source\PSoC5/SensorInterrupt.c **** *
 223:Generated_Source\PSoC5/SensorInterrupt.c **** *******************************************************************************/
 224:Generated_Source\PSoC5/SensorInterrupt.c **** cyisraddress SensorInterrupt_GetVector(void)
 225:Generated_Source\PSoC5/SensorInterrupt.c **** {
 222              		.loc 1 225 0
 223              		.cfi_startproc
 224              		@ args = 0, pretend = 0, frame = 8
 225              		@ frame_needed = 1, uses_anonymous_args = 0
 226              		@ link register save eliminated.
 227 0000 80B4     		push	{r7}
 228              		.cfi_def_cfa_offset 4
 229              		.cfi_offset 7, -4
 230 0002 83B0     		sub	sp, sp, #12
 231              		.cfi_def_cfa_offset 16
ARM GAS  C:\Users\AARONW~1\AppData\Local\Temp\cc5F1QVS.s 			page 9


 232 0004 00AF     		add	r7, sp, #0
 233              		.cfi_def_cfa_register 7
 226:Generated_Source\PSoC5/SensorInterrupt.c ****     cyisraddress * ramVectorTable;
 227:Generated_Source\PSoC5/SensorInterrupt.c **** 
 228:Generated_Source\PSoC5/SensorInterrupt.c ****     ramVectorTable = (cyisraddress *) *CYINT_VECT_TABLE;
 234              		.loc 1 228 0
 235 0006 054B     		ldr	r3, .L16
 236 0008 1B68     		ldr	r3, [r3]
 237 000a 7B60     		str	r3, [r7, #4]
 229:Generated_Source\PSoC5/SensorInterrupt.c **** 
 230:Generated_Source\PSoC5/SensorInterrupt.c ****     return ramVectorTable[CYINT_IRQ_BASE + (uint32)SensorInterrupt__INTC_NUMBER];
 238              		.loc 1 230 0
 239 000c 7B68     		ldr	r3, [r7, #4]
 240 000e 1B6C     		ldr	r3, [r3, #64]
 231:Generated_Source\PSoC5/SensorInterrupt.c **** }
 241              		.loc 1 231 0
 242 0010 1846     		mov	r0, r3
 243 0012 0C37     		adds	r7, r7, #12
 244              		.cfi_def_cfa_offset 4
 245 0014 BD46     		mov	sp, r7
 246              		.cfi_def_cfa_register 13
 247              		@ sp needed
 248 0016 5DF8047B 		ldr	r7, [sp], #4
 249              		.cfi_restore 7
 250              		.cfi_def_cfa_offset 0
 251 001a 7047     		bx	lr
 252              	.L17:
 253              		.align	2
 254              	.L16:
 255 001c 08ED00E0 		.word	-536810232
 256              		.cfi_endproc
 257              	.LFE5:
 258              		.size	SensorInterrupt_GetVector, .-SensorInterrupt_GetVector
 259              		.section	.text.SensorInterrupt_SetPriority,"ax",%progbits
 260              		.align	2
 261              		.global	SensorInterrupt_SetPriority
 262              		.thumb
 263              		.thumb_func
 264              		.type	SensorInterrupt_SetPriority, %function
 265              	SensorInterrupt_SetPriority:
 266              	.LFB6:
 232:Generated_Source\PSoC5/SensorInterrupt.c **** 
 233:Generated_Source\PSoC5/SensorInterrupt.c **** 
 234:Generated_Source\PSoC5/SensorInterrupt.c **** /*******************************************************************************
 235:Generated_Source\PSoC5/SensorInterrupt.c **** * Function Name: SensorInterrupt_SetPriority
 236:Generated_Source\PSoC5/SensorInterrupt.c **** ********************************************************************************
 237:Generated_Source\PSoC5/SensorInterrupt.c **** *
 238:Generated_Source\PSoC5/SensorInterrupt.c **** * Summary:
 239:Generated_Source\PSoC5/SensorInterrupt.c **** *   Sets the Priority of the Interrupt. 
 240:Generated_Source\PSoC5/SensorInterrupt.c **** *
 241:Generated_Source\PSoC5/SensorInterrupt.c **** *   Note calling SensorInterrupt_Start or SensorInterrupt_StartEx will 
 242:Generated_Source\PSoC5/SensorInterrupt.c **** *   override any effect this API would have had. This API should only be called
 243:Generated_Source\PSoC5/SensorInterrupt.c **** *   after SensorInterrupt_Start or SensorInterrupt_StartEx has been called. 
 244:Generated_Source\PSoC5/SensorInterrupt.c **** *   To set the initial priority for the component, use the Design-Wide Resources
 245:Generated_Source\PSoC5/SensorInterrupt.c **** *   Interrupt Editor.
 246:Generated_Source\PSoC5/SensorInterrupt.c **** *
 247:Generated_Source\PSoC5/SensorInterrupt.c **** *   Note This API has no effect on Non-maskable interrupt NMI).
ARM GAS  C:\Users\AARONW~1\AppData\Local\Temp\cc5F1QVS.s 			page 10


 248:Generated_Source\PSoC5/SensorInterrupt.c **** *
 249:Generated_Source\PSoC5/SensorInterrupt.c **** * Parameters:
 250:Generated_Source\PSoC5/SensorInterrupt.c **** *   priority: Priority of the interrupt, 0 being the highest priority
 251:Generated_Source\PSoC5/SensorInterrupt.c **** *             PSoC 3 and PSoC 5LP: Priority is from 0 to 7.
 252:Generated_Source\PSoC5/SensorInterrupt.c **** *             PSoC 4: Priority is from 0 to 3.
 253:Generated_Source\PSoC5/SensorInterrupt.c **** *
 254:Generated_Source\PSoC5/SensorInterrupt.c **** * Return:
 255:Generated_Source\PSoC5/SensorInterrupt.c **** *   None
 256:Generated_Source\PSoC5/SensorInterrupt.c **** *
 257:Generated_Source\PSoC5/SensorInterrupt.c **** *******************************************************************************/
 258:Generated_Source\PSoC5/SensorInterrupt.c **** void SensorInterrupt_SetPriority(uint8 priority)
 259:Generated_Source\PSoC5/SensorInterrupt.c **** {
 267              		.loc 1 259 0
 268              		.cfi_startproc
 269              		@ args = 0, pretend = 0, frame = 8
 270              		@ frame_needed = 1, uses_anonymous_args = 0
 271              		@ link register save eliminated.
 272 0000 80B4     		push	{r7}
 273              		.cfi_def_cfa_offset 4
 274              		.cfi_offset 7, -4
 275 0002 83B0     		sub	sp, sp, #12
 276              		.cfi_def_cfa_offset 16
 277 0004 00AF     		add	r7, sp, #0
 278              		.cfi_def_cfa_register 7
 279 0006 0346     		mov	r3, r0
 280 0008 FB71     		strb	r3, [r7, #7]
 260:Generated_Source\PSoC5/SensorInterrupt.c ****     *SensorInterrupt_INTC_PRIOR = priority << 5;
 281              		.loc 1 260 0
 282 000a 054A     		ldr	r2, .L19
 283 000c FB79     		ldrb	r3, [r7, #7]
 284 000e 5B01     		lsls	r3, r3, #5
 285 0010 DBB2     		uxtb	r3, r3
 286 0012 1370     		strb	r3, [r2]
 261:Generated_Source\PSoC5/SensorInterrupt.c **** }
 287              		.loc 1 261 0
 288 0014 0C37     		adds	r7, r7, #12
 289              		.cfi_def_cfa_offset 4
 290 0016 BD46     		mov	sp, r7
 291              		.cfi_def_cfa_register 13
 292              		@ sp needed
 293 0018 5DF8047B 		ldr	r7, [sp], #4
 294              		.cfi_restore 7
 295              		.cfi_def_cfa_offset 0
 296 001c 7047     		bx	lr
 297              	.L20:
 298 001e 00BF     		.align	2
 299              	.L19:
 300 0020 00E400E0 		.word	-536812544
 301              		.cfi_endproc
 302              	.LFE6:
 303              		.size	SensorInterrupt_SetPriority, .-SensorInterrupt_SetPriority
 304              		.section	.text.SensorInterrupt_GetPriority,"ax",%progbits
 305              		.align	2
 306              		.global	SensorInterrupt_GetPriority
 307              		.thumb
 308              		.thumb_func
 309              		.type	SensorInterrupt_GetPriority, %function
ARM GAS  C:\Users\AARONW~1\AppData\Local\Temp\cc5F1QVS.s 			page 11


 310              	SensorInterrupt_GetPriority:
 311              	.LFB7:
 262:Generated_Source\PSoC5/SensorInterrupt.c **** 
 263:Generated_Source\PSoC5/SensorInterrupt.c **** 
 264:Generated_Source\PSoC5/SensorInterrupt.c **** /*******************************************************************************
 265:Generated_Source\PSoC5/SensorInterrupt.c **** * Function Name: SensorInterrupt_GetPriority
 266:Generated_Source\PSoC5/SensorInterrupt.c **** ********************************************************************************
 267:Generated_Source\PSoC5/SensorInterrupt.c **** *
 268:Generated_Source\PSoC5/SensorInterrupt.c **** * Summary:
 269:Generated_Source\PSoC5/SensorInterrupt.c **** *   Gets the Priority of the Interrupt.
 270:Generated_Source\PSoC5/SensorInterrupt.c **** *
 271:Generated_Source\PSoC5/SensorInterrupt.c **** * Parameters:
 272:Generated_Source\PSoC5/SensorInterrupt.c **** *   None
 273:Generated_Source\PSoC5/SensorInterrupt.c **** *
 274:Generated_Source\PSoC5/SensorInterrupt.c **** * Return:
 275:Generated_Source\PSoC5/SensorInterrupt.c **** *   Priority of the interrupt, 0 being the highest priority
 276:Generated_Source\PSoC5/SensorInterrupt.c **** *    PSoC 3 and PSoC 5LP: Priority is from 0 to 7.
 277:Generated_Source\PSoC5/SensorInterrupt.c **** *    PSoC 4: Priority is from 0 to 3.
 278:Generated_Source\PSoC5/SensorInterrupt.c **** *
 279:Generated_Source\PSoC5/SensorInterrupt.c **** *******************************************************************************/
 280:Generated_Source\PSoC5/SensorInterrupt.c **** uint8 SensorInterrupt_GetPriority(void)
 281:Generated_Source\PSoC5/SensorInterrupt.c **** {
 312              		.loc 1 281 0
 313              		.cfi_startproc
 314              		@ args = 0, pretend = 0, frame = 8
 315              		@ frame_needed = 1, uses_anonymous_args = 0
 316              		@ link register save eliminated.
 317 0000 80B4     		push	{r7}
 318              		.cfi_def_cfa_offset 4
 319              		.cfi_offset 7, -4
 320 0002 83B0     		sub	sp, sp, #12
 321              		.cfi_def_cfa_offset 16
 322 0004 00AF     		add	r7, sp, #0
 323              		.cfi_def_cfa_register 7
 282:Generated_Source\PSoC5/SensorInterrupt.c ****     uint8 priority;
 283:Generated_Source\PSoC5/SensorInterrupt.c **** 
 284:Generated_Source\PSoC5/SensorInterrupt.c **** 
 285:Generated_Source\PSoC5/SensorInterrupt.c ****     priority = *SensorInterrupt_INTC_PRIOR >> 5;
 324              		.loc 1 285 0
 325 0006 064B     		ldr	r3, .L23
 326 0008 1B78     		ldrb	r3, [r3]
 327 000a DBB2     		uxtb	r3, r3
 328 000c 5B09     		lsrs	r3, r3, #5
 329 000e FB71     		strb	r3, [r7, #7]
 286:Generated_Source\PSoC5/SensorInterrupt.c **** 
 287:Generated_Source\PSoC5/SensorInterrupt.c ****     return priority;
 330              		.loc 1 287 0
 331 0010 FB79     		ldrb	r3, [r7, #7]	@ zero_extendqisi2
 288:Generated_Source\PSoC5/SensorInterrupt.c **** }
 332              		.loc 1 288 0
 333 0012 1846     		mov	r0, r3
 334 0014 0C37     		adds	r7, r7, #12
 335              		.cfi_def_cfa_offset 4
 336 0016 BD46     		mov	sp, r7
 337              		.cfi_def_cfa_register 13
 338              		@ sp needed
 339 0018 5DF8047B 		ldr	r7, [sp], #4
ARM GAS  C:\Users\AARONW~1\AppData\Local\Temp\cc5F1QVS.s 			page 12


 340              		.cfi_restore 7
 341              		.cfi_def_cfa_offset 0
 342 001c 7047     		bx	lr
 343              	.L24:
 344 001e 00BF     		.align	2
 345              	.L23:
 346 0020 00E400E0 		.word	-536812544
 347              		.cfi_endproc
 348              	.LFE7:
 349              		.size	SensorInterrupt_GetPriority, .-SensorInterrupt_GetPriority
 350              		.section	.text.SensorInterrupt_Enable,"ax",%progbits
 351              		.align	2
 352              		.global	SensorInterrupt_Enable
 353              		.thumb
 354              		.thumb_func
 355              		.type	SensorInterrupt_Enable, %function
 356              	SensorInterrupt_Enable:
 357              	.LFB8:
 289:Generated_Source\PSoC5/SensorInterrupt.c **** 
 290:Generated_Source\PSoC5/SensorInterrupt.c **** 
 291:Generated_Source\PSoC5/SensorInterrupt.c **** /*******************************************************************************
 292:Generated_Source\PSoC5/SensorInterrupt.c **** * Function Name: SensorInterrupt_Enable
 293:Generated_Source\PSoC5/SensorInterrupt.c **** ********************************************************************************
 294:Generated_Source\PSoC5/SensorInterrupt.c **** *
 295:Generated_Source\PSoC5/SensorInterrupt.c **** * Summary:
 296:Generated_Source\PSoC5/SensorInterrupt.c **** *   Enables the interrupt to the interrupt controller. Do not call this function
 297:Generated_Source\PSoC5/SensorInterrupt.c **** *   unless ISR_Start() has been called or the functionality of the ISR_Start() 
 298:Generated_Source\PSoC5/SensorInterrupt.c **** *   function, which sets the vector and the priority, has been called.
 299:Generated_Source\PSoC5/SensorInterrupt.c **** *
 300:Generated_Source\PSoC5/SensorInterrupt.c **** * Parameters:
 301:Generated_Source\PSoC5/SensorInterrupt.c **** *   None
 302:Generated_Source\PSoC5/SensorInterrupt.c **** *
 303:Generated_Source\PSoC5/SensorInterrupt.c **** * Return:
 304:Generated_Source\PSoC5/SensorInterrupt.c **** *   None
 305:Generated_Source\PSoC5/SensorInterrupt.c **** *
 306:Generated_Source\PSoC5/SensorInterrupt.c **** *******************************************************************************/
 307:Generated_Source\PSoC5/SensorInterrupt.c **** void SensorInterrupt_Enable(void)
 308:Generated_Source\PSoC5/SensorInterrupt.c **** {
 358              		.loc 1 308 0
 359              		.cfi_startproc
 360              		@ args = 0, pretend = 0, frame = 0
 361              		@ frame_needed = 1, uses_anonymous_args = 0
 362              		@ link register save eliminated.
 363 0000 80B4     		push	{r7}
 364              		.cfi_def_cfa_offset 4
 365              		.cfi_offset 7, -4
 366 0002 00AF     		add	r7, sp, #0
 367              		.cfi_def_cfa_register 7
 309:Generated_Source\PSoC5/SensorInterrupt.c ****     /* Enable the general interrupt. */
 310:Generated_Source\PSoC5/SensorInterrupt.c ****     *SensorInterrupt_INTC_SET_EN = SensorInterrupt__INTC_MASK;
 368              		.loc 1 310 0
 369 0004 034B     		ldr	r3, .L26
 370 0006 0122     		movs	r2, #1
 371 0008 1A60     		str	r2, [r3]
 311:Generated_Source\PSoC5/SensorInterrupt.c **** }
 372              		.loc 1 311 0
 373 000a BD46     		mov	sp, r7
ARM GAS  C:\Users\AARONW~1\AppData\Local\Temp\cc5F1QVS.s 			page 13


 374              		.cfi_def_cfa_register 13
 375              		@ sp needed
 376 000c 5DF8047B 		ldr	r7, [sp], #4
 377              		.cfi_restore 7
 378              		.cfi_def_cfa_offset 0
 379 0010 7047     		bx	lr
 380              	.L27:
 381 0012 00BF     		.align	2
 382              	.L26:
 383 0014 00E100E0 		.word	-536813312
 384              		.cfi_endproc
 385              	.LFE8:
 386              		.size	SensorInterrupt_Enable, .-SensorInterrupt_Enable
 387              		.section	.text.SensorInterrupt_GetState,"ax",%progbits
 388              		.align	2
 389              		.global	SensorInterrupt_GetState
 390              		.thumb
 391              		.thumb_func
 392              		.type	SensorInterrupt_GetState, %function
 393              	SensorInterrupt_GetState:
 394              	.LFB9:
 312:Generated_Source\PSoC5/SensorInterrupt.c **** 
 313:Generated_Source\PSoC5/SensorInterrupt.c **** 
 314:Generated_Source\PSoC5/SensorInterrupt.c **** /*******************************************************************************
 315:Generated_Source\PSoC5/SensorInterrupt.c **** * Function Name: SensorInterrupt_GetState
 316:Generated_Source\PSoC5/SensorInterrupt.c **** ********************************************************************************
 317:Generated_Source\PSoC5/SensorInterrupt.c **** *
 318:Generated_Source\PSoC5/SensorInterrupt.c **** * Summary:
 319:Generated_Source\PSoC5/SensorInterrupt.c **** *   Gets the state (enabled, disabled) of the Interrupt.
 320:Generated_Source\PSoC5/SensorInterrupt.c **** *
 321:Generated_Source\PSoC5/SensorInterrupt.c **** * Parameters:
 322:Generated_Source\PSoC5/SensorInterrupt.c **** *   None
 323:Generated_Source\PSoC5/SensorInterrupt.c **** *
 324:Generated_Source\PSoC5/SensorInterrupt.c **** * Return:
 325:Generated_Source\PSoC5/SensorInterrupt.c **** *   1 if enabled, 0 if disabled.
 326:Generated_Source\PSoC5/SensorInterrupt.c **** *
 327:Generated_Source\PSoC5/SensorInterrupt.c **** *******************************************************************************/
 328:Generated_Source\PSoC5/SensorInterrupt.c **** uint8 SensorInterrupt_GetState(void)
 329:Generated_Source\PSoC5/SensorInterrupt.c **** {
 395              		.loc 1 329 0
 396              		.cfi_startproc
 397              		@ args = 0, pretend = 0, frame = 0
 398              		@ frame_needed = 1, uses_anonymous_args = 0
 399              		@ link register save eliminated.
 400 0000 80B4     		push	{r7}
 401              		.cfi_def_cfa_offset 4
 402              		.cfi_offset 7, -4
 403 0002 00AF     		add	r7, sp, #0
 404              		.cfi_def_cfa_register 7
 330:Generated_Source\PSoC5/SensorInterrupt.c ****     /* Get the state of the general interrupt. */
 331:Generated_Source\PSoC5/SensorInterrupt.c ****     return ((*SensorInterrupt_INTC_SET_EN & (uint32)SensorInterrupt__INTC_MASK) != 0u) ? 1u:0u;
 405              		.loc 1 331 0
 406 0004 054B     		ldr	r3, .L30
 407 0006 1B68     		ldr	r3, [r3]
 408 0008 DBB2     		uxtb	r3, r3
 409 000a 03F00103 		and	r3, r3, #1
 410 000e DBB2     		uxtb	r3, r3
ARM GAS  C:\Users\AARONW~1\AppData\Local\Temp\cc5F1QVS.s 			page 14


 332:Generated_Source\PSoC5/SensorInterrupt.c **** }
 411              		.loc 1 332 0
 412 0010 1846     		mov	r0, r3
 413 0012 BD46     		mov	sp, r7
 414              		.cfi_def_cfa_register 13
 415              		@ sp needed
 416 0014 5DF8047B 		ldr	r7, [sp], #4
 417              		.cfi_restore 7
 418              		.cfi_def_cfa_offset 0
 419 0018 7047     		bx	lr
 420              	.L31:
 421 001a 00BF     		.align	2
 422              	.L30:
 423 001c 00E100E0 		.word	-536813312
 424              		.cfi_endproc
 425              	.LFE9:
 426              		.size	SensorInterrupt_GetState, .-SensorInterrupt_GetState
 427              		.section	.text.SensorInterrupt_Disable,"ax",%progbits
 428              		.align	2
 429              		.global	SensorInterrupt_Disable
 430              		.thumb
 431              		.thumb_func
 432              		.type	SensorInterrupt_Disable, %function
 433              	SensorInterrupt_Disable:
 434              	.LFB10:
 333:Generated_Source\PSoC5/SensorInterrupt.c **** 
 334:Generated_Source\PSoC5/SensorInterrupt.c **** 
 335:Generated_Source\PSoC5/SensorInterrupt.c **** /*******************************************************************************
 336:Generated_Source\PSoC5/SensorInterrupt.c **** * Function Name: SensorInterrupt_Disable
 337:Generated_Source\PSoC5/SensorInterrupt.c **** ********************************************************************************
 338:Generated_Source\PSoC5/SensorInterrupt.c **** *
 339:Generated_Source\PSoC5/SensorInterrupt.c **** * Summary:
 340:Generated_Source\PSoC5/SensorInterrupt.c **** *   Disables the Interrupt in the interrupt controller.
 341:Generated_Source\PSoC5/SensorInterrupt.c **** *
 342:Generated_Source\PSoC5/SensorInterrupt.c **** * Parameters:
 343:Generated_Source\PSoC5/SensorInterrupt.c **** *   None
 344:Generated_Source\PSoC5/SensorInterrupt.c **** *
 345:Generated_Source\PSoC5/SensorInterrupt.c **** * Return:
 346:Generated_Source\PSoC5/SensorInterrupt.c **** *   None
 347:Generated_Source\PSoC5/SensorInterrupt.c **** *
 348:Generated_Source\PSoC5/SensorInterrupt.c **** *******************************************************************************/
 349:Generated_Source\PSoC5/SensorInterrupt.c **** void SensorInterrupt_Disable(void)
 350:Generated_Source\PSoC5/SensorInterrupt.c **** {
 435              		.loc 1 350 0
 436              		.cfi_startproc
 437              		@ args = 0, pretend = 0, frame = 0
 438              		@ frame_needed = 1, uses_anonymous_args = 0
 439              		@ link register save eliminated.
 440 0000 80B4     		push	{r7}
 441              		.cfi_def_cfa_offset 4
 442              		.cfi_offset 7, -4
 443 0002 00AF     		add	r7, sp, #0
 444              		.cfi_def_cfa_register 7
 351:Generated_Source\PSoC5/SensorInterrupt.c ****     /* Disable the general interrupt. */
 352:Generated_Source\PSoC5/SensorInterrupt.c ****     *SensorInterrupt_INTC_CLR_EN = SensorInterrupt__INTC_MASK;
 445              		.loc 1 352 0
 446 0004 034B     		ldr	r3, .L33
ARM GAS  C:\Users\AARONW~1\AppData\Local\Temp\cc5F1QVS.s 			page 15


 447 0006 0122     		movs	r2, #1
 448 0008 1A60     		str	r2, [r3]
 353:Generated_Source\PSoC5/SensorInterrupt.c **** }
 449              		.loc 1 353 0
 450 000a BD46     		mov	sp, r7
 451              		.cfi_def_cfa_register 13
 452              		@ sp needed
 453 000c 5DF8047B 		ldr	r7, [sp], #4
 454              		.cfi_restore 7
 455              		.cfi_def_cfa_offset 0
 456 0010 7047     		bx	lr
 457              	.L34:
 458 0012 00BF     		.align	2
 459              	.L33:
 460 0014 80E100E0 		.word	-536813184
 461              		.cfi_endproc
 462              	.LFE10:
 463              		.size	SensorInterrupt_Disable, .-SensorInterrupt_Disable
 464              		.section	.text.SensorInterrupt_SetPending,"ax",%progbits
 465              		.align	2
 466              		.global	SensorInterrupt_SetPending
 467              		.thumb
 468              		.thumb_func
 469              		.type	SensorInterrupt_SetPending, %function
 470              	SensorInterrupt_SetPending:
 471              	.LFB11:
 354:Generated_Source\PSoC5/SensorInterrupt.c **** 
 355:Generated_Source\PSoC5/SensorInterrupt.c **** 
 356:Generated_Source\PSoC5/SensorInterrupt.c **** /*******************************************************************************
 357:Generated_Source\PSoC5/SensorInterrupt.c **** * Function Name: SensorInterrupt_SetPending
 358:Generated_Source\PSoC5/SensorInterrupt.c **** ********************************************************************************
 359:Generated_Source\PSoC5/SensorInterrupt.c **** *
 360:Generated_Source\PSoC5/SensorInterrupt.c **** * Summary:
 361:Generated_Source\PSoC5/SensorInterrupt.c **** *   Causes the Interrupt to enter the pending state, a software method of
 362:Generated_Source\PSoC5/SensorInterrupt.c **** *   generating the interrupt.
 363:Generated_Source\PSoC5/SensorInterrupt.c **** *
 364:Generated_Source\PSoC5/SensorInterrupt.c **** * Parameters:
 365:Generated_Source\PSoC5/SensorInterrupt.c **** *   None
 366:Generated_Source\PSoC5/SensorInterrupt.c **** *
 367:Generated_Source\PSoC5/SensorInterrupt.c **** * Return:
 368:Generated_Source\PSoC5/SensorInterrupt.c **** *   None
 369:Generated_Source\PSoC5/SensorInterrupt.c **** *
 370:Generated_Source\PSoC5/SensorInterrupt.c **** * Side Effects:
 371:Generated_Source\PSoC5/SensorInterrupt.c **** *   If interrupts are enabled and the interrupt is set up properly, the ISR is
 372:Generated_Source\PSoC5/SensorInterrupt.c **** *   entered (depending on the priority of this interrupt and other pending 
 373:Generated_Source\PSoC5/SensorInterrupt.c **** *   interrupts).
 374:Generated_Source\PSoC5/SensorInterrupt.c **** *
 375:Generated_Source\PSoC5/SensorInterrupt.c **** *******************************************************************************/
 376:Generated_Source\PSoC5/SensorInterrupt.c **** void SensorInterrupt_SetPending(void)
 377:Generated_Source\PSoC5/SensorInterrupt.c **** {
 472              		.loc 1 377 0
 473              		.cfi_startproc
 474              		@ args = 0, pretend = 0, frame = 0
 475              		@ frame_needed = 1, uses_anonymous_args = 0
 476              		@ link register save eliminated.
 477 0000 80B4     		push	{r7}
 478              		.cfi_def_cfa_offset 4
ARM GAS  C:\Users\AARONW~1\AppData\Local\Temp\cc5F1QVS.s 			page 16


 479              		.cfi_offset 7, -4
 480 0002 00AF     		add	r7, sp, #0
 481              		.cfi_def_cfa_register 7
 378:Generated_Source\PSoC5/SensorInterrupt.c ****     *SensorInterrupt_INTC_SET_PD = SensorInterrupt__INTC_MASK;
 482              		.loc 1 378 0
 483 0004 034B     		ldr	r3, .L36
 484 0006 0122     		movs	r2, #1
 485 0008 1A60     		str	r2, [r3]
 379:Generated_Source\PSoC5/SensorInterrupt.c **** }
 486              		.loc 1 379 0
 487 000a BD46     		mov	sp, r7
 488              		.cfi_def_cfa_register 13
 489              		@ sp needed
 490 000c 5DF8047B 		ldr	r7, [sp], #4
 491              		.cfi_restore 7
 492              		.cfi_def_cfa_offset 0
 493 0010 7047     		bx	lr
 494              	.L37:
 495 0012 00BF     		.align	2
 496              	.L36:
 497 0014 00E200E0 		.word	-536813056
 498              		.cfi_endproc
 499              	.LFE11:
 500              		.size	SensorInterrupt_SetPending, .-SensorInterrupt_SetPending
 501              		.section	.text.SensorInterrupt_ClearPending,"ax",%progbits
 502              		.align	2
 503              		.global	SensorInterrupt_ClearPending
 504              		.thumb
 505              		.thumb_func
 506              		.type	SensorInterrupt_ClearPending, %function
 507              	SensorInterrupt_ClearPending:
 508              	.LFB12:
 380:Generated_Source\PSoC5/SensorInterrupt.c **** 
 381:Generated_Source\PSoC5/SensorInterrupt.c **** 
 382:Generated_Source\PSoC5/SensorInterrupt.c **** /*******************************************************************************
 383:Generated_Source\PSoC5/SensorInterrupt.c **** * Function Name: SensorInterrupt_ClearPending
 384:Generated_Source\PSoC5/SensorInterrupt.c **** ********************************************************************************
 385:Generated_Source\PSoC5/SensorInterrupt.c **** *
 386:Generated_Source\PSoC5/SensorInterrupt.c **** * Summary:
 387:Generated_Source\PSoC5/SensorInterrupt.c **** *   Clears a pending interrupt in the interrupt controller.
 388:Generated_Source\PSoC5/SensorInterrupt.c **** *
 389:Generated_Source\PSoC5/SensorInterrupt.c **** *   Note Some interrupt sources are clear-on-read and require the block 
 390:Generated_Source\PSoC5/SensorInterrupt.c **** *   interrupt/status register to be read/cleared with the appropriate block API 
 391:Generated_Source\PSoC5/SensorInterrupt.c **** *   (GPIO, UART, and so on). Otherwise the ISR will continue to remain in 
 392:Generated_Source\PSoC5/SensorInterrupt.c **** *   pending state even though the interrupt itself is cleared using this API.
 393:Generated_Source\PSoC5/SensorInterrupt.c **** *
 394:Generated_Source\PSoC5/SensorInterrupt.c **** * Parameters:
 395:Generated_Source\PSoC5/SensorInterrupt.c **** *   None
 396:Generated_Source\PSoC5/SensorInterrupt.c **** *
 397:Generated_Source\PSoC5/SensorInterrupt.c **** * Return:
 398:Generated_Source\PSoC5/SensorInterrupt.c **** *   None
 399:Generated_Source\PSoC5/SensorInterrupt.c **** *
 400:Generated_Source\PSoC5/SensorInterrupt.c **** *******************************************************************************/
 401:Generated_Source\PSoC5/SensorInterrupt.c **** void SensorInterrupt_ClearPending(void)
 402:Generated_Source\PSoC5/SensorInterrupt.c **** {
 509              		.loc 1 402 0
 510              		.cfi_startproc
ARM GAS  C:\Users\AARONW~1\AppData\Local\Temp\cc5F1QVS.s 			page 17


 511              		@ args = 0, pretend = 0, frame = 0
 512              		@ frame_needed = 1, uses_anonymous_args = 0
 513              		@ link register save eliminated.
 514 0000 80B4     		push	{r7}
 515              		.cfi_def_cfa_offset 4
 516              		.cfi_offset 7, -4
 517 0002 00AF     		add	r7, sp, #0
 518              		.cfi_def_cfa_register 7
 403:Generated_Source\PSoC5/SensorInterrupt.c ****     *SensorInterrupt_INTC_CLR_PD = SensorInterrupt__INTC_MASK;
 519              		.loc 1 403 0
 520 0004 034B     		ldr	r3, .L39
 521 0006 0122     		movs	r2, #1
 522 0008 1A60     		str	r2, [r3]
 404:Generated_Source\PSoC5/SensorInterrupt.c **** }
 523              		.loc 1 404 0
 524 000a BD46     		mov	sp, r7
 525              		.cfi_def_cfa_register 13
 526              		@ sp needed
 527 000c 5DF8047B 		ldr	r7, [sp], #4
 528              		.cfi_restore 7
 529              		.cfi_def_cfa_offset 0
 530 0010 7047     		bx	lr
 531              	.L40:
 532 0012 00BF     		.align	2
 533              	.L39:
 534 0014 80E200E0 		.word	-536812928
 535              		.cfi_endproc
 536              	.LFE12:
 537              		.size	SensorInterrupt_ClearPending, .-SensorInterrupt_ClearPending
 538              		.text
 539              	.Letext0:
 540              		.file 2 "Generated_Source\\PSoC5/cytypes.h"
 541              		.section	.debug_info,"",%progbits
 542              	.Ldebug_info0:
 543 0000 47020000 		.4byte	0x247
 544 0004 0400     		.2byte	0x4
 545 0006 00000000 		.4byte	.Ldebug_abbrev0
 546 000a 04       		.byte	0x4
 547 000b 01       		.uleb128 0x1
 548 000c B8000000 		.4byte	.LASF33
 549 0010 01       		.byte	0x1
 550 0011 38030000 		.4byte	.LASF34
 551 0015 EC010000 		.4byte	.LASF35
 552 0019 00000000 		.4byte	.Ldebug_ranges0+0
 553 001d 00000000 		.4byte	0
 554 0021 00000000 		.4byte	.Ldebug_line0
 555 0025 02       		.uleb128 0x2
 556 0026 04       		.byte	0x4
 557 0027 05       		.byte	0x5
 558 0028 696E7400 		.ascii	"int\000"
 559 002c 03       		.uleb128 0x3
 560 002d 04       		.byte	0x4
 561 002e 07       		.byte	0x7
 562 002f C0010000 		.4byte	.LASF0
 563 0033 03       		.uleb128 0x3
 564 0034 01       		.byte	0x1
 565 0035 06       		.byte	0x6
ARM GAS  C:\Users\AARONW~1\AppData\Local\Temp\cc5F1QVS.s 			page 18


 566 0036 2C030000 		.4byte	.LASF1
 567 003a 03       		.uleb128 0x3
 568 003b 01       		.byte	0x1
 569 003c 08       		.byte	0x8
 570 003d 84000000 		.4byte	.LASF2
 571 0041 03       		.uleb128 0x3
 572 0042 02       		.byte	0x2
 573 0043 05       		.byte	0x5
 574 0044 ED020000 		.4byte	.LASF3
 575 0048 03       		.uleb128 0x3
 576 0049 02       		.byte	0x2
 577 004a 07       		.byte	0x7
 578 004b 38000000 		.4byte	.LASF4
 579 004f 03       		.uleb128 0x3
 580 0050 04       		.byte	0x4
 581 0051 05       		.byte	0x5
 582 0052 23030000 		.4byte	.LASF5
 583 0056 03       		.uleb128 0x3
 584 0057 04       		.byte	0x4
 585 0058 07       		.byte	0x7
 586 0059 97000000 		.4byte	.LASF6
 587 005d 03       		.uleb128 0x3
 588 005e 08       		.byte	0x8
 589 005f 05       		.byte	0x5
 590 0060 CB020000 		.4byte	.LASF7
 591 0064 03       		.uleb128 0x3
 592 0065 08       		.byte	0x8
 593 0066 07       		.byte	0x7
 594 0067 D5010000 		.4byte	.LASF8
 595 006b 03       		.uleb128 0x3
 596 006c 04       		.byte	0x4
 597 006d 07       		.byte	0x7
 598 006e C2020000 		.4byte	.LASF9
 599 0072 04       		.uleb128 0x4
 600 0073 04       		.byte	0x4
 601 0074 78000000 		.4byte	0x78
 602 0078 05       		.uleb128 0x5
 603 0079 03       		.uleb128 0x3
 604 007a 01       		.byte	0x1
 605 007b 08       		.byte	0x8
 606 007c D9020000 		.4byte	.LASF10
 607 0080 06       		.uleb128 0x6
 608 0081 A9000000 		.4byte	.LASF11
 609 0085 02       		.byte	0x2
 610 0086 9201     		.2byte	0x192
 611 0088 3A000000 		.4byte	0x3a
 612 008c 06       		.uleb128 0x6
 613 008d B4010000 		.4byte	.LASF12
 614 0091 02       		.byte	0x2
 615 0092 9401     		.2byte	0x194
 616 0094 56000000 		.4byte	0x56
 617 0098 03       		.uleb128 0x3
 618 0099 04       		.byte	0x4
 619 009a 04       		.byte	0x4
 620 009b 7E000000 		.4byte	.LASF13
 621 009f 03       		.uleb128 0x3
 622 00a0 08       		.byte	0x8
ARM GAS  C:\Users\AARONW~1\AppData\Local\Temp\cc5F1QVS.s 			page 19


 623 00a1 04       		.byte	0x4
 624 00a2 46010000 		.4byte	.LASF14
 625 00a6 06       		.uleb128 0x6
 626 00a7 92000000 		.4byte	.LASF15
 627 00ab 02       		.byte	0x2
 628 00ac 3C02     		.2byte	0x23c
 629 00ae B2000000 		.4byte	0xb2
 630 00b2 07       		.uleb128 0x7
 631 00b3 80000000 		.4byte	0x80
 632 00b7 06       		.uleb128 0x6
 633 00b8 00000000 		.4byte	.LASF16
 634 00bc 02       		.byte	0x2
 635 00bd 3E02     		.2byte	0x23e
 636 00bf C3000000 		.4byte	0xc3
 637 00c3 07       		.uleb128 0x7
 638 00c4 8C000000 		.4byte	0x8c
 639 00c8 06       		.uleb128 0x6
 640 00c9 80020000 		.4byte	.LASF17
 641 00cd 02       		.byte	0x2
 642 00ce 4E02     		.2byte	0x24e
 643 00d0 72000000 		.4byte	0x72
 644 00d4 08       		.uleb128 0x8
 645 00d5 4D010000 		.4byte	.LASF18
 646 00d9 01       		.byte	0x1
 647 00da 3D       		.byte	0x3d
 648 00db 00000000 		.4byte	.LFB0
 649 00df 20000000 		.4byte	.LFE0-.LFB0
 650 00e3 01       		.uleb128 0x1
 651 00e4 9C       		.byte	0x9c
 652 00e5 09       		.uleb128 0x9
 653 00e6 06000000 		.4byte	.LASF21
 654 00ea 01       		.byte	0x1
 655 00eb 68       		.byte	0x68
 656 00ec 00000000 		.4byte	.LFB1
 657 00f0 22000000 		.4byte	.LFE1-.LFB1
 658 00f4 01       		.uleb128 0x1
 659 00f5 9C       		.byte	0x9c
 660 00f6 09010000 		.4byte	0x109
 661 00fa 0A       		.uleb128 0xa
 662 00fb CD010000 		.4byte	.LASF23
 663 00ff 01       		.byte	0x1
 664 0100 68       		.byte	0x68
 665 0101 C8000000 		.4byte	0xc8
 666 0105 02       		.uleb128 0x2
 667 0106 91       		.byte	0x91
 668 0107 74       		.sleb128 -12
 669 0108 00       		.byte	0
 670 0109 08       		.uleb128 0x8
 671 010a 0E030000 		.4byte	.LASF19
 672 010e 01       		.byte	0x1
 673 010f 86       		.byte	0x86
 674 0110 00000000 		.4byte	.LFB2
 675 0114 14000000 		.4byte	.LFE2-.LFB2
 676 0118 01       		.uleb128 0x1
 677 0119 9C       		.byte	0x9c
 678 011a 0B       		.uleb128 0xb
 679 011b 9A010000 		.4byte	.LASF20
ARM GAS  C:\Users\AARONW~1\AppData\Local\Temp\cc5F1QVS.s 			page 20


 680 011f 01       		.byte	0x1
 681 0120 A0       		.byte	0xa0
 682 0121 00000000 		.4byte	.LFB3
 683 0125 18000000 		.4byte	.LFE3-.LFB3
 684 0129 01       		.uleb128 0x1
 685 012a 9C       		.byte	0x9c
 686 012b 0C       		.uleb128 0xc
 687 012c 1E000000 		.4byte	.LASF22
 688 0130 01       		.byte	0x1
 689 0131 C8       		.byte	0xc8
 690 0132 00000000 		.4byte	.LFB4
 691 0136 24000000 		.4byte	.LFE4-.LFB4
 692 013a 01       		.uleb128 0x1
 693 013b 9C       		.byte	0x9c
 694 013c 5D010000 		.4byte	0x15d
 695 0140 0A       		.uleb128 0xa
 696 0141 CD010000 		.4byte	.LASF23
 697 0145 01       		.byte	0x1
 698 0146 C8       		.byte	0xc8
 699 0147 C8000000 		.4byte	0xc8
 700 014b 02       		.uleb128 0x2
 701 014c 91       		.byte	0x91
 702 014d 6C       		.sleb128 -20
 703 014e 0D       		.uleb128 0xd
 704 014f DE020000 		.4byte	.LASF24
 705 0153 01       		.byte	0x1
 706 0154 CA       		.byte	0xca
 707 0155 5D010000 		.4byte	0x15d
 708 0159 02       		.uleb128 0x2
 709 015a 91       		.byte	0x91
 710 015b 74       		.sleb128 -12
 711 015c 00       		.byte	0
 712 015d 04       		.uleb128 0x4
 713 015e 04       		.byte	0x4
 714 015f C8000000 		.4byte	0xc8
 715 0163 0E       		.uleb128 0xe
 716 0164 63010000 		.4byte	.LASF27
 717 0168 01       		.byte	0x1
 718 0169 E0       		.byte	0xe0
 719 016a C8000000 		.4byte	0xc8
 720 016e 00000000 		.4byte	.LFB5
 721 0172 20000000 		.4byte	.LFE5-.LFB5
 722 0176 01       		.uleb128 0x1
 723 0177 9C       		.byte	0x9c
 724 0178 8B010000 		.4byte	0x18b
 725 017c 0D       		.uleb128 0xd
 726 017d DE020000 		.4byte	.LASF24
 727 0181 01       		.byte	0x1
 728 0182 E2       		.byte	0xe2
 729 0183 5D010000 		.4byte	0x15d
 730 0187 02       		.uleb128 0x2
 731 0188 91       		.byte	0x91
 732 0189 74       		.sleb128 -12
 733 018a 00       		.byte	0
 734 018b 0F       		.uleb128 0xf
 735 018c 61030000 		.4byte	.LASF25
 736 0190 01       		.byte	0x1
ARM GAS  C:\Users\AARONW~1\AppData\Local\Temp\cc5F1QVS.s 			page 21


 737 0191 0201     		.2byte	0x102
 738 0193 00000000 		.4byte	.LFB6
 739 0197 24000000 		.4byte	.LFE6-.LFB6
 740 019b 01       		.uleb128 0x1
 741 019c 9C       		.byte	0x9c
 742 019d B1010000 		.4byte	0x1b1
 743 01a1 10       		.uleb128 0x10
 744 01a2 AF000000 		.4byte	.LASF26
 745 01a6 01       		.byte	0x1
 746 01a7 0201     		.2byte	0x102
 747 01a9 80000000 		.4byte	0x80
 748 01ad 02       		.uleb128 0x2
 749 01ae 91       		.byte	0x91
 750 01af 77       		.sleb128 -9
 751 01b0 00       		.byte	0
 752 01b1 11       		.uleb128 0x11
 753 01b2 A6020000 		.4byte	.LASF28
 754 01b6 01       		.byte	0x1
 755 01b7 1801     		.2byte	0x118
 756 01b9 80000000 		.4byte	0x80
 757 01bd 00000000 		.4byte	.LFB7
 758 01c1 24000000 		.4byte	.LFE7-.LFB7
 759 01c5 01       		.uleb128 0x1
 760 01c6 9C       		.byte	0x9c
 761 01c7 DB010000 		.4byte	0x1db
 762 01cb 12       		.uleb128 0x12
 763 01cc AF000000 		.4byte	.LASF26
 764 01d0 01       		.byte	0x1
 765 01d1 1A01     		.2byte	0x11a
 766 01d3 80000000 		.4byte	0x80
 767 01d7 02       		.uleb128 0x2
 768 01d8 91       		.byte	0x91
 769 01d9 77       		.sleb128 -9
 770 01da 00       		.byte	0
 771 01db 13       		.uleb128 0x13
 772 01dc F7020000 		.4byte	.LASF29
 773 01e0 01       		.byte	0x1
 774 01e1 3301     		.2byte	0x133
 775 01e3 00000000 		.4byte	.LFB8
 776 01e7 18000000 		.4byte	.LFE8-.LFB8
 777 01eb 01       		.uleb128 0x1
 778 01ec 9C       		.byte	0x9c
 779 01ed 14       		.uleb128 0x14
 780 01ee 8D020000 		.4byte	.LASF36
 781 01f2 01       		.byte	0x1
 782 01f3 4801     		.2byte	0x148
 783 01f5 80000000 		.4byte	0x80
 784 01f9 00000000 		.4byte	.LFB9
 785 01fd 20000000 		.4byte	.LFE9-.LFB9
 786 0201 01       		.uleb128 0x1
 787 0202 9C       		.byte	0x9c
 788 0203 13       		.uleb128 0x13
 789 0204 4B000000 		.4byte	.LASF30
 790 0208 01       		.byte	0x1
 791 0209 5D01     		.2byte	0x15d
 792 020b 00000000 		.4byte	.LFB10
 793 020f 18000000 		.4byte	.LFE10-.LFB10
ARM GAS  C:\Users\AARONW~1\AppData\Local\Temp\cc5F1QVS.s 			page 22


 794 0213 01       		.uleb128 0x1
 795 0214 9C       		.byte	0x9c
 796 0215 13       		.uleb128 0x13
 797 0216 63000000 		.4byte	.LASF31
 798 021a 01       		.byte	0x1
 799 021b 7801     		.2byte	0x178
 800 021d 00000000 		.4byte	.LFB11
 801 0221 18000000 		.4byte	.LFE11-.LFB11
 802 0225 01       		.uleb128 0x1
 803 0226 9C       		.byte	0x9c
 804 0227 13       		.uleb128 0x13
 805 0228 7D010000 		.4byte	.LASF32
 806 022c 01       		.byte	0x1
 807 022d 9101     		.2byte	0x191
 808 022f 00000000 		.4byte	.LFB12
 809 0233 18000000 		.4byte	.LFE12-.LFB12
 810 0237 01       		.uleb128 0x1
 811 0238 9C       		.byte	0x9c
 812 0239 15       		.uleb128 0x15
 813 023a BB010000 		.4byte	.LASF37
 814 023e 01       		.byte	0x1
 815 023f 1E       		.byte	0x1e
 816 0240 80000000 		.4byte	0x80
 817 0244 05       		.uleb128 0x5
 818 0245 03       		.byte	0x3
 819 0246 00000000 		.4byte	flag
 820 024a 00       		.byte	0
 821              		.section	.debug_abbrev,"",%progbits
 822              	.Ldebug_abbrev0:
 823 0000 01       		.uleb128 0x1
 824 0001 11       		.uleb128 0x11
 825 0002 01       		.byte	0x1
 826 0003 25       		.uleb128 0x25
 827 0004 0E       		.uleb128 0xe
 828 0005 13       		.uleb128 0x13
 829 0006 0B       		.uleb128 0xb
 830 0007 03       		.uleb128 0x3
 831 0008 0E       		.uleb128 0xe
 832 0009 1B       		.uleb128 0x1b
 833 000a 0E       		.uleb128 0xe
 834 000b 55       		.uleb128 0x55
 835 000c 17       		.uleb128 0x17
 836 000d 11       		.uleb128 0x11
 837 000e 01       		.uleb128 0x1
 838 000f 10       		.uleb128 0x10
 839 0010 17       		.uleb128 0x17
 840 0011 00       		.byte	0
 841 0012 00       		.byte	0
 842 0013 02       		.uleb128 0x2
 843 0014 24       		.uleb128 0x24
 844 0015 00       		.byte	0
 845 0016 0B       		.uleb128 0xb
 846 0017 0B       		.uleb128 0xb
 847 0018 3E       		.uleb128 0x3e
 848 0019 0B       		.uleb128 0xb
 849 001a 03       		.uleb128 0x3
 850 001b 08       		.uleb128 0x8
ARM GAS  C:\Users\AARONW~1\AppData\Local\Temp\cc5F1QVS.s 			page 23


 851 001c 00       		.byte	0
 852 001d 00       		.byte	0
 853 001e 03       		.uleb128 0x3
 854 001f 24       		.uleb128 0x24
 855 0020 00       		.byte	0
 856 0021 0B       		.uleb128 0xb
 857 0022 0B       		.uleb128 0xb
 858 0023 3E       		.uleb128 0x3e
 859 0024 0B       		.uleb128 0xb
 860 0025 03       		.uleb128 0x3
 861 0026 0E       		.uleb128 0xe
 862 0027 00       		.byte	0
 863 0028 00       		.byte	0
 864 0029 04       		.uleb128 0x4
 865 002a 0F       		.uleb128 0xf
 866 002b 00       		.byte	0
 867 002c 0B       		.uleb128 0xb
 868 002d 0B       		.uleb128 0xb
 869 002e 49       		.uleb128 0x49
 870 002f 13       		.uleb128 0x13
 871 0030 00       		.byte	0
 872 0031 00       		.byte	0
 873 0032 05       		.uleb128 0x5
 874 0033 15       		.uleb128 0x15
 875 0034 00       		.byte	0
 876 0035 27       		.uleb128 0x27
 877 0036 19       		.uleb128 0x19
 878 0037 00       		.byte	0
 879 0038 00       		.byte	0
 880 0039 06       		.uleb128 0x6
 881 003a 16       		.uleb128 0x16
 882 003b 00       		.byte	0
 883 003c 03       		.uleb128 0x3
 884 003d 0E       		.uleb128 0xe
 885 003e 3A       		.uleb128 0x3a
 886 003f 0B       		.uleb128 0xb
 887 0040 3B       		.uleb128 0x3b
 888 0041 05       		.uleb128 0x5
 889 0042 49       		.uleb128 0x49
 890 0043 13       		.uleb128 0x13
 891 0044 00       		.byte	0
 892 0045 00       		.byte	0
 893 0046 07       		.uleb128 0x7
 894 0047 35       		.uleb128 0x35
 895 0048 00       		.byte	0
 896 0049 49       		.uleb128 0x49
 897 004a 13       		.uleb128 0x13
 898 004b 00       		.byte	0
 899 004c 00       		.byte	0
 900 004d 08       		.uleb128 0x8
 901 004e 2E       		.uleb128 0x2e
 902 004f 00       		.byte	0
 903 0050 3F       		.uleb128 0x3f
 904 0051 19       		.uleb128 0x19
 905 0052 03       		.uleb128 0x3
 906 0053 0E       		.uleb128 0xe
 907 0054 3A       		.uleb128 0x3a
ARM GAS  C:\Users\AARONW~1\AppData\Local\Temp\cc5F1QVS.s 			page 24


 908 0055 0B       		.uleb128 0xb
 909 0056 3B       		.uleb128 0x3b
 910 0057 0B       		.uleb128 0xb
 911 0058 27       		.uleb128 0x27
 912 0059 19       		.uleb128 0x19
 913 005a 11       		.uleb128 0x11
 914 005b 01       		.uleb128 0x1
 915 005c 12       		.uleb128 0x12
 916 005d 06       		.uleb128 0x6
 917 005e 40       		.uleb128 0x40
 918 005f 18       		.uleb128 0x18
 919 0060 9642     		.uleb128 0x2116
 920 0062 19       		.uleb128 0x19
 921 0063 00       		.byte	0
 922 0064 00       		.byte	0
 923 0065 09       		.uleb128 0x9
 924 0066 2E       		.uleb128 0x2e
 925 0067 01       		.byte	0x1
 926 0068 3F       		.uleb128 0x3f
 927 0069 19       		.uleb128 0x19
 928 006a 03       		.uleb128 0x3
 929 006b 0E       		.uleb128 0xe
 930 006c 3A       		.uleb128 0x3a
 931 006d 0B       		.uleb128 0xb
 932 006e 3B       		.uleb128 0x3b
 933 006f 0B       		.uleb128 0xb
 934 0070 27       		.uleb128 0x27
 935 0071 19       		.uleb128 0x19
 936 0072 11       		.uleb128 0x11
 937 0073 01       		.uleb128 0x1
 938 0074 12       		.uleb128 0x12
 939 0075 06       		.uleb128 0x6
 940 0076 40       		.uleb128 0x40
 941 0077 18       		.uleb128 0x18
 942 0078 9642     		.uleb128 0x2116
 943 007a 19       		.uleb128 0x19
 944 007b 01       		.uleb128 0x1
 945 007c 13       		.uleb128 0x13
 946 007d 00       		.byte	0
 947 007e 00       		.byte	0
 948 007f 0A       		.uleb128 0xa
 949 0080 05       		.uleb128 0x5
 950 0081 00       		.byte	0
 951 0082 03       		.uleb128 0x3
 952 0083 0E       		.uleb128 0xe
 953 0084 3A       		.uleb128 0x3a
 954 0085 0B       		.uleb128 0xb
 955 0086 3B       		.uleb128 0x3b
 956 0087 0B       		.uleb128 0xb
 957 0088 49       		.uleb128 0x49
 958 0089 13       		.uleb128 0x13
 959 008a 02       		.uleb128 0x2
 960 008b 18       		.uleb128 0x18
 961 008c 00       		.byte	0
 962 008d 00       		.byte	0
 963 008e 0B       		.uleb128 0xb
 964 008f 2E       		.uleb128 0x2e
ARM GAS  C:\Users\AARONW~1\AppData\Local\Temp\cc5F1QVS.s 			page 25


 965 0090 00       		.byte	0
 966 0091 3F       		.uleb128 0x3f
 967 0092 19       		.uleb128 0x19
 968 0093 03       		.uleb128 0x3
 969 0094 0E       		.uleb128 0xe
 970 0095 3A       		.uleb128 0x3a
 971 0096 0B       		.uleb128 0xb
 972 0097 3B       		.uleb128 0x3b
 973 0098 0B       		.uleb128 0xb
 974 0099 27       		.uleb128 0x27
 975 009a 19       		.uleb128 0x19
 976 009b 11       		.uleb128 0x11
 977 009c 01       		.uleb128 0x1
 978 009d 12       		.uleb128 0x12
 979 009e 06       		.uleb128 0x6
 980 009f 40       		.uleb128 0x40
 981 00a0 18       		.uleb128 0x18
 982 00a1 9742     		.uleb128 0x2117
 983 00a3 19       		.uleb128 0x19
 984 00a4 00       		.byte	0
 985 00a5 00       		.byte	0
 986 00a6 0C       		.uleb128 0xc
 987 00a7 2E       		.uleb128 0x2e
 988 00a8 01       		.byte	0x1
 989 00a9 3F       		.uleb128 0x3f
 990 00aa 19       		.uleb128 0x19
 991 00ab 03       		.uleb128 0x3
 992 00ac 0E       		.uleb128 0xe
 993 00ad 3A       		.uleb128 0x3a
 994 00ae 0B       		.uleb128 0xb
 995 00af 3B       		.uleb128 0x3b
 996 00b0 0B       		.uleb128 0xb
 997 00b1 27       		.uleb128 0x27
 998 00b2 19       		.uleb128 0x19
 999 00b3 11       		.uleb128 0x11
 1000 00b4 01       		.uleb128 0x1
 1001 00b5 12       		.uleb128 0x12
 1002 00b6 06       		.uleb128 0x6
 1003 00b7 40       		.uleb128 0x40
 1004 00b8 18       		.uleb128 0x18
 1005 00b9 9742     		.uleb128 0x2117
 1006 00bb 19       		.uleb128 0x19
 1007 00bc 01       		.uleb128 0x1
 1008 00bd 13       		.uleb128 0x13
 1009 00be 00       		.byte	0
 1010 00bf 00       		.byte	0
 1011 00c0 0D       		.uleb128 0xd
 1012 00c1 34       		.uleb128 0x34
 1013 00c2 00       		.byte	0
 1014 00c3 03       		.uleb128 0x3
 1015 00c4 0E       		.uleb128 0xe
 1016 00c5 3A       		.uleb128 0x3a
 1017 00c6 0B       		.uleb128 0xb
 1018 00c7 3B       		.uleb128 0x3b
 1019 00c8 0B       		.uleb128 0xb
 1020 00c9 49       		.uleb128 0x49
 1021 00ca 13       		.uleb128 0x13
ARM GAS  C:\Users\AARONW~1\AppData\Local\Temp\cc5F1QVS.s 			page 26


 1022 00cb 02       		.uleb128 0x2
 1023 00cc 18       		.uleb128 0x18
 1024 00cd 00       		.byte	0
 1025 00ce 00       		.byte	0
 1026 00cf 0E       		.uleb128 0xe
 1027 00d0 2E       		.uleb128 0x2e
 1028 00d1 01       		.byte	0x1
 1029 00d2 3F       		.uleb128 0x3f
 1030 00d3 19       		.uleb128 0x19
 1031 00d4 03       		.uleb128 0x3
 1032 00d5 0E       		.uleb128 0xe
 1033 00d6 3A       		.uleb128 0x3a
 1034 00d7 0B       		.uleb128 0xb
 1035 00d8 3B       		.uleb128 0x3b
 1036 00d9 0B       		.uleb128 0xb
 1037 00da 27       		.uleb128 0x27
 1038 00db 19       		.uleb128 0x19
 1039 00dc 49       		.uleb128 0x49
 1040 00dd 13       		.uleb128 0x13
 1041 00de 11       		.uleb128 0x11
 1042 00df 01       		.uleb128 0x1
 1043 00e0 12       		.uleb128 0x12
 1044 00e1 06       		.uleb128 0x6
 1045 00e2 40       		.uleb128 0x40
 1046 00e3 18       		.uleb128 0x18
 1047 00e4 9742     		.uleb128 0x2117
 1048 00e6 19       		.uleb128 0x19
 1049 00e7 01       		.uleb128 0x1
 1050 00e8 13       		.uleb128 0x13
 1051 00e9 00       		.byte	0
 1052 00ea 00       		.byte	0
 1053 00eb 0F       		.uleb128 0xf
 1054 00ec 2E       		.uleb128 0x2e
 1055 00ed 01       		.byte	0x1
 1056 00ee 3F       		.uleb128 0x3f
 1057 00ef 19       		.uleb128 0x19
 1058 00f0 03       		.uleb128 0x3
 1059 00f1 0E       		.uleb128 0xe
 1060 00f2 3A       		.uleb128 0x3a
 1061 00f3 0B       		.uleb128 0xb
 1062 00f4 3B       		.uleb128 0x3b
 1063 00f5 05       		.uleb128 0x5
 1064 00f6 27       		.uleb128 0x27
 1065 00f7 19       		.uleb128 0x19
 1066 00f8 11       		.uleb128 0x11
 1067 00f9 01       		.uleb128 0x1
 1068 00fa 12       		.uleb128 0x12
 1069 00fb 06       		.uleb128 0x6
 1070 00fc 40       		.uleb128 0x40
 1071 00fd 18       		.uleb128 0x18
 1072 00fe 9742     		.uleb128 0x2117
 1073 0100 19       		.uleb128 0x19
 1074 0101 01       		.uleb128 0x1
 1075 0102 13       		.uleb128 0x13
 1076 0103 00       		.byte	0
 1077 0104 00       		.byte	0
 1078 0105 10       		.uleb128 0x10
ARM GAS  C:\Users\AARONW~1\AppData\Local\Temp\cc5F1QVS.s 			page 27


 1079 0106 05       		.uleb128 0x5
 1080 0107 00       		.byte	0
 1081 0108 03       		.uleb128 0x3
 1082 0109 0E       		.uleb128 0xe
 1083 010a 3A       		.uleb128 0x3a
 1084 010b 0B       		.uleb128 0xb
 1085 010c 3B       		.uleb128 0x3b
 1086 010d 05       		.uleb128 0x5
 1087 010e 49       		.uleb128 0x49
 1088 010f 13       		.uleb128 0x13
 1089 0110 02       		.uleb128 0x2
 1090 0111 18       		.uleb128 0x18
 1091 0112 00       		.byte	0
 1092 0113 00       		.byte	0
 1093 0114 11       		.uleb128 0x11
 1094 0115 2E       		.uleb128 0x2e
 1095 0116 01       		.byte	0x1
 1096 0117 3F       		.uleb128 0x3f
 1097 0118 19       		.uleb128 0x19
 1098 0119 03       		.uleb128 0x3
 1099 011a 0E       		.uleb128 0xe
 1100 011b 3A       		.uleb128 0x3a
 1101 011c 0B       		.uleb128 0xb
 1102 011d 3B       		.uleb128 0x3b
 1103 011e 05       		.uleb128 0x5
 1104 011f 27       		.uleb128 0x27
 1105 0120 19       		.uleb128 0x19
 1106 0121 49       		.uleb128 0x49
 1107 0122 13       		.uleb128 0x13
 1108 0123 11       		.uleb128 0x11
 1109 0124 01       		.uleb128 0x1
 1110 0125 12       		.uleb128 0x12
 1111 0126 06       		.uleb128 0x6
 1112 0127 40       		.uleb128 0x40
 1113 0128 18       		.uleb128 0x18
 1114 0129 9742     		.uleb128 0x2117
 1115 012b 19       		.uleb128 0x19
 1116 012c 01       		.uleb128 0x1
 1117 012d 13       		.uleb128 0x13
 1118 012e 00       		.byte	0
 1119 012f 00       		.byte	0
 1120 0130 12       		.uleb128 0x12
 1121 0131 34       		.uleb128 0x34
 1122 0132 00       		.byte	0
 1123 0133 03       		.uleb128 0x3
 1124 0134 0E       		.uleb128 0xe
 1125 0135 3A       		.uleb128 0x3a
 1126 0136 0B       		.uleb128 0xb
 1127 0137 3B       		.uleb128 0x3b
 1128 0138 05       		.uleb128 0x5
 1129 0139 49       		.uleb128 0x49
 1130 013a 13       		.uleb128 0x13
 1131 013b 02       		.uleb128 0x2
 1132 013c 18       		.uleb128 0x18
 1133 013d 00       		.byte	0
 1134 013e 00       		.byte	0
 1135 013f 13       		.uleb128 0x13
ARM GAS  C:\Users\AARONW~1\AppData\Local\Temp\cc5F1QVS.s 			page 28


 1136 0140 2E       		.uleb128 0x2e
 1137 0141 00       		.byte	0
 1138 0142 3F       		.uleb128 0x3f
 1139 0143 19       		.uleb128 0x19
 1140 0144 03       		.uleb128 0x3
 1141 0145 0E       		.uleb128 0xe
 1142 0146 3A       		.uleb128 0x3a
 1143 0147 0B       		.uleb128 0xb
 1144 0148 3B       		.uleb128 0x3b
 1145 0149 05       		.uleb128 0x5
 1146 014a 27       		.uleb128 0x27
 1147 014b 19       		.uleb128 0x19
 1148 014c 11       		.uleb128 0x11
 1149 014d 01       		.uleb128 0x1
 1150 014e 12       		.uleb128 0x12
 1151 014f 06       		.uleb128 0x6
 1152 0150 40       		.uleb128 0x40
 1153 0151 18       		.uleb128 0x18
 1154 0152 9742     		.uleb128 0x2117
 1155 0154 19       		.uleb128 0x19
 1156 0155 00       		.byte	0
 1157 0156 00       		.byte	0
 1158 0157 14       		.uleb128 0x14
 1159 0158 2E       		.uleb128 0x2e
 1160 0159 00       		.byte	0
 1161 015a 3F       		.uleb128 0x3f
 1162 015b 19       		.uleb128 0x19
 1163 015c 03       		.uleb128 0x3
 1164 015d 0E       		.uleb128 0xe
 1165 015e 3A       		.uleb128 0x3a
 1166 015f 0B       		.uleb128 0xb
 1167 0160 3B       		.uleb128 0x3b
 1168 0161 05       		.uleb128 0x5
 1169 0162 27       		.uleb128 0x27
 1170 0163 19       		.uleb128 0x19
 1171 0164 49       		.uleb128 0x49
 1172 0165 13       		.uleb128 0x13
 1173 0166 11       		.uleb128 0x11
 1174 0167 01       		.uleb128 0x1
 1175 0168 12       		.uleb128 0x12
 1176 0169 06       		.uleb128 0x6
 1177 016a 40       		.uleb128 0x40
 1178 016b 18       		.uleb128 0x18
 1179 016c 9742     		.uleb128 0x2117
 1180 016e 19       		.uleb128 0x19
 1181 016f 00       		.byte	0
 1182 0170 00       		.byte	0
 1183 0171 15       		.uleb128 0x15
 1184 0172 34       		.uleb128 0x34
 1185 0173 00       		.byte	0
 1186 0174 03       		.uleb128 0x3
 1187 0175 0E       		.uleb128 0xe
 1188 0176 3A       		.uleb128 0x3a
 1189 0177 0B       		.uleb128 0xb
 1190 0178 3B       		.uleb128 0x3b
 1191 0179 0B       		.uleb128 0xb
 1192 017a 49       		.uleb128 0x49
ARM GAS  C:\Users\AARONW~1\AppData\Local\Temp\cc5F1QVS.s 			page 29


 1193 017b 13       		.uleb128 0x13
 1194 017c 3F       		.uleb128 0x3f
 1195 017d 19       		.uleb128 0x19
 1196 017e 02       		.uleb128 0x2
 1197 017f 18       		.uleb128 0x18
 1198 0180 00       		.byte	0
 1199 0181 00       		.byte	0
 1200 0182 00       		.byte	0
 1201              		.section	.debug_aranges,"",%progbits
 1202 0000 7C000000 		.4byte	0x7c
 1203 0004 0200     		.2byte	0x2
 1204 0006 00000000 		.4byte	.Ldebug_info0
 1205 000a 04       		.byte	0x4
 1206 000b 00       		.byte	0
 1207 000c 0000     		.2byte	0
 1208 000e 0000     		.2byte	0
 1209 0010 00000000 		.4byte	.LFB0
 1210 0014 20000000 		.4byte	.LFE0-.LFB0
 1211 0018 00000000 		.4byte	.LFB1
 1212 001c 22000000 		.4byte	.LFE1-.LFB1
 1213 0020 00000000 		.4byte	.LFB2
 1214 0024 14000000 		.4byte	.LFE2-.LFB2
 1215 0028 00000000 		.4byte	.LFB3
 1216 002c 18000000 		.4byte	.LFE3-.LFB3
 1217 0030 00000000 		.4byte	.LFB4
 1218 0034 24000000 		.4byte	.LFE4-.LFB4
 1219 0038 00000000 		.4byte	.LFB5
 1220 003c 20000000 		.4byte	.LFE5-.LFB5
 1221 0040 00000000 		.4byte	.LFB6
 1222 0044 24000000 		.4byte	.LFE6-.LFB6
 1223 0048 00000000 		.4byte	.LFB7
 1224 004c 24000000 		.4byte	.LFE7-.LFB7
 1225 0050 00000000 		.4byte	.LFB8
 1226 0054 18000000 		.4byte	.LFE8-.LFB8
 1227 0058 00000000 		.4byte	.LFB9
 1228 005c 20000000 		.4byte	.LFE9-.LFB9
 1229 0060 00000000 		.4byte	.LFB10
 1230 0064 18000000 		.4byte	.LFE10-.LFB10
 1231 0068 00000000 		.4byte	.LFB11
 1232 006c 18000000 		.4byte	.LFE11-.LFB11
 1233 0070 00000000 		.4byte	.LFB12
 1234 0074 18000000 		.4byte	.LFE12-.LFB12
 1235 0078 00000000 		.4byte	0
 1236 007c 00000000 		.4byte	0
 1237              		.section	.debug_ranges,"",%progbits
 1238              	.Ldebug_ranges0:
 1239 0000 00000000 		.4byte	.LFB0
 1240 0004 20000000 		.4byte	.LFE0
 1241 0008 00000000 		.4byte	.LFB1
 1242 000c 22000000 		.4byte	.LFE1
 1243 0010 00000000 		.4byte	.LFB2
 1244 0014 14000000 		.4byte	.LFE2
 1245 0018 00000000 		.4byte	.LFB3
 1246 001c 18000000 		.4byte	.LFE3
 1247 0020 00000000 		.4byte	.LFB4
 1248 0024 24000000 		.4byte	.LFE4
 1249 0028 00000000 		.4byte	.LFB5
ARM GAS  C:\Users\AARONW~1\AppData\Local\Temp\cc5F1QVS.s 			page 30


 1250 002c 20000000 		.4byte	.LFE5
 1251 0030 00000000 		.4byte	.LFB6
 1252 0034 24000000 		.4byte	.LFE6
 1253 0038 00000000 		.4byte	.LFB7
 1254 003c 24000000 		.4byte	.LFE7
 1255 0040 00000000 		.4byte	.LFB8
 1256 0044 18000000 		.4byte	.LFE8
 1257 0048 00000000 		.4byte	.LFB9
 1258 004c 20000000 		.4byte	.LFE9
 1259 0050 00000000 		.4byte	.LFB10
 1260 0054 18000000 		.4byte	.LFE10
 1261 0058 00000000 		.4byte	.LFB11
 1262 005c 18000000 		.4byte	.LFE11
 1263 0060 00000000 		.4byte	.LFB12
 1264 0064 18000000 		.4byte	.LFE12
 1265 0068 00000000 		.4byte	0
 1266 006c 00000000 		.4byte	0
 1267              		.section	.debug_line,"",%progbits
 1268              	.Ldebug_line0:
 1269 0000 45010000 		.section	.debug_str,"MS",%progbits,1
 1269      02004C00 
 1269      00000201 
 1269      FB0E0D00 
 1269      01010101 
 1270              	.LASF16:
 1271 0000 72656733 		.ascii	"reg32\000"
 1271      3200
 1272              	.LASF21:
 1273 0006 53656E73 		.ascii	"SensorInterrupt_StartEx\000"
 1273      6F72496E 
 1273      74657272 
 1273      7570745F 
 1273      53746172 
 1274              	.LASF22:
 1275 001e 53656E73 		.ascii	"SensorInterrupt_SetVector\000"
 1275      6F72496E 
 1275      74657272 
 1275      7570745F 
 1275      53657456 
 1276              	.LASF4:
 1277 0038 73686F72 		.ascii	"short unsigned int\000"
 1277      7420756E 
 1277      7369676E 
 1277      65642069 
 1277      6E7400
 1278              	.LASF30:
 1279 004b 53656E73 		.ascii	"SensorInterrupt_Disable\000"
 1279      6F72496E 
 1279      74657272 
 1279      7570745F 
 1279      44697361 
 1280              	.LASF31:
 1281 0063 53656E73 		.ascii	"SensorInterrupt_SetPending\000"
 1281      6F72496E 
 1281      74657272 
 1281      7570745F 
 1281      53657450 
ARM GAS  C:\Users\AARONW~1\AppData\Local\Temp\cc5F1QVS.s 			page 31


 1282              	.LASF13:
 1283 007e 666C6F61 		.ascii	"float\000"
 1283      7400
 1284              	.LASF2:
 1285 0084 756E7369 		.ascii	"unsigned char\000"
 1285      676E6564 
 1285      20636861 
 1285      7200
 1286              	.LASF15:
 1287 0092 72656738 		.ascii	"reg8\000"
 1287      00
 1288              	.LASF6:
 1289 0097 6C6F6E67 		.ascii	"long unsigned int\000"
 1289      20756E73 
 1289      69676E65 
 1289      6420696E 
 1289      7400
 1290              	.LASF11:
 1291 00a9 75696E74 		.ascii	"uint8\000"
 1291      3800
 1292              	.LASF26:
 1293 00af 7072696F 		.ascii	"priority\000"
 1293      72697479 
 1293      00
 1294              	.LASF33:
 1295 00b8 474E5520 		.ascii	"GNU C 4.9.3 20150303 (release) [ARM/embedded-4_9-br"
 1295      4320342E 
 1295      392E3320 
 1295      32303135 
 1295      30333033 
 1296 00eb 616E6368 		.ascii	"anch revision 221220] -mcpu=cortex-m3 -mthumb -g -O"
 1296      20726576 
 1296      6973696F 
 1296      6E203232 
 1296      31323230 
 1297 011e 30202D66 		.ascii	"0 -ffunction-sections -ffat-lto-objects\000"
 1297      66756E63 
 1297      74696F6E 
 1297      2D736563 
 1297      74696F6E 
 1298              	.LASF14:
 1299 0146 646F7562 		.ascii	"double\000"
 1299      6C6500
 1300              	.LASF18:
 1301 014d 53656E73 		.ascii	"SensorInterrupt_Start\000"
 1301      6F72496E 
 1301      74657272 
 1301      7570745F 
 1301      53746172 
 1302              	.LASF27:
 1303 0163 53656E73 		.ascii	"SensorInterrupt_GetVector\000"
 1303      6F72496E 
 1303      74657272 
 1303      7570745F 
 1303      47657456 
 1304              	.LASF32:
 1305 017d 53656E73 		.ascii	"SensorInterrupt_ClearPending\000"
ARM GAS  C:\Users\AARONW~1\AppData\Local\Temp\cc5F1QVS.s 			page 32


 1305      6F72496E 
 1305      74657272 
 1305      7570745F 
 1305      436C6561 
 1306              	.LASF20:
 1307 019a 53656E73 		.ascii	"SensorInterrupt_Interrupt\000"
 1307      6F72496E 
 1307      74657272 
 1307      7570745F 
 1307      496E7465 
 1308              	.LASF12:
 1309 01b4 75696E74 		.ascii	"uint32\000"
 1309      333200
 1310              	.LASF37:
 1311 01bb 666C6167 		.ascii	"flag\000"
 1311      00
 1312              	.LASF0:
 1313 01c0 756E7369 		.ascii	"unsigned int\000"
 1313      676E6564 
 1313      20696E74 
 1313      00
 1314              	.LASF23:
 1315 01cd 61646472 		.ascii	"address\000"
 1315      65737300 
 1316              	.LASF8:
 1317 01d5 6C6F6E67 		.ascii	"long long unsigned int\000"
 1317      206C6F6E 
 1317      6720756E 
 1317      7369676E 
 1317      65642069 
 1318              	.LASF35:
 1319 01ec 433A5C55 		.ascii	"C:\\Users\\Aaron Wubshet\\Google Drive\\1 College\\"
 1319      73657273 
 1319      5C416172 
 1319      6F6E2057 
 1319      75627368 
 1320 021a 3220536F 		.ascii	"2 Sophomore Year\\3 SPRING\\6.115\\Final Project PS"
 1320      70686F6D 
 1320      6F726520 
 1320      59656172 
 1320      5C332053 
 1321 024a 6F432057 		.ascii	"oC Workspace\\Final Project\\External_LCD_Display.c"
 1321      6F726B73 
 1321      70616365 
 1321      5C46696E 
 1321      616C2050 
 1322 027b 7964736E 		.ascii	"ydsn\000"
 1322      00
 1323              	.LASF17:
 1324 0280 63796973 		.ascii	"cyisraddress\000"
 1324      72616464 
 1324      72657373 
 1324      00
 1325              	.LASF36:
 1326 028d 53656E73 		.ascii	"SensorInterrupt_GetState\000"
 1326      6F72496E 
 1326      74657272 
ARM GAS  C:\Users\AARONW~1\AppData\Local\Temp\cc5F1QVS.s 			page 33


 1326      7570745F 
 1326      47657453 
 1327              	.LASF28:
 1328 02a6 53656E73 		.ascii	"SensorInterrupt_GetPriority\000"
 1328      6F72496E 
 1328      74657272 
 1328      7570745F 
 1328      47657450 
 1329              	.LASF9:
 1330 02c2 73697A65 		.ascii	"sizetype\000"
 1330      74797065 
 1330      00
 1331              	.LASF7:
 1332 02cb 6C6F6E67 		.ascii	"long long int\000"
 1332      206C6F6E 
 1332      6720696E 
 1332      7400
 1333              	.LASF10:
 1334 02d9 63686172 		.ascii	"char\000"
 1334      00
 1335              	.LASF24:
 1336 02de 72616D56 		.ascii	"ramVectorTable\000"
 1336      6563746F 
 1336      72546162 
 1336      6C6500
 1337              	.LASF3:
 1338 02ed 73686F72 		.ascii	"short int\000"
 1338      7420696E 
 1338      7400
 1339              	.LASF29:
 1340 02f7 53656E73 		.ascii	"SensorInterrupt_Enable\000"
 1340      6F72496E 
 1340      74657272 
 1340      7570745F 
 1340      456E6162 
 1341              	.LASF19:
 1342 030e 53656E73 		.ascii	"SensorInterrupt_Stop\000"
 1342      6F72496E 
 1342      74657272 
 1342      7570745F 
 1342      53746F70 
 1343              	.LASF5:
 1344 0323 6C6F6E67 		.ascii	"long int\000"
 1344      20696E74 
 1344      00
 1345              	.LASF1:
 1346 032c 7369676E 		.ascii	"signed char\000"
 1346      65642063 
 1346      68617200 
 1347              	.LASF34:
 1348 0338 47656E65 		.ascii	"Generated_Source\\PSoC5\\SensorInterrupt.c\000"
 1348      72617465 
 1348      645F536F 
 1348      75726365 
 1348      5C50536F 
 1349              	.LASF25:
 1350 0361 53656E73 		.ascii	"SensorInterrupt_SetPriority\000"
ARM GAS  C:\Users\AARONW~1\AppData\Local\Temp\cc5F1QVS.s 			page 34


 1350      6F72496E 
 1350      74657272 
 1350      7570745F 
 1350      53657450 
 1351              		.ident	"GCC: (GNU Tools for ARM Embedded Processors) 4.9.3 20150303 (release) [ARM/embedded-4_9-br
