ARM GAS  C:\Users\AARONW~1\AppData\Local\Temp\ccSIYJKi.s 			page 1


   1              		.syntax unified
   2              		.cpu cortex-m3
   3              		.fpu softvfp
   4              		.eabi_attribute 20, 1
   5              		.eabi_attribute 21, 1
   6              		.eabi_attribute 23, 3
   7              		.eabi_attribute 24, 1
   8              		.eabi_attribute 25, 1
   9              		.eabi_attribute 26, 1
  10              		.eabi_attribute 30, 6
  11              		.eabi_attribute 34, 1
  12              		.eabi_attribute 18, 4
  13              		.thumb
  14              		.file	"SensorScan.c"
  15              		.text
  16              	.Ltext0:
  17              		.cfi_sections	.debug_frame
  18              		.global	SensorScan_initVar
  19              		.bss
  20              		.type	SensorScan_initVar, %object
  21              		.size	SensorScan_initVar, 1
  22              	SensorScan_initVar:
  23 0000 00       		.space	1
  24              		.section	.rodata
  25              		.align	2
  26              		.type	interruptStatusMaskRegs, %object
  27              		.size	interruptStatusMaskRegs, 4
  28              	interruptStatusMaskRegs:
  29 0000 88640040 		.word	1073767560
  30              		.section	.text.SensorScan_Start,"ax",%progbits
  31              		.align	2
  32              		.global	SensorScan_Start
  33              		.thumb
  34              		.thumb_func
  35              		.type	SensorScan_Start, %function
  36              	SensorScan_Start:
  37              	.LFB0:
  38              		.file 1 "Generated_Source\\PSoC5\\SensorScan.c"
   1:Generated_Source\PSoC5/SensorScan.c **** /*******************************************************************************
   2:Generated_Source\PSoC5/SensorScan.c **** * File Name: SensorScan.c
   3:Generated_Source\PSoC5/SensorScan.c **** * Version 1.10
   4:Generated_Source\PSoC5/SensorScan.c **** *
   5:Generated_Source\PSoC5/SensorScan.c **** * Description:
   6:Generated_Source\PSoC5/SensorScan.c **** *  This file provides the source code to the API for the Scanning Comparator
   7:Generated_Source\PSoC5/SensorScan.c **** *  component
   8:Generated_Source\PSoC5/SensorScan.c **** *
   9:Generated_Source\PSoC5/SensorScan.c **** * Note:
  10:Generated_Source\PSoC5/SensorScan.c **** *  None
  11:Generated_Source\PSoC5/SensorScan.c **** *
  12:Generated_Source\PSoC5/SensorScan.c **** ********************************************************************************
  13:Generated_Source\PSoC5/SensorScan.c **** * Copyright 2013, Cypress Semiconductor Corporation.  All rights reserved.
  14:Generated_Source\PSoC5/SensorScan.c **** * You may use this file only in accordance with the license, terms, conditions,
  15:Generated_Source\PSoC5/SensorScan.c **** * disclaimers, and limitations in the end user license agreement accompanying
  16:Generated_Source\PSoC5/SensorScan.c **** * the software package with which this file was provided.
  17:Generated_Source\PSoC5/SensorScan.c **** *******************************************************************************/
  18:Generated_Source\PSoC5/SensorScan.c **** 
  19:Generated_Source\PSoC5/SensorScan.c **** #include "SensorScan.h"
ARM GAS  C:\Users\AARONW~1\AppData\Local\Temp\ccSIYJKi.s 			page 2


  20:Generated_Source\PSoC5/SensorScan.c **** 
  21:Generated_Source\PSoC5/SensorScan.c **** #if (SensorScan_INTERNAL_REF_IS_USED)
  22:Generated_Source\PSoC5/SensorScan.c **** 
  23:Generated_Source\PSoC5/SensorScan.c ****     static uint8  SensorScan_compDACRange;
  24:Generated_Source\PSoC5/SensorScan.c ****     
  25:Generated_Source\PSoC5/SensorScan.c ****     #if (SensorScan_VDAC_PER_CHANNEL_MODE_USED)
  26:Generated_Source\PSoC5/SensorScan.c ****         
  27:Generated_Source\PSoC5/SensorScan.c ****         /* Variable declarations for DMA */
  28:Generated_Source\PSoC5/SensorScan.c ****         static uint8 SensorScan_DMA_VDACUpdate_Chan;
  29:Generated_Source\PSoC5/SensorScan.c ****         static uint8 SensorScan_DMA_VDACUpdate_TD = CY_DMA_INVALID_TD;
  30:Generated_Source\PSoC5/SensorScan.c ****         
  31:Generated_Source\PSoC5/SensorScan.c ****         static void SensorScan_InitDma(void)  ;
  32:Generated_Source\PSoC5/SensorScan.c **** 
  33:Generated_Source\PSoC5/SensorScan.c ****         /* Array from customizer */
  34:Generated_Source\PSoC5/SensorScan.c ****         static uint8 SensorScan_DacVoltages[SensorScan_NUM_OF_CHANNELS] = {
  35:Generated_Source\PSoC5/SensorScan.c ****     0x7Du, 0x7Du, 0x7Du, 0x7Du, 0x7Du, 
  36:Generated_Source\PSoC5/SensorScan.c **** };
  37:Generated_Source\PSoC5/SensorScan.c **** 
  38:Generated_Source\PSoC5/SensorScan.c ****     #else
  39:Generated_Source\PSoC5/SensorScan.c ****         static uint8  SensorScan_compDACVoltage;
  40:Generated_Source\PSoC5/SensorScan.c ****     #endif /* SensorScan_VDAC_PER_CHANNEL_MODE_USED */
  41:Generated_Source\PSoC5/SensorScan.c **** #endif /* SensorScan_INTERNAL_REF_IS_USED */
  42:Generated_Source\PSoC5/SensorScan.c **** 
  43:Generated_Source\PSoC5/SensorScan.c **** #if (SensorScan_NUM_OF_CHANNELS >= 8u)
  44:Generated_Source\PSoC5/SensorScan.c ****     static uint8 storeStatusReg;
  45:Generated_Source\PSoC5/SensorScan.c **** #endif /* SensorScan_NUM_OF_CHANNELS >= 8u */
  46:Generated_Source\PSoC5/SensorScan.c **** 
  47:Generated_Source\PSoC5/SensorScan.c **** uint8  SensorScan_initVar = 0u;
  48:Generated_Source\PSoC5/SensorScan.c **** 
  49:Generated_Source\PSoC5/SensorScan.c **** static reg8 * const CYCODE interruptStatusMaskRegs[SensorScan_NUM_OF_INT_REGISTERS] =
  50:Generated_Source\PSoC5/SensorScan.c **** {
  51:Generated_Source\PSoC5/SensorScan.c ****     SensorScan_STATUS_INT0_MASK_PTR,
  52:Generated_Source\PSoC5/SensorScan.c **** 
  53:Generated_Source\PSoC5/SensorScan.c ****     #if(SensorScan_NUM_OF_CHANNELS > 8u)
  54:Generated_Source\PSoC5/SensorScan.c ****         SensorScan_STATUS_INT1_MASK_PTR,
  55:Generated_Source\PSoC5/SensorScan.c ****     #endif /* SensorScan_NUM_OF_CHANNELS > 8u */
  56:Generated_Source\PSoC5/SensorScan.c **** 
  57:Generated_Source\PSoC5/SensorScan.c ****     #if(SensorScan_NUM_OF_CHANNELS > 16u)
  58:Generated_Source\PSoC5/SensorScan.c ****         SensorScan_STATUS_INT2_MASK_PTR,
  59:Generated_Source\PSoC5/SensorScan.c ****     #endif /* SensorScan_NUM_OF_CHANNELS > 16u */
  60:Generated_Source\PSoC5/SensorScan.c **** 
  61:Generated_Source\PSoC5/SensorScan.c ****     #if(SensorScan_NUM_OF_CHANNELS > 24u)
  62:Generated_Source\PSoC5/SensorScan.c ****         SensorScan_STATUS_INT3_MASK_PTR,
  63:Generated_Source\PSoC5/SensorScan.c ****     #endif /* SensorScan_NUM_OF_CHANNELS > 24u */
  64:Generated_Source\PSoC5/SensorScan.c **** 
  65:Generated_Source\PSoC5/SensorScan.c ****     #if(SensorScan_NUM_OF_CHANNELS > 32u)
  66:Generated_Source\PSoC5/SensorScan.c ****         SensorScan_STATUS_INT4_MASK_PTR,
  67:Generated_Source\PSoC5/SensorScan.c ****     #endif /* SensorScan_NUM_OF_CHANNELS > 32u */
  68:Generated_Source\PSoC5/SensorScan.c **** 
  69:Generated_Source\PSoC5/SensorScan.c ****     #if(SensorScan_NUM_OF_CHANNELS > 40u)
  70:Generated_Source\PSoC5/SensorScan.c ****         SensorScan_STATUS_INT5_MASK_PTR,
  71:Generated_Source\PSoC5/SensorScan.c ****     #endif /* SensorScan_NUM_OF_CHANNELS > 40u */
  72:Generated_Source\PSoC5/SensorScan.c **** 
  73:Generated_Source\PSoC5/SensorScan.c ****     #if(SensorScan_NUM_OF_CHANNELS > 48u)
  74:Generated_Source\PSoC5/SensorScan.c ****         SensorScan_STATUS_INT6_MASK_PTR,
  75:Generated_Source\PSoC5/SensorScan.c ****     #endif /* SensorScan_NUM_OF_CHANNELS > 48u */
  76:Generated_Source\PSoC5/SensorScan.c **** 
ARM GAS  C:\Users\AARONW~1\AppData\Local\Temp\ccSIYJKi.s 			page 3


  77:Generated_Source\PSoC5/SensorScan.c ****     #if(SensorScan_NUM_OF_CHANNELS > 56u)
  78:Generated_Source\PSoC5/SensorScan.c ****         SensorScan_STATUS_INT7_MASK_PTR,
  79:Generated_Source\PSoC5/SensorScan.c ****     #endif /* SensorScan_NUM_OF_CHANNELS > 56u */
  80:Generated_Source\PSoC5/SensorScan.c **** };
  81:Generated_Source\PSoC5/SensorScan.c **** 
  82:Generated_Source\PSoC5/SensorScan.c **** 
  83:Generated_Source\PSoC5/SensorScan.c **** /*******************************************************************************
  84:Generated_Source\PSoC5/SensorScan.c **** * Function Name: SensorScan_Start
  85:Generated_Source\PSoC5/SensorScan.c **** ********************************************************************************
  86:Generated_Source\PSoC5/SensorScan.c **** *
  87:Generated_Source\PSoC5/SensorScan.c **** * Summary:
  88:Generated_Source\PSoC5/SensorScan.c **** *  Performs all of the required initialization for the ScanComp component
  89:Generated_Source\PSoC5/SensorScan.c **** *  and enables power to the block.
  90:Generated_Source\PSoC5/SensorScan.c **** *
  91:Generated_Source\PSoC5/SensorScan.c **** * Parameters:
  92:Generated_Source\PSoC5/SensorScan.c **** *  None
  93:Generated_Source\PSoC5/SensorScan.c **** *
  94:Generated_Source\PSoC5/SensorScan.c **** * Return:
  95:Generated_Source\PSoC5/SensorScan.c **** *  None
  96:Generated_Source\PSoC5/SensorScan.c **** *
  97:Generated_Source\PSoC5/SensorScan.c **** *******************************************************************************/
  98:Generated_Source\PSoC5/SensorScan.c **** void SensorScan_Start(void) 
  99:Generated_Source\PSoC5/SensorScan.c **** {
  39              		.loc 1 99 0
  40              		.cfi_startproc
  41              		@ args = 0, pretend = 0, frame = 0
  42              		@ frame_needed = 1, uses_anonymous_args = 0
  43 0000 80B5     		push	{r7, lr}
  44              		.cfi_def_cfa_offset 8
  45              		.cfi_offset 7, -8
  46              		.cfi_offset 14, -4
  47 0002 00AF     		add	r7, sp, #0
  48              		.cfi_def_cfa_register 7
 100:Generated_Source\PSoC5/SensorScan.c ****     if(0u == SensorScan_initVar)
  49              		.loc 1 100 0
  50 0004 054B     		ldr	r3, .L3
  51 0006 1B78     		ldrb	r3, [r3]	@ zero_extendqisi2
  52 0008 002B     		cmp	r3, #0
  53 000a 04D1     		bne	.L2
 101:Generated_Source\PSoC5/SensorScan.c ****     {
 102:Generated_Source\PSoC5/SensorScan.c ****         SensorScan_Init();
  54              		.loc 1 102 0
  55 000c FFF7FEFF 		bl	SensorScan_Init
 103:Generated_Source\PSoC5/SensorScan.c ****         SensorScan_initVar = 1u;
  56              		.loc 1 103 0
  57 0010 024B     		ldr	r3, .L3
  58 0012 0122     		movs	r2, #1
  59 0014 1A70     		strb	r2, [r3]
  60              	.L2:
 104:Generated_Source\PSoC5/SensorScan.c ****     }
 105:Generated_Source\PSoC5/SensorScan.c ****     SensorScan_Enable();
  61              		.loc 1 105 0
  62 0016 FFF7FEFF 		bl	SensorScan_Enable
 106:Generated_Source\PSoC5/SensorScan.c **** }
  63              		.loc 1 106 0
  64 001a 80BD     		pop	{r7, pc}
  65              	.L4:
ARM GAS  C:\Users\AARONW~1\AppData\Local\Temp\ccSIYJKi.s 			page 4


  66              		.align	2
  67              	.L3:
  68 001c 00000000 		.word	SensorScan_initVar
  69              		.cfi_endproc
  70              	.LFE0:
  71              		.size	SensorScan_Start, .-SensorScan_Start
  72              		.section	.text.SensorScan_Init,"ax",%progbits
  73              		.align	2
  74              		.global	SensorScan_Init
  75              		.thumb
  76              		.thumb_func
  77              		.type	SensorScan_Init, %function
  78              	SensorScan_Init:
  79              	.LFB1:
 107:Generated_Source\PSoC5/SensorScan.c **** 
 108:Generated_Source\PSoC5/SensorScan.c **** 
 109:Generated_Source\PSoC5/SensorScan.c **** /*******************************************************************************
 110:Generated_Source\PSoC5/SensorScan.c **** * Function Name: SensorScan_Init
 111:Generated_Source\PSoC5/SensorScan.c **** ********************************************************************************
 112:Generated_Source\PSoC5/SensorScan.c **** *
 113:Generated_Source\PSoC5/SensorScan.c **** * Summary:
 114:Generated_Source\PSoC5/SensorScan.c **** *  Initializes or restores the ScanComp component according to
 115:Generated_Source\PSoC5/SensorScan.c **** *  the customizer settings.
 116:Generated_Source\PSoC5/SensorScan.c **** *
 117:Generated_Source\PSoC5/SensorScan.c **** * Parameters:
 118:Generated_Source\PSoC5/SensorScan.c **** *  None
 119:Generated_Source\PSoC5/SensorScan.c **** *
 120:Generated_Source\PSoC5/SensorScan.c **** * Return:
 121:Generated_Source\PSoC5/SensorScan.c **** *  None
 122:Generated_Source\PSoC5/SensorScan.c **** *
 123:Generated_Source\PSoC5/SensorScan.c **** *******************************************************************************/
 124:Generated_Source\PSoC5/SensorScan.c **** void SensorScan_Init(void) 
 125:Generated_Source\PSoC5/SensorScan.c **** {
  80              		.loc 1 125 0
  81              		.cfi_startproc
  82              		@ args = 0, pretend = 0, frame = 0
  83              		@ frame_needed = 1, uses_anonymous_args = 0
  84 0000 80B5     		push	{r7, lr}
  85              		.cfi_def_cfa_offset 8
  86              		.cfi_offset 7, -8
  87              		.cfi_offset 14, -4
  88 0002 00AF     		add	r7, sp, #0
  89              		.cfi_def_cfa_register 7
 126:Generated_Source\PSoC5/SensorScan.c ****     #if (SensorScan_NUM_OF_CHANNELS >= 8u)
 127:Generated_Source\PSoC5/SensorScan.c ****         storeStatusReg = 0u;
 128:Generated_Source\PSoC5/SensorScan.c ****     #endif /* SensorScan_NUM_OF_CHANNELS >= 8u */
 129:Generated_Source\PSoC5/SensorScan.c **** 
 130:Generated_Source\PSoC5/SensorScan.c ****     SensorScan_Comp_Init();    
  90              		.loc 1 130 0
  91 0004 FFF7FEFF 		bl	SensorScan_Comp_Init
 131:Generated_Source\PSoC5/SensorScan.c ****     
 132:Generated_Source\PSoC5/SensorScan.c ****     #if (SensorScan_INTERNAL_REF_IS_USED)
 133:Generated_Source\PSoC5/SensorScan.c ****         SensorScan_VDAC_Init();
 134:Generated_Source\PSoC5/SensorScan.c ****         SensorScan_compDACRange = SensorScan_DEFAULT_RANGE;
 135:Generated_Source\PSoC5/SensorScan.c **** 
 136:Generated_Source\PSoC5/SensorScan.c ****         #if (SensorScan_VDAC_PER_CHANNEL_MODE_USED)
 137:Generated_Source\PSoC5/SensorScan.c ****             SensorScan_VDAC_SetValue(0x0u);
ARM GAS  C:\Users\AARONW~1\AppData\Local\Temp\ccSIYJKi.s 			page 5


 138:Generated_Source\PSoC5/SensorScan.c ****             
 139:Generated_Source\PSoC5/SensorScan.c ****             if(CY_DMA_INVALID_TD == SensorScan_DMA_VDACUpdate_TD)
 140:Generated_Source\PSoC5/SensorScan.c ****             {
 141:Generated_Source\PSoC5/SensorScan.c ****                 SensorScan_InitDma();
 142:Generated_Source\PSoC5/SensorScan.c ****             }            
 143:Generated_Source\PSoC5/SensorScan.c ****         #else
 144:Generated_Source\PSoC5/SensorScan.c ****             SensorScan_SetDACVoltage(SensorScan_DEFAULT_VOLTAGE);
 145:Generated_Source\PSoC5/SensorScan.c ****         #endif /* SensorScan_VDAC_PER_CHANNEL_MODE_USED */
 146:Generated_Source\PSoC5/SensorScan.c ****     #endif /* SensorScan_INTERNAL_REF_IS_USED */
 147:Generated_Source\PSoC5/SensorScan.c **** }
  92              		.loc 1 147 0
  93 0008 80BD     		pop	{r7, pc}
  94              		.cfi_endproc
  95              	.LFE1:
  96              		.size	SensorScan_Init, .-SensorScan_Init
  97 000a 00BF     		.section	.text.SensorScan_Stop,"ax",%progbits
  98              		.align	2
  99              		.global	SensorScan_Stop
 100              		.thumb
 101              		.thumb_func
 102              		.type	SensorScan_Stop, %function
 103              	SensorScan_Stop:
 104              	.LFB2:
 148:Generated_Source\PSoC5/SensorScan.c **** 
 149:Generated_Source\PSoC5/SensorScan.c **** 
 150:Generated_Source\PSoC5/SensorScan.c **** /*******************************************************************************
 151:Generated_Source\PSoC5/SensorScan.c **** * Function Name: SensorScan_Stop
 152:Generated_Source\PSoC5/SensorScan.c **** ********************************************************************************
 153:Generated_Source\PSoC5/SensorScan.c **** *
 154:Generated_Source\PSoC5/SensorScan.c **** * Summary:
 155:Generated_Source\PSoC5/SensorScan.c **** *  Turns off the Scanning Comparator by turning off the comparator itself and 
 156:Generated_Source\PSoC5/SensorScan.c **** *  halting the muxing of inputs, and turning off the DAC if it is used.
 157:Generated_Source\PSoC5/SensorScan.c **** *
 158:Generated_Source\PSoC5/SensorScan.c **** * Parameters:
 159:Generated_Source\PSoC5/SensorScan.c **** *  None
 160:Generated_Source\PSoC5/SensorScan.c **** *
 161:Generated_Source\PSoC5/SensorScan.c **** * Return:
 162:Generated_Source\PSoC5/SensorScan.c **** *  None
 163:Generated_Source\PSoC5/SensorScan.c **** *
 164:Generated_Source\PSoC5/SensorScan.c **** *******************************************************************************/
 165:Generated_Source\PSoC5/SensorScan.c **** void SensorScan_Stop(void) 
 166:Generated_Source\PSoC5/SensorScan.c **** {
 105              		.loc 1 166 0
 106              		.cfi_startproc
 107              		@ args = 0, pretend = 0, frame = 0
 108              		@ frame_needed = 1, uses_anonymous_args = 0
 109 0000 80B5     		push	{r7, lr}
 110              		.cfi_def_cfa_offset 8
 111              		.cfi_offset 7, -8
 112              		.cfi_offset 14, -4
 113 0002 00AF     		add	r7, sp, #0
 114              		.cfi_def_cfa_register 7
 167:Generated_Source\PSoC5/SensorScan.c ****     SensorScan_CONTROL_REG = SensorScan_CONTROL_DISABLE;
 115              		.loc 1 167 0
 116 0004 024B     		ldr	r3, .L7
 117 0006 0022     		movs	r2, #0
 118 0008 1A70     		strb	r2, [r3]
ARM GAS  C:\Users\AARONW~1\AppData\Local\Temp\ccSIYJKi.s 			page 6


 168:Generated_Source\PSoC5/SensorScan.c ****     
 169:Generated_Source\PSoC5/SensorScan.c ****     SensorScan_Comp_Stop();    
 119              		.loc 1 169 0
 120 000a FFF7FEFF 		bl	SensorScan_Comp_Stop
 170:Generated_Source\PSoC5/SensorScan.c ****     
 171:Generated_Source\PSoC5/SensorScan.c ****     #if (SensorScan_INTERNAL_REF_IS_USED)
 172:Generated_Source\PSoC5/SensorScan.c ****         SensorScan_VDAC_Stop();
 173:Generated_Source\PSoC5/SensorScan.c **** 
 174:Generated_Source\PSoC5/SensorScan.c ****         #if (SensorScan_VDAC_PER_CHANNEL_MODE_USED)
 175:Generated_Source\PSoC5/SensorScan.c ****             (void) CyDmaChDisable(SensorScan_DMA_VDACUpdate_Chan);
 176:Generated_Source\PSoC5/SensorScan.c ****         #endif /* SensorScan_VDAC_PER_CHANNEL_MODE_USED */
 177:Generated_Source\PSoC5/SensorScan.c ****     #endif /* SensorScan_INTERNAL_REF_IS_USED */
 178:Generated_Source\PSoC5/SensorScan.c **** }
 121              		.loc 1 178 0
 122 000e 80BD     		pop	{r7, pc}
 123              	.L8:
 124              		.align	2
 125              	.L7:
 126 0010 79650040 		.word	1073767801
 127              		.cfi_endproc
 128              	.LFE2:
 129              		.size	SensorScan_Stop, .-SensorScan_Stop
 130              		.section	.text.SensorScan_Enable,"ax",%progbits
 131              		.align	2
 132              		.global	SensorScan_Enable
 133              		.thumb
 134              		.thumb_func
 135              		.type	SensorScan_Enable, %function
 136              	SensorScan_Enable:
 137              	.LFB3:
 179:Generated_Source\PSoC5/SensorScan.c **** 
 180:Generated_Source\PSoC5/SensorScan.c **** 
 181:Generated_Source\PSoC5/SensorScan.c **** /*******************************************************************************
 182:Generated_Source\PSoC5/SensorScan.c **** * Function Name: SensorScan_Enable
 183:Generated_Source\PSoC5/SensorScan.c **** ********************************************************************************
 184:Generated_Source\PSoC5/SensorScan.c **** *
 185:Generated_Source\PSoC5/SensorScan.c **** * Summary:
 186:Generated_Source\PSoC5/SensorScan.c **** *  Activates the hardware and begins component operation.
 187:Generated_Source\PSoC5/SensorScan.c **** *
 188:Generated_Source\PSoC5/SensorScan.c **** * Parameters:
 189:Generated_Source\PSoC5/SensorScan.c **** *  None
 190:Generated_Source\PSoC5/SensorScan.c **** *
 191:Generated_Source\PSoC5/SensorScan.c **** * Return:
 192:Generated_Source\PSoC5/SensorScan.c **** *  None
 193:Generated_Source\PSoC5/SensorScan.c **** *
 194:Generated_Source\PSoC5/SensorScan.c **** *******************************************************************************/
 195:Generated_Source\PSoC5/SensorScan.c **** void SensorScan_Enable(void) 
 196:Generated_Source\PSoC5/SensorScan.c **** {
 138              		.loc 1 196 0
 139              		.cfi_startproc
 140              		@ args = 0, pretend = 0, frame = 8
 141              		@ frame_needed = 1, uses_anonymous_args = 0
 142 0000 80B5     		push	{r7, lr}
 143              		.cfi_def_cfa_offset 8
 144              		.cfi_offset 7, -8
 145              		.cfi_offset 14, -4
 146 0002 82B0     		sub	sp, sp, #8
ARM GAS  C:\Users\AARONW~1\AppData\Local\Temp\ccSIYJKi.s 			page 7


 147              		.cfi_def_cfa_offset 16
 148 0004 00AF     		add	r7, sp, #0
 149              		.cfi_def_cfa_register 7
 197:Generated_Source\PSoC5/SensorScan.c ****     uint8 interruptState;
 198:Generated_Source\PSoC5/SensorScan.c **** 
 199:Generated_Source\PSoC5/SensorScan.c ****     SensorScan_Comp_Enable();
 150              		.loc 1 199 0
 151 0006 FFF7FEFF 		bl	SensorScan_Comp_Enable
 200:Generated_Source\PSoC5/SensorScan.c ****     
 201:Generated_Source\PSoC5/SensorScan.c ****     SensorScan_COUNTER_COUNT_REG  = SensorScan_DEFAULT_CHANNELS_VAL;
 152              		.loc 1 201 0
 153 000a 104B     		ldr	r3, .L10
 154 000c 0422     		movs	r2, #4
 155 000e 1A70     		strb	r2, [r3]
 202:Generated_Source\PSoC5/SensorScan.c **** 
 203:Generated_Source\PSoC5/SensorScan.c ****     #if (SensorScan_INTERNAL_REF_IS_USED)
 204:Generated_Source\PSoC5/SensorScan.c ****         SensorScan_VDAC_Enable();
 205:Generated_Source\PSoC5/SensorScan.c ****         #if (SensorScan_VDAC_PER_CHANNEL_MODE_USED)        
 206:Generated_Source\PSoC5/SensorScan.c ****             (void)CyDmaClearPendingDrq(SensorScan_DMA_VDACUpdate_Chan);
 207:Generated_Source\PSoC5/SensorScan.c ****             (void)CyDmaChEnable(SensorScan_DMA_VDACUpdate_Chan, 1u);
 208:Generated_Source\PSoC5/SensorScan.c ****         #endif /* (SensorScan_VDAC_PER_CHANNEL_MODE_USED) */    
 209:Generated_Source\PSoC5/SensorScan.c ****     #endif /* SensorScan_INTERNAL_REF_IS_USED */    
 210:Generated_Source\PSoC5/SensorScan.c **** 
 211:Generated_Source\PSoC5/SensorScan.c ****     /* Enable Status Int */
 212:Generated_Source\PSoC5/SensorScan.c ****     interruptState = CyEnterCriticalSection();
 156              		.loc 1 212 0
 157 0010 FFF7FEFF 		bl	CyEnterCriticalSection
 158 0014 0346     		mov	r3, r0
 159 0016 FB71     		strb	r3, [r7, #7]
 213:Generated_Source\PSoC5/SensorScan.c **** 
 214:Generated_Source\PSoC5/SensorScan.c ****     #if (SensorScan_NUM_OF_CHANNELS < 8u)
 215:Generated_Source\PSoC5/SensorScan.c ****         SensorScan_STATUS_INT0_AUX_CONTROL |= SensorScan_STATUS_INTR_ENBL;
 160              		.loc 1 215 0
 161 0018 0D4A     		ldr	r2, .L10+4
 162 001a 0D4B     		ldr	r3, .L10+4
 163 001c 1B78     		ldrb	r3, [r3]
 164 001e DBB2     		uxtb	r3, r3
 165 0020 43F01003 		orr	r3, r3, #16
 166 0024 DBB2     		uxtb	r3, r3
 167 0026 1370     		strb	r3, [r2]
 216:Generated_Source\PSoC5/SensorScan.c ****     #endif /* SensorScan_NUM_OF_CHANNELS < 8u */
 217:Generated_Source\PSoC5/SensorScan.c **** 
 218:Generated_Source\PSoC5/SensorScan.c ****     #if (SensorScan_NUM_OF_CHANNELS >= 8u)
 219:Generated_Source\PSoC5/SensorScan.c ****         SensorScan_STATUS_INT8_AUX_CONTROL |= SensorScan_STATUS_INTR_ENBL;
 220:Generated_Source\PSoC5/SensorScan.c ****     #endif /* SensorScan_NUM_OF_CHANNELS >= 8u */
 221:Generated_Source\PSoC5/SensorScan.c **** 
 222:Generated_Source\PSoC5/SensorScan.c ****     #if (SensorScan_NUM_OF_CHANNELS >= 9u)
 223:Generated_Source\PSoC5/SensorScan.c ****         SensorScan_STATUS_INT1_AUX_CONTROL |= SensorScan_STATUS_INTR_ENBL;
 224:Generated_Source\PSoC5/SensorScan.c ****     #endif /* SensorScan_NUM_OF_CHANNELS >= 9u */
 225:Generated_Source\PSoC5/SensorScan.c **** 
 226:Generated_Source\PSoC5/SensorScan.c ****     #if (SensorScan_NUM_OF_CHANNELS > 16u)
 227:Generated_Source\PSoC5/SensorScan.c ****         SensorScan_STATUS_INT2_AUX_CONTROL |= SensorScan_STATUS_INTR_ENBL;
 228:Generated_Source\PSoC5/SensorScan.c ****     #endif /* SensorScan_NUM_OF_CHANNELS > 16u */
 229:Generated_Source\PSoC5/SensorScan.c **** 
 230:Generated_Source\PSoC5/SensorScan.c ****     #if (SensorScan_NUM_OF_CHANNELS > 24u)
 231:Generated_Source\PSoC5/SensorScan.c ****         SensorScan_STATUS_INT3_AUX_CONTROL |= SensorScan_STATUS_INTR_ENBL;
 232:Generated_Source\PSoC5/SensorScan.c ****     #endif /* SensorScan_NUM_OF_CHANNELS > 24u */
ARM GAS  C:\Users\AARONW~1\AppData\Local\Temp\ccSIYJKi.s 			page 8


 233:Generated_Source\PSoC5/SensorScan.c **** 
 234:Generated_Source\PSoC5/SensorScan.c ****     #if (SensorScan_NUM_OF_CHANNELS > 32u)
 235:Generated_Source\PSoC5/SensorScan.c ****         SensorScan_STATUS_INT4_AUX_CONTROL |= SensorScan_STATUS_INTR_ENBL;
 236:Generated_Source\PSoC5/SensorScan.c ****     #endif /* SensorScan_NUM_OF_CHANNELS > 32u */
 237:Generated_Source\PSoC5/SensorScan.c **** 
 238:Generated_Source\PSoC5/SensorScan.c ****     #if (SensorScan_NUM_OF_CHANNELS > 40u)
 239:Generated_Source\PSoC5/SensorScan.c ****         SensorScan_STATUS_INT5_AUX_CONTROL |= SensorScan_STATUS_INTR_ENBL;
 240:Generated_Source\PSoC5/SensorScan.c ****     #endif /* SensorScan_NUM_OF_CHANNELS > 40u */
 241:Generated_Source\PSoC5/SensorScan.c **** 
 242:Generated_Source\PSoC5/SensorScan.c ****     #if (SensorScan_NUM_OF_CHANNELS > 48u)
 243:Generated_Source\PSoC5/SensorScan.c ****         SensorScan_STATUS_INT6_AUX_CONTROL |= SensorScan_STATUS_INTR_ENBL;
 244:Generated_Source\PSoC5/SensorScan.c ****     #endif /* SensorScan_NUM_OF_CHANNELS > 48u */
 245:Generated_Source\PSoC5/SensorScan.c **** 
 246:Generated_Source\PSoC5/SensorScan.c ****     #if (SensorScan_NUM_OF_CHANNELS > 56u)
 247:Generated_Source\PSoC5/SensorScan.c ****         SensorScan_STATUS_INT7_AUX_CONTROL |= SensorScan_STATUS_INTR_ENBL;
 248:Generated_Source\PSoC5/SensorScan.c ****     #endif /* SensorScan_NUM_OF_CHANNELS > 56u */
 249:Generated_Source\PSoC5/SensorScan.c **** 
 250:Generated_Source\PSoC5/SensorScan.c ****     #if (SensorScan_NUM_OF_CHANNELS == 64)
 251:Generated_Source\PSoC5/SensorScan.c ****         SensorScan_STATUS_INT9_AUX_CONTROL |= SensorScan_STATUS_INTR_ENBL;
 252:Generated_Source\PSoC5/SensorScan.c ****     #endif /* SensorScan_NUM_OF_CHANNELS == 64u */
 253:Generated_Source\PSoC5/SensorScan.c **** 
 254:Generated_Source\PSoC5/SensorScan.c ****     SensorScan_COUNTER_AUX_CONTROL_REG |= SensorScan_COUNTER_ENABLE;
 168              		.loc 1 254 0
 169 0028 0A4A     		ldr	r2, .L10+8
 170 002a 0A4B     		ldr	r3, .L10+8
 171 002c 1B78     		ldrb	r3, [r3]
 172 002e DBB2     		uxtb	r3, r3
 173 0030 43F02003 		orr	r3, r3, #32
 174 0034 DBB2     		uxtb	r3, r3
 175 0036 1370     		strb	r3, [r2]
 255:Generated_Source\PSoC5/SensorScan.c **** 
 256:Generated_Source\PSoC5/SensorScan.c ****     CyExitCriticalSection(interruptState);
 176              		.loc 1 256 0
 177 0038 FB79     		ldrb	r3, [r7, #7]	@ zero_extendqisi2
 178 003a 1846     		mov	r0, r3
 179 003c FFF7FEFF 		bl	CyExitCriticalSection
 257:Generated_Source\PSoC5/SensorScan.c **** 
 258:Generated_Source\PSoC5/SensorScan.c ****     SensorScan_CONTROL_REG = SensorScan_CONTROL_ENABLE ;
 180              		.loc 1 258 0
 181 0040 054B     		ldr	r3, .L10+12
 182 0042 0122     		movs	r2, #1
 183 0044 1A70     		strb	r2, [r3]
 259:Generated_Source\PSoC5/SensorScan.c **** }
 184              		.loc 1 259 0
 185 0046 0837     		adds	r7, r7, #8
 186              		.cfi_def_cfa_offset 8
 187 0048 BD46     		mov	sp, r7
 188              		.cfi_def_cfa_register 13
 189              		@ sp needed
 190 004a 80BD     		pop	{r7, pc}
 191              	.L11:
 192              		.align	2
 193              	.L10:
 194 004c 7A650040 		.word	1073767802
 195 0050 98640040 		.word	1073767576
 196 0054 9A650040 		.word	1073767834
 197 0058 79650040 		.word	1073767801
ARM GAS  C:\Users\AARONW~1\AppData\Local\Temp\ccSIYJKi.s 			page 9


 198              		.cfi_endproc
 199              	.LFE3:
 200              		.size	SensorScan_Enable, .-SensorScan_Enable
 201              		.section	.text.SensorScan_SetSpeed,"ax",%progbits
 202              		.align	2
 203              		.global	SensorScan_SetSpeed
 204              		.thumb
 205              		.thumb_func
 206              		.type	SensorScan_SetSpeed, %function
 207              	SensorScan_SetSpeed:
 208              	.LFB4:
 260:Generated_Source\PSoC5/SensorScan.c **** 
 261:Generated_Source\PSoC5/SensorScan.c **** 
 262:Generated_Source\PSoC5/SensorScan.c **** /*******************************************************************************
 263:Generated_Source\PSoC5/SensorScan.c **** * Function Name: SensorScan_SetSpeed
 264:Generated_Source\PSoC5/SensorScan.c **** ********************************************************************************
 265:Generated_Source\PSoC5/SensorScan.c **** *
 266:Generated_Source\PSoC5/SensorScan.c **** * Summary:
 267:Generated_Source\PSoC5/SensorScan.c **** *  Sets the drive power and speed to one of three settings.
 268:Generated_Source\PSoC5/SensorScan.c **** *
 269:Generated_Source\PSoC5/SensorScan.c **** * Parameters:
 270:Generated_Source\PSoC5/SensorScan.c **** *  speed: enumerated speed mode value.
 271:Generated_Source\PSoC5/SensorScan.c **** *   SensorScan_SLOWSPEED  - Slow speed / Ultra low power
 272:Generated_Source\PSoC5/SensorScan.c **** *   SensorScan_MEDSPEED   - Medium speed / Medium power
 273:Generated_Source\PSoC5/SensorScan.c **** *   SensorScan_HIGHSPEED  - High speed / High power
 274:Generated_Source\PSoC5/SensorScan.c **** *
 275:Generated_Source\PSoC5/SensorScan.c **** * Return:
 276:Generated_Source\PSoC5/SensorScan.c **** *  None
 277:Generated_Source\PSoC5/SensorScan.c **** *
 278:Generated_Source\PSoC5/SensorScan.c **** *******************************************************************************/
 279:Generated_Source\PSoC5/SensorScan.c **** void SensorScan_SetSpeed(uint8 speed) 
 280:Generated_Source\PSoC5/SensorScan.c **** {
 209              		.loc 1 280 0
 210              		.cfi_startproc
 211              		@ args = 0, pretend = 0, frame = 8
 212              		@ frame_needed = 1, uses_anonymous_args = 0
 213 0000 80B5     		push	{r7, lr}
 214              		.cfi_def_cfa_offset 8
 215              		.cfi_offset 7, -8
 216              		.cfi_offset 14, -4
 217 0002 82B0     		sub	sp, sp, #8
 218              		.cfi_def_cfa_offset 16
 219 0004 00AF     		add	r7, sp, #0
 220              		.cfi_def_cfa_register 7
 221 0006 0346     		mov	r3, r0
 222 0008 FB71     		strb	r3, [r7, #7]
 281:Generated_Source\PSoC5/SensorScan.c ****     #if (CY_PSOC4)
 282:Generated_Source\PSoC5/SensorScan.c ****         SensorScan_Comp_SetSpeed((uint32)speed);
 283:Generated_Source\PSoC5/SensorScan.c ****     #else
 284:Generated_Source\PSoC5/SensorScan.c ****         SensorScan_Comp_SetSpeed(speed);
 223              		.loc 1 284 0
 224 000a FB79     		ldrb	r3, [r7, #7]	@ zero_extendqisi2
 225 000c 1846     		mov	r0, r3
 226 000e FFF7FEFF 		bl	SensorScan_Comp_SetSpeed
 285:Generated_Source\PSoC5/SensorScan.c ****     #endif /* CY_PSOC4 */
 286:Generated_Source\PSoC5/SensorScan.c **** }
 227              		.loc 1 286 0
ARM GAS  C:\Users\AARONW~1\AppData\Local\Temp\ccSIYJKi.s 			page 10


 228 0012 0837     		adds	r7, r7, #8
 229              		.cfi_def_cfa_offset 8
 230 0014 BD46     		mov	sp, r7
 231              		.cfi_def_cfa_register 13
 232              		@ sp needed
 233 0016 80BD     		pop	{r7, pc}
 234              		.cfi_endproc
 235              	.LFE4:
 236              		.size	SensorScan_SetSpeed, .-SensorScan_SetSpeed
 237              		.section	.text.SensorScan_GetInterruptSource,"ax",%progbits
 238              		.align	2
 239              		.global	SensorScan_GetInterruptSource
 240              		.thumb
 241              		.thumb_func
 242              		.type	SensorScan_GetInterruptSource, %function
 243              	SensorScan_GetInterruptSource:
 244              	.LFB5:
 287:Generated_Source\PSoC5/SensorScan.c **** 
 288:Generated_Source\PSoC5/SensorScan.c **** 
 289:Generated_Source\PSoC5/SensorScan.c **** /*******************************************************************************
 290:Generated_Source\PSoC5/SensorScan.c **** * Function Name: SensorScan_GetInterruptSource
 291:Generated_Source\PSoC5/SensorScan.c **** ********************************************************************************
 292:Generated_Source\PSoC5/SensorScan.c **** *
 293:Generated_Source\PSoC5/SensorScan.c **** * Summary:
 294:Generated_Source\PSoC5/SensorScan.c **** *  Gets the pending interrupt requests from the selected block.
 295:Generated_Source\PSoC5/SensorScan.c **** *  Even masked interrupts are returned.
 296:Generated_Source\PSoC5/SensorScan.c **** *
 297:Generated_Source\PSoC5/SensorScan.c **** * Parameters:
 298:Generated_Source\PSoC5/SensorScan.c **** *  InputBlock: Specifies the block of 8 channels whose interrupt requests
 299:Generated_Source\PSoC5/SensorScan.c **** *  should be returned.
 300:Generated_Source\PSoC5/SensorScan.c **** *
 301:Generated_Source\PSoC5/SensorScan.c **** * Return:
 302:Generated_Source\PSoC5/SensorScan.c **** *  Bit field of interrupt sources from the selected block of 8 inputs.
 303:Generated_Source\PSoC5/SensorScan.c **** *
 304:Generated_Source\PSoC5/SensorScan.c **** *******************************************************************************/
 305:Generated_Source\PSoC5/SensorScan.c **** uint8 SensorScan_GetInterruptSource(uint8 inputBlock) 
 306:Generated_Source\PSoC5/SensorScan.c **** {
 245              		.loc 1 306 0
 246              		.cfi_startproc
 247              		@ args = 0, pretend = 0, frame = 16
 248              		@ frame_needed = 1, uses_anonymous_args = 0
 249              		@ link register save eliminated.
 250 0000 80B4     		push	{r7}
 251              		.cfi_def_cfa_offset 4
 252              		.cfi_offset 7, -4
 253 0002 85B0     		sub	sp, sp, #20
 254              		.cfi_def_cfa_offset 24
 255 0004 00AF     		add	r7, sp, #0
 256              		.cfi_def_cfa_register 7
 257 0006 0346     		mov	r3, r0
 258 0008 FB71     		strb	r3, [r7, #7]
 307:Generated_Source\PSoC5/SensorScan.c ****     uint8 intSrc = 0u;
 259              		.loc 1 307 0
 260 000a 0023     		movs	r3, #0
 261 000c FB73     		strb	r3, [r7, #15]
 308:Generated_Source\PSoC5/SensorScan.c **** 
 309:Generated_Source\PSoC5/SensorScan.c ****     #if (SensorScan_NUM_OF_CHANNELS >= 8u)
ARM GAS  C:\Users\AARONW~1\AppData\Local\Temp\ccSIYJKi.s 			page 11


 310:Generated_Source\PSoC5/SensorScan.c ****         uint8 intMsb = 0u;
 311:Generated_Source\PSoC5/SensorScan.c ****     #endif /* SensorScan_NUM_OF_CHANNELS >= 8u */
 312:Generated_Source\PSoC5/SensorScan.c **** 
 313:Generated_Source\PSoC5/SensorScan.c ****     static reg8 * const CYCODE interruptStatusRegs[SensorScan_NUM_OF_INT_REGISTERS] =
 314:Generated_Source\PSoC5/SensorScan.c ****     {
 315:Generated_Source\PSoC5/SensorScan.c ****         SensorScan_STATUS_INT0_PTR,
 316:Generated_Source\PSoC5/SensorScan.c **** 
 317:Generated_Source\PSoC5/SensorScan.c ****         #if(SensorScan_NUM_OF_CHANNELS > 8u)
 318:Generated_Source\PSoC5/SensorScan.c ****             SensorScan_STATUS_INT1_PTR,
 319:Generated_Source\PSoC5/SensorScan.c ****         #endif /* SensorScan_NUM_OF_CHANNELS > 8u */
 320:Generated_Source\PSoC5/SensorScan.c **** 
 321:Generated_Source\PSoC5/SensorScan.c ****         #if(SensorScan_NUM_OF_CHANNELS > 16u)
 322:Generated_Source\PSoC5/SensorScan.c ****             SensorScan_STATUS_INT2_PTR,
 323:Generated_Source\PSoC5/SensorScan.c ****         #endif /* SensorScan_NUM_OF_CHANNELS > 16u */
 324:Generated_Source\PSoC5/SensorScan.c **** 
 325:Generated_Source\PSoC5/SensorScan.c ****         #if(SensorScan_NUM_OF_CHANNELS > 24u)
 326:Generated_Source\PSoC5/SensorScan.c ****             SensorScan_STATUS_INT3_PTR,
 327:Generated_Source\PSoC5/SensorScan.c ****         #endif /* SensorScan_NUM_OF_CHANNELS > 24u */
 328:Generated_Source\PSoC5/SensorScan.c **** 
 329:Generated_Source\PSoC5/SensorScan.c ****         #if(SensorScan_NUM_OF_CHANNELS > 32u)
 330:Generated_Source\PSoC5/SensorScan.c ****             SensorScan_STATUS_INT4_PTR,
 331:Generated_Source\PSoC5/SensorScan.c ****         #endif /* SensorScan_NUM_OF_CHANNELS > 32u */
 332:Generated_Source\PSoC5/SensorScan.c **** 
 333:Generated_Source\PSoC5/SensorScan.c ****         #if(SensorScan_NUM_OF_CHANNELS > 40u)
 334:Generated_Source\PSoC5/SensorScan.c ****             SensorScan_STATUS_INT5_PTR,
 335:Generated_Source\PSoC5/SensorScan.c ****         #endif /* SensorScan_NUM_OF_CHANNELS > 40u */
 336:Generated_Source\PSoC5/SensorScan.c **** 
 337:Generated_Source\PSoC5/SensorScan.c ****         #if(SensorScan_NUM_OF_CHANNELS > 48u)
 338:Generated_Source\PSoC5/SensorScan.c ****             SensorScan_STATUS_INT6_PTR,
 339:Generated_Source\PSoC5/SensorScan.c ****         #endif /* SensorScan_NUM_OF_CHANNELS > 48u */
 340:Generated_Source\PSoC5/SensorScan.c **** 
 341:Generated_Source\PSoC5/SensorScan.c ****         #if(SensorScan_NUM_OF_CHANNELS > 56u)
 342:Generated_Source\PSoC5/SensorScan.c ****             SensorScan_STATUS_INT7_PTR,
 343:Generated_Source\PSoC5/SensorScan.c ****         #endif /* SensorScan_NUM_OF_CHANNELS > 56u */
 344:Generated_Source\PSoC5/SensorScan.c ****     };    
 345:Generated_Source\PSoC5/SensorScan.c ****     
 346:Generated_Source\PSoC5/SensorScan.c ****     if (inputBlock < SensorScan_NUM_OF_INT_REGISTERS)
 262              		.loc 1 346 0
 263 000e FB79     		ldrb	r3, [r7, #7]	@ zero_extendqisi2
 264 0010 002B     		cmp	r3, #0
 265 0012 05D1     		bne	.L14
 347:Generated_Source\PSoC5/SensorScan.c ****     {
 348:Generated_Source\PSoC5/SensorScan.c ****         intSrc = ((uint8) (* interruptStatusRegs[inputBlock])) & SensorScan_INT_REG_MASK;
 266              		.loc 1 348 0
 267 0014 064B     		ldr	r3, .L16
 268 0016 1B78     		ldrb	r3, [r3]
 269 0018 DBB2     		uxtb	r3, r3
 270 001a 03F07F03 		and	r3, r3, #127
 271 001e FB73     		strb	r3, [r7, #15]
 272              	.L14:
 349:Generated_Source\PSoC5/SensorScan.c ****     }
 350:Generated_Source\PSoC5/SensorScan.c ****     
 351:Generated_Source\PSoC5/SensorScan.c ****     #if (SensorScan_NUM_OF_CHANNELS > 63u)
 352:Generated_Source\PSoC5/SensorScan.c ****         if (inputBlock == 7u)
 353:Generated_Source\PSoC5/SensorScan.c ****         {
 354:Generated_Source\PSoC5/SensorScan.c ****             intMsb = (uint8)(SensorScan_STATUS_INT9_REG  << SensorScan_7BIT_SHIFT);
 355:Generated_Source\PSoC5/SensorScan.c ****         }
ARM GAS  C:\Users\AARONW~1\AppData\Local\Temp\ccSIYJKi.s 			page 12


 356:Generated_Source\PSoC5/SensorScan.c ****         else
 357:Generated_Source\PSoC5/SensorScan.c ****         {
 358:Generated_Source\PSoC5/SensorScan.c ****             storeStatusReg |= SensorScan_STATUS_INT8_REG;
 359:Generated_Source\PSoC5/SensorScan.c ****             intMsb = (uint8)((storeStatusReg >> inputBlock) << SensorScan_7BIT_SHIFT);
 360:Generated_Source\PSoC5/SensorScan.c ****             storeStatusReg = (storeStatusReg & (uint8)(~(uint8)(1u << inputBlock)));
 361:Generated_Source\PSoC5/SensorScan.c ****         }
 362:Generated_Source\PSoC5/SensorScan.c ****         intSrc |= intMsb;
 363:Generated_Source\PSoC5/SensorScan.c ****     #elif (SensorScan_NUM_OF_CHANNELS >= 8u)
 364:Generated_Source\PSoC5/SensorScan.c ****         if (inputBlock != 7u)
 365:Generated_Source\PSoC5/SensorScan.c ****         {
 366:Generated_Source\PSoC5/SensorScan.c ****             storeStatusReg |= SensorScan_STATUS_INT8_REG;
 367:Generated_Source\PSoC5/SensorScan.c ****             intMsb = (uint8)((storeStatusReg >> inputBlock) << SensorScan_7BIT_SHIFT);
 368:Generated_Source\PSoC5/SensorScan.c ****             storeStatusReg = (storeStatusReg & (uint8)(~(uint8)(1u << inputBlock)));
 369:Generated_Source\PSoC5/SensorScan.c ****         }
 370:Generated_Source\PSoC5/SensorScan.c ****         intSrc |= intMsb;
 371:Generated_Source\PSoC5/SensorScan.c ****     #endif /* SensorScan_NUM_OF_CHANNELS > 64u */
 372:Generated_Source\PSoC5/SensorScan.c **** 
 373:Generated_Source\PSoC5/SensorScan.c ****     return (intSrc);
 273              		.loc 1 373 0
 274 0020 FB7B     		ldrb	r3, [r7, #15]	@ zero_extendqisi2
 374:Generated_Source\PSoC5/SensorScan.c **** }
 275              		.loc 1 374 0
 276 0022 1846     		mov	r0, r3
 277 0024 1437     		adds	r7, r7, #20
 278              		.cfi_def_cfa_offset 4
 279 0026 BD46     		mov	sp, r7
 280              		.cfi_def_cfa_register 13
 281              		@ sp needed
 282 0028 5DF8047B 		ldr	r7, [sp], #4
 283              		.cfi_restore 7
 284              		.cfi_def_cfa_offset 0
 285 002c 7047     		bx	lr
 286              	.L17:
 287 002e 00BF     		.align	2
 288              	.L16:
 289 0030 68640040 		.word	1073767528
 290              		.cfi_endproc
 291              	.LFE5:
 292              		.size	SensorScan_GetInterruptSource, .-SensorScan_GetInterruptSource
 293              		.section	.text.SensorScan_GetInterruptSourceMasked,"ax",%progbits
 294              		.align	2
 295              		.global	SensorScan_GetInterruptSourceMasked
 296              		.thumb
 297              		.thumb_func
 298              		.type	SensorScan_GetInterruptSourceMasked, %function
 299              	SensorScan_GetInterruptSourceMasked:
 300              	.LFB6:
 375:Generated_Source\PSoC5/SensorScan.c **** 
 376:Generated_Source\PSoC5/SensorScan.c **** 
 377:Generated_Source\PSoC5/SensorScan.c **** /*******************************************************************************
 378:Generated_Source\PSoC5/SensorScan.c **** * Function Name: SensorScan_GetInterruptSourceMasked
 379:Generated_Source\PSoC5/SensorScan.c **** ********************************************************************************
 380:Generated_Source\PSoC5/SensorScan.c **** *
 381:Generated_Source\PSoC5/SensorScan.c **** * Summary:
 382:Generated_Source\PSoC5/SensorScan.c **** *  Gets the pending interrupt requests from the selected block.
 383:Generated_Source\PSoC5/SensorScan.c **** *  Masked interrupts are not returned.
 384:Generated_Source\PSoC5/SensorScan.c **** *
ARM GAS  C:\Users\AARONW~1\AppData\Local\Temp\ccSIYJKi.s 			page 13


 385:Generated_Source\PSoC5/SensorScan.c **** * Parameters:
 386:Generated_Source\PSoC5/SensorScan.c **** *  InputBlock: Specifies the block of 8 channels whose interrupt requests
 387:Generated_Source\PSoC5/SensorScan.c **** *  should be returned.
 388:Generated_Source\PSoC5/SensorScan.c **** *
 389:Generated_Source\PSoC5/SensorScan.c **** * Return:
 390:Generated_Source\PSoC5/SensorScan.c **** *  Bit field of interrupt sources from the selected block of 8 inputs.
 391:Generated_Source\PSoC5/SensorScan.c **** *
 392:Generated_Source\PSoC5/SensorScan.c **** *******************************************************************************/
 393:Generated_Source\PSoC5/SensorScan.c **** uint8 SensorScan_GetInterruptSourceMasked(uint8 inputBlock)   \
 394:Generated_Source\PSoC5/SensorScan.c ****                                                 
 395:Generated_Source\PSoC5/SensorScan.c **** {
 301              		.loc 1 395 0
 302              		.cfi_startproc
 303              		@ args = 0, pretend = 0, frame = 8
 304              		@ frame_needed = 1, uses_anonymous_args = 0
 305 0000 90B5     		push	{r4, r7, lr}
 306              		.cfi_def_cfa_offset 12
 307              		.cfi_offset 4, -12
 308              		.cfi_offset 7, -8
 309              		.cfi_offset 14, -4
 310 0002 83B0     		sub	sp, sp, #12
 311              		.cfi_def_cfa_offset 24
 312 0004 00AF     		add	r7, sp, #0
 313              		.cfi_def_cfa_register 7
 314 0006 0346     		mov	r3, r0
 315 0008 FB71     		strb	r3, [r7, #7]
 396:Generated_Source\PSoC5/SensorScan.c ****     return (SensorScan_GetInterruptSource(inputBlock) & (uint8)~SensorScan_GetInterruptMask (inputB
 316              		.loc 1 396 0
 317 000a FB79     		ldrb	r3, [r7, #7]	@ zero_extendqisi2
 318 000c 1846     		mov	r0, r3
 319 000e FFF7FEFF 		bl	SensorScan_GetInterruptSource
 320 0012 0346     		mov	r3, r0
 321 0014 1C46     		mov	r4, r3
 322 0016 FB79     		ldrb	r3, [r7, #7]	@ zero_extendqisi2
 323 0018 1846     		mov	r0, r3
 324 001a FFF7FEFF 		bl	SensorScan_GetInterruptMask
 325 001e 0346     		mov	r3, r0
 326 0020 DB43     		mvns	r3, r3
 327 0022 DBB2     		uxtb	r3, r3
 328 0024 2340     		ands	r3, r3, r4
 329 0026 DBB2     		uxtb	r3, r3
 397:Generated_Source\PSoC5/SensorScan.c **** }
 330              		.loc 1 397 0
 331 0028 1846     		mov	r0, r3
 332 002a 0C37     		adds	r7, r7, #12
 333              		.cfi_def_cfa_offset 12
 334 002c BD46     		mov	sp, r7
 335              		.cfi_def_cfa_register 13
 336              		@ sp needed
 337 002e 90BD     		pop	{r4, r7, pc}
 338              		.cfi_endproc
 339              	.LFE6:
 340              		.size	SensorScan_GetInterruptSourceMasked, .-SensorScan_GetInterruptSourceMasked
 341              		.section	.text.SensorScan_GetInterruptMask,"ax",%progbits
 342              		.align	2
 343              		.global	SensorScan_GetInterruptMask
 344              		.thumb
ARM GAS  C:\Users\AARONW~1\AppData\Local\Temp\ccSIYJKi.s 			page 14


 345              		.thumb_func
 346              		.type	SensorScan_GetInterruptMask, %function
 347              	SensorScan_GetInterruptMask:
 348              	.LFB7:
 398:Generated_Source\PSoC5/SensorScan.c **** 
 399:Generated_Source\PSoC5/SensorScan.c **** 
 400:Generated_Source\PSoC5/SensorScan.c **** /*******************************************************************************
 401:Generated_Source\PSoC5/SensorScan.c **** * Function Name: SensorScan_GetInterruptMask
 402:Generated_Source\PSoC5/SensorScan.c **** ********************************************************************************
 403:Generated_Source\PSoC5/SensorScan.c **** *
 404:Generated_Source\PSoC5/SensorScan.c **** * Summary:
 405:Generated_Source\PSoC5/SensorScan.c **** *  Gets the current interrupt mask for the selected block.
 406:Generated_Source\PSoC5/SensorScan.c **** *
 407:Generated_Source\PSoC5/SensorScan.c **** * Parameters:
 408:Generated_Source\PSoC5/SensorScan.c **** *  InputBlock: Specifies the block of 8 channels whose interrupt requests
 409:Generated_Source\PSoC5/SensorScan.c **** *  should be returned.
 410:Generated_Source\PSoC5/SensorScan.c **** *
 411:Generated_Source\PSoC5/SensorScan.c **** * Return:
 412:Generated_Source\PSoC5/SensorScan.c **** *  The interrupt mask for the given block of channels.
 413:Generated_Source\PSoC5/SensorScan.c **** *  A '1' indicates that the interrupt is enabled, a '0' indicates that it 
 414:Generated_Source\PSoC5/SensorScan.c **** *  is masked off.
 415:Generated_Source\PSoC5/SensorScan.c **** *
 416:Generated_Source\PSoC5/SensorScan.c **** *******************************************************************************/
 417:Generated_Source\PSoC5/SensorScan.c **** uint8 SensorScan_GetInterruptMask(uint8 inputBlock) 
 418:Generated_Source\PSoC5/SensorScan.c **** {
 349              		.loc 1 418 0
 350              		.cfi_startproc
 351              		@ args = 0, pretend = 0, frame = 16
 352              		@ frame_needed = 1, uses_anonymous_args = 0
 353              		@ link register save eliminated.
 354 0000 80B4     		push	{r7}
 355              		.cfi_def_cfa_offset 4
 356              		.cfi_offset 7, -4
 357 0002 85B0     		sub	sp, sp, #20
 358              		.cfi_def_cfa_offset 24
 359 0004 00AF     		add	r7, sp, #0
 360              		.cfi_def_cfa_register 7
 361 0006 0346     		mov	r3, r0
 362 0008 FB71     		strb	r3, [r7, #7]
 419:Generated_Source\PSoC5/SensorScan.c ****     #if (SensorScan_NUM_OF_CHANNELS >= 8u)
 420:Generated_Source\PSoC5/SensorScan.c ****         uint8 maskMsb = 0u;
 421:Generated_Source\PSoC5/SensorScan.c ****     #endif /* SensorScan_NUM_OF_CHANNELS >= 8u */
 422:Generated_Source\PSoC5/SensorScan.c **** 
 423:Generated_Source\PSoC5/SensorScan.c ****     uint8 intSrc = 0u;
 363              		.loc 1 423 0
 364 000a 0023     		movs	r3, #0
 365 000c FB73     		strb	r3, [r7, #15]
 424:Generated_Source\PSoC5/SensorScan.c **** 
 425:Generated_Source\PSoC5/SensorScan.c ****     if (inputBlock < SensorScan_NUM_OF_INT_REGISTERS)
 366              		.loc 1 425 0
 367 000e FB79     		ldrb	r3, [r7, #7]	@ zero_extendqisi2
 368 0010 002B     		cmp	r3, #0
 369 0012 02D1     		bne	.L21
 426:Generated_Source\PSoC5/SensorScan.c ****     {
 427:Generated_Source\PSoC5/SensorScan.c ****         intSrc = (uint8) (* interruptStatusMaskRegs[inputBlock]);
 370              		.loc 1 427 0
 371 0014 044B     		ldr	r3, .L23
ARM GAS  C:\Users\AARONW~1\AppData\Local\Temp\ccSIYJKi.s 			page 15


 372 0016 1B78     		ldrb	r3, [r3]
 373 0018 FB73     		strb	r3, [r7, #15]
 374              	.L21:
 428:Generated_Source\PSoC5/SensorScan.c ****     }    
 429:Generated_Source\PSoC5/SensorScan.c **** 
 430:Generated_Source\PSoC5/SensorScan.c ****     #if (SensorScan_NUM_OF_CHANNELS > 63u)
 431:Generated_Source\PSoC5/SensorScan.c ****         if (inputBlock == 7u)
 432:Generated_Source\PSoC5/SensorScan.c ****         {
 433:Generated_Source\PSoC5/SensorScan.c ****             maskMsb = (uint8)(SensorScan_STATUS_INT9_MASK  << SensorScan_7BIT_SHIFT);
 434:Generated_Source\PSoC5/SensorScan.c ****         }
 435:Generated_Source\PSoC5/SensorScan.c ****         else
 436:Generated_Source\PSoC5/SensorScan.c ****         {
 437:Generated_Source\PSoC5/SensorScan.c ****             maskMsb = (uint8)((SensorScan_STATUS_INT8_MASK >> inputBlock) << SensorScan_7BIT_SHIFT)
 438:Generated_Source\PSoC5/SensorScan.c ****         }
 439:Generated_Source\PSoC5/SensorScan.c ****         intSrc |= maskMsb;
 440:Generated_Source\PSoC5/SensorScan.c ****     #elif (SensorScan_NUM_OF_CHANNELS >= 8u)
 441:Generated_Source\PSoC5/SensorScan.c ****         if (inputBlock != 7u)
 442:Generated_Source\PSoC5/SensorScan.c ****         {
 443:Generated_Source\PSoC5/SensorScan.c ****             maskMsb = (uint8)((SensorScan_STATUS_INT8_MASK >> inputBlock) << SensorScan_7BIT_SHIFT)
 444:Generated_Source\PSoC5/SensorScan.c ****         }
 445:Generated_Source\PSoC5/SensorScan.c ****         intSrc |= maskMsb;
 446:Generated_Source\PSoC5/SensorScan.c ****     #endif /* SensorScan_NUM_OF_CHANNELS > 63u */
 447:Generated_Source\PSoC5/SensorScan.c **** 
 448:Generated_Source\PSoC5/SensorScan.c ****     return ((uint8)intSrc);
 375              		.loc 1 448 0
 376 001a FB7B     		ldrb	r3, [r7, #15]	@ zero_extendqisi2
 449:Generated_Source\PSoC5/SensorScan.c **** }
 377              		.loc 1 449 0
 378 001c 1846     		mov	r0, r3
 379 001e 1437     		adds	r7, r7, #20
 380              		.cfi_def_cfa_offset 4
 381 0020 BD46     		mov	sp, r7
 382              		.cfi_def_cfa_register 13
 383              		@ sp needed
 384 0022 5DF8047B 		ldr	r7, [sp], #4
 385              		.cfi_restore 7
 386              		.cfi_def_cfa_offset 0
 387 0026 7047     		bx	lr
 388              	.L24:
 389              		.align	2
 390              	.L23:
 391 0028 88640040 		.word	1073767560
 392              		.cfi_endproc
 393              	.LFE7:
 394              		.size	SensorScan_GetInterruptMask, .-SensorScan_GetInterruptMask
 395              		.section	.text.SensorScan_SetInterruptMask,"ax",%progbits
 396              		.align	2
 397              		.global	SensorScan_SetInterruptMask
 398              		.thumb
 399              		.thumb_func
 400              		.type	SensorScan_SetInterruptMask, %function
 401              	SensorScan_SetInterruptMask:
 402              	.LFB8:
 450:Generated_Source\PSoC5/SensorScan.c **** 
 451:Generated_Source\PSoC5/SensorScan.c **** 
 452:Generated_Source\PSoC5/SensorScan.c **** /*******************************************************************************
 453:Generated_Source\PSoC5/SensorScan.c **** * Function Name: SensorScan_SetInterruptMask
ARM GAS  C:\Users\AARONW~1\AppData\Local\Temp\ccSIYJKi.s 			page 16


 454:Generated_Source\PSoC5/SensorScan.c **** ********************************************************************************
 455:Generated_Source\PSoC5/SensorScan.c **** *
 456:Generated_Source\PSoC5/SensorScan.c **** * Summary:
 457:Generated_Source\PSoC5/SensorScan.c **** *  Sets the interrupt masks for the set block of 8 channels.
 458:Generated_Source\PSoC5/SensorScan.c **** *
 459:Generated_Source\PSoC5/SensorScan.c **** * Parameters:
 460:Generated_Source\PSoC5/SensorScan.c **** *  InputBlock: specifies the block of 8 channels whose interrupt requests
 461:Generated_Source\PSoC5/SensorScan.c **** *  should be returned.
 462:Generated_Source\PSoC5/SensorScan.c **** *  mask: Interrupt mask value for the specified block of 8 or less channels. 
 463:Generated_Source\PSoC5/SensorScan.c **** *  A '1' indicates that the interrupt is enabled, a '0' indicates that it 
 464:Generated_Source\PSoC5/SensorScan.c **** *  is masked off.
 465:Generated_Source\PSoC5/SensorScan.c **** *
 466:Generated_Source\PSoC5/SensorScan.c **** * Return:
 467:Generated_Source\PSoC5/SensorScan.c **** *  None
 468:Generated_Source\PSoC5/SensorScan.c **** *
 469:Generated_Source\PSoC5/SensorScan.c **** *******************************************************************************/
 470:Generated_Source\PSoC5/SensorScan.c **** void SensorScan_SetInterruptMask(uint8 inputBlock, uint8 mask)    \
 471:Generated_Source\PSoC5/SensorScan.c ****                                        
 472:Generated_Source\PSoC5/SensorScan.c **** {
 403              		.loc 1 472 0
 404              		.cfi_startproc
 405              		@ args = 0, pretend = 0, frame = 16
 406              		@ frame_needed = 1, uses_anonymous_args = 0
 407              		@ link register save eliminated.
 408 0000 80B4     		push	{r7}
 409              		.cfi_def_cfa_offset 4
 410              		.cfi_offset 7, -4
 411 0002 85B0     		sub	sp, sp, #20
 412              		.cfi_def_cfa_offset 24
 413 0004 00AF     		add	r7, sp, #0
 414              		.cfi_def_cfa_register 7
 415 0006 0346     		mov	r3, r0
 416 0008 0A46     		mov	r2, r1
 417 000a FB71     		strb	r3, [r7, #7]
 418 000c 1346     		mov	r3, r2
 419 000e BB71     		strb	r3, [r7, #6]
 473:Generated_Source\PSoC5/SensorScan.c ****     uint8 maskLsb = mask & SensorScan_7BIT_MASK;
 420              		.loc 1 473 0
 421 0010 BB79     		ldrb	r3, [r7, #6]
 422 0012 03F07F03 		and	r3, r3, #127
 423 0016 FB73     		strb	r3, [r7, #15]
 474:Generated_Source\PSoC5/SensorScan.c **** 
 475:Generated_Source\PSoC5/SensorScan.c ****     #if (SensorScan_NUM_OF_CHANNELS >= 8u)
 476:Generated_Source\PSoC5/SensorScan.c ****         uint8 maskMsb = (uint8)((mask >> SensorScan_7BIT_SHIFT) << inputBlock);
 477:Generated_Source\PSoC5/SensorScan.c ****     #endif /* SensorScan_NUM_OF_CHANNELS >= 8u */
 478:Generated_Source\PSoC5/SensorScan.c ****     
 479:Generated_Source\PSoC5/SensorScan.c ****     if (inputBlock < SensorScan_NUM_OF_INT_REGISTERS)
 424              		.loc 1 479 0
 425 0018 FB79     		ldrb	r3, [r7, #7]	@ zero_extendqisi2
 426 001a 002B     		cmp	r3, #0
 427 001c 02D1     		bne	.L25
 480:Generated_Source\PSoC5/SensorScan.c ****     {
 481:Generated_Source\PSoC5/SensorScan.c ****         (* interruptStatusMaskRegs[inputBlock]) = maskLsb;
 428              		.loc 1 481 0
 429 001e 044A     		ldr	r2, .L27
 430 0020 FB7B     		ldrb	r3, [r7, #15]
 431 0022 1370     		strb	r3, [r2]
ARM GAS  C:\Users\AARONW~1\AppData\Local\Temp\ccSIYJKi.s 			page 17


 432              	.L25:
 482:Generated_Source\PSoC5/SensorScan.c ****     }    
 483:Generated_Source\PSoC5/SensorScan.c **** 
 484:Generated_Source\PSoC5/SensorScan.c ****     #if (SensorScan_NUM_OF_CHANNELS > 63u)
 485:Generated_Source\PSoC5/SensorScan.c ****         if (inputBlock == 7u)
 486:Generated_Source\PSoC5/SensorScan.c ****         {
 487:Generated_Source\PSoC5/SensorScan.c ****             SensorScan_STATUS_INT9_MASK = maskMsb;
 488:Generated_Source\PSoC5/SensorScan.c ****         }
 489:Generated_Source\PSoC5/SensorScan.c ****         else
 490:Generated_Source\PSoC5/SensorScan.c ****         {
 491:Generated_Source\PSoC5/SensorScan.c ****             SensorScan_STATUS_INT8_MASK = maskMsb;
 492:Generated_Source\PSoC5/SensorScan.c ****         }
 493:Generated_Source\PSoC5/SensorScan.c **** 
 494:Generated_Source\PSoC5/SensorScan.c ****     #elif (SensorScan_NUM_OF_CHANNELS >= 8u)
 495:Generated_Source\PSoC5/SensorScan.c ****         if (inputBlock != 7u)
 496:Generated_Source\PSoC5/SensorScan.c ****         {
 497:Generated_Source\PSoC5/SensorScan.c ****             SensorScan_STATUS_INT8_MASK = maskMsb;
 498:Generated_Source\PSoC5/SensorScan.c ****         }
 499:Generated_Source\PSoC5/SensorScan.c ****     #endif /* SensorScan_NUM_OF_CHANNELS > 63u */
 500:Generated_Source\PSoC5/SensorScan.c **** }
 433              		.loc 1 500 0
 434 0024 1437     		adds	r7, r7, #20
 435              		.cfi_def_cfa_offset 4
 436 0026 BD46     		mov	sp, r7
 437              		.cfi_def_cfa_register 13
 438              		@ sp needed
 439 0028 5DF8047B 		ldr	r7, [sp], #4
 440              		.cfi_restore 7
 441              		.cfi_def_cfa_offset 0
 442 002c 7047     		bx	lr
 443              	.L28:
 444 002e 00BF     		.align	2
 445              	.L27:
 446 0030 88640040 		.word	1073767560
 447              		.cfi_endproc
 448              	.LFE8:
 449              		.size	SensorScan_SetInterruptMask, .-SensorScan_SetInterruptMask
 450              		.section	.text.SensorScan_GetCompare,"ax",%progbits
 451              		.align	2
 452              		.global	SensorScan_GetCompare
 453              		.thumb
 454              		.thumb_func
 455              		.type	SensorScan_GetCompare, %function
 456              	SensorScan_GetCompare:
 457              	.LFB9:
 501:Generated_Source\PSoC5/SensorScan.c **** 
 502:Generated_Source\PSoC5/SensorScan.c **** 
 503:Generated_Source\PSoC5/SensorScan.c **** /*******************************************************************************
 504:Generated_Source\PSoC5/SensorScan.c **** * Function Name: SensorScan_GetCompare
 505:Generated_Source\PSoC5/SensorScan.c **** ********************************************************************************
 506:Generated_Source\PSoC5/SensorScan.c **** *
 507:Generated_Source\PSoC5/SensorScan.c **** * Summary:
 508:Generated_Source\PSoC5/SensorScan.c **** *  Returns a nonzero value when the voltage connected to the positive input
 509:Generated_Source\PSoC5/SensorScan.c **** *  is greater than the negative input voltage.
 510:Generated_Source\PSoC5/SensorScan.c **** *
 511:Generated_Source\PSoC5/SensorScan.c **** * Parameters:
 512:Generated_Source\PSoC5/SensorScan.c **** *  channel: channel whose compare output is to be read.
ARM GAS  C:\Users\AARONW~1\AppData\Local\Temp\ccSIYJKi.s 			page 18


 513:Generated_Source\PSoC5/SensorScan.c **** *
 514:Generated_Source\PSoC5/SensorScan.c **** * Return:
 515:Generated_Source\PSoC5/SensorScan.c **** *  Comparator output state
 516:Generated_Source\PSoC5/SensorScan.c **** *
 517:Generated_Source\PSoC5/SensorScan.c **** *******************************************************************************/
 518:Generated_Source\PSoC5/SensorScan.c **** uint8 SensorScan_GetCompare(uint8 channel) 
 519:Generated_Source\PSoC5/SensorScan.c **** {
 458              		.loc 1 519 0
 459              		.cfi_startproc
 460              		@ args = 0, pretend = 0, frame = 16
 461              		@ frame_needed = 1, uses_anonymous_args = 0
 462              		@ link register save eliminated.
 463 0000 80B4     		push	{r7}
 464              		.cfi_def_cfa_offset 4
 465              		.cfi_offset 7, -4
 466 0002 85B0     		sub	sp, sp, #20
 467              		.cfi_def_cfa_offset 24
 468 0004 00AF     		add	r7, sp, #0
 469              		.cfi_def_cfa_register 7
 470 0006 0346     		mov	r3, r0
 471 0008 FB71     		strb	r3, [r7, #7]
 520:Generated_Source\PSoC5/SensorScan.c ****     uint8 compVal;
 521:Generated_Source\PSoC5/SensorScan.c ****     uint8 chanPos;
 522:Generated_Source\PSoC5/SensorScan.c ****     uint8 blockNum;
 523:Generated_Source\PSoC5/SensorScan.c **** 
 524:Generated_Source\PSoC5/SensorScan.c ****     static reg8 * const CYCODE outputStatusRegs[SensorScan_NUM_OF_OUT_REGISTERS] =
 525:Generated_Source\PSoC5/SensorScan.c ****     {
 526:Generated_Source\PSoC5/SensorScan.c ****         SensorScan_STATUS_OUT0_PTR,
 527:Generated_Source\PSoC5/SensorScan.c **** 
 528:Generated_Source\PSoC5/SensorScan.c ****         #if(SensorScan_NUM_OF_CHANNELS > 8u)
 529:Generated_Source\PSoC5/SensorScan.c ****             SensorScan_STATUS_OUT1_PTR,
 530:Generated_Source\PSoC5/SensorScan.c ****         #endif /* SensorScan_NUM_OF_CHANNELS > 8u */
 531:Generated_Source\PSoC5/SensorScan.c **** 
 532:Generated_Source\PSoC5/SensorScan.c ****         #if(SensorScan_NUM_OF_CHANNELS > 16u)
 533:Generated_Source\PSoC5/SensorScan.c ****             SensorScan_STATUS_OUT2_PTR,
 534:Generated_Source\PSoC5/SensorScan.c ****         #endif /* SensorScan_NUM_OF_CHANNELS > 16u */
 535:Generated_Source\PSoC5/SensorScan.c **** 
 536:Generated_Source\PSoC5/SensorScan.c ****         #if(SensorScan_NUM_OF_CHANNELS > 24u)
 537:Generated_Source\PSoC5/SensorScan.c ****             SensorScan_STATUS_OUT3_PTR,
 538:Generated_Source\PSoC5/SensorScan.c ****         #endif /* SensorScan_NUM_OF_CHANNELS > 24u */
 539:Generated_Source\PSoC5/SensorScan.c **** 
 540:Generated_Source\PSoC5/SensorScan.c ****         #if(SensorScan_NUM_OF_CHANNELS > 32u)
 541:Generated_Source\PSoC5/SensorScan.c ****             SensorScan_STATUS_OUT4_PTR,
 542:Generated_Source\PSoC5/SensorScan.c ****         #endif /* SensorScan_NUM_OF_CHANNELS > 32u */
 543:Generated_Source\PSoC5/SensorScan.c **** 
 544:Generated_Source\PSoC5/SensorScan.c ****         #if(SensorScan_NUM_OF_CHANNELS > 40u)
 545:Generated_Source\PSoC5/SensorScan.c ****             SensorScan_STATUS_OUT5_PTR,
 546:Generated_Source\PSoC5/SensorScan.c ****         #endif /* SensorScan_NUM_OF_CHANNELS > 40u */
 547:Generated_Source\PSoC5/SensorScan.c **** 
 548:Generated_Source\PSoC5/SensorScan.c ****         #if(SensorScan_NUM_OF_CHANNELS > 48u)
 549:Generated_Source\PSoC5/SensorScan.c ****             SensorScan_STATUS_OUT6_PTR,
 550:Generated_Source\PSoC5/SensorScan.c ****         #endif /* SensorScan_NUM_OF_CHANNELS > 48u */
 551:Generated_Source\PSoC5/SensorScan.c **** 
 552:Generated_Source\PSoC5/SensorScan.c ****         #if(SensorScan_NUM_OF_CHANNELS > 56u)
 553:Generated_Source\PSoC5/SensorScan.c ****             SensorScan_STATUS_OUT7_PTR,
 554:Generated_Source\PSoC5/SensorScan.c ****         #endif /* SensorScan_NUM_OF_CHANNELS > 56u */
 555:Generated_Source\PSoC5/SensorScan.c ****     };
ARM GAS  C:\Users\AARONW~1\AppData\Local\Temp\ccSIYJKi.s 			page 19


 556:Generated_Source\PSoC5/SensorScan.c **** 
 557:Generated_Source\PSoC5/SensorScan.c ****     /* Identify block number by dividing by 8 */
 558:Generated_Source\PSoC5/SensorScan.c ****     blockNum = (channel >> 3u);
 472              		.loc 1 558 0
 473 000a FB79     		ldrb	r3, [r7, #7]	@ zero_extendqisi2
 474 000c DB08     		lsrs	r3, r3, #3
 475 000e FB73     		strb	r3, [r7, #15]
 559:Generated_Source\PSoC5/SensorScan.c **** 
 560:Generated_Source\PSoC5/SensorScan.c ****     /* Identify maximum available channels for block */
 561:Generated_Source\PSoC5/SensorScan.c ****     chanPos = (uint8)((blockNum + 1u) << 3u);
 476              		.loc 1 561 0
 477 0010 FB7B     		ldrb	r3, [r7, #15]
 478 0012 0133     		adds	r3, r3, #1
 479 0014 DBB2     		uxtb	r3, r3
 480 0016 DB00     		lsls	r3, r3, #3
 481 0018 BB73     		strb	r3, [r7, #14]
 562:Generated_Source\PSoC5/SensorScan.c ****     
 563:Generated_Source\PSoC5/SensorScan.c ****     /* Identify channel position in the register */
 564:Generated_Source\PSoC5/SensorScan.c ****     chanPos = SensorScan_MSB_REG_BIT_HIGH >> ((chanPos - 1u) - channel);
 482              		.loc 1 564 0
 483 001a BA7B     		ldrb	r2, [r7, #14]	@ zero_extendqisi2
 484 001c FB79     		ldrb	r3, [r7, #7]	@ zero_extendqisi2
 485 001e D31A     		subs	r3, r2, r3
 486 0020 013B     		subs	r3, r3, #1
 487 0022 1A46     		mov	r2, r3
 488 0024 8023     		movs	r3, #128
 489 0026 D340     		lsrs	r3, r3, r2
 490 0028 BB73     		strb	r3, [r7, #14]
 565:Generated_Source\PSoC5/SensorScan.c ****     
 566:Generated_Source\PSoC5/SensorScan.c ****     /* Input block int register & MSB bit shift */
 567:Generated_Source\PSoC5/SensorScan.c ****     compVal = ((uint8) * outputStatusRegs[blockNum]) & chanPos;
 491              		.loc 1 567 0
 492 002a 064B     		ldr	r3, .L31
 493 002c 1B78     		ldrb	r3, [r3]
 494 002e DAB2     		uxtb	r2, r3
 495 0030 BB7B     		ldrb	r3, [r7, #14]
 496 0032 1340     		ands	r3, r3, r2
 497 0034 7B73     		strb	r3, [r7, #13]
 568:Generated_Source\PSoC5/SensorScan.c **** 
 569:Generated_Source\PSoC5/SensorScan.c ****     return (compVal);
 498              		.loc 1 569 0
 499 0036 7B7B     		ldrb	r3, [r7, #13]	@ zero_extendqisi2
 570:Generated_Source\PSoC5/SensorScan.c **** }
 500              		.loc 1 570 0
 501 0038 1846     		mov	r0, r3
 502 003a 1437     		adds	r7, r7, #20
 503              		.cfi_def_cfa_offset 4
 504 003c BD46     		mov	sp, r7
 505              		.cfi_def_cfa_register 13
 506              		@ sp needed
 507 003e 5DF8047B 		ldr	r7, [sp], #4
 508              		.cfi_restore 7
 509              		.cfi_def_cfa_offset 0
 510 0042 7047     		bx	lr
 511              	.L32:
 512              		.align	2
 513              	.L31:
ARM GAS  C:\Users\AARONW~1\AppData\Local\Temp\ccSIYJKi.s 			page 20


 514 0044 68650040 		.word	1073767784
 515              		.cfi_endproc
 516              	.LFE9:
 517              		.size	SensorScan_GetCompare, .-SensorScan_GetCompare
 518              		.section	.rodata
 519              		.align	2
 520              		.type	interruptStatusRegs.4880, %object
 521              		.size	interruptStatusRegs.4880, 4
 522              	interruptStatusRegs.4880:
 523 0004 68640040 		.word	1073767528
 524              		.align	2
 525              		.type	outputStatusRegs.4899, %object
 526              		.size	outputStatusRegs.4899, 4
 527              	outputStatusRegs.4899:
 528 0008 68650040 		.word	1073767784
 529              		.text
 530              	.Letext0:
 531              		.file 2 "Generated_Source\\PSoC5\\cytypes.h"
 532              		.section	.debug_info,"",%progbits
 533              	.Ldebug_info0:
 534 0000 C5020000 		.4byte	0x2c5
 535 0004 0400     		.2byte	0x4
 536 0006 00000000 		.4byte	.Ldebug_abbrev0
 537 000a 04       		.byte	0x4
 538 000b 01       		.uleb128 0x1
 539 000c 09010000 		.4byte	.LASF38
 540 0010 01       		.byte	0x1
 541 0011 E5000000 		.4byte	.LASF39
 542 0015 C9010000 		.4byte	.LASF40
 543 0019 00000000 		.4byte	.Ldebug_ranges0+0
 544 001d 00000000 		.4byte	0
 545 0021 00000000 		.4byte	.Ldebug_line0
 546 0025 02       		.uleb128 0x2
 547 0026 01       		.byte	0x1
 548 0027 06       		.byte	0x6
 549 0028 55030000 		.4byte	.LASF0
 550 002c 02       		.uleb128 0x2
 551 002d 01       		.byte	0x1
 552 002e 08       		.byte	0x8
 553 002f 97000000 		.4byte	.LASF1
 554 0033 02       		.uleb128 0x2
 555 0034 02       		.byte	0x2
 556 0035 05       		.byte	0x5
 557 0036 32030000 		.4byte	.LASF2
 558 003a 02       		.uleb128 0x2
 559 003b 02       		.byte	0x2
 560 003c 07       		.byte	0x7
 561 003d 3D000000 		.4byte	.LASF3
 562 0041 02       		.uleb128 0x2
 563 0042 04       		.byte	0x4
 564 0043 05       		.byte	0x5
 565 0044 47030000 		.4byte	.LASF4
 566 0048 02       		.uleb128 0x2
 567 0049 04       		.byte	0x4
 568 004a 07       		.byte	0x7
 569 004b B9000000 		.4byte	.LASF5
 570 004f 02       		.uleb128 0x2
ARM GAS  C:\Users\AARONW~1\AppData\Local\Temp\ccSIYJKi.s 			page 21


 571 0050 08       		.byte	0x8
 572 0051 05       		.byte	0x5
 573 0052 CC020000 		.4byte	.LASF6
 574 0056 02       		.uleb128 0x2
 575 0057 08       		.byte	0x8
 576 0058 07       		.byte	0x7
 577 0059 B2010000 		.4byte	.LASF7
 578 005d 03       		.uleb128 0x3
 579 005e 04       		.byte	0x4
 580 005f 05       		.byte	0x5
 581 0060 696E7400 		.ascii	"int\000"
 582 0064 02       		.uleb128 0x2
 583 0065 04       		.byte	0x4
 584 0066 07       		.byte	0x7
 585 0067 A5010000 		.4byte	.LASF8
 586 006b 04       		.uleb128 0x4
 587 006c CB000000 		.4byte	.LASF12
 588 0070 02       		.byte	0x2
 589 0071 9201     		.2byte	0x192
 590 0073 2C000000 		.4byte	0x2c
 591 0077 02       		.uleb128 0x2
 592 0078 04       		.byte	0x4
 593 0079 04       		.byte	0x4
 594 007a 79000000 		.4byte	.LASF9
 595 007e 02       		.uleb128 0x2
 596 007f 08       		.byte	0x8
 597 0080 04       		.byte	0x4
 598 0081 97010000 		.4byte	.LASF10
 599 0085 02       		.uleb128 0x2
 600 0086 01       		.byte	0x1
 601 0087 08       		.byte	0x8
 602 0088 50030000 		.4byte	.LASF11
 603 008c 04       		.uleb128 0x4
 604 008d A5000000 		.4byte	.LASF13
 605 0091 02       		.byte	0x2
 606 0092 3C02     		.2byte	0x23c
 607 0094 98000000 		.4byte	0x98
 608 0098 05       		.uleb128 0x5
 609 0099 6B000000 		.4byte	0x6b
 610 009d 02       		.uleb128 0x2
 611 009e 04       		.byte	0x4
 612 009f 07       		.byte	0x7
 613 00a0 89020000 		.4byte	.LASF14
 614 00a4 06       		.uleb128 0x6
 615 00a5 58000000 		.4byte	.LASF15
 616 00a9 01       		.byte	0x1
 617 00aa 62       		.byte	0x62
 618 00ab 00000000 		.4byte	.LFB0
 619 00af 20000000 		.4byte	.LFE0-.LFB0
 620 00b3 01       		.uleb128 0x1
 621 00b4 9C       		.byte	0x9c
 622 00b5 06       		.uleb128 0x6
 623 00b6 69000000 		.4byte	.LASF16
 624 00ba 01       		.byte	0x1
 625 00bb 7C       		.byte	0x7c
 626 00bc 00000000 		.4byte	.LFB1
 627 00c0 0A000000 		.4byte	.LFE1-.LFB1
ARM GAS  C:\Users\AARONW~1\AppData\Local\Temp\ccSIYJKi.s 			page 22


 628 00c4 01       		.uleb128 0x1
 629 00c5 9C       		.byte	0x9c
 630 00c6 06       		.uleb128 0x6
 631 00c7 FB020000 		.4byte	.LASF17
 632 00cb 01       		.byte	0x1
 633 00cc A5       		.byte	0xa5
 634 00cd 00000000 		.4byte	.LFB2
 635 00d1 14000000 		.4byte	.LFE2-.LFB2
 636 00d5 01       		.uleb128 0x1
 637 00d6 9C       		.byte	0x9c
 638 00d7 07       		.uleb128 0x7
 639 00d8 71020000 		.4byte	.LASF18
 640 00dc 01       		.byte	0x1
 641 00dd C3       		.byte	0xc3
 642 00de 00000000 		.4byte	.LFB3
 643 00e2 5C000000 		.4byte	.LFE3-.LFB3
 644 00e6 01       		.uleb128 0x1
 645 00e7 9C       		.byte	0x9c
 646 00e8 FB000000 		.4byte	0xfb
 647 00ec 08       		.uleb128 0x8
 648 00ed AA000000 		.4byte	.LASF22
 649 00f1 01       		.byte	0x1
 650 00f2 C5       		.byte	0xc5
 651 00f3 6B000000 		.4byte	0x6b
 652 00f7 02       		.uleb128 0x2
 653 00f8 91       		.byte	0x91
 654 00f9 77       		.sleb128 -9
 655 00fa 00       		.byte	0
 656 00fb 09       		.uleb128 0x9
 657 00fc D1000000 		.4byte	.LASF19
 658 0100 01       		.byte	0x1
 659 0101 1701     		.2byte	0x117
 660 0103 00000000 		.4byte	.LFB4
 661 0107 18000000 		.4byte	.LFE4-.LFB4
 662 010b 01       		.uleb128 0x1
 663 010c 9C       		.byte	0x9c
 664 010d 21010000 		.4byte	0x121
 665 0111 0A       		.uleb128 0xa
 666 0112 83020000 		.4byte	.LASF20
 667 0116 01       		.byte	0x1
 668 0117 1701     		.2byte	0x117
 669 0119 6B000000 		.4byte	0x6b
 670 011d 02       		.uleb128 0x2
 671 011e 91       		.byte	0x91
 672 011f 77       		.sleb128 -9
 673 0120 00       		.byte	0
 674 0121 0B       		.uleb128 0xb
 675 0122 AE020000 		.4byte	.LASF25
 676 0126 01       		.byte	0x1
 677 0127 3101     		.2byte	0x131
 678 0129 6B000000 		.4byte	0x6b
 679 012d 00000000 		.4byte	.LFB5
 680 0131 34000000 		.4byte	.LFE5-.LFB5
 681 0135 01       		.uleb128 0x1
 682 0136 9C       		.byte	0x9c
 683 0137 6C010000 		.4byte	0x16c
 684 013b 0A       		.uleb128 0xa
ARM GAS  C:\Users\AARONW~1\AppData\Local\Temp\ccSIYJKi.s 			page 23


 685 013c 3C030000 		.4byte	.LASF21
 686 0140 01       		.byte	0x1
 687 0141 3101     		.2byte	0x131
 688 0143 6B000000 		.4byte	0x6b
 689 0147 02       		.uleb128 0x2
 690 0148 91       		.byte	0x91
 691 0149 6F       		.sleb128 -17
 692 014a 0C       		.uleb128 0xc
 693 014b 9E010000 		.4byte	.LASF23
 694 014f 01       		.byte	0x1
 695 0150 3301     		.2byte	0x133
 696 0152 6B000000 		.4byte	0x6b
 697 0156 02       		.uleb128 0x2
 698 0157 91       		.byte	0x91
 699 0158 77       		.sleb128 -9
 700 0159 0C       		.uleb128 0xc
 701 015a 5D020000 		.4byte	.LASF24
 702 015e 01       		.byte	0x1
 703 015f 3901     		.2byte	0x139
 704 0161 87010000 		.4byte	0x187
 705 0165 05       		.uleb128 0x5
 706 0166 03       		.byte	0x3
 707 0167 04000000 		.4byte	interruptStatusRegs.4880
 708 016b 00       		.byte	0
 709 016c 0D       		.uleb128 0xd
 710 016d 7C010000 		.4byte	0x17c
 711 0171 7C010000 		.4byte	0x17c
 712 0175 0E       		.uleb128 0xe
 713 0176 9D000000 		.4byte	0x9d
 714 017a 00       		.byte	0
 715 017b 00       		.byte	0
 716 017c 0F       		.uleb128 0xf
 717 017d 04       		.byte	0x4
 718 017e 82010000 		.4byte	0x182
 719 0182 05       		.uleb128 0x5
 720 0183 2C000000 		.4byte	0x2c
 721 0187 10       		.uleb128 0x10
 722 0188 6C010000 		.4byte	0x16c
 723 018c 11       		.uleb128 0x11
 724 018d 19000000 		.4byte	.LASF26
 725 0191 01       		.byte	0x1
 726 0192 8901     		.2byte	0x189
 727 0194 6B000000 		.4byte	0x6b
 728 0198 00000000 		.4byte	.LFB6
 729 019c 30000000 		.4byte	.LFE6-.LFB6
 730 01a0 01       		.uleb128 0x1
 731 01a1 9C       		.byte	0x9c
 732 01a2 B6010000 		.4byte	0x1b6
 733 01a6 0A       		.uleb128 0xa
 734 01a7 3C030000 		.4byte	.LASF21
 735 01ab 01       		.byte	0x1
 736 01ac 8901     		.2byte	0x189
 737 01ae 6B000000 		.4byte	0x6b
 738 01b2 02       		.uleb128 0x2
 739 01b3 91       		.byte	0x91
 740 01b4 6F       		.sleb128 -17
 741 01b5 00       		.byte	0
ARM GAS  C:\Users\AARONW~1\AppData\Local\Temp\ccSIYJKi.s 			page 24


 742 01b6 0B       		.uleb128 0xb
 743 01b7 92020000 		.4byte	.LASF27
 744 01bb 01       		.byte	0x1
 745 01bc A101     		.2byte	0x1a1
 746 01be 6B000000 		.4byte	0x6b
 747 01c2 00000000 		.4byte	.LFB7
 748 01c6 2C000000 		.4byte	.LFE7-.LFB7
 749 01ca 01       		.uleb128 0x1
 750 01cb 9C       		.byte	0x9c
 751 01cc EF010000 		.4byte	0x1ef
 752 01d0 0A       		.uleb128 0xa
 753 01d1 3C030000 		.4byte	.LASF21
 754 01d5 01       		.byte	0x1
 755 01d6 A101     		.2byte	0x1a1
 756 01d8 6B000000 		.4byte	0x6b
 757 01dc 02       		.uleb128 0x2
 758 01dd 91       		.byte	0x91
 759 01de 6F       		.sleb128 -17
 760 01df 0C       		.uleb128 0xc
 761 01e0 9E010000 		.4byte	.LASF23
 762 01e4 01       		.byte	0x1
 763 01e5 A701     		.2byte	0x1a7
 764 01e7 6B000000 		.4byte	0x6b
 765 01eb 02       		.uleb128 0x2
 766 01ec 91       		.byte	0x91
 767 01ed 77       		.sleb128 -9
 768 01ee 00       		.byte	0
 769 01ef 12       		.uleb128 0x12
 770 01f0 DA020000 		.4byte	.LASF28
 771 01f4 01       		.byte	0x1
 772 01f5 D601     		.2byte	0x1d6
 773 01f7 00000000 		.4byte	.LFB8
 774 01fb 34000000 		.4byte	.LFE8-.LFB8
 775 01ff 01       		.uleb128 0x1
 776 0200 9C       		.byte	0x9c
 777 0201 33020000 		.4byte	0x233
 778 0205 0A       		.uleb128 0xa
 779 0206 3C030000 		.4byte	.LASF21
 780 020a 01       		.byte	0x1
 781 020b D601     		.2byte	0x1d6
 782 020d 6B000000 		.4byte	0x6b
 783 0211 02       		.uleb128 0x2
 784 0212 91       		.byte	0x91
 785 0213 6F       		.sleb128 -17
 786 0214 0A       		.uleb128 0xa
 787 0215 F6020000 		.4byte	.LASF29
 788 0219 01       		.byte	0x1
 789 021a D601     		.2byte	0x1d6
 790 021c 6B000000 		.4byte	0x6b
 791 0220 02       		.uleb128 0x2
 792 0221 91       		.byte	0x91
 793 0222 6E       		.sleb128 -18
 794 0223 0C       		.uleb128 0xc
 795 0224 00000000 		.4byte	.LASF30
 796 0228 01       		.byte	0x1
 797 0229 D901     		.2byte	0x1d9
 798 022b 6B000000 		.4byte	0x6b
ARM GAS  C:\Users\AARONW~1\AppData\Local\Temp\ccSIYJKi.s 			page 25


 799 022f 02       		.uleb128 0x2
 800 0230 91       		.byte	0x91
 801 0231 77       		.sleb128 -9
 802 0232 00       		.byte	0
 803 0233 0B       		.uleb128 0xb
 804 0234 0B030000 		.4byte	.LASF31
 805 0238 01       		.byte	0x1
 806 0239 0602     		.2byte	0x206
 807 023b 6B000000 		.4byte	0x6b
 808 023f 00000000 		.4byte	.LFB9
 809 0243 48000000 		.4byte	.LFE9-.LFB9
 810 0247 01       		.uleb128 0x1
 811 0248 9C       		.byte	0x9c
 812 0249 9C020000 		.4byte	0x29c
 813 024d 0A       		.uleb128 0xa
 814 024e 11000000 		.4byte	.LASF32
 815 0252 01       		.byte	0x1
 816 0253 0602     		.2byte	0x206
 817 0255 6B000000 		.4byte	0x6b
 818 0259 02       		.uleb128 0x2
 819 025a 91       		.byte	0x91
 820 025b 6F       		.sleb128 -17
 821 025c 0C       		.uleb128 0xc
 822 025d 50000000 		.4byte	.LASF33
 823 0261 01       		.byte	0x1
 824 0262 0802     		.2byte	0x208
 825 0264 6B000000 		.4byte	0x6b
 826 0268 02       		.uleb128 0x2
 827 0269 91       		.byte	0x91
 828 026a 75       		.sleb128 -11
 829 026b 0C       		.uleb128 0xc
 830 026c 61030000 		.4byte	.LASF34
 831 0270 01       		.byte	0x1
 832 0271 0902     		.2byte	0x209
 833 0273 6B000000 		.4byte	0x6b
 834 0277 02       		.uleb128 0x2
 835 0278 91       		.byte	0x91
 836 0279 76       		.sleb128 -10
 837 027a 0C       		.uleb128 0xc
 838 027b 08000000 		.4byte	.LASF35
 839 027f 01       		.byte	0x1
 840 0280 0A02     		.2byte	0x20a
 841 0282 6B000000 		.4byte	0x6b
 842 0286 02       		.uleb128 0x2
 843 0287 91       		.byte	0x91
 844 0288 77       		.sleb128 -9
 845 0289 0C       		.uleb128 0xc
 846 028a 21030000 		.4byte	.LASF36
 847 028e 01       		.byte	0x1
 848 028f 0C02     		.2byte	0x20c
 849 0291 9C020000 		.4byte	0x29c
 850 0295 05       		.uleb128 0x5
 851 0296 03       		.byte	0x3
 852 0297 08000000 		.4byte	outputStatusRegs.4899
 853 029b 00       		.byte	0
 854 029c 10       		.uleb128 0x10
 855 029d 6C010000 		.4byte	0x16c
ARM GAS  C:\Users\AARONW~1\AppData\Local\Temp\ccSIYJKi.s 			page 26


 856 02a1 08       		.uleb128 0x8
 857 02a2 7F000000 		.4byte	.LASF37
 858 02a6 01       		.byte	0x1
 859 02a7 31       		.byte	0x31
 860 02a8 B2020000 		.4byte	0x2b2
 861 02ac 05       		.uleb128 0x5
 862 02ad 03       		.byte	0x3
 863 02ae 00000000 		.4byte	interruptStatusMaskRegs
 864 02b2 10       		.uleb128 0x10
 865 02b3 6C010000 		.4byte	0x16c
 866 02b7 13       		.uleb128 0x13
 867 02b8 69030000 		.4byte	.LASF41
 868 02bc 01       		.byte	0x1
 869 02bd 2F       		.byte	0x2f
 870 02be 6B000000 		.4byte	0x6b
 871 02c2 05       		.uleb128 0x5
 872 02c3 03       		.byte	0x3
 873 02c4 00000000 		.4byte	SensorScan_initVar
 874 02c8 00       		.byte	0
 875              		.section	.debug_abbrev,"",%progbits
 876              	.Ldebug_abbrev0:
 877 0000 01       		.uleb128 0x1
 878 0001 11       		.uleb128 0x11
 879 0002 01       		.byte	0x1
 880 0003 25       		.uleb128 0x25
 881 0004 0E       		.uleb128 0xe
 882 0005 13       		.uleb128 0x13
 883 0006 0B       		.uleb128 0xb
 884 0007 03       		.uleb128 0x3
 885 0008 0E       		.uleb128 0xe
 886 0009 1B       		.uleb128 0x1b
 887 000a 0E       		.uleb128 0xe
 888 000b 55       		.uleb128 0x55
 889 000c 17       		.uleb128 0x17
 890 000d 11       		.uleb128 0x11
 891 000e 01       		.uleb128 0x1
 892 000f 10       		.uleb128 0x10
 893 0010 17       		.uleb128 0x17
 894 0011 00       		.byte	0
 895 0012 00       		.byte	0
 896 0013 02       		.uleb128 0x2
 897 0014 24       		.uleb128 0x24
 898 0015 00       		.byte	0
 899 0016 0B       		.uleb128 0xb
 900 0017 0B       		.uleb128 0xb
 901 0018 3E       		.uleb128 0x3e
 902 0019 0B       		.uleb128 0xb
 903 001a 03       		.uleb128 0x3
 904 001b 0E       		.uleb128 0xe
 905 001c 00       		.byte	0
 906 001d 00       		.byte	0
 907 001e 03       		.uleb128 0x3
 908 001f 24       		.uleb128 0x24
 909 0020 00       		.byte	0
 910 0021 0B       		.uleb128 0xb
 911 0022 0B       		.uleb128 0xb
 912 0023 3E       		.uleb128 0x3e
ARM GAS  C:\Users\AARONW~1\AppData\Local\Temp\ccSIYJKi.s 			page 27


 913 0024 0B       		.uleb128 0xb
 914 0025 03       		.uleb128 0x3
 915 0026 08       		.uleb128 0x8
 916 0027 00       		.byte	0
 917 0028 00       		.byte	0
 918 0029 04       		.uleb128 0x4
 919 002a 16       		.uleb128 0x16
 920 002b 00       		.byte	0
 921 002c 03       		.uleb128 0x3
 922 002d 0E       		.uleb128 0xe
 923 002e 3A       		.uleb128 0x3a
 924 002f 0B       		.uleb128 0xb
 925 0030 3B       		.uleb128 0x3b
 926 0031 05       		.uleb128 0x5
 927 0032 49       		.uleb128 0x49
 928 0033 13       		.uleb128 0x13
 929 0034 00       		.byte	0
 930 0035 00       		.byte	0
 931 0036 05       		.uleb128 0x5
 932 0037 35       		.uleb128 0x35
 933 0038 00       		.byte	0
 934 0039 49       		.uleb128 0x49
 935 003a 13       		.uleb128 0x13
 936 003b 00       		.byte	0
 937 003c 00       		.byte	0
 938 003d 06       		.uleb128 0x6
 939 003e 2E       		.uleb128 0x2e
 940 003f 00       		.byte	0
 941 0040 3F       		.uleb128 0x3f
 942 0041 19       		.uleb128 0x19
 943 0042 03       		.uleb128 0x3
 944 0043 0E       		.uleb128 0xe
 945 0044 3A       		.uleb128 0x3a
 946 0045 0B       		.uleb128 0xb
 947 0046 3B       		.uleb128 0x3b
 948 0047 0B       		.uleb128 0xb
 949 0048 27       		.uleb128 0x27
 950 0049 19       		.uleb128 0x19
 951 004a 11       		.uleb128 0x11
 952 004b 01       		.uleb128 0x1
 953 004c 12       		.uleb128 0x12
 954 004d 06       		.uleb128 0x6
 955 004e 40       		.uleb128 0x40
 956 004f 18       		.uleb128 0x18
 957 0050 9642     		.uleb128 0x2116
 958 0052 19       		.uleb128 0x19
 959 0053 00       		.byte	0
 960 0054 00       		.byte	0
 961 0055 07       		.uleb128 0x7
 962 0056 2E       		.uleb128 0x2e
 963 0057 01       		.byte	0x1
 964 0058 3F       		.uleb128 0x3f
 965 0059 19       		.uleb128 0x19
 966 005a 03       		.uleb128 0x3
 967 005b 0E       		.uleb128 0xe
 968 005c 3A       		.uleb128 0x3a
 969 005d 0B       		.uleb128 0xb
ARM GAS  C:\Users\AARONW~1\AppData\Local\Temp\ccSIYJKi.s 			page 28


 970 005e 3B       		.uleb128 0x3b
 971 005f 0B       		.uleb128 0xb
 972 0060 27       		.uleb128 0x27
 973 0061 19       		.uleb128 0x19
 974 0062 11       		.uleb128 0x11
 975 0063 01       		.uleb128 0x1
 976 0064 12       		.uleb128 0x12
 977 0065 06       		.uleb128 0x6
 978 0066 40       		.uleb128 0x40
 979 0067 18       		.uleb128 0x18
 980 0068 9642     		.uleb128 0x2116
 981 006a 19       		.uleb128 0x19
 982 006b 01       		.uleb128 0x1
 983 006c 13       		.uleb128 0x13
 984 006d 00       		.byte	0
 985 006e 00       		.byte	0
 986 006f 08       		.uleb128 0x8
 987 0070 34       		.uleb128 0x34
 988 0071 00       		.byte	0
 989 0072 03       		.uleb128 0x3
 990 0073 0E       		.uleb128 0xe
 991 0074 3A       		.uleb128 0x3a
 992 0075 0B       		.uleb128 0xb
 993 0076 3B       		.uleb128 0x3b
 994 0077 0B       		.uleb128 0xb
 995 0078 49       		.uleb128 0x49
 996 0079 13       		.uleb128 0x13
 997 007a 02       		.uleb128 0x2
 998 007b 18       		.uleb128 0x18
 999 007c 00       		.byte	0
 1000 007d 00       		.byte	0
 1001 007e 09       		.uleb128 0x9
 1002 007f 2E       		.uleb128 0x2e
 1003 0080 01       		.byte	0x1
 1004 0081 3F       		.uleb128 0x3f
 1005 0082 19       		.uleb128 0x19
 1006 0083 03       		.uleb128 0x3
 1007 0084 0E       		.uleb128 0xe
 1008 0085 3A       		.uleb128 0x3a
 1009 0086 0B       		.uleb128 0xb
 1010 0087 3B       		.uleb128 0x3b
 1011 0088 05       		.uleb128 0x5
 1012 0089 27       		.uleb128 0x27
 1013 008a 19       		.uleb128 0x19
 1014 008b 11       		.uleb128 0x11
 1015 008c 01       		.uleb128 0x1
 1016 008d 12       		.uleb128 0x12
 1017 008e 06       		.uleb128 0x6
 1018 008f 40       		.uleb128 0x40
 1019 0090 18       		.uleb128 0x18
 1020 0091 9642     		.uleb128 0x2116
 1021 0093 19       		.uleb128 0x19
 1022 0094 01       		.uleb128 0x1
 1023 0095 13       		.uleb128 0x13
 1024 0096 00       		.byte	0
 1025 0097 00       		.byte	0
 1026 0098 0A       		.uleb128 0xa
ARM GAS  C:\Users\AARONW~1\AppData\Local\Temp\ccSIYJKi.s 			page 29


 1027 0099 05       		.uleb128 0x5
 1028 009a 00       		.byte	0
 1029 009b 03       		.uleb128 0x3
 1030 009c 0E       		.uleb128 0xe
 1031 009d 3A       		.uleb128 0x3a
 1032 009e 0B       		.uleb128 0xb
 1033 009f 3B       		.uleb128 0x3b
 1034 00a0 05       		.uleb128 0x5
 1035 00a1 49       		.uleb128 0x49
 1036 00a2 13       		.uleb128 0x13
 1037 00a3 02       		.uleb128 0x2
 1038 00a4 18       		.uleb128 0x18
 1039 00a5 00       		.byte	0
 1040 00a6 00       		.byte	0
 1041 00a7 0B       		.uleb128 0xb
 1042 00a8 2E       		.uleb128 0x2e
 1043 00a9 01       		.byte	0x1
 1044 00aa 3F       		.uleb128 0x3f
 1045 00ab 19       		.uleb128 0x19
 1046 00ac 03       		.uleb128 0x3
 1047 00ad 0E       		.uleb128 0xe
 1048 00ae 3A       		.uleb128 0x3a
 1049 00af 0B       		.uleb128 0xb
 1050 00b0 3B       		.uleb128 0x3b
 1051 00b1 05       		.uleb128 0x5
 1052 00b2 27       		.uleb128 0x27
 1053 00b3 19       		.uleb128 0x19
 1054 00b4 49       		.uleb128 0x49
 1055 00b5 13       		.uleb128 0x13
 1056 00b6 11       		.uleb128 0x11
 1057 00b7 01       		.uleb128 0x1
 1058 00b8 12       		.uleb128 0x12
 1059 00b9 06       		.uleb128 0x6
 1060 00ba 40       		.uleb128 0x40
 1061 00bb 18       		.uleb128 0x18
 1062 00bc 9742     		.uleb128 0x2117
 1063 00be 19       		.uleb128 0x19
 1064 00bf 01       		.uleb128 0x1
 1065 00c0 13       		.uleb128 0x13
 1066 00c1 00       		.byte	0
 1067 00c2 00       		.byte	0
 1068 00c3 0C       		.uleb128 0xc
 1069 00c4 34       		.uleb128 0x34
 1070 00c5 00       		.byte	0
 1071 00c6 03       		.uleb128 0x3
 1072 00c7 0E       		.uleb128 0xe
 1073 00c8 3A       		.uleb128 0x3a
 1074 00c9 0B       		.uleb128 0xb
 1075 00ca 3B       		.uleb128 0x3b
 1076 00cb 05       		.uleb128 0x5
 1077 00cc 49       		.uleb128 0x49
 1078 00cd 13       		.uleb128 0x13
 1079 00ce 02       		.uleb128 0x2
 1080 00cf 18       		.uleb128 0x18
 1081 00d0 00       		.byte	0
 1082 00d1 00       		.byte	0
 1083 00d2 0D       		.uleb128 0xd
ARM GAS  C:\Users\AARONW~1\AppData\Local\Temp\ccSIYJKi.s 			page 30


 1084 00d3 01       		.uleb128 0x1
 1085 00d4 01       		.byte	0x1
 1086 00d5 49       		.uleb128 0x49
 1087 00d6 13       		.uleb128 0x13
 1088 00d7 01       		.uleb128 0x1
 1089 00d8 13       		.uleb128 0x13
 1090 00d9 00       		.byte	0
 1091 00da 00       		.byte	0
 1092 00db 0E       		.uleb128 0xe
 1093 00dc 21       		.uleb128 0x21
 1094 00dd 00       		.byte	0
 1095 00de 49       		.uleb128 0x49
 1096 00df 13       		.uleb128 0x13
 1097 00e0 2F       		.uleb128 0x2f
 1098 00e1 0B       		.uleb128 0xb
 1099 00e2 00       		.byte	0
 1100 00e3 00       		.byte	0
 1101 00e4 0F       		.uleb128 0xf
 1102 00e5 0F       		.uleb128 0xf
 1103 00e6 00       		.byte	0
 1104 00e7 0B       		.uleb128 0xb
 1105 00e8 0B       		.uleb128 0xb
 1106 00e9 49       		.uleb128 0x49
 1107 00ea 13       		.uleb128 0x13
 1108 00eb 00       		.byte	0
 1109 00ec 00       		.byte	0
 1110 00ed 10       		.uleb128 0x10
 1111 00ee 26       		.uleb128 0x26
 1112 00ef 00       		.byte	0
 1113 00f0 49       		.uleb128 0x49
 1114 00f1 13       		.uleb128 0x13
 1115 00f2 00       		.byte	0
 1116 00f3 00       		.byte	0
 1117 00f4 11       		.uleb128 0x11
 1118 00f5 2E       		.uleb128 0x2e
 1119 00f6 01       		.byte	0x1
 1120 00f7 3F       		.uleb128 0x3f
 1121 00f8 19       		.uleb128 0x19
 1122 00f9 03       		.uleb128 0x3
 1123 00fa 0E       		.uleb128 0xe
 1124 00fb 3A       		.uleb128 0x3a
 1125 00fc 0B       		.uleb128 0xb
 1126 00fd 3B       		.uleb128 0x3b
 1127 00fe 05       		.uleb128 0x5
 1128 00ff 27       		.uleb128 0x27
 1129 0100 19       		.uleb128 0x19
 1130 0101 49       		.uleb128 0x49
 1131 0102 13       		.uleb128 0x13
 1132 0103 11       		.uleb128 0x11
 1133 0104 01       		.uleb128 0x1
 1134 0105 12       		.uleb128 0x12
 1135 0106 06       		.uleb128 0x6
 1136 0107 40       		.uleb128 0x40
 1137 0108 18       		.uleb128 0x18
 1138 0109 9642     		.uleb128 0x2116
 1139 010b 19       		.uleb128 0x19
 1140 010c 01       		.uleb128 0x1
ARM GAS  C:\Users\AARONW~1\AppData\Local\Temp\ccSIYJKi.s 			page 31


 1141 010d 13       		.uleb128 0x13
 1142 010e 00       		.byte	0
 1143 010f 00       		.byte	0
 1144 0110 12       		.uleb128 0x12
 1145 0111 2E       		.uleb128 0x2e
 1146 0112 01       		.byte	0x1
 1147 0113 3F       		.uleb128 0x3f
 1148 0114 19       		.uleb128 0x19
 1149 0115 03       		.uleb128 0x3
 1150 0116 0E       		.uleb128 0xe
 1151 0117 3A       		.uleb128 0x3a
 1152 0118 0B       		.uleb128 0xb
 1153 0119 3B       		.uleb128 0x3b
 1154 011a 05       		.uleb128 0x5
 1155 011b 27       		.uleb128 0x27
 1156 011c 19       		.uleb128 0x19
 1157 011d 11       		.uleb128 0x11
 1158 011e 01       		.uleb128 0x1
 1159 011f 12       		.uleb128 0x12
 1160 0120 06       		.uleb128 0x6
 1161 0121 40       		.uleb128 0x40
 1162 0122 18       		.uleb128 0x18
 1163 0123 9742     		.uleb128 0x2117
 1164 0125 19       		.uleb128 0x19
 1165 0126 01       		.uleb128 0x1
 1166 0127 13       		.uleb128 0x13
 1167 0128 00       		.byte	0
 1168 0129 00       		.byte	0
 1169 012a 13       		.uleb128 0x13
 1170 012b 34       		.uleb128 0x34
 1171 012c 00       		.byte	0
 1172 012d 03       		.uleb128 0x3
 1173 012e 0E       		.uleb128 0xe
 1174 012f 3A       		.uleb128 0x3a
 1175 0130 0B       		.uleb128 0xb
 1176 0131 3B       		.uleb128 0x3b
 1177 0132 0B       		.uleb128 0xb
 1178 0133 49       		.uleb128 0x49
 1179 0134 13       		.uleb128 0x13
 1180 0135 3F       		.uleb128 0x3f
 1181 0136 19       		.uleb128 0x19
 1182 0137 02       		.uleb128 0x2
 1183 0138 18       		.uleb128 0x18
 1184 0139 00       		.byte	0
 1185 013a 00       		.byte	0
 1186 013b 00       		.byte	0
 1187              		.section	.debug_aranges,"",%progbits
 1188 0000 64000000 		.4byte	0x64
 1189 0004 0200     		.2byte	0x2
 1190 0006 00000000 		.4byte	.Ldebug_info0
 1191 000a 04       		.byte	0x4
 1192 000b 00       		.byte	0
 1193 000c 0000     		.2byte	0
 1194 000e 0000     		.2byte	0
 1195 0010 00000000 		.4byte	.LFB0
 1196 0014 20000000 		.4byte	.LFE0-.LFB0
 1197 0018 00000000 		.4byte	.LFB1
ARM GAS  C:\Users\AARONW~1\AppData\Local\Temp\ccSIYJKi.s 			page 32


 1198 001c 0A000000 		.4byte	.LFE1-.LFB1
 1199 0020 00000000 		.4byte	.LFB2
 1200 0024 14000000 		.4byte	.LFE2-.LFB2
 1201 0028 00000000 		.4byte	.LFB3
 1202 002c 5C000000 		.4byte	.LFE3-.LFB3
 1203 0030 00000000 		.4byte	.LFB4
 1204 0034 18000000 		.4byte	.LFE4-.LFB4
 1205 0038 00000000 		.4byte	.LFB5
 1206 003c 34000000 		.4byte	.LFE5-.LFB5
 1207 0040 00000000 		.4byte	.LFB6
 1208 0044 30000000 		.4byte	.LFE6-.LFB6
 1209 0048 00000000 		.4byte	.LFB7
 1210 004c 2C000000 		.4byte	.LFE7-.LFB7
 1211 0050 00000000 		.4byte	.LFB8
 1212 0054 34000000 		.4byte	.LFE8-.LFB8
 1213 0058 00000000 		.4byte	.LFB9
 1214 005c 48000000 		.4byte	.LFE9-.LFB9
 1215 0060 00000000 		.4byte	0
 1216 0064 00000000 		.4byte	0
 1217              		.section	.debug_ranges,"",%progbits
 1218              	.Ldebug_ranges0:
 1219 0000 00000000 		.4byte	.LFB0
 1220 0004 20000000 		.4byte	.LFE0
 1221 0008 00000000 		.4byte	.LFB1
 1222 000c 0A000000 		.4byte	.LFE1
 1223 0010 00000000 		.4byte	.LFB2
 1224 0014 14000000 		.4byte	.LFE2
 1225 0018 00000000 		.4byte	.LFB3
 1226 001c 5C000000 		.4byte	.LFE3
 1227 0020 00000000 		.4byte	.LFB4
 1228 0024 18000000 		.4byte	.LFE4
 1229 0028 00000000 		.4byte	.LFB5
 1230 002c 34000000 		.4byte	.LFE5
 1231 0030 00000000 		.4byte	.LFB6
 1232 0034 30000000 		.4byte	.LFE6
 1233 0038 00000000 		.4byte	.LFB7
 1234 003c 2C000000 		.4byte	.LFE7
 1235 0040 00000000 		.4byte	.LFB8
 1236 0044 34000000 		.4byte	.LFE8
 1237 0048 00000000 		.4byte	.LFB9
 1238 004c 48000000 		.4byte	.LFE9
 1239 0050 00000000 		.4byte	0
 1240 0054 00000000 		.4byte	0
 1241              		.section	.debug_line,"",%progbits
 1242              	.Ldebug_line0:
 1243 0000 29010000 		.section	.debug_str,"MS",%progbits,1
 1243      02004700 
 1243      00000201 
 1243      FB0E0D00 
 1243      01010101 
 1244              	.LASF30:
 1245 0000 6D61736B 		.ascii	"maskLsb\000"
 1245      4C736200 
 1246              	.LASF35:
 1247 0008 626C6F63 		.ascii	"blockNum\000"
 1247      6B4E756D 
 1247      00
ARM GAS  C:\Users\AARONW~1\AppData\Local\Temp\ccSIYJKi.s 			page 33


 1248              	.LASF32:
 1249 0011 6368616E 		.ascii	"channel\000"
 1249      6E656C00 
 1250              	.LASF26:
 1251 0019 53656E73 		.ascii	"SensorScan_GetInterruptSourceMasked\000"
 1251      6F725363 
 1251      616E5F47 
 1251      6574496E 
 1251      74657272 
 1252              	.LASF3:
 1253 003d 73686F72 		.ascii	"short unsigned int\000"
 1253      7420756E 
 1253      7369676E 
 1253      65642069 
 1253      6E7400
 1254              	.LASF33:
 1255 0050 636F6D70 		.ascii	"compVal\000"
 1255      56616C00 
 1256              	.LASF15:
 1257 0058 53656E73 		.ascii	"SensorScan_Start\000"
 1257      6F725363 
 1257      616E5F53 
 1257      74617274 
 1257      00
 1258              	.LASF16:
 1259 0069 53656E73 		.ascii	"SensorScan_Init\000"
 1259      6F725363 
 1259      616E5F49 
 1259      6E697400 
 1260              	.LASF9:
 1261 0079 666C6F61 		.ascii	"float\000"
 1261      7400
 1262              	.LASF37:
 1263 007f 696E7465 		.ascii	"interruptStatusMaskRegs\000"
 1263      72727570 
 1263      74537461 
 1263      7475734D 
 1263      61736B52 
 1264              	.LASF1:
 1265 0097 756E7369 		.ascii	"unsigned char\000"
 1265      676E6564 
 1265      20636861 
 1265      7200
 1266              	.LASF13:
 1267 00a5 72656738 		.ascii	"reg8\000"
 1267      00
 1268              	.LASF22:
 1269 00aa 696E7465 		.ascii	"interruptState\000"
 1269      72727570 
 1269      74537461 
 1269      746500
 1270              	.LASF5:
 1271 00b9 6C6F6E67 		.ascii	"long unsigned int\000"
 1271      20756E73 
 1271      69676E65 
 1271      6420696E 
 1271      7400
ARM GAS  C:\Users\AARONW~1\AppData\Local\Temp\ccSIYJKi.s 			page 34


 1272              	.LASF12:
 1273 00cb 75696E74 		.ascii	"uint8\000"
 1273      3800
 1274              	.LASF19:
 1275 00d1 53656E73 		.ascii	"SensorScan_SetSpeed\000"
 1275      6F725363 
 1275      616E5F53 
 1275      65745370 
 1275      65656400 
 1276              	.LASF39:
 1277 00e5 47656E65 		.ascii	"Generated_Source\\PSoC5\\SensorScan.c\000"
 1277      72617465 
 1277      645F536F 
 1277      75726365 
 1277      5C50536F 
 1278              	.LASF38:
 1279 0109 474E5520 		.ascii	"GNU C 4.9.3 20150303 (release) [ARM/embedded-4_9-br"
 1279      4320342E 
 1279      392E3320 
 1279      32303135 
 1279      30333033 
 1280 013c 616E6368 		.ascii	"anch revision 221220] -mcpu=cortex-m3 -mthumb -g -O"
 1280      20726576 
 1280      6973696F 
 1280      6E203232 
 1280      31323230 
 1281 016f 30202D66 		.ascii	"0 -ffunction-sections -ffat-lto-objects\000"
 1281      66756E63 
 1281      74696F6E 
 1281      2D736563 
 1281      74696F6E 
 1282              	.LASF10:
 1283 0197 646F7562 		.ascii	"double\000"
 1283      6C6500
 1284              	.LASF23:
 1285 019e 696E7453 		.ascii	"intSrc\000"
 1285      726300
 1286              	.LASF8:
 1287 01a5 756E7369 		.ascii	"unsigned int\000"
 1287      676E6564 
 1287      20696E74 
 1287      00
 1288              	.LASF7:
 1289 01b2 6C6F6E67 		.ascii	"long long unsigned int\000"
 1289      206C6F6E 
 1289      6720756E 
 1289      7369676E 
 1289      65642069 
 1290              	.LASF40:
 1291 01c9 433A5C55 		.ascii	"C:\\Users\\Aaron Wubshet\\Google Drive\\1 College\\"
 1291      73657273 
 1291      5C416172 
 1291      6F6E2057 
 1291      75627368 
 1292 01f7 3220536F 		.ascii	"2 Sophomore Year\\3 SPRING\\6.115\\Final Project PS"
 1292      70686F6D 
 1292      6F726520 
ARM GAS  C:\Users\AARONW~1\AppData\Local\Temp\ccSIYJKi.s 			page 35


 1292      59656172 
 1292      5C332053 
 1293 0227 6F432057 		.ascii	"oC Workspace\\Final Project\\External_LCD_Display.c"
 1293      6F726B73 
 1293      70616365 
 1293      5C46696E 
 1293      616C2050 
 1294 0258 7964736E 		.ascii	"ydsn\000"
 1294      00
 1295              	.LASF24:
 1296 025d 696E7465 		.ascii	"interruptStatusRegs\000"
 1296      72727570 
 1296      74537461 
 1296      74757352 
 1296      65677300 
 1297              	.LASF18:
 1298 0271 53656E73 		.ascii	"SensorScan_Enable\000"
 1298      6F725363 
 1298      616E5F45 
 1298      6E61626C 
 1298      6500
 1299              	.LASF20:
 1300 0283 73706565 		.ascii	"speed\000"
 1300      6400
 1301              	.LASF14:
 1302 0289 73697A65 		.ascii	"sizetype\000"
 1302      74797065 
 1302      00
 1303              	.LASF27:
 1304 0292 53656E73 		.ascii	"SensorScan_GetInterruptMask\000"
 1304      6F725363 
 1304      616E5F47 
 1304      6574496E 
 1304      74657272 
 1305              	.LASF25:
 1306 02ae 53656E73 		.ascii	"SensorScan_GetInterruptSource\000"
 1306      6F725363 
 1306      616E5F47 
 1306      6574496E 
 1306      74657272 
 1307              	.LASF6:
 1308 02cc 6C6F6E67 		.ascii	"long long int\000"
 1308      206C6F6E 
 1308      6720696E 
 1308      7400
 1309              	.LASF28:
 1310 02da 53656E73 		.ascii	"SensorScan_SetInterruptMask\000"
 1310      6F725363 
 1310      616E5F53 
 1310      6574496E 
 1310      74657272 
 1311              	.LASF29:
 1312 02f6 6D61736B 		.ascii	"mask\000"
 1312      00
 1313              	.LASF17:
 1314 02fb 53656E73 		.ascii	"SensorScan_Stop\000"
 1314      6F725363 
ARM GAS  C:\Users\AARONW~1\AppData\Local\Temp\ccSIYJKi.s 			page 36


 1314      616E5F53 
 1314      746F7000 
 1315              	.LASF31:
 1316 030b 53656E73 		.ascii	"SensorScan_GetCompare\000"
 1316      6F725363 
 1316      616E5F47 
 1316      6574436F 
 1316      6D706172 
 1317              	.LASF36:
 1318 0321 6F757470 		.ascii	"outputStatusRegs\000"
 1318      75745374 
 1318      61747573 
 1318      52656773 
 1318      00
 1319              	.LASF2:
 1320 0332 73686F72 		.ascii	"short int\000"
 1320      7420696E 
 1320      7400
 1321              	.LASF21:
 1322 033c 696E7075 		.ascii	"inputBlock\000"
 1322      74426C6F 
 1322      636B00
 1323              	.LASF4:
 1324 0347 6C6F6E67 		.ascii	"long int\000"
 1324      20696E74 
 1324      00
 1325              	.LASF11:
 1326 0350 63686172 		.ascii	"char\000"
 1326      00
 1327              	.LASF0:
 1328 0355 7369676E 		.ascii	"signed char\000"
 1328      65642063 
 1328      68617200 
 1329              	.LASF34:
 1330 0361 6368616E 		.ascii	"chanPos\000"
 1330      506F7300 
 1331              	.LASF41:
 1332 0369 53656E73 		.ascii	"SensorScan_initVar\000"
 1332      6F725363 
 1332      616E5F69 
 1332      6E697456 
 1332      617200
 1333              		.ident	"GCC: (GNU Tools for ARM Embedded Processors) 4.9.3 20150303 (release) [ARM/embedded-4_9-br
