ARM GAS  C:\Users\AARONW~1\AppData\Local\Temp\ccC8L4ks.s 			page 1


   1              		.syntax unified
   2              		.cpu cortex-m3
   3              		.fpu softvfp
   4              		.eabi_attribute 20, 1
   5              		.eabi_attribute 21, 1
   6              		.eabi_attribute 23, 3
   7              		.eabi_attribute 24, 1
   8              		.eabi_attribute 25, 1
   9              		.eabi_attribute 26, 1
  10              		.eabi_attribute 30, 6
  11              		.eabi_attribute 34, 1
  12              		.eabi_attribute 18, 4
  13              		.thumb
  14              		.file	"SinWave.c"
  15              		.text
  16              	.Ltext0:
  17              		.cfi_sections	.debug_frame
  18              		.global	SinWave_initVar
  19              		.bss
  20              		.type	SinWave_initVar, %object
  21              		.size	SinWave_initVar, 1
  22              	SinWave_initVar:
  23 0000 00       		.space	1
  24              		.global	SinWave_wave1
  25              		.section	.rodata
  26              		.align	2
  27              		.type	SinWave_wave1, %object
  28              		.size	SinWave_wave1, 25
  29              	SinWave_wave1:
  30 0000 80       		.byte	-128
  31 0001 9F       		.byte	-97
  32 0002 BC       		.byte	-68
  33 0003 D5       		.byte	-43
  34 0004 E9       		.byte	-23
  35 0005 F6       		.byte	-10
  36 0006 FC       		.byte	-4
  37 0007 FA       		.byte	-6
  38 0008 F1       		.byte	-15
  39 0009 E0       		.byte	-32
  40 000a C9       		.byte	-55
  41 000b AE       		.byte	-82
  42 000c 8F       		.byte	-113
  43 000d 70       		.byte	112
  44 000e 51       		.byte	81
  45 000f 36       		.byte	54
  46 0010 1F       		.byte	31
  47 0011 0E       		.byte	14
  48 0012 05       		.byte	5
  49 0013 03       		.byte	3
  50 0014 09       		.byte	9
  51 0015 16       		.byte	22
  52 0016 2A       		.byte	42
  53 0017 43       		.byte	67
  54 0018 60       		.byte	96
  55              		.global	SinWave_wave2
  56 0019 000000   		.align	2
  57              		.type	SinWave_wave2, %object
ARM GAS  C:\Users\AARONW~1\AppData\Local\Temp\ccC8L4ks.s 			page 2


  58              		.size	SinWave_wave2, 100
  59              	SinWave_wave2:
  60 001c 80       		.byte	-128
  61 001d 84       		.byte	-124
  62 001e 8A       		.byte	-118
  63 001f 8F       		.byte	-113
  64 0020 94       		.byte	-108
  65 0021 98       		.byte	-104
  66 0022 9E       		.byte	-98
  67 0023 A2       		.byte	-94
  68 0024 A8       		.byte	-88
  69 0025 AC       		.byte	-84
  70 0026 B2       		.byte	-78
  71 0027 B6       		.byte	-74
  72 0028 BC       		.byte	-68
  73 0029 C0       		.byte	-64
  74 002a C6       		.byte	-58
  75 002b CA       		.byte	-54
  76 002c D0       		.byte	-48
  77 002d D5       		.byte	-43
  78 002e DA       		.byte	-38
  79 002f DE       		.byte	-34
  80 0030 E4       		.byte	-28
  81 0031 E8       		.byte	-24
  82 0032 EE       		.byte	-18
  83 0033 F2       		.byte	-14
  84 0034 F8       		.byte	-8
  85 0035 FC       		.byte	-4
  86 0036 F8       		.byte	-8
  87 0037 F2       		.byte	-14
  88 0038 EE       		.byte	-18
  89 0039 E8       		.byte	-24
  90 003a E4       		.byte	-28
  91 003b DE       		.byte	-34
  92 003c DA       		.byte	-38
  93 003d D4       		.byte	-44
  94 003e D0       		.byte	-48
  95 003f CA       		.byte	-54
  96 0040 C6       		.byte	-58
  97 0041 C0       		.byte	-64
  98 0042 BC       		.byte	-68
  99 0043 B6       		.byte	-74
 100 0044 B2       		.byte	-78
 101 0045 AD       		.byte	-83
 102 0046 A8       		.byte	-88
 103 0047 A2       		.byte	-94
 104 0048 9E       		.byte	-98
 105 0049 98       		.byte	-104
 106 004a 94       		.byte	-108
 107 004b 8F       		.byte	-113
 108 004c 8A       		.byte	-118
 109 004d 84       		.byte	-124
 110 004e 80       		.byte	-128
 111 004f 7A       		.byte	122
 112 0050 76       		.byte	118
 113 0051 70       		.byte	112
 114 0052 6B       		.byte	107
ARM GAS  C:\Users\AARONW~1\AppData\Local\Temp\ccC8L4ks.s 			page 3


 115 0053 66       		.byte	102
 116 0054 61       		.byte	97
 117 0055 5D       		.byte	93
 118 0056 58       		.byte	88
 119 0057 53       		.byte	83
 120 0058 4E       		.byte	78
 121 0059 49       		.byte	73
 122 005a 44       		.byte	68
 123 005b 3E       		.byte	62
 124 005c 39       		.byte	57
 125 005d 34       		.byte	52
 126 005e 2F       		.byte	47
 127 005f 2A       		.byte	42
 128 0060 25       		.byte	37
 129 0061 21       		.byte	33
 130 0062 1C       		.byte	28
 131 0063 17       		.byte	23
 132 0064 12       		.byte	18
 133 0065 0D       		.byte	13
 134 0066 08       		.byte	8
 135 0067 03       		.byte	3
 136 0068 08       		.byte	8
 137 0069 0D       		.byte	13
 138 006a 12       		.byte	18
 139 006b 17       		.byte	23
 140 006c 1C       		.byte	28
 141 006d 21       		.byte	33
 142 006e 25       		.byte	37
 143 006f 2A       		.byte	42
 144 0070 2F       		.byte	47
 145 0071 34       		.byte	52
 146 0072 39       		.byte	57
 147 0073 3E       		.byte	62
 148 0074 44       		.byte	68
 149 0075 49       		.byte	73
 150 0076 4E       		.byte	78
 151 0077 53       		.byte	83
 152 0078 58       		.byte	88
 153 0079 5D       		.byte	93
 154 007a 61       		.byte	97
 155 007b 66       		.byte	102
 156 007c 6B       		.byte	107
 157 007d 70       		.byte	112
 158 007e 76       		.byte	118
 159 007f 7A       		.byte	122
 160              		.bss
 161              	SinWave_Wave1Chan:
 162 0001 00       		.space	1
 163              	SinWave_Wave2Chan:
 164 0002 00       		.space	1
 165              	SinWave_Wave1TD:
 166 0003 00       		.space	1
 167              	SinWave_Wave2TD:
 168 0004 00       		.space	1
 169              		.section	.text.SinWave_Init,"ax",%progbits
 170              		.align	2
 171              		.global	SinWave_Init
ARM GAS  C:\Users\AARONW~1\AppData\Local\Temp\ccC8L4ks.s 			page 4


 172              		.thumb
 173              		.thumb_func
 174              		.type	SinWave_Init, %function
 175              	SinWave_Init:
 176              	.LFB0:
 177              		.file 1 "Generated_Source\\PSoC5\\SinWave.c"
   1:Generated_Source\PSoC5/SinWave.c **** /*******************************************************************************
   2:Generated_Source\PSoC5/SinWave.c **** * File Name: SinWave.c
   3:Generated_Source\PSoC5/SinWave.c **** * Version 2.10
   4:Generated_Source\PSoC5/SinWave.c **** *
   5:Generated_Source\PSoC5/SinWave.c **** * Description:
   6:Generated_Source\PSoC5/SinWave.c **** *  This file provides the source code for the 8-bit Waveform DAC 
   7:Generated_Source\PSoC5/SinWave.c **** *  (WaveDAC8) Component.
   8:Generated_Source\PSoC5/SinWave.c **** *
   9:Generated_Source\PSoC5/SinWave.c **** ********************************************************************************
  10:Generated_Source\PSoC5/SinWave.c **** * Copyright 2013, Cypress Semiconductor Corporation.  All rights reserved.
  11:Generated_Source\PSoC5/SinWave.c **** * You may use this file only in accordance with the license, terms, conditions,
  12:Generated_Source\PSoC5/SinWave.c **** * disclaimers, and limitations in the end user license agreement accompanying
  13:Generated_Source\PSoC5/SinWave.c **** * the software package with which this file was provided.
  14:Generated_Source\PSoC5/SinWave.c **** *******************************************************************************/
  15:Generated_Source\PSoC5/SinWave.c **** 
  16:Generated_Source\PSoC5/SinWave.c **** #include "SinWave.h"
  17:Generated_Source\PSoC5/SinWave.c **** 
  18:Generated_Source\PSoC5/SinWave.c **** uint8  SinWave_initVar = 0u;
  19:Generated_Source\PSoC5/SinWave.c **** 
  20:Generated_Source\PSoC5/SinWave.c **** const uint8 CYCODE SinWave_wave1[SinWave_WAVE1_LENGTH] = { 128u,159u,188u,213u,233u,246u,252u,250u,
  21:Generated_Source\PSoC5/SinWave.c **** const uint8 CYCODE SinWave_wave2[SinWave_WAVE2_LENGTH] = { 128u,132u,138u,143u,148u,152u,158u,162u,
  22:Generated_Source\PSoC5/SinWave.c **** 
  23:Generated_Source\PSoC5/SinWave.c **** static uint8  SinWave_Wave1Chan;
  24:Generated_Source\PSoC5/SinWave.c **** static uint8  SinWave_Wave2Chan;
  25:Generated_Source\PSoC5/SinWave.c **** static uint8  SinWave_Wave1TD;
  26:Generated_Source\PSoC5/SinWave.c **** static uint8  SinWave_Wave2TD;
  27:Generated_Source\PSoC5/SinWave.c **** 
  28:Generated_Source\PSoC5/SinWave.c **** 
  29:Generated_Source\PSoC5/SinWave.c **** /*******************************************************************************
  30:Generated_Source\PSoC5/SinWave.c **** * Function Name: SinWave_Init
  31:Generated_Source\PSoC5/SinWave.c **** ********************************************************************************
  32:Generated_Source\PSoC5/SinWave.c **** *
  33:Generated_Source\PSoC5/SinWave.c **** * Summary:
  34:Generated_Source\PSoC5/SinWave.c **** *  Initializes component with parameters set in the customizer.
  35:Generated_Source\PSoC5/SinWave.c **** *
  36:Generated_Source\PSoC5/SinWave.c **** * Parameters:  
  37:Generated_Source\PSoC5/SinWave.c **** *  None
  38:Generated_Source\PSoC5/SinWave.c **** *
  39:Generated_Source\PSoC5/SinWave.c **** * Return: 
  40:Generated_Source\PSoC5/SinWave.c **** *  None
  41:Generated_Source\PSoC5/SinWave.c **** *
  42:Generated_Source\PSoC5/SinWave.c **** *******************************************************************************/
  43:Generated_Source\PSoC5/SinWave.c **** void SinWave_Init(void) 
  44:Generated_Source\PSoC5/SinWave.c **** {
 178              		.loc 1 44 0
 179              		.cfi_startproc
 180              		@ args = 0, pretend = 0, frame = 0
 181              		@ frame_needed = 1, uses_anonymous_args = 0
 182 0000 80B5     		push	{r7, lr}
 183              		.cfi_def_cfa_offset 8
 184              		.cfi_offset 7, -8
ARM GAS  C:\Users\AARONW~1\AppData\Local\Temp\ccC8L4ks.s 			page 5


 185              		.cfi_offset 14, -4
 186 0002 00AF     		add	r7, sp, #0
 187              		.cfi_def_cfa_register 7
  45:Generated_Source\PSoC5/SinWave.c **** 	SinWave_VDAC8_Init();
 188              		.loc 1 45 0
 189 0004 FFF7FEFF 		bl	SinWave_VDAC8_Init
  46:Generated_Source\PSoC5/SinWave.c **** 	SinWave_VDAC8_SetSpeed(SinWave_HIGHSPEED);
 190              		.loc 1 46 0
 191 0008 0220     		movs	r0, #2
 192 000a FFF7FEFF 		bl	SinWave_VDAC8_SetSpeed
  47:Generated_Source\PSoC5/SinWave.c **** 	SinWave_VDAC8_SetRange(SinWave_DAC_RANGE);
 193              		.loc 1 47 0
 194 000e 0420     		movs	r0, #4
 195 0010 FFF7FEFF 		bl	SinWave_VDAC8_SetRange
  48:Generated_Source\PSoC5/SinWave.c **** 
  49:Generated_Source\PSoC5/SinWave.c **** 	#if(SinWave_DAC_MODE == SinWave_CURRENT_MODE)
  50:Generated_Source\PSoC5/SinWave.c **** 		SinWave_IDAC8_SetPolarity(SinWave_DAC_POL);
  51:Generated_Source\PSoC5/SinWave.c **** 	#endif /* SinWave_DAC_MODE == SinWave_CURRENT_MODE */
  52:Generated_Source\PSoC5/SinWave.c **** 
  53:Generated_Source\PSoC5/SinWave.c **** 	#if(SinWave_OUT_MODE == SinWave_BUFFER_MODE)
  54:Generated_Source\PSoC5/SinWave.c **** 	   SinWave_BuffAmp_Init();
 196              		.loc 1 54 0
 197 0014 FFF7FEFF 		bl	SinWave_BuffAmp_Init
  55:Generated_Source\PSoC5/SinWave.c **** 	#endif /* SinWave_OUT_MODE == SinWave_BUFFER_MODE */
  56:Generated_Source\PSoC5/SinWave.c **** 
  57:Generated_Source\PSoC5/SinWave.c **** 	/* Get the TD Number for the DMA channel 1 and 2   */
  58:Generated_Source\PSoC5/SinWave.c **** 	SinWave_Wave1TD = CyDmaTdAllocate();
 198              		.loc 1 58 0
 199 0018 FFF7FEFF 		bl	CyDmaTdAllocate
 200 001c 0346     		mov	r3, r0
 201 001e 1A46     		mov	r2, r3
 202 0020 084B     		ldr	r3, .L2
 203 0022 1A70     		strb	r2, [r3]
  59:Generated_Source\PSoC5/SinWave.c **** 	SinWave_Wave2TD = CyDmaTdAllocate();
 204              		.loc 1 59 0
 205 0024 FFF7FEFF 		bl	CyDmaTdAllocate
 206 0028 0346     		mov	r3, r0
 207 002a 1A46     		mov	r2, r3
 208 002c 064B     		ldr	r3, .L2+4
 209 002e 1A70     		strb	r2, [r3]
  60:Generated_Source\PSoC5/SinWave.c **** 	
  61:Generated_Source\PSoC5/SinWave.c **** 	/* Initialize waveform pointers  */
  62:Generated_Source\PSoC5/SinWave.c **** 	SinWave_Wave1Setup(SinWave_wave1, SinWave_WAVE1_LENGTH) ;
 210              		.loc 1 62 0
 211 0030 0648     		ldr	r0, .L2+8
 212 0032 1921     		movs	r1, #25
 213 0034 FFF7FEFF 		bl	SinWave_Wave1Setup
  63:Generated_Source\PSoC5/SinWave.c **** 	SinWave_Wave2Setup(SinWave_wave2, SinWave_WAVE2_LENGTH) ;
 214              		.loc 1 63 0
 215 0038 0548     		ldr	r0, .L2+12
 216 003a 6421     		movs	r1, #100
 217 003c FFF7FEFF 		bl	SinWave_Wave2Setup
  64:Generated_Source\PSoC5/SinWave.c **** 	
  65:Generated_Source\PSoC5/SinWave.c **** 	/* Initialize the internal clock if one present  */
  66:Generated_Source\PSoC5/SinWave.c **** 	#if defined(SinWave_DacClk_PHASE)
  67:Generated_Source\PSoC5/SinWave.c **** 	   SinWave_DacClk_SetPhase(SinWave_CLK_PHASE_0nS);
  68:Generated_Source\PSoC5/SinWave.c **** 	#endif /* defined(SinWave_DacClk_PHASE) */
ARM GAS  C:\Users\AARONW~1\AppData\Local\Temp\ccC8L4ks.s 			page 6


  69:Generated_Source\PSoC5/SinWave.c **** }
 218              		.loc 1 69 0
 219 0040 80BD     		pop	{r7, pc}
 220              	.L3:
 221 0042 00BF     		.align	2
 222              	.L2:
 223 0044 03000000 		.word	SinWave_Wave1TD
 224 0048 04000000 		.word	SinWave_Wave2TD
 225 004c 00000000 		.word	SinWave_wave1
 226 0050 00000000 		.word	SinWave_wave2
 227              		.cfi_endproc
 228              	.LFE0:
 229              		.size	SinWave_Init, .-SinWave_Init
 230              		.section	.text.SinWave_Enable,"ax",%progbits
 231              		.align	2
 232              		.global	SinWave_Enable
 233              		.thumb
 234              		.thumb_func
 235              		.type	SinWave_Enable, %function
 236              	SinWave_Enable:
 237              	.LFB1:
  70:Generated_Source\PSoC5/SinWave.c **** 
  71:Generated_Source\PSoC5/SinWave.c **** 
  72:Generated_Source\PSoC5/SinWave.c **** /*******************************************************************************
  73:Generated_Source\PSoC5/SinWave.c **** * Function Name: SinWave_Enable
  74:Generated_Source\PSoC5/SinWave.c **** ********************************************************************************
  75:Generated_Source\PSoC5/SinWave.c **** *  
  76:Generated_Source\PSoC5/SinWave.c **** * Summary: 
  77:Generated_Source\PSoC5/SinWave.c **** *  Enables the DAC block and DMA operation.
  78:Generated_Source\PSoC5/SinWave.c **** *
  79:Generated_Source\PSoC5/SinWave.c **** * Parameters:  
  80:Generated_Source\PSoC5/SinWave.c **** *  None
  81:Generated_Source\PSoC5/SinWave.c **** *
  82:Generated_Source\PSoC5/SinWave.c **** * Return: 
  83:Generated_Source\PSoC5/SinWave.c **** *  None
  84:Generated_Source\PSoC5/SinWave.c **** *
  85:Generated_Source\PSoC5/SinWave.c **** *******************************************************************************/
  86:Generated_Source\PSoC5/SinWave.c **** void SinWave_Enable(void) 
  87:Generated_Source\PSoC5/SinWave.c **** {
 238              		.loc 1 87 0
 239              		.cfi_startproc
 240              		@ args = 0, pretend = 0, frame = 0
 241              		@ frame_needed = 1, uses_anonymous_args = 0
 242 0000 80B5     		push	{r7, lr}
 243              		.cfi_def_cfa_offset 8
 244              		.cfi_offset 7, -8
 245              		.cfi_offset 14, -4
 246 0002 00AF     		add	r7, sp, #0
 247              		.cfi_def_cfa_register 7
  88:Generated_Source\PSoC5/SinWave.c **** 	SinWave_VDAC8_Enable();
 248              		.loc 1 88 0
 249 0004 FFF7FEFF 		bl	SinWave_VDAC8_Enable
  89:Generated_Source\PSoC5/SinWave.c **** 
  90:Generated_Source\PSoC5/SinWave.c **** 	#if(SinWave_OUT_MODE == SinWave_BUFFER_MODE)
  91:Generated_Source\PSoC5/SinWave.c **** 	   SinWave_BuffAmp_Enable();
 250              		.loc 1 91 0
 251 0008 FFF7FEFF 		bl	SinWave_BuffAmp_Enable
ARM GAS  C:\Users\AARONW~1\AppData\Local\Temp\ccC8L4ks.s 			page 7


  92:Generated_Source\PSoC5/SinWave.c **** 	#endif /* SinWave_OUT_MODE == SinWave_BUFFER_MODE */
  93:Generated_Source\PSoC5/SinWave.c **** 
  94:Generated_Source\PSoC5/SinWave.c **** 	/* 
  95:Generated_Source\PSoC5/SinWave.c **** 	* Enable the channel. It is configured to remember the TD value so that
  96:Generated_Source\PSoC5/SinWave.c **** 	* it can be restored from the place where it has been stopped.
  97:Generated_Source\PSoC5/SinWave.c **** 	*/
  98:Generated_Source\PSoC5/SinWave.c **** 	(void)CyDmaChEnable(SinWave_Wave1Chan, 1u);
 252              		.loc 1 98 0
 253 000c 074B     		ldr	r3, .L5
 254 000e 1B78     		ldrb	r3, [r3]	@ zero_extendqisi2
 255 0010 1846     		mov	r0, r3
 256 0012 0121     		movs	r1, #1
 257 0014 FFF7FEFF 		bl	CyDmaChEnable
  99:Generated_Source\PSoC5/SinWave.c **** 	(void)CyDmaChEnable(SinWave_Wave2Chan, 1u);
 258              		.loc 1 99 0
 259 0018 054B     		ldr	r3, .L5+4
 260 001a 1B78     		ldrb	r3, [r3]	@ zero_extendqisi2
 261 001c 1846     		mov	r0, r3
 262 001e 0121     		movs	r1, #1
 263 0020 FFF7FEFF 		bl	CyDmaChEnable
 100:Generated_Source\PSoC5/SinWave.c **** 	
 101:Generated_Source\PSoC5/SinWave.c **** 	/* set the initial value */
 102:Generated_Source\PSoC5/SinWave.c **** 	SinWave_SetValue(0u);
 264              		.loc 1 102 0
 265 0024 0020     		movs	r0, #0
 266 0026 FFF7FEFF 		bl	SinWave_VDAC8_SetValue
 103:Generated_Source\PSoC5/SinWave.c **** 	
 104:Generated_Source\PSoC5/SinWave.c **** 	#if(SinWave_CLOCK_SRC == SinWave_CLOCK_INT)  	
 105:Generated_Source\PSoC5/SinWave.c **** 	   SinWave_DacClk_Start();
 106:Generated_Source\PSoC5/SinWave.c **** 	#endif /* SinWave_CLOCK_SRC == SinWave_CLOCK_INT */
 107:Generated_Source\PSoC5/SinWave.c **** }
 267              		.loc 1 107 0
 268 002a 80BD     		pop	{r7, pc}
 269              	.L6:
 270              		.align	2
 271              	.L5:
 272 002c 01000000 		.word	SinWave_Wave1Chan
 273 0030 02000000 		.word	SinWave_Wave2Chan
 274              		.cfi_endproc
 275              	.LFE1:
 276              		.size	SinWave_Enable, .-SinWave_Enable
 277              		.section	.text.SinWave_Start,"ax",%progbits
 278              		.align	2
 279              		.global	SinWave_Start
 280              		.thumb
 281              		.thumb_func
 282              		.type	SinWave_Start, %function
 283              	SinWave_Start:
 284              	.LFB2:
 108:Generated_Source\PSoC5/SinWave.c **** 
 109:Generated_Source\PSoC5/SinWave.c **** 
 110:Generated_Source\PSoC5/SinWave.c **** /*******************************************************************************
 111:Generated_Source\PSoC5/SinWave.c **** * Function Name: SinWave_Start
 112:Generated_Source\PSoC5/SinWave.c **** ********************************************************************************
 113:Generated_Source\PSoC5/SinWave.c **** *
 114:Generated_Source\PSoC5/SinWave.c **** * Summary:
 115:Generated_Source\PSoC5/SinWave.c **** *  The start function initializes the voltage DAC with the default values, 
ARM GAS  C:\Users\AARONW~1\AppData\Local\Temp\ccC8L4ks.s 			page 8


 116:Generated_Source\PSoC5/SinWave.c **** *  and sets the power to the given level.  A power level of 0, is the same as 
 117:Generated_Source\PSoC5/SinWave.c **** *  executing the stop function.
 118:Generated_Source\PSoC5/SinWave.c **** *
 119:Generated_Source\PSoC5/SinWave.c **** * Parameters:  
 120:Generated_Source\PSoC5/SinWave.c **** *  None
 121:Generated_Source\PSoC5/SinWave.c **** *
 122:Generated_Source\PSoC5/SinWave.c **** * Return: 
 123:Generated_Source\PSoC5/SinWave.c **** *  None
 124:Generated_Source\PSoC5/SinWave.c **** *
 125:Generated_Source\PSoC5/SinWave.c **** * Reentrant:
 126:Generated_Source\PSoC5/SinWave.c **** *  No
 127:Generated_Source\PSoC5/SinWave.c **** *
 128:Generated_Source\PSoC5/SinWave.c **** *******************************************************************************/
 129:Generated_Source\PSoC5/SinWave.c **** void SinWave_Start(void) 
 130:Generated_Source\PSoC5/SinWave.c **** {
 285              		.loc 1 130 0
 286              		.cfi_startproc
 287              		@ args = 0, pretend = 0, frame = 0
 288              		@ frame_needed = 1, uses_anonymous_args = 0
 289 0000 80B5     		push	{r7, lr}
 290              		.cfi_def_cfa_offset 8
 291              		.cfi_offset 7, -8
 292              		.cfi_offset 14, -4
 293 0002 00AF     		add	r7, sp, #0
 294              		.cfi_def_cfa_register 7
 131:Generated_Source\PSoC5/SinWave.c **** 	/* If not Initialized then initialize all required hardware and software */
 132:Generated_Source\PSoC5/SinWave.c **** 	if(SinWave_initVar == 0u)
 295              		.loc 1 132 0
 296 0004 054B     		ldr	r3, .L9
 297 0006 1B78     		ldrb	r3, [r3]	@ zero_extendqisi2
 298 0008 002B     		cmp	r3, #0
 299 000a 04D1     		bne	.L8
 133:Generated_Source\PSoC5/SinWave.c **** 	{
 134:Generated_Source\PSoC5/SinWave.c **** 		SinWave_Init();
 300              		.loc 1 134 0
 301 000c FFF7FEFF 		bl	SinWave_Init
 135:Generated_Source\PSoC5/SinWave.c **** 		SinWave_initVar = 1u;
 302              		.loc 1 135 0
 303 0010 024B     		ldr	r3, .L9
 304 0012 0122     		movs	r2, #1
 305 0014 1A70     		strb	r2, [r3]
 306              	.L8:
 136:Generated_Source\PSoC5/SinWave.c **** 	}
 137:Generated_Source\PSoC5/SinWave.c **** 	
 138:Generated_Source\PSoC5/SinWave.c **** 	SinWave_Enable();
 307              		.loc 1 138 0
 308 0016 FFF7FEFF 		bl	SinWave_Enable
 139:Generated_Source\PSoC5/SinWave.c **** }
 309              		.loc 1 139 0
 310 001a 80BD     		pop	{r7, pc}
 311              	.L10:
 312              		.align	2
 313              	.L9:
 314 001c 00000000 		.word	SinWave_initVar
 315              		.cfi_endproc
 316              	.LFE2:
 317              		.size	SinWave_Start, .-SinWave_Start
ARM GAS  C:\Users\AARONW~1\AppData\Local\Temp\ccC8L4ks.s 			page 9


 318              		.section	.text.SinWave_StartEx,"ax",%progbits
 319              		.align	2
 320              		.global	SinWave_StartEx
 321              		.thumb
 322              		.thumb_func
 323              		.type	SinWave_StartEx, %function
 324              	SinWave_StartEx:
 325              	.LFB3:
 140:Generated_Source\PSoC5/SinWave.c **** 
 141:Generated_Source\PSoC5/SinWave.c **** 
 142:Generated_Source\PSoC5/SinWave.c **** /*******************************************************************************
 143:Generated_Source\PSoC5/SinWave.c **** * Function Name: SinWave_StartEx
 144:Generated_Source\PSoC5/SinWave.c **** ********************************************************************************
 145:Generated_Source\PSoC5/SinWave.c **** *
 146:Generated_Source\PSoC5/SinWave.c **** * Summary:
 147:Generated_Source\PSoC5/SinWave.c **** *  The StartEx function sets pointers and sizes for both waveforms
 148:Generated_Source\PSoC5/SinWave.c **** *  and then starts the component.
 149:Generated_Source\PSoC5/SinWave.c **** *
 150:Generated_Source\PSoC5/SinWave.c **** * Parameters:  
 151:Generated_Source\PSoC5/SinWave.c **** *   uint8 * wavePtr1:     Pointer to the waveform 1 array.
 152:Generated_Source\PSoC5/SinWave.c **** *   uint16  sampleSize1:  The amount of samples in the waveform 1.
 153:Generated_Source\PSoC5/SinWave.c **** *   uint8 * wavePtr2:     Pointer to the waveform 2 array.
 154:Generated_Source\PSoC5/SinWave.c **** *   uint16  sampleSize2:  The amount of samples in the waveform 2.
 155:Generated_Source\PSoC5/SinWave.c **** *
 156:Generated_Source\PSoC5/SinWave.c **** * Return: 
 157:Generated_Source\PSoC5/SinWave.c **** *  None
 158:Generated_Source\PSoC5/SinWave.c **** *
 159:Generated_Source\PSoC5/SinWave.c **** * Reentrant:
 160:Generated_Source\PSoC5/SinWave.c **** *  No
 161:Generated_Source\PSoC5/SinWave.c **** *
 162:Generated_Source\PSoC5/SinWave.c **** *******************************************************************************/
 163:Generated_Source\PSoC5/SinWave.c **** void SinWave_StartEx(const uint8 * wavePtr1, uint16 sampleSize1, const uint8 * wavePtr2, uint16 sam
 164:Generated_Source\PSoC5/SinWave.c **** 
 165:Generated_Source\PSoC5/SinWave.c **** {
 326              		.loc 1 165 0
 327              		.cfi_startproc
 328              		@ args = 0, pretend = 0, frame = 16
 329              		@ frame_needed = 1, uses_anonymous_args = 0
 330 0000 80B5     		push	{r7, lr}
 331              		.cfi_def_cfa_offset 8
 332              		.cfi_offset 7, -8
 333              		.cfi_offset 14, -4
 334 0002 84B0     		sub	sp, sp, #16
 335              		.cfi_def_cfa_offset 24
 336 0004 00AF     		add	r7, sp, #0
 337              		.cfi_def_cfa_register 7
 338 0006 F860     		str	r0, [r7, #12]
 339 0008 7A60     		str	r2, [r7, #4]
 340 000a 1A46     		mov	r2, r3
 341 000c 0B46     		mov	r3, r1	@ movhi
 342 000e 7B81     		strh	r3, [r7, #10]	@ movhi
 343 0010 1346     		mov	r3, r2	@ movhi
 344 0012 3B81     		strh	r3, [r7, #8]	@ movhi
 166:Generated_Source\PSoC5/SinWave.c **** 	SinWave_Wave1Setup(wavePtr1, sampleSize1);
 345              		.loc 1 166 0
 346 0014 7B89     		ldrh	r3, [r7, #10]
 347 0016 F868     		ldr	r0, [r7, #12]
ARM GAS  C:\Users\AARONW~1\AppData\Local\Temp\ccC8L4ks.s 			page 10


 348 0018 1946     		mov	r1, r3
 349 001a FFF7FEFF 		bl	SinWave_Wave1Setup
 167:Generated_Source\PSoC5/SinWave.c **** 	SinWave_Wave2Setup(wavePtr2, sampleSize2);
 350              		.loc 1 167 0
 351 001e 3B89     		ldrh	r3, [r7, #8]
 352 0020 7868     		ldr	r0, [r7, #4]
 353 0022 1946     		mov	r1, r3
 354 0024 FFF7FEFF 		bl	SinWave_Wave2Setup
 168:Generated_Source\PSoC5/SinWave.c **** 	SinWave_Start();
 355              		.loc 1 168 0
 356 0028 FFF7FEFF 		bl	SinWave_Start
 169:Generated_Source\PSoC5/SinWave.c **** }
 357              		.loc 1 169 0
 358 002c 1037     		adds	r7, r7, #16
 359              		.cfi_def_cfa_offset 8
 360 002e BD46     		mov	sp, r7
 361              		.cfi_def_cfa_register 13
 362              		@ sp needed
 363 0030 80BD     		pop	{r7, pc}
 364              		.cfi_endproc
 365              	.LFE3:
 366              		.size	SinWave_StartEx, .-SinWave_StartEx
 367 0032 00BF     		.section	.text.SinWave_Stop,"ax",%progbits
 368              		.align	2
 369              		.global	SinWave_Stop
 370              		.thumb
 371              		.thumb_func
 372              		.type	SinWave_Stop, %function
 373              	SinWave_Stop:
 374              	.LFB4:
 170:Generated_Source\PSoC5/SinWave.c **** 
 171:Generated_Source\PSoC5/SinWave.c **** 
 172:Generated_Source\PSoC5/SinWave.c **** /*******************************************************************************
 173:Generated_Source\PSoC5/SinWave.c **** * Function Name: SinWave_Stop
 174:Generated_Source\PSoC5/SinWave.c **** ********************************************************************************
 175:Generated_Source\PSoC5/SinWave.c **** *
 176:Generated_Source\PSoC5/SinWave.c **** * Summary:
 177:Generated_Source\PSoC5/SinWave.c **** *  Stops the clock (if internal), disables the DMA channels
 178:Generated_Source\PSoC5/SinWave.c **** *  and powers down the DAC.
 179:Generated_Source\PSoC5/SinWave.c **** *
 180:Generated_Source\PSoC5/SinWave.c **** * Parameters:  
 181:Generated_Source\PSoC5/SinWave.c **** *  None  
 182:Generated_Source\PSoC5/SinWave.c **** *
 183:Generated_Source\PSoC5/SinWave.c **** * Return: 
 184:Generated_Source\PSoC5/SinWave.c **** *  None
 185:Generated_Source\PSoC5/SinWave.c **** *
 186:Generated_Source\PSoC5/SinWave.c **** *******************************************************************************/
 187:Generated_Source\PSoC5/SinWave.c **** void SinWave_Stop(void) 
 188:Generated_Source\PSoC5/SinWave.c **** {
 375              		.loc 1 188 0
 376              		.cfi_startproc
 377              		@ args = 0, pretend = 0, frame = 0
 378              		@ frame_needed = 1, uses_anonymous_args = 0
 379 0000 80B5     		push	{r7, lr}
 380              		.cfi_def_cfa_offset 8
 381              		.cfi_offset 7, -8
 382              		.cfi_offset 14, -4
ARM GAS  C:\Users\AARONW~1\AppData\Local\Temp\ccC8L4ks.s 			page 11


 383 0002 00AF     		add	r7, sp, #0
 384              		.cfi_def_cfa_register 7
 189:Generated_Source\PSoC5/SinWave.c **** 	/* Turn off internal clock, if one present */
 190:Generated_Source\PSoC5/SinWave.c **** 	#if(SinWave_CLOCK_SRC == SinWave_CLOCK_INT)  	
 191:Generated_Source\PSoC5/SinWave.c **** 	   SinWave_DacClk_Stop();
 192:Generated_Source\PSoC5/SinWave.c **** 	#endif /* SinWave_CLOCK_SRC == SinWave_CLOCK_INT */
 193:Generated_Source\PSoC5/SinWave.c **** 	
 194:Generated_Source\PSoC5/SinWave.c **** 	/* Disble DMA channels */
 195:Generated_Source\PSoC5/SinWave.c **** 	(void)CyDmaChDisable(SinWave_Wave1Chan);
 385              		.loc 1 195 0
 386 0004 064B     		ldr	r3, .L13
 387 0006 1B78     		ldrb	r3, [r3]	@ zero_extendqisi2
 388 0008 1846     		mov	r0, r3
 389 000a FFF7FEFF 		bl	CyDmaChDisable
 196:Generated_Source\PSoC5/SinWave.c **** 	(void)CyDmaChDisable(SinWave_Wave2Chan);
 390              		.loc 1 196 0
 391 000e 054B     		ldr	r3, .L13+4
 392 0010 1B78     		ldrb	r3, [r3]	@ zero_extendqisi2
 393 0012 1846     		mov	r0, r3
 394 0014 FFF7FEFF 		bl	CyDmaChDisable
 197:Generated_Source\PSoC5/SinWave.c **** 
 198:Generated_Source\PSoC5/SinWave.c **** 	/* Disable power to DAC */
 199:Generated_Source\PSoC5/SinWave.c **** 	SinWave_VDAC8_Stop();
 395              		.loc 1 199 0
 396 0018 FFF7FEFF 		bl	SinWave_VDAC8_Stop
 200:Generated_Source\PSoC5/SinWave.c **** }
 397              		.loc 1 200 0
 398 001c 80BD     		pop	{r7, pc}
 399              	.L14:
 400 001e 00BF     		.align	2
 401              	.L13:
 402 0020 01000000 		.word	SinWave_Wave1Chan
 403 0024 02000000 		.word	SinWave_Wave2Chan
 404              		.cfi_endproc
 405              	.LFE4:
 406              		.size	SinWave_Stop, .-SinWave_Stop
 407              		.section	.text.SinWave_Wave1Setup,"ax",%progbits
 408              		.align	2
 409              		.global	SinWave_Wave1Setup
 410              		.thumb
 411              		.thumb_func
 412              		.type	SinWave_Wave1Setup, %function
 413              	SinWave_Wave1Setup:
 414              	.LFB5:
 201:Generated_Source\PSoC5/SinWave.c **** 
 202:Generated_Source\PSoC5/SinWave.c **** 
 203:Generated_Source\PSoC5/SinWave.c **** /*******************************************************************************
 204:Generated_Source\PSoC5/SinWave.c **** * Function Name: SinWave_Wave1Setup
 205:Generated_Source\PSoC5/SinWave.c **** ********************************************************************************
 206:Generated_Source\PSoC5/SinWave.c **** *
 207:Generated_Source\PSoC5/SinWave.c **** * Summary:
 208:Generated_Source\PSoC5/SinWave.c **** *  Sets pointer and size for waveform 1.                                    
 209:Generated_Source\PSoC5/SinWave.c **** *
 210:Generated_Source\PSoC5/SinWave.c **** * Parameters:  
 211:Generated_Source\PSoC5/SinWave.c **** *  uint8 * WavePtr:     Pointer to the waveform array.
 212:Generated_Source\PSoC5/SinWave.c **** *  uint16  SampleSize:  The amount of samples in the waveform.
 213:Generated_Source\PSoC5/SinWave.c **** *
ARM GAS  C:\Users\AARONW~1\AppData\Local\Temp\ccC8L4ks.s 			page 12


 214:Generated_Source\PSoC5/SinWave.c **** * Return: 
 215:Generated_Source\PSoC5/SinWave.c **** *  None 
 216:Generated_Source\PSoC5/SinWave.c **** *
 217:Generated_Source\PSoC5/SinWave.c **** *******************************************************************************/
 218:Generated_Source\PSoC5/SinWave.c **** void SinWave_Wave1Setup(const uint8 * wavePtr, uint16 sampleSize)
 219:Generated_Source\PSoC5/SinWave.c **** 
 220:Generated_Source\PSoC5/SinWave.c **** {
 415              		.loc 1 220 0
 416              		.cfi_startproc
 417              		@ args = 0, pretend = 0, frame = 8
 418              		@ frame_needed = 1, uses_anonymous_args = 0
 419 0000 80B5     		push	{r7, lr}
 420              		.cfi_def_cfa_offset 8
 421              		.cfi_offset 7, -8
 422              		.cfi_offset 14, -4
 423 0002 82B0     		sub	sp, sp, #8
 424              		.cfi_def_cfa_offset 16
 425 0004 00AF     		add	r7, sp, #0
 426              		.cfi_def_cfa_register 7
 427 0006 7860     		str	r0, [r7, #4]
 428 0008 0B46     		mov	r3, r1
 429 000a 7B80     		strh	r3, [r7, #2]	@ movhi
 221:Generated_Source\PSoC5/SinWave.c **** 	#if (CY_PSOC3)
 222:Generated_Source\PSoC5/SinWave.c **** 		uint16 memoryType; /* determining the source memory type */
 223:Generated_Source\PSoC5/SinWave.c **** 		memoryType = (SinWave_HI16FLASHPTR == HI16(wavePtr)) ? HI16(CYDEV_FLS_BASE) : HI16(CYDEV_SRAM_BAS
 224:Generated_Source\PSoC5/SinWave.c **** 		
 225:Generated_Source\PSoC5/SinWave.c **** 		SinWave_Wave1Chan = SinWave_Wave1_DMA_DmaInitialize(
 226:Generated_Source\PSoC5/SinWave.c **** 		SinWave_Wave1_DMA_BYTES_PER_BURST, SinWave_Wave1_DMA_REQUEST_PER_BURST,
 227:Generated_Source\PSoC5/SinWave.c **** 		memoryType, HI16(CYDEV_PERIPH_BASE));
 228:Generated_Source\PSoC5/SinWave.c **** 	#else /* PSoC 5 */
 229:Generated_Source\PSoC5/SinWave.c **** 		SinWave_Wave1Chan = SinWave_Wave1_DMA_DmaInitialize(
 230:Generated_Source\PSoC5/SinWave.c **** 		SinWave_Wave1_DMA_BYTES_PER_BURST, SinWave_Wave1_DMA_REQUEST_PER_BURST,
 231:Generated_Source\PSoC5/SinWave.c **** 		HI16(wavePtr), HI16(SinWave_DAC8__D));
 430              		.loc 1 231 0
 431 000c 7B68     		ldr	r3, [r7, #4]
 432 000e 1B0C     		lsrs	r3, r3, #16
 229:Generated_Source\PSoC5/SinWave.c **** 		SinWave_Wave1_DMA_BYTES_PER_BURST, SinWave_Wave1_DMA_REQUEST_PER_BURST,
 433              		.loc 1 229 0
 434 0010 9BB2     		uxth	r3, r3
 435 0012 0120     		movs	r0, #1
 436 0014 0121     		movs	r1, #1
 437 0016 1A46     		mov	r2, r3
 438 0018 4FF48043 		mov	r3, #16384
 439 001c FFF7FEFF 		bl	SinWave_Wave1_DMA_DmaInitialize
 440 0020 0346     		mov	r3, r0
 441 0022 1A46     		mov	r2, r3
 442 0024 104B     		ldr	r3, .L16
 443 0026 1A70     		strb	r2, [r3]
 232:Generated_Source\PSoC5/SinWave.c **** 	#endif /* CY_PSOC3 */
 233:Generated_Source\PSoC5/SinWave.c **** 	
 234:Generated_Source\PSoC5/SinWave.c **** 	/*
 235:Generated_Source\PSoC5/SinWave.c **** 	* TD is looping on itself. 
 236:Generated_Source\PSoC5/SinWave.c ****     * Increment the source address, but not the destination address. 
 237:Generated_Source\PSoC5/SinWave.c **** 	*/
 238:Generated_Source\PSoC5/SinWave.c **** 	(void)CyDmaTdSetConfiguration(SinWave_Wave1TD, sampleSize, SinWave_Wave1TD, 
 444              		.loc 1 238 0
 445 0028 104B     		ldr	r3, .L16+4
ARM GAS  C:\Users\AARONW~1\AppData\Local\Temp\ccC8L4ks.s 			page 13


 446 002a 1978     		ldrb	r1, [r3]	@ zero_extendqisi2
 447 002c 0F4B     		ldr	r3, .L16+4
 448 002e 1B78     		ldrb	r3, [r3]	@ zero_extendqisi2
 449 0030 7A88     		ldrh	r2, [r7, #2]
 450 0032 0846     		mov	r0, r1
 451 0034 1146     		mov	r1, r2
 452 0036 1A46     		mov	r2, r3
 453 0038 0123     		movs	r3, #1
 454 003a FFF7FEFF 		bl	CyDmaTdSetConfiguration
 239:Generated_Source\PSoC5/SinWave.c ****                                     (uint8)CY_DMA_TD_INC_SRC_ADR | (uint8)SinWave_Wave1_DMA__TD_TER
 240:Generated_Source\PSoC5/SinWave.c **** 	
 241:Generated_Source\PSoC5/SinWave.c **** 	/* Set the TD source and destination address */
 242:Generated_Source\PSoC5/SinWave.c **** 	(void)CyDmaTdSetAddress(SinWave_Wave1TD, LO16((uint32)wavePtr), LO16(SinWave_DAC8__D));
 455              		.loc 1 242 0
 456 003e 0B4B     		ldr	r3, .L16+4
 457 0040 1A78     		ldrb	r2, [r3]	@ zero_extendqisi2
 458 0042 7B68     		ldr	r3, [r7, #4]
 459 0044 9BB2     		uxth	r3, r3
 460 0046 1046     		mov	r0, r2
 461 0048 1946     		mov	r1, r3
 462 004a 45F68232 		movw	r2, #23426
 463 004e FFF7FEFF 		bl	CyDmaTdSetAddress
 243:Generated_Source\PSoC5/SinWave.c **** 	
 244:Generated_Source\PSoC5/SinWave.c **** 	/* Associate the TD with the channel */
 245:Generated_Source\PSoC5/SinWave.c **** 	(void)CyDmaChSetInitialTd(SinWave_Wave1Chan, SinWave_Wave1TD);
 464              		.loc 1 245 0
 465 0052 054B     		ldr	r3, .L16
 466 0054 1A78     		ldrb	r2, [r3]	@ zero_extendqisi2
 467 0056 054B     		ldr	r3, .L16+4
 468 0058 1B78     		ldrb	r3, [r3]	@ zero_extendqisi2
 469 005a 1046     		mov	r0, r2
 470 005c 1946     		mov	r1, r3
 471 005e FFF7FEFF 		bl	CyDmaChSetInitialTd
 246:Generated_Source\PSoC5/SinWave.c **** }
 472              		.loc 1 246 0
 473 0062 0837     		adds	r7, r7, #8
 474              		.cfi_def_cfa_offset 8
 475 0064 BD46     		mov	sp, r7
 476              		.cfi_def_cfa_register 13
 477              		@ sp needed
 478 0066 80BD     		pop	{r7, pc}
 479              	.L17:
 480              		.align	2
 481              	.L16:
 482 0068 01000000 		.word	SinWave_Wave1Chan
 483 006c 03000000 		.word	SinWave_Wave1TD
 484              		.cfi_endproc
 485              	.LFE5:
 486              		.size	SinWave_Wave1Setup, .-SinWave_Wave1Setup
 487              		.section	.text.SinWave_Wave2Setup,"ax",%progbits
 488              		.align	2
 489              		.global	SinWave_Wave2Setup
 490              		.thumb
 491              		.thumb_func
 492              		.type	SinWave_Wave2Setup, %function
 493              	SinWave_Wave2Setup:
 494              	.LFB6:
ARM GAS  C:\Users\AARONW~1\AppData\Local\Temp\ccC8L4ks.s 			page 14


 247:Generated_Source\PSoC5/SinWave.c **** 
 248:Generated_Source\PSoC5/SinWave.c **** 
 249:Generated_Source\PSoC5/SinWave.c **** /*******************************************************************************
 250:Generated_Source\PSoC5/SinWave.c **** * Function Name: SinWave_Wave2Setup
 251:Generated_Source\PSoC5/SinWave.c **** ********************************************************************************
 252:Generated_Source\PSoC5/SinWave.c **** *
 253:Generated_Source\PSoC5/SinWave.c **** * Summary:
 254:Generated_Source\PSoC5/SinWave.c **** *  Sets pointer and size for waveform 2.                                    
 255:Generated_Source\PSoC5/SinWave.c **** *
 256:Generated_Source\PSoC5/SinWave.c **** * Parameters:  
 257:Generated_Source\PSoC5/SinWave.c **** *  uint8 * WavePtr:     Pointer to the waveform array.
 258:Generated_Source\PSoC5/SinWave.c **** *  uint16  SampleSize:  The amount of samples in the waveform.
 259:Generated_Source\PSoC5/SinWave.c **** *
 260:Generated_Source\PSoC5/SinWave.c **** * Return: 
 261:Generated_Source\PSoC5/SinWave.c **** *  None
 262:Generated_Source\PSoC5/SinWave.c **** *
 263:Generated_Source\PSoC5/SinWave.c **** *******************************************************************************/
 264:Generated_Source\PSoC5/SinWave.c **** void SinWave_Wave2Setup(const uint8 * wavePtr, uint16 sampleSize)
 265:Generated_Source\PSoC5/SinWave.c ****  
 266:Generated_Source\PSoC5/SinWave.c **** {
 495              		.loc 1 266 0
 496              		.cfi_startproc
 497              		@ args = 0, pretend = 0, frame = 8
 498              		@ frame_needed = 1, uses_anonymous_args = 0
 499 0000 80B5     		push	{r7, lr}
 500              		.cfi_def_cfa_offset 8
 501              		.cfi_offset 7, -8
 502              		.cfi_offset 14, -4
 503 0002 82B0     		sub	sp, sp, #8
 504              		.cfi_def_cfa_offset 16
 505 0004 00AF     		add	r7, sp, #0
 506              		.cfi_def_cfa_register 7
 507 0006 7860     		str	r0, [r7, #4]
 508 0008 0B46     		mov	r3, r1
 509 000a 7B80     		strh	r3, [r7, #2]	@ movhi
 267:Generated_Source\PSoC5/SinWave.c **** 	#if (CY_PSOC3)
 268:Generated_Source\PSoC5/SinWave.c **** 		uint16 memoryType; /* determining the source memory type */
 269:Generated_Source\PSoC5/SinWave.c **** 		memoryType = (SinWave_HI16FLASHPTR == HI16(wavePtr)) ? HI16(CYDEV_FLS_BASE) : HI16(CYDEV_SRAM_BAS
 270:Generated_Source\PSoC5/SinWave.c **** 			
 271:Generated_Source\PSoC5/SinWave.c **** 		SinWave_Wave2Chan = SinWave_Wave2_DMA_DmaInitialize(
 272:Generated_Source\PSoC5/SinWave.c **** 		SinWave_Wave2_DMA_BYTES_PER_BURST, SinWave_Wave2_DMA_REQUEST_PER_BURST,
 273:Generated_Source\PSoC5/SinWave.c **** 		memoryType, HI16(CYDEV_PERIPH_BASE));
 274:Generated_Source\PSoC5/SinWave.c **** 	#else /* PSoC 5 */
 275:Generated_Source\PSoC5/SinWave.c **** 		SinWave_Wave2Chan = SinWave_Wave2_DMA_DmaInitialize(
 276:Generated_Source\PSoC5/SinWave.c **** 		SinWave_Wave2_DMA_BYTES_PER_BURST, SinWave_Wave2_DMA_REQUEST_PER_BURST,
 277:Generated_Source\PSoC5/SinWave.c **** 		HI16(wavePtr), HI16(SinWave_DAC8__D));
 510              		.loc 1 277 0
 511 000c 7B68     		ldr	r3, [r7, #4]
 512 000e 1B0C     		lsrs	r3, r3, #16
 275:Generated_Source\PSoC5/SinWave.c **** 		SinWave_Wave2_DMA_BYTES_PER_BURST, SinWave_Wave2_DMA_REQUEST_PER_BURST,
 513              		.loc 1 275 0
 514 0010 9BB2     		uxth	r3, r3
 515 0012 0120     		movs	r0, #1
 516 0014 0121     		movs	r1, #1
 517 0016 1A46     		mov	r2, r3
 518 0018 4FF48043 		mov	r3, #16384
 519 001c FFF7FEFF 		bl	SinWave_Wave2_DMA_DmaInitialize
ARM GAS  C:\Users\AARONW~1\AppData\Local\Temp\ccC8L4ks.s 			page 15


 520 0020 0346     		mov	r3, r0
 521 0022 1A46     		mov	r2, r3
 522 0024 104B     		ldr	r3, .L19
 523 0026 1A70     		strb	r2, [r3]
 278:Generated_Source\PSoC5/SinWave.c **** 	#endif /* CY_PSOC3 */
 279:Generated_Source\PSoC5/SinWave.c **** 	
 280:Generated_Source\PSoC5/SinWave.c **** 	/*
 281:Generated_Source\PSoC5/SinWave.c **** 	* TD is looping on itself. 
 282:Generated_Source\PSoC5/SinWave.c **** 	* Increment the source address, but not the destination address. 
 283:Generated_Source\PSoC5/SinWave.c **** 	*/
 284:Generated_Source\PSoC5/SinWave.c **** 	(void)CyDmaTdSetConfiguration(SinWave_Wave2TD, sampleSize, SinWave_Wave2TD, 
 524              		.loc 1 284 0
 525 0028 104B     		ldr	r3, .L19+4
 526 002a 1978     		ldrb	r1, [r3]	@ zero_extendqisi2
 527 002c 0F4B     		ldr	r3, .L19+4
 528 002e 1B78     		ldrb	r3, [r3]	@ zero_extendqisi2
 529 0030 7A88     		ldrh	r2, [r7, #2]
 530 0032 0846     		mov	r0, r1
 531 0034 1146     		mov	r1, r2
 532 0036 1A46     		mov	r2, r3
 533 0038 0123     		movs	r3, #1
 534 003a FFF7FEFF 		bl	CyDmaTdSetConfiguration
 285:Generated_Source\PSoC5/SinWave.c ****                                     (uint8)CY_DMA_TD_INC_SRC_ADR | (uint8)SinWave_Wave2_DMA__TD_TER
 286:Generated_Source\PSoC5/SinWave.c **** 	
 287:Generated_Source\PSoC5/SinWave.c **** 	/* Set the TD source and destination address */
 288:Generated_Source\PSoC5/SinWave.c **** 	(void)CyDmaTdSetAddress(SinWave_Wave2TD, LO16((uint32)wavePtr), LO16(SinWave_DAC8__D));
 535              		.loc 1 288 0
 536 003e 0B4B     		ldr	r3, .L19+4
 537 0040 1A78     		ldrb	r2, [r3]	@ zero_extendqisi2
 538 0042 7B68     		ldr	r3, [r7, #4]
 539 0044 9BB2     		uxth	r3, r3
 540 0046 1046     		mov	r0, r2
 541 0048 1946     		mov	r1, r3
 542 004a 45F68232 		movw	r2, #23426
 543 004e FFF7FEFF 		bl	CyDmaTdSetAddress
 289:Generated_Source\PSoC5/SinWave.c **** 	
 290:Generated_Source\PSoC5/SinWave.c **** 	/* Associate the TD with the channel */
 291:Generated_Source\PSoC5/SinWave.c **** 	(void)CyDmaChSetInitialTd(SinWave_Wave2Chan, SinWave_Wave2TD);
 544              		.loc 1 291 0
 545 0052 054B     		ldr	r3, .L19
 546 0054 1A78     		ldrb	r2, [r3]	@ zero_extendqisi2
 547 0056 054B     		ldr	r3, .L19+4
 548 0058 1B78     		ldrb	r3, [r3]	@ zero_extendqisi2
 549 005a 1046     		mov	r0, r2
 550 005c 1946     		mov	r1, r3
 551 005e FFF7FEFF 		bl	CyDmaChSetInitialTd
 292:Generated_Source\PSoC5/SinWave.c **** }
 552              		.loc 1 292 0
 553 0062 0837     		adds	r7, r7, #8
 554              		.cfi_def_cfa_offset 8
 555 0064 BD46     		mov	sp, r7
 556              		.cfi_def_cfa_register 13
 557              		@ sp needed
 558 0066 80BD     		pop	{r7, pc}
 559              	.L20:
 560              		.align	2
 561              	.L19:
ARM GAS  C:\Users\AARONW~1\AppData\Local\Temp\ccC8L4ks.s 			page 16


 562 0068 02000000 		.word	SinWave_Wave2Chan
 563 006c 04000000 		.word	SinWave_Wave2TD
 564              		.cfi_endproc
 565              	.LFE6:
 566              		.size	SinWave_Wave2Setup, .-SinWave_Wave2Setup
 567              		.text
 568              	.Letext0:
 569              		.file 2 "Generated_Source\\PSoC5\\cytypes.h"
 570              		.section	.debug_info,"",%progbits
 571              	.Ldebug_info0:
 572 0000 4D020000 		.4byte	0x24d
 573 0004 0400     		.2byte	0x4
 574 0006 00000000 		.4byte	.Ldebug_abbrev0
 575 000a 04       		.byte	0x4
 576 000b 01       		.uleb128 0x1
 577 000c 5A010000 		.4byte	.LASF36
 578 0010 01       		.byte	0x1
 579 0011 C5020000 		.4byte	.LASF37
 580 0015 13000000 		.4byte	.LASF38
 581 0019 00000000 		.4byte	.Ldebug_ranges0+0
 582 001d 00000000 		.4byte	0
 583 0021 00000000 		.4byte	.Ldebug_line0
 584 0025 02       		.uleb128 0x2
 585 0026 01       		.byte	0x1
 586 0027 06       		.byte	0x6
 587 0028 F4020000 		.4byte	.LASF0
 588 002c 02       		.uleb128 0x2
 589 002d 01       		.byte	0x1
 590 002e 08       		.byte	0x8
 591 002f 4C010000 		.4byte	.LASF1
 592 0033 02       		.uleb128 0x2
 593 0034 02       		.byte	0x2
 594 0035 05       		.byte	0x5
 595 0036 D7000000 		.4byte	.LASF2
 596 003a 02       		.uleb128 0x2
 597 003b 02       		.byte	0x2
 598 003c 07       		.byte	0x7
 599 003d B6000000 		.4byte	.LASF3
 600 0041 02       		.uleb128 0x2
 601 0042 04       		.byte	0x4
 602 0043 05       		.byte	0x5
 603 0044 E6020000 		.4byte	.LASF4
 604 0048 02       		.uleb128 0x2
 605 0049 04       		.byte	0x4
 606 004a 07       		.byte	0x7
 607 004b 14010000 		.4byte	.LASF5
 608 004f 02       		.uleb128 0x2
 609 0050 08       		.byte	0x8
 610 0051 05       		.byte	0x5
 611 0052 76020000 		.4byte	.LASF6
 612 0056 02       		.uleb128 0x2
 613 0057 08       		.byte	0x8
 614 0058 07       		.byte	0x7
 615 0059 39020000 		.4byte	.LASF7
 616 005d 03       		.uleb128 0x3
 617 005e 04       		.byte	0x4
 618 005f 05       		.byte	0x5
ARM GAS  C:\Users\AARONW~1\AppData\Local\Temp\ccC8L4ks.s 			page 17


 619 0060 696E7400 		.ascii	"int\000"
 620 0064 02       		.uleb128 0x2
 621 0065 04       		.byte	0x4
 622 0066 07       		.byte	0x7
 623 0067 2C020000 		.4byte	.LASF8
 624 006b 04       		.uleb128 0x4
 625 006c 2E010000 		.4byte	.LASF9
 626 0070 02       		.byte	0x2
 627 0071 9201     		.2byte	0x192
 628 0073 2C000000 		.4byte	0x2c
 629 0077 04       		.uleb128 0x4
 630 0078 FC010000 		.4byte	.LASF10
 631 007c 02       		.byte	0x2
 632 007d 9301     		.2byte	0x193
 633 007f 3A000000 		.4byte	0x3a
 634 0083 04       		.uleb128 0x4
 635 0084 15020000 		.4byte	.LASF11
 636 0088 02       		.byte	0x2
 637 0089 9401     		.2byte	0x194
 638 008b 48000000 		.4byte	0x48
 639 008f 02       		.uleb128 0x2
 640 0090 04       		.byte	0x4
 641 0091 04       		.byte	0x4
 642 0092 F3000000 		.4byte	.LASF12
 643 0096 02       		.uleb128 0x2
 644 0097 08       		.byte	0x8
 645 0098 04       		.byte	0x4
 646 0099 E8010000 		.4byte	.LASF13
 647 009d 02       		.uleb128 0x2
 648 009e 01       		.byte	0x1
 649 009f 08       		.byte	0x8
 650 00a0 EF020000 		.4byte	.LASF14
 651 00a4 02       		.uleb128 0x2
 652 00a5 04       		.byte	0x4
 653 00a6 07       		.byte	0x7
 654 00a7 6D020000 		.4byte	.LASF15
 655 00ab 05       		.uleb128 0x5
 656 00ac 60020000 		.4byte	.LASF16
 657 00b0 01       		.byte	0x1
 658 00b1 2B       		.byte	0x2b
 659 00b2 00000000 		.4byte	.LFB0
 660 00b6 54000000 		.4byte	.LFE0-.LFB0
 661 00ba 01       		.uleb128 0x1
 662 00bb 9C       		.byte	0x9c
 663 00bc 05       		.uleb128 0x5
 664 00bd A7000000 		.4byte	.LASF17
 665 00c1 01       		.byte	0x1
 666 00c2 56       		.byte	0x56
 667 00c3 00000000 		.4byte	.LFB1
 668 00c7 34000000 		.4byte	.LFE1-.LFB1
 669 00cb 01       		.uleb128 0x1
 670 00cc 9C       		.byte	0x9c
 671 00cd 05       		.uleb128 0x5
 672 00ce C9000000 		.4byte	.LASF18
 673 00d2 01       		.byte	0x1
 674 00d3 81       		.byte	0x81
 675 00d4 00000000 		.4byte	.LFB2
ARM GAS  C:\Users\AARONW~1\AppData\Local\Temp\ccC8L4ks.s 			page 18


 676 00d8 20000000 		.4byte	.LFE2-.LFB2
 677 00dc 01       		.uleb128 0x1
 678 00dd 9C       		.byte	0x9c
 679 00de 06       		.uleb128 0x6
 680 00df 1C020000 		.4byte	.LASF24
 681 00e3 01       		.byte	0x1
 682 00e4 A3       		.byte	0xa3
 683 00e5 00000000 		.4byte	.LFB3
 684 00e9 32000000 		.4byte	.LFE3-.LFB3
 685 00ed 01       		.uleb128 0x1
 686 00ee 9C       		.byte	0x9c
 687 00ef 2C010000 		.4byte	0x12c
 688 00f3 07       		.uleb128 0x7
 689 00f4 E1000000 		.4byte	.LASF19
 690 00f8 01       		.byte	0x1
 691 00f9 A3       		.byte	0xa3
 692 00fa 2C010000 		.4byte	0x12c
 693 00fe 02       		.uleb128 0x2
 694 00ff 91       		.byte	0x91
 695 0100 74       		.sleb128 -12
 696 0101 07       		.uleb128 0x7
 697 0102 34010000 		.4byte	.LASF20
 698 0106 01       		.byte	0x1
 699 0107 A3       		.byte	0xa3
 700 0108 77000000 		.4byte	0x77
 701 010c 02       		.uleb128 0x2
 702 010d 91       		.byte	0x91
 703 010e 72       		.sleb128 -14
 704 010f 07       		.uleb128 0x7
 705 0110 EA000000 		.4byte	.LASF21
 706 0114 01       		.byte	0x1
 707 0115 A3       		.byte	0xa3
 708 0116 2C010000 		.4byte	0x12c
 709 011a 02       		.uleb128 0x2
 710 011b 91       		.byte	0x91
 711 011c 6C       		.sleb128 -20
 712 011d 07       		.uleb128 0x7
 713 011e 40010000 		.4byte	.LASF22
 714 0122 01       		.byte	0x1
 715 0123 A3       		.byte	0xa3
 716 0124 77000000 		.4byte	0x77
 717 0128 02       		.uleb128 0x2
 718 0129 91       		.byte	0x91
 719 012a 70       		.sleb128 -16
 720 012b 00       		.byte	0
 721 012c 08       		.uleb128 0x8
 722 012d 04       		.byte	0x4
 723 012e 32010000 		.4byte	0x132
 724 0132 09       		.uleb128 0x9
 725 0133 6B000000 		.4byte	0x6b
 726 0137 05       		.uleb128 0x5
 727 0138 EF010000 		.4byte	.LASF23
 728 013c 01       		.byte	0x1
 729 013d BB       		.byte	0xbb
 730 013e 00000000 		.4byte	.LFB4
 731 0142 28000000 		.4byte	.LFE4-.LFB4
 732 0146 01       		.uleb128 0x1
ARM GAS  C:\Users\AARONW~1\AppData\Local\Temp\ccC8L4ks.s 			page 19


 733 0147 9C       		.byte	0x9c
 734 0148 06       		.uleb128 0x6
 735 0149 84020000 		.4byte	.LASF25
 736 014d 01       		.byte	0x1
 737 014e DA       		.byte	0xda
 738 014f 00000000 		.4byte	.LFB5
 739 0153 70000000 		.4byte	.LFE5-.LFB5
 740 0157 01       		.uleb128 0x1
 741 0158 9C       		.byte	0x9c
 742 0159 7A010000 		.4byte	0x17a
 743 015d 07       		.uleb128 0x7
 744 015e 26010000 		.4byte	.LASF26
 745 0162 01       		.byte	0x1
 746 0163 DA       		.byte	0xda
 747 0164 2C010000 		.4byte	0x12c
 748 0168 02       		.uleb128 0x2
 749 0169 91       		.byte	0x91
 750 016a 74       		.sleb128 -12
 751 016b 07       		.uleb128 0x7
 752 016c F9000000 		.4byte	.LASF27
 753 0170 01       		.byte	0x1
 754 0171 DA       		.byte	0xda
 755 0172 77000000 		.4byte	0x77
 756 0176 02       		.uleb128 0x2
 757 0177 91       		.byte	0x91
 758 0178 72       		.sleb128 -14
 759 0179 00       		.byte	0
 760 017a 0A       		.uleb128 0xa
 761 017b 00000000 		.4byte	.LASF28
 762 017f 01       		.byte	0x1
 763 0180 0801     		.2byte	0x108
 764 0182 00000000 		.4byte	.LFB6
 765 0186 70000000 		.4byte	.LFE6-.LFB6
 766 018a 01       		.uleb128 0x1
 767 018b 9C       		.byte	0x9c
 768 018c AF010000 		.4byte	0x1af
 769 0190 0B       		.uleb128 0xb
 770 0191 26010000 		.4byte	.LASF26
 771 0195 01       		.byte	0x1
 772 0196 0801     		.2byte	0x108
 773 0198 2C010000 		.4byte	0x12c
 774 019c 02       		.uleb128 0x2
 775 019d 91       		.byte	0x91
 776 019e 74       		.sleb128 -12
 777 019f 0B       		.uleb128 0xb
 778 01a0 F9000000 		.4byte	.LASF27
 779 01a4 01       		.byte	0x1
 780 01a5 0801     		.2byte	0x108
 781 01a7 77000000 		.4byte	0x77
 782 01ab 02       		.uleb128 0x2
 783 01ac 91       		.byte	0x91
 784 01ad 72       		.sleb128 -14
 785 01ae 00       		.byte	0
 786 01af 0C       		.uleb128 0xc
 787 01b0 03020000 		.4byte	.LASF29
 788 01b4 01       		.byte	0x1
 789 01b5 17       		.byte	0x17
ARM GAS  C:\Users\AARONW~1\AppData\Local\Temp\ccC8L4ks.s 			page 20


 790 01b6 6B000000 		.4byte	0x6b
 791 01ba 05       		.uleb128 0x5
 792 01bb 03       		.byte	0x3
 793 01bc 01000000 		.4byte	SinWave_Wave1Chan
 794 01c0 0C       		.uleb128 0xc
 795 01c1 97020000 		.4byte	.LASF30
 796 01c5 01       		.byte	0x1
 797 01c6 18       		.byte	0x18
 798 01c7 6B000000 		.4byte	0x6b
 799 01cb 05       		.uleb128 0x5
 800 01cc 03       		.byte	0x3
 801 01cd 02000000 		.4byte	SinWave_Wave2Chan
 802 01d1 0C       		.uleb128 0xc
 803 01d2 50020000 		.4byte	.LASF31
 804 01d6 01       		.byte	0x1
 805 01d7 19       		.byte	0x19
 806 01d8 6B000000 		.4byte	0x6b
 807 01dc 05       		.uleb128 0x5
 808 01dd 03       		.byte	0x3
 809 01de 03000000 		.4byte	SinWave_Wave1TD
 810 01e2 0C       		.uleb128 0xc
 811 01e3 00030000 		.4byte	.LASF32
 812 01e7 01       		.byte	0x1
 813 01e8 1A       		.byte	0x1a
 814 01e9 6B000000 		.4byte	0x6b
 815 01ed 05       		.uleb128 0x5
 816 01ee 03       		.byte	0x3
 817 01ef 04000000 		.4byte	SinWave_Wave2TD
 818 01f3 0D       		.uleb128 0xd
 819 01f4 04010000 		.4byte	.LASF33
 820 01f8 01       		.byte	0x1
 821 01f9 12       		.byte	0x12
 822 01fa 6B000000 		.4byte	0x6b
 823 01fe 05       		.uleb128 0x5
 824 01ff 03       		.byte	0x3
 825 0200 00000000 		.4byte	SinWave_initVar
 826 0204 0E       		.uleb128 0xe
 827 0205 6B000000 		.4byte	0x6b
 828 0209 14020000 		.4byte	0x214
 829 020d 0F       		.uleb128 0xf
 830 020e A4000000 		.4byte	0xa4
 831 0212 18       		.byte	0x18
 832 0213 00       		.byte	0
 833 0214 0D       		.uleb128 0xd
 834 0215 A9020000 		.4byte	.LASF34
 835 0219 01       		.byte	0x1
 836 021a 14       		.byte	0x14
 837 021b 25020000 		.4byte	0x225
 838 021f 05       		.uleb128 0x5
 839 0220 03       		.byte	0x3
 840 0221 00000000 		.4byte	SinWave_wave1
 841 0225 09       		.uleb128 0x9
 842 0226 04020000 		.4byte	0x204
 843 022a 0E       		.uleb128 0xe
 844 022b 6B000000 		.4byte	0x6b
 845 022f 3A020000 		.4byte	0x23a
 846 0233 0F       		.uleb128 0xf
ARM GAS  C:\Users\AARONW~1\AppData\Local\Temp\ccC8L4ks.s 			page 21


 847 0234 A4000000 		.4byte	0xa4
 848 0238 63       		.byte	0x63
 849 0239 00       		.byte	0
 850 023a 0D       		.uleb128 0xd
 851 023b B7020000 		.4byte	.LASF35
 852 023f 01       		.byte	0x1
 853 0240 15       		.byte	0x15
 854 0241 4B020000 		.4byte	0x24b
 855 0245 05       		.uleb128 0x5
 856 0246 03       		.byte	0x3
 857 0247 00000000 		.4byte	SinWave_wave2
 858 024b 09       		.uleb128 0x9
 859 024c 2A020000 		.4byte	0x22a
 860 0250 00       		.byte	0
 861              		.section	.debug_abbrev,"",%progbits
 862              	.Ldebug_abbrev0:
 863 0000 01       		.uleb128 0x1
 864 0001 11       		.uleb128 0x11
 865 0002 01       		.byte	0x1
 866 0003 25       		.uleb128 0x25
 867 0004 0E       		.uleb128 0xe
 868 0005 13       		.uleb128 0x13
 869 0006 0B       		.uleb128 0xb
 870 0007 03       		.uleb128 0x3
 871 0008 0E       		.uleb128 0xe
 872 0009 1B       		.uleb128 0x1b
 873 000a 0E       		.uleb128 0xe
 874 000b 55       		.uleb128 0x55
 875 000c 17       		.uleb128 0x17
 876 000d 11       		.uleb128 0x11
 877 000e 01       		.uleb128 0x1
 878 000f 10       		.uleb128 0x10
 879 0010 17       		.uleb128 0x17
 880 0011 00       		.byte	0
 881 0012 00       		.byte	0
 882 0013 02       		.uleb128 0x2
 883 0014 24       		.uleb128 0x24
 884 0015 00       		.byte	0
 885 0016 0B       		.uleb128 0xb
 886 0017 0B       		.uleb128 0xb
 887 0018 3E       		.uleb128 0x3e
 888 0019 0B       		.uleb128 0xb
 889 001a 03       		.uleb128 0x3
 890 001b 0E       		.uleb128 0xe
 891 001c 00       		.byte	0
 892 001d 00       		.byte	0
 893 001e 03       		.uleb128 0x3
 894 001f 24       		.uleb128 0x24
 895 0020 00       		.byte	0
 896 0021 0B       		.uleb128 0xb
 897 0022 0B       		.uleb128 0xb
 898 0023 3E       		.uleb128 0x3e
 899 0024 0B       		.uleb128 0xb
 900 0025 03       		.uleb128 0x3
 901 0026 08       		.uleb128 0x8
 902 0027 00       		.byte	0
 903 0028 00       		.byte	0
ARM GAS  C:\Users\AARONW~1\AppData\Local\Temp\ccC8L4ks.s 			page 22


 904 0029 04       		.uleb128 0x4
 905 002a 16       		.uleb128 0x16
 906 002b 00       		.byte	0
 907 002c 03       		.uleb128 0x3
 908 002d 0E       		.uleb128 0xe
 909 002e 3A       		.uleb128 0x3a
 910 002f 0B       		.uleb128 0xb
 911 0030 3B       		.uleb128 0x3b
 912 0031 05       		.uleb128 0x5
 913 0032 49       		.uleb128 0x49
 914 0033 13       		.uleb128 0x13
 915 0034 00       		.byte	0
 916 0035 00       		.byte	0
 917 0036 05       		.uleb128 0x5
 918 0037 2E       		.uleb128 0x2e
 919 0038 00       		.byte	0
 920 0039 3F       		.uleb128 0x3f
 921 003a 19       		.uleb128 0x19
 922 003b 03       		.uleb128 0x3
 923 003c 0E       		.uleb128 0xe
 924 003d 3A       		.uleb128 0x3a
 925 003e 0B       		.uleb128 0xb
 926 003f 3B       		.uleb128 0x3b
 927 0040 0B       		.uleb128 0xb
 928 0041 27       		.uleb128 0x27
 929 0042 19       		.uleb128 0x19
 930 0043 11       		.uleb128 0x11
 931 0044 01       		.uleb128 0x1
 932 0045 12       		.uleb128 0x12
 933 0046 06       		.uleb128 0x6
 934 0047 40       		.uleb128 0x40
 935 0048 18       		.uleb128 0x18
 936 0049 9642     		.uleb128 0x2116
 937 004b 19       		.uleb128 0x19
 938 004c 00       		.byte	0
 939 004d 00       		.byte	0
 940 004e 06       		.uleb128 0x6
 941 004f 2E       		.uleb128 0x2e
 942 0050 01       		.byte	0x1
 943 0051 3F       		.uleb128 0x3f
 944 0052 19       		.uleb128 0x19
 945 0053 03       		.uleb128 0x3
 946 0054 0E       		.uleb128 0xe
 947 0055 3A       		.uleb128 0x3a
 948 0056 0B       		.uleb128 0xb
 949 0057 3B       		.uleb128 0x3b
 950 0058 0B       		.uleb128 0xb
 951 0059 27       		.uleb128 0x27
 952 005a 19       		.uleb128 0x19
 953 005b 11       		.uleb128 0x11
 954 005c 01       		.uleb128 0x1
 955 005d 12       		.uleb128 0x12
 956 005e 06       		.uleb128 0x6
 957 005f 40       		.uleb128 0x40
 958 0060 18       		.uleb128 0x18
 959 0061 9642     		.uleb128 0x2116
 960 0063 19       		.uleb128 0x19
ARM GAS  C:\Users\AARONW~1\AppData\Local\Temp\ccC8L4ks.s 			page 23


 961 0064 01       		.uleb128 0x1
 962 0065 13       		.uleb128 0x13
 963 0066 00       		.byte	0
 964 0067 00       		.byte	0
 965 0068 07       		.uleb128 0x7
 966 0069 05       		.uleb128 0x5
 967 006a 00       		.byte	0
 968 006b 03       		.uleb128 0x3
 969 006c 0E       		.uleb128 0xe
 970 006d 3A       		.uleb128 0x3a
 971 006e 0B       		.uleb128 0xb
 972 006f 3B       		.uleb128 0x3b
 973 0070 0B       		.uleb128 0xb
 974 0071 49       		.uleb128 0x49
 975 0072 13       		.uleb128 0x13
 976 0073 02       		.uleb128 0x2
 977 0074 18       		.uleb128 0x18
 978 0075 00       		.byte	0
 979 0076 00       		.byte	0
 980 0077 08       		.uleb128 0x8
 981 0078 0F       		.uleb128 0xf
 982 0079 00       		.byte	0
 983 007a 0B       		.uleb128 0xb
 984 007b 0B       		.uleb128 0xb
 985 007c 49       		.uleb128 0x49
 986 007d 13       		.uleb128 0x13
 987 007e 00       		.byte	0
 988 007f 00       		.byte	0
 989 0080 09       		.uleb128 0x9
 990 0081 26       		.uleb128 0x26
 991 0082 00       		.byte	0
 992 0083 49       		.uleb128 0x49
 993 0084 13       		.uleb128 0x13
 994 0085 00       		.byte	0
 995 0086 00       		.byte	0
 996 0087 0A       		.uleb128 0xa
 997 0088 2E       		.uleb128 0x2e
 998 0089 01       		.byte	0x1
 999 008a 3F       		.uleb128 0x3f
 1000 008b 19       		.uleb128 0x19
 1001 008c 03       		.uleb128 0x3
 1002 008d 0E       		.uleb128 0xe
 1003 008e 3A       		.uleb128 0x3a
 1004 008f 0B       		.uleb128 0xb
 1005 0090 3B       		.uleb128 0x3b
 1006 0091 05       		.uleb128 0x5
 1007 0092 27       		.uleb128 0x27
 1008 0093 19       		.uleb128 0x19
 1009 0094 11       		.uleb128 0x11
 1010 0095 01       		.uleb128 0x1
 1011 0096 12       		.uleb128 0x12
 1012 0097 06       		.uleb128 0x6
 1013 0098 40       		.uleb128 0x40
 1014 0099 18       		.uleb128 0x18
 1015 009a 9642     		.uleb128 0x2116
 1016 009c 19       		.uleb128 0x19
 1017 009d 01       		.uleb128 0x1
ARM GAS  C:\Users\AARONW~1\AppData\Local\Temp\ccC8L4ks.s 			page 24


 1018 009e 13       		.uleb128 0x13
 1019 009f 00       		.byte	0
 1020 00a0 00       		.byte	0
 1021 00a1 0B       		.uleb128 0xb
 1022 00a2 05       		.uleb128 0x5
 1023 00a3 00       		.byte	0
 1024 00a4 03       		.uleb128 0x3
 1025 00a5 0E       		.uleb128 0xe
 1026 00a6 3A       		.uleb128 0x3a
 1027 00a7 0B       		.uleb128 0xb
 1028 00a8 3B       		.uleb128 0x3b
 1029 00a9 05       		.uleb128 0x5
 1030 00aa 49       		.uleb128 0x49
 1031 00ab 13       		.uleb128 0x13
 1032 00ac 02       		.uleb128 0x2
 1033 00ad 18       		.uleb128 0x18
 1034 00ae 00       		.byte	0
 1035 00af 00       		.byte	0
 1036 00b0 0C       		.uleb128 0xc
 1037 00b1 34       		.uleb128 0x34
 1038 00b2 00       		.byte	0
 1039 00b3 03       		.uleb128 0x3
 1040 00b4 0E       		.uleb128 0xe
 1041 00b5 3A       		.uleb128 0x3a
 1042 00b6 0B       		.uleb128 0xb
 1043 00b7 3B       		.uleb128 0x3b
 1044 00b8 0B       		.uleb128 0xb
 1045 00b9 49       		.uleb128 0x49
 1046 00ba 13       		.uleb128 0x13
 1047 00bb 02       		.uleb128 0x2
 1048 00bc 18       		.uleb128 0x18
 1049 00bd 00       		.byte	0
 1050 00be 00       		.byte	0
 1051 00bf 0D       		.uleb128 0xd
 1052 00c0 34       		.uleb128 0x34
 1053 00c1 00       		.byte	0
 1054 00c2 03       		.uleb128 0x3
 1055 00c3 0E       		.uleb128 0xe
 1056 00c4 3A       		.uleb128 0x3a
 1057 00c5 0B       		.uleb128 0xb
 1058 00c6 3B       		.uleb128 0x3b
 1059 00c7 0B       		.uleb128 0xb
 1060 00c8 49       		.uleb128 0x49
 1061 00c9 13       		.uleb128 0x13
 1062 00ca 3F       		.uleb128 0x3f
 1063 00cb 19       		.uleb128 0x19
 1064 00cc 02       		.uleb128 0x2
 1065 00cd 18       		.uleb128 0x18
 1066 00ce 00       		.byte	0
 1067 00cf 00       		.byte	0
 1068 00d0 0E       		.uleb128 0xe
 1069 00d1 01       		.uleb128 0x1
 1070 00d2 01       		.byte	0x1
 1071 00d3 49       		.uleb128 0x49
 1072 00d4 13       		.uleb128 0x13
 1073 00d5 01       		.uleb128 0x1
 1074 00d6 13       		.uleb128 0x13
ARM GAS  C:\Users\AARONW~1\AppData\Local\Temp\ccC8L4ks.s 			page 25


 1075 00d7 00       		.byte	0
 1076 00d8 00       		.byte	0
 1077 00d9 0F       		.uleb128 0xf
 1078 00da 21       		.uleb128 0x21
 1079 00db 00       		.byte	0
 1080 00dc 49       		.uleb128 0x49
 1081 00dd 13       		.uleb128 0x13
 1082 00de 2F       		.uleb128 0x2f
 1083 00df 0B       		.uleb128 0xb
 1084 00e0 00       		.byte	0
 1085 00e1 00       		.byte	0
 1086 00e2 00       		.byte	0
 1087              		.section	.debug_aranges,"",%progbits
 1088 0000 4C000000 		.4byte	0x4c
 1089 0004 0200     		.2byte	0x2
 1090 0006 00000000 		.4byte	.Ldebug_info0
 1091 000a 04       		.byte	0x4
 1092 000b 00       		.byte	0
 1093 000c 0000     		.2byte	0
 1094 000e 0000     		.2byte	0
 1095 0010 00000000 		.4byte	.LFB0
 1096 0014 54000000 		.4byte	.LFE0-.LFB0
 1097 0018 00000000 		.4byte	.LFB1
 1098 001c 34000000 		.4byte	.LFE1-.LFB1
 1099 0020 00000000 		.4byte	.LFB2
 1100 0024 20000000 		.4byte	.LFE2-.LFB2
 1101 0028 00000000 		.4byte	.LFB3
 1102 002c 32000000 		.4byte	.LFE3-.LFB3
 1103 0030 00000000 		.4byte	.LFB4
 1104 0034 28000000 		.4byte	.LFE4-.LFB4
 1105 0038 00000000 		.4byte	.LFB5
 1106 003c 70000000 		.4byte	.LFE5-.LFB5
 1107 0040 00000000 		.4byte	.LFB6
 1108 0044 70000000 		.4byte	.LFE6-.LFB6
 1109 0048 00000000 		.4byte	0
 1110 004c 00000000 		.4byte	0
 1111              		.section	.debug_ranges,"",%progbits
 1112              	.Ldebug_ranges0:
 1113 0000 00000000 		.4byte	.LFB0
 1114 0004 54000000 		.4byte	.LFE0
 1115 0008 00000000 		.4byte	.LFB1
 1116 000c 34000000 		.4byte	.LFE1
 1117 0010 00000000 		.4byte	.LFB2
 1118 0014 20000000 		.4byte	.LFE2
 1119 0018 00000000 		.4byte	.LFB3
 1120 001c 32000000 		.4byte	.LFE3
 1121 0020 00000000 		.4byte	.LFB4
 1122 0024 28000000 		.4byte	.LFE4
 1123 0028 00000000 		.4byte	.LFB5
 1124 002c 70000000 		.4byte	.LFE5
 1125 0030 00000000 		.4byte	.LFB6
 1126 0034 70000000 		.4byte	.LFE6
 1127 0038 00000000 		.4byte	0
 1128 003c 00000000 		.4byte	0
 1129              		.section	.debug_line,"",%progbits
 1130              	.Ldebug_line0:
 1131 0000 E9000000 		.section	.debug_str,"MS",%progbits,1
ARM GAS  C:\Users\AARONW~1\AppData\Local\Temp\ccC8L4ks.s 			page 26


 1131      02004400 
 1131      00000201 
 1131      FB0E0D00 
 1131      01010101 
 1132              	.LASF28:
 1133 0000 53696E57 		.ascii	"SinWave_Wave2Setup\000"
 1133      6176655F 
 1133      57617665 
 1133      32536574 
 1133      757000
 1134              	.LASF38:
 1135 0013 433A5C55 		.ascii	"C:\\Users\\Aaron Wubshet\\Google Drive\\1 College\\"
 1135      73657273 
 1135      5C416172 
 1135      6F6E2057 
 1135      75627368 
 1136 0041 3220536F 		.ascii	"2 Sophomore Year\\3 SPRING\\6.115\\Final Project PS"
 1136      70686F6D 
 1136      6F726520 
 1136      59656172 
 1136      5C332053 
 1137 0071 6F432057 		.ascii	"oC Workspace\\Final Project\\External_LCD_Display.c"
 1137      6F726B73 
 1137      70616365 
 1137      5C46696E 
 1137      616C2050 
 1138 00a2 7964736E 		.ascii	"ydsn\000"
 1138      00
 1139              	.LASF17:
 1140 00a7 53696E57 		.ascii	"SinWave_Enable\000"
 1140      6176655F 
 1140      456E6162 
 1140      6C6500
 1141              	.LASF3:
 1142 00b6 73686F72 		.ascii	"short unsigned int\000"
 1142      7420756E 
 1142      7369676E 
 1142      65642069 
 1142      6E7400
 1143              	.LASF18:
 1144 00c9 53696E57 		.ascii	"SinWave_Start\000"
 1144      6176655F 
 1144      53746172 
 1144      7400
 1145              	.LASF2:
 1146 00d7 73686F72 		.ascii	"short int\000"
 1146      7420696E 
 1146      7400
 1147              	.LASF19:
 1148 00e1 77617665 		.ascii	"wavePtr1\000"
 1148      50747231 
 1148      00
 1149              	.LASF21:
 1150 00ea 77617665 		.ascii	"wavePtr2\000"
 1150      50747232 
 1150      00
 1151              	.LASF12:
ARM GAS  C:\Users\AARONW~1\AppData\Local\Temp\ccC8L4ks.s 			page 27


 1152 00f3 666C6F61 		.ascii	"float\000"
 1152      7400
 1153              	.LASF27:
 1154 00f9 73616D70 		.ascii	"sampleSize\000"
 1154      6C655369 
 1154      7A6500
 1155              	.LASF33:
 1156 0104 53696E57 		.ascii	"SinWave_initVar\000"
 1156      6176655F 
 1156      696E6974 
 1156      56617200 
 1157              	.LASF5:
 1158 0114 6C6F6E67 		.ascii	"long unsigned int\000"
 1158      20756E73 
 1158      69676E65 
 1158      6420696E 
 1158      7400
 1159              	.LASF26:
 1160 0126 77617665 		.ascii	"wavePtr\000"
 1160      50747200 
 1161              	.LASF9:
 1162 012e 75696E74 		.ascii	"uint8\000"
 1162      3800
 1163              	.LASF20:
 1164 0134 73616D70 		.ascii	"sampleSize1\000"
 1164      6C655369 
 1164      7A653100 
 1165              	.LASF22:
 1166 0140 73616D70 		.ascii	"sampleSize2\000"
 1166      6C655369 
 1166      7A653200 
 1167              	.LASF1:
 1168 014c 756E7369 		.ascii	"unsigned char\000"
 1168      676E6564 
 1168      20636861 
 1168      7200
 1169              	.LASF36:
 1170 015a 474E5520 		.ascii	"GNU C 4.9.3 20150303 (release) [ARM/embedded-4_9-br"
 1170      4320342E 
 1170      392E3320 
 1170      32303135 
 1170      30333033 
 1171 018d 616E6368 		.ascii	"anch revision 221220] -mcpu=cortex-m3 -mthumb -g -O"
 1171      20726576 
 1171      6973696F 
 1171      6E203232 
 1171      31323230 
 1172 01c0 30202D66 		.ascii	"0 -ffunction-sections -ffat-lto-objects\000"
 1172      66756E63 
 1172      74696F6E 
 1172      2D736563 
 1172      74696F6E 
 1173              	.LASF13:
 1174 01e8 646F7562 		.ascii	"double\000"
 1174      6C6500
 1175              	.LASF23:
 1176 01ef 53696E57 		.ascii	"SinWave_Stop\000"
ARM GAS  C:\Users\AARONW~1\AppData\Local\Temp\ccC8L4ks.s 			page 28


 1176      6176655F 
 1176      53746F70 
 1176      00
 1177              	.LASF10:
 1178 01fc 75696E74 		.ascii	"uint16\000"
 1178      313600
 1179              	.LASF29:
 1180 0203 53696E57 		.ascii	"SinWave_Wave1Chan\000"
 1180      6176655F 
 1180      57617665 
 1180      31436861 
 1180      6E00
 1181              	.LASF11:
 1182 0215 75696E74 		.ascii	"uint32\000"
 1182      333200
 1183              	.LASF24:
 1184 021c 53696E57 		.ascii	"SinWave_StartEx\000"
 1184      6176655F 
 1184      53746172 
 1184      74457800 
 1185              	.LASF8:
 1186 022c 756E7369 		.ascii	"unsigned int\000"
 1186      676E6564 
 1186      20696E74 
 1186      00
 1187              	.LASF7:
 1188 0239 6C6F6E67 		.ascii	"long long unsigned int\000"
 1188      206C6F6E 
 1188      6720756E 
 1188      7369676E 
 1188      65642069 
 1189              	.LASF31:
 1190 0250 53696E57 		.ascii	"SinWave_Wave1TD\000"
 1190      6176655F 
 1190      57617665 
 1190      31544400 
 1191              	.LASF16:
 1192 0260 53696E57 		.ascii	"SinWave_Init\000"
 1192      6176655F 
 1192      496E6974 
 1192      00
 1193              	.LASF15:
 1194 026d 73697A65 		.ascii	"sizetype\000"
 1194      74797065 
 1194      00
 1195              	.LASF6:
 1196 0276 6C6F6E67 		.ascii	"long long int\000"
 1196      206C6F6E 
 1196      6720696E 
 1196      7400
 1197              	.LASF25:
 1198 0284 53696E57 		.ascii	"SinWave_Wave1Setup\000"
 1198      6176655F 
 1198      57617665 
 1198      31536574 
 1198      757000
 1199              	.LASF30:
ARM GAS  C:\Users\AARONW~1\AppData\Local\Temp\ccC8L4ks.s 			page 29


 1200 0297 53696E57 		.ascii	"SinWave_Wave2Chan\000"
 1200      6176655F 
 1200      57617665 
 1200      32436861 
 1200      6E00
 1201              	.LASF34:
 1202 02a9 53696E57 		.ascii	"SinWave_wave1\000"
 1202      6176655F 
 1202      77617665 
 1202      3100
 1203              	.LASF35:
 1204 02b7 53696E57 		.ascii	"SinWave_wave2\000"
 1204      6176655F 
 1204      77617665 
 1204      3200
 1205              	.LASF37:
 1206 02c5 47656E65 		.ascii	"Generated_Source\\PSoC5\\SinWave.c\000"
 1206      72617465 
 1206      645F536F 
 1206      75726365 
 1206      5C50536F 
 1207              	.LASF4:
 1208 02e6 6C6F6E67 		.ascii	"long int\000"
 1208      20696E74 
 1208      00
 1209              	.LASF14:
 1210 02ef 63686172 		.ascii	"char\000"
 1210      00
 1211              	.LASF0:
 1212 02f4 7369676E 		.ascii	"signed char\000"
 1212      65642063 
 1212      68617200 
 1213              	.LASF32:
 1214 0300 53696E57 		.ascii	"SinWave_Wave2TD\000"
 1214      6176655F 
 1214      57617665 
 1214      32544400 
 1215              		.ident	"GCC: (GNU Tools for ARM Embedded Processors) 4.9.3 20150303 (release) [ARM/embedded-4_9-br
