ARM GAS  C:\Users\AARONW~1\AppData\Local\Temp\cc9JlVti.s 			page 1


   1              		.syntax unified
   2              		.cpu cortex-m3
   3              		.fpu softvfp
   4              		.eabi_attribute 20, 1
   5              		.eabi_attribute 21, 1
   6              		.eabi_attribute 23, 3
   7              		.eabi_attribute 24, 1
   8              		.eabi_attribute 25, 1
   9              		.eabi_attribute 26, 1
  10              		.eabi_attribute 30, 6
  11              		.eabi_attribute 34, 1
  12              		.eabi_attribute 18, 4
  13              		.thumb
  14              		.file	"Song1Count.c"
  15              		.text
  16              	.Ltext0:
  17              		.cfi_sections	.debug_frame
  18              		.section	.text.Song1Count_Write,"ax",%progbits
  19              		.align	2
  20              		.global	Song1Count_Write
  21              		.thumb
  22              		.thumb_func
  23              		.type	Song1Count_Write, %function
  24              	Song1Count_Write:
  25              	.LFB0:
  26              		.file 1 "Generated_Source\\PSoC5\\Song1Count.c"
   1:Generated_Source\PSoC5/Song1Count.c **** /*******************************************************************************
   2:Generated_Source\PSoC5/Song1Count.c **** * File Name: Song1Count.c  
   3:Generated_Source\PSoC5/Song1Count.c **** * Version 2.20
   4:Generated_Source\PSoC5/Song1Count.c **** *
   5:Generated_Source\PSoC5/Song1Count.c **** * Description:
   6:Generated_Source\PSoC5/Song1Count.c **** *  This file contains API to enable firmware control of a Pins component.
   7:Generated_Source\PSoC5/Song1Count.c **** *
   8:Generated_Source\PSoC5/Song1Count.c **** * Note:
   9:Generated_Source\PSoC5/Song1Count.c **** *
  10:Generated_Source\PSoC5/Song1Count.c **** ********************************************************************************
  11:Generated_Source\PSoC5/Song1Count.c **** * Copyright 2008-2015, Cypress Semiconductor Corporation.  All rights reserved.
  12:Generated_Source\PSoC5/Song1Count.c **** * You may use this file only in accordance with the license, terms, conditions, 
  13:Generated_Source\PSoC5/Song1Count.c **** * disclaimers, and limitations in the end user license agreement accompanying 
  14:Generated_Source\PSoC5/Song1Count.c **** * the software package with which this file was provided.
  15:Generated_Source\PSoC5/Song1Count.c **** *******************************************************************************/
  16:Generated_Source\PSoC5/Song1Count.c **** 
  17:Generated_Source\PSoC5/Song1Count.c **** #include "cytypes.h"
  18:Generated_Source\PSoC5/Song1Count.c **** #include "Song1Count.h"
  19:Generated_Source\PSoC5/Song1Count.c **** 
  20:Generated_Source\PSoC5/Song1Count.c **** /* APIs are not generated for P15[7:6] on PSoC 5 */
  21:Generated_Source\PSoC5/Song1Count.c **** #if !(CY_PSOC5A &&\
  22:Generated_Source\PSoC5/Song1Count.c **** 	 Song1Count__PORT == 15 && ((Song1Count__MASK & 0xC0) != 0))
  23:Generated_Source\PSoC5/Song1Count.c **** 
  24:Generated_Source\PSoC5/Song1Count.c **** 
  25:Generated_Source\PSoC5/Song1Count.c **** /*******************************************************************************
  26:Generated_Source\PSoC5/Song1Count.c **** * Function Name: Song1Count_Write
  27:Generated_Source\PSoC5/Song1Count.c **** ****************************************************************************//**
  28:Generated_Source\PSoC5/Song1Count.c **** *
  29:Generated_Source\PSoC5/Song1Count.c **** * \brief Writes the value to the physical port (data output register), masking
  30:Generated_Source\PSoC5/Song1Count.c **** *  and shifting the bits appropriately. 
  31:Generated_Source\PSoC5/Song1Count.c **** *
ARM GAS  C:\Users\AARONW~1\AppData\Local\Temp\cc9JlVti.s 			page 2


  32:Generated_Source\PSoC5/Song1Count.c **** * The data output register controls the signal applied to the physical pin in 
  33:Generated_Source\PSoC5/Song1Count.c **** * conjunction with the drive mode parameter. This function avoids changing 
  34:Generated_Source\PSoC5/Song1Count.c **** * other bits in the port by using the appropriate method (read-modify-write or
  35:Generated_Source\PSoC5/Song1Count.c **** * bit banding).
  36:Generated_Source\PSoC5/Song1Count.c **** *
  37:Generated_Source\PSoC5/Song1Count.c **** * <b>Note</b> This function should not be used on a hardware digital output pin 
  38:Generated_Source\PSoC5/Song1Count.c **** * as it is driven by the hardware signal attached to it.
  39:Generated_Source\PSoC5/Song1Count.c **** *
  40:Generated_Source\PSoC5/Song1Count.c **** * \param value
  41:Generated_Source\PSoC5/Song1Count.c **** *  Value to write to the component instance.
  42:Generated_Source\PSoC5/Song1Count.c **** *
  43:Generated_Source\PSoC5/Song1Count.c **** * \return 
  44:Generated_Source\PSoC5/Song1Count.c **** *  None 
  45:Generated_Source\PSoC5/Song1Count.c **** *
  46:Generated_Source\PSoC5/Song1Count.c **** * \sideeffect
  47:Generated_Source\PSoC5/Song1Count.c **** *  If you use read-modify-write operations that are not atomic; the Interrupt 
  48:Generated_Source\PSoC5/Song1Count.c **** *  Service Routines (ISR) can cause corruption of this function. An ISR that 
  49:Generated_Source\PSoC5/Song1Count.c **** *  interrupts this function and performs writes to the Pins component data 
  50:Generated_Source\PSoC5/Song1Count.c **** *  register can cause corrupted port data. To avoid this issue, you should 
  51:Generated_Source\PSoC5/Song1Count.c **** *  either use the Per-Pin APIs (primary method) or disable interrupts around 
  52:Generated_Source\PSoC5/Song1Count.c **** *  this function.
  53:Generated_Source\PSoC5/Song1Count.c **** *
  54:Generated_Source\PSoC5/Song1Count.c **** * \funcusage
  55:Generated_Source\PSoC5/Song1Count.c **** *  \snippet Song1Count_SUT.c usage_Song1Count_Write
  56:Generated_Source\PSoC5/Song1Count.c **** *******************************************************************************/
  57:Generated_Source\PSoC5/Song1Count.c **** void Song1Count_Write(uint8 value)
  58:Generated_Source\PSoC5/Song1Count.c **** {
  27              		.loc 1 58 0
  28              		.cfi_startproc
  29              		@ args = 0, pretend = 0, frame = 16
  30              		@ frame_needed = 1, uses_anonymous_args = 0
  31              		@ link register save eliminated.
  32 0000 80B4     		push	{r7}
  33              		.cfi_def_cfa_offset 4
  34              		.cfi_offset 7, -4
  35 0002 85B0     		sub	sp, sp, #20
  36              		.cfi_def_cfa_offset 24
  37 0004 00AF     		add	r7, sp, #0
  38              		.cfi_def_cfa_register 7
  39 0006 0346     		mov	r3, r0
  40 0008 FB71     		strb	r3, [r7, #7]
  59:Generated_Source\PSoC5/Song1Count.c ****     uint8 staticBits = (Song1Count_DR & (uint8)(~Song1Count_MASK));
  41              		.loc 1 59 0
  42 000a 094B     		ldr	r3, .L2
  43 000c 1B78     		ldrb	r3, [r3]
  44 000e DBB2     		uxtb	r3, r3
  45 0010 03F00F03 		and	r3, r3, #15
  46 0014 FB73     		strb	r3, [r7, #15]
  60:Generated_Source\PSoC5/Song1Count.c ****     Song1Count_DR = staticBits | ((uint8)(value << Song1Count_SHIFT) & Song1Count_MASK);
  47              		.loc 1 60 0
  48 0016 0649     		ldr	r1, .L2
  49 0018 FB79     		ldrb	r3, [r7, #7]
  50 001a 1B01     		lsls	r3, r3, #4
  51 001c DAB2     		uxtb	r2, r3
  52 001e FB7B     		ldrb	r3, [r7, #15]
  53 0020 1343     		orrs	r3, r3, r2
  54 0022 DBB2     		uxtb	r3, r3
ARM GAS  C:\Users\AARONW~1\AppData\Local\Temp\cc9JlVti.s 			page 3


  55 0024 0B70     		strb	r3, [r1]
  61:Generated_Source\PSoC5/Song1Count.c **** }
  56              		.loc 1 61 0
  57 0026 1437     		adds	r7, r7, #20
  58              		.cfi_def_cfa_offset 4
  59 0028 BD46     		mov	sp, r7
  60              		.cfi_def_cfa_register 13
  61              		@ sp needed
  62 002a 5DF8047B 		ldr	r7, [sp], #4
  63              		.cfi_restore 7
  64              		.cfi_def_cfa_offset 0
  65 002e 7047     		bx	lr
  66              	.L3:
  67              		.align	2
  68              	.L2:
  69 0030 30510040 		.word	1073762608
  70              		.cfi_endproc
  71              	.LFE0:
  72              		.size	Song1Count_Write, .-Song1Count_Write
  73              		.section	.text.Song1Count_SetDriveMode,"ax",%progbits
  74              		.align	2
  75              		.global	Song1Count_SetDriveMode
  76              		.thumb
  77              		.thumb_func
  78              		.type	Song1Count_SetDriveMode, %function
  79              	Song1Count_SetDriveMode:
  80              	.LFB1:
  62:Generated_Source\PSoC5/Song1Count.c **** 
  63:Generated_Source\PSoC5/Song1Count.c **** 
  64:Generated_Source\PSoC5/Song1Count.c **** /*******************************************************************************
  65:Generated_Source\PSoC5/Song1Count.c **** * Function Name: Song1Count_SetDriveMode
  66:Generated_Source\PSoC5/Song1Count.c **** ****************************************************************************//**
  67:Generated_Source\PSoC5/Song1Count.c **** *
  68:Generated_Source\PSoC5/Song1Count.c **** * \brief Sets the drive mode for each of the Pins component's pins.
  69:Generated_Source\PSoC5/Song1Count.c **** * 
  70:Generated_Source\PSoC5/Song1Count.c **** * <b>Note</b> This affects all pins in the Pins component instance. Use the
  71:Generated_Source\PSoC5/Song1Count.c **** * Per-Pin APIs if you wish to control individual pin's drive modes.
  72:Generated_Source\PSoC5/Song1Count.c **** *
  73:Generated_Source\PSoC5/Song1Count.c **** * \param mode
  74:Generated_Source\PSoC5/Song1Count.c **** *  Mode for the selected signals. Valid options are documented in 
  75:Generated_Source\PSoC5/Song1Count.c **** *  \ref driveMode.
  76:Generated_Source\PSoC5/Song1Count.c **** *
  77:Generated_Source\PSoC5/Song1Count.c **** * \return
  78:Generated_Source\PSoC5/Song1Count.c **** *  None
  79:Generated_Source\PSoC5/Song1Count.c **** *
  80:Generated_Source\PSoC5/Song1Count.c **** * \sideeffect
  81:Generated_Source\PSoC5/Song1Count.c **** *  If you use read-modify-write operations that are not atomic, the ISR can
  82:Generated_Source\PSoC5/Song1Count.c **** *  cause corruption of this function. An ISR that interrupts this function 
  83:Generated_Source\PSoC5/Song1Count.c **** *  and performs writes to the Pins component Drive Mode registers can cause 
  84:Generated_Source\PSoC5/Song1Count.c **** *  corrupted port data. To avoid this issue, you should either use the Per-Pin
  85:Generated_Source\PSoC5/Song1Count.c **** *  APIs (primary method) or disable interrupts around this function.
  86:Generated_Source\PSoC5/Song1Count.c **** *
  87:Generated_Source\PSoC5/Song1Count.c **** * \funcusage
  88:Generated_Source\PSoC5/Song1Count.c **** *  \snippet Song1Count_SUT.c usage_Song1Count_SetDriveMode
  89:Generated_Source\PSoC5/Song1Count.c **** *******************************************************************************/
  90:Generated_Source\PSoC5/Song1Count.c **** void Song1Count_SetDriveMode(uint8 mode)
  91:Generated_Source\PSoC5/Song1Count.c **** {
ARM GAS  C:\Users\AARONW~1\AppData\Local\Temp\cc9JlVti.s 			page 4


  81              		.loc 1 91 0
  82              		.cfi_startproc
  83              		@ args = 0, pretend = 0, frame = 8
  84              		@ frame_needed = 1, uses_anonymous_args = 0
  85              		@ link register save eliminated.
  86 0000 80B4     		push	{r7}
  87              		.cfi_def_cfa_offset 4
  88              		.cfi_offset 7, -4
  89 0002 83B0     		sub	sp, sp, #12
  90              		.cfi_def_cfa_offset 16
  91 0004 00AF     		add	r7, sp, #0
  92              		.cfi_def_cfa_register 7
  93 0006 0346     		mov	r3, r0
  94 0008 FB71     		strb	r3, [r7, #7]
  92:Generated_Source\PSoC5/Song1Count.c **** 	CyPins_SetPinDriveMode(Song1Count_0, mode);
  95              		.loc 1 92 0
  96 000a 224B     		ldr	r3, .L5
  97 000c 214A     		ldr	r2, .L5
  98 000e 1278     		ldrb	r2, [r2]
  99 0010 D2B2     		uxtb	r2, r2
 100 0012 D2B2     		uxtb	r2, r2
 101 0014 22F00E02 		bic	r2, r2, #14
 102 0018 D1B2     		uxtb	r1, r2
 103 001a FA79     		ldrb	r2, [r7, #7]	@ zero_extendqisi2
 104 001c 02F00E02 		and	r2, r2, #14
 105 0020 D2B2     		uxtb	r2, r2
 106 0022 0A43     		orrs	r2, r2, r1
 107 0024 D2B2     		uxtb	r2, r2
 108 0026 D2B2     		uxtb	r2, r2
 109 0028 1A70     		strb	r2, [r3]
  93:Generated_Source\PSoC5/Song1Count.c **** 	CyPins_SetPinDriveMode(Song1Count_1, mode);
 110              		.loc 1 93 0
 111 002a 1B4B     		ldr	r3, .L5+4
 112 002c 1A4A     		ldr	r2, .L5+4
 113 002e 1278     		ldrb	r2, [r2]
 114 0030 D2B2     		uxtb	r2, r2
 115 0032 D2B2     		uxtb	r2, r2
 116 0034 22F00E02 		bic	r2, r2, #14
 117 0038 D1B2     		uxtb	r1, r2
 118 003a FA79     		ldrb	r2, [r7, #7]	@ zero_extendqisi2
 119 003c 02F00E02 		and	r2, r2, #14
 120 0040 D2B2     		uxtb	r2, r2
 121 0042 0A43     		orrs	r2, r2, r1
 122 0044 D2B2     		uxtb	r2, r2
 123 0046 D2B2     		uxtb	r2, r2
 124 0048 1A70     		strb	r2, [r3]
  94:Generated_Source\PSoC5/Song1Count.c **** 	CyPins_SetPinDriveMode(Song1Count_2, mode);
 125              		.loc 1 94 0
 126 004a 144B     		ldr	r3, .L5+8
 127 004c 134A     		ldr	r2, .L5+8
 128 004e 1278     		ldrb	r2, [r2]
 129 0050 D2B2     		uxtb	r2, r2
 130 0052 D2B2     		uxtb	r2, r2
 131 0054 22F00E02 		bic	r2, r2, #14
 132 0058 D1B2     		uxtb	r1, r2
 133 005a FA79     		ldrb	r2, [r7, #7]	@ zero_extendqisi2
 134 005c 02F00E02 		and	r2, r2, #14
ARM GAS  C:\Users\AARONW~1\AppData\Local\Temp\cc9JlVti.s 			page 5


 135 0060 D2B2     		uxtb	r2, r2
 136 0062 0A43     		orrs	r2, r2, r1
 137 0064 D2B2     		uxtb	r2, r2
 138 0066 D2B2     		uxtb	r2, r2
 139 0068 1A70     		strb	r2, [r3]
  95:Generated_Source\PSoC5/Song1Count.c **** 	CyPins_SetPinDriveMode(Song1Count_3, mode);
 140              		.loc 1 95 0
 141 006a 0D4B     		ldr	r3, .L5+12
 142 006c 0C4A     		ldr	r2, .L5+12
 143 006e 1278     		ldrb	r2, [r2]
 144 0070 D2B2     		uxtb	r2, r2
 145 0072 D2B2     		uxtb	r2, r2
 146 0074 22F00E02 		bic	r2, r2, #14
 147 0078 D1B2     		uxtb	r1, r2
 148 007a FA79     		ldrb	r2, [r7, #7]	@ zero_extendqisi2
 149 007c 02F00E02 		and	r2, r2, #14
 150 0080 D2B2     		uxtb	r2, r2
 151 0082 0A43     		orrs	r2, r2, r1
 152 0084 D2B2     		uxtb	r2, r2
 153 0086 D2B2     		uxtb	r2, r2
 154 0088 1A70     		strb	r2, [r3]
  96:Generated_Source\PSoC5/Song1Count.c **** }
 155              		.loc 1 96 0
 156 008a 0C37     		adds	r7, r7, #12
 157              		.cfi_def_cfa_offset 4
 158 008c BD46     		mov	sp, r7
 159              		.cfi_def_cfa_register 13
 160              		@ sp needed
 161 008e 5DF8047B 		ldr	r7, [sp], #4
 162              		.cfi_restore 7
 163              		.cfi_def_cfa_offset 0
 164 0092 7047     		bx	lr
 165              	.L6:
 166              		.align	2
 167              	.L5:
 168 0094 1C500040 		.word	1073762332
 169 0098 1D500040 		.word	1073762333
 170 009c 1E500040 		.word	1073762334
 171 00a0 1F500040 		.word	1073762335
 172              		.cfi_endproc
 173              	.LFE1:
 174              		.size	Song1Count_SetDriveMode, .-Song1Count_SetDriveMode
 175              		.section	.text.Song1Count_Read,"ax",%progbits
 176              		.align	2
 177              		.global	Song1Count_Read
 178              		.thumb
 179              		.thumb_func
 180              		.type	Song1Count_Read, %function
 181              	Song1Count_Read:
 182              	.LFB2:
  97:Generated_Source\PSoC5/Song1Count.c **** 
  98:Generated_Source\PSoC5/Song1Count.c **** 
  99:Generated_Source\PSoC5/Song1Count.c **** /*******************************************************************************
 100:Generated_Source\PSoC5/Song1Count.c **** * Function Name: Song1Count_Read
 101:Generated_Source\PSoC5/Song1Count.c **** ****************************************************************************//**
 102:Generated_Source\PSoC5/Song1Count.c **** *
 103:Generated_Source\PSoC5/Song1Count.c **** * \brief Reads the associated physical port (pin status register) and masks 
ARM GAS  C:\Users\AARONW~1\AppData\Local\Temp\cc9JlVti.s 			page 6


 104:Generated_Source\PSoC5/Song1Count.c **** *  the required bits according to the width and bit position of the component
 105:Generated_Source\PSoC5/Song1Count.c **** *  instance. 
 106:Generated_Source\PSoC5/Song1Count.c **** *
 107:Generated_Source\PSoC5/Song1Count.c **** * The pin's status register returns the current logic level present on the 
 108:Generated_Source\PSoC5/Song1Count.c **** * physical pin.
 109:Generated_Source\PSoC5/Song1Count.c **** *
 110:Generated_Source\PSoC5/Song1Count.c **** * \return 
 111:Generated_Source\PSoC5/Song1Count.c **** *  The current value for the pins in the component as a right justified number.
 112:Generated_Source\PSoC5/Song1Count.c **** *
 113:Generated_Source\PSoC5/Song1Count.c **** * \funcusage
 114:Generated_Source\PSoC5/Song1Count.c **** *  \snippet Song1Count_SUT.c usage_Song1Count_Read  
 115:Generated_Source\PSoC5/Song1Count.c **** *******************************************************************************/
 116:Generated_Source\PSoC5/Song1Count.c **** uint8 Song1Count_Read(void)
 117:Generated_Source\PSoC5/Song1Count.c **** {
 183              		.loc 1 117 0
 184              		.cfi_startproc
 185              		@ args = 0, pretend = 0, frame = 0
 186              		@ frame_needed = 1, uses_anonymous_args = 0
 187              		@ link register save eliminated.
 188 0000 80B4     		push	{r7}
 189              		.cfi_def_cfa_offset 4
 190              		.cfi_offset 7, -4
 191 0002 00AF     		add	r7, sp, #0
 192              		.cfi_def_cfa_register 7
 118:Generated_Source\PSoC5/Song1Count.c ****     return (Song1Count_PS & Song1Count_MASK) >> Song1Count_SHIFT;
 193              		.loc 1 118 0
 194 0004 044B     		ldr	r3, .L9
 195 0006 1B78     		ldrb	r3, [r3]
 196 0008 DBB2     		uxtb	r3, r3
 197 000a 1B09     		lsrs	r3, r3, #4
 198 000c DBB2     		uxtb	r3, r3
 119:Generated_Source\PSoC5/Song1Count.c **** }
 199              		.loc 1 119 0
 200 000e 1846     		mov	r0, r3
 201 0010 BD46     		mov	sp, r7
 202              		.cfi_def_cfa_register 13
 203              		@ sp needed
 204 0012 5DF8047B 		ldr	r7, [sp], #4
 205              		.cfi_restore 7
 206              		.cfi_def_cfa_offset 0
 207 0016 7047     		bx	lr
 208              	.L10:
 209              		.align	2
 210              	.L9:
 211 0018 31510040 		.word	1073762609
 212              		.cfi_endproc
 213              	.LFE2:
 214              		.size	Song1Count_Read, .-Song1Count_Read
 215              		.section	.text.Song1Count_ReadDataReg,"ax",%progbits
 216              		.align	2
 217              		.global	Song1Count_ReadDataReg
 218              		.thumb
 219              		.thumb_func
 220              		.type	Song1Count_ReadDataReg, %function
 221              	Song1Count_ReadDataReg:
 222              	.LFB3:
 120:Generated_Source\PSoC5/Song1Count.c **** 
ARM GAS  C:\Users\AARONW~1\AppData\Local\Temp\cc9JlVti.s 			page 7


 121:Generated_Source\PSoC5/Song1Count.c **** 
 122:Generated_Source\PSoC5/Song1Count.c **** /*******************************************************************************
 123:Generated_Source\PSoC5/Song1Count.c **** * Function Name: Song1Count_ReadDataReg
 124:Generated_Source\PSoC5/Song1Count.c **** ****************************************************************************//**
 125:Generated_Source\PSoC5/Song1Count.c **** *
 126:Generated_Source\PSoC5/Song1Count.c **** * \brief Reads the associated physical port's data output register and masks 
 127:Generated_Source\PSoC5/Song1Count.c **** *  the correct bits according to the width and bit position of the component 
 128:Generated_Source\PSoC5/Song1Count.c **** *  instance. 
 129:Generated_Source\PSoC5/Song1Count.c **** *
 130:Generated_Source\PSoC5/Song1Count.c **** * The data output register controls the signal applied to the physical pin in 
 131:Generated_Source\PSoC5/Song1Count.c **** * conjunction with the drive mode parameter. This is not the same as the 
 132:Generated_Source\PSoC5/Song1Count.c **** * preferred Song1Count_Read() API because the 
 133:Generated_Source\PSoC5/Song1Count.c **** * Song1Count_ReadDataReg() reads the data register instead of the status 
 134:Generated_Source\PSoC5/Song1Count.c **** * register. For output pins this is a useful function to determine the value 
 135:Generated_Source\PSoC5/Song1Count.c **** * just written to the pin.
 136:Generated_Source\PSoC5/Song1Count.c **** *
 137:Generated_Source\PSoC5/Song1Count.c **** * \return 
 138:Generated_Source\PSoC5/Song1Count.c **** *  The current value of the data register masked and shifted into a right 
 139:Generated_Source\PSoC5/Song1Count.c **** *  justified number for the component instance.
 140:Generated_Source\PSoC5/Song1Count.c **** *
 141:Generated_Source\PSoC5/Song1Count.c **** * \funcusage
 142:Generated_Source\PSoC5/Song1Count.c **** *  \snippet Song1Count_SUT.c usage_Song1Count_ReadDataReg 
 143:Generated_Source\PSoC5/Song1Count.c **** *******************************************************************************/
 144:Generated_Source\PSoC5/Song1Count.c **** uint8 Song1Count_ReadDataReg(void)
 145:Generated_Source\PSoC5/Song1Count.c **** {
 223              		.loc 1 145 0
 224              		.cfi_startproc
 225              		@ args = 0, pretend = 0, frame = 0
 226              		@ frame_needed = 1, uses_anonymous_args = 0
 227              		@ link register save eliminated.
 228 0000 80B4     		push	{r7}
 229              		.cfi_def_cfa_offset 4
 230              		.cfi_offset 7, -4
 231 0002 00AF     		add	r7, sp, #0
 232              		.cfi_def_cfa_register 7
 146:Generated_Source\PSoC5/Song1Count.c ****     return (Song1Count_DR & Song1Count_MASK) >> Song1Count_SHIFT;
 233              		.loc 1 146 0
 234 0004 044B     		ldr	r3, .L13
 235 0006 1B78     		ldrb	r3, [r3]
 236 0008 DBB2     		uxtb	r3, r3
 237 000a 1B09     		lsrs	r3, r3, #4
 238 000c DBB2     		uxtb	r3, r3
 147:Generated_Source\PSoC5/Song1Count.c **** }
 239              		.loc 1 147 0
 240 000e 1846     		mov	r0, r3
 241 0010 BD46     		mov	sp, r7
 242              		.cfi_def_cfa_register 13
 243              		@ sp needed
 244 0012 5DF8047B 		ldr	r7, [sp], #4
 245              		.cfi_restore 7
 246              		.cfi_def_cfa_offset 0
 247 0016 7047     		bx	lr
 248              	.L14:
 249              		.align	2
 250              	.L13:
 251 0018 30510040 		.word	1073762608
 252              		.cfi_endproc
ARM GAS  C:\Users\AARONW~1\AppData\Local\Temp\cc9JlVti.s 			page 8


 253              	.LFE3:
 254              		.size	Song1Count_ReadDataReg, .-Song1Count_ReadDataReg
 255              		.text
 256              	.Letext0:
 257              		.file 2 "Generated_Source\\PSoC5\\cytypes.h"
 258              		.section	.debug_info,"",%progbits
 259              	.Ldebug_info0:
 260 0000 1A010000 		.4byte	0x11a
 261 0004 0400     		.2byte	0x4
 262 0006 00000000 		.4byte	.Ldebug_abbrev0
 263 000a 04       		.byte	0x4
 264 000b 01       		.uleb128 0x1
 265 000c 11000000 		.4byte	.LASF20
 266 0010 01       		.byte	0x1
 267 0011 B7000000 		.4byte	.LASF21
 268 0015 44010000 		.4byte	.LASF22
 269 0019 00000000 		.4byte	.Ldebug_ranges0+0
 270 001d 00000000 		.4byte	0
 271 0021 00000000 		.4byte	.Ldebug_line0
 272 0025 02       		.uleb128 0x2
 273 0026 01       		.byte	0x1
 274 0027 06       		.byte	0x6
 275 0028 19020000 		.4byte	.LASF0
 276 002c 02       		.uleb128 0x2
 277 002d 01       		.byte	0x1
 278 002e 08       		.byte	0x8
 279 002f E1000000 		.4byte	.LASF1
 280 0033 02       		.uleb128 0x2
 281 0034 02       		.byte	0x2
 282 0035 05       		.byte	0x5
 283 0036 F0010000 		.4byte	.LASF2
 284 003a 02       		.uleb128 0x2
 285 003b 02       		.byte	0x2
 286 003c 07       		.byte	0x7
 287 003d 06010000 		.4byte	.LASF3
 288 0041 02       		.uleb128 0x2
 289 0042 04       		.byte	0x4
 290 0043 05       		.byte	0x5
 291 0044 00020000 		.4byte	.LASF4
 292 0048 02       		.uleb128 0x2
 293 0049 04       		.byte	0x4
 294 004a 07       		.byte	0x7
 295 004b F4000000 		.4byte	.LASF5
 296 004f 02       		.uleb128 0x2
 297 0050 08       		.byte	0x8
 298 0051 05       		.byte	0x5
 299 0052 DD010000 		.4byte	.LASF6
 300 0056 02       		.uleb128 0x2
 301 0057 08       		.byte	0x8
 302 0058 07       		.byte	0x7
 303 0059 2D010000 		.4byte	.LASF7
 304 005d 03       		.uleb128 0x3
 305 005e 04       		.byte	0x4
 306 005f 05       		.byte	0x5
 307 0060 696E7400 		.ascii	"int\000"
 308 0064 02       		.uleb128 0x2
 309 0065 04       		.byte	0x4
ARM GAS  C:\Users\AARONW~1\AppData\Local\Temp\cc9JlVti.s 			page 9


 310 0066 07       		.byte	0x7
 311 0067 20010000 		.4byte	.LASF8
 312 006b 04       		.uleb128 0x4
 313 006c FA010000 		.4byte	.LASF12
 314 0070 02       		.byte	0x2
 315 0071 9201     		.2byte	0x192
 316 0073 2C000000 		.4byte	0x2c
 317 0077 02       		.uleb128 0x2
 318 0078 04       		.byte	0x4
 319 0079 04       		.byte	0x4
 320 007a DB000000 		.4byte	.LASF9
 321 007e 02       		.uleb128 0x2
 322 007f 08       		.byte	0x8
 323 0080 04       		.byte	0x4
 324 0081 19010000 		.4byte	.LASF10
 325 0085 02       		.uleb128 0x2
 326 0086 01       		.byte	0x1
 327 0087 08       		.byte	0x8
 328 0088 EB010000 		.4byte	.LASF11
 329 008c 04       		.uleb128 0x4
 330 008d EF000000 		.4byte	.LASF13
 331 0091 02       		.byte	0x2
 332 0092 3C02     		.2byte	0x23c
 333 0094 98000000 		.4byte	0x98
 334 0098 05       		.uleb128 0x5
 335 0099 6B000000 		.4byte	0x6b
 336 009d 06       		.uleb128 0x6
 337 009e 3C020000 		.4byte	.LASF14
 338 00a2 01       		.byte	0x1
 339 00a3 39       		.byte	0x39
 340 00a4 00000000 		.4byte	.LFB0
 341 00a8 34000000 		.4byte	.LFE0-.LFB0
 342 00ac 01       		.uleb128 0x1
 343 00ad 9C       		.byte	0x9c
 344 00ae CF000000 		.4byte	0xcf
 345 00b2 07       		.uleb128 0x7
 346 00b3 00000000 		.4byte	.LASF16
 347 00b7 01       		.byte	0x1
 348 00b8 39       		.byte	0x39
 349 00b9 6B000000 		.4byte	0x6b
 350 00bd 02       		.uleb128 0x2
 351 00be 91       		.byte	0x91
 352 00bf 6F       		.sleb128 -17
 353 00c0 08       		.uleb128 0x8
 354 00c1 06000000 		.4byte	.LASF23
 355 00c5 01       		.byte	0x1
 356 00c6 3B       		.byte	0x3b
 357 00c7 6B000000 		.4byte	0x6b
 358 00cb 02       		.uleb128 0x2
 359 00cc 91       		.byte	0x91
 360 00cd 77       		.sleb128 -9
 361 00ce 00       		.byte	0
 362 00cf 06       		.uleb128 0x6
 363 00d0 9F000000 		.4byte	.LASF15
 364 00d4 01       		.byte	0x1
 365 00d5 5A       		.byte	0x5a
 366 00d6 00000000 		.4byte	.LFB1
ARM GAS  C:\Users\AARONW~1\AppData\Local\Temp\cc9JlVti.s 			page 10


 367 00da A4000000 		.4byte	.LFE1-.LFB1
 368 00de 01       		.uleb128 0x1
 369 00df 9C       		.byte	0x9c
 370 00e0 F3000000 		.4byte	0xf3
 371 00e4 07       		.uleb128 0x7
 372 00e5 D8010000 		.4byte	.LASF17
 373 00e9 01       		.byte	0x1
 374 00ea 5A       		.byte	0x5a
 375 00eb 6B000000 		.4byte	0x6b
 376 00ef 02       		.uleb128 0x2
 377 00f0 91       		.byte	0x91
 378 00f1 77       		.sleb128 -9
 379 00f2 00       		.byte	0
 380 00f3 09       		.uleb128 0x9
 381 00f4 09020000 		.4byte	.LASF18
 382 00f8 01       		.byte	0x1
 383 00f9 74       		.byte	0x74
 384 00fa 6B000000 		.4byte	0x6b
 385 00fe 00000000 		.4byte	.LFB2
 386 0102 1C000000 		.4byte	.LFE2-.LFB2
 387 0106 01       		.uleb128 0x1
 388 0107 9C       		.byte	0x9c
 389 0108 09       		.uleb128 0x9
 390 0109 25020000 		.4byte	.LASF19
 391 010d 01       		.byte	0x1
 392 010e 90       		.byte	0x90
 393 010f 6B000000 		.4byte	0x6b
 394 0113 00000000 		.4byte	.LFB3
 395 0117 1C000000 		.4byte	.LFE3-.LFB3
 396 011b 01       		.uleb128 0x1
 397 011c 9C       		.byte	0x9c
 398 011d 00       		.byte	0
 399              		.section	.debug_abbrev,"",%progbits
 400              	.Ldebug_abbrev0:
 401 0000 01       		.uleb128 0x1
 402 0001 11       		.uleb128 0x11
 403 0002 01       		.byte	0x1
 404 0003 25       		.uleb128 0x25
 405 0004 0E       		.uleb128 0xe
 406 0005 13       		.uleb128 0x13
 407 0006 0B       		.uleb128 0xb
 408 0007 03       		.uleb128 0x3
 409 0008 0E       		.uleb128 0xe
 410 0009 1B       		.uleb128 0x1b
 411 000a 0E       		.uleb128 0xe
 412 000b 55       		.uleb128 0x55
 413 000c 17       		.uleb128 0x17
 414 000d 11       		.uleb128 0x11
 415 000e 01       		.uleb128 0x1
 416 000f 10       		.uleb128 0x10
 417 0010 17       		.uleb128 0x17
 418 0011 00       		.byte	0
 419 0012 00       		.byte	0
 420 0013 02       		.uleb128 0x2
 421 0014 24       		.uleb128 0x24
 422 0015 00       		.byte	0
 423 0016 0B       		.uleb128 0xb
ARM GAS  C:\Users\AARONW~1\AppData\Local\Temp\cc9JlVti.s 			page 11


 424 0017 0B       		.uleb128 0xb
 425 0018 3E       		.uleb128 0x3e
 426 0019 0B       		.uleb128 0xb
 427 001a 03       		.uleb128 0x3
 428 001b 0E       		.uleb128 0xe
 429 001c 00       		.byte	0
 430 001d 00       		.byte	0
 431 001e 03       		.uleb128 0x3
 432 001f 24       		.uleb128 0x24
 433 0020 00       		.byte	0
 434 0021 0B       		.uleb128 0xb
 435 0022 0B       		.uleb128 0xb
 436 0023 3E       		.uleb128 0x3e
 437 0024 0B       		.uleb128 0xb
 438 0025 03       		.uleb128 0x3
 439 0026 08       		.uleb128 0x8
 440 0027 00       		.byte	0
 441 0028 00       		.byte	0
 442 0029 04       		.uleb128 0x4
 443 002a 16       		.uleb128 0x16
 444 002b 00       		.byte	0
 445 002c 03       		.uleb128 0x3
 446 002d 0E       		.uleb128 0xe
 447 002e 3A       		.uleb128 0x3a
 448 002f 0B       		.uleb128 0xb
 449 0030 3B       		.uleb128 0x3b
 450 0031 05       		.uleb128 0x5
 451 0032 49       		.uleb128 0x49
 452 0033 13       		.uleb128 0x13
 453 0034 00       		.byte	0
 454 0035 00       		.byte	0
 455 0036 05       		.uleb128 0x5
 456 0037 35       		.uleb128 0x35
 457 0038 00       		.byte	0
 458 0039 49       		.uleb128 0x49
 459 003a 13       		.uleb128 0x13
 460 003b 00       		.byte	0
 461 003c 00       		.byte	0
 462 003d 06       		.uleb128 0x6
 463 003e 2E       		.uleb128 0x2e
 464 003f 01       		.byte	0x1
 465 0040 3F       		.uleb128 0x3f
 466 0041 19       		.uleb128 0x19
 467 0042 03       		.uleb128 0x3
 468 0043 0E       		.uleb128 0xe
 469 0044 3A       		.uleb128 0x3a
 470 0045 0B       		.uleb128 0xb
 471 0046 3B       		.uleb128 0x3b
 472 0047 0B       		.uleb128 0xb
 473 0048 27       		.uleb128 0x27
 474 0049 19       		.uleb128 0x19
 475 004a 11       		.uleb128 0x11
 476 004b 01       		.uleb128 0x1
 477 004c 12       		.uleb128 0x12
 478 004d 06       		.uleb128 0x6
 479 004e 40       		.uleb128 0x40
 480 004f 18       		.uleb128 0x18
ARM GAS  C:\Users\AARONW~1\AppData\Local\Temp\cc9JlVti.s 			page 12


 481 0050 9742     		.uleb128 0x2117
 482 0052 19       		.uleb128 0x19
 483 0053 01       		.uleb128 0x1
 484 0054 13       		.uleb128 0x13
 485 0055 00       		.byte	0
 486 0056 00       		.byte	0
 487 0057 07       		.uleb128 0x7
 488 0058 05       		.uleb128 0x5
 489 0059 00       		.byte	0
 490 005a 03       		.uleb128 0x3
 491 005b 0E       		.uleb128 0xe
 492 005c 3A       		.uleb128 0x3a
 493 005d 0B       		.uleb128 0xb
 494 005e 3B       		.uleb128 0x3b
 495 005f 0B       		.uleb128 0xb
 496 0060 49       		.uleb128 0x49
 497 0061 13       		.uleb128 0x13
 498 0062 02       		.uleb128 0x2
 499 0063 18       		.uleb128 0x18
 500 0064 00       		.byte	0
 501 0065 00       		.byte	0
 502 0066 08       		.uleb128 0x8
 503 0067 34       		.uleb128 0x34
 504 0068 00       		.byte	0
 505 0069 03       		.uleb128 0x3
 506 006a 0E       		.uleb128 0xe
 507 006b 3A       		.uleb128 0x3a
 508 006c 0B       		.uleb128 0xb
 509 006d 3B       		.uleb128 0x3b
 510 006e 0B       		.uleb128 0xb
 511 006f 49       		.uleb128 0x49
 512 0070 13       		.uleb128 0x13
 513 0071 02       		.uleb128 0x2
 514 0072 18       		.uleb128 0x18
 515 0073 00       		.byte	0
 516 0074 00       		.byte	0
 517 0075 09       		.uleb128 0x9
 518 0076 2E       		.uleb128 0x2e
 519 0077 00       		.byte	0
 520 0078 3F       		.uleb128 0x3f
 521 0079 19       		.uleb128 0x19
 522 007a 03       		.uleb128 0x3
 523 007b 0E       		.uleb128 0xe
 524 007c 3A       		.uleb128 0x3a
 525 007d 0B       		.uleb128 0xb
 526 007e 3B       		.uleb128 0x3b
 527 007f 0B       		.uleb128 0xb
 528 0080 27       		.uleb128 0x27
 529 0081 19       		.uleb128 0x19
 530 0082 49       		.uleb128 0x49
 531 0083 13       		.uleb128 0x13
 532 0084 11       		.uleb128 0x11
 533 0085 01       		.uleb128 0x1
 534 0086 12       		.uleb128 0x12
 535 0087 06       		.uleb128 0x6
 536 0088 40       		.uleb128 0x40
 537 0089 18       		.uleb128 0x18
ARM GAS  C:\Users\AARONW~1\AppData\Local\Temp\cc9JlVti.s 			page 13


 538 008a 9742     		.uleb128 0x2117
 539 008c 19       		.uleb128 0x19
 540 008d 00       		.byte	0
 541 008e 00       		.byte	0
 542 008f 00       		.byte	0
 543              		.section	.debug_aranges,"",%progbits
 544 0000 34000000 		.4byte	0x34
 545 0004 0200     		.2byte	0x2
 546 0006 00000000 		.4byte	.Ldebug_info0
 547 000a 04       		.byte	0x4
 548 000b 00       		.byte	0
 549 000c 0000     		.2byte	0
 550 000e 0000     		.2byte	0
 551 0010 00000000 		.4byte	.LFB0
 552 0014 34000000 		.4byte	.LFE0-.LFB0
 553 0018 00000000 		.4byte	.LFB1
 554 001c A4000000 		.4byte	.LFE1-.LFB1
 555 0020 00000000 		.4byte	.LFB2
 556 0024 1C000000 		.4byte	.LFE2-.LFB2
 557 0028 00000000 		.4byte	.LFB3
 558 002c 1C000000 		.4byte	.LFE3-.LFB3
 559 0030 00000000 		.4byte	0
 560 0034 00000000 		.4byte	0
 561              		.section	.debug_ranges,"",%progbits
 562              	.Ldebug_ranges0:
 563 0000 00000000 		.4byte	.LFB0
 564 0004 34000000 		.4byte	.LFE0
 565 0008 00000000 		.4byte	.LFB1
 566 000c A4000000 		.4byte	.LFE1
 567 0010 00000000 		.4byte	.LFB2
 568 0014 1C000000 		.4byte	.LFE2
 569 0018 00000000 		.4byte	.LFB3
 570 001c 1C000000 		.4byte	.LFE3
 571 0020 00000000 		.4byte	0
 572 0024 00000000 		.4byte	0
 573              		.section	.debug_line,"",%progbits
 574              	.Ldebug_line0:
 575 0000 98000000 		.section	.debug_str,"MS",%progbits,1
 575      02004700 
 575      00000201 
 575      FB0E0D00 
 575      01010101 
 576              	.LASF16:
 577 0000 76616C75 		.ascii	"value\000"
 577      6500
 578              	.LASF23:
 579 0006 73746174 		.ascii	"staticBits\000"
 579      69634269 
 579      747300
 580              	.LASF20:
 581 0011 474E5520 		.ascii	"GNU C 4.9.3 20150303 (release) [ARM/embedded-4_9-br"
 581      4320342E 
 581      392E3320 
 581      32303135 
 581      30333033 
 582 0044 616E6368 		.ascii	"anch revision 221220] -mcpu=cortex-m3 -mthumb -g -O"
 582      20726576 
ARM GAS  C:\Users\AARONW~1\AppData\Local\Temp\cc9JlVti.s 			page 14


 582      6973696F 
 582      6E203232 
 582      31323230 
 583 0077 30202D66 		.ascii	"0 -ffunction-sections -ffat-lto-objects\000"
 583      66756E63 
 583      74696F6E 
 583      2D736563 
 583      74696F6E 
 584              	.LASF15:
 585 009f 536F6E67 		.ascii	"Song1Count_SetDriveMode\000"
 585      31436F75 
 585      6E745F53 
 585      65744472 
 585      6976654D 
 586              	.LASF21:
 587 00b7 47656E65 		.ascii	"Generated_Source\\PSoC5\\Song1Count.c\000"
 587      72617465 
 587      645F536F 
 587      75726365 
 587      5C50536F 
 588              	.LASF9:
 589 00db 666C6F61 		.ascii	"float\000"
 589      7400
 590              	.LASF1:
 591 00e1 756E7369 		.ascii	"unsigned char\000"
 591      676E6564 
 591      20636861 
 591      7200
 592              	.LASF13:
 593 00ef 72656738 		.ascii	"reg8\000"
 593      00
 594              	.LASF5:
 595 00f4 6C6F6E67 		.ascii	"long unsigned int\000"
 595      20756E73 
 595      69676E65 
 595      6420696E 
 595      7400
 596              	.LASF3:
 597 0106 73686F72 		.ascii	"short unsigned int\000"
 597      7420756E 
 597      7369676E 
 597      65642069 
 597      6E7400
 598              	.LASF10:
 599 0119 646F7562 		.ascii	"double\000"
 599      6C6500
 600              	.LASF8:
 601 0120 756E7369 		.ascii	"unsigned int\000"
 601      676E6564 
 601      20696E74 
 601      00
 602              	.LASF7:
 603 012d 6C6F6E67 		.ascii	"long long unsigned int\000"
 603      206C6F6E 
 603      6720756E 
 603      7369676E 
 603      65642069 
ARM GAS  C:\Users\AARONW~1\AppData\Local\Temp\cc9JlVti.s 			page 15


 604              	.LASF22:
 605 0144 433A5C55 		.ascii	"C:\\Users\\Aaron Wubshet\\Google Drive\\1 College\\"
 605      73657273 
 605      5C416172 
 605      6F6E2057 
 605      75627368 
 606 0172 3220536F 		.ascii	"2 Sophomore Year\\3 SPRING\\6.115\\Final Project PS"
 606      70686F6D 
 606      6F726520 
 606      59656172 
 606      5C332053 
 607 01a2 6F432057 		.ascii	"oC Workspace\\Final Project\\External_LCD_Display.c"
 607      6F726B73 
 607      70616365 
 607      5C46696E 
 607      616C2050 
 608 01d3 7964736E 		.ascii	"ydsn\000"
 608      00
 609              	.LASF17:
 610 01d8 6D6F6465 		.ascii	"mode\000"
 610      00
 611              	.LASF6:
 612 01dd 6C6F6E67 		.ascii	"long long int\000"
 612      206C6F6E 
 612      6720696E 
 612      7400
 613              	.LASF11:
 614 01eb 63686172 		.ascii	"char\000"
 614      00
 615              	.LASF2:
 616 01f0 73686F72 		.ascii	"short int\000"
 616      7420696E 
 616      7400
 617              	.LASF12:
 618 01fa 75696E74 		.ascii	"uint8\000"
 618      3800
 619              	.LASF4:
 620 0200 6C6F6E67 		.ascii	"long int\000"
 620      20696E74 
 620      00
 621              	.LASF18:
 622 0209 536F6E67 		.ascii	"Song1Count_Read\000"
 622      31436F75 
 622      6E745F52 
 622      65616400 
 623              	.LASF0:
 624 0219 7369676E 		.ascii	"signed char\000"
 624      65642063 
 624      68617200 
 625              	.LASF19:
 626 0225 536F6E67 		.ascii	"Song1Count_ReadDataReg\000"
 626      31436F75 
 626      6E745F52 
 626      65616444 
 626      61746152 
 627              	.LASF14:
 628 023c 536F6E67 		.ascii	"Song1Count_Write\000"
ARM GAS  C:\Users\AARONW~1\AppData\Local\Temp\cc9JlVti.s 			page 16


 628      31436F75 
 628      6E745F57 
 628      72697465 
 628      00
 629              		.ident	"GCC: (GNU Tools for ARM Embedded Processors) 4.9.3 20150303 (release) [ARM/embedded-4_9-br
