ARM GAS  C:\Users\AARONW~1\AppData\Local\Temp\ccPHccAD.s 			page 1


   1              		.syntax unified
   2              		.cpu cortex-m3
   3              		.fpu softvfp
   4              		.eabi_attribute 20, 1
   5              		.eabi_attribute 21, 1
   6              		.eabi_attribute 23, 3
   7              		.eabi_attribute 24, 1
   8              		.eabi_attribute 25, 1
   9              		.eabi_attribute 26, 1
  10              		.eabi_attribute 30, 6
  11              		.eabi_attribute 34, 1
  12              		.eabi_attribute 18, 4
  13              		.thumb
  14              		.file	"TIA_1_PM.c"
  15              		.text
  16              	.Ltext0:
  17              		.cfi_sections	.debug_frame
  18              		.bss
  19              		.align	2
  20              	TIA_1_backup:
  21 0000 00000000 		.space	4
  22              		.section	.text.TIA_1_SaveConfig,"ax",%progbits
  23              		.align	2
  24              		.global	TIA_1_SaveConfig
  25              		.thumb
  26              		.thumb_func
  27              		.type	TIA_1_SaveConfig, %function
  28              	TIA_1_SaveConfig:
  29              	.LFB0:
  30              		.file 1 "Generated_Source\\PSoC5\\TIA_1_PM.c"
   1:Generated_Source\PSoC5/TIA_1_PM.c **** /*******************************************************************************
   2:Generated_Source\PSoC5/TIA_1_PM.c **** * File Name: TIA_1_PM.c  
   3:Generated_Source\PSoC5/TIA_1_PM.c **** * Version 2.0
   4:Generated_Source\PSoC5/TIA_1_PM.c **** *
   5:Generated_Source\PSoC5/TIA_1_PM.c **** * Description:
   6:Generated_Source\PSoC5/TIA_1_PM.c **** *  This file provides the power management source code to the API for the 
   7:Generated_Source\PSoC5/TIA_1_PM.c **** *  TIA component.
   8:Generated_Source\PSoC5/TIA_1_PM.c **** *
   9:Generated_Source\PSoC5/TIA_1_PM.c **** * Note:
  10:Generated_Source\PSoC5/TIA_1_PM.c **** *
  11:Generated_Source\PSoC5/TIA_1_PM.c **** ********************************************************************************
  12:Generated_Source\PSoC5/TIA_1_PM.c **** * Copyright 2008-2012, Cypress Semiconductor Corporation.  All rights reserved.
  13:Generated_Source\PSoC5/TIA_1_PM.c **** * You may use this file only in accordance with the license, terms, conditions, 
  14:Generated_Source\PSoC5/TIA_1_PM.c **** * disclaimers, and limitations in the end user license agreement accompanying 
  15:Generated_Source\PSoC5/TIA_1_PM.c **** * the software package with which this file was provided.
  16:Generated_Source\PSoC5/TIA_1_PM.c **** *******************************************************************************/
  17:Generated_Source\PSoC5/TIA_1_PM.c **** 
  18:Generated_Source\PSoC5/TIA_1_PM.c **** #include "TIA_1.h"
  19:Generated_Source\PSoC5/TIA_1_PM.c **** 
  20:Generated_Source\PSoC5/TIA_1_PM.c **** static TIA_1_BACKUP_STRUCT  TIA_1_backup;
  21:Generated_Source\PSoC5/TIA_1_PM.c **** 
  22:Generated_Source\PSoC5/TIA_1_PM.c **** 
  23:Generated_Source\PSoC5/TIA_1_PM.c **** /*******************************************************************************  
  24:Generated_Source\PSoC5/TIA_1_PM.c **** * Function Name: TIA_1_SaveConfig
  25:Generated_Source\PSoC5/TIA_1_PM.c **** ********************************************************************************
  26:Generated_Source\PSoC5/TIA_1_PM.c **** *
  27:Generated_Source\PSoC5/TIA_1_PM.c **** * Summary:
ARM GAS  C:\Users\AARONW~1\AppData\Local\Temp\ccPHccAD.s 			page 2


  28:Generated_Source\PSoC5/TIA_1_PM.c **** *  Saves the current user configuration registers.
  29:Generated_Source\PSoC5/TIA_1_PM.c **** *
  30:Generated_Source\PSoC5/TIA_1_PM.c **** * Parameters:
  31:Generated_Source\PSoC5/TIA_1_PM.c **** *  TIA_1_backup - global structure, where configuration registers are
  32:Generated_Source\PSoC5/TIA_1_PM.c **** *  stored.
  33:Generated_Source\PSoC5/TIA_1_PM.c **** *
  34:Generated_Source\PSoC5/TIA_1_PM.c **** * Return:
  35:Generated_Source\PSoC5/TIA_1_PM.c **** *  None
  36:Generated_Source\PSoC5/TIA_1_PM.c **** *
  37:Generated_Source\PSoC5/TIA_1_PM.c **** *******************************************************************************/
  38:Generated_Source\PSoC5/TIA_1_PM.c **** void TIA_1_SaveConfig(void) 
  39:Generated_Source\PSoC5/TIA_1_PM.c **** {
  31              		.loc 1 39 0
  32              		.cfi_startproc
  33              		@ args = 0, pretend = 0, frame = 0
  34              		@ frame_needed = 1, uses_anonymous_args = 0
  35              		@ link register save eliminated.
  36 0000 80B4     		push	{r7}
  37              		.cfi_def_cfa_offset 4
  38              		.cfi_offset 7, -4
  39 0002 00AF     		add	r7, sp, #0
  40              		.cfi_def_cfa_register 7
  40:Generated_Source\PSoC5/TIA_1_PM.c ****     /* Nothing to save as registers are System reset on retention flops */
  41:Generated_Source\PSoC5/TIA_1_PM.c **** }
  41              		.loc 1 41 0
  42 0004 BD46     		mov	sp, r7
  43              		.cfi_def_cfa_register 13
  44              		@ sp needed
  45 0006 5DF8047B 		ldr	r7, [sp], #4
  46              		.cfi_restore 7
  47              		.cfi_def_cfa_offset 0
  48 000a 7047     		bx	lr
  49              		.cfi_endproc
  50              	.LFE0:
  51              		.size	TIA_1_SaveConfig, .-TIA_1_SaveConfig
  52              		.section	.text.TIA_1_RestoreConfig,"ax",%progbits
  53              		.align	2
  54              		.global	TIA_1_RestoreConfig
  55              		.thumb
  56              		.thumb_func
  57              		.type	TIA_1_RestoreConfig, %function
  58              	TIA_1_RestoreConfig:
  59              	.LFB1:
  42:Generated_Source\PSoC5/TIA_1_PM.c **** 
  43:Generated_Source\PSoC5/TIA_1_PM.c **** 
  44:Generated_Source\PSoC5/TIA_1_PM.c **** /*******************************************************************************  
  45:Generated_Source\PSoC5/TIA_1_PM.c **** * Function Name: TIA_1_RestoreConfig
  46:Generated_Source\PSoC5/TIA_1_PM.c **** ********************************************************************************
  47:Generated_Source\PSoC5/TIA_1_PM.c **** *
  48:Generated_Source\PSoC5/TIA_1_PM.c **** * Summary:
  49:Generated_Source\PSoC5/TIA_1_PM.c **** *  Restores the current user configuration.
  50:Generated_Source\PSoC5/TIA_1_PM.c **** *
  51:Generated_Source\PSoC5/TIA_1_PM.c **** * Parameters:
  52:Generated_Source\PSoC5/TIA_1_PM.c **** *  None
  53:Generated_Source\PSoC5/TIA_1_PM.c **** *
  54:Generated_Source\PSoC5/TIA_1_PM.c **** * Return:
  55:Generated_Source\PSoC5/TIA_1_PM.c **** *  void
ARM GAS  C:\Users\AARONW~1\AppData\Local\Temp\ccPHccAD.s 			page 3


  56:Generated_Source\PSoC5/TIA_1_PM.c **** *
  57:Generated_Source\PSoC5/TIA_1_PM.c **** *******************************************************************************/
  58:Generated_Source\PSoC5/TIA_1_PM.c **** void TIA_1_RestoreConfig(void) 
  59:Generated_Source\PSoC5/TIA_1_PM.c **** {
  60              		.loc 1 59 0
  61              		.cfi_startproc
  62              		@ args = 0, pretend = 0, frame = 0
  63              		@ frame_needed = 1, uses_anonymous_args = 0
  64              		@ link register save eliminated.
  65 0000 80B4     		push	{r7}
  66              		.cfi_def_cfa_offset 4
  67              		.cfi_offset 7, -4
  68 0002 00AF     		add	r7, sp, #0
  69              		.cfi_def_cfa_register 7
  60:Generated_Source\PSoC5/TIA_1_PM.c ****     /* Nothing to restore */
  61:Generated_Source\PSoC5/TIA_1_PM.c **** }
  70              		.loc 1 61 0
  71 0004 BD46     		mov	sp, r7
  72              		.cfi_def_cfa_register 13
  73              		@ sp needed
  74 0006 5DF8047B 		ldr	r7, [sp], #4
  75              		.cfi_restore 7
  76              		.cfi_def_cfa_offset 0
  77 000a 7047     		bx	lr
  78              		.cfi_endproc
  79              	.LFE1:
  80              		.size	TIA_1_RestoreConfig, .-TIA_1_RestoreConfig
  81              		.section	.text.TIA_1_Sleep,"ax",%progbits
  82              		.align	2
  83              		.global	TIA_1_Sleep
  84              		.thumb
  85              		.thumb_func
  86              		.type	TIA_1_Sleep, %function
  87              	TIA_1_Sleep:
  88              	.LFB2:
  62:Generated_Source\PSoC5/TIA_1_PM.c **** 
  63:Generated_Source\PSoC5/TIA_1_PM.c **** 
  64:Generated_Source\PSoC5/TIA_1_PM.c **** /*******************************************************************************   
  65:Generated_Source\PSoC5/TIA_1_PM.c **** * Function Name: TIA_1_Sleep
  66:Generated_Source\PSoC5/TIA_1_PM.c **** ********************************************************************************
  67:Generated_Source\PSoC5/TIA_1_PM.c **** *
  68:Generated_Source\PSoC5/TIA_1_PM.c **** * Summary:
  69:Generated_Source\PSoC5/TIA_1_PM.c **** *  Disables block's operation and saves its configuration. Should be called 
  70:Generated_Source\PSoC5/TIA_1_PM.c **** *  just prior to entering sleep.
  71:Generated_Source\PSoC5/TIA_1_PM.c **** *
  72:Generated_Source\PSoC5/TIA_1_PM.c **** * Parameters:
  73:Generated_Source\PSoC5/TIA_1_PM.c **** *  None
  74:Generated_Source\PSoC5/TIA_1_PM.c **** *
  75:Generated_Source\PSoC5/TIA_1_PM.c **** * Return:
  76:Generated_Source\PSoC5/TIA_1_PM.c **** *  None
  77:Generated_Source\PSoC5/TIA_1_PM.c **** *
  78:Generated_Source\PSoC5/TIA_1_PM.c **** * Global variables:
  79:Generated_Source\PSoC5/TIA_1_PM.c **** *  TIA_1_backup: The structure field 'enableState' is modified 
  80:Generated_Source\PSoC5/TIA_1_PM.c **** *  depending on the enable state of the block before entering to sleep mode.
  81:Generated_Source\PSoC5/TIA_1_PM.c **** *
  82:Generated_Source\PSoC5/TIA_1_PM.c **** *******************************************************************************/
  83:Generated_Source\PSoC5/TIA_1_PM.c **** void TIA_1_Sleep(void) 
ARM GAS  C:\Users\AARONW~1\AppData\Local\Temp\ccPHccAD.s 			page 4


  84:Generated_Source\PSoC5/TIA_1_PM.c **** {
  89              		.loc 1 84 0
  90              		.cfi_startproc
  91              		@ args = 0, pretend = 0, frame = 0
  92              		@ frame_needed = 1, uses_anonymous_args = 0
  93 0000 80B5     		push	{r7, lr}
  94              		.cfi_def_cfa_offset 8
  95              		.cfi_offset 7, -8
  96              		.cfi_offset 14, -4
  97 0002 00AF     		add	r7, sp, #0
  98              		.cfi_def_cfa_register 7
  85:Generated_Source\PSoC5/TIA_1_PM.c ****     /* Save TIA enable state */
  86:Generated_Source\PSoC5/TIA_1_PM.c ****     if((TIA_1_PM_ACT_CFG_REG & TIA_1_ACT_PWR_EN) != 0u)
  99              		.loc 1 86 0
 100 0004 094B     		ldr	r3, .L6
 101 0006 1B78     		ldrb	r3, [r3]
 102 0008 DBB2     		uxtb	r3, r3
 103 000a 03F00803 		and	r3, r3, #8
 104 000e 002B     		cmp	r3, #0
 105 0010 05D0     		beq	.L4
  87:Generated_Source\PSoC5/TIA_1_PM.c ****     {
  88:Generated_Source\PSoC5/TIA_1_PM.c ****         /* Component is enabled */
  89:Generated_Source\PSoC5/TIA_1_PM.c ****         TIA_1_backup.enableState = 1u;
 106              		.loc 1 89 0
 107 0012 074B     		ldr	r3, .L6+4
 108 0014 0122     		movs	r2, #1
 109 0016 1A70     		strb	r2, [r3]
  90:Generated_Source\PSoC5/TIA_1_PM.c ****         /* Stop the configuration */
  91:Generated_Source\PSoC5/TIA_1_PM.c ****         TIA_1_Stop();
 110              		.loc 1 91 0
 111 0018 FFF7FEFF 		bl	TIA_1_Stop
 112 001c 02E0     		b	.L5
 113              	.L4:
  92:Generated_Source\PSoC5/TIA_1_PM.c ****     }
  93:Generated_Source\PSoC5/TIA_1_PM.c ****     else
  94:Generated_Source\PSoC5/TIA_1_PM.c ****     {
  95:Generated_Source\PSoC5/TIA_1_PM.c ****         /* Component is disabled */
  96:Generated_Source\PSoC5/TIA_1_PM.c ****         TIA_1_backup.enableState = 0u;
 114              		.loc 1 96 0
 115 001e 044B     		ldr	r3, .L6+4
 116 0020 0022     		movs	r2, #0
 117 0022 1A70     		strb	r2, [r3]
 118              	.L5:
  97:Generated_Source\PSoC5/TIA_1_PM.c ****     }
  98:Generated_Source\PSoC5/TIA_1_PM.c ****     /* Save the configuration */
  99:Generated_Source\PSoC5/TIA_1_PM.c ****     TIA_1_SaveConfig();
 119              		.loc 1 99 0
 120 0024 FFF7FEFF 		bl	TIA_1_SaveConfig
 100:Generated_Source\PSoC5/TIA_1_PM.c **** }
 121              		.loc 1 100 0
 122 0028 80BD     		pop	{r7, pc}
 123              	.L7:
 124 002a 00BF     		.align	2
 125              	.L6:
 126 002c A9430040 		.word	1073759145
 127 0030 00000000 		.word	TIA_1_backup
 128              		.cfi_endproc
ARM GAS  C:\Users\AARONW~1\AppData\Local\Temp\ccPHccAD.s 			page 5


 129              	.LFE2:
 130              		.size	TIA_1_Sleep, .-TIA_1_Sleep
 131              		.section	.text.TIA_1_Wakeup,"ax",%progbits
 132              		.align	2
 133              		.global	TIA_1_Wakeup
 134              		.thumb
 135              		.thumb_func
 136              		.type	TIA_1_Wakeup, %function
 137              	TIA_1_Wakeup:
 138              	.LFB3:
 101:Generated_Source\PSoC5/TIA_1_PM.c **** 
 102:Generated_Source\PSoC5/TIA_1_PM.c **** 
 103:Generated_Source\PSoC5/TIA_1_PM.c **** /*******************************************************************************  
 104:Generated_Source\PSoC5/TIA_1_PM.c **** * Function Name: TIA_1_Wakeup
 105:Generated_Source\PSoC5/TIA_1_PM.c **** ********************************************************************************
 106:Generated_Source\PSoC5/TIA_1_PM.c **** *
 107:Generated_Source\PSoC5/TIA_1_PM.c **** * Summary:
 108:Generated_Source\PSoC5/TIA_1_PM.c **** *  Enables block's operation and restores its configuration. Should be called
 109:Generated_Source\PSoC5/TIA_1_PM.c **** *  just after awaking from sleep.
 110:Generated_Source\PSoC5/TIA_1_PM.c **** *
 111:Generated_Source\PSoC5/TIA_1_PM.c **** * Parameters:
 112:Generated_Source\PSoC5/TIA_1_PM.c **** *  None.
 113:Generated_Source\PSoC5/TIA_1_PM.c **** *
 114:Generated_Source\PSoC5/TIA_1_PM.c **** * Return:
 115:Generated_Source\PSoC5/TIA_1_PM.c **** *  void
 116:Generated_Source\PSoC5/TIA_1_PM.c **** *
 117:Generated_Source\PSoC5/TIA_1_PM.c **** * Global variables:
 118:Generated_Source\PSoC5/TIA_1_PM.c **** *  TIA_1_backup: The structure field 'enableState' is used to 
 119:Generated_Source\PSoC5/TIA_1_PM.c **** *  restore the enable state of block after wakeup from sleep mode.
 120:Generated_Source\PSoC5/TIA_1_PM.c **** * 
 121:Generated_Source\PSoC5/TIA_1_PM.c **** *******************************************************************************/
 122:Generated_Source\PSoC5/TIA_1_PM.c **** void TIA_1_Wakeup(void) 
 123:Generated_Source\PSoC5/TIA_1_PM.c **** {
 139              		.loc 1 123 0
 140              		.cfi_startproc
 141              		@ args = 0, pretend = 0, frame = 0
 142              		@ frame_needed = 1, uses_anonymous_args = 0
 143 0000 80B5     		push	{r7, lr}
 144              		.cfi_def_cfa_offset 8
 145              		.cfi_offset 7, -8
 146              		.cfi_offset 14, -4
 147 0002 00AF     		add	r7, sp, #0
 148              		.cfi_def_cfa_register 7
 124:Generated_Source\PSoC5/TIA_1_PM.c ****     /* Restore the configuration */
 125:Generated_Source\PSoC5/TIA_1_PM.c ****     TIA_1_RestoreConfig();
 149              		.loc 1 125 0
 150 0004 FFF7FEFF 		bl	TIA_1_RestoreConfig
 126:Generated_Source\PSoC5/TIA_1_PM.c **** 
 127:Generated_Source\PSoC5/TIA_1_PM.c ****     /* Enable's the component operation */
 128:Generated_Source\PSoC5/TIA_1_PM.c ****     if(TIA_1_backup.enableState == 1u)
 151              		.loc 1 128 0
 152 0008 034B     		ldr	r3, .L10
 153 000a 1B78     		ldrb	r3, [r3]	@ zero_extendqisi2
 154 000c 012B     		cmp	r3, #1
 155 000e 01D1     		bne	.L8
 129:Generated_Source\PSoC5/TIA_1_PM.c ****     {
 130:Generated_Source\PSoC5/TIA_1_PM.c ****         TIA_1_Enable();
ARM GAS  C:\Users\AARONW~1\AppData\Local\Temp\ccPHccAD.s 			page 6


 156              		.loc 1 130 0
 157 0010 FFF7FEFF 		bl	TIA_1_Enable
 158              	.L8:
 131:Generated_Source\PSoC5/TIA_1_PM.c ****     } /* Do nothing if component was disabled before */
 132:Generated_Source\PSoC5/TIA_1_PM.c **** }
 159              		.loc 1 132 0
 160 0014 80BD     		pop	{r7, pc}
 161              	.L11:
 162 0016 00BF     		.align	2
 163              	.L10:
 164 0018 00000000 		.word	TIA_1_backup
 165              		.cfi_endproc
 166              	.LFE3:
 167              		.size	TIA_1_Wakeup, .-TIA_1_Wakeup
 168              		.text
 169              	.Letext0:
 170              		.file 2 "Generated_Source\\PSoC5\\cytypes.h"
 171              		.file 3 "Generated_Source\\PSoC5\\TIA_1.h"
 172              		.section	.debug_info,"",%progbits
 173              	.Ldebug_info0:
 174 0000 3A010000 		.4byte	0x13a
 175 0004 0400     		.2byte	0x4
 176 0006 00000000 		.4byte	.Ldebug_abbrev0
 177 000a 04       		.byte	0x4
 178 000b 01       		.uleb128 0x1
 179 000c EA000000 		.4byte	.LASF24
 180 0010 01       		.byte	0x1
 181 0011 BF000000 		.4byte	.LASF25
 182 0015 B9010000 		.4byte	.LASF26
 183 0019 00000000 		.4byte	.Ldebug_ranges0+0
 184 001d 00000000 		.4byte	0
 185 0021 00000000 		.4byte	.Ldebug_line0
 186 0025 02       		.uleb128 0x2
 187 0026 01       		.byte	0x1
 188 0027 06       		.byte	0x6
 189 0028 AD010000 		.4byte	.LASF0
 190 002c 02       		.uleb128 0x2
 191 002d 01       		.byte	0x1
 192 002e 08       		.byte	0x8
 193 002f 9F000000 		.4byte	.LASF1
 194 0033 02       		.uleb128 0x2
 195 0034 02       		.byte	0x2
 196 0035 05       		.byte	0x5
 197 0036 5C020000 		.4byte	.LASF2
 198 003a 02       		.uleb128 0x2
 199 003b 02       		.byte	0x2
 200 003c 07       		.byte	0x7
 201 003d 9A010000 		.4byte	.LASF3
 202 0041 02       		.uleb128 0x2
 203 0042 04       		.byte	0x4
 204 0043 05       		.byte	0x5
 205 0044 E1000000 		.4byte	.LASF4
 206 0048 02       		.uleb128 0x2
 207 0049 04       		.byte	0x4
 208 004a 07       		.byte	0x7
 209 004b 78010000 		.4byte	.LASF5
 210 004f 02       		.uleb128 0x2
ARM GAS  C:\Users\AARONW~1\AppData\Local\Temp\ccPHccAD.s 			page 7


 211 0050 08       		.byte	0x8
 212 0051 05       		.byte	0x5
 213 0052 00000000 		.4byte	.LASF6
 214 0056 02       		.uleb128 0x2
 215 0057 08       		.byte	0x8
 216 0058 07       		.byte	0x7
 217 0059 56000000 		.4byte	.LASF7
 218 005d 03       		.uleb128 0x3
 219 005e 04       		.byte	0x4
 220 005f 05       		.byte	0x5
 221 0060 696E7400 		.ascii	"int\000"
 222 0064 02       		.uleb128 0x2
 223 0065 04       		.byte	0x4
 224 0066 07       		.byte	0x7
 225 0067 1A000000 		.4byte	.LASF8
 226 006b 04       		.uleb128 0x4
 227 006c 3C000000 		.4byte	.LASF12
 228 0070 02       		.byte	0x2
 229 0071 9201     		.2byte	0x192
 230 0073 2C000000 		.4byte	0x2c
 231 0077 02       		.uleb128 0x2
 232 0078 04       		.byte	0x4
 233 0079 04       		.byte	0x4
 234 007a 56020000 		.4byte	.LASF9
 235 007e 02       		.uleb128 0x2
 236 007f 08       		.byte	0x8
 237 0080 04       		.byte	0x4
 238 0081 8A010000 		.4byte	.LASF10
 239 0085 02       		.uleb128 0x2
 240 0086 01       		.byte	0x1
 241 0087 08       		.byte	0x8
 242 0088 AD000000 		.4byte	.LASF11
 243 008c 04       		.uleb128 0x4
 244 008d 66020000 		.4byte	.LASF13
 245 0091 02       		.byte	0x2
 246 0092 3C02     		.2byte	0x23c
 247 0094 98000000 		.4byte	0x98
 248 0098 05       		.uleb128 0x5
 249 0099 6B000000 		.4byte	0x6b
 250 009d 02       		.uleb128 0x2
 251 009e 04       		.byte	0x4
 252 009f 07       		.byte	0x7
 253 00a0 6B020000 		.4byte	.LASF14
 254 00a4 06       		.uleb128 0x6
 255 00a5 04       		.byte	0x4
 256 00a6 03       		.byte	0x3
 257 00a7 2D       		.byte	0x2d
 258 00a8 DD000000 		.4byte	0xdd
 259 00ac 07       		.uleb128 0x7
 260 00ad 0E000000 		.4byte	.LASF15
 261 00b1 03       		.byte	0x3
 262 00b2 2F       		.byte	0x2f
 263 00b3 6B000000 		.4byte	0x6b
 264 00b7 00       		.byte	0
 265 00b8 07       		.uleb128 0x7
 266 00b9 91010000 		.4byte	.LASF16
 267 00bd 03       		.byte	0x3
ARM GAS  C:\Users\AARONW~1\AppData\Local\Temp\ccPHccAD.s 			page 8


 268 00be 30       		.byte	0x30
 269 00bf 6B000000 		.4byte	0x6b
 270 00c3 01       		.byte	0x1
 271 00c4 07       		.uleb128 0x7
 272 00c5 33000000 		.4byte	.LASF17
 273 00c9 03       		.byte	0x3
 274 00ca 31       		.byte	0x31
 275 00cb 6B000000 		.4byte	0x6b
 276 00cf 02       		.byte	0x2
 277 00d0 07       		.uleb128 0x7
 278 00d1 4D020000 		.4byte	.LASF18
 279 00d5 03       		.byte	0x3
 280 00d6 32       		.byte	0x32
 281 00d7 6B000000 		.4byte	0x6b
 282 00db 03       		.byte	0x3
 283 00dc 00       		.byte	0
 284 00dd 08       		.uleb128 0x8
 285 00de 7E000000 		.4byte	.LASF19
 286 00e2 03       		.byte	0x3
 287 00e3 33       		.byte	0x33
 288 00e4 A4000000 		.4byte	0xa4
 289 00e8 09       		.uleb128 0x9
 290 00e9 6D000000 		.4byte	.LASF20
 291 00ed 01       		.byte	0x1
 292 00ee 26       		.byte	0x26
 293 00ef 00000000 		.4byte	.LFB0
 294 00f3 0C000000 		.4byte	.LFE0-.LFB0
 295 00f7 01       		.uleb128 0x1
 296 00f8 9C       		.byte	0x9c
 297 00f9 09       		.uleb128 0x9
 298 00fa 42000000 		.4byte	.LASF21
 299 00fe 01       		.byte	0x1
 300 00ff 3A       		.byte	0x3a
 301 0100 00000000 		.4byte	.LFB1
 302 0104 0C000000 		.4byte	.LFE1-.LFB1
 303 0108 01       		.uleb128 0x1
 304 0109 9C       		.byte	0x9c
 305 010a 0A       		.uleb128 0xa
 306 010b 27000000 		.4byte	.LASF22
 307 010f 01       		.byte	0x1
 308 0110 53       		.byte	0x53
 309 0111 00000000 		.4byte	.LFB2
 310 0115 34000000 		.4byte	.LFE2-.LFB2
 311 0119 01       		.uleb128 0x1
 312 011a 9C       		.byte	0x9c
 313 011b 0A       		.uleb128 0xa
 314 011c 92000000 		.4byte	.LASF23
 315 0120 01       		.byte	0x1
 316 0121 7A       		.byte	0x7a
 317 0122 00000000 		.4byte	.LFB3
 318 0126 1C000000 		.4byte	.LFE3-.LFB3
 319 012a 01       		.uleb128 0x1
 320 012b 9C       		.byte	0x9c
 321 012c 0B       		.uleb128 0xb
 322 012d B2000000 		.4byte	.LASF27
 323 0131 01       		.byte	0x1
 324 0132 14       		.byte	0x14
ARM GAS  C:\Users\AARONW~1\AppData\Local\Temp\ccPHccAD.s 			page 9


 325 0133 DD000000 		.4byte	0xdd
 326 0137 05       		.uleb128 0x5
 327 0138 03       		.byte	0x3
 328 0139 00000000 		.4byte	TIA_1_backup
 329 013d 00       		.byte	0
 330              		.section	.debug_abbrev,"",%progbits
 331              	.Ldebug_abbrev0:
 332 0000 01       		.uleb128 0x1
 333 0001 11       		.uleb128 0x11
 334 0002 01       		.byte	0x1
 335 0003 25       		.uleb128 0x25
 336 0004 0E       		.uleb128 0xe
 337 0005 13       		.uleb128 0x13
 338 0006 0B       		.uleb128 0xb
 339 0007 03       		.uleb128 0x3
 340 0008 0E       		.uleb128 0xe
 341 0009 1B       		.uleb128 0x1b
 342 000a 0E       		.uleb128 0xe
 343 000b 55       		.uleb128 0x55
 344 000c 17       		.uleb128 0x17
 345 000d 11       		.uleb128 0x11
 346 000e 01       		.uleb128 0x1
 347 000f 10       		.uleb128 0x10
 348 0010 17       		.uleb128 0x17
 349 0011 00       		.byte	0
 350 0012 00       		.byte	0
 351 0013 02       		.uleb128 0x2
 352 0014 24       		.uleb128 0x24
 353 0015 00       		.byte	0
 354 0016 0B       		.uleb128 0xb
 355 0017 0B       		.uleb128 0xb
 356 0018 3E       		.uleb128 0x3e
 357 0019 0B       		.uleb128 0xb
 358 001a 03       		.uleb128 0x3
 359 001b 0E       		.uleb128 0xe
 360 001c 00       		.byte	0
 361 001d 00       		.byte	0
 362 001e 03       		.uleb128 0x3
 363 001f 24       		.uleb128 0x24
 364 0020 00       		.byte	0
 365 0021 0B       		.uleb128 0xb
 366 0022 0B       		.uleb128 0xb
 367 0023 3E       		.uleb128 0x3e
 368 0024 0B       		.uleb128 0xb
 369 0025 03       		.uleb128 0x3
 370 0026 08       		.uleb128 0x8
 371 0027 00       		.byte	0
 372 0028 00       		.byte	0
 373 0029 04       		.uleb128 0x4
 374 002a 16       		.uleb128 0x16
 375 002b 00       		.byte	0
 376 002c 03       		.uleb128 0x3
 377 002d 0E       		.uleb128 0xe
 378 002e 3A       		.uleb128 0x3a
 379 002f 0B       		.uleb128 0xb
 380 0030 3B       		.uleb128 0x3b
 381 0031 05       		.uleb128 0x5
ARM GAS  C:\Users\AARONW~1\AppData\Local\Temp\ccPHccAD.s 			page 10


 382 0032 49       		.uleb128 0x49
 383 0033 13       		.uleb128 0x13
 384 0034 00       		.byte	0
 385 0035 00       		.byte	0
 386 0036 05       		.uleb128 0x5
 387 0037 35       		.uleb128 0x35
 388 0038 00       		.byte	0
 389 0039 49       		.uleb128 0x49
 390 003a 13       		.uleb128 0x13
 391 003b 00       		.byte	0
 392 003c 00       		.byte	0
 393 003d 06       		.uleb128 0x6
 394 003e 13       		.uleb128 0x13
 395 003f 01       		.byte	0x1
 396 0040 0B       		.uleb128 0xb
 397 0041 0B       		.uleb128 0xb
 398 0042 3A       		.uleb128 0x3a
 399 0043 0B       		.uleb128 0xb
 400 0044 3B       		.uleb128 0x3b
 401 0045 0B       		.uleb128 0xb
 402 0046 01       		.uleb128 0x1
 403 0047 13       		.uleb128 0x13
 404 0048 00       		.byte	0
 405 0049 00       		.byte	0
 406 004a 07       		.uleb128 0x7
 407 004b 0D       		.uleb128 0xd
 408 004c 00       		.byte	0
 409 004d 03       		.uleb128 0x3
 410 004e 0E       		.uleb128 0xe
 411 004f 3A       		.uleb128 0x3a
 412 0050 0B       		.uleb128 0xb
 413 0051 3B       		.uleb128 0x3b
 414 0052 0B       		.uleb128 0xb
 415 0053 49       		.uleb128 0x49
 416 0054 13       		.uleb128 0x13
 417 0055 38       		.uleb128 0x38
 418 0056 0B       		.uleb128 0xb
 419 0057 00       		.byte	0
 420 0058 00       		.byte	0
 421 0059 08       		.uleb128 0x8
 422 005a 16       		.uleb128 0x16
 423 005b 00       		.byte	0
 424 005c 03       		.uleb128 0x3
 425 005d 0E       		.uleb128 0xe
 426 005e 3A       		.uleb128 0x3a
 427 005f 0B       		.uleb128 0xb
 428 0060 3B       		.uleb128 0x3b
 429 0061 0B       		.uleb128 0xb
 430 0062 49       		.uleb128 0x49
 431 0063 13       		.uleb128 0x13
 432 0064 00       		.byte	0
 433 0065 00       		.byte	0
 434 0066 09       		.uleb128 0x9
 435 0067 2E       		.uleb128 0x2e
 436 0068 00       		.byte	0
 437 0069 3F       		.uleb128 0x3f
 438 006a 19       		.uleb128 0x19
ARM GAS  C:\Users\AARONW~1\AppData\Local\Temp\ccPHccAD.s 			page 11


 439 006b 03       		.uleb128 0x3
 440 006c 0E       		.uleb128 0xe
 441 006d 3A       		.uleb128 0x3a
 442 006e 0B       		.uleb128 0xb
 443 006f 3B       		.uleb128 0x3b
 444 0070 0B       		.uleb128 0xb
 445 0071 27       		.uleb128 0x27
 446 0072 19       		.uleb128 0x19
 447 0073 11       		.uleb128 0x11
 448 0074 01       		.uleb128 0x1
 449 0075 12       		.uleb128 0x12
 450 0076 06       		.uleb128 0x6
 451 0077 40       		.uleb128 0x40
 452 0078 18       		.uleb128 0x18
 453 0079 9742     		.uleb128 0x2117
 454 007b 19       		.uleb128 0x19
 455 007c 00       		.byte	0
 456 007d 00       		.byte	0
 457 007e 0A       		.uleb128 0xa
 458 007f 2E       		.uleb128 0x2e
 459 0080 00       		.byte	0
 460 0081 3F       		.uleb128 0x3f
 461 0082 19       		.uleb128 0x19
 462 0083 03       		.uleb128 0x3
 463 0084 0E       		.uleb128 0xe
 464 0085 3A       		.uleb128 0x3a
 465 0086 0B       		.uleb128 0xb
 466 0087 3B       		.uleb128 0x3b
 467 0088 0B       		.uleb128 0xb
 468 0089 27       		.uleb128 0x27
 469 008a 19       		.uleb128 0x19
 470 008b 11       		.uleb128 0x11
 471 008c 01       		.uleb128 0x1
 472 008d 12       		.uleb128 0x12
 473 008e 06       		.uleb128 0x6
 474 008f 40       		.uleb128 0x40
 475 0090 18       		.uleb128 0x18
 476 0091 9642     		.uleb128 0x2116
 477 0093 19       		.uleb128 0x19
 478 0094 00       		.byte	0
 479 0095 00       		.byte	0
 480 0096 0B       		.uleb128 0xb
 481 0097 34       		.uleb128 0x34
 482 0098 00       		.byte	0
 483 0099 03       		.uleb128 0x3
 484 009a 0E       		.uleb128 0xe
 485 009b 3A       		.uleb128 0x3a
 486 009c 0B       		.uleb128 0xb
 487 009d 3B       		.uleb128 0x3b
 488 009e 0B       		.uleb128 0xb
 489 009f 49       		.uleb128 0x49
 490 00a0 13       		.uleb128 0x13
 491 00a1 02       		.uleb128 0x2
 492 00a2 18       		.uleb128 0x18
 493 00a3 00       		.byte	0
 494 00a4 00       		.byte	0
 495 00a5 00       		.byte	0
ARM GAS  C:\Users\AARONW~1\AppData\Local\Temp\ccPHccAD.s 			page 12


 496              		.section	.debug_aranges,"",%progbits
 497 0000 34000000 		.4byte	0x34
 498 0004 0200     		.2byte	0x2
 499 0006 00000000 		.4byte	.Ldebug_info0
 500 000a 04       		.byte	0x4
 501 000b 00       		.byte	0
 502 000c 0000     		.2byte	0
 503 000e 0000     		.2byte	0
 504 0010 00000000 		.4byte	.LFB0
 505 0014 0C000000 		.4byte	.LFE0-.LFB0
 506 0018 00000000 		.4byte	.LFB1
 507 001c 0C000000 		.4byte	.LFE1-.LFB1
 508 0020 00000000 		.4byte	.LFB2
 509 0024 34000000 		.4byte	.LFE2-.LFB2
 510 0028 00000000 		.4byte	.LFB3
 511 002c 1C000000 		.4byte	.LFE3-.LFB3
 512 0030 00000000 		.4byte	0
 513 0034 00000000 		.4byte	0
 514              		.section	.debug_ranges,"",%progbits
 515              	.Ldebug_ranges0:
 516 0000 00000000 		.4byte	.LFB0
 517 0004 0C000000 		.4byte	.LFE0
 518 0008 00000000 		.4byte	.LFB1
 519 000c 0C000000 		.4byte	.LFE1
 520 0010 00000000 		.4byte	.LFB2
 521 0014 34000000 		.4byte	.LFE2
 522 0018 00000000 		.4byte	.LFB3
 523 001c 1C000000 		.4byte	.LFE3
 524 0020 00000000 		.4byte	0
 525 0024 00000000 		.4byte	0
 526              		.section	.debug_line,"",%progbits
 527              	.Ldebug_line0:
 528 0000 A0000000 		.section	.debug_str,"MS",%progbits,1
 528      02005000 
 528      00000201 
 528      FB0E0D00 
 528      01010101 
 529              	.LASF6:
 530 0000 6C6F6E67 		.ascii	"long long int\000"
 530      206C6F6E 
 530      6720696E 
 530      7400
 531              	.LASF15:
 532 000e 656E6162 		.ascii	"enableState\000"
 532      6C655374 
 532      61746500 
 533              	.LASF8:
 534 001a 756E7369 		.ascii	"unsigned int\000"
 534      676E6564 
 534      20696E74 
 534      00
 535              	.LASF22:
 536 0027 5449415F 		.ascii	"TIA_1_Sleep\000"
 536      315F536C 
 536      65657000 
 537              	.LASF17:
 538 0033 73634352 		.ascii	"scCR1Reg\000"
ARM GAS  C:\Users\AARONW~1\AppData\Local\Temp\ccPHccAD.s 			page 13


 538      31526567 
 538      00
 539              	.LASF12:
 540 003c 75696E74 		.ascii	"uint8\000"
 540      3800
 541              	.LASF21:
 542 0042 5449415F 		.ascii	"TIA_1_RestoreConfig\000"
 542      315F5265 
 542      73746F72 
 542      65436F6E 
 542      66696700 
 543              	.LASF7:
 544 0056 6C6F6E67 		.ascii	"long long unsigned int\000"
 544      206C6F6E 
 544      6720756E 
 544      7369676E 
 544      65642069 
 545              	.LASF20:
 546 006d 5449415F 		.ascii	"TIA_1_SaveConfig\000"
 546      315F5361 
 546      7665436F 
 546      6E666967 
 546      00
 547              	.LASF19:
 548 007e 5449415F 		.ascii	"TIA_1_BACKUP_STRUCT\000"
 548      315F4241 
 548      434B5550 
 548      5F535452 
 548      55435400 
 549              	.LASF23:
 550 0092 5449415F 		.ascii	"TIA_1_Wakeup\000"
 550      315F5761 
 550      6B657570 
 550      00
 551              	.LASF1:
 552 009f 756E7369 		.ascii	"unsigned char\000"
 552      676E6564 
 552      20636861 
 552      7200
 553              	.LASF11:
 554 00ad 63686172 		.ascii	"char\000"
 554      00
 555              	.LASF27:
 556 00b2 5449415F 		.ascii	"TIA_1_backup\000"
 556      315F6261 
 556      636B7570 
 556      00
 557              	.LASF25:
 558 00bf 47656E65 		.ascii	"Generated_Source\\PSoC5\\TIA_1_PM.c\000"
 558      72617465 
 558      645F536F 
 558      75726365 
 558      5C50536F 
 559              	.LASF4:
 560 00e1 6C6F6E67 		.ascii	"long int\000"
 560      20696E74 
 560      00
ARM GAS  C:\Users\AARONW~1\AppData\Local\Temp\ccPHccAD.s 			page 14


 561              	.LASF24:
 562 00ea 474E5520 		.ascii	"GNU C 4.9.3 20150303 (release) [ARM/embedded-4_9-br"
 562      4320342E 
 562      392E3320 
 562      32303135 
 562      30333033 
 563 011d 616E6368 		.ascii	"anch revision 221220] -mcpu=cortex-m3 -mthumb -g -O"
 563      20726576 
 563      6973696F 
 563      6E203232 
 563      31323230 
 564 0150 30202D66 		.ascii	"0 -ffunction-sections -ffat-lto-objects\000"
 564      66756E63 
 564      74696F6E 
 564      2D736563 
 564      74696F6E 
 565              	.LASF5:
 566 0178 6C6F6E67 		.ascii	"long unsigned int\000"
 566      20756E73 
 566      69676E65 
 566      6420696E 
 566      7400
 567              	.LASF10:
 568 018a 646F7562 		.ascii	"double\000"
 568      6C6500
 569              	.LASF16:
 570 0191 73634352 		.ascii	"scCR0reg\000"
 570      30726567 
 570      00
 571              	.LASF3:
 572 019a 73686F72 		.ascii	"short unsigned int\000"
 572      7420756E 
 572      7369676E 
 572      65642069 
 572      6E7400
 573              	.LASF0:
 574 01ad 7369676E 		.ascii	"signed char\000"
 574      65642063 
 574      68617200 
 575              	.LASF26:
 576 01b9 433A5C55 		.ascii	"C:\\Users\\Aaron Wubshet\\Google Drive\\1 College\\"
 576      73657273 
 576      5C416172 
 576      6F6E2057 
 576      75627368 
 577 01e7 3220536F 		.ascii	"2 Sophomore Year\\3 SPRING\\6.115\\Final Project PS"
 577      70686F6D 
 577      6F726520 
 577      59656172 
 577      5C332053 
 578 0217 6F432057 		.ascii	"oC Workspace\\Final Project\\External_LCD_Display.c"
 578      6F726B73 
 578      70616365 
 578      5C46696E 
 578      616C2050 
 579 0248 7964736E 		.ascii	"ydsn\000"
 579      00
ARM GAS  C:\Users\AARONW~1\AppData\Local\Temp\ccPHccAD.s 			page 15


 580              	.LASF18:
 581 024d 73634352 		.ascii	"scCR2Reg\000"
 581      32526567 
 581      00
 582              	.LASF9:
 583 0256 666C6F61 		.ascii	"float\000"
 583      7400
 584              	.LASF2:
 585 025c 73686F72 		.ascii	"short int\000"
 585      7420696E 
 585      7400
 586              	.LASF13:
 587 0266 72656738 		.ascii	"reg8\000"
 587      00
 588              	.LASF14:
 589 026b 73697A65 		.ascii	"sizetype\000"
 589      74797065 
 589      00
 590              		.ident	"GCC: (GNU Tools for ARM Embedded Processors) 4.9.3 20150303 (release) [ARM/embedded-4_9-br
