ARM GAS  C:\Users\AARONW~1\AppData\Local\Temp\cclM5Oot.s 			page 1


   1              		.syntax unified
   2              		.cpu cortex-m3
   3              		.fpu softvfp
   4              		.eabi_attribute 20, 1
   5              		.eabi_attribute 21, 1
   6              		.eabi_attribute 23, 3
   7              		.eabi_attribute 24, 1
   8              		.eabi_attribute 25, 1
   9              		.eabi_attribute 26, 1
  10              		.eabi_attribute 30, 6
  11              		.eabi_attribute 34, 1
  12              		.eabi_attribute 18, 4
  13              		.thumb
  14              		.file	"TIA_1.c"
  15              		.text
  16              	.Ltext0:
  17              		.cfi_sections	.debug_frame
  18              		.global	TIA_1_initVar
  19              		.bss
  20              		.type	TIA_1_initVar, %object
  21              		.size	TIA_1_initVar, 1
  22              	TIA_1_initVar:
  23 0000 00       		.space	1
  24              		.section	.text.TIA_1_Init,"ax",%progbits
  25              		.align	2
  26              		.global	TIA_1_Init
  27              		.thumb
  28              		.thumb_func
  29              		.type	TIA_1_Init, %function
  30              	TIA_1_Init:
  31              	.LFB0:
  32              		.file 1 "Generated_Source\\PSoC5\\TIA_1.c"
   1:Generated_Source\PSoC5/TIA_1.c **** /*******************************************************************************
   2:Generated_Source\PSoC5/TIA_1.c **** * File Name: TIA_1.c  
   3:Generated_Source\PSoC5/TIA_1.c **** * Version 2.0
   4:Generated_Source\PSoC5/TIA_1.c **** *
   5:Generated_Source\PSoC5/TIA_1.c **** * Description:
   6:Generated_Source\PSoC5/TIA_1.c **** *  This file provides the source code to the API for the TIA User Module.
   7:Generated_Source\PSoC5/TIA_1.c **** *
   8:Generated_Source\PSoC5/TIA_1.c **** * Note:
   9:Generated_Source\PSoC5/TIA_1.c **** *
  10:Generated_Source\PSoC5/TIA_1.c **** ********************************************************************************
  11:Generated_Source\PSoC5/TIA_1.c **** * Copyright 2008-2012, Cypress Semiconductor Corporation.  All rights reserved.
  12:Generated_Source\PSoC5/TIA_1.c **** * You may use this file only in accordance with the license, terms, conditions, 
  13:Generated_Source\PSoC5/TIA_1.c **** * disclaimers, and limitations in the end user license agreement accompanying 
  14:Generated_Source\PSoC5/TIA_1.c **** * the software package with which this file was provided.
  15:Generated_Source\PSoC5/TIA_1.c **** *******************************************************************************/
  16:Generated_Source\PSoC5/TIA_1.c **** 
  17:Generated_Source\PSoC5/TIA_1.c **** #include "TIA_1.h"
  18:Generated_Source\PSoC5/TIA_1.c **** 
  19:Generated_Source\PSoC5/TIA_1.c **** #if (!CY_PSOC5A)
  20:Generated_Source\PSoC5/TIA_1.c ****     #if (CYDEV_VARIABLE_VDDA == 1u)
  21:Generated_Source\PSoC5/TIA_1.c ****         #include "CyScBoostClk.h"
  22:Generated_Source\PSoC5/TIA_1.c ****     #endif /* (CYDEV_VARIABLE_VDDA == 1u) */
  23:Generated_Source\PSoC5/TIA_1.c **** #endif /* (!CY_PSOC5A) */
  24:Generated_Source\PSoC5/TIA_1.c **** 
  25:Generated_Source\PSoC5/TIA_1.c **** /* Fixed configuration of SC Block only performed once */
ARM GAS  C:\Users\AARONW~1\AppData\Local\Temp\cclM5Oot.s 			page 2


  26:Generated_Source\PSoC5/TIA_1.c **** uint8 TIA_1_initVar = 0u;
  27:Generated_Source\PSoC5/TIA_1.c **** 
  28:Generated_Source\PSoC5/TIA_1.c **** #if (CY_PSOC5A)
  29:Generated_Source\PSoC5/TIA_1.c ****     static TIA_1_BACKUP_STRUCT  TIA_1_P5backup;
  30:Generated_Source\PSoC5/TIA_1.c **** #endif /* (CY_PSOC5A) */
  31:Generated_Source\PSoC5/TIA_1.c **** 
  32:Generated_Source\PSoC5/TIA_1.c **** 
  33:Generated_Source\PSoC5/TIA_1.c **** /*******************************************************************************   
  34:Generated_Source\PSoC5/TIA_1.c **** * Function Name: TIA_1_Init
  35:Generated_Source\PSoC5/TIA_1.c **** ********************************************************************************
  36:Generated_Source\PSoC5/TIA_1.c **** *
  37:Generated_Source\PSoC5/TIA_1.c **** * Summary:
  38:Generated_Source\PSoC5/TIA_1.c **** *  Initialize component's parameters to the parameters set by user in the 
  39:Generated_Source\PSoC5/TIA_1.c **** *  customizer of the component placed onto schematic. Usually called in 
  40:Generated_Source\PSoC5/TIA_1.c **** *  TIA_1_Start().
  41:Generated_Source\PSoC5/TIA_1.c **** *
  42:Generated_Source\PSoC5/TIA_1.c **** * Parameters:
  43:Generated_Source\PSoC5/TIA_1.c **** *  void
  44:Generated_Source\PSoC5/TIA_1.c **** *
  45:Generated_Source\PSoC5/TIA_1.c **** * Return:
  46:Generated_Source\PSoC5/TIA_1.c **** *  void
  47:Generated_Source\PSoC5/TIA_1.c **** *
  48:Generated_Source\PSoC5/TIA_1.c **** *******************************************************************************/
  49:Generated_Source\PSoC5/TIA_1.c **** void TIA_1_Init(void) 
  50:Generated_Source\PSoC5/TIA_1.c **** {
  33              		.loc 1 50 0
  34              		.cfi_startproc
  35              		@ args = 0, pretend = 0, frame = 0
  36              		@ frame_needed = 1, uses_anonymous_args = 0
  37 0000 80B5     		push	{r7, lr}
  38              		.cfi_def_cfa_offset 8
  39              		.cfi_offset 7, -8
  40              		.cfi_offset 14, -4
  41 0002 00AF     		add	r7, sp, #0
  42              		.cfi_def_cfa_register 7
  51:Generated_Source\PSoC5/TIA_1.c ****     /* Set SC Block Mode to TIA - SCxx_CR0[3:1] */
  52:Generated_Source\PSoC5/TIA_1.c ****     TIA_1_CR0_REG = TIA_1_MODE_TIA;
  43              		.loc 1 52 0
  44 0004 094B     		ldr	r3, .L2
  45 0006 0222     		movs	r2, #2
  46 0008 1A70     		strb	r2, [r3]
  53:Generated_Source\PSoC5/TIA_1.c ****     
  54:Generated_Source\PSoC5/TIA_1.c ****     /*    Set SC Block CR1 Control Register fields to support TIA mode 
  55:Generated_Source\PSoC5/TIA_1.c ****             drive field set by SetPower() API
  56:Generated_Source\PSoC5/TIA_1.c ****             compensation Cap - 5.1 pF
  57:Generated_Source\PSoC5/TIA_1.c ****             div2 - disable, n/a for TIA mode
  58:Generated_Source\PSoC5/TIA_1.c ****             Mixer/PGA Gain - 0db, n/a for TIA mode   */
  59:Generated_Source\PSoC5/TIA_1.c **** 
  60:Generated_Source\PSoC5/TIA_1.c ****     TIA_1_CR1_REG = (TIA_1_COMP_5P1PF |
  47              		.loc 1 60 0
  48 000a 094B     		ldr	r3, .L2+4
  49 000c 0C22     		movs	r2, #12
  50 000e 1A70     		strb	r2, [r3]
  61:Generated_Source\PSoC5/TIA_1.c ****                                 TIA_1_DIV2_DISABLE |
  62:Generated_Source\PSoC5/TIA_1.c ****                                 TIA_1_GAIN_0DB);
  63:Generated_Source\PSoC5/TIA_1.c **** 
  64:Generated_Source\PSoC5/TIA_1.c **** 
ARM GAS  C:\Users\AARONW~1\AppData\Local\Temp\cclM5Oot.s 			page 3


  65:Generated_Source\PSoC5/TIA_1.c ****     /*    Set SC Block CR2 Control Register fields to support TIA mode
  66:Generated_Source\PSoC5/TIA_1.c ****             Bias - Low
  67:Generated_Source\PSoC5/TIA_1.c ****             r20_r40 - 40K, n/a for TIA mode
  68:Generated_Source\PSoC5/TIA_1.c ****             redc - set by SetCapFB() API
  69:Generated_Source\PSoC5/TIA_1.c ****             rval - set by SetResFB() API
  70:Generated_Source\PSoC5/TIA_1.c ****             PGA Ground Ref - disable, n/a for TIA mode    */
  71:Generated_Source\PSoC5/TIA_1.c **** 
  72:Generated_Source\PSoC5/TIA_1.c ****     TIA_1_CR2_REG = (TIA_1_BIAS_LOW |
  51              		.loc 1 72 0
  52 0010 084B     		ldr	r3, .L2+8
  53 0012 0122     		movs	r2, #1
  54 0014 1A70     		strb	r2, [r3]
  73:Generated_Source\PSoC5/TIA_1.c ****                                 TIA_1_R20_40B_40K |
  74:Generated_Source\PSoC5/TIA_1.c ****                                 TIA_1_GNDVREF_DI);
  75:Generated_Source\PSoC5/TIA_1.c ****                           
  76:Generated_Source\PSoC5/TIA_1.c ****     /* Set default resistive feedback value */
  77:Generated_Source\PSoC5/TIA_1.c ****     TIA_1_SetResFB(TIA_1_INIT_RES_FEEDBACK);
  55              		.loc 1 77 0
  56 0016 0720     		movs	r0, #7
  57 0018 FFF7FEFF 		bl	TIA_1_SetResFB
  78:Generated_Source\PSoC5/TIA_1.c ****       
  79:Generated_Source\PSoC5/TIA_1.c ****     /* Set default capacitive feedback value */
  80:Generated_Source\PSoC5/TIA_1.c ****     TIA_1_SetCapFB(TIA_1_INIT_CAP_FEEDBACK);
  58              		.loc 1 80 0
  59 001c 0320     		movs	r0, #3
  60 001e FFF7FEFF 		bl	TIA_1_SetCapFB
  81:Generated_Source\PSoC5/TIA_1.c **** 
  82:Generated_Source\PSoC5/TIA_1.c ****     /* Set default power */
  83:Generated_Source\PSoC5/TIA_1.c ****     TIA_1_SetPower(TIA_1_INIT_POWER);
  61              		.loc 1 83 0
  62 0022 0320     		movs	r0, #3
  63 0024 FFF7FEFF 		bl	TIA_1_SetPower
  84:Generated_Source\PSoC5/TIA_1.c **** }
  64              		.loc 1 84 0
  65 0028 80BD     		pop	{r7, pc}
  66              	.L3:
  67 002a 00BF     		.align	2
  68              	.L2:
  69 002c 0C580040 		.word	1073764364
  70 0030 0D580040 		.word	1073764365
  71 0034 0E580040 		.word	1073764366
  72              		.cfi_endproc
  73              	.LFE0:
  74              		.size	TIA_1_Init, .-TIA_1_Init
  75              		.section	.text.TIA_1_Enable,"ax",%progbits
  76              		.align	2
  77              		.global	TIA_1_Enable
  78              		.thumb
  79              		.thumb_func
  80              		.type	TIA_1_Enable, %function
  81              	TIA_1_Enable:
  82              	.LFB1:
  85:Generated_Source\PSoC5/TIA_1.c **** 
  86:Generated_Source\PSoC5/TIA_1.c **** 
  87:Generated_Source\PSoC5/TIA_1.c **** /*******************************************************************************   
  88:Generated_Source\PSoC5/TIA_1.c **** * Function Name: TIA_1_Enable
  89:Generated_Source\PSoC5/TIA_1.c **** ********************************************************************************
ARM GAS  C:\Users\AARONW~1\AppData\Local\Temp\cclM5Oot.s 			page 4


  90:Generated_Source\PSoC5/TIA_1.c **** *
  91:Generated_Source\PSoC5/TIA_1.c **** * Summary:
  92:Generated_Source\PSoC5/TIA_1.c **** *  Enables the TIA block operation
  93:Generated_Source\PSoC5/TIA_1.c **** *
  94:Generated_Source\PSoC5/TIA_1.c **** * Parameters:
  95:Generated_Source\PSoC5/TIA_1.c **** *  void
  96:Generated_Source\PSoC5/TIA_1.c **** *
  97:Generated_Source\PSoC5/TIA_1.c **** * Return:
  98:Generated_Source\PSoC5/TIA_1.c **** *  void
  99:Generated_Source\PSoC5/TIA_1.c **** *
 100:Generated_Source\PSoC5/TIA_1.c **** *******************************************************************************/
 101:Generated_Source\PSoC5/TIA_1.c **** void TIA_1_Enable(void) 
 102:Generated_Source\PSoC5/TIA_1.c **** {
  83              		.loc 1 102 0
  84              		.cfi_startproc
  85              		@ args = 0, pretend = 0, frame = 0
  86              		@ frame_needed = 1, uses_anonymous_args = 0
  87              		@ link register save eliminated.
  88 0000 80B4     		push	{r7}
  89              		.cfi_def_cfa_offset 4
  90              		.cfi_offset 7, -4
  91 0002 00AF     		add	r7, sp, #0
  92              		.cfi_def_cfa_register 7
 103:Generated_Source\PSoC5/TIA_1.c **** 	/* This is to restore the value of register CR1 and CR2 which is saved 
 104:Generated_Source\PSoC5/TIA_1.c ****       in prior to the modifications in stop() API */
 105:Generated_Source\PSoC5/TIA_1.c **** 	#if (CY_PSOC5A)
 106:Generated_Source\PSoC5/TIA_1.c ****         if(TIA_1_P5backup.enableState == 1u)
 107:Generated_Source\PSoC5/TIA_1.c ****         {
 108:Generated_Source\PSoC5/TIA_1.c **** 			TIA_1_CR1_REG = TIA_1_P5backup.scCR1Reg;
 109:Generated_Source\PSoC5/TIA_1.c ****             TIA_1_CR2_REG =TIA_1_P5backup.scCR2Reg;
 110:Generated_Source\PSoC5/TIA_1.c ****             TIA_1_P5backup.enableState = 0u;
 111:Generated_Source\PSoC5/TIA_1.c ****         }
 112:Generated_Source\PSoC5/TIA_1.c ****     #endif
 113:Generated_Source\PSoC5/TIA_1.c ****     /* Enable power to Amp in Active mode */
 114:Generated_Source\PSoC5/TIA_1.c ****     TIA_1_PM_ACT_CFG_REG |= TIA_1_ACT_PWR_EN;
  93              		.loc 1 114 0
  94 0004 0D4A     		ldr	r2, .L5
  95 0006 0D4B     		ldr	r3, .L5
  96 0008 1B78     		ldrb	r3, [r3]
  97 000a DBB2     		uxtb	r3, r3
  98 000c 43F00803 		orr	r3, r3, #8
  99 0010 DBB2     		uxtb	r3, r3
 100 0012 1370     		strb	r3, [r2]
 115:Generated_Source\PSoC5/TIA_1.c **** 
 116:Generated_Source\PSoC5/TIA_1.c ****     /* Enable the power to Amp in Alternative active mode*/
 117:Generated_Source\PSoC5/TIA_1.c ****     TIA_1_PM_STBY_CFG_REG |= TIA_1_STBY_PWR_EN;
 101              		.loc 1 117 0
 102 0014 0A4A     		ldr	r2, .L5+4
 103 0016 0A4B     		ldr	r3, .L5+4
 104 0018 1B78     		ldrb	r3, [r3]
 105 001a DBB2     		uxtb	r3, r3
 106 001c 43F00803 		orr	r3, r3, #8
 107 0020 DBB2     		uxtb	r3, r3
 108 0022 1370     		strb	r3, [r2]
 118:Generated_Source\PSoC5/TIA_1.c ****     
 119:Generated_Source\PSoC5/TIA_1.c ****     TIA_1_PUMP_CR1_REG |= TIA_1_PUMP_CR1_SC_CLKSEL;
 109              		.loc 1 119 0
ARM GAS  C:\Users\AARONW~1\AppData\Local\Temp\cclM5Oot.s 			page 5


 110 0024 074A     		ldr	r2, .L5+8
 111 0026 074B     		ldr	r3, .L5+8
 112 0028 1B78     		ldrb	r3, [r3]
 113 002a DBB2     		uxtb	r3, r3
 114 002c 63F07F03 		orn	r3, r3, #127
 115 0030 DBB2     		uxtb	r3, r3
 116 0032 1370     		strb	r3, [r2]
 120:Generated_Source\PSoC5/TIA_1.c ****     
 121:Generated_Source\PSoC5/TIA_1.c ****     #if (!CY_PSOC5A)
 122:Generated_Source\PSoC5/TIA_1.c ****         #if (CYDEV_VARIABLE_VDDA == 1u)
 123:Generated_Source\PSoC5/TIA_1.c ****             if(CyScPumpEnabled == 1u)
 124:Generated_Source\PSoC5/TIA_1.c ****             {
 125:Generated_Source\PSoC5/TIA_1.c ****                 TIA_1_BSTCLK_REG &= (uint8)(~TIA_1_BST_CLK_INDEX_MASK);
 126:Generated_Source\PSoC5/TIA_1.c ****                 TIA_1_BSTCLK_REG |= TIA_1_BST_CLK_EN | CyScBoostClk__INDEX;
 127:Generated_Source\PSoC5/TIA_1.c ****                 TIA_1_SC_MISC_REG |= TIA_1_PUMP_FORCE;
 128:Generated_Source\PSoC5/TIA_1.c ****                 CyScBoostClk_Start();
 129:Generated_Source\PSoC5/TIA_1.c ****             }
 130:Generated_Source\PSoC5/TIA_1.c ****             else
 131:Generated_Source\PSoC5/TIA_1.c ****             {
 132:Generated_Source\PSoC5/TIA_1.c ****                 TIA_1_BSTCLK_REG &= (uint8)(~TIA_1_BST_CLK_EN);
 133:Generated_Source\PSoC5/TIA_1.c ****                 TIA_1_SC_MISC_REG &= (uint8)(~TIA_1_PUMP_FORCE);
 134:Generated_Source\PSoC5/TIA_1.c ****             }
 135:Generated_Source\PSoC5/TIA_1.c ****         #endif /* (CYDEV_VARIABLE_VDDA == 1u) */
 136:Generated_Source\PSoC5/TIA_1.c ****     #endif /* (!CY_PSOC5A) */
 137:Generated_Source\PSoC5/TIA_1.c **** }
 117              		.loc 1 137 0
 118 0034 BD46     		mov	sp, r7
 119              		.cfi_def_cfa_register 13
 120              		@ sp needed
 121 0036 5DF8047B 		ldr	r7, [sp], #4
 122              		.cfi_restore 7
 123              		.cfi_def_cfa_offset 0
 124 003a 7047     		bx	lr
 125              	.L6:
 126              		.align	2
 127              	.L5:
 128 003c A9430040 		.word	1073759145
 129 0040 B9430040 		.word	1073759161
 130 0044 77580040 		.word	1073764471
 131              		.cfi_endproc
 132              	.LFE1:
 133              		.size	TIA_1_Enable, .-TIA_1_Enable
 134              		.section	.text.TIA_1_Start,"ax",%progbits
 135              		.align	2
 136              		.global	TIA_1_Start
 137              		.thumb
 138              		.thumb_func
 139              		.type	TIA_1_Start, %function
 140              	TIA_1_Start:
 141              	.LFB2:
 138:Generated_Source\PSoC5/TIA_1.c **** 
 139:Generated_Source\PSoC5/TIA_1.c **** 
 140:Generated_Source\PSoC5/TIA_1.c **** /*******************************************************************************
 141:Generated_Source\PSoC5/TIA_1.c **** * Function Name: TIA_1_Start
 142:Generated_Source\PSoC5/TIA_1.c **** ********************************************************************************
 143:Generated_Source\PSoC5/TIA_1.c **** *
 144:Generated_Source\PSoC5/TIA_1.c **** * Summary:
ARM GAS  C:\Users\AARONW~1\AppData\Local\Temp\cclM5Oot.s 			page 6


 145:Generated_Source\PSoC5/TIA_1.c **** *  The start function initializes the TIA with the default values and enables
 146:Generated_Source\PSoC5/TIA_1.c **** *  power to the SC block.
 147:Generated_Source\PSoC5/TIA_1.c **** *
 148:Generated_Source\PSoC5/TIA_1.c **** * Parameters:
 149:Generated_Source\PSoC5/TIA_1.c **** *  void
 150:Generated_Source\PSoC5/TIA_1.c **** *
 151:Generated_Source\PSoC5/TIA_1.c **** * Return:
 152:Generated_Source\PSoC5/TIA_1.c **** *  void 
 153:Generated_Source\PSoC5/TIA_1.c **** *
 154:Generated_Source\PSoC5/TIA_1.c **** * Global variables:
 155:Generated_Source\PSoC5/TIA_1.c **** *  TIA_1_initVar: Used to check the initial configuration, modified 
 156:Generated_Source\PSoC5/TIA_1.c **** *  when this function is called for the first time.
 157:Generated_Source\PSoC5/TIA_1.c **** *
 158:Generated_Source\PSoC5/TIA_1.c **** * Theory:
 159:Generated_Source\PSoC5/TIA_1.c **** *  Full initialization of the SC Block configuration registers is only perfomed
 160:Generated_Source\PSoC5/TIA_1.c **** *  the first time the routine executes - global variable  is used to
 161:Generated_Source\PSoC5/TIA_1.c **** *  TIA_1_initVar is used to indicate that the static configuration 
 162:Generated_Source\PSoC5/TIA_1.c **** *  has been completed.
 163:Generated_Source\PSoC5/TIA_1.c **** *
 164:Generated_Source\PSoC5/TIA_1.c **** *******************************************************************************/
 165:Generated_Source\PSoC5/TIA_1.c **** void TIA_1_Start(void) 
 166:Generated_Source\PSoC5/TIA_1.c **** {
 142              		.loc 1 166 0
 143              		.cfi_startproc
 144              		@ args = 0, pretend = 0, frame = 0
 145              		@ frame_needed = 1, uses_anonymous_args = 0
 146 0000 80B5     		push	{r7, lr}
 147              		.cfi_def_cfa_offset 8
 148              		.cfi_offset 7, -8
 149              		.cfi_offset 14, -4
 150 0002 00AF     		add	r7, sp, #0
 151              		.cfi_def_cfa_register 7
 167:Generated_Source\PSoC5/TIA_1.c ****     if(TIA_1_initVar == 0u)
 152              		.loc 1 167 0
 153 0004 054B     		ldr	r3, .L9
 154 0006 1B78     		ldrb	r3, [r3]	@ zero_extendqisi2
 155 0008 002B     		cmp	r3, #0
 156 000a 04D1     		bne	.L8
 168:Generated_Source\PSoC5/TIA_1.c ****     {
 169:Generated_Source\PSoC5/TIA_1.c ****         TIA_1_initVar = 1u;  
 157              		.loc 1 169 0
 158 000c 034B     		ldr	r3, .L9
 159 000e 0122     		movs	r2, #1
 160 0010 1A70     		strb	r2, [r3]
 170:Generated_Source\PSoC5/TIA_1.c ****         TIA_1_Init();
 161              		.loc 1 170 0
 162 0012 FFF7FEFF 		bl	TIA_1_Init
 163              	.L8:
 171:Generated_Source\PSoC5/TIA_1.c ****     }
 172:Generated_Source\PSoC5/TIA_1.c **** 
 173:Generated_Source\PSoC5/TIA_1.c ****     TIA_1_Enable();
 164              		.loc 1 173 0
 165 0016 FFF7FEFF 		bl	TIA_1_Enable
 174:Generated_Source\PSoC5/TIA_1.c **** }
 166              		.loc 1 174 0
 167 001a 80BD     		pop	{r7, pc}
 168              	.L10:
ARM GAS  C:\Users\AARONW~1\AppData\Local\Temp\cclM5Oot.s 			page 7


 169              		.align	2
 170              	.L9:
 171 001c 00000000 		.word	TIA_1_initVar
 172              		.cfi_endproc
 173              	.LFE2:
 174              		.size	TIA_1_Start, .-TIA_1_Start
 175              		.section	.text.TIA_1_Stop,"ax",%progbits
 176              		.align	2
 177              		.global	TIA_1_Stop
 178              		.thumb
 179              		.thumb_func
 180              		.type	TIA_1_Stop, %function
 181              	TIA_1_Stop:
 182              	.LFB3:
 175:Generated_Source\PSoC5/TIA_1.c **** 
 176:Generated_Source\PSoC5/TIA_1.c **** 
 177:Generated_Source\PSoC5/TIA_1.c **** /*******************************************************************************
 178:Generated_Source\PSoC5/TIA_1.c **** * Function Name: TIA_1_Stop
 179:Generated_Source\PSoC5/TIA_1.c **** ********************************************************************************
 180:Generated_Source\PSoC5/TIA_1.c **** *
 181:Generated_Source\PSoC5/TIA_1.c **** * Summary: 
 182:Generated_Source\PSoC5/TIA_1.c **** *  Disables power to SC block.
 183:Generated_Source\PSoC5/TIA_1.c **** *
 184:Generated_Source\PSoC5/TIA_1.c **** * Parameters:
 185:Generated_Source\PSoC5/TIA_1.c **** *  void
 186:Generated_Source\PSoC5/TIA_1.c **** *
 187:Generated_Source\PSoC5/TIA_1.c **** * Return:
 188:Generated_Source\PSoC5/TIA_1.c **** *  void
 189:Generated_Source\PSoC5/TIA_1.c **** *
 190:Generated_Source\PSoC5/TIA_1.c **** *******************************************************************************/
 191:Generated_Source\PSoC5/TIA_1.c **** void TIA_1_Stop(void) 
 192:Generated_Source\PSoC5/TIA_1.c **** {
 183              		.loc 1 192 0
 184              		.cfi_startproc
 185              		@ args = 0, pretend = 0, frame = 0
 186              		@ frame_needed = 1, uses_anonymous_args = 0
 187              		@ link register save eliminated.
 188 0000 80B4     		push	{r7}
 189              		.cfi_def_cfa_offset 4
 190              		.cfi_offset 7, -4
 191 0002 00AF     		add	r7, sp, #0
 192              		.cfi_def_cfa_register 7
 193:Generated_Source\PSoC5/TIA_1.c ****      /* Disble power to the Amp in Active mode template*/
 194:Generated_Source\PSoC5/TIA_1.c ****     TIA_1_PM_ACT_CFG_REG &= (uint8)(~TIA_1_ACT_PWR_EN);
 193              		.loc 1 194 0
 194 0004 094A     		ldr	r2, .L12
 195 0006 094B     		ldr	r3, .L12
 196 0008 1B78     		ldrb	r3, [r3]
 197 000a DBB2     		uxtb	r3, r3
 198 000c 23F00803 		bic	r3, r3, #8
 199 0010 DBB2     		uxtb	r3, r3
 200 0012 1370     		strb	r3, [r2]
 195:Generated_Source\PSoC5/TIA_1.c **** 
 196:Generated_Source\PSoC5/TIA_1.c ****     /* Disble power to the Amp in Alternative active mode template*/
 197:Generated_Source\PSoC5/TIA_1.c ****     TIA_1_PM_STBY_CFG_REG &= (uint8)(~TIA_1_STBY_PWR_EN);
 201              		.loc 1 197 0
 202 0014 064A     		ldr	r2, .L12+4
ARM GAS  C:\Users\AARONW~1\AppData\Local\Temp\cclM5Oot.s 			page 8


 203 0016 064B     		ldr	r3, .L12+4
 204 0018 1B78     		ldrb	r3, [r3]
 205 001a DBB2     		uxtb	r3, r3
 206 001c 23F00803 		bic	r3, r3, #8
 207 0020 DBB2     		uxtb	r3, r3
 208 0022 1370     		strb	r3, [r2]
 198:Generated_Source\PSoC5/TIA_1.c ****     
 199:Generated_Source\PSoC5/TIA_1.c ****     #if (!CY_PSOC5A)
 200:Generated_Source\PSoC5/TIA_1.c ****         #if (CYDEV_VARIABLE_VDDA == 1u)
 201:Generated_Source\PSoC5/TIA_1.c ****             TIA_1_BSTCLK_REG &= (uint8)(~TIA_1_BST_CLK_EN);
 202:Generated_Source\PSoC5/TIA_1.c ****             /* Disable pumps only if there aren't any SC block in use */
 203:Generated_Source\PSoC5/TIA_1.c ****             if ((TIA_1_PM_ACT_CFG_REG & TIA_1_PM_ACT_CFG_MASK) == 0u)
 204:Generated_Source\PSoC5/TIA_1.c ****             {
 205:Generated_Source\PSoC5/TIA_1.c ****                 TIA_1_SC_MISC_REG &= (uint8)(~TIA_1_PUMP_FORCE);
 206:Generated_Source\PSoC5/TIA_1.c ****                 TIA_1_PUMP_CR1_REG &= (uint8)(~TIA_1_PUMP_CR1_SC_CLKSEL);
 207:Generated_Source\PSoC5/TIA_1.c ****                 CyScBoostClk_Stop();
 208:Generated_Source\PSoC5/TIA_1.c ****             }
 209:Generated_Source\PSoC5/TIA_1.c ****         #endif /* CYDEV_VARIABLE_VDDA == 1u */
 210:Generated_Source\PSoC5/TIA_1.c ****     #endif /* (CY_PSOC3 || CY_PSOC5LP) */
 211:Generated_Source\PSoC5/TIA_1.c ****         
 212:Generated_Source\PSoC5/TIA_1.c ****     /* This sets TIA in zero current mode and output routes are valid */
 213:Generated_Source\PSoC5/TIA_1.c ****     #if (CY_PSOC5A)
 214:Generated_Source\PSoC5/TIA_1.c ****         TIA_1_P5backup.scCR1Reg = TIA_1_CR1_REG;
 215:Generated_Source\PSoC5/TIA_1.c ****         TIA_1_P5backup.scCR2Reg = TIA_1_CR2_REG;
 216:Generated_Source\PSoC5/TIA_1.c ****         TIA_1_CR1_REG = 0x00u;
 217:Generated_Source\PSoC5/TIA_1.c ****         TIA_1_CR2_REG = 0x00u;
 218:Generated_Source\PSoC5/TIA_1.c ****         TIA_1_P5backup.enableState = 1u;
 219:Generated_Source\PSoC5/TIA_1.c ****     #endif /* (CY_PSOC5A) */
 220:Generated_Source\PSoC5/TIA_1.c **** }
 209              		.loc 1 220 0
 210 0024 BD46     		mov	sp, r7
 211              		.cfi_def_cfa_register 13
 212              		@ sp needed
 213 0026 5DF8047B 		ldr	r7, [sp], #4
 214              		.cfi_restore 7
 215              		.cfi_def_cfa_offset 0
 216 002a 7047     		bx	lr
 217              	.L13:
 218              		.align	2
 219              	.L12:
 220 002c A9430040 		.word	1073759145
 221 0030 B9430040 		.word	1073759161
 222              		.cfi_endproc
 223              	.LFE3:
 224              		.size	TIA_1_Stop, .-TIA_1_Stop
 225              		.section	.text.TIA_1_SetPower,"ax",%progbits
 226              		.align	2
 227              		.global	TIA_1_SetPower
 228              		.thumb
 229              		.thumb_func
 230              		.type	TIA_1_SetPower, %function
 231              	TIA_1_SetPower:
 232              	.LFB4:
 221:Generated_Source\PSoC5/TIA_1.c **** 
 222:Generated_Source\PSoC5/TIA_1.c **** 
 223:Generated_Source\PSoC5/TIA_1.c **** /*******************************************************************************
 224:Generated_Source\PSoC5/TIA_1.c **** * Function Name: TIA_1_SetPower
ARM GAS  C:\Users\AARONW~1\AppData\Local\Temp\cclM5Oot.s 			page 9


 225:Generated_Source\PSoC5/TIA_1.c **** ********************************************************************************
 226:Generated_Source\PSoC5/TIA_1.c **** *
 227:Generated_Source\PSoC5/TIA_1.c **** * Summary:
 228:Generated_Source\PSoC5/TIA_1.c **** *  Set the drive power of the TIA.
 229:Generated_Source\PSoC5/TIA_1.c **** *
 230:Generated_Source\PSoC5/TIA_1.c **** * Parameters:
 231:Generated_Source\PSoC5/TIA_1.c **** *  Power: Sets power level between (0) and (3) high power.
 232:Generated_Source\PSoC5/TIA_1.c **** *
 233:Generated_Source\PSoC5/TIA_1.c **** * Return:
 234:Generated_Source\PSoC5/TIA_1.c **** *  void
 235:Generated_Source\PSoC5/TIA_1.c **** *
 236:Generated_Source\PSoC5/TIA_1.c **** *******************************************************************************/
 237:Generated_Source\PSoC5/TIA_1.c **** void TIA_1_SetPower(uint8 power) 
 238:Generated_Source\PSoC5/TIA_1.c **** {
 233              		.loc 1 238 0
 234              		.cfi_startproc
 235              		@ args = 0, pretend = 0, frame = 16
 236              		@ frame_needed = 1, uses_anonymous_args = 0
 237              		@ link register save eliminated.
 238 0000 80B4     		push	{r7}
 239              		.cfi_def_cfa_offset 4
 240              		.cfi_offset 7, -4
 241 0002 85B0     		sub	sp, sp, #20
 242              		.cfi_def_cfa_offset 24
 243 0004 00AF     		add	r7, sp, #0
 244              		.cfi_def_cfa_register 7
 245 0006 0346     		mov	r3, r0
 246 0008 FB71     		strb	r3, [r7, #7]
 239:Generated_Source\PSoC5/TIA_1.c ****     uint8 tmpCR;
 240:Generated_Source\PSoC5/TIA_1.c **** 
 241:Generated_Source\PSoC5/TIA_1.c ****     /* Sets drive bits in SC Block Control Register 1:  SCxx_CR[1:0] */
 242:Generated_Source\PSoC5/TIA_1.c ****     tmpCR = TIA_1_CR1_REG & (uint8)(~TIA_1_DRIVE_MASK);
 247              		.loc 1 242 0
 248 000a 0A4B     		ldr	r3, .L15
 249 000c 1B78     		ldrb	r3, [r3]
 250 000e DBB2     		uxtb	r3, r3
 251 0010 23F00303 		bic	r3, r3, #3
 252 0014 FB73     		strb	r3, [r7, #15]
 243:Generated_Source\PSoC5/TIA_1.c ****     tmpCR |= (power & TIA_1_DRIVE_MASK);
 253              		.loc 1 243 0
 254 0016 FB79     		ldrb	r3, [r7, #7]
 255 0018 03F00303 		and	r3, r3, #3
 256 001c DAB2     		uxtb	r2, r3
 257 001e FB7B     		ldrb	r3, [r7, #15]
 258 0020 1343     		orrs	r3, r3, r2
 259 0022 FB73     		strb	r3, [r7, #15]
 244:Generated_Source\PSoC5/TIA_1.c ****     TIA_1_CR1_REG = tmpCR;  
 260              		.loc 1 244 0
 261 0024 034A     		ldr	r2, .L15
 262 0026 FB7B     		ldrb	r3, [r7, #15]
 263 0028 1370     		strb	r3, [r2]
 245:Generated_Source\PSoC5/TIA_1.c **** }
 264              		.loc 1 245 0
 265 002a 1437     		adds	r7, r7, #20
 266              		.cfi_def_cfa_offset 4
 267 002c BD46     		mov	sp, r7
 268              		.cfi_def_cfa_register 13
ARM GAS  C:\Users\AARONW~1\AppData\Local\Temp\cclM5Oot.s 			page 10


 269              		@ sp needed
 270 002e 5DF8047B 		ldr	r7, [sp], #4
 271              		.cfi_restore 7
 272              		.cfi_def_cfa_offset 0
 273 0032 7047     		bx	lr
 274              	.L16:
 275              		.align	2
 276              	.L15:
 277 0034 0D580040 		.word	1073764365
 278              		.cfi_endproc
 279              	.LFE4:
 280              		.size	TIA_1_SetPower, .-TIA_1_SetPower
 281              		.section	.text.TIA_1_SetResFB,"ax",%progbits
 282              		.align	2
 283              		.global	TIA_1_SetResFB
 284              		.thumb
 285              		.thumb_func
 286              		.type	TIA_1_SetResFB, %function
 287              	TIA_1_SetResFB:
 288              	.LFB5:
 246:Generated_Source\PSoC5/TIA_1.c **** 
 247:Generated_Source\PSoC5/TIA_1.c **** 
 248:Generated_Source\PSoC5/TIA_1.c **** /*******************************************************************************
 249:Generated_Source\PSoC5/TIA_1.c **** * Function Name: TIA_1_SetResFB
 250:Generated_Source\PSoC5/TIA_1.c **** ********************************************************************************
 251:Generated_Source\PSoC5/TIA_1.c **** *
 252:Generated_Source\PSoC5/TIA_1.c **** * Summary:
 253:Generated_Source\PSoC5/TIA_1.c **** *  This function sets value for the resistive feedback of the amplifier.
 254:Generated_Source\PSoC5/TIA_1.c **** *
 255:Generated_Source\PSoC5/TIA_1.c **** * Parameters:
 256:Generated_Source\PSoC5/TIA_1.c **** *  res_feedback: specifies resistive feedback value (see header file for gain 
 257:Generated_Source\PSoC5/TIA_1.c **** *                values.)
 258:Generated_Source\PSoC5/TIA_1.c **** *
 259:Generated_Source\PSoC5/TIA_1.c **** * Return:
 260:Generated_Source\PSoC5/TIA_1.c **** *  void
 261:Generated_Source\PSoC5/TIA_1.c **** *
 262:Generated_Source\PSoC5/TIA_1.c **** *******************************************************************************/
 263:Generated_Source\PSoC5/TIA_1.c **** void TIA_1_SetResFB(uint8 res_feedback) 
 264:Generated_Source\PSoC5/TIA_1.c **** {
 289              		.loc 1 264 0
 290              		.cfi_startproc
 291              		@ args = 0, pretend = 0, frame = 8
 292              		@ frame_needed = 1, uses_anonymous_args = 0
 293              		@ link register save eliminated.
 294 0000 80B4     		push	{r7}
 295              		.cfi_def_cfa_offset 4
 296              		.cfi_offset 7, -4
 297 0002 83B0     		sub	sp, sp, #12
 298              		.cfi_def_cfa_offset 16
 299 0004 00AF     		add	r7, sp, #0
 300              		.cfi_def_cfa_register 7
 301 0006 0346     		mov	r3, r0
 302 0008 FB71     		strb	r3, [r7, #7]
 265:Generated_Source\PSoC5/TIA_1.c ****     /* Only set new gain if it is a valid gain */
 266:Generated_Source\PSoC5/TIA_1.c ****     if( res_feedback <= TIA_1_RES_FEEDBACK_MAX)
 303              		.loc 1 266 0
 304 000a FB79     		ldrb	r3, [r7, #7]	@ zero_extendqisi2
ARM GAS  C:\Users\AARONW~1\AppData\Local\Temp\cclM5Oot.s 			page 11


 305 000c 072B     		cmp	r3, #7
 306 000e 11D8     		bhi	.L17
 267:Generated_Source\PSoC5/TIA_1.c ****     {
 268:Generated_Source\PSoC5/TIA_1.c ****         /* Clear SCxx_CR2 rval bits - SCxx_CR2[6:4] */
 269:Generated_Source\PSoC5/TIA_1.c ****         TIA_1_CR2_REG &= (uint8)(~TIA_1_RVAL_MASK);
 307              		.loc 1 269 0
 308 0010 0B4A     		ldr	r2, .L19
 309 0012 0B4B     		ldr	r3, .L19
 310 0014 1B78     		ldrb	r3, [r3]
 311 0016 DBB2     		uxtb	r3, r3
 312 0018 23F07003 		bic	r3, r3, #112
 313 001c DBB2     		uxtb	r3, r3
 314 001e 1370     		strb	r3, [r2]
 270:Generated_Source\PSoC5/TIA_1.c **** 
 271:Generated_Source\PSoC5/TIA_1.c ****         /* Set resistive feedback value */
 272:Generated_Source\PSoC5/TIA_1.c ****         TIA_1_CR2_REG |= (uint8)(res_feedback << 4);
 315              		.loc 1 272 0
 316 0020 0749     		ldr	r1, .L19
 317 0022 074B     		ldr	r3, .L19
 318 0024 1B78     		ldrb	r3, [r3]
 319 0026 DAB2     		uxtb	r2, r3
 320 0028 FB79     		ldrb	r3, [r7, #7]
 321 002a 1B01     		lsls	r3, r3, #4
 322 002c DBB2     		uxtb	r3, r3
 323 002e 1343     		orrs	r3, r3, r2
 324 0030 DBB2     		uxtb	r3, r3
 325 0032 0B70     		strb	r3, [r1]
 326              	.L17:
 273:Generated_Source\PSoC5/TIA_1.c ****     }
 274:Generated_Source\PSoC5/TIA_1.c **** }
 327              		.loc 1 274 0
 328 0034 0C37     		adds	r7, r7, #12
 329              		.cfi_def_cfa_offset 4
 330 0036 BD46     		mov	sp, r7
 331              		.cfi_def_cfa_register 13
 332              		@ sp needed
 333 0038 5DF8047B 		ldr	r7, [sp], #4
 334              		.cfi_restore 7
 335              		.cfi_def_cfa_offset 0
 336 003c 7047     		bx	lr
 337              	.L20:
 338 003e 00BF     		.align	2
 339              	.L19:
 340 0040 0E580040 		.word	1073764366
 341              		.cfi_endproc
 342              	.LFE5:
 343              		.size	TIA_1_SetResFB, .-TIA_1_SetResFB
 344              		.section	.text.TIA_1_SetCapFB,"ax",%progbits
 345              		.align	2
 346              		.global	TIA_1_SetCapFB
 347              		.thumb
 348              		.thumb_func
 349              		.type	TIA_1_SetCapFB, %function
 350              	TIA_1_SetCapFB:
 351              	.LFB6:
 275:Generated_Source\PSoC5/TIA_1.c **** 
 276:Generated_Source\PSoC5/TIA_1.c **** 
ARM GAS  C:\Users\AARONW~1\AppData\Local\Temp\cclM5Oot.s 			page 12


 277:Generated_Source\PSoC5/TIA_1.c **** /*******************************************************************************
 278:Generated_Source\PSoC5/TIA_1.c **** * Function Name: TIA_1_SetCapFB
 279:Generated_Source\PSoC5/TIA_1.c **** ********************************************************************************
 280:Generated_Source\PSoC5/TIA_1.c **** *
 281:Generated_Source\PSoC5/TIA_1.c **** * Summary:
 282:Generated_Source\PSoC5/TIA_1.c **** *  This function sets the value for the capacitive feedback of the amplifier.
 283:Generated_Source\PSoC5/TIA_1.c **** *
 284:Generated_Source\PSoC5/TIA_1.c **** * Parameters:
 285:Generated_Source\PSoC5/TIA_1.c **** *  cap_feedback: specifies capacitive feedback value (see header file for gain 
 286:Generated_Source\PSoC5/TIA_1.c **** *                values.)
 287:Generated_Source\PSoC5/TIA_1.c **** *
 288:Generated_Source\PSoC5/TIA_1.c **** * Return:
 289:Generated_Source\PSoC5/TIA_1.c **** *  void
 290:Generated_Source\PSoC5/TIA_1.c **** *
 291:Generated_Source\PSoC5/TIA_1.c **** *******************************************************************************/
 292:Generated_Source\PSoC5/TIA_1.c **** void TIA_1_SetCapFB(uint8 cap_feedback) 
 293:Generated_Source\PSoC5/TIA_1.c **** {
 352              		.loc 1 293 0
 353              		.cfi_startproc
 354              		@ args = 0, pretend = 0, frame = 8
 355              		@ frame_needed = 1, uses_anonymous_args = 0
 356              		@ link register save eliminated.
 357 0000 80B4     		push	{r7}
 358              		.cfi_def_cfa_offset 4
 359              		.cfi_offset 7, -4
 360 0002 83B0     		sub	sp, sp, #12
 361              		.cfi_def_cfa_offset 16
 362 0004 00AF     		add	r7, sp, #0
 363              		.cfi_def_cfa_register 7
 364 0006 0346     		mov	r3, r0
 365 0008 FB71     		strb	r3, [r7, #7]
 294:Generated_Source\PSoC5/TIA_1.c ****     /* Only set new gain if it is a valid gain */
 295:Generated_Source\PSoC5/TIA_1.c ****     if( cap_feedback <= TIA_1_CAP_FEEDBACK_MAX)
 366              		.loc 1 295 0
 367 000a FB79     		ldrb	r3, [r7, #7]	@ zero_extendqisi2
 368 000c 032B     		cmp	r3, #3
 369 000e 11D8     		bhi	.L21
 296:Generated_Source\PSoC5/TIA_1.c ****     {
 297:Generated_Source\PSoC5/TIA_1.c ****         /* Clear SCxx_CR2 redc bits -  - CR2[3:2] */
 298:Generated_Source\PSoC5/TIA_1.c ****         TIA_1_CR2_REG &= (uint8)(~TIA_1_REDC_MASK);
 370              		.loc 1 298 0
 371 0010 0B4A     		ldr	r2, .L23
 372 0012 0B4B     		ldr	r3, .L23
 373 0014 1B78     		ldrb	r3, [r3]
 374 0016 DBB2     		uxtb	r3, r3
 375 0018 23F00C03 		bic	r3, r3, #12
 376 001c DBB2     		uxtb	r3, r3
 377 001e 1370     		strb	r3, [r2]
 299:Generated_Source\PSoC5/TIA_1.c **** 
 300:Generated_Source\PSoC5/TIA_1.c ****         /* Set redc capacitive feedback value */
 301:Generated_Source\PSoC5/TIA_1.c ****         TIA_1_CR2_REG |= (uint8)(cap_feedback << 2);
 378              		.loc 1 301 0
 379 0020 0749     		ldr	r1, .L23
 380 0022 074B     		ldr	r3, .L23
 381 0024 1B78     		ldrb	r3, [r3]
 382 0026 DAB2     		uxtb	r2, r3
 383 0028 FB79     		ldrb	r3, [r7, #7]
ARM GAS  C:\Users\AARONW~1\AppData\Local\Temp\cclM5Oot.s 			page 13


 384 002a 9B00     		lsls	r3, r3, #2
 385 002c DBB2     		uxtb	r3, r3
 386 002e 1343     		orrs	r3, r3, r2
 387 0030 DBB2     		uxtb	r3, r3
 388 0032 0B70     		strb	r3, [r1]
 389              	.L21:
 302:Generated_Source\PSoC5/TIA_1.c ****     }
 303:Generated_Source\PSoC5/TIA_1.c **** }
 390              		.loc 1 303 0
 391 0034 0C37     		adds	r7, r7, #12
 392              		.cfi_def_cfa_offset 4
 393 0036 BD46     		mov	sp, r7
 394              		.cfi_def_cfa_register 13
 395              		@ sp needed
 396 0038 5DF8047B 		ldr	r7, [sp], #4
 397              		.cfi_restore 7
 398              		.cfi_def_cfa_offset 0
 399 003c 7047     		bx	lr
 400              	.L24:
 401 003e 00BF     		.align	2
 402              	.L23:
 403 0040 0E580040 		.word	1073764366
 404              		.cfi_endproc
 405              	.LFE6:
 406              		.size	TIA_1_SetCapFB, .-TIA_1_SetCapFB
 407              		.text
 408              	.Letext0:
 409              		.file 2 "Generated_Source\\PSoC5\\cytypes.h"
 410              		.section	.debug_info,"",%progbits
 411              	.Ldebug_info0:
 412 0000 74010000 		.4byte	0x174
 413 0004 0400     		.2byte	0x4
 414 0006 00000000 		.4byte	.Ldebug_abbrev0
 415 000a 04       		.byte	0x4
 416 000b 01       		.uleb128 0x1
 417 000c 79000000 		.4byte	.LASF25
 418 0010 01       		.byte	0x1
 419 0011 27010000 		.4byte	.LASF26
 420 0015 5D010000 		.4byte	.LASF27
 421 0019 00000000 		.4byte	.Ldebug_ranges0+0
 422 001d 00000000 		.4byte	0
 423 0021 00000000 		.4byte	.Ldebug_line0
 424 0025 02       		.uleb128 0x2
 425 0026 01       		.byte	0x1
 426 0027 06       		.byte	0x6
 427 0028 6F020000 		.4byte	.LASF0
 428 002c 02       		.uleb128 0x2
 429 002d 01       		.byte	0x1
 430 002e 08       		.byte	0x8
 431 002f 3F000000 		.4byte	.LASF1
 432 0033 02       		.uleb128 0x2
 433 0034 02       		.byte	0x2
 434 0035 05       		.byte	0x5
 435 0036 1C020000 		.4byte	.LASF2
 436 003a 02       		.uleb128 0x2
 437 003b 02       		.byte	0x2
 438 003c 07       		.byte	0x7
ARM GAS  C:\Users\AARONW~1\AppData\Local\Temp\cclM5Oot.s 			page 14


 439 003d 15000000 		.4byte	.LASF3
 440 0041 02       		.uleb128 0x2
 441 0042 04       		.byte	0x4
 442 0043 05       		.byte	0x5
 443 0044 66020000 		.4byte	.LASF4
 444 0048 02       		.uleb128 0x2
 445 0049 04       		.byte	0x4
 446 004a 07       		.byte	0x7
 447 004b 52000000 		.4byte	.LASF5
 448 004f 02       		.uleb128 0x2
 449 0050 08       		.byte	0x8
 450 0051 05       		.byte	0x5
 451 0052 09020000 		.4byte	.LASF6
 452 0056 02       		.uleb128 0x2
 453 0057 08       		.byte	0x8
 454 0058 07       		.byte	0x7
 455 0059 46010000 		.4byte	.LASF7
 456 005d 03       		.uleb128 0x3
 457 005e 04       		.byte	0x4
 458 005f 05       		.byte	0x5
 459 0060 696E7400 		.ascii	"int\000"
 460 0064 02       		.uleb128 0x2
 461 0065 04       		.byte	0x4
 462 0066 07       		.byte	0x7
 463 0067 1A010000 		.4byte	.LASF8
 464 006b 04       		.uleb128 0x4
 465 006c 64000000 		.4byte	.LASF12
 466 0070 02       		.byte	0x2
 467 0071 9201     		.2byte	0x192
 468 0073 2C000000 		.4byte	0x2c
 469 0077 02       		.uleb128 0x2
 470 0078 04       		.byte	0x4
 471 0079 04       		.byte	0x4
 472 007a 39000000 		.4byte	.LASF9
 473 007e 02       		.uleb128 0x2
 474 007f 08       		.byte	0x8
 475 0080 04       		.byte	0x4
 476 0081 07010000 		.4byte	.LASF10
 477 0085 02       		.uleb128 0x2
 478 0086 01       		.byte	0x1
 479 0087 08       		.byte	0x8
 480 0088 17020000 		.4byte	.LASF11
 481 008c 04       		.uleb128 0x4
 482 008d 4D000000 		.4byte	.LASF13
 483 0091 02       		.byte	0x2
 484 0092 3C02     		.2byte	0x23c
 485 0094 98000000 		.4byte	0x98
 486 0098 05       		.uleb128 0x5
 487 0099 6B000000 		.4byte	0x6b
 488 009d 02       		.uleb128 0x2
 489 009e 04       		.byte	0x4
 490 009f 07       		.byte	0x7
 491 00a0 00020000 		.4byte	.LASF14
 492 00a4 06       		.uleb128 0x6
 493 00a5 4D020000 		.4byte	.LASF15
 494 00a9 01       		.byte	0x1
 495 00aa 31       		.byte	0x31
ARM GAS  C:\Users\AARONW~1\AppData\Local\Temp\cclM5Oot.s 			page 15


 496 00ab 00000000 		.4byte	.LFB0
 497 00af 38000000 		.4byte	.LFE0-.LFB0
 498 00b3 01       		.uleb128 0x1
 499 00b4 9C       		.byte	0x9c
 500 00b5 07       		.uleb128 0x7
 501 00b6 40020000 		.4byte	.LASF16
 502 00ba 01       		.byte	0x1
 503 00bb 65       		.byte	0x65
 504 00bc 00000000 		.4byte	.LFB1
 505 00c0 48000000 		.4byte	.LFE1-.LFB1
 506 00c4 01       		.uleb128 0x1
 507 00c5 9C       		.byte	0x9c
 508 00c6 06       		.uleb128 0x6
 509 00c7 0E010000 		.4byte	.LASF17
 510 00cb 01       		.byte	0x1
 511 00cc A5       		.byte	0xa5
 512 00cd 00000000 		.4byte	.LFB2
 513 00d1 20000000 		.4byte	.LFE2-.LFB2
 514 00d5 01       		.uleb128 0x1
 515 00d6 9C       		.byte	0x9c
 516 00d7 07       		.uleb128 0x7
 517 00d8 28000000 		.4byte	.LASF18
 518 00dc 01       		.byte	0x1
 519 00dd BF       		.byte	0xbf
 520 00de 00000000 		.4byte	.LFB3
 521 00e2 34000000 		.4byte	.LFE3-.LFB3
 522 00e6 01       		.uleb128 0x1
 523 00e7 9C       		.byte	0x9c
 524 00e8 08       		.uleb128 0x8
 525 00e9 6A000000 		.4byte	.LASF19
 526 00ed 01       		.byte	0x1
 527 00ee ED       		.byte	0xed
 528 00ef 00000000 		.4byte	.LFB4
 529 00f3 38000000 		.4byte	.LFE4-.LFB4
 530 00f7 01       		.uleb128 0x1
 531 00f8 9C       		.byte	0x9c
 532 00f9 1A010000 		.4byte	0x11a
 533 00fd 09       		.uleb128 0x9
 534 00fe 33000000 		.4byte	.LASF21
 535 0102 01       		.byte	0x1
 536 0103 ED       		.byte	0xed
 537 0104 6B000000 		.4byte	0x6b
 538 0108 02       		.uleb128 0x2
 539 0109 91       		.byte	0x91
 540 010a 6F       		.sleb128 -17
 541 010b 0A       		.uleb128 0xa
 542 010c 00000000 		.4byte	.LASF28
 543 0110 01       		.byte	0x1
 544 0111 EF       		.byte	0xef
 545 0112 6B000000 		.4byte	0x6b
 546 0116 02       		.uleb128 0x2
 547 0117 91       		.byte	0x91
 548 0118 77       		.sleb128 -9
 549 0119 00       		.byte	0
 550 011a 0B       		.uleb128 0xb
 551 011b F1010000 		.4byte	.LASF20
 552 011f 01       		.byte	0x1
ARM GAS  C:\Users\AARONW~1\AppData\Local\Temp\cclM5Oot.s 			page 16


 553 0120 0701     		.2byte	0x107
 554 0122 00000000 		.4byte	.LFB5
 555 0126 44000000 		.4byte	.LFE5-.LFB5
 556 012a 01       		.uleb128 0x1
 557 012b 9C       		.byte	0x9c
 558 012c 40010000 		.4byte	0x140
 559 0130 0C       		.uleb128 0xc
 560 0131 26020000 		.4byte	.LASF22
 561 0135 01       		.byte	0x1
 562 0136 0701     		.2byte	0x107
 563 0138 6B000000 		.4byte	0x6b
 564 013c 02       		.uleb128 0x2
 565 013d 91       		.byte	0x91
 566 013e 77       		.sleb128 -9
 567 013f 00       		.byte	0
 568 0140 0B       		.uleb128 0xb
 569 0141 06000000 		.4byte	.LASF23
 570 0145 01       		.byte	0x1
 571 0146 2401     		.2byte	0x124
 572 0148 00000000 		.4byte	.LFB6
 573 014c 44000000 		.4byte	.LFE6-.LFB6
 574 0150 01       		.uleb128 0x1
 575 0151 9C       		.byte	0x9c
 576 0152 66010000 		.4byte	0x166
 577 0156 0C       		.uleb128 0xc
 578 0157 33020000 		.4byte	.LASF24
 579 015b 01       		.byte	0x1
 580 015c 2401     		.2byte	0x124
 581 015e 6B000000 		.4byte	0x6b
 582 0162 02       		.uleb128 0x2
 583 0163 91       		.byte	0x91
 584 0164 77       		.sleb128 -9
 585 0165 00       		.byte	0
 586 0166 0D       		.uleb128 0xd
 587 0167 58020000 		.4byte	.LASF29
 588 016b 01       		.byte	0x1
 589 016c 1A       		.byte	0x1a
 590 016d 6B000000 		.4byte	0x6b
 591 0171 05       		.uleb128 0x5
 592 0172 03       		.byte	0x3
 593 0173 00000000 		.4byte	TIA_1_initVar
 594 0177 00       		.byte	0
 595              		.section	.debug_abbrev,"",%progbits
 596              	.Ldebug_abbrev0:
 597 0000 01       		.uleb128 0x1
 598 0001 11       		.uleb128 0x11
 599 0002 01       		.byte	0x1
 600 0003 25       		.uleb128 0x25
 601 0004 0E       		.uleb128 0xe
 602 0005 13       		.uleb128 0x13
 603 0006 0B       		.uleb128 0xb
 604 0007 03       		.uleb128 0x3
 605 0008 0E       		.uleb128 0xe
 606 0009 1B       		.uleb128 0x1b
 607 000a 0E       		.uleb128 0xe
 608 000b 55       		.uleb128 0x55
 609 000c 17       		.uleb128 0x17
ARM GAS  C:\Users\AARONW~1\AppData\Local\Temp\cclM5Oot.s 			page 17


 610 000d 11       		.uleb128 0x11
 611 000e 01       		.uleb128 0x1
 612 000f 10       		.uleb128 0x10
 613 0010 17       		.uleb128 0x17
 614 0011 00       		.byte	0
 615 0012 00       		.byte	0
 616 0013 02       		.uleb128 0x2
 617 0014 24       		.uleb128 0x24
 618 0015 00       		.byte	0
 619 0016 0B       		.uleb128 0xb
 620 0017 0B       		.uleb128 0xb
 621 0018 3E       		.uleb128 0x3e
 622 0019 0B       		.uleb128 0xb
 623 001a 03       		.uleb128 0x3
 624 001b 0E       		.uleb128 0xe
 625 001c 00       		.byte	0
 626 001d 00       		.byte	0
 627 001e 03       		.uleb128 0x3
 628 001f 24       		.uleb128 0x24
 629 0020 00       		.byte	0
 630 0021 0B       		.uleb128 0xb
 631 0022 0B       		.uleb128 0xb
 632 0023 3E       		.uleb128 0x3e
 633 0024 0B       		.uleb128 0xb
 634 0025 03       		.uleb128 0x3
 635 0026 08       		.uleb128 0x8
 636 0027 00       		.byte	0
 637 0028 00       		.byte	0
 638 0029 04       		.uleb128 0x4
 639 002a 16       		.uleb128 0x16
 640 002b 00       		.byte	0
 641 002c 03       		.uleb128 0x3
 642 002d 0E       		.uleb128 0xe
 643 002e 3A       		.uleb128 0x3a
 644 002f 0B       		.uleb128 0xb
 645 0030 3B       		.uleb128 0x3b
 646 0031 05       		.uleb128 0x5
 647 0032 49       		.uleb128 0x49
 648 0033 13       		.uleb128 0x13
 649 0034 00       		.byte	0
 650 0035 00       		.byte	0
 651 0036 05       		.uleb128 0x5
 652 0037 35       		.uleb128 0x35
 653 0038 00       		.byte	0
 654 0039 49       		.uleb128 0x49
 655 003a 13       		.uleb128 0x13
 656 003b 00       		.byte	0
 657 003c 00       		.byte	0
 658 003d 06       		.uleb128 0x6
 659 003e 2E       		.uleb128 0x2e
 660 003f 00       		.byte	0
 661 0040 3F       		.uleb128 0x3f
 662 0041 19       		.uleb128 0x19
 663 0042 03       		.uleb128 0x3
 664 0043 0E       		.uleb128 0xe
 665 0044 3A       		.uleb128 0x3a
 666 0045 0B       		.uleb128 0xb
ARM GAS  C:\Users\AARONW~1\AppData\Local\Temp\cclM5Oot.s 			page 18


 667 0046 3B       		.uleb128 0x3b
 668 0047 0B       		.uleb128 0xb
 669 0048 27       		.uleb128 0x27
 670 0049 19       		.uleb128 0x19
 671 004a 11       		.uleb128 0x11
 672 004b 01       		.uleb128 0x1
 673 004c 12       		.uleb128 0x12
 674 004d 06       		.uleb128 0x6
 675 004e 40       		.uleb128 0x40
 676 004f 18       		.uleb128 0x18
 677 0050 9642     		.uleb128 0x2116
 678 0052 19       		.uleb128 0x19
 679 0053 00       		.byte	0
 680 0054 00       		.byte	0
 681 0055 07       		.uleb128 0x7
 682 0056 2E       		.uleb128 0x2e
 683 0057 00       		.byte	0
 684 0058 3F       		.uleb128 0x3f
 685 0059 19       		.uleb128 0x19
 686 005a 03       		.uleb128 0x3
 687 005b 0E       		.uleb128 0xe
 688 005c 3A       		.uleb128 0x3a
 689 005d 0B       		.uleb128 0xb
 690 005e 3B       		.uleb128 0x3b
 691 005f 0B       		.uleb128 0xb
 692 0060 27       		.uleb128 0x27
 693 0061 19       		.uleb128 0x19
 694 0062 11       		.uleb128 0x11
 695 0063 01       		.uleb128 0x1
 696 0064 12       		.uleb128 0x12
 697 0065 06       		.uleb128 0x6
 698 0066 40       		.uleb128 0x40
 699 0067 18       		.uleb128 0x18
 700 0068 9742     		.uleb128 0x2117
 701 006a 19       		.uleb128 0x19
 702 006b 00       		.byte	0
 703 006c 00       		.byte	0
 704 006d 08       		.uleb128 0x8
 705 006e 2E       		.uleb128 0x2e
 706 006f 01       		.byte	0x1
 707 0070 3F       		.uleb128 0x3f
 708 0071 19       		.uleb128 0x19
 709 0072 03       		.uleb128 0x3
 710 0073 0E       		.uleb128 0xe
 711 0074 3A       		.uleb128 0x3a
 712 0075 0B       		.uleb128 0xb
 713 0076 3B       		.uleb128 0x3b
 714 0077 0B       		.uleb128 0xb
 715 0078 27       		.uleb128 0x27
 716 0079 19       		.uleb128 0x19
 717 007a 11       		.uleb128 0x11
 718 007b 01       		.uleb128 0x1
 719 007c 12       		.uleb128 0x12
 720 007d 06       		.uleb128 0x6
 721 007e 40       		.uleb128 0x40
 722 007f 18       		.uleb128 0x18
 723 0080 9742     		.uleb128 0x2117
ARM GAS  C:\Users\AARONW~1\AppData\Local\Temp\cclM5Oot.s 			page 19


 724 0082 19       		.uleb128 0x19
 725 0083 01       		.uleb128 0x1
 726 0084 13       		.uleb128 0x13
 727 0085 00       		.byte	0
 728 0086 00       		.byte	0
 729 0087 09       		.uleb128 0x9
 730 0088 05       		.uleb128 0x5
 731 0089 00       		.byte	0
 732 008a 03       		.uleb128 0x3
 733 008b 0E       		.uleb128 0xe
 734 008c 3A       		.uleb128 0x3a
 735 008d 0B       		.uleb128 0xb
 736 008e 3B       		.uleb128 0x3b
 737 008f 0B       		.uleb128 0xb
 738 0090 49       		.uleb128 0x49
 739 0091 13       		.uleb128 0x13
 740 0092 02       		.uleb128 0x2
 741 0093 18       		.uleb128 0x18
 742 0094 00       		.byte	0
 743 0095 00       		.byte	0
 744 0096 0A       		.uleb128 0xa
 745 0097 34       		.uleb128 0x34
 746 0098 00       		.byte	0
 747 0099 03       		.uleb128 0x3
 748 009a 0E       		.uleb128 0xe
 749 009b 3A       		.uleb128 0x3a
 750 009c 0B       		.uleb128 0xb
 751 009d 3B       		.uleb128 0x3b
 752 009e 0B       		.uleb128 0xb
 753 009f 49       		.uleb128 0x49
 754 00a0 13       		.uleb128 0x13
 755 00a1 02       		.uleb128 0x2
 756 00a2 18       		.uleb128 0x18
 757 00a3 00       		.byte	0
 758 00a4 00       		.byte	0
 759 00a5 0B       		.uleb128 0xb
 760 00a6 2E       		.uleb128 0x2e
 761 00a7 01       		.byte	0x1
 762 00a8 3F       		.uleb128 0x3f
 763 00a9 19       		.uleb128 0x19
 764 00aa 03       		.uleb128 0x3
 765 00ab 0E       		.uleb128 0xe
 766 00ac 3A       		.uleb128 0x3a
 767 00ad 0B       		.uleb128 0xb
 768 00ae 3B       		.uleb128 0x3b
 769 00af 05       		.uleb128 0x5
 770 00b0 27       		.uleb128 0x27
 771 00b1 19       		.uleb128 0x19
 772 00b2 11       		.uleb128 0x11
 773 00b3 01       		.uleb128 0x1
 774 00b4 12       		.uleb128 0x12
 775 00b5 06       		.uleb128 0x6
 776 00b6 40       		.uleb128 0x40
 777 00b7 18       		.uleb128 0x18
 778 00b8 9742     		.uleb128 0x2117
 779 00ba 19       		.uleb128 0x19
 780 00bb 01       		.uleb128 0x1
ARM GAS  C:\Users\AARONW~1\AppData\Local\Temp\cclM5Oot.s 			page 20


 781 00bc 13       		.uleb128 0x13
 782 00bd 00       		.byte	0
 783 00be 00       		.byte	0
 784 00bf 0C       		.uleb128 0xc
 785 00c0 05       		.uleb128 0x5
 786 00c1 00       		.byte	0
 787 00c2 03       		.uleb128 0x3
 788 00c3 0E       		.uleb128 0xe
 789 00c4 3A       		.uleb128 0x3a
 790 00c5 0B       		.uleb128 0xb
 791 00c6 3B       		.uleb128 0x3b
 792 00c7 05       		.uleb128 0x5
 793 00c8 49       		.uleb128 0x49
 794 00c9 13       		.uleb128 0x13
 795 00ca 02       		.uleb128 0x2
 796 00cb 18       		.uleb128 0x18
 797 00cc 00       		.byte	0
 798 00cd 00       		.byte	0
 799 00ce 0D       		.uleb128 0xd
 800 00cf 34       		.uleb128 0x34
 801 00d0 00       		.byte	0
 802 00d1 03       		.uleb128 0x3
 803 00d2 0E       		.uleb128 0xe
 804 00d3 3A       		.uleb128 0x3a
 805 00d4 0B       		.uleb128 0xb
 806 00d5 3B       		.uleb128 0x3b
 807 00d6 0B       		.uleb128 0xb
 808 00d7 49       		.uleb128 0x49
 809 00d8 13       		.uleb128 0x13
 810 00d9 3F       		.uleb128 0x3f
 811 00da 19       		.uleb128 0x19
 812 00db 02       		.uleb128 0x2
 813 00dc 18       		.uleb128 0x18
 814 00dd 00       		.byte	0
 815 00de 00       		.byte	0
 816 00df 00       		.byte	0
 817              		.section	.debug_aranges,"",%progbits
 818 0000 4C000000 		.4byte	0x4c
 819 0004 0200     		.2byte	0x2
 820 0006 00000000 		.4byte	.Ldebug_info0
 821 000a 04       		.byte	0x4
 822 000b 00       		.byte	0
 823 000c 0000     		.2byte	0
 824 000e 0000     		.2byte	0
 825 0010 00000000 		.4byte	.LFB0
 826 0014 38000000 		.4byte	.LFE0-.LFB0
 827 0018 00000000 		.4byte	.LFB1
 828 001c 48000000 		.4byte	.LFE1-.LFB1
 829 0020 00000000 		.4byte	.LFB2
 830 0024 20000000 		.4byte	.LFE2-.LFB2
 831 0028 00000000 		.4byte	.LFB3
 832 002c 34000000 		.4byte	.LFE3-.LFB3
 833 0030 00000000 		.4byte	.LFB4
 834 0034 38000000 		.4byte	.LFE4-.LFB4
 835 0038 00000000 		.4byte	.LFB5
 836 003c 44000000 		.4byte	.LFE5-.LFB5
 837 0040 00000000 		.4byte	.LFB6
ARM GAS  C:\Users\AARONW~1\AppData\Local\Temp\cclM5Oot.s 			page 21


 838 0044 44000000 		.4byte	.LFE6-.LFB6
 839 0048 00000000 		.4byte	0
 840 004c 00000000 		.4byte	0
 841              		.section	.debug_ranges,"",%progbits
 842              	.Ldebug_ranges0:
 843 0000 00000000 		.4byte	.LFB0
 844 0004 38000000 		.4byte	.LFE0
 845 0008 00000000 		.4byte	.LFB1
 846 000c 48000000 		.4byte	.LFE1
 847 0010 00000000 		.4byte	.LFB2
 848 0014 20000000 		.4byte	.LFE2
 849 0018 00000000 		.4byte	.LFB3
 850 001c 34000000 		.4byte	.LFE3
 851 0020 00000000 		.4byte	.LFB4
 852 0024 38000000 		.4byte	.LFE4
 853 0028 00000000 		.4byte	.LFB5
 854 002c 44000000 		.4byte	.LFE5
 855 0030 00000000 		.4byte	.LFB6
 856 0034 44000000 		.4byte	.LFE6
 857 0038 00000000 		.4byte	0
 858 003c 00000000 		.4byte	0
 859              		.section	.debug_line,"",%progbits
 860              	.Ldebug_line0:
 861 0000 DE000000 		.section	.debug_str,"MS",%progbits,1
 861      02004200 
 861      00000201 
 861      FB0E0D00 
 861      01010101 
 862              	.LASF28:
 863 0000 746D7043 		.ascii	"tmpCR\000"
 863      5200
 864              	.LASF23:
 865 0006 5449415F 		.ascii	"TIA_1_SetCapFB\000"
 865      315F5365 
 865      74436170 
 865      464200
 866              	.LASF3:
 867 0015 73686F72 		.ascii	"short unsigned int\000"
 867      7420756E 
 867      7369676E 
 867      65642069 
 867      6E7400
 868              	.LASF18:
 869 0028 5449415F 		.ascii	"TIA_1_Stop\000"
 869      315F5374 
 869      6F7000
 870              	.LASF21:
 871 0033 706F7765 		.ascii	"power\000"
 871      7200
 872              	.LASF9:
 873 0039 666C6F61 		.ascii	"float\000"
 873      7400
 874              	.LASF1:
 875 003f 756E7369 		.ascii	"unsigned char\000"
 875      676E6564 
 875      20636861 
 875      7200
ARM GAS  C:\Users\AARONW~1\AppData\Local\Temp\cclM5Oot.s 			page 22


 876              	.LASF13:
 877 004d 72656738 		.ascii	"reg8\000"
 877      00
 878              	.LASF5:
 879 0052 6C6F6E67 		.ascii	"long unsigned int\000"
 879      20756E73 
 879      69676E65 
 879      6420696E 
 879      7400
 880              	.LASF12:
 881 0064 75696E74 		.ascii	"uint8\000"
 881      3800
 882              	.LASF19:
 883 006a 5449415F 		.ascii	"TIA_1_SetPower\000"
 883      315F5365 
 883      74506F77 
 883      657200
 884              	.LASF25:
 885 0079 474E5520 		.ascii	"GNU C 4.9.3 20150303 (release) [ARM/embedded-4_9-br"
 885      4320342E 
 885      392E3320 
 885      32303135 
 885      30333033 
 886 00ac 616E6368 		.ascii	"anch revision 221220] -mcpu=cortex-m3 -mthumb -g -O"
 886      20726576 
 886      6973696F 
 886      6E203232 
 886      31323230 
 887 00df 30202D66 		.ascii	"0 -ffunction-sections -ffat-lto-objects\000"
 887      66756E63 
 887      74696F6E 
 887      2D736563 
 887      74696F6E 
 888              	.LASF10:
 889 0107 646F7562 		.ascii	"double\000"
 889      6C6500
 890              	.LASF17:
 891 010e 5449415F 		.ascii	"TIA_1_Start\000"
 891      315F5374 
 891      61727400 
 892              	.LASF8:
 893 011a 756E7369 		.ascii	"unsigned int\000"
 893      676E6564 
 893      20696E74 
 893      00
 894              	.LASF26:
 895 0127 47656E65 		.ascii	"Generated_Source\\PSoC5\\TIA_1.c\000"
 895      72617465 
 895      645F536F 
 895      75726365 
 895      5C50536F 
 896              	.LASF7:
 897 0146 6C6F6E67 		.ascii	"long long unsigned int\000"
 897      206C6F6E 
 897      6720756E 
 897      7369676E 
 897      65642069 
ARM GAS  C:\Users\AARONW~1\AppData\Local\Temp\cclM5Oot.s 			page 23


 898              	.LASF27:
 899 015d 433A5C55 		.ascii	"C:\\Users\\Aaron Wubshet\\Google Drive\\1 College\\"
 899      73657273 
 899      5C416172 
 899      6F6E2057 
 899      75627368 
 900 018b 3220536F 		.ascii	"2 Sophomore Year\\3 SPRING\\6.115\\Final Project PS"
 900      70686F6D 
 900      6F726520 
 900      59656172 
 900      5C332053 
 901 01bb 6F432057 		.ascii	"oC Workspace\\Final Project\\External_LCD_Display.c"
 901      6F726B73 
 901      70616365 
 901      5C46696E 
 901      616C2050 
 902 01ec 7964736E 		.ascii	"ydsn\000"
 902      00
 903              	.LASF20:
 904 01f1 5449415F 		.ascii	"TIA_1_SetResFB\000"
 904      315F5365 
 904      74526573 
 904      464200
 905              	.LASF14:
 906 0200 73697A65 		.ascii	"sizetype\000"
 906      74797065 
 906      00
 907              	.LASF6:
 908 0209 6C6F6E67 		.ascii	"long long int\000"
 908      206C6F6E 
 908      6720696E 
 908      7400
 909              	.LASF11:
 910 0217 63686172 		.ascii	"char\000"
 910      00
 911              	.LASF2:
 912 021c 73686F72 		.ascii	"short int\000"
 912      7420696E 
 912      7400
 913              	.LASF22:
 914 0226 7265735F 		.ascii	"res_feedback\000"
 914      66656564 
 914      6261636B 
 914      00
 915              	.LASF24:
 916 0233 6361705F 		.ascii	"cap_feedback\000"
 916      66656564 
 916      6261636B 
 916      00
 917              	.LASF16:
 918 0240 5449415F 		.ascii	"TIA_1_Enable\000"
 918      315F456E 
 918      61626C65 
 918      00
 919              	.LASF15:
 920 024d 5449415F 		.ascii	"TIA_1_Init\000"
 920      315F496E 
ARM GAS  C:\Users\AARONW~1\AppData\Local\Temp\cclM5Oot.s 			page 24


 920      697400
 921              	.LASF29:
 922 0258 5449415F 		.ascii	"TIA_1_initVar\000"
 922      315F696E 
 922      69745661 
 922      7200
 923              	.LASF4:
 924 0266 6C6F6E67 		.ascii	"long int\000"
 924      20696E74 
 924      00
 925              	.LASF0:
 926 026f 7369676E 		.ascii	"signed char\000"
 926      65642063 
 926      68617200 
 927              		.ident	"GCC: (GNU Tools for ARM Embedded Processors) 4.9.3 20150303 (release) [ARM/embedded-4_9-br
