ARM GAS  C:\Users\AARONW~1\AppData\Local\Temp\cchbFDwj.s 			page 1


   1              		.cpu cortex-m0
   2              		.fpu softvfp
   3              		.eabi_attribute 20, 1
   4              		.eabi_attribute 21, 1
   5              		.eabi_attribute 23, 3
   6              		.eabi_attribute 24, 1
   7              		.eabi_attribute 25, 1
   8              		.eabi_attribute 26, 1
   9              		.eabi_attribute 30, 6
  10              		.eabi_attribute 34, 0
  11              		.eabi_attribute 18, 4
  12              		.code	16
  13              		.file	"app_Ble.c"
  14              		.text
  15              	.Ltext0:
  16              		.cfi_sections	.debug_frame
  17              		.global	mtuSize
  18              		.data
  19              		.align	1
  20              		.type	mtuSize, %object
  21              		.size	mtuSize, 2
  22              	mtuSize:
  23 0000 1700     		.short	23
  24              		.global	txDataClientConfigDesc
  25              		.bss
  26              		.align	2
  27              		.type	txDataClientConfigDesc, %object
  28              		.size	txDataClientConfigDesc, 2
  29              	txDataClientConfigDesc:
  30 0000 0000     		.space	2
  31              		.global	attrValue
  32 0002 0000     		.data
  33 0002 0000     		.align	2
  34              		.type	attrValue, %object
  35              		.size	attrValue, 12
  36              	attrValue:
  37 0004 00000000 		.word	txDataClientConfigDesc
  38 0008 0200     		.short	2
  39 000a 0200     		.short	2
  40 000c 0F00     		.short	15
  41 000e 0000     		.space	2
  42              		.section	.text.HandleBleProcessing,"ax",%progbits
  43              		.align	2
  44              		.global	HandleBleProcessing
  45              		.code	16
  46              		.thumb_func
  47              		.type	HandleBleProcessing, %function
  48              	HandleBleProcessing:
  49              	.LFB37:
  50              		.file 1 "app_Ble.c"
   1:app_Ble.c     **** /*******************************************************************************
   2:app_Ble.c     **** * File Name: app_Ble.c
   3:app_Ble.c     **** *
   4:app_Ble.c     **** * Description:
   5:app_Ble.c     **** *  Common BLE application code for client devices.
   6:app_Ble.c     **** *
   7:app_Ble.c     **** *******************************************************************************
ARM GAS  C:\Users\AARONW~1\AppData\Local\Temp\cchbFDwj.s 			page 2


   8:app_Ble.c     **** * Copyright 2015, Cypress Semiconductor Corporation.  All rights reserved.
   9:app_Ble.c     **** * You may use this file only in accordance with the license, terms, conditions,
  10:app_Ble.c     **** * disclaimers, and limitations in the end user license agreement accompanying
  11:app_Ble.c     **** * the software package with which this file was provided.
  12:app_Ble.c     **** *******************************************************************************/
  13:app_Ble.c     **** 
  14:app_Ble.c     **** #include "app_ble.h"
  15:app_Ble.c     **** 
  16:app_Ble.c     **** /* MTU size to be used by Client and Server after MTU exchange */
  17:app_Ble.c     **** uint16 mtuSize      = CYBLE_GATT_MTU;   
  18:app_Ble.c     **** 
  19:app_Ble.c     **** uint8 txDataClientConfigDesc[2] = {0, 0};   
  20:app_Ble.c     **** CYBLE_GATT_HANDLE_VALUE_PAIR_T  attrValue = { 
  21:app_Ble.c     ****                                                     {(uint8 *)txDataClientConfigDesc, 2, 2}, 
  22:app_Ble.c     ****                                                     CYBLE_SERVER_UART_SERVER_UART_TX_DATA_CLIENT_CH
  23:app_Ble.c     ****                                                 };
  24:app_Ble.c     **** 
  25:app_Ble.c     **** /*******************************************************************************
  26:app_Ble.c     **** * Function Name: HandleBleProcessing
  27:app_Ble.c     **** ********************************************************************************
  28:app_Ble.c     **** *
  29:app_Ble.c     **** * Summary:
  30:app_Ble.c     **** *   Handles the BLE state machine for intiating different procedures
  31:app_Ble.c     **** *   during different states of BLESS.
  32:app_Ble.c     **** *
  33:app_Ble.c     **** * Parameters:
  34:app_Ble.c     **** *   None.
  35:app_Ble.c     **** *
  36:app_Ble.c     **** * Return:
  37:app_Ble.c     **** *   None.
  38:app_Ble.c     **** *
  39:app_Ble.c     **** *******************************************************************************/
  40:app_Ble.c     **** void HandleBleProcessing(void)
  41:app_Ble.c     **** {    
  51              		.loc 1 41 0
  52              		.cfi_startproc
  53 0000 80B5     		push	{r7, lr}
  54              		.cfi_def_cfa_offset 8
  55              		.cfi_offset 7, -8
  56              		.cfi_offset 14, -4
  57 0002 00AF     		add	r7, sp, #0
  58              		.cfi_def_cfa_register 7
  42:app_Ble.c     ****     
  43:app_Ble.c     ****     switch (cyBle_state)
  59              		.loc 1 43 0
  60 0004 144B     		ldr	r3, .L9
  61 0006 1B78     		ldrb	r3, [r3]
  62 0008 032B     		cmp	r3, #3
  63 000a 22D0     		beq	.L8
  64 000c 042B     		cmp	r3, #4
  65 000e 16D0     		beq	.L4
  66 0010 022B     		cmp	r3, #2
  67 0012 00D0     		beq	.L5
  44:app_Ble.c     ****     {
  45:app_Ble.c     ****         case CYBLE_STATE_ADVERTISING:
  46:app_Ble.c     ****             break;
  47:app_Ble.c     ****         
ARM GAS  C:\Users\AARONW~1\AppData\Local\Temp\cchbFDwj.s 			page 3


  48:app_Ble.c     ****         case CYBLE_STATE_CONNECTED:
  49:app_Ble.c     ****             
  50:app_Ble.c     ****             /* read CCCD for TX characteristic for checking if notifications are enabled*/
  51:app_Ble.c     ****             CyBle_GattsReadAttributeValue(&attrValue, &cyBle_connHandle, CYBLE_GATT_DB_LOCALLY_INIT
  52:app_Ble.c     ****             
  53:app_Ble.c     ****             /* if stack is free, handle UART traffic */
  54:app_Ble.c     ****             if(CyBle_GattGetBusStatus() != CYBLE_STACK_STATE_BUSY)
  55:app_Ble.c     ****             {
  56:app_Ble.c     ****                 HandleUartTxTraffic((uint16)txDataClientConfigDesc[0]);
  57:app_Ble.c     ****             }
  58:app_Ble.c     ****             break;
  59:app_Ble.c     ****                 
  60:app_Ble.c     ****         case CYBLE_STATE_DISCONNECTED:
  61:app_Ble.c     ****         
  62:app_Ble.c     ****             txDataClientConfigDesc[0] = NOTIFICATON_DISABLED;
  63:app_Ble.c     ****             txDataClientConfigDesc[1] = NOTIFICATON_DISABLED;
  64:app_Ble.c     ****             
  65:app_Ble.c     ****             CyBle_GappStartAdvertisement(CYBLE_ADVERTISING_FAST);
  66:app_Ble.c     **** 
  67:app_Ble.c     ****             break;
  68:app_Ble.c     ****        
  69:app_Ble.c     ****         case CYBLE_STATE_INITIALIZING:
  70:app_Ble.c     ****         case CYBLE_STATE_STOPPED:
  71:app_Ble.c     ****         default:
  72:app_Ble.c     ****             break;       
  68              		.loc 1 72 0
  69 0014 1EE0     		b	.L1
  70              	.L5:
  51:app_Ble.c     ****             
  71              		.loc 1 51 0
  72 0016 114A     		ldr	r2, .L9+4
  73 0018 114B     		ldr	r3, .L9+8
  74 001a 101C     		mov	r0, r2
  75 001c 191C     		mov	r1, r3
  76 001e 0022     		mov	r2, #0
  77 0020 FFF7FEFF 		bl	CyBle_GattsReadAttributeValue
  54:app_Ble.c     ****             {
  78              		.loc 1 54 0
  79 0024 0F4B     		ldr	r3, .L9+12
  80 0026 1B78     		ldrb	r3, [r3]
  81 0028 DBB2     		uxtb	r3, r3
  82 002a 012B     		cmp	r3, #1
  83 002c 06D0     		beq	.L7
  56:app_Ble.c     ****             }
  84              		.loc 1 56 0
  85 002e 0E4B     		ldr	r3, .L9+16
  86 0030 1B78     		ldrb	r3, [r3]
  87 0032 9BB2     		uxth	r3, r3
  88 0034 181C     		mov	r0, r3
  89 0036 FFF7FEFF 		bl	HandleUartTxTraffic
  58:app_Ble.c     ****                 
  90              		.loc 1 58 0
  91 003a 0BE0     		b	.L1
  92              	.L7:
  93 003c 0AE0     		b	.L1
  94              	.L4:
  62:app_Ble.c     ****             txDataClientConfigDesc[1] = NOTIFICATON_DISABLED;
ARM GAS  C:\Users\AARONW~1\AppData\Local\Temp\cchbFDwj.s 			page 4


  95              		.loc 1 62 0
  96 003e 0A4B     		ldr	r3, .L9+16
  97 0040 0022     		mov	r2, #0
  98 0042 1A70     		strb	r2, [r3]
  63:app_Ble.c     ****             
  99              		.loc 1 63 0
 100 0044 084B     		ldr	r3, .L9+16
 101 0046 0022     		mov	r2, #0
 102 0048 5A70     		strb	r2, [r3, #1]
  65:app_Ble.c     **** 
 103              		.loc 1 65 0
 104 004a 0020     		mov	r0, #0
 105 004c FFF7FEFF 		bl	CyBle_GappStartAdvertisement
  67:app_Ble.c     ****        
 106              		.loc 1 67 0
 107 0050 00E0     		b	.L1
 108              	.L8:
  46:app_Ble.c     ****         
 109              		.loc 1 46 0
 110 0052 C046     		mov	r8, r8
 111              	.L1:
  73:app_Ble.c     ****     }
  74:app_Ble.c     **** }
 112              		.loc 1 74 0
 113 0054 BD46     		mov	sp, r7
 114              		@ sp needed
 115 0056 80BD     		pop	{r7, pc}
 116              	.L10:
 117              		.align	2
 118              	.L9:
 119 0058 00000000 		.word	cyBle_state
 120 005c 00000000 		.word	attrValue
 121 0060 00000000 		.word	cyBle_connHandle
 122 0064 00000000 		.word	cyBle_busyStatus
 123 0068 00000000 		.word	txDataClientConfigDesc
 124              		.cfi_endproc
 125              	.LFE37:
 126              		.size	HandleBleProcessing, .-HandleBleProcessing
 127              		.section	.rodata
 128              		.align	2
 129              	.LC5:
 130 0000 0A0D2044 		.ascii	"\012\015 DISCONNECTED!!! \012\015 \000"
 130      4953434F 
 130      4E4E4543 
 130      54454421 
 130      2121200A 
 131 0017 00       		.align	2
 132              	.LC7:
 133 0018 0A0D436F 		.ascii	"\012\015Connection established\000"
 133      6E6E6563 
 133      74696F6E 
 133      20657374 
 133      61626C69 
 134 0031 000000   		.align	2
 135              	.LC11:
 136 0034 0A0D4E6F 		.ascii	"\012\015Notifications enabled\012\015\000"
 136      74696669 
ARM GAS  C:\Users\AARONW~1\AppData\Local\Temp\cchbFDwj.s 			page 5


 136      63617469 
 136      6F6E7320 
 136      656E6162 
 137 004e 0000     		.align	2
 138              	.LC13:
 139 0050 0A0D5374 		.ascii	"\012\015Start entering data:\012\015\000"
 139      61727420 
 139      656E7465 
 139      72696E67 
 139      20646174 
 140 0069 000000   		.section	.text.AppCallBack,"ax",%progbits
 141              		.align	2
 142              		.global	AppCallBack
 143              		.code	16
 144              		.thumb_func
 145              		.type	AppCallBack, %function
 146              	AppCallBack:
 147              	.LFB38:
  75:app_Ble.c     **** 
  76:app_Ble.c     **** 
  77:app_Ble.c     **** /*******************************************************************************
  78:app_Ble.c     **** * Function Name: AppCallBack
  79:app_Ble.c     **** ********************************************************************************
  80:app_Ble.c     **** *
  81:app_Ble.c     **** * Summary:
  82:app_Ble.c     **** *   Call back function for BLE stack to handle BLESS events
  83:app_Ble.c     **** *
  84:app_Ble.c     **** * Parameters:
  85:app_Ble.c     **** *   event       - the event generated by stack
  86:app_Ble.c     **** *   eventParam  - the parameters related to the corresponding event
  87:app_Ble.c     **** *
  88:app_Ble.c     **** * Return:
  89:app_Ble.c     **** *   None.
  90:app_Ble.c     **** *
  91:app_Ble.c     **** *******************************************************************************/
  92:app_Ble.c     **** void AppCallBack(uint32 event, void *eventParam)
  93:app_Ble.c     **** {   
 148              		.loc 1 93 0
 149              		.cfi_startproc
 150 0000 90B5     		push	{r4, r7, lr}
 151              		.cfi_def_cfa_offset 12
 152              		.cfi_offset 4, -12
 153              		.cfi_offset 7, -8
 154              		.cfi_offset 14, -4
 155 0002 85B0     		sub	sp, sp, #20
 156              		.cfi_def_cfa_offset 32
 157 0004 00AF     		add	r7, sp, #0
 158              		.cfi_def_cfa_register 7
 159 0006 7860     		str	r0, [r7, #4]
 160 0008 3960     		str	r1, [r7]
  94:app_Ble.c     ****     CYBLE_GATT_ERR_CODE_T           errorCode;
  95:app_Ble.c     ****     CYBLE_GATTS_WRITE_REQ_PARAM_T   *writeReqParam;
  96:app_Ble.c     ****     
  97:app_Ble.c     ****     switch (event)
 161              		.loc 1 97 0
 162 000a 7B68     		ldr	r3, [r7, #4]
 163 000c 412B     		cmp	r3, #65
ARM GAS  C:\Users\AARONW~1\AppData\Local\Temp\cchbFDwj.s 			page 6


 164 000e 2AD0     		beq	.L13
 165 0010 05D8     		bhi	.L14
 166 0012 012B     		cmp	r3, #1
 167 0014 00D1     		bne	.LCB99
 168 0016 6DE0     		b	.L27	@long jump
 169              	.LCB99:
 170 0018 282B     		cmp	r3, #40
 171 001a 07D0     		beq	.L16
  98:app_Ble.c     ****     {
  99:app_Ble.c     ****         case CYBLE_EVT_STACK_ON:
 100:app_Ble.c     ****             break;
 101:app_Ble.c     ****             
 102:app_Ble.c     ****         case CYBLE_EVT_GAP_DEVICE_DISCONNECTED:
 103:app_Ble.c     ****             
 104:app_Ble.c     ****             #ifdef PRINT_MESSAGE_LOG   
 105:app_Ble.c     ****                 UART_UartPutString("\n\r DISCONNECTED!!! \n\r ");
 106:app_Ble.c     ****                 while(0 != (UART_SpiUartGetTxBufferSize() + UART_GET_TX_FIFO_SR_VALID));
 107:app_Ble.c     ****             #endif
 108:app_Ble.c     ****             
 109:app_Ble.c     ****             /* RESET Uart and flush all buffers */
 110:app_Ble.c     ****             UART_Stop();
 111:app_Ble.c     ****             UART_SpiUartClearTxBuffer();
 112:app_Ble.c     ****             UART_SpiUartClearRxBuffer();
 113:app_Ble.c     ****             UART_Start();
 114:app_Ble.c     ****             break;
 115:app_Ble.c     ****             
 116:app_Ble.c     ****         case CYBLE_EVT_GATT_CONNECT_IND:
 117:app_Ble.c     ****             
 118:app_Ble.c     ****             #ifdef PRINT_MESSAGE_LOG   
 119:app_Ble.c     ****                 UART_UartPutString("\n\rConnection established");             
 120:app_Ble.c     ****             #endif
 121:app_Ble.c     ****             
 122:app_Ble.c     ****             break;
 123:app_Ble.c     ****         
 124:app_Ble.c     ****         case CYBLE_EVT_GATTS_WRITE_CMD_REQ:
 125:app_Ble.c     ****             
 126:app_Ble.c     ****             HandleUartRxTraffic((CYBLE_GATTS_WRITE_REQ_PARAM_T *) eventParam);
 127:app_Ble.c     ****             
 128:app_Ble.c     ****             break;
 129:app_Ble.c     ****         
 130:app_Ble.c     ****         case CYBLE_EVT_GATTS_XCNHG_MTU_REQ:
 131:app_Ble.c     ****             
 132:app_Ble.c     ****             if(CYBLE_GATT_MTU > ((CYBLE_GATT_XCHG_MTU_PARAM_T *)eventParam)->mtu)
 133:app_Ble.c     ****             {
 134:app_Ble.c     ****                 mtuSize = ((CYBLE_GATT_XCHG_MTU_PARAM_T *)eventParam)->mtu;
 135:app_Ble.c     ****             }
 136:app_Ble.c     ****             else
 137:app_Ble.c     ****             {
 138:app_Ble.c     ****                 mtuSize = CYBLE_GATT_MTU;
 139:app_Ble.c     ****             }
 140:app_Ble.c     ****             
 141:app_Ble.c     ****             break;
 142:app_Ble.c     ****             
 143:app_Ble.c     ****         case CYBLE_EVT_GATTS_WRITE_REQ:
 144:app_Ble.c     ****             
 145:app_Ble.c     ****             writeReqParam = (CYBLE_GATTS_WRITE_REQ_PARAM_T *) eventParam;
 146:app_Ble.c     ****             
ARM GAS  C:\Users\AARONW~1\AppData\Local\Temp\cchbFDwj.s 			page 7


 147:app_Ble.c     ****             if(CYBLE_SERVER_UART_SERVER_UART_TX_DATA_CLIENT_CHARACTERISTIC_CONFIGURATION_DESC_HANDL
 148:app_Ble.c     ****                                                                     writeReqParam->handleValPair.at
 149:app_Ble.c     ****             {
 150:app_Ble.c     ****                 errorCode = CyBle_GattsWriteAttributeValue(&(writeReqParam->handleValPair), \
 151:app_Ble.c     ****                                                 0, &cyBle_connHandle, CYBLE_GATT_DB_PEER_INITIATED)
 152:app_Ble.c     ****                 
 153:app_Ble.c     ****                 if (CYBLE_GATT_ERR_NONE  == errorCode)
 154:app_Ble.c     ****                 {
 155:app_Ble.c     ****                     CyBle_GattsWriteRsp(cyBle_connHandle);
 156:app_Ble.c     ****                     #ifdef PRINT_MESSAGE_LOG   
 157:app_Ble.c     ****                         UART_UartPutString("\n\rNotifications enabled\n\r");
 158:app_Ble.c     ****                         UART_UartPutString("\n\rStart entering data:\n\r");
 159:app_Ble.c     ****                     #endif
 160:app_Ble.c     ****                 }
 161:app_Ble.c     ****             }
 162:app_Ble.c     ****             
 163:app_Ble.c     ****             break;
 164:app_Ble.c     ****         
 165:app_Ble.c     ****         default:
 166:app_Ble.c     ****             break;
 172              		.loc 1 166 0
 173 001c 6BE0     		b	.L11
 174              	.L14:
  97:app_Ble.c     ****     {
 175              		.loc 1 97 0
 176 001e 4C2B     		cmp	r3, #76
 177 0020 38D0     		beq	.L17
 178 0022 4E2B     		cmp	r3, #78
 179 0024 24D0     		beq	.L18
 180 0026 432B     		cmp	r3, #67
 181 0028 27D0     		beq	.L19
 182              		.loc 1 166 0
 183 002a 64E0     		b	.L11
 184              	.L16:
 105:app_Ble.c     ****                 while(0 != (UART_SpiUartGetTxBufferSize() + UART_GET_TX_FIFO_SR_VALID));
 185              		.loc 1 105 0
 186 002c 334B     		ldr	r3, .L28
 187 002e 181C     		mov	r0, r3
 188 0030 FFF7FEFF 		bl	UART_UartPutString
 106:app_Ble.c     ****             #endif
 189              		.loc 1 106 0
 190 0034 C046     		mov	r8, r8
 191              	.L23:
 106:app_Ble.c     ****             #endif
 192              		.loc 1 106 0 is_stmt 0 discriminator 5
 193 0036 FFF7FEFF 		bl	UART_SpiUartGetTxBufferSize
 194 003a 011C     		mov	r1, r0
 195 003c 304B     		ldr	r3, .L28+4
 196 003e 1A68     		ldr	r2, [r3]
 197 0040 8023     		mov	r3, #128
 198 0042 1B02     		lsl	r3, r3, #8
 199 0044 1340     		and	r3, r2
 200 0046 01D0     		beq	.L21
 106:app_Ble.c     ****             #endif
 201              		.loc 1 106 0 discriminator 1
 202 0048 0123     		mov	r3, #1
 203 004a 00E0     		b	.L22
ARM GAS  C:\Users\AARONW~1\AppData\Local\Temp\cchbFDwj.s 			page 8


 204              	.L21:
 106:app_Ble.c     ****             #endif
 205              		.loc 1 106 0 discriminator 2
 206 004c 0023     		mov	r3, #0
 207              	.L22:
 106:app_Ble.c     ****             #endif
 208              		.loc 1 106 0 discriminator 4
 209 004e CB18     		add	r3, r1, r3
 210 0050 002B     		cmp	r3, #0
 211 0052 F0D1     		bne	.L23
 110:app_Ble.c     ****             UART_SpiUartClearTxBuffer();
 212              		.loc 1 110 0 is_stmt 1
 213 0054 FFF7FEFF 		bl	UART_Stop
 111:app_Ble.c     ****             UART_SpiUartClearRxBuffer();
 214              		.loc 1 111 0
 215 0058 FFF7FEFF 		bl	UART_SpiUartClearTxBuffer
 112:app_Ble.c     ****             UART_Start();
 216              		.loc 1 112 0
 217 005c FFF7FEFF 		bl	UART_SpiUartClearRxBuffer
 113:app_Ble.c     ****             break;
 218              		.loc 1 113 0
 219 0060 FFF7FEFF 		bl	UART_Start
 114:app_Ble.c     ****             
 220              		.loc 1 114 0
 221 0064 47E0     		b	.L11
 222              	.L13:
 119:app_Ble.c     ****             #endif
 223              		.loc 1 119 0
 224 0066 274B     		ldr	r3, .L28+8
 225 0068 181C     		mov	r0, r3
 226 006a FFF7FEFF 		bl	UART_UartPutString
 122:app_Ble.c     ****         
 227              		.loc 1 122 0
 228 006e 42E0     		b	.L11
 229              	.L18:
 126:app_Ble.c     ****             
 230              		.loc 1 126 0
 231 0070 3B68     		ldr	r3, [r7]
 232 0072 181C     		mov	r0, r3
 233 0074 FFF7FEFF 		bl	HandleUartRxTraffic
 128:app_Ble.c     ****         
 234              		.loc 1 128 0
 235 0078 3DE0     		b	.L11
 236              	.L19:
 132:app_Ble.c     ****             {
 237              		.loc 1 132 0
 238 007a 3B68     		ldr	r3, [r7]
 239 007c 5B88     		ldrh	r3, [r3, #2]
 240 007e 162B     		cmp	r3, #22
 241 0080 04D8     		bhi	.L24
 134:app_Ble.c     ****             }
 242              		.loc 1 134 0
 243 0082 3B68     		ldr	r3, [r7]
 244 0084 5A88     		ldrh	r2, [r3, #2]
 245 0086 204B     		ldr	r3, .L28+12
 246 0088 1A80     		strh	r2, [r3]
 141:app_Ble.c     ****             
ARM GAS  C:\Users\AARONW~1\AppData\Local\Temp\cchbFDwj.s 			page 9


 247              		.loc 1 141 0
 248 008a 34E0     		b	.L11
 249              	.L24:
 138:app_Ble.c     ****             }
 250              		.loc 1 138 0
 251 008c 1E4B     		ldr	r3, .L28+12
 252 008e 1722     		mov	r2, #23
 253 0090 1A80     		strh	r2, [r3]
 141:app_Ble.c     ****             
 254              		.loc 1 141 0
 255 0092 30E0     		b	.L11
 256              	.L17:
 145:app_Ble.c     ****             
 257              		.loc 1 145 0
 258 0094 3B68     		ldr	r3, [r7]
 259 0096 FB60     		str	r3, [r7, #12]
 148:app_Ble.c     ****             {
 260              		.loc 1 148 0
 261 0098 FB68     		ldr	r3, [r7, #12]
 262 009a 9B89     		ldrh	r3, [r3, #12]
 147:app_Ble.c     ****                                                                     writeReqParam->handleValPair.at
 263              		.loc 1 147 0
 264 009c 0F2B     		cmp	r3, #15
 265 009e 28D1     		bne	.L26
 150:app_Ble.c     ****                                                 0, &cyBle_connHandle, CYBLE_GATT_DB_PEER_INITIATED)
 266              		.loc 1 150 0
 267 00a0 FB68     		ldr	r3, [r7, #12]
 268 00a2 1A1D     		add	r2, r3, #4
 269 00a4 0B23     		mov	r3, #11
 270 00a6 FC18     		add	r4, r7, r3
 271 00a8 184B     		ldr	r3, .L28+16
 272 00aa 101C     		mov	r0, r2
 273 00ac 0021     		mov	r1, #0
 274 00ae 1A1C     		mov	r2, r3
 275 00b0 4023     		mov	r3, #64
 276 00b2 FFF7FEFF 		bl	CyBle_GattsWriteAttributeValue
 277 00b6 031C     		mov	r3, r0
 278 00b8 2370     		strb	r3, [r4]
 153:app_Ble.c     ****                 {
 279              		.loc 1 153 0
 280 00ba 0B23     		mov	r3, #11
 281 00bc FB18     		add	r3, r7, r3
 282 00be 1B78     		ldrb	r3, [r3]
 283 00c0 002B     		cmp	r3, #0
 284 00c2 16D1     		bne	.L26
 155:app_Ble.c     ****                     #ifdef PRINT_MESSAGE_LOG   
 285              		.loc 1 155 0
 286 00c4 114B     		ldr	r3, .L28+16
 287 00c6 1A78     		ldrb	r2, [r3]
 288 00c8 5B78     		ldrb	r3, [r3, #1]
 289 00ca 1B02     		lsl	r3, r3, #8
 290 00cc 1A43     		orr	r2, r3
 291 00ce 0023     		mov	r3, #0
 292 00d0 1204     		lsl	r2, r2, #16
 293 00d2 120C     		lsr	r2, r2, #16
 294 00d4 1B0C     		lsr	r3, r3, #16
 295 00d6 1B04     		lsl	r3, r3, #16
ARM GAS  C:\Users\AARONW~1\AppData\Local\Temp\cchbFDwj.s 			page 10


 296 00d8 1343     		orr	r3, r2
 297 00da 181C     		mov	r0, r3
 298 00dc FFF7FEFF 		bl	CyBle_GattsWriteRsp
 157:app_Ble.c     ****                         UART_UartPutString("\n\rStart entering data:\n\r");
 299              		.loc 1 157 0
 300 00e0 0B4B     		ldr	r3, .L28+20
 301 00e2 181C     		mov	r0, r3
 302 00e4 FFF7FEFF 		bl	UART_UartPutString
 158:app_Ble.c     ****                     #endif
 303              		.loc 1 158 0
 304 00e8 0A4B     		ldr	r3, .L28+24
 305 00ea 181C     		mov	r0, r3
 306 00ec FFF7FEFF 		bl	UART_UartPutString
 163:app_Ble.c     ****         
 307              		.loc 1 163 0
 308 00f0 01E0     		b	.L11
 309              	.L26:
 310 00f2 00E0     		b	.L11
 311              	.L27:
 100:app_Ble.c     ****             
 312              		.loc 1 100 0
 313 00f4 C046     		mov	r8, r8
 314              	.L11:
 167:app_Ble.c     ****     }
 168:app_Ble.c     **** }
 315              		.loc 1 168 0
 316 00f6 BD46     		mov	sp, r7
 317 00f8 05B0     		add	sp, sp, #20
 318              		@ sp needed
 319 00fa 90BD     		pop	{r4, r7, pc}
 320              	.L29:
 321              		.align	2
 322              	.L28:
 323 00fc 00000000 		.word	.LC5
 324 0100 08022440 		.word	1076101640
 325 0104 18000000 		.word	.LC7
 326 0108 00000000 		.word	mtuSize
 327 010c 00000000 		.word	cyBle_connHandle
 328 0110 34000000 		.word	.LC11
 329 0114 50000000 		.word	.LC13
 330              		.cfi_endproc
 331              	.LFE38:
 332              		.size	AppCallBack, .-AppCallBack
 333              		.text
 334              	.Letext0:
 335              		.file 2 "Generated_Source\\PSoC4/cytypes.h"
 336              		.file 3 "Generated_Source\\PSoC4/BLE_Stack.h"
 337              		.file 4 "Generated_Source\\PSoC4/BLE_StackGatt.h"
 338              		.file 5 "Generated_Source\\PSoC4/BLE_StackGattServer.h"
 339              		.file 6 "Generated_Source\\PSoC4/BLE_eventHandler.h"
 340              		.section	.debug_info,"",%progbits
 341              	.Ldebug_info0:
 342 0000 C2050000 		.4byte	0x5c2
 343 0004 0400     		.2byte	0x4
 344 0006 00000000 		.4byte	.Ldebug_abbrev0
 345 000a 04       		.byte	0x4
 346 000b 01       		.uleb128 0x1
ARM GAS  C:\Users\AARONW~1\AppData\Local\Temp\cchbFDwj.s 			page 11


 347 000c 53100000 		.4byte	.LASF158
 348 0010 01       		.byte	0x1
 349 0011 94010000 		.4byte	.LASF159
 350 0015 EB110000 		.4byte	.LASF160
 351 0019 00000000 		.4byte	.Ldebug_ranges0+0
 352 001d 00000000 		.4byte	0
 353 0021 00000000 		.4byte	.Ldebug_line0
 354 0025 02       		.uleb128 0x2
 355 0026 01       		.byte	0x1
 356 0027 06       		.byte	0x6
 357 0028 5D030000 		.4byte	.LASF0
 358 002c 02       		.uleb128 0x2
 359 002d 01       		.byte	0x1
 360 002e 08       		.byte	0x8
 361 002f FD0B0000 		.4byte	.LASF1
 362 0033 02       		.uleb128 0x2
 363 0034 02       		.byte	0x2
 364 0035 05       		.byte	0x5
 365 0036 970C0000 		.4byte	.LASF2
 366 003a 02       		.uleb128 0x2
 367 003b 02       		.byte	0x2
 368 003c 07       		.byte	0x7
 369 003d 220F0000 		.4byte	.LASF3
 370 0041 02       		.uleb128 0x2
 371 0042 04       		.byte	0x4
 372 0043 05       		.byte	0x5
 373 0044 EE010000 		.4byte	.LASF4
 374 0048 02       		.uleb128 0x2
 375 0049 04       		.byte	0x4
 376 004a 07       		.byte	0x7
 377 004b 2F060000 		.4byte	.LASF5
 378 004f 02       		.uleb128 0x2
 379 0050 08       		.byte	0x8
 380 0051 05       		.byte	0x5
 381 0052 4F030000 		.4byte	.LASF6
 382 0056 02       		.uleb128 0x2
 383 0057 08       		.byte	0x8
 384 0058 07       		.byte	0x7
 385 0059 F7010000 		.4byte	.LASF7
 386 005d 03       		.uleb128 0x3
 387 005e 04       		.byte	0x4
 388 005f 05       		.byte	0x5
 389 0060 696E7400 		.ascii	"int\000"
 390 0064 02       		.uleb128 0x2
 391 0065 04       		.byte	0x4
 392 0066 07       		.byte	0x7
 393 0067 BA050000 		.4byte	.LASF8
 394 006b 04       		.uleb128 0x4
 395 006c 59040000 		.4byte	.LASF9
 396 0070 02       		.byte	0x2
 397 0071 B901     		.2byte	0x1b9
 398 0073 2C000000 		.4byte	0x2c
 399 0077 04       		.uleb128 0x4
 400 0078 0B0C0000 		.4byte	.LASF10
 401 007c 02       		.byte	0x2
 402 007d BA01     		.2byte	0x1ba
 403 007f 3A000000 		.4byte	0x3a
ARM GAS  C:\Users\AARONW~1\AppData\Local\Temp\cchbFDwj.s 			page 12


 404 0083 04       		.uleb128 0x4
 405 0084 CC040000 		.4byte	.LASF11
 406 0088 02       		.byte	0x2
 407 0089 BB01     		.2byte	0x1bb
 408 008b 48000000 		.4byte	0x48
 409 008f 02       		.uleb128 0x2
 410 0090 04       		.byte	0x4
 411 0091 04       		.byte	0x4
 412 0092 D70D0000 		.4byte	.LASF12
 413 0096 02       		.uleb128 0x2
 414 0097 08       		.byte	0x8
 415 0098 04       		.byte	0x4
 416 0099 7E040000 		.4byte	.LASF13
 417 009d 02       		.uleb128 0x2
 418 009e 01       		.byte	0x1
 419 009f 08       		.byte	0x8
 420 00a0 F50D0000 		.4byte	.LASF14
 421 00a4 05       		.uleb128 0x5
 422 00a5 6B000000 		.4byte	0x6b
 423 00a9 04       		.uleb128 0x4
 424 00aa F1080000 		.4byte	.LASF15
 425 00ae 02       		.byte	0x2
 426 00af 6502     		.2byte	0x265
 427 00b1 B5000000 		.4byte	0xb5
 428 00b5 05       		.uleb128 0x5
 429 00b6 83000000 		.4byte	0x83
 430 00ba 02       		.uleb128 0x2
 431 00bb 04       		.byte	0x4
 432 00bc 07       		.byte	0x7
 433 00bd 9D090000 		.4byte	.LASF16
 434 00c1 06       		.uleb128 0x6
 435 00c2 04       		.byte	0x4
 436 00c3 07       		.uleb128 0x7
 437 00c4 01       		.byte	0x1
 438 00c5 03       		.byte	0x3
 439 00c6 4D01     		.2byte	0x14d
 440 00c8 A6020000 		.4byte	0x2a6
 441 00cc 08       		.uleb128 0x8
 442 00cd 3F070000 		.4byte	.LASF17
 443 00d1 00       		.sleb128 0
 444 00d2 08       		.uleb128 0x8
 445 00d3 69030000 		.4byte	.LASF18
 446 00d7 01       		.sleb128 1
 447 00d8 08       		.uleb128 0x8
 448 00d9 DC010000 		.4byte	.LASF19
 449 00dd 02       		.sleb128 2
 450 00de 08       		.uleb128 0x8
 451 00df 090F0000 		.4byte	.LASF20
 452 00e3 03       		.sleb128 3
 453 00e4 08       		.uleb128 0x8
 454 00e5 21020000 		.4byte	.LASF21
 455 00e9 04       		.sleb128 4
 456 00ea 08       		.uleb128 0x8
 457 00eb 23000000 		.4byte	.LASF22
 458 00ef 05       		.sleb128 5
 459 00f0 08       		.uleb128 0x8
 460 00f1 74070000 		.4byte	.LASF23
ARM GAS  C:\Users\AARONW~1\AppData\Local\Temp\cchbFDwj.s 			page 13


 461 00f5 06       		.sleb128 6
 462 00f6 08       		.uleb128 0x8
 463 00f7 F7080000 		.4byte	.LASF24
 464 00fb 20       		.sleb128 32
 465 00fc 08       		.uleb128 0x8
 466 00fd A5030000 		.4byte	.LASF25
 467 0101 21       		.sleb128 33
 468 0102 08       		.uleb128 0x8
 469 0103 B1070000 		.4byte	.LASF26
 470 0107 22       		.sleb128 34
 471 0108 08       		.uleb128 0x8
 472 0109 57080000 		.4byte	.LASF27
 473 010d 23       		.sleb128 35
 474 010e 08       		.uleb128 0x8
 475 010f DC0A0000 		.4byte	.LASF28
 476 0113 24       		.sleb128 36
 477 0114 08       		.uleb128 0x8
 478 0115 020A0000 		.4byte	.LASF29
 479 0119 25       		.sleb128 37
 480 011a 08       		.uleb128 0x8
 481 011b 31040000 		.4byte	.LASF30
 482 011f 26       		.sleb128 38
 483 0120 08       		.uleb128 0x8
 484 0121 D5070000 		.4byte	.LASF31
 485 0125 27       		.sleb128 39
 486 0126 08       		.uleb128 0x8
 487 0127 2E0E0000 		.4byte	.LASF32
 488 012b 28       		.sleb128 40
 489 012c 08       		.uleb128 0x8
 490 012d A1020000 		.4byte	.LASF33
 491 0131 29       		.sleb128 41
 492 0132 08       		.uleb128 0x8
 493 0133 21010000 		.4byte	.LASF34
 494 0137 2A       		.sleb128 42
 495 0138 08       		.uleb128 0x8
 496 0139 7C030000 		.4byte	.LASF35
 497 013d 2B       		.sleb128 43
 498 013e 08       		.uleb128 0x8
 499 013f 08110000 		.4byte	.LASF36
 500 0143 2C       		.sleb128 44
 501 0144 08       		.uleb128 0x8
 502 0145 BE020000 		.4byte	.LASF37
 503 0149 2D       		.sleb128 45
 504 014a 08       		.uleb128 0x8
 505 014b 120C0000 		.4byte	.LASF38
 506 014f 2E       		.sleb128 46
 507 0150 08       		.uleb128 0x8
 508 0151 6B010000 		.4byte	.LASF39
 509 0155 2F       		.sleb128 47
 510 0156 08       		.uleb128 0x8
 511 0157 740A0000 		.4byte	.LASF40
 512 015b 30       		.sleb128 48
 513 015c 08       		.uleb128 0x8
 514 015d 8D110000 		.4byte	.LASF41
 515 0161 31       		.sleb128 49
 516 0162 08       		.uleb128 0x8
 517 0163 530A0000 		.4byte	.LASF42
ARM GAS  C:\Users\AARONW~1\AppData\Local\Temp\cchbFDwj.s 			page 14


 518 0167 32       		.sleb128 50
 519 0168 08       		.uleb128 0x8
 520 0169 7A0D0000 		.4byte	.LASF43
 521 016d 33       		.sleb128 51
 522 016e 08       		.uleb128 0x8
 523 016f 41060000 		.4byte	.LASF44
 524 0173 34       		.sleb128 52
 525 0174 08       		.uleb128 0x8
 526 0175 950A0000 		.4byte	.LASF45
 527 0179 35       		.sleb128 53
 528 017a 08       		.uleb128 0x8
 529 017b F4070000 		.4byte	.LASF46
 530 017f 36       		.sleb128 54
 531 0180 08       		.uleb128 0x8
 532 0181 29090000 		.4byte	.LASF47
 533 0185 37       		.sleb128 55
 534 0186 08       		.uleb128 0x8
 535 0187 350F0000 		.4byte	.LASF48
 536 018b C000     		.sleb128 64
 537 018d 08       		.uleb128 0x8
 538 018e 7D080000 		.4byte	.LASF49
 539 0192 C100     		.sleb128 65
 540 0194 08       		.uleb128 0x8
 541 0195 CD110000 		.4byte	.LASF50
 542 0199 C200     		.sleb128 66
 543 019b 08       		.uleb128 0x8
 544 019c A40F0000 		.4byte	.LASF51
 545 01a0 C300     		.sleb128 67
 546 01a2 08       		.uleb128 0x8
 547 01a3 96060000 		.4byte	.LASF52
 548 01a7 C400     		.sleb128 68
 549 01a9 08       		.uleb128 0x8
 550 01aa 7C0B0000 		.4byte	.LASF53
 551 01ae C500     		.sleb128 69
 552 01b0 08       		.uleb128 0x8
 553 01b1 7C090000 		.4byte	.LASF54
 554 01b5 C600     		.sleb128 70
 555 01b7 08       		.uleb128 0x8
 556 01b8 56070000 		.4byte	.LASF55
 557 01bc C700     		.sleb128 71
 558 01be 08       		.uleb128 0x8
 559 01bf E1100000 		.4byte	.LASF56
 560 01c3 C800     		.sleb128 72
 561 01c5 08       		.uleb128 0x8
 562 01c6 BC030000 		.4byte	.LASF57
 563 01ca C900     		.sleb128 73
 564 01cc 08       		.uleb128 0x8
 565 01cd DB0F0000 		.4byte	.LASF58
 566 01d1 CA00     		.sleb128 74
 567 01d3 08       		.uleb128 0x8
 568 01d4 9E010000 		.4byte	.LASF59
 569 01d8 CB00     		.sleb128 75
 570 01da 08       		.uleb128 0x8
 571 01db 7C060000 		.4byte	.LASF60
 572 01df CC00     		.sleb128 76
 573 01e1 08       		.uleb128 0x8
 574 01e2 2D0A0000 		.4byte	.LASF61
ARM GAS  C:\Users\AARONW~1\AppData\Local\Temp\cchbFDwj.s 			page 15


 575 01e6 CD00     		.sleb128 77
 576 01e8 08       		.uleb128 0x8
 577 01e9 FA030000 		.4byte	.LASF62
 578 01ed CE00     		.sleb128 78
 579 01ef 08       		.uleb128 0x8
 580 01f0 EF0C0000 		.4byte	.LASF63
 581 01f4 CF00     		.sleb128 79
 582 01f6 08       		.uleb128 0x8
 583 01f7 BD010000 		.4byte	.LASF64
 584 01fb D000     		.sleb128 80
 585 01fd 08       		.uleb128 0x8
 586 01fe 5F040000 		.4byte	.LASF65
 587 0202 D100     		.sleb128 81
 588 0204 08       		.uleb128 0x8
 589 0205 F80A0000 		.4byte	.LASF66
 590 0209 D200     		.sleb128 82
 591 020b 08       		.uleb128 0x8
 592 020c A10C0000 		.4byte	.LASF67
 593 0210 D300     		.sleb128 83
 594 0212 08       		.uleb128 0x8
 595 0213 2F0D0000 		.4byte	.LASF68
 596 0217 D400     		.sleb128 84
 597 0219 08       		.uleb128 0x8
 598 021a B4060000 		.4byte	.LASF69
 599 021e D500     		.sleb128 85
 600 0220 08       		.uleb128 0x8
 601 0221 98050000 		.4byte	.LASF70
 602 0225 D600     		.sleb128 86
 603 0227 08       		.uleb128 0x8
 604 0228 500E0000 		.4byte	.LASF71
 605 022c D700     		.sleb128 87
 606 022e 08       		.uleb128 0x8
 607 022f D8060000 		.4byte	.LASF72
 608 0233 D800     		.sleb128 88
 609 0235 08       		.uleb128 0x8
 610 0236 7B020000 		.4byte	.LASF73
 611 023a F000     		.sleb128 112
 612 023c 08       		.uleb128 0x8
 613 023d 67110000 		.4byte	.LASF74
 614 0241 F100     		.sleb128 113
 615 0243 08       		.uleb128 0x8
 616 0244 9E080000 		.4byte	.LASF75
 617 0248 F200     		.sleb128 114
 618 024a 08       		.uleb128 0x8
 619 024b 5E090000 		.4byte	.LASF76
 620 024f F300     		.sleb128 115
 621 0251 08       		.uleb128 0x8
 622 0252 380B0000 		.4byte	.LASF77
 623 0256 F400     		.sleb128 116
 624 0258 08       		.uleb128 0x8
 625 0259 85040000 		.4byte	.LASF78
 626 025d F500     		.sleb128 117
 627 025f 08       		.uleb128 0x8
 628 0260 4A010000 		.4byte	.LASF79
 629 0264 F600     		.sleb128 118
 630 0266 08       		.uleb128 0x8
 631 0267 77000000 		.4byte	.LASF80
ARM GAS  C:\Users\AARONW~1\AppData\Local\Temp\cchbFDwj.s 			page 16


 632 026b F700     		.sleb128 119
 633 026d 08       		.uleb128 0x8
 634 026e 00000000 		.4byte	.LASF81
 635 0272 F800     		.sleb128 120
 636 0274 08       		.uleb128 0x8
 637 0275 790E0000 		.4byte	.LASF82
 638 0279 F900     		.sleb128 121
 639 027b 08       		.uleb128 0x8
 640 027c 3A050000 		.4byte	.LASF83
 641 0280 FA00     		.sleb128 122
 642 0282 08       		.uleb128 0x8
 643 0283 35110000 		.4byte	.LASF84
 644 0287 FA01     		.sleb128 250
 645 0289 08       		.uleb128 0x8
 646 028a C7050000 		.4byte	.LASF85
 647 028e FB01     		.sleb128 251
 648 0290 08       		.uleb128 0x8
 649 0291 DD0C0000 		.4byte	.LASF86
 650 0295 FC01     		.sleb128 252
 651 0297 08       		.uleb128 0x8
 652 0298 DD0D0000 		.4byte	.LASF87
 653 029c FD01     		.sleb128 253
 654 029e 08       		.uleb128 0x8
 655 029f F6040000 		.4byte	.LASF88
 656 02a3 FF01     		.sleb128 255
 657 02a5 00       		.byte	0
 658 02a6 09       		.uleb128 0x9
 659 02a7 04       		.byte	0x4
 660 02a8 6B000000 		.4byte	0x6b
 661 02ac 0A       		.uleb128 0xa
 662 02ad 01       		.byte	0x1
 663 02ae 04       		.byte	0x4
 664 02af A5       		.byte	0xa5
 665 02b0 B4030000 		.4byte	0x3b4
 666 02b4 08       		.uleb128 0x8
 667 02b5 04050000 		.4byte	.LASF89
 668 02b9 00       		.sleb128 0
 669 02ba 08       		.uleb128 0x8
 670 02bb 03010000 		.4byte	.LASF90
 671 02bf 01       		.sleb128 1
 672 02c0 08       		.uleb128 0x8
 673 02c1 18050000 		.4byte	.LASF91
 674 02c5 02       		.sleb128 2
 675 02c6 08       		.uleb128 0x8
 676 02c7 D3040000 		.4byte	.LASF92
 677 02cb 03       		.sleb128 3
 678 02cc 08       		.uleb128 0x8
 679 02cd D5030000 		.4byte	.LASF93
 680 02d1 04       		.sleb128 4
 681 02d2 08       		.uleb128 0x8
 682 02d3 0C030000 		.4byte	.LASF94
 683 02d7 05       		.sleb128 5
 684 02d8 08       		.uleb128 0x8
 685 02d9 DE000000 		.4byte	.LASF95
 686 02dd 06       		.sleb128 6
 687 02de 08       		.uleb128 0x8
 688 02df F90F0000 		.4byte	.LASF96
ARM GAS  C:\Users\AARONW~1\AppData\Local\Temp\cchbFDwj.s 			page 17


 689 02e3 07       		.sleb128 7
 690 02e4 08       		.uleb128 0x8
 691 02e5 B20A0000 		.4byte	.LASF97
 692 02e9 08       		.sleb128 8
 693 02ea 08       		.uleb128 0x8
 694 02eb B90B0000 		.4byte	.LASF98
 695 02ef 09       		.sleb128 9
 696 02f0 08       		.uleb128 0x8
 697 02f1 59060000 		.4byte	.LASF99
 698 02f5 0A       		.sleb128 10
 699 02f6 08       		.uleb128 0x8
 700 02f7 1D070000 		.4byte	.LASF100
 701 02fb 0B       		.sleb128 11
 702 02fc 08       		.uleb128 0x8
 703 02fd AA000000 		.4byte	.LASF101
 704 0301 0C       		.sleb128 12
 705 0302 08       		.uleb128 0x8
 706 0303 360C0000 		.4byte	.LASF102
 707 0307 0D       		.sleb128 13
 708 0308 08       		.uleb128 0x8
 709 0309 9C0E0000 		.4byte	.LASF103
 710 030d 0E       		.sleb128 14
 711 030e 08       		.uleb128 0x8
 712 030f 7D0F0000 		.4byte	.LASF104
 713 0313 0F       		.sleb128 15
 714 0314 08       		.uleb128 0x8
 715 0315 A6040000 		.4byte	.LASF105
 716 0319 10       		.sleb128 16
 717 031a 08       		.uleb128 0x8
 718 031b A6090000 		.4byte	.LASF106
 719 031f 11       		.sleb128 17
 720 0320 08       		.uleb128 0x8
 721 0321 FA0D0000 		.4byte	.LASF107
 722 0325 8001     		.sleb128 128
 723 0327 08       		.uleb128 0x8
 724 0328 A10D0000 		.4byte	.LASF108
 725 032c 8001     		.sleb128 128
 726 032e 08       		.uleb128 0x8
 727 032f 4F0F0000 		.4byte	.LASF109
 728 0333 8001     		.sleb128 128
 729 0335 08       		.uleb128 0x8
 730 0336 BA080000 		.4byte	.LASF110
 731 033a 8001     		.sleb128 128
 732 033c 08       		.uleb128 0x8
 733 033d 2B080000 		.4byte	.LASF111
 734 0341 8001     		.sleb128 128
 735 0343 08       		.uleb128 0x8
 736 0344 01060000 		.4byte	.LASF112
 737 0348 8001     		.sleb128 128
 738 034a 08       		.uleb128 0x8
 739 034b E7020000 		.4byte	.LASF113
 740 034f 8001     		.sleb128 128
 741 0351 08       		.uleb128 0x8
 742 0352 C20C0000 		.4byte	.LASF114
 743 0356 8001     		.sleb128 128
 744 0358 08       		.uleb128 0x8
 745 0359 5B0C0000 		.4byte	.LASF115
ARM GAS  C:\Users\AARONW~1\AppData\Local\Temp\cchbFDwj.s 			page 18


 746 035d 8101     		.sleb128 129
 747 035f 08       		.uleb128 0x8
 748 0360 36020000 		.4byte	.LASF116
 749 0364 8101     		.sleb128 129
 750 0366 08       		.uleb128 0x8
 751 0367 E6050000 		.4byte	.LASF117
 752 036b 8101     		.sleb128 129
 753 036d 08       		.uleb128 0x8
 754 036e 53000000 		.4byte	.LASF118
 755 0372 8101     		.sleb128 129
 756 0374 08       		.uleb128 0x8
 757 0375 17100000 		.4byte	.LASF119
 758 0379 8201     		.sleb128 130
 759 037b 08       		.uleb128 0x8
 760 037c 69050000 		.4byte	.LASF120
 761 0380 A001     		.sleb128 160
 762 0382 08       		.uleb128 0x8
 763 0383 8D070000 		.4byte	.LASF121
 764 0387 A001     		.sleb128 160
 765 0389 08       		.uleb128 0x8
 766 038a 57020000 		.4byte	.LASF122
 767 038e A101     		.sleb128 161
 768 0390 08       		.uleb128 0x8
 769 0391 560B0000 		.4byte	.LASF123
 770 0395 A201     		.sleb128 162
 771 0397 08       		.uleb128 0x8
 772 0398 BA0E0000 		.4byte	.LASF124
 773 039c A301     		.sleb128 163
 774 039e 08       		.uleb128 0x8
 775 039f 500D0000 		.4byte	.LASF125
 776 03a3 FD01     		.sleb128 253
 777 03a5 08       		.uleb128 0x8
 778 03a6 DC0E0000 		.4byte	.LASF126
 779 03aa FE01     		.sleb128 254
 780 03ac 08       		.uleb128 0x8
 781 03ad E10B0000 		.4byte	.LASF127
 782 03b1 FF01     		.sleb128 255
 783 03b3 00       		.byte	0
 784 03b4 04       		.uleb128 0x4
 785 03b5 15080000 		.4byte	.LASF128
 786 03b9 04       		.byte	0x4
 787 03ba 5F01     		.2byte	0x15f
 788 03bc AC020000 		.4byte	0x2ac
 789 03c0 04       		.uleb128 0x4
 790 03c1 B1110000 		.4byte	.LASF129
 791 03c5 04       		.byte	0x4
 792 03c6 8901     		.2byte	0x189
 793 03c8 77000000 		.4byte	0x77
 794 03cc 0B       		.uleb128 0xb
 795 03cd 02       		.byte	0x2
 796 03ce 04       		.byte	0x4
 797 03cf 9301     		.2byte	0x193
 798 03d1 F0030000 		.4byte	0x3f0
 799 03d5 0C       		.uleb128 0xc
 800 03d6 2C110000 		.4byte	.LASF130
 801 03da 04       		.byte	0x4
 802 03db 9A01     		.2byte	0x19a
ARM GAS  C:\Users\AARONW~1\AppData\Local\Temp\cchbFDwj.s 			page 19


 803 03dd 6B000000 		.4byte	0x6b
 804 03e1 00       		.byte	0
 805 03e2 0C       		.uleb128 0xc
 806 03e3 98080000 		.4byte	.LASF131
 807 03e7 04       		.byte	0x4
 808 03e8 A001     		.2byte	0x1a0
 809 03ea 6B000000 		.4byte	0x6b
 810 03ee 01       		.byte	0x1
 811 03ef 00       		.byte	0
 812 03f0 04       		.uleb128 0x4
 813 03f1 96000000 		.4byte	.LASF132
 814 03f5 04       		.byte	0x4
 815 03f6 A201     		.2byte	0x1a2
 816 03f8 CC030000 		.4byte	0x3cc
 817 03fc 0B       		.uleb128 0xb
 818 03fd 08       		.byte	0x8
 819 03fe 04       		.byte	0x4
 820 03ff BE01     		.2byte	0x1be
 821 0401 2D040000 		.4byte	0x42d
 822 0405 0D       		.uleb128 0xd
 823 0406 76616C00 		.ascii	"val\000"
 824 040a 04       		.byte	0x4
 825 040b C101     		.2byte	0x1c1
 826 040d A6020000 		.4byte	0x2a6
 827 0411 00       		.byte	0
 828 0412 0D       		.uleb128 0xd
 829 0413 6C656E00 		.ascii	"len\000"
 830 0417 04       		.byte	0x4
 831 0418 C401     		.2byte	0x1c4
 832 041a 77000000 		.4byte	0x77
 833 041e 04       		.byte	0x4
 834 041f 0C       		.uleb128 0xc
 835 0420 9B030000 		.4byte	.LASF133
 836 0424 04       		.byte	0x4
 837 0425 CB01     		.2byte	0x1cb
 838 0427 77000000 		.4byte	0x77
 839 042b 06       		.byte	0x6
 840 042c 00       		.byte	0
 841 042d 04       		.uleb128 0x4
 842 042e 0E020000 		.4byte	.LASF134
 843 0432 04       		.byte	0x4
 844 0433 CD01     		.2byte	0x1cd
 845 0435 FC030000 		.4byte	0x3fc
 846 0439 0B       		.uleb128 0xb
 847 043a 0C       		.byte	0xc
 848 043b 04       		.byte	0x4
 849 043c D001     		.2byte	0x1d0
 850 043e 5D040000 		.4byte	0x45d
 851 0442 0C       		.uleb128 0xc
 852 0443 92050000 		.4byte	.LASF135
 853 0447 04       		.byte	0x4
 854 0448 D301     		.2byte	0x1d3
 855 044a 2D040000 		.4byte	0x42d
 856 044e 00       		.byte	0
 857 044f 0C       		.uleb128 0xc
 858 0450 5E050000 		.4byte	.LASF136
 859 0454 04       		.byte	0x4
ARM GAS  C:\Users\AARONW~1\AppData\Local\Temp\cchbFDwj.s 			page 20


 860 0455 D601     		.2byte	0x1d6
 861 0457 C0030000 		.4byte	0x3c0
 862 045b 08       		.byte	0x8
 863 045c 00       		.byte	0
 864 045d 04       		.uleb128 0x4
 865 045e 190B0000 		.4byte	.LASF137
 866 0462 04       		.byte	0x4
 867 0463 D801     		.2byte	0x1d8
 868 0465 39040000 		.4byte	0x439
 869 0469 0B       		.uleb128 0xb
 870 046a 04       		.byte	0x4
 871 046b 04       		.byte	0x4
 872 046c E601     		.2byte	0x1e6
 873 046e 8D040000 		.4byte	0x48d
 874 0472 0C       		.uleb128 0xc
 875 0473 D3000000 		.4byte	.LASF138
 876 0477 04       		.byte	0x4
 877 0478 E901     		.2byte	0x1e9
 878 047a F0030000 		.4byte	0x3f0
 879 047e 00       		.byte	0
 880 047f 0D       		.uleb128 0xd
 881 0480 6D747500 		.ascii	"mtu\000"
 882 0484 04       		.byte	0x4
 883 0485 EC01     		.2byte	0x1ec
 884 0487 77000000 		.4byte	0x77
 885 048b 02       		.byte	0x2
 886 048c 00       		.byte	0
 887 048d 04       		.uleb128 0x4
 888 048e 01070000 		.4byte	.LASF139
 889 0492 04       		.byte	0x4
 890 0493 EE01     		.2byte	0x1ee
 891 0495 69040000 		.4byte	0x469
 892 0499 0E       		.uleb128 0xe
 893 049a 10       		.byte	0x10
 894 049b 05       		.byte	0x5
 895 049c 8A       		.byte	0x8a
 896 049d BA040000 		.4byte	0x4ba
 897 04a1 0F       		.uleb128 0xf
 898 04a2 D3000000 		.4byte	.LASF138
 899 04a6 05       		.byte	0x5
 900 04a7 8D       		.byte	0x8d
 901 04a8 F0030000 		.4byte	0x3f0
 902 04ac 00       		.byte	0
 903 04ad 0F       		.uleb128 0xf
 904 04ae 1B090000 		.4byte	.LASF140
 905 04b2 05       		.byte	0x5
 906 04b3 90       		.byte	0x90
 907 04b4 5D040000 		.4byte	0x45d
 908 04b8 04       		.byte	0x4
 909 04b9 00       		.byte	0
 910 04ba 10       		.uleb128 0x10
 911 04bb CB090000 		.4byte	.LASF141
 912 04bf 05       		.byte	0x5
 913 04c0 92       		.byte	0x92
 914 04c1 99040000 		.4byte	0x499
 915 04c5 07       		.uleb128 0x7
 916 04c6 01       		.byte	0x1
ARM GAS  C:\Users\AARONW~1\AppData\Local\Temp\cchbFDwj.s 			page 21


 917 04c7 06       		.byte	0x6
 918 04c8 5008     		.2byte	0x850
 919 04ca ED040000 		.4byte	0x4ed
 920 04ce 08       		.uleb128 0x8
 921 04cf 3F000000 		.4byte	.LASF142
 922 04d3 00       		.sleb128 0
 923 04d4 08       		.uleb128 0x8
 924 04d5 E9090000 		.4byte	.LASF143
 925 04d9 01       		.sleb128 1
 926 04da 08       		.uleb128 0x8
 927 04db 3D100000 		.4byte	.LASF144
 928 04df 02       		.sleb128 2
 929 04e0 08       		.uleb128 0x8
 930 04e1 37030000 		.4byte	.LASF145
 931 04e5 03       		.sleb128 3
 932 04e6 08       		.uleb128 0x8
 933 04e7 18040000 		.4byte	.LASF146
 934 04eb 04       		.sleb128 4
 935 04ec 00       		.byte	0
 936 04ed 04       		.uleb128 0x4
 937 04ee CD0F0000 		.4byte	.LASF147
 938 04f2 06       		.byte	0x6
 939 04f3 5E08     		.2byte	0x85e
 940 04f5 C5040000 		.4byte	0x4c5
 941 04f9 11       		.uleb128 0x11
 942 04fa 53110000 		.4byte	.LASF161
 943 04fe 01       		.byte	0x1
 944 04ff 28       		.byte	0x28
 945 0500 00000000 		.4byte	.LFB37
 946 0504 6C000000 		.4byte	.LFE37-.LFB37
 947 0508 01       		.uleb128 0x1
 948 0509 9C       		.byte	0x9c
 949 050a 12       		.uleb128 0x12
 950 050b 470A0000 		.4byte	.LASF162
 951 050f 01       		.byte	0x1
 952 0510 5C       		.byte	0x5c
 953 0511 00000000 		.4byte	.LFB38
 954 0515 18010000 		.4byte	.LFE38-.LFB38
 955 0519 01       		.uleb128 0x1
 956 051a 9C       		.byte	0x9c
 957 051b 58050000 		.4byte	0x558
 958 051f 13       		.uleb128 0x13
 959 0520 FB060000 		.4byte	.LASF148
 960 0524 01       		.byte	0x1
 961 0525 5C       		.byte	0x5c
 962 0526 83000000 		.4byte	0x83
 963 052a 02       		.uleb128 0x2
 964 052b 91       		.byte	0x91
 965 052c 64       		.sleb128 -28
 966 052d 13       		.uleb128 0x13
 967 052e C20F0000 		.4byte	.LASF149
 968 0532 01       		.byte	0x1
 969 0533 5C       		.byte	0x5c
 970 0534 C1000000 		.4byte	0xc1
 971 0538 02       		.uleb128 0x2
 972 0539 91       		.byte	0x91
 973 053a 60       		.sleb128 -32
ARM GAS  C:\Users\AARONW~1\AppData\Local\Temp\cchbFDwj.s 			page 22


 974 053b 14       		.uleb128 0x14
 975 053c F0030000 		.4byte	.LASF150
 976 0540 01       		.byte	0x1
 977 0541 5E       		.byte	0x5e
 978 0542 B4030000 		.4byte	0x3b4
 979 0546 02       		.uleb128 0x2
 980 0547 91       		.byte	0x91
 981 0548 6B       		.sleb128 -21
 982 0549 14       		.uleb128 0x14
 983 054a A30B0000 		.4byte	.LASF151
 984 054e 01       		.byte	0x1
 985 054f 5F       		.byte	0x5f
 986 0550 58050000 		.4byte	0x558
 987 0554 02       		.uleb128 0x2
 988 0555 91       		.byte	0x91
 989 0556 6C       		.sleb128 -20
 990 0557 00       		.byte	0
 991 0558 09       		.uleb128 0x9
 992 0559 04       		.byte	0x4
 993 055a BA040000 		.4byte	0x4ba
 994 055e 15       		.uleb128 0x15
 995 055f 4B080000 		.4byte	.LASF152
 996 0563 06       		.byte	0x6
 997 0564 A90A     		.2byte	0xaa9
 998 0566 ED040000 		.4byte	0x4ed
 999 056a 15       		.uleb128 0x15
 1000 056b 1C0A0000 		.4byte	.LASF153
 1001 056f 06       		.byte	0x6
 1002 0570 AA0A     		.2byte	0xaaa
 1003 0572 F0030000 		.4byte	0x3f0
 1004 0576 15       		.uleb128 0x15
 1005 0577 860C0000 		.4byte	.LASF154
 1006 057b 06       		.byte	0x6
 1007 057c AB0A     		.2byte	0xaab
 1008 057e A4000000 		.4byte	0xa4
 1009 0582 16       		.uleb128 0x16
 1010 0583 B10B0000 		.4byte	.LASF155
 1011 0587 01       		.byte	0x1
 1012 0588 11       		.byte	0x11
 1013 0589 77000000 		.4byte	0x77
 1014 058d 05       		.uleb128 0x5
 1015 058e 03       		.byte	0x3
 1016 058f 00000000 		.4byte	mtuSize
 1017 0593 17       		.uleb128 0x17
 1018 0594 6B000000 		.4byte	0x6b
 1019 0598 A3050000 		.4byte	0x5a3
 1020 059c 18       		.uleb128 0x18
 1021 059d BA000000 		.4byte	0xba
 1022 05a1 01       		.byte	0x1
 1023 05a2 00       		.byte	0
 1024 05a3 16       		.uleb128 0x16
 1025 05a4 0E0D0000 		.4byte	.LASF156
 1026 05a8 01       		.byte	0x1
 1027 05a9 13       		.byte	0x13
 1028 05aa 93050000 		.4byte	0x593
 1029 05ae 05       		.uleb128 0x5
 1030 05af 03       		.byte	0x3
ARM GAS  C:\Users\AARONW~1\AppData\Local\Temp\cchbFDwj.s 			page 23


 1031 05b0 00000000 		.4byte	txDataClientConfigDesc
 1032 05b4 16       		.uleb128 0x16
 1033 05b5 250D0000 		.4byte	.LASF157
 1034 05b9 01       		.byte	0x1
 1035 05ba 14       		.byte	0x14
 1036 05bb 5D040000 		.4byte	0x45d
 1037 05bf 05       		.uleb128 0x5
 1038 05c0 03       		.byte	0x3
 1039 05c1 00000000 		.4byte	attrValue
 1040 05c5 00       		.byte	0
 1041              		.section	.debug_abbrev,"",%progbits
 1042              	.Ldebug_abbrev0:
 1043 0000 01       		.uleb128 0x1
 1044 0001 11       		.uleb128 0x11
 1045 0002 01       		.byte	0x1
 1046 0003 25       		.uleb128 0x25
 1047 0004 0E       		.uleb128 0xe
 1048 0005 13       		.uleb128 0x13
 1049 0006 0B       		.uleb128 0xb
 1050 0007 03       		.uleb128 0x3
 1051 0008 0E       		.uleb128 0xe
 1052 0009 1B       		.uleb128 0x1b
 1053 000a 0E       		.uleb128 0xe
 1054 000b 55       		.uleb128 0x55
 1055 000c 17       		.uleb128 0x17
 1056 000d 11       		.uleb128 0x11
 1057 000e 01       		.uleb128 0x1
 1058 000f 10       		.uleb128 0x10
 1059 0010 17       		.uleb128 0x17
 1060 0011 00       		.byte	0
 1061 0012 00       		.byte	0
 1062 0013 02       		.uleb128 0x2
 1063 0014 24       		.uleb128 0x24
 1064 0015 00       		.byte	0
 1065 0016 0B       		.uleb128 0xb
 1066 0017 0B       		.uleb128 0xb
 1067 0018 3E       		.uleb128 0x3e
 1068 0019 0B       		.uleb128 0xb
 1069 001a 03       		.uleb128 0x3
 1070 001b 0E       		.uleb128 0xe
 1071 001c 00       		.byte	0
 1072 001d 00       		.byte	0
 1073 001e 03       		.uleb128 0x3
 1074 001f 24       		.uleb128 0x24
 1075 0020 00       		.byte	0
 1076 0021 0B       		.uleb128 0xb
 1077 0022 0B       		.uleb128 0xb
 1078 0023 3E       		.uleb128 0x3e
 1079 0024 0B       		.uleb128 0xb
 1080 0025 03       		.uleb128 0x3
 1081 0026 08       		.uleb128 0x8
 1082 0027 00       		.byte	0
 1083 0028 00       		.byte	0
 1084 0029 04       		.uleb128 0x4
 1085 002a 16       		.uleb128 0x16
 1086 002b 00       		.byte	0
 1087 002c 03       		.uleb128 0x3
ARM GAS  C:\Users\AARONW~1\AppData\Local\Temp\cchbFDwj.s 			page 24


 1088 002d 0E       		.uleb128 0xe
 1089 002e 3A       		.uleb128 0x3a
 1090 002f 0B       		.uleb128 0xb
 1091 0030 3B       		.uleb128 0x3b
 1092 0031 05       		.uleb128 0x5
 1093 0032 49       		.uleb128 0x49
 1094 0033 13       		.uleb128 0x13
 1095 0034 00       		.byte	0
 1096 0035 00       		.byte	0
 1097 0036 05       		.uleb128 0x5
 1098 0037 35       		.uleb128 0x35
 1099 0038 00       		.byte	0
 1100 0039 49       		.uleb128 0x49
 1101 003a 13       		.uleb128 0x13
 1102 003b 00       		.byte	0
 1103 003c 00       		.byte	0
 1104 003d 06       		.uleb128 0x6
 1105 003e 0F       		.uleb128 0xf
 1106 003f 00       		.byte	0
 1107 0040 0B       		.uleb128 0xb
 1108 0041 0B       		.uleb128 0xb
 1109 0042 00       		.byte	0
 1110 0043 00       		.byte	0
 1111 0044 07       		.uleb128 0x7
 1112 0045 04       		.uleb128 0x4
 1113 0046 01       		.byte	0x1
 1114 0047 0B       		.uleb128 0xb
 1115 0048 0B       		.uleb128 0xb
 1116 0049 3A       		.uleb128 0x3a
 1117 004a 0B       		.uleb128 0xb
 1118 004b 3B       		.uleb128 0x3b
 1119 004c 05       		.uleb128 0x5
 1120 004d 01       		.uleb128 0x1
 1121 004e 13       		.uleb128 0x13
 1122 004f 00       		.byte	0
 1123 0050 00       		.byte	0
 1124 0051 08       		.uleb128 0x8
 1125 0052 28       		.uleb128 0x28
 1126 0053 00       		.byte	0
 1127 0054 03       		.uleb128 0x3
 1128 0055 0E       		.uleb128 0xe
 1129 0056 1C       		.uleb128 0x1c
 1130 0057 0D       		.uleb128 0xd
 1131 0058 00       		.byte	0
 1132 0059 00       		.byte	0
 1133 005a 09       		.uleb128 0x9
 1134 005b 0F       		.uleb128 0xf
 1135 005c 00       		.byte	0
 1136 005d 0B       		.uleb128 0xb
 1137 005e 0B       		.uleb128 0xb
 1138 005f 49       		.uleb128 0x49
 1139 0060 13       		.uleb128 0x13
 1140 0061 00       		.byte	0
 1141 0062 00       		.byte	0
 1142 0063 0A       		.uleb128 0xa
 1143 0064 04       		.uleb128 0x4
 1144 0065 01       		.byte	0x1
ARM GAS  C:\Users\AARONW~1\AppData\Local\Temp\cchbFDwj.s 			page 25


 1145 0066 0B       		.uleb128 0xb
 1146 0067 0B       		.uleb128 0xb
 1147 0068 3A       		.uleb128 0x3a
 1148 0069 0B       		.uleb128 0xb
 1149 006a 3B       		.uleb128 0x3b
 1150 006b 0B       		.uleb128 0xb
 1151 006c 01       		.uleb128 0x1
 1152 006d 13       		.uleb128 0x13
 1153 006e 00       		.byte	0
 1154 006f 00       		.byte	0
 1155 0070 0B       		.uleb128 0xb
 1156 0071 13       		.uleb128 0x13
 1157 0072 01       		.byte	0x1
 1158 0073 0B       		.uleb128 0xb
 1159 0074 0B       		.uleb128 0xb
 1160 0075 3A       		.uleb128 0x3a
 1161 0076 0B       		.uleb128 0xb
 1162 0077 3B       		.uleb128 0x3b
 1163 0078 05       		.uleb128 0x5
 1164 0079 01       		.uleb128 0x1
 1165 007a 13       		.uleb128 0x13
 1166 007b 00       		.byte	0
 1167 007c 00       		.byte	0
 1168 007d 0C       		.uleb128 0xc
 1169 007e 0D       		.uleb128 0xd
 1170 007f 00       		.byte	0
 1171 0080 03       		.uleb128 0x3
 1172 0081 0E       		.uleb128 0xe
 1173 0082 3A       		.uleb128 0x3a
 1174 0083 0B       		.uleb128 0xb
 1175 0084 3B       		.uleb128 0x3b
 1176 0085 05       		.uleb128 0x5
 1177 0086 49       		.uleb128 0x49
 1178 0087 13       		.uleb128 0x13
 1179 0088 38       		.uleb128 0x38
 1180 0089 0B       		.uleb128 0xb
 1181 008a 00       		.byte	0
 1182 008b 00       		.byte	0
 1183 008c 0D       		.uleb128 0xd
 1184 008d 0D       		.uleb128 0xd
 1185 008e 00       		.byte	0
 1186 008f 03       		.uleb128 0x3
 1187 0090 08       		.uleb128 0x8
 1188 0091 3A       		.uleb128 0x3a
 1189 0092 0B       		.uleb128 0xb
 1190 0093 3B       		.uleb128 0x3b
 1191 0094 05       		.uleb128 0x5
 1192 0095 49       		.uleb128 0x49
 1193 0096 13       		.uleb128 0x13
 1194 0097 38       		.uleb128 0x38
 1195 0098 0B       		.uleb128 0xb
 1196 0099 00       		.byte	0
 1197 009a 00       		.byte	0
 1198 009b 0E       		.uleb128 0xe
 1199 009c 13       		.uleb128 0x13
 1200 009d 01       		.byte	0x1
 1201 009e 0B       		.uleb128 0xb
ARM GAS  C:\Users\AARONW~1\AppData\Local\Temp\cchbFDwj.s 			page 26


 1202 009f 0B       		.uleb128 0xb
 1203 00a0 3A       		.uleb128 0x3a
 1204 00a1 0B       		.uleb128 0xb
 1205 00a2 3B       		.uleb128 0x3b
 1206 00a3 0B       		.uleb128 0xb
 1207 00a4 01       		.uleb128 0x1
 1208 00a5 13       		.uleb128 0x13
 1209 00a6 00       		.byte	0
 1210 00a7 00       		.byte	0
 1211 00a8 0F       		.uleb128 0xf
 1212 00a9 0D       		.uleb128 0xd
 1213 00aa 00       		.byte	0
 1214 00ab 03       		.uleb128 0x3
 1215 00ac 0E       		.uleb128 0xe
 1216 00ad 3A       		.uleb128 0x3a
 1217 00ae 0B       		.uleb128 0xb
 1218 00af 3B       		.uleb128 0x3b
 1219 00b0 0B       		.uleb128 0xb
 1220 00b1 49       		.uleb128 0x49
 1221 00b2 13       		.uleb128 0x13
 1222 00b3 38       		.uleb128 0x38
 1223 00b4 0B       		.uleb128 0xb
 1224 00b5 00       		.byte	0
 1225 00b6 00       		.byte	0
 1226 00b7 10       		.uleb128 0x10
 1227 00b8 16       		.uleb128 0x16
 1228 00b9 00       		.byte	0
 1229 00ba 03       		.uleb128 0x3
 1230 00bb 0E       		.uleb128 0xe
 1231 00bc 3A       		.uleb128 0x3a
 1232 00bd 0B       		.uleb128 0xb
 1233 00be 3B       		.uleb128 0x3b
 1234 00bf 0B       		.uleb128 0xb
 1235 00c0 49       		.uleb128 0x49
 1236 00c1 13       		.uleb128 0x13
 1237 00c2 00       		.byte	0
 1238 00c3 00       		.byte	0
 1239 00c4 11       		.uleb128 0x11
 1240 00c5 2E       		.uleb128 0x2e
 1241 00c6 00       		.byte	0
 1242 00c7 3F       		.uleb128 0x3f
 1243 00c8 19       		.uleb128 0x19
 1244 00c9 03       		.uleb128 0x3
 1245 00ca 0E       		.uleb128 0xe
 1246 00cb 3A       		.uleb128 0x3a
 1247 00cc 0B       		.uleb128 0xb
 1248 00cd 3B       		.uleb128 0x3b
 1249 00ce 0B       		.uleb128 0xb
 1250 00cf 27       		.uleb128 0x27
 1251 00d0 19       		.uleb128 0x19
 1252 00d1 11       		.uleb128 0x11
 1253 00d2 01       		.uleb128 0x1
 1254 00d3 12       		.uleb128 0x12
 1255 00d4 06       		.uleb128 0x6
 1256 00d5 40       		.uleb128 0x40
 1257 00d6 18       		.uleb128 0x18
 1258 00d7 9642     		.uleb128 0x2116
ARM GAS  C:\Users\AARONW~1\AppData\Local\Temp\cchbFDwj.s 			page 27


 1259 00d9 19       		.uleb128 0x19
 1260 00da 00       		.byte	0
 1261 00db 00       		.byte	0
 1262 00dc 12       		.uleb128 0x12
 1263 00dd 2E       		.uleb128 0x2e
 1264 00de 01       		.byte	0x1
 1265 00df 3F       		.uleb128 0x3f
 1266 00e0 19       		.uleb128 0x19
 1267 00e1 03       		.uleb128 0x3
 1268 00e2 0E       		.uleb128 0xe
 1269 00e3 3A       		.uleb128 0x3a
 1270 00e4 0B       		.uleb128 0xb
 1271 00e5 3B       		.uleb128 0x3b
 1272 00e6 0B       		.uleb128 0xb
 1273 00e7 27       		.uleb128 0x27
 1274 00e8 19       		.uleb128 0x19
 1275 00e9 11       		.uleb128 0x11
 1276 00ea 01       		.uleb128 0x1
 1277 00eb 12       		.uleb128 0x12
 1278 00ec 06       		.uleb128 0x6
 1279 00ed 40       		.uleb128 0x40
 1280 00ee 18       		.uleb128 0x18
 1281 00ef 9642     		.uleb128 0x2116
 1282 00f1 19       		.uleb128 0x19
 1283 00f2 01       		.uleb128 0x1
 1284 00f3 13       		.uleb128 0x13
 1285 00f4 00       		.byte	0
 1286 00f5 00       		.byte	0
 1287 00f6 13       		.uleb128 0x13
 1288 00f7 05       		.uleb128 0x5
 1289 00f8 00       		.byte	0
 1290 00f9 03       		.uleb128 0x3
 1291 00fa 0E       		.uleb128 0xe
 1292 00fb 3A       		.uleb128 0x3a
 1293 00fc 0B       		.uleb128 0xb
 1294 00fd 3B       		.uleb128 0x3b
 1295 00fe 0B       		.uleb128 0xb
 1296 00ff 49       		.uleb128 0x49
 1297 0100 13       		.uleb128 0x13
 1298 0101 02       		.uleb128 0x2
 1299 0102 18       		.uleb128 0x18
 1300 0103 00       		.byte	0
 1301 0104 00       		.byte	0
 1302 0105 14       		.uleb128 0x14
 1303 0106 34       		.uleb128 0x34
 1304 0107 00       		.byte	0
 1305 0108 03       		.uleb128 0x3
 1306 0109 0E       		.uleb128 0xe
 1307 010a 3A       		.uleb128 0x3a
 1308 010b 0B       		.uleb128 0xb
 1309 010c 3B       		.uleb128 0x3b
 1310 010d 0B       		.uleb128 0xb
 1311 010e 49       		.uleb128 0x49
 1312 010f 13       		.uleb128 0x13
 1313 0110 02       		.uleb128 0x2
 1314 0111 18       		.uleb128 0x18
 1315 0112 00       		.byte	0
ARM GAS  C:\Users\AARONW~1\AppData\Local\Temp\cchbFDwj.s 			page 28


 1316 0113 00       		.byte	0
 1317 0114 15       		.uleb128 0x15
 1318 0115 34       		.uleb128 0x34
 1319 0116 00       		.byte	0
 1320 0117 03       		.uleb128 0x3
 1321 0118 0E       		.uleb128 0xe
 1322 0119 3A       		.uleb128 0x3a
 1323 011a 0B       		.uleb128 0xb
 1324 011b 3B       		.uleb128 0x3b
 1325 011c 05       		.uleb128 0x5
 1326 011d 49       		.uleb128 0x49
 1327 011e 13       		.uleb128 0x13
 1328 011f 3F       		.uleb128 0x3f
 1329 0120 19       		.uleb128 0x19
 1330 0121 3C       		.uleb128 0x3c
 1331 0122 19       		.uleb128 0x19
 1332 0123 00       		.byte	0
 1333 0124 00       		.byte	0
 1334 0125 16       		.uleb128 0x16
 1335 0126 34       		.uleb128 0x34
 1336 0127 00       		.byte	0
 1337 0128 03       		.uleb128 0x3
 1338 0129 0E       		.uleb128 0xe
 1339 012a 3A       		.uleb128 0x3a
 1340 012b 0B       		.uleb128 0xb
 1341 012c 3B       		.uleb128 0x3b
 1342 012d 0B       		.uleb128 0xb
 1343 012e 49       		.uleb128 0x49
 1344 012f 13       		.uleb128 0x13
 1345 0130 3F       		.uleb128 0x3f
 1346 0131 19       		.uleb128 0x19
 1347 0132 02       		.uleb128 0x2
 1348 0133 18       		.uleb128 0x18
 1349 0134 00       		.byte	0
 1350 0135 00       		.byte	0
 1351 0136 17       		.uleb128 0x17
 1352 0137 01       		.uleb128 0x1
 1353 0138 01       		.byte	0x1
 1354 0139 49       		.uleb128 0x49
 1355 013a 13       		.uleb128 0x13
 1356 013b 01       		.uleb128 0x1
 1357 013c 13       		.uleb128 0x13
 1358 013d 00       		.byte	0
 1359 013e 00       		.byte	0
 1360 013f 18       		.uleb128 0x18
 1361 0140 21       		.uleb128 0x21
 1362 0141 00       		.byte	0
 1363 0142 49       		.uleb128 0x49
 1364 0143 13       		.uleb128 0x13
 1365 0144 2F       		.uleb128 0x2f
 1366 0145 0B       		.uleb128 0xb
 1367 0146 00       		.byte	0
 1368 0147 00       		.byte	0
 1369 0148 00       		.byte	0
 1370              		.section	.debug_aranges,"",%progbits
 1371 0000 24000000 		.4byte	0x24
 1372 0004 0200     		.2byte	0x2
ARM GAS  C:\Users\AARONW~1\AppData\Local\Temp\cchbFDwj.s 			page 29


 1373 0006 00000000 		.4byte	.Ldebug_info0
 1374 000a 04       		.byte	0x4
 1375 000b 00       		.byte	0
 1376 000c 0000     		.2byte	0
 1377 000e 0000     		.2byte	0
 1378 0010 00000000 		.4byte	.LFB37
 1379 0014 6C000000 		.4byte	.LFE37-.LFB37
 1380 0018 00000000 		.4byte	.LFB38
 1381 001c 18010000 		.4byte	.LFE38-.LFB38
 1382 0020 00000000 		.4byte	0
 1383 0024 00000000 		.4byte	0
 1384              		.section	.debug_ranges,"",%progbits
 1385              	.Ldebug_ranges0:
 1386 0000 00000000 		.4byte	.LFB37
 1387 0004 6C000000 		.4byte	.LFE37
 1388 0008 00000000 		.4byte	.LFB38
 1389 000c 18010000 		.4byte	.LFE38
 1390 0010 00000000 		.4byte	0
 1391 0014 00000000 		.4byte	0
 1392              		.section	.debug_line,"",%progbits
 1393              	.Ldebug_line0:
 1394 0000 12010000 		.section	.debug_str,"MS",%progbits,1
 1394      02009500 
 1394      00000201 
 1394      FB0E0D00 
 1394      01010101 
 1395              	.LASF81:
 1396 0000 4359424C 		.ascii	"CYBLE_EVT_L2CAP_CBFC_RX_CREDIT_IND\000"
 1396      455F4556 
 1396      545F4C32 
 1396      4341505F 
 1396      43424643 
 1397              	.LASF22:
 1398 0023 4359424C 		.ascii	"CYBLE_EVT_STACK_BUSY_STATUS\000"
 1398      455F4556 
 1398      545F5354 
 1398      41434B5F 
 1398      42555359 
 1399              	.LASF142:
 1400 003f 4359424C 		.ascii	"CYBLE_STATE_STOPPED\000"
 1400      455F5354 
 1400      4154455F 
 1400      53544F50 
 1400      50454400 
 1401              	.LASF118:
 1402 0053 4359424C 		.ascii	"CYBLE_GATTS_ERR_HPS_INVALID_REQUEST\000"
 1402      455F4741 
 1402      5454535F 
 1402      4552525F 
 1402      4850535F 
 1403              	.LASF80:
 1404 0077 4359424C 		.ascii	"CYBLE_EVT_L2CAP_CBFC_DATA_READ\000"
 1404      455F4556 
 1404      545F4C32 
 1404      4341505F 
 1404      43424643 
 1405              	.LASF132:
ARM GAS  C:\Users\AARONW~1\AppData\Local\Temp\cchbFDwj.s 			page 30


 1406 0096 4359424C 		.ascii	"CYBLE_CONN_HANDLE_T\000"
 1406      455F434F 
 1406      4E4E5F48 
 1406      414E444C 
 1406      455F5400 
 1407              	.LASF101:
 1408 00aa 4359424C 		.ascii	"CYBLE_GATT_ERR_INSUFFICIENT_ENC_KEY_SIZE\000"
 1408      455F4741 
 1408      54545F45 
 1408      52525F49 
 1408      4E535546 
 1409              	.LASF138:
 1410 00d3 636F6E6E 		.ascii	"connHandle\000"
 1410      48616E64 
 1410      6C6500
 1411              	.LASF95:
 1412 00de 4359424C 		.ascii	"CYBLE_GATT_ERR_REQUEST_NOT_SUPPORTED\000"
 1412      455F4741 
 1412      54545F45 
 1412      52525F52 
 1412      45515545 
 1413              	.LASF90:
 1414 0103 4359424C 		.ascii	"CYBLE_GATT_ERR_INVALID_HANDLE\000"
 1414      455F4741 
 1414      54545F45 
 1414      52525F49 
 1414      4E56414C 
 1415              	.LASF34:
 1416 0121 4359424C 		.ascii	"CYBLE_EVT_GAP_CONNECTION_UPDATE_COMPLETE\000"
 1416      455F4556 
 1416      545F4741 
 1416      505F434F 
 1416      4E4E4543 
 1417              	.LASF79:
 1418 014a 4359424C 		.ascii	"CYBLE_EVT_L2CAP_CBFC_DISCONN_CNF\000"
 1418      455F4556 
 1418      545F4C32 
 1418      4341505F 
 1418      43424643 
 1419              	.LASF39:
 1420 016b 4359424C 		.ascii	"CYBLE_EVT_GAP_OOB_GENERATED_NOTIFICATION\000"
 1420      455F4556 
 1420      545F4741 
 1420      505F4F4F 
 1420      425F4745 
 1421              	.LASF159:
 1422 0194 6170705F 		.ascii	"app_Ble.c\000"
 1422      426C652E 
 1422      6300
 1423              	.LASF59:
 1424 019e 4359424C 		.ascii	"CYBLE_EVT_GATTC_READ_MULTI_RSP\000"
 1424      455F4556 
 1424      545F4741 
 1424      5454435F 
 1424      52454144 
 1425              	.LASF64:
 1426 01bd 4359424C 		.ascii	"CYBLE_EVT_GATTS_EXEC_WRITE_REQ\000"
ARM GAS  C:\Users\AARONW~1\AppData\Local\Temp\cchbFDwj.s 			page 31


 1426      455F4556 
 1426      545F4741 
 1426      5454535F 
 1426      45584543 
 1427              	.LASF19:
 1428 01dc 4359424C 		.ascii	"CYBLE_EVT_TIMEOUT\000"
 1428      455F4556 
 1428      545F5449 
 1428      4D454F55 
 1428      5400
 1429              	.LASF4:
 1430 01ee 6C6F6E67 		.ascii	"long int\000"
 1430      20696E74 
 1430      00
 1431              	.LASF7:
 1432 01f7 6C6F6E67 		.ascii	"long long unsigned int\000"
 1432      206C6F6E 
 1432      6720756E 
 1432      7369676E 
 1432      65642069 
 1433              	.LASF134:
 1434 020e 4359424C 		.ascii	"CYBLE_GATT_VALUE_T\000"
 1434      455F4741 
 1434      54545F56 
 1434      414C5545 
 1434      5F5400
 1435              	.LASF21:
 1436 0221 4359424C 		.ascii	"CYBLE_EVT_HCI_STATUS\000"
 1436      455F4556 
 1436      545F4843 
 1436      495F5354 
 1436      41545553 
 1437              	.LASF116:
 1438 0236 4359424C 		.ascii	"CYBLE_GATTS_ERR_OPERATION_FAILED\000"
 1438      455F4741 
 1438      5454535F 
 1438      4552525F 
 1438      4F504552 
 1439              	.LASF122:
 1440 0257 4359424C 		.ascii	"CYBLE_GATT_ERR_ANCS_INVALID_COMMAND\000"
 1440      455F4741 
 1440      54545F45 
 1440      52525F41 
 1440      4E43535F 
 1441              	.LASF73:
 1442 027b 4359424C 		.ascii	"CYBLE_EVT_L2CAP_CONN_PARAM_UPDATE_REQ\000"
 1442      455F4556 
 1442      545F4C32 
 1442      4341505F 
 1442      434F4E4E 
 1443              	.LASF33:
 1444 02a1 4359424C 		.ascii	"CYBLE_EVT_GAP_ENCRYPT_CHANGE\000"
 1444      455F4556 
 1444      545F4741 
 1444      505F454E 
 1444      43525950 
 1445              	.LASF37:
ARM GAS  C:\Users\AARONW~1\AppData\Local\Temp\cchbFDwj.s 			page 32


 1446 02be 4359424C 		.ascii	"CYBLE_EVT_GAP_NUMERIC_COMPARISON_REQUEST\000"
 1446      455F4556 
 1446      545F4741 
 1446      505F4E55 
 1446      4D455249 
 1447              	.LASF113:
 1448 02e7 4359424C 		.ascii	"CYBLE_GATT_ERR_OP_CODE_NOT_SUPPORTED\000"
 1448      455F4741 
 1448      54545F45 
 1448      52525F4F 
 1448      505F434F 
 1449              	.LASF94:
 1450 030c 4359424C 		.ascii	"CYBLE_GATT_ERR_INSUFFICIENT_AUTHENTICATION\000"
 1450      455F4741 
 1450      54545F45 
 1450      52525F49 
 1450      4E535546 
 1451              	.LASF145:
 1452 0337 4359424C 		.ascii	"CYBLE_STATE_ADVERTISING\000"
 1452      455F5354 
 1452      4154455F 
 1452      41445645 
 1452      52544953 
 1453              	.LASF6:
 1454 034f 6C6F6E67 		.ascii	"long long int\000"
 1454      206C6F6E 
 1454      6720696E 
 1454      7400
 1455              	.LASF0:
 1456 035d 7369676E 		.ascii	"signed char\000"
 1456      65642063 
 1456      68617200 
 1457              	.LASF18:
 1458 0369 4359424C 		.ascii	"CYBLE_EVT_STACK_ON\000"
 1458      455F4556 
 1458      545F5354 
 1458      41434B5F 
 1458      4F4E00
 1459              	.LASF35:
 1460 037c 4359424C 		.ascii	"CYBLE_EVT_GAPC_SCAN_START_STOP\000"
 1460      455F4556 
 1460      545F4741 
 1460      50435F53 
 1460      43414E5F 
 1461              	.LASF133:
 1462 039b 61637475 		.ascii	"actualLen\000"
 1462      616C4C65 
 1462      6E00
 1463              	.LASF25:
 1464 03a5 4359424C 		.ascii	"CYBLE_EVT_GAP_AUTH_REQ\000"
 1464      455F4556 
 1464      545F4741 
 1464      505F4155 
 1464      54485F52 
 1465              	.LASF57:
 1466 03bc 4359424C 		.ascii	"CYBLE_EVT_GATTC_READ_RSP\000"
 1466      455F4556 
ARM GAS  C:\Users\AARONW~1\AppData\Local\Temp\cchbFDwj.s 			page 33


 1466      545F4741 
 1466      5454435F 
 1466      52454144 
 1467              	.LASF93:
 1468 03d5 4359424C 		.ascii	"CYBLE_GATT_ERR_INVALID_PDU\000"
 1468      455F4741 
 1468      54545F45 
 1468      52525F49 
 1468      4E56414C 
 1469              	.LASF150:
 1470 03f0 6572726F 		.ascii	"errorCode\000"
 1470      72436F64 
 1470      6500
 1471              	.LASF62:
 1472 03fa 4359424C 		.ascii	"CYBLE_EVT_GATTS_WRITE_CMD_REQ\000"
 1472      455F4556 
 1472      545F4741 
 1472      5454535F 
 1472      57524954 
 1473              	.LASF146:
 1474 0418 4359424C 		.ascii	"CYBLE_STATE_DISCONNECTED\000"
 1474      455F5354 
 1474      4154455F 
 1474      44495343 
 1474      4F4E4E45 
 1475              	.LASF30:
 1476 0431 4359424C 		.ascii	"CYBLE_EVT_GAPP_ADVERTISEMENT_START_STOP\000"
 1476      455F4556 
 1476      545F4741 
 1476      50505F41 
 1476      44564552 
 1477              	.LASF9:
 1478 0459 75696E74 		.ascii	"uint8\000"
 1478      3800
 1479              	.LASF65:
 1480 045f 4359424C 		.ascii	"CYBLE_EVT_GATTC_EXEC_WRITE_RSP\000"
 1480      455F4556 
 1480      545F4741 
 1480      5454435F 
 1480      45584543 
 1481              	.LASF13:
 1482 047e 646F7562 		.ascii	"double\000"
 1482      6C6500
 1483              	.LASF78:
 1484 0485 4359424C 		.ascii	"CYBLE_EVT_L2CAP_CBFC_DISCONN_IND\000"
 1484      455F4556 
 1484      545F4C32 
 1484      4341505F 
 1484      43424643 
 1485              	.LASF105:
 1486 04a6 4359424C 		.ascii	"CYBLE_GATT_ERR_UNSUPPORTED_GROUP_TYPE\000"
 1486      455F4741 
 1486      54545F45 
 1486      52525F55 
 1486      4E535550 
 1487              	.LASF11:
 1488 04cc 75696E74 		.ascii	"uint32\000"
ARM GAS  C:\Users\AARONW~1\AppData\Local\Temp\cchbFDwj.s 			page 34


 1488      333200
 1489              	.LASF92:
 1490 04d3 4359424C 		.ascii	"CYBLE_GATT_ERR_WRITE_NOT_PERMITTED\000"
 1490      455F4741 
 1490      54545F45 
 1490      52525F57 
 1490      52495445 
 1491              	.LASF88:
 1492 04f6 4359424C 		.ascii	"CYBLE_EVT_MAX\000"
 1492      455F4556 
 1492      545F4D41 
 1492      5800
 1493              	.LASF89:
 1494 0504 4359424C 		.ascii	"CYBLE_GATT_ERR_NONE\000"
 1494      455F4741 
 1494      54545F45 
 1494      52525F4E 
 1494      4F4E4500 
 1495              	.LASF91:
 1496 0518 4359424C 		.ascii	"CYBLE_GATT_ERR_READ_NOT_PERMITTED\000"
 1496      455F4741 
 1496      54545F45 
 1496      52525F52 
 1496      4541445F 
 1497              	.LASF83:
 1498 053a 4359424C 		.ascii	"CYBLE_EVT_L2CAP_CBFC_DATA_WRITE_IND\000"
 1498      455F4556 
 1498      545F4C32 
 1498      4341505F 
 1498      43424643 
 1499              	.LASF136:
 1500 055e 61747472 		.ascii	"attrHandle\000"
 1500      48616E64 
 1500      6C6500
 1501              	.LASF120:
 1502 0569 4359424C 		.ascii	"CYBLE_GATT_ERR_ANS_COMMAND_NOT_SUPPORTED\000"
 1502      455F4741 
 1502      54545F45 
 1502      52525F41 
 1502      4E535F43 
 1503              	.LASF135:
 1504 0592 76616C75 		.ascii	"value\000"
 1504      6500
 1505              	.LASF70:
 1506 0598 4359424C 		.ascii	"CYBLE_EVT_GATTC_STOP_CMD_COMPLETE\000"
 1506      455F4556 
 1506      545F4741 
 1506      5454435F 
 1506      53544F50 
 1507              	.LASF8:
 1508 05ba 756E7369 		.ascii	"unsigned int\000"
 1508      676E6564 
 1508      20696E74 
 1508      00
 1509              	.LASF85:
 1510 05c7 4359424C 		.ascii	"CYBLE_EVT_LE_PING_AUTH_TIMEOUT\000"
 1510      455F4556 
ARM GAS  C:\Users\AARONW~1\AppData\Local\Temp\cchbFDwj.s 			page 35


 1510      545F4C45 
 1510      5F50494E 
 1510      475F4155 
 1511              	.LASF117:
 1512 05e6 4359424C 		.ascii	"CYBLE_GATT_ERR_INVALID_CRC\000"
 1512      455F4741 
 1512      54545F45 
 1512      52525F49 
 1512      4E56414C 
 1513              	.LASF112:
 1514 0601 4359424C 		.ascii	"CYBLE_GATTS_ERR_PROCEDURE_ALREADY_IN_PROGRESS\000"
 1514      455F4741 
 1514      5454535F 
 1514      4552525F 
 1514      50524F43 
 1515              	.LASF5:
 1516 062f 6C6F6E67 		.ascii	"long unsigned int\000"
 1516      20756E73 
 1516      69676E65 
 1516      6420696E 
 1516      7400
 1517              	.LASF44:
 1518 0641 4359424C 		.ascii	"CYBLE_EVT_GAP_CONN_ESTB\000"
 1518      455F4556 
 1518      545F4741 
 1518      505F434F 
 1518      4E4E5F45 
 1519              	.LASF99:
 1520 0659 4359424C 		.ascii	"CYBLE_GATT_ERR_ATTRIBUTE_NOT_FOUND\000"
 1520      455F4741 
 1520      54545F45 
 1520      52525F41 
 1520      54545249 
 1521              	.LASF60:
 1522 067c 4359424C 		.ascii	"CYBLE_EVT_GATTS_WRITE_REQ\000"
 1522      455F4556 
 1522      545F4741 
 1522      5454535F 
 1522      57524954 
 1523              	.LASF52:
 1524 0696 4359424C 		.ascii	"CYBLE_EVT_GATTC_XCHNG_MTU_RSP\000"
 1524      455F4556 
 1524      545F4741 
 1524      5454435F 
 1524      5843484E 
 1525              	.LASF69:
 1526 06b4 4359424C 		.ascii	"CYBLE_EVT_GATTS_DATA_SIGNED_CMD_REQ\000"
 1526      455F4556 
 1526      545F4741 
 1526      5454535F 
 1526      44415441 
 1527              	.LASF72:
 1528 06d8 4359424C 		.ascii	"CYBLE_EVT_GATTC_LONG_PROCEDURE_END\000"
 1528      455F4556 
 1528      545F4741 
 1528      5454435F 
 1528      4C4F4E47 
ARM GAS  C:\Users\AARONW~1\AppData\Local\Temp\cchbFDwj.s 			page 36


 1529              	.LASF148:
 1530 06fb 6576656E 		.ascii	"event\000"
 1530      7400
 1531              	.LASF139:
 1532 0701 4359424C 		.ascii	"CYBLE_GATT_XCHG_MTU_PARAM_T\000"
 1532      455F4741 
 1532      54545F58 
 1532      4348475F 
 1532      4D54555F 
 1533              	.LASF100:
 1534 071d 4359424C 		.ascii	"CYBLE_GATT_ERR_ATTRIBUTE_NOT_LONG\000"
 1534      455F4741 
 1534      54545F45 
 1534      52525F41 
 1534      54545249 
 1535              	.LASF17:
 1536 073f 4359424C 		.ascii	"CYBLE_EVT_HOST_INVALID\000"
 1536      455F4556 
 1536      545F484F 
 1536      53545F49 
 1536      4E56414C 
 1537              	.LASF55:
 1538 0756 4359424C 		.ascii	"CYBLE_EVT_GATTC_FIND_INFO_RSP\000"
 1538      455F4556 
 1538      545F4741 
 1538      5454435F 
 1538      46494E44 
 1539              	.LASF23:
 1540 0774 4359424C 		.ascii	"CYBLE_EVT_MEMORY_REQUEST\000"
 1540      455F4556 
 1540      545F4D45 
 1540      4D4F5259 
 1540      5F524551 
 1541              	.LASF121:
 1542 078d 4359424C 		.ascii	"CYBLE_GATT_ERR_ANCS_UNKNOWN_COMMAND\000"
 1542      455F4741 
 1542      54545F45 
 1542      52525F41 
 1542      4E43535F 
 1543              	.LASF26:
 1544 07b1 4359424C 		.ascii	"CYBLE_EVT_GAP_PASSKEY_ENTRY_REQUEST\000"
 1544      455F4556 
 1544      545F4741 
 1544      505F5041 
 1544      53534B45 
 1545              	.LASF31:
 1546 07d5 4359424C 		.ascii	"CYBLE_EVT_GAP_DEVICE_CONNECTED\000"
 1546      455F4556 
 1546      545F4741 
 1546      505F4445 
 1546      56494345 
 1547              	.LASF46:
 1548 07f4 4359424C 		.ascii	"CYBLE_EVT_GAP_AUTH_REQ_REPLY_ERR\000"
 1548      455F4556 
 1548      545F4741 
 1548      505F4155 
 1548      54485F52 
ARM GAS  C:\Users\AARONW~1\AppData\Local\Temp\cchbFDwj.s 			page 37


 1549              	.LASF128:
 1550 0815 4359424C 		.ascii	"CYBLE_GATT_ERR_CODE_T\000"
 1550      455F4741 
 1550      54545F45 
 1550      52525F43 
 1550      4F44455F 
 1551              	.LASF111:
 1552 082b 4359424C 		.ascii	"CYBLE_GATT_ERR_HTS_OUT_OF_RANGE\000"
 1552      455F4741 
 1552      54545F45 
 1552      52525F48 
 1552      54535F4F 
 1553              	.LASF152:
 1554 084b 6379426C 		.ascii	"cyBle_state\000"
 1554      655F7374 
 1554      61746500 
 1555              	.LASF27:
 1556 0857 4359424C 		.ascii	"CYBLE_EVT_GAP_PASSKEY_DISPLAY_REQUEST\000"
 1556      455F4556 
 1556      545F4741 
 1556      505F5041 
 1556      53534B45 
 1557              	.LASF49:
 1558 087d 4359424C 		.ascii	"CYBLE_EVT_GATT_CONNECT_IND\000"
 1558      455F4556 
 1558      545F4741 
 1558      54545F43 
 1558      4F4E4E45 
 1559              	.LASF131:
 1560 0898 61747449 		.ascii	"attId\000"
 1560      6400
 1561              	.LASF75:
 1562 089e 4359424C 		.ascii	"CYBLE_EVT_L2CAP_COMMAND_REJ\000"
 1562      455F4556 
 1562      545F4C32 
 1562      4341505F 
 1562      434F4D4D 
 1563              	.LASF110:
 1564 08ba 4359424C 		.ascii	"CYBLE_GATT_ERR_CPS_INAPPROPRIATE_CONNECTION_PARAMET"
 1564      455F4741 
 1564      54545F45 
 1564      52525F43 
 1564      50535F49 
 1565 08ed 45525300 		.ascii	"ERS\000"
 1566              	.LASF15:
 1567 08f1 72656733 		.ascii	"reg32\000"
 1567      3200
 1568              	.LASF24:
 1569 08f7 4359424C 		.ascii	"CYBLE_EVT_GAPC_SCAN_PROGRESS_RESULT\000"
 1569      455F4556 
 1569      545F4741 
 1569      50435F53 
 1569      43414E5F 
 1570              	.LASF140:
 1571 091b 68616E64 		.ascii	"handleValPair\000"
 1571      6C655661 
 1571      6C506169 
ARM GAS  C:\Users\AARONW~1\AppData\Local\Temp\cchbFDwj.s 			page 38


 1571      7200
 1572              	.LASF47:
 1573 0929 4359424C 		.ascii	"CYBLE_EVT_GAP_SMP_LOC_P256_KEYS_GEN_AND_SET_COMPLET"
 1573      455F4556 
 1573      545F4741 
 1573      505F534D 
 1573      505F4C4F 
 1574 095c 4500     		.ascii	"E\000"
 1575              	.LASF76:
 1576 095e 4359424C 		.ascii	"CYBLE_EVT_L2CAP_CBFC_CONN_IND\000"
 1576      455F4556 
 1576      545F4C32 
 1576      4341505F 
 1576      43424643 
 1577              	.LASF54:
 1578 097c 4359424C 		.ascii	"CYBLE_EVT_GATTC_READ_BY_TYPE_RSP\000"
 1578      455F4556 
 1578      545F4741 
 1578      5454435F 
 1578      52454144 
 1579              	.LASF16:
 1580 099d 73697A65 		.ascii	"sizetype\000"
 1580      74797065 
 1580      00
 1581              	.LASF106:
 1582 09a6 4359424C 		.ascii	"CYBLE_GATT_ERR_INSUFFICIENT_RESOURCE\000"
 1582      455F4741 
 1582      54545F45 
 1582      52525F49 
 1582      4E535546 
 1583              	.LASF141:
 1584 09cb 4359424C 		.ascii	"CYBLE_GATTS_WRITE_REQ_PARAM_T\000"
 1584      455F4741 
 1584      5454535F 
 1584      57524954 
 1584      455F5245 
 1585              	.LASF143:
 1586 09e9 4359424C 		.ascii	"CYBLE_STATE_INITIALIZING\000"
 1586      455F5354 
 1586      4154455F 
 1586      494E4954 
 1586      49414C49 
 1587              	.LASF29:
 1588 0a02 4359424C 		.ascii	"CYBLE_EVT_GAP_AUTH_FAILED\000"
 1588      455F4556 
 1588      545F4741 
 1588      505F4155 
 1588      54485F46 
 1589              	.LASF153:
 1590 0a1c 6379426C 		.ascii	"cyBle_connHandle\000"
 1590      655F636F 
 1590      6E6E4861 
 1590      6E646C65 
 1590      00
 1591              	.LASF61:
 1592 0a2d 4359424C 		.ascii	"CYBLE_EVT_GATTC_WRITE_RSP\000"
 1592      455F4556 
ARM GAS  C:\Users\AARONW~1\AppData\Local\Temp\cchbFDwj.s 			page 39


 1592      545F4741 
 1592      5454435F 
 1592      57524954 
 1593              	.LASF162:
 1594 0a47 41707043 		.ascii	"AppCallBack\000"
 1594      616C6C42 
 1594      61636B00 
 1595              	.LASF42:
 1596 0a53 4359424C 		.ascii	"CYBLE_EVT_GAPC_DIRECT_ADV_REPORT\000"
 1596      455F4556 
 1596      545F4741 
 1596      50435F44 
 1596      49524543 
 1597              	.LASF40:
 1598 0a74 4359424C 		.ascii	"CYBLE_EVT_GAP_DATA_LENGTH_CHANGE\000"
 1598      455F4556 
 1598      545F4741 
 1598      505F4441 
 1598      54415F4C 
 1599              	.LASF45:
 1600 0a95 4359424C 		.ascii	"CYBLE_EVT_GAP_SCAN_REQ_RECVD\000"
 1600      455F4556 
 1600      545F4741 
 1600      505F5343 
 1600      414E5F52 
 1601              	.LASF97:
 1602 0ab2 4359424C 		.ascii	"CYBLE_GATT_ERR_INSUFFICIENT_AUTHORIZATION\000"
 1602      455F4741 
 1602      54545F45 
 1602      52525F49 
 1602      4E535546 
 1603              	.LASF28:
 1604 0adc 4359424C 		.ascii	"CYBLE_EVT_GAP_AUTH_COMPLETE\000"
 1604      455F4556 
 1604      545F4741 
 1604      505F4155 
 1604      54485F43 
 1605              	.LASF66:
 1606 0af8 4359424C 		.ascii	"CYBLE_EVT_GATTC_HANDLE_VALUE_NTF\000"
 1606      455F4556 
 1606      545F4741 
 1606      5454435F 
 1606      48414E44 
 1607              	.LASF137:
 1608 0b19 4359424C 		.ascii	"CYBLE_GATT_HANDLE_VALUE_PAIR_T\000"
 1608      455F4741 
 1608      54545F48 
 1608      414E444C 
 1608      455F5641 
 1609              	.LASF77:
 1610 0b38 4359424C 		.ascii	"CYBLE_EVT_L2CAP_CBFC_CONN_CNF\000"
 1610      455F4556 
 1610      545F4C32 
 1610      4341505F 
 1610      43424643 
 1611              	.LASF123:
 1612 0b56 4359424C 		.ascii	"CYBLE_GATT_ERR_ANCS_INVALID_PARAMETER\000"
ARM GAS  C:\Users\AARONW~1\AppData\Local\Temp\cchbFDwj.s 			page 40


 1612      455F4741 
 1612      54545F45 
 1612      52525F41 
 1612      4E43535F 
 1613              	.LASF53:
 1614 0b7c 4359424C 		.ascii	"CYBLE_EVT_GATTC_READ_BY_GROUP_TYPE_RSP\000"
 1614      455F4556 
 1614      545F4741 
 1614      5454435F 
 1614      52454144 
 1615              	.LASF151:
 1616 0ba3 77726974 		.ascii	"writeReqParam\000"
 1616      65526571 
 1616      50617261 
 1616      6D00
 1617              	.LASF155:
 1618 0bb1 6D747553 		.ascii	"mtuSize\000"
 1618      697A6500 
 1619              	.LASF98:
 1620 0bb9 4359424C 		.ascii	"CYBLE_GATT_ERR_PREPARE_WRITE_QUEUE_FULL\000"
 1620      455F4741 
 1620      54545F45 
 1620      52525F50 
 1620      52455041 
 1621              	.LASF127:
 1622 0be1 4359424C 		.ascii	"CYBLE_GATT_ERR_OUT_OF_RANGE\000"
 1622      455F4741 
 1622      54545F45 
 1622      52525F4F 
 1622      55545F4F 
 1623              	.LASF1:
 1624 0bfd 756E7369 		.ascii	"unsigned char\000"
 1624      676E6564 
 1624      20636861 
 1624      7200
 1625              	.LASF10:
 1626 0c0b 75696E74 		.ascii	"uint16\000"
 1626      313600
 1627              	.LASF38:
 1628 0c12 4359424C 		.ascii	"CYBLE_EVT_GAP_KEYPRESS_NOTIFICATION\000"
 1628      455F4556 
 1628      545F4741 
 1628      505F4B45 
 1628      59505245 
 1629              	.LASF102:
 1630 0c36 4359424C 		.ascii	"CYBLE_GATT_ERR_INVALID_ATTRIBUTE_LEN\000"
 1630      455F4741 
 1630      54545F45 
 1630      52525F49 
 1630      4E56414C 
 1631              	.LASF115:
 1632 0c5b 4359424C 		.ascii	"CYBLE_GATTS_ERR_CCCD_IMPROPERLY_CONFIGURED\000"
 1632      455F4741 
 1632      5454535F 
 1632      4552525F 
 1632      43434344 
 1633              	.LASF154:
ARM GAS  C:\Users\AARONW~1\AppData\Local\Temp\cchbFDwj.s 			page 41


 1634 0c86 6379426C 		.ascii	"cyBle_busyStatus\000"
 1634      655F6275 
 1634      73795374 
 1634      61747573 
 1634      00
 1635              	.LASF2:
 1636 0c97 73686F72 		.ascii	"short int\000"
 1636      7420696E 
 1636      7400
 1637              	.LASF67:
 1638 0ca1 4359424C 		.ascii	"CYBLE_EVT_GATTC_HANDLE_VALUE_IND\000"
 1638      455F4556 
 1638      545F4741 
 1638      5454435F 
 1638      48414E44 
 1639              	.LASF114:
 1640 0cc2 4359424C 		.ascii	"CYBLE_GATT_ERR_MISSING_CRC\000"
 1640      455F4741 
 1640      54545F45 
 1640      52525F4D 
 1640      49535349 
 1641              	.LASF86:
 1642 0cdd 4359424C 		.ascii	"CYBLE_EVT_HCI_PKT\000"
 1642      455F4556 
 1642      545F4843 
 1642      495F504B 
 1642      5400
 1643              	.LASF63:
 1644 0cef 4359424C 		.ascii	"CYBLE_EVT_GATTS_PREP_WRITE_REQ\000"
 1644      455F4556 
 1644      545F4741 
 1644      5454535F 
 1644      50524550 
 1645              	.LASF156:
 1646 0d0e 74784461 		.ascii	"txDataClientConfigDesc\000"
 1646      7461436C 
 1646      69656E74 
 1646      436F6E66 
 1646      69674465 
 1647              	.LASF157:
 1648 0d25 61747472 		.ascii	"attrValue\000"
 1648      56616C75 
 1648      6500
 1649              	.LASF68:
 1650 0d2f 4359424C 		.ascii	"CYBLE_EVT_GATTS_HANDLE_VALUE_CNF\000"
 1650      455F4556 
 1650      545F4741 
 1650      5454535F 
 1650      48414E44 
 1651              	.LASF125:
 1652 0d50 4359424C 		.ascii	"CYBLE_GATT_ERR_CCCD_IMPROPERLY_CONFIGURED\000"
 1652      455F4741 
 1652      54545F45 
 1652      52525F43 
 1652      4343445F 
 1653              	.LASF43:
 1654 0d7a 4359424C 		.ascii	"CYBLE_EVT_GAP_SMP_NEGOTIATED_AUTH_INFO\000"
ARM GAS  C:\Users\AARONW~1\AppData\Local\Temp\cchbFDwj.s 			page 42


 1654      455F4556 
 1654      545F4741 
 1654      505F534D 
 1654      505F4E45 
 1655              	.LASF108:
 1656 0da1 4359424C 		.ascii	"CYBLE_GATT_ERR_HEART_RATE_CONTROL_POINT_NOT_SUPPORT"
 1656      455F4741 
 1656      54545F45 
 1656      52525F48 
 1656      45415254 
 1657 0dd4 454400   		.ascii	"ED\000"
 1658              	.LASF12:
 1659 0dd7 666C6F61 		.ascii	"float\000"
 1659      7400
 1660              	.LASF87:
 1661 0ddd 4359424C 		.ascii	"CYBLE_EVT_FLASH_CORRUPT\000"
 1661      455F4556 
 1661      545F464C 
 1661      4153485F 
 1661      434F5252 
 1662              	.LASF14:
 1663 0df5 63686172 		.ascii	"char\000"
 1663      00
 1664              	.LASF107:
 1665 0dfa 4359424C 		.ascii	"CYBLE_GATT_ERR_TRIGGER_CODITION_VALUE_NOT_SUPPORTED"
 1665      455F4741 
 1665      54545F45 
 1665      52525F54 
 1665      52494747 
 1666 0e2d 00       		.ascii	"\000"
 1667              	.LASF32:
 1668 0e2e 4359424C 		.ascii	"CYBLE_EVT_GAP_DEVICE_DISCONNECTED\000"
 1668      455F4556 
 1668      545F4741 
 1668      505F4445 
 1668      56494345 
 1669              	.LASF71:
 1670 0e50 4359424C 		.ascii	"CYBLE_EVT_GATTS_READ_CHAR_VAL_ACCESS_REQ\000"
 1670      455F4556 
 1670      545F4741 
 1670      5454535F 
 1670      52454144 
 1671              	.LASF82:
 1672 0e79 4359424C 		.ascii	"CYBLE_EVT_L2CAP_CBFC_TX_CREDIT_IND\000"
 1672      455F4556 
 1672      545F4C32 
 1672      4341505F 
 1672      43424643 
 1673              	.LASF103:
 1674 0e9c 4359424C 		.ascii	"CYBLE_GATT_ERR_UNLIKELY_ERROR\000"
 1674      455F4741 
 1674      54545F45 
 1674      52525F55 
 1674      4E4C494B 
 1675              	.LASF124:
 1676 0eba 4359424C 		.ascii	"CYBLE_GATT_ERR_ANCS_ACTION_FAILED\000"
 1676      455F4741 
ARM GAS  C:\Users\AARONW~1\AppData\Local\Temp\cchbFDwj.s 			page 43


 1676      54545F45 
 1676      52525F41 
 1676      4E43535F 
 1677              	.LASF126:
 1678 0edc 4359424C 		.ascii	"CYBLE_GATT_ERR_PROCEDURE_ALREADY_IN_PROGRESS\000"
 1678      455F4741 
 1678      54545F45 
 1678      52525F50 
 1678      524F4345 
 1679              	.LASF20:
 1680 0f09 4359424C 		.ascii	"CYBLE_EVT_HARDWARE_ERROR\000"
 1680      455F4556 
 1680      545F4841 
 1680      52445741 
 1680      52455F45 
 1681              	.LASF3:
 1682 0f22 73686F72 		.ascii	"short unsigned int\000"
 1682      7420756E 
 1682      7369676E 
 1682      65642069 
 1682      6E7400
 1683              	.LASF48:
 1684 0f35 4359424C 		.ascii	"CYBLE_EVT_GATTC_ERROR_RSP\000"
 1684      455F4556 
 1684      545F4741 
 1684      5454435F 
 1684      4552524F 
 1685              	.LASF109:
 1686 0f4f 4359424C 		.ascii	"CYBLE_GATT_ERR_USER_DATA_ACCESS_NOT_PERMITTED\000"
 1686      455F4741 
 1686      54545F45 
 1686      52525F55 
 1686      5345525F 
 1687              	.LASF104:
 1688 0f7d 4359424C 		.ascii	"CYBLE_GATT_ERR_INSUFFICIENT_ENCRYPTION\000"
 1688      455F4741 
 1688      54545F45 
 1688      52525F49 
 1688      4E535546 
 1689              	.LASF51:
 1690 0fa4 4359424C 		.ascii	"CYBLE_EVT_GATTS_XCNHG_MTU_REQ\000"
 1690      455F4556 
 1690      545F4741 
 1690      5454535F 
 1690      58434E48 
 1691              	.LASF149:
 1692 0fc2 6576656E 		.ascii	"eventParam\000"
 1692      74506172 
 1692      616D00
 1693              	.LASF147:
 1694 0fcd 4359424C 		.ascii	"CYBLE_STATE_T\000"
 1694      455F5354 
 1694      4154455F 
 1694      5400
 1695              	.LASF58:
 1696 0fdb 4359424C 		.ascii	"CYBLE_EVT_GATTC_READ_BLOB_RSP\000"
 1696      455F4556 
ARM GAS  C:\Users\AARONW~1\AppData\Local\Temp\cchbFDwj.s 			page 44


 1696      545F4741 
 1696      5454435F 
 1696      52454144 
 1697              	.LASF96:
 1698 0ff9 4359424C 		.ascii	"CYBLE_GATT_ERR_INVALID_OFFSET\000"
 1698      455F4741 
 1698      54545F45 
 1698      52525F49 
 1698      4E56414C 
 1699              	.LASF119:
 1700 1017 4359424C 		.ascii	"CYBLE_GATTS_ERR_NETWORK_NOT_AVAILABLE\000"
 1700      455F4741 
 1700      5454535F 
 1700      4552525F 
 1700      4E455457 
 1701              	.LASF144:
 1702 103d 4359424C 		.ascii	"CYBLE_STATE_CONNECTED\000"
 1702      455F5354 
 1702      4154455F 
 1702      434F4E4E 
 1702      45435445 
 1703              	.LASF158:
 1704 1053 474E5520 		.ascii	"GNU C 4.9.3 20150303 (release) [ARM/embedded-4_9-br"
 1704      4320342E 
 1704      392E3320 
 1704      32303135 
 1704      30333033 
 1705 1086 616E6368 		.ascii	"anch revision 221220] -mcpu=cortex-m0 -mthumb -g -O"
 1705      20726576 
 1705      6973696F 
 1705      6E203232 
 1705      31323230 
 1706 10b9 30202D66 		.ascii	"0 -ffunction-sections -ffat-lto-objects\000"
 1706      66756E63 
 1706      74696F6E 
 1706      2D736563 
 1706      74696F6E 
 1707              	.LASF56:
 1708 10e1 4359424C 		.ascii	"CYBLE_EVT_GATTC_FIND_BY_TYPE_VALUE_RSP\000"
 1708      455F4556 
 1708      545F4741 
 1708      5454435F 
 1708      46494E44 
 1709              	.LASF36:
 1710 1108 4359424C 		.ascii	"CYBLE_EVT_GAP_KEYINFO_EXCHNGE_CMPLT\000"
 1710      455F4556 
 1710      545F4741 
 1710      505F4B45 
 1710      59494E46 
 1711              	.LASF130:
 1712 112c 62644861 		.ascii	"bdHandle\000"
 1712      6E646C65 
 1712      00
 1713              	.LASF84:
 1714 1135 4359424C 		.ascii	"CYBLE_EVT_PENDING_FLASH_WRITE\000"
 1714      455F4556 
 1714      545F5045 
ARM GAS  C:\Users\AARONW~1\AppData\Local\Temp\cchbFDwj.s 			page 45


 1714      4E44494E 
 1714      475F464C 
 1715              	.LASF161:
 1716 1153 48616E64 		.ascii	"HandleBleProcessing\000"
 1716      6C65426C 
 1716      6550726F 
 1716      63657373 
 1716      696E6700 
 1717              	.LASF74:
 1718 1167 4359424C 		.ascii	"CYBLE_EVT_L2CAP_CONN_PARAM_UPDATE_RSP\000"
 1718      455F4556 
 1718      545F4C32 
 1718      4341505F 
 1718      434F4E4E 
 1719              	.LASF41:
 1720 118d 4359424C 		.ascii	"CYBLE_EVT_GAP_ENHANCE_CONN_COMPLETE\000"
 1720      455F4556 
 1720      545F4741 
 1720      505F454E 
 1720      48414E43 
 1721              	.LASF129:
 1722 11b1 4359424C 		.ascii	"CYBLE_GATT_DB_ATTR_HANDLE_T\000"
 1722      455F4741 
 1722      54545F44 
 1722      425F4154 
 1722      54525F48 
 1723              	.LASF50:
 1724 11cd 4359424C 		.ascii	"CYBLE_EVT_GATT_DISCONNECT_IND\000"
 1724      455F4556 
 1724      545F4741 
 1724      54545F44 
 1724      4953434F 
 1725              	.LASF160:
 1726 11eb 433A5C55 		.ascii	"C:\\Users\\Aaron Wubshet\\Desktop\\UART_to_BLE_peri"
 1726      73657273 
 1726      5C416172 
 1726      6F6E2057 
 1726      75627368 
 1727 121a 70686572 		.ascii	"pheral\\UART_to_BLE_peripheral.cydsn\000"
 1727      616C5C55 
 1727      4152545F 
 1727      746F5F42 
 1727      4C455F70 
 1728              		.ident	"GCC: (GNU Tools for ARM Embedded Processors) 4.9.3 20150303 (release) [ARM/embedded-4_9-br
