ARM GAS  C:\Users\AARONW~1\AppData\Local\Temp\ccTSpVIw.s 			page 1


   1              		.cpu cortex-m0
   2              		.fpu softvfp
   3              		.eabi_attribute 20, 1
   4              		.eabi_attribute 21, 1
   5              		.eabi_attribute 23, 3
   6              		.eabi_attribute 24, 1
   7              		.eabi_attribute 25, 1
   8              		.eabi_attribute 26, 1
   9              		.eabi_attribute 30, 6
  10              		.eabi_attribute 34, 0
  11              		.eabi_attribute 18, 4
  12              		.code	16
  13              		.file	"app_UART.c"
  14              		.text
  15              	.Ltext0:
  16              		.cfi_sections	.debug_frame
  17              		.section	.text.HandleUartTxTraffic,"ax",%progbits
  18              		.align	2
  19              		.global	HandleUartTxTraffic
  20              		.code	16
  21              		.thumb_func
  22              		.type	HandleUartTxTraffic, %function
  23              	HandleUartTxTraffic:
  24              	.LFB37:
  25              		.file 1 "app_UART.c"
   1:app_UART.c    **** /*****************************************************************************************
   2:app_UART.c    **** * File Name: app_UART.c
   3:app_UART.c    **** *
   4:app_UART.c    **** * Description:
   5:app_UART.c    **** *  Common BLE application code for client devices.
   6:app_UART.c    **** *
   7:app_UART.c    **** *****************************************************************************************
   8:app_UART.c    **** * Copyright 2015, Cypress Semiconductor Corporation.  All rights reserved.
   9:app_UART.c    **** * You may use this file only in accordance with the license, terms, conditions,
  10:app_UART.c    **** * disclaimers, and limitations in the end user license agreement accompanying
  11:app_UART.c    **** * the software package with which this file was provided.
  12:app_UART.c    **** *****************************************************************************************/
  13:app_UART.c    **** 
  14:app_UART.c    **** #include "app_UART.h"
  15:app_UART.c    **** #include "app_Ble.h"
  16:app_UART.c    **** 
  17:app_UART.c    **** 
  18:app_UART.c    **** /*****************************************************************************************
  19:app_UART.c    **** * Function Name: HandleUartTxTraffic
  20:app_UART.c    **** ******************************************************************************************
  21:app_UART.c    **** *
  22:app_UART.c    **** * Summary:
  23:app_UART.c    **** *  This function takes data from UART RX buffer and pushes it to the server 
  24:app_UART.c    **** *  as Notifications.
  25:app_UART.c    **** *
  26:app_UART.c    **** * Parameters:
  27:app_UART.c    **** *  uint16 - CCCD for checking if notifications are enabled  
  28:app_UART.c    **** *
  29:app_UART.c    **** * Return:
  30:app_UART.c    **** *   None.
  31:app_UART.c    **** *
  32:app_UART.c    **** *****************************************************************************************/
ARM GAS  C:\Users\AARONW~1\AppData\Local\Temp\ccTSpVIw.s 			page 2


  33:app_UART.c    **** void HandleUartTxTraffic(uint16 txDataClientConfigDesc)
  34:app_UART.c    **** {
  26              		.loc 1 34 0
  27              		.cfi_startproc
  28 0000 90B5     		push	{r4, r7, lr}
  29              		.cfi_def_cfa_offset 12
  30              		.cfi_offset 4, -12
  31              		.cfi_offset 7, -8
  32              		.cfi_offset 14, -4
  33 0002 604C     		ldr	r4, .L10
  34 0004 A544     		add	sp, sp, r4
  35              		.cfi_def_cfa_offset 552
  36 0006 00AF     		add	r7, sp, #0
  37              		.cfi_def_cfa_register 7
  38 0008 021C     		mov	r2, r0
  39 000a 5F4B     		ldr	r3, .L10+4
  40 000c 8621     		mov	r1, #134
  41 000e 8900     		lsl	r1, r1, #2
  42 0010 8C46     		mov	ip, r1
  43 0012 BC44     		add	ip, ip, r7
  44 0014 6344     		add	r3, r3, ip
  45 0016 1A80     		strh	r2, [r3]
  35:app_UART.c    ****     uint8   index;
  36:app_UART.c    ****     uint8   uartTxData[MAX_MTU_SIZE - 3];
  37:app_UART.c    ****     uint16  uartTxDataLength;
  38:app_UART.c    ****     
  39:app_UART.c    ****     static uint16 uartIdleCount = UART_IDLE_TIMEOUT;
  40:app_UART.c    ****     
  41:app_UART.c    ****     CYBLE_API_RESULT_T                  bleApiResult;
  42:app_UART.c    ****     CYBLE_GATTS_HANDLE_VALUE_NTF_T      uartTxDataNtf;
  43:app_UART.c    ****     
  44:app_UART.c    ****     uartTxDataLength = UART_SpiUartGetRxBufferSize();
  46              		.loc 1 44 0
  47 0018 FFF7FEFF 		bl	UART_SpiUartGetRxBufferSize
  48 001c 021C     		mov	r2, r0
  49 001e 8523     		mov	r3, #133
  50 0020 9B00     		lsl	r3, r3, #2
  51 0022 FB18     		add	r3, r7, r3
  52 0024 1A80     		strh	r2, [r3]
  45:app_UART.c    ****     
  46:app_UART.c    ****     #ifdef FLOW_CONTROL
  47:app_UART.c    ****         if(uartTxDataLength >= (UART_UART_RX_BUFFER_SIZE - (UART_UART_RX_BUFFER_SIZE/2)))
  53              		.loc 1 47 0
  54 0026 8523     		mov	r3, #133
  55 0028 9B00     		lsl	r3, r3, #2
  56 002a FB18     		add	r3, r7, r3
  57 002c 1B88     		ldrh	r3, [r3]
  58 002e 574A     		ldr	r2, .L10+8
  59 0030 9342     		cmp	r3, r2
  60 0032 02D9     		bls	.L2
  48:app_UART.c    ****         {
  49:app_UART.c    ****             DisableUartRxInt();
  61              		.loc 1 49 0
  62 0034 FFF7FEFF 		bl	DisableUartRxInt
  63 0038 01E0     		b	.L3
  64              	.L2:
  50:app_UART.c    ****         }
ARM GAS  C:\Users\AARONW~1\AppData\Local\Temp\ccTSpVIw.s 			page 3


  51:app_UART.c    ****         else
  52:app_UART.c    ****         {
  53:app_UART.c    ****             EnableUartRxInt();
  65              		.loc 1 53 0
  66 003a FFF7FEFF 		bl	EnableUartRxInt
  67              	.L3:
  54:app_UART.c    ****         }
  55:app_UART.c    ****     #endif
  56:app_UART.c    ****     
  57:app_UART.c    ****     if((0 != uartTxDataLength) && (NOTIFICATON_ENABLED == txDataClientConfigDesc))
  68              		.loc 1 57 0
  69 003e 8523     		mov	r3, #133
  70 0040 9B00     		lsl	r3, r3, #2
  71 0042 FB18     		add	r3, r7, r3
  72 0044 1B88     		ldrh	r3, [r3]
  73 0046 002B     		cmp	r3, #0
  74 0048 00D1     		bne	.LCB48
  75 004a 96E0     		b	.L1	@long jump
  76              	.LCB48:
  77              		.loc 1 57 0 is_stmt 0 discriminator 1
  78 004c 4E4B     		ldr	r3, .L10+4
  79 004e 8622     		mov	r2, #134
  80 0050 9200     		lsl	r2, r2, #2
  81 0052 9446     		mov	ip, r2
  82 0054 BC44     		add	ip, ip, r7
  83 0056 6344     		add	r3, r3, ip
  84 0058 1B88     		ldrh	r3, [r3]
  85 005a 012B     		cmp	r3, #1
  86 005c 00D0     		beq	.LCB57
  87 005e 8CE0     		b	.L1	@long jump
  88              	.LCB57:
  58:app_UART.c    ****     {
  59:app_UART.c    ****         if(uartTxDataLength >= (mtuSize - 3))
  89              		.loc 1 59 0 is_stmt 1
  90 0060 8523     		mov	r3, #133
  91 0062 9B00     		lsl	r3, r3, #2
  92 0064 FB18     		add	r3, r7, r3
  93 0066 1A88     		ldrh	r2, [r3]
  94 0068 494B     		ldr	r3, .L10+12
  95 006a 1B88     		ldrh	r3, [r3]
  96 006c 033B     		sub	r3, r3, #3
  97 006e 9A42     		cmp	r2, r3
  98 0070 0ADB     		blt	.L5
  60:app_UART.c    ****         {
  61:app_UART.c    ****             uartIdleCount       = UART_IDLE_TIMEOUT;
  99              		.loc 1 61 0
 100 0072 484B     		ldr	r3, .L10+16
 101 0074 0A22     		mov	r2, #10
 102 0076 1A80     		strh	r2, [r3]
  62:app_UART.c    ****             uartTxDataLength    = mtuSize - 3;
 103              		.loc 1 62 0
 104 0078 454B     		ldr	r3, .L10+12
 105 007a 1A88     		ldrh	r2, [r3]
 106 007c 8523     		mov	r3, #133
 107 007e 9B00     		lsl	r3, r3, #2
 108 0080 FB18     		add	r3, r7, r3
 109 0082 033A     		sub	r2, r2, #3
ARM GAS  C:\Users\AARONW~1\AppData\Local\Temp\ccTSpVIw.s 			page 4


 110 0084 1A80     		strh	r2, [r3]
 111 0086 0EE0     		b	.L6
 112              	.L5:
  63:app_UART.c    ****         }
  64:app_UART.c    ****         else
  65:app_UART.c    ****         {
  66:app_UART.c    ****             if(--uartIdleCount == 0)
 113              		.loc 1 66 0
 114 0088 424B     		ldr	r3, .L10+16
 115 008a 1B88     		ldrh	r3, [r3]
 116 008c 013B     		sub	r3, r3, #1
 117 008e 9AB2     		uxth	r2, r3
 118 0090 404B     		ldr	r3, .L10+16
 119 0092 1A80     		strh	r2, [r3]
 120 0094 3F4B     		ldr	r3, .L10+16
 121 0096 1B88     		ldrh	r3, [r3]
 122 0098 002B     		cmp	r3, #0
 123 009a 04D0     		beq	.L6
  67:app_UART.c    ****             {
  68:app_UART.c    ****                 /*uartTxDataLength remains unchanged */;
  69:app_UART.c    ****             }
  70:app_UART.c    ****             else
  71:app_UART.c    ****             {
  72:app_UART.c    ****                 uartTxDataLength = 0;
 124              		.loc 1 72 0
 125 009c 8523     		mov	r3, #133
 126 009e 9B00     		lsl	r3, r3, #2
 127 00a0 FB18     		add	r3, r7, r3
 128 00a2 0022     		mov	r2, #0
 129 00a4 1A80     		strh	r2, [r3]
 130              	.L6:
  73:app_UART.c    ****             }
  74:app_UART.c    ****         }
  75:app_UART.c    ****         
  76:app_UART.c    ****         if(0 != uartTxDataLength)
 131              		.loc 1 76 0
 132 00a6 8523     		mov	r3, #133
 133 00a8 9B00     		lsl	r3, r3, #2
 134 00aa FB18     		add	r3, r7, r3
 135 00ac 1B88     		ldrh	r3, [r3]
 136 00ae 002B     		cmp	r3, #0
 137 00b0 63D0     		beq	.L1
  77:app_UART.c    ****         {
  78:app_UART.c    ****             uartIdleCount       = UART_IDLE_TIMEOUT;
 138              		.loc 1 78 0
 139 00b2 384B     		ldr	r3, .L10+16
 140 00b4 0A22     		mov	r2, #10
 141 00b6 1A80     		strh	r2, [r3]
  79:app_UART.c    ****             
  80:app_UART.c    ****             for(index = 0; index < uartTxDataLength; index++)
 142              		.loc 1 80 0
 143 00b8 374B     		ldr	r3, .L10+20
 144 00ba FB18     		add	r3, r7, r3
 145 00bc 0022     		mov	r2, #0
 146 00be 1A70     		strb	r2, [r3]
 147 00c0 14E0     		b	.L7
 148              	.L8:
ARM GAS  C:\Users\AARONW~1\AppData\Local\Temp\ccTSpVIw.s 			page 5


  81:app_UART.c    ****             {
  82:app_UART.c    ****                 uartTxData[index] = (uint8) UART_UartGetByte();
 149              		.loc 1 82 0 discriminator 3
 150 00c2 354B     		ldr	r3, .L10+20
 151 00c4 FB18     		add	r3, r7, r3
 152 00c6 1C78     		ldrb	r4, [r3]
 153 00c8 FFF7FEFF 		bl	UART_UartGetByte
 154 00cc 031C     		mov	r3, r0
 155 00ce DAB2     		uxtb	r2, r3
 156 00d0 324B     		ldr	r3, .L10+24
 157 00d2 8621     		mov	r1, #134
 158 00d4 8900     		lsl	r1, r1, #2
 159 00d6 8C46     		mov	ip, r1
 160 00d8 BC44     		add	ip, ip, r7
 161 00da 6344     		add	r3, r3, ip
 162 00dc 1A55     		strb	r2, [r3, r4]
  80:app_UART.c    ****             {
 163              		.loc 1 80 0 discriminator 3
 164 00de 2E4B     		ldr	r3, .L10+20
 165 00e0 FB18     		add	r3, r7, r3
 166 00e2 1A78     		ldrb	r2, [r3]
 167 00e4 2C4B     		ldr	r3, .L10+20
 168 00e6 FB18     		add	r3, r7, r3
 169 00e8 0132     		add	r2, r2, #1
 170 00ea 1A70     		strb	r2, [r3]
 171              	.L7:
  80:app_UART.c    ****             {
 172              		.loc 1 80 0 is_stmt 0 discriminator 1
 173 00ec 2A4B     		ldr	r3, .L10+20
 174 00ee FB18     		add	r3, r7, r3
 175 00f0 1B78     		ldrb	r3, [r3]
 176 00f2 9BB2     		uxth	r3, r3
 177 00f4 8522     		mov	r2, #133
 178 00f6 9200     		lsl	r2, r2, #2
 179 00f8 BA18     		add	r2, r7, r2
 180 00fa 1288     		ldrh	r2, [r2]
 181 00fc 9A42     		cmp	r2, r3
 182 00fe E0D8     		bhi	.L8
  83:app_UART.c    ****             }
  84:app_UART.c    ****             
  85:app_UART.c    ****             uartTxDataNtf.value.val  = uartTxData;
 183              		.loc 1 85 0 is_stmt 1
 184 0100 274B     		ldr	r3, .L10+28
 185 0102 8622     		mov	r2, #134
 186 0104 9200     		lsl	r2, r2, #2
 187 0106 9446     		mov	ip, r2
 188 0108 BC44     		add	ip, ip, r7
 189 010a 6344     		add	r3, r3, ip
 190 010c 1422     		mov	r2, #20
 191 010e BA18     		add	r2, r7, r2
 192 0110 1A60     		str	r2, [r3]
  86:app_UART.c    ****             uartTxDataNtf.value.len  = uartTxDataLength;
 193              		.loc 1 86 0
 194 0112 234B     		ldr	r3, .L10+28
 195 0114 8622     		mov	r2, #134
 196 0116 9200     		lsl	r2, r2, #2
 197 0118 9446     		mov	ip, r2
ARM GAS  C:\Users\AARONW~1\AppData\Local\Temp\ccTSpVIw.s 			page 6


 198 011a BC44     		add	ip, ip, r7
 199 011c 6344     		add	r3, r3, ip
 200 011e 8522     		mov	r2, #133
 201 0120 9200     		lsl	r2, r2, #2
 202 0122 BA18     		add	r2, r7, r2
 203 0124 1288     		ldrh	r2, [r2]
 204 0126 9A80     		strh	r2, [r3, #4]
  87:app_UART.c    ****             uartTxDataNtf.attrHandle = CYBLE_SERVER_UART_SERVER_UART_TX_DATA_CHAR_HANDLE;
 205              		.loc 1 87 0
 206 0128 1D4B     		ldr	r3, .L10+28
 207 012a 8622     		mov	r2, #134
 208 012c 9200     		lsl	r2, r2, #2
 209 012e 9446     		mov	ip, r2
 210 0130 BC44     		add	ip, ip, r7
 211 0132 6344     		add	r3, r3, ip
 212 0134 0E22     		mov	r2, #14
 213 0136 1A81     		strh	r2, [r3, #8]
  88:app_UART.c    ****             
  89:app_UART.c    ****             #ifdef FLOW_CONTROL
  90:app_UART.c    ****                 DisableUartRxInt();
 214              		.loc 1 90 0
 215 0138 FFF7FEFF 		bl	DisableUartRxInt
 216              	.L9:
  91:app_UART.c    ****             #endif
  92:app_UART.c    ****             
  93:app_UART.c    ****             do
  94:app_UART.c    ****             {
  95:app_UART.c    ****                 bleApiResult = CyBle_GattsNotification(cyBle_connHandle, &uartTxDataNtf);
 217              		.loc 1 95 0 discriminator 2
 218 013c 194B     		ldr	r3, .L10+32
 219 013e FC18     		add	r4, r7, r3
 220 0140 194B     		ldr	r3, .L10+36
 221 0142 0822     		mov	r2, #8
 222 0144 B918     		add	r1, r7, r2
 223 0146 1A78     		ldrb	r2, [r3]
 224 0148 5B78     		ldrb	r3, [r3, #1]
 225 014a 1B02     		lsl	r3, r3, #8
 226 014c 1A43     		orr	r2, r3
 227 014e 0023     		mov	r3, #0
 228 0150 1204     		lsl	r2, r2, #16
 229 0152 120C     		lsr	r2, r2, #16
 230 0154 1B0C     		lsr	r3, r3, #16
 231 0156 1B04     		lsl	r3, r3, #16
 232 0158 1343     		orr	r3, r2
 233 015a 181C     		mov	r0, r3
 234 015c FFF7FEFF 		bl	CyBle_GattsNotification
 235 0160 031C     		mov	r3, r0
 236 0162 2380     		strh	r3, [r4]
  96:app_UART.c    ****                 CyBle_ProcessEvents();
 237              		.loc 1 96 0 discriminator 2
 238 0164 FFF7FEFF 		bl	CyBle_ProcessEvents
  97:app_UART.c    ****             }
  98:app_UART.c    ****             while((CYBLE_ERROR_OK != bleApiResult)  && (CYBLE_STATE_CONNECTED == cyBle_state));
 239              		.loc 1 98 0 discriminator 2
 240 0168 0E4B     		ldr	r3, .L10+32
 241 016a FB18     		add	r3, r7, r3
 242 016c 1B88     		ldrh	r3, [r3]
ARM GAS  C:\Users\AARONW~1\AppData\Local\Temp\ccTSpVIw.s 			page 7


 243 016e 002B     		cmp	r3, #0
 244 0170 03D0     		beq	.L1
 245              		.loc 1 98 0 is_stmt 0 discriminator 1
 246 0172 0E4B     		ldr	r3, .L10+40
 247 0174 1B78     		ldrb	r3, [r3]
 248 0176 022B     		cmp	r3, #2
 249 0178 E0D0     		beq	.L9
 250              	.L1:
  99:app_UART.c    ****         }
 100:app_UART.c    ****     }
 101:app_UART.c    **** }
 251              		.loc 1 101 0 is_stmt 1
 252 017a BD46     		mov	sp, r7
 253 017c 8723     		mov	r3, #135
 254 017e 9B00     		lsl	r3, r3, #2
 255 0180 9D44     		add	sp, sp, r3
 256              		@ sp needed
 257 0182 90BD     		pop	{r4, r7, pc}
 258              	.L11:
 259              		.align	2
 260              	.L10:
 261 0184 E4FDFFFF 		.word	-540
 262 0188 EEFDFFFF 		.word	-530
 263 018c FF030000 		.word	1023
 264 0190 00000000 		.word	mtuSize
 265 0194 00000000 		.word	uartIdleCount.7261
 266 0198 17020000 		.word	535
 267 019c FCFDFFFF 		.word	-516
 268 01a0 F0FDFFFF 		.word	-528
 269 01a4 12020000 		.word	530
 270 01a8 00000000 		.word	cyBle_connHandle
 271 01ac 00000000 		.word	cyBle_state
 272              		.cfi_endproc
 273              	.LFE37:
 274              		.size	HandleUartTxTraffic, .-HandleUartTxTraffic
 275              		.section	.text.HandleUartRxTraffic,"ax",%progbits
 276              		.align	2
 277              		.global	HandleUartRxTraffic
 278              		.code	16
 279              		.thumb_func
 280              		.type	HandleUartRxTraffic, %function
 281              	HandleUartRxTraffic:
 282              	.LFB38:
 102:app_UART.c    **** 
 103:app_UART.c    **** /*****************************************************************************************
 104:app_UART.c    **** * Function Name: HandleUartRxTraffic
 105:app_UART.c    **** ******************************************************************************************
 106:app_UART.c    **** *
 107:app_UART.c    **** * Summary:
 108:app_UART.c    **** *  This function takes data from received "write without response" command from
 109:app_UART.c    **** *  server and, pushes it to the UART TX buffer. 
 110:app_UART.c    **** *
 111:app_UART.c    **** * Parameters:
 112:app_UART.c    **** *  CYBLE_GATTS_WRITE_REQ_PARAM_T * - the "write without response" param as
 113:app_UART.c    **** *                                    recieved by the BLE stack
 114:app_UART.c    **** *
 115:app_UART.c    **** * Return:
ARM GAS  C:\Users\AARONW~1\AppData\Local\Temp\ccTSpVIw.s 			page 8


 116:app_UART.c    **** *   None.
 117:app_UART.c    **** *
 118:app_UART.c    **** *****************************************************************************************/
 119:app_UART.c    **** void HandleUartRxTraffic(CYBLE_GATTS_WRITE_REQ_PARAM_T * uartRxDataWrReq)
 120:app_UART.c    **** {
 283              		.loc 1 120 0
 284              		.cfi_startproc
 285 0000 80B5     		push	{r7, lr}
 286              		.cfi_def_cfa_offset 8
 287              		.cfi_offset 7, -8
 288              		.cfi_offset 14, -4
 289 0002 82B0     		sub	sp, sp, #8
 290              		.cfi_def_cfa_offset 16
 291 0004 00AF     		add	r7, sp, #0
 292              		.cfi_def_cfa_register 7
 293 0006 7860     		str	r0, [r7, #4]
 121:app_UART.c    ****     if(uartRxDataWrReq->handleValPair.attrHandle == CYBLE_SERVER_UART_SERVER_UART_RX_DATA_CHAR_HAND
 294              		.loc 1 121 0
 295 0008 7B68     		ldr	r3, [r7, #4]
 296 000a 9B89     		ldrh	r3, [r3, #12]
 297 000c 112B     		cmp	r3, #17
 298 000e 07D1     		bne	.L12
 122:app_UART.c    ****     {
 123:app_UART.c    ****         UART_SpiUartPutArray(uartRxDataWrReq->handleValPair.value.val, \
 299              		.loc 1 123 0
 300 0010 7B68     		ldr	r3, [r7, #4]
 301 0012 5A68     		ldr	r2, [r3, #4]
 124:app_UART.c    ****                                     (uint32) uartRxDataWrReq->handleValPair.value.len);
 302              		.loc 1 124 0
 303 0014 7B68     		ldr	r3, [r7, #4]
 304 0016 1B89     		ldrh	r3, [r3, #8]
 123:app_UART.c    ****                                     (uint32) uartRxDataWrReq->handleValPair.value.len);
 305              		.loc 1 123 0
 306 0018 101C     		mov	r0, r2
 307 001a 191C     		mov	r1, r3
 308 001c FFF7FEFF 		bl	UART_SpiUartPutArray
 309              	.L12:
 125:app_UART.c    ****     }
 126:app_UART.c    **** }
 310              		.loc 1 126 0
 311 0020 BD46     		mov	sp, r7
 312 0022 02B0     		add	sp, sp, #8
 313              		@ sp needed
 314 0024 80BD     		pop	{r7, pc}
 315              		.cfi_endproc
 316              	.LFE38:
 317              		.size	HandleUartRxTraffic, .-HandleUartRxTraffic
 318 0026 C046     		.section	.text.DisableUartRxInt,"ax",%progbits
 319              		.align	2
 320              		.global	DisableUartRxInt
 321              		.code	16
 322              		.thumb_func
 323              		.type	DisableUartRxInt, %function
 324              	DisableUartRxInt:
 325              	.LFB39:
 127:app_UART.c    **** 
 128:app_UART.c    **** /*****************************************************************************************
ARM GAS  C:\Users\AARONW~1\AppData\Local\Temp\ccTSpVIw.s 			page 9


 129:app_UART.c    **** * Function Name: DisableUartRxInt
 130:app_UART.c    **** ******************************************************************************************
 131:app_UART.c    **** *
 132:app_UART.c    **** * Summary:
 133:app_UART.c    **** *  This function disables the UART RX interrupt.
 134:app_UART.c    **** *
 135:app_UART.c    **** * Parameters:
 136:app_UART.c    **** *   None.
 137:app_UART.c    **** *
 138:app_UART.c    **** * Return:
 139:app_UART.c    **** *   None.
 140:app_UART.c    **** *
 141:app_UART.c    **** *****************************************************************************************/
 142:app_UART.c    **** void DisableUartRxInt(void)
 143:app_UART.c    **** {
 326              		.loc 1 143 0
 327              		.cfi_startproc
 328 0000 80B5     		push	{r7, lr}
 329              		.cfi_def_cfa_offset 8
 330              		.cfi_offset 7, -8
 331              		.cfi_offset 14, -4
 332 0002 00AF     		add	r7, sp, #0
 333              		.cfi_def_cfa_register 7
 144:app_UART.c    ****     UART_INTR_RX_MASK_REG &= ~UART_RX_INTR_MASK;  
 334              		.loc 1 144 0
 335 0004 034B     		ldr	r3, .L15
 336 0006 034A     		ldr	r2, .L15
 337 0008 1268     		ldr	r2, [r2]
 338 000a 0421     		mov	r1, #4
 339 000c 8A43     		bic	r2, r1
 340 000e 1A60     		str	r2, [r3]
 145:app_UART.c    **** }
 341              		.loc 1 145 0
 342 0010 BD46     		mov	sp, r7
 343              		@ sp needed
 344 0012 80BD     		pop	{r7, pc}
 345              	.L16:
 346              		.align	2
 347              	.L15:
 348 0014 C80F2440 		.word	1076105160
 349              		.cfi_endproc
 350              	.LFE39:
 351              		.size	DisableUartRxInt, .-DisableUartRxInt
 352              		.section	.text.EnableUartRxInt,"ax",%progbits
 353              		.align	2
 354              		.global	EnableUartRxInt
 355              		.code	16
 356              		.thumb_func
 357              		.type	EnableUartRxInt, %function
 358              	EnableUartRxInt:
 359              	.LFB40:
 146:app_UART.c    **** 
 147:app_UART.c    **** /*****************************************************************************************
 148:app_UART.c    **** * Function Name: EnableUartRxInt
 149:app_UART.c    **** ******************************************************************************************
 150:app_UART.c    **** *
 151:app_UART.c    **** * Summary:
ARM GAS  C:\Users\AARONW~1\AppData\Local\Temp\ccTSpVIw.s 			page 10


 152:app_UART.c    **** *  This function enables the UART RX interrupt.
 153:app_UART.c    **** *
 154:app_UART.c    **** * Parameters:
 155:app_UART.c    **** *   None.
 156:app_UART.c    **** *
 157:app_UART.c    **** * Return:
 158:app_UART.c    **** *   None.
 159:app_UART.c    **** *
 160:app_UART.c    **** *****************************************************************************************/
 161:app_UART.c    **** void EnableUartRxInt(void)
 162:app_UART.c    **** {
 360              		.loc 1 162 0
 361              		.cfi_startproc
 362 0000 80B5     		push	{r7, lr}
 363              		.cfi_def_cfa_offset 8
 364              		.cfi_offset 7, -8
 365              		.cfi_offset 14, -4
 366 0002 00AF     		add	r7, sp, #0
 367              		.cfi_def_cfa_register 7
 163:app_UART.c    ****     UART_INTR_RX_MASK_REG |= UART_RX_INTR_MASK;  
 368              		.loc 1 163 0
 369 0004 034B     		ldr	r3, .L18
 370 0006 034A     		ldr	r2, .L18
 371 0008 1268     		ldr	r2, [r2]
 372 000a 0421     		mov	r1, #4
 373 000c 0A43     		orr	r2, r1
 374 000e 1A60     		str	r2, [r3]
 164:app_UART.c    **** }
 375              		.loc 1 164 0
 376 0010 BD46     		mov	sp, r7
 377              		@ sp needed
 378 0012 80BD     		pop	{r7, pc}
 379              	.L19:
 380              		.align	2
 381              	.L18:
 382 0014 C80F2440 		.word	1076105160
 383              		.cfi_endproc
 384              	.LFE40:
 385              		.size	EnableUartRxInt, .-EnableUartRxInt
 386              		.data
 387              		.align	1
 388              		.type	uartIdleCount.7261, %object
 389              		.size	uartIdleCount.7261, 2
 390              	uartIdleCount.7261:
 391 0000 0A00     		.short	10
 392              		.text
 393              	.Letext0:
 394              		.file 2 "Generated_Source\\PSoC4/cytypes.h"
 395              		.file 3 "Generated_Source\\PSoC4/BLE_Stack.h"
 396              		.file 4 "Generated_Source\\PSoC4/BLE_StackGatt.h"
 397              		.file 5 "Generated_Source\\PSoC4/BLE_StackGattServer.h"
 398              		.file 6 "Generated_Source\\PSoC4/BLE_eventHandler.h"
 399              		.file 7 "app_UART.h"
 400              		.section	.debug_info,"",%progbits
 401              	.Ldebug_info0:
 402 0000 B4030000 		.4byte	0x3b4
 403 0004 0400     		.2byte	0x4
ARM GAS  C:\Users\AARONW~1\AppData\Local\Temp\ccTSpVIw.s 			page 11


 404 0006 00000000 		.4byte	.Ldebug_abbrev0
 405 000a 04       		.byte	0x4
 406 000b 01       		.uleb128 0x1
 407 000c FB040000 		.4byte	.LASF85
 408 0010 01       		.byte	0x1
 409 0011 BE050000 		.4byte	.LASF86
 410 0015 95000000 		.4byte	.LASF87
 411 0019 00000000 		.4byte	.Ldebug_ranges0+0
 412 001d 00000000 		.4byte	0
 413 0021 00000000 		.4byte	.Ldebug_line0
 414 0025 02       		.uleb128 0x2
 415 0026 01       		.byte	0x1
 416 0027 06       		.byte	0x6
 417 0028 E8030000 		.4byte	.LASF0
 418 002c 02       		.uleb128 0x2
 419 002d 01       		.byte	0x1
 420 002e 08       		.byte	0x8
 421 002f B6030000 		.4byte	.LASF1
 422 0033 02       		.uleb128 0x2
 423 0034 02       		.byte	0x2
 424 0035 05       		.byte	0x5
 425 0036 8B000000 		.4byte	.LASF2
 426 003a 02       		.uleb128 0x2
 427 003b 02       		.byte	0x2
 428 003c 07       		.byte	0x7
 429 003d B9040000 		.4byte	.LASF3
 430 0041 02       		.uleb128 0x2
 431 0042 04       		.byte	0x4
 432 0043 05       		.byte	0x5
 433 0044 2A030000 		.4byte	.LASF4
 434 0048 02       		.uleb128 0x2
 435 0049 04       		.byte	0x4
 436 004a 07       		.byte	0x7
 437 004b 54060000 		.4byte	.LASF5
 438 004f 02       		.uleb128 0x2
 439 0050 08       		.byte	0x8
 440 0051 05       		.byte	0x5
 441 0052 DD020000 		.4byte	.LASF6
 442 0056 02       		.uleb128 0x2
 443 0057 08       		.byte	0x8
 444 0058 07       		.byte	0x7
 445 0059 F4030000 		.4byte	.LASF7
 446 005d 03       		.uleb128 0x3
 447 005e 04       		.byte	0x4
 448 005f 05       		.byte	0x5
 449 0060 696E7400 		.ascii	"int\000"
 450 0064 02       		.uleb128 0x2
 451 0065 04       		.byte	0x4
 452 0066 07       		.byte	0x7
 453 0067 37040000 		.4byte	.LASF8
 454 006b 04       		.uleb128 0x4
 455 006c 4D020000 		.4byte	.LASF9
 456 0070 02       		.byte	0x2
 457 0071 B901     		.2byte	0x1b9
 458 0073 2C000000 		.4byte	0x2c
 459 0077 04       		.uleb128 0x4
 460 0078 22020000 		.4byte	.LASF10
ARM GAS  C:\Users\AARONW~1\AppData\Local\Temp\ccTSpVIw.s 			page 12


 461 007c 02       		.byte	0x2
 462 007d BA01     		.2byte	0x1ba
 463 007f 3A000000 		.4byte	0x3a
 464 0083 04       		.uleb128 0x4
 465 0084 4D060000 		.4byte	.LASF11
 466 0088 02       		.byte	0x2
 467 0089 BB01     		.2byte	0x1bb
 468 008b 48000000 		.4byte	0x48
 469 008f 02       		.uleb128 0x2
 470 0090 04       		.byte	0x4
 471 0091 04       		.byte	0x4
 472 0092 D7020000 		.4byte	.LASF12
 473 0096 02       		.uleb128 0x2
 474 0097 08       		.byte	0x8
 475 0098 04       		.byte	0x4
 476 0099 71060000 		.4byte	.LASF13
 477 009d 02       		.uleb128 0x2
 478 009e 01       		.byte	0x1
 479 009f 08       		.byte	0x8
 480 00a0 CC040000 		.4byte	.LASF14
 481 00a4 04       		.uleb128 0x4
 482 00a5 90040000 		.4byte	.LASF15
 483 00a9 02       		.byte	0x2
 484 00aa 6502     		.2byte	0x265
 485 00ac B0000000 		.4byte	0xb0
 486 00b0 05       		.uleb128 0x5
 487 00b1 83000000 		.4byte	0x83
 488 00b5 02       		.uleb128 0x2
 489 00b6 04       		.byte	0x4
 490 00b7 07       		.byte	0x7
 491 00b8 E8000000 		.4byte	.LASF16
 492 00bc 06       		.uleb128 0x6
 493 00bd 02       		.byte	0x2
 494 00be 03       		.byte	0x3
 495 00bf 0204     		.2byte	0x402
 496 00c1 93010000 		.4byte	0x193
 497 00c5 07       		.uleb128 0x7
 498 00c6 FC000000 		.4byte	.LASF17
 499 00ca 00       		.sleb128 0
 500 00cb 07       		.uleb128 0x7
 501 00cc C2010000 		.4byte	.LASF18
 502 00d0 01       		.sleb128 1
 503 00d1 07       		.uleb128 0x7
 504 00d2 29020000 		.4byte	.LASF19
 505 00d6 02       		.sleb128 2
 506 00d7 07       		.uleb128 0x7
 507 00d8 C9050000 		.4byte	.LASF20
 508 00dc 03       		.sleb128 3
 509 00dd 07       		.uleb128 0x7
 510 00de B4020000 		.4byte	.LASF21
 511 00e2 04       		.sleb128 4
 512 00e3 07       		.uleb128 0x7
 513 00e4 E0010000 		.4byte	.LASF22
 514 00e8 05       		.sleb128 5
 515 00e9 07       		.uleb128 0x7
 516 00ea 77020000 		.4byte	.LASF23
 517 00ee 06       		.sleb128 6
ARM GAS  C:\Users\AARONW~1\AppData\Local\Temp\ccTSpVIw.s 			page 13


 518 00ef 07       		.uleb128 0x7
 519 00f0 99030000 		.4byte	.LASF24
 520 00f4 07       		.sleb128 7
 521 00f5 07       		.uleb128 0x7
 522 00f6 43030000 		.4byte	.LASF25
 523 00fa 08       		.sleb128 8
 524 00fb 07       		.uleb128 0x7
 525 00fc 22040000 		.4byte	.LASF26
 526 0100 09       		.sleb128 9
 527 0101 07       		.uleb128 0x7
 528 0102 9A020000 		.4byte	.LASF27
 529 0106 0A       		.sleb128 10
 530 0107 07       		.uleb128 0x7
 531 0108 EB020000 		.4byte	.LASF28
 532 010c 0B       		.sleb128 11
 533 010d 07       		.uleb128 0x7
 534 010e 0B040000 		.4byte	.LASF29
 535 0112 0C       		.sleb128 12
 536 0113 07       		.uleb128 0x7
 537 0114 44040000 		.4byte	.LASF30
 538 0118 0D       		.sleb128 13
 539 0119 07       		.uleb128 0x7
 540 011a 25000000 		.4byte	.LASF31
 541 011e 0E       		.sleb128 14
 542 011f 07       		.uleb128 0x7
 543 0120 00000000 		.4byte	.LASF32
 544 0124 0F       		.sleb128 15
 545 0125 07       		.uleb128 0x7
 546 0126 9B070000 		.4byte	.LASF33
 547 012a 10       		.sleb128 16
 548 012b 07       		.uleb128 0x7
 549 012c 5C000000 		.4byte	.LASF34
 550 0130 11       		.sleb128 17
 551 0131 07       		.uleb128 0x7
 552 0132 D0060000 		.4byte	.LASF35
 553 0136 12       		.sleb128 18
 554 0137 07       		.uleb128 0x7
 555 0138 73070000 		.4byte	.LASF36
 556 013c 13       		.sleb128 19
 557 013d 07       		.uleb128 0x7
 558 013e 29070000 		.4byte	.LASF37
 559 0142 27       		.sleb128 39
 560 0143 07       		.uleb128 0x7
 561 0144 22010000 		.4byte	.LASF38
 562 0148 28       		.sleb128 40
 563 0149 07       		.uleb128 0x7
 564 014a 68010000 		.4byte	.LASF39
 565 014e 29       		.sleb128 41
 566 014f 07       		.uleb128 0x7
 567 0150 F3060000 		.4byte	.LASF40
 568 0154 2A       		.sleb128 42
 569 0155 07       		.uleb128 0x7
 570 0156 02060000 		.4byte	.LASF41
 571 015a 2B       		.sleb128 43
 572 015b 07       		.uleb128 0x7
 573 015c C4030000 		.4byte	.LASF42
 574 0160 2C       		.sleb128 44
ARM GAS  C:\Users\AARONW~1\AppData\Local\Temp\ccTSpVIw.s 			page 14


 575 0161 07       		.uleb128 0x7
 576 0162 89050000 		.4byte	.LASF43
 577 0166 FE01     		.sleb128 254
 578 0168 07       		.uleb128 0x7
 579 0169 4B070000 		.4byte	.LASF44
 580 016d FF01     		.sleb128 255
 581 016f 07       		.uleb128 0x7
 582 0170 10070000 		.4byte	.LASF45
 583 0174 8002     		.sleb128 256
 584 0176 07       		.uleb128 0x7
 585 0177 C9070000 		.4byte	.LASF46
 586 017b 8102     		.sleb128 257
 587 017d 07       		.uleb128 0x7
 588 017e 96040000 		.4byte	.LASF47
 589 0182 8202     		.sleb128 258
 590 0184 07       		.uleb128 0x7
 591 0185 7F030000 		.4byte	.LASF48
 592 0189 8302     		.sleb128 259
 593 018b 07       		.uleb128 0x7
 594 018c D1040000 		.4byte	.LASF49
 595 0190 8402     		.sleb128 260
 596 0192 00       		.byte	0
 597 0193 04       		.uleb128 0x4
 598 0194 53020000 		.4byte	.LASF50
 599 0198 03       		.byte	0x3
 600 0199 7104     		.2byte	0x471
 601 019b BC000000 		.4byte	0xbc
 602 019f 08       		.uleb128 0x8
 603 01a0 04       		.byte	0x4
 604 01a1 6B000000 		.4byte	0x6b
 605 01a5 04       		.uleb128 0x4
 606 01a6 84010000 		.4byte	.LASF51
 607 01aa 04       		.byte	0x4
 608 01ab 8901     		.2byte	0x189
 609 01ad 77000000 		.4byte	0x77
 610 01b1 09       		.uleb128 0x9
 611 01b2 02       		.byte	0x2
 612 01b3 04       		.byte	0x4
 613 01b4 9301     		.2byte	0x193
 614 01b6 D5010000 		.4byte	0x1d5
 615 01ba 0A       		.uleb128 0xa
 616 01bb 91020000 		.4byte	.LASF52
 617 01bf 04       		.byte	0x4
 618 01c0 9A01     		.2byte	0x19a
 619 01c2 6B000000 		.4byte	0x6b
 620 01c6 00       		.byte	0
 621 01c7 0A       		.uleb128 0xa
 622 01c8 EF070000 		.4byte	.LASF53
 623 01cc 04       		.byte	0x4
 624 01cd A001     		.2byte	0x1a0
 625 01cf 6B000000 		.4byte	0x6b
 626 01d3 01       		.byte	0x1
 627 01d4 00       		.byte	0
 628 01d5 04       		.uleb128 0x4
 629 01d6 8C060000 		.4byte	.LASF54
 630 01da 04       		.byte	0x4
 631 01db A201     		.2byte	0x1a2
ARM GAS  C:\Users\AARONW~1\AppData\Local\Temp\ccTSpVIw.s 			page 15


 632 01dd B1010000 		.4byte	0x1b1
 633 01e1 09       		.uleb128 0x9
 634 01e2 08       		.byte	0x8
 635 01e3 04       		.byte	0x4
 636 01e4 BE01     		.2byte	0x1be
 637 01e6 12020000 		.4byte	0x212
 638 01ea 0B       		.uleb128 0xb
 639 01eb 76616C00 		.ascii	"val\000"
 640 01ef 04       		.byte	0x4
 641 01f0 C101     		.2byte	0x1c1
 642 01f2 9F010000 		.4byte	0x19f
 643 01f6 00       		.byte	0
 644 01f7 0B       		.uleb128 0xb
 645 01f8 6C656E00 		.ascii	"len\000"
 646 01fc 04       		.byte	0x4
 647 01fd C401     		.2byte	0x1c4
 648 01ff 77000000 		.4byte	0x77
 649 0203 04       		.byte	0x4
 650 0204 0A       		.uleb128 0xa
 651 0205 69070000 		.4byte	.LASF55
 652 0209 04       		.byte	0x4
 653 020a CB01     		.2byte	0x1cb
 654 020c 77000000 		.4byte	0x77
 655 0210 06       		.byte	0x6
 656 0211 00       		.byte	0
 657 0212 04       		.uleb128 0x4
 658 0213 E8040000 		.4byte	.LASF56
 659 0217 04       		.byte	0x4
 660 0218 CD01     		.2byte	0x1cd
 661 021a E1010000 		.4byte	0x1e1
 662 021e 09       		.uleb128 0x9
 663 021f 0C       		.byte	0xc
 664 0220 04       		.byte	0x4
 665 0221 D001     		.2byte	0x1d0
 666 0223 42020000 		.4byte	0x242
 667 0227 0A       		.uleb128 0xa
 668 0228 FE010000 		.4byte	.LASF57
 669 022c 04       		.byte	0x4
 670 022d D301     		.2byte	0x1d3
 671 022f 12020000 		.4byte	0x212
 672 0233 00       		.byte	0
 673 0234 0A       		.uleb128 0xa
 674 0235 66060000 		.4byte	.LASF58
 675 0239 04       		.byte	0x4
 676 023a D601     		.2byte	0x1d6
 677 023c A5010000 		.4byte	0x1a5
 678 0240 08       		.byte	0x8
 679 0241 00       		.byte	0
 680 0242 04       		.uleb128 0x4
 681 0243 A0060000 		.4byte	.LASF59
 682 0247 04       		.byte	0x4
 683 0248 D801     		.2byte	0x1d8
 684 024a 1E020000 		.4byte	0x21e
 685 024e 0C       		.uleb128 0xc
 686 024f 0B030000 		.4byte	.LASF60
 687 0253 05       		.byte	0x5
 688 0254 34       		.byte	0x34
ARM GAS  C:\Users\AARONW~1\AppData\Local\Temp\ccTSpVIw.s 			page 16


 689 0255 42020000 		.4byte	0x242
 690 0259 0D       		.uleb128 0xd
 691 025a 10       		.byte	0x10
 692 025b 05       		.byte	0x5
 693 025c 8A       		.byte	0x8a
 694 025d 7A020000 		.4byte	0x27a
 695 0261 0E       		.uleb128 0xe
 696 0262 F1000000 		.4byte	.LASF61
 697 0266 05       		.byte	0x5
 698 0267 8D       		.byte	0x8d
 699 0268 D5010000 		.4byte	0x1d5
 700 026c 00       		.byte	0
 701 026d 0E       		.uleb128 0xe
 702 026e 4E000000 		.4byte	.LASF62
 703 0272 05       		.byte	0x5
 704 0273 90       		.byte	0x90
 705 0274 42020000 		.4byte	0x242
 706 0278 04       		.byte	0x4
 707 0279 00       		.byte	0
 708 027a 0C       		.uleb128 0xc
 709 027b 61030000 		.4byte	.LASF63
 710 027f 05       		.byte	0x5
 711 0280 92       		.byte	0x92
 712 0281 59020000 		.4byte	0x259
 713 0285 06       		.uleb128 0x6
 714 0286 01       		.byte	0x1
 715 0287 06       		.byte	0x6
 716 0288 5008     		.2byte	0x850
 717 028a AD020000 		.4byte	0x2ad
 718 028e 07       		.uleb128 0x7
 719 028f AE010000 		.4byte	.LASF64
 720 0293 00       		.sleb128 0
 721 0294 07       		.uleb128 0x7
 722 0295 A5050000 		.4byte	.LASF65
 723 0299 01       		.sleb128 1
 724 029a 07       		.uleb128 0x7
 725 029b 04020000 		.4byte	.LASF66
 726 029f 02       		.sleb128 2
 727 02a0 07       		.uleb128 0x7
 728 02a1 35060000 		.4byte	.LASF67
 729 02a5 03       		.sleb128 3
 730 02a6 07       		.uleb128 0x7
 731 02a7 69040000 		.4byte	.LASF68
 732 02ab 04       		.sleb128 4
 733 02ac 00       		.byte	0
 734 02ad 04       		.uleb128 0x4
 735 02ae 82040000 		.4byte	.LASF69
 736 02b2 06       		.byte	0x6
 737 02b3 5E08     		.2byte	0x85e
 738 02b5 85020000 		.4byte	0x285
 739 02b9 0F       		.uleb128 0xf
 740 02ba 78060000 		.4byte	.LASF76
 741 02be 01       		.byte	0x1
 742 02bf 21       		.byte	0x21
 743 02c0 00000000 		.4byte	.LFB37
 744 02c4 B0010000 		.4byte	.LFE37-.LFB37
 745 02c8 01       		.uleb128 0x1
ARM GAS  C:\Users\AARONW~1\AppData\Local\Temp\ccTSpVIw.s 			page 17


 746 02c9 9C       		.byte	0x9c
 747 02ca 37030000 		.4byte	0x337
 748 02ce 10       		.uleb128 0x10
 749 02cf 0B010000 		.4byte	.LASF78
 750 02d3 01       		.byte	0x1
 751 02d4 21       		.byte	0x21
 752 02d5 77000000 		.4byte	0x77
 753 02d9 03       		.uleb128 0x3
 754 02da 91       		.byte	0x91
 755 02db DE7B     		.sleb128 -546
 756 02dd 11       		.uleb128 0x11
 757 02de 47020000 		.4byte	.LASF70
 758 02e2 01       		.byte	0x1
 759 02e3 23       		.byte	0x23
 760 02e4 6B000000 		.4byte	0x6b
 761 02e8 02       		.uleb128 0x2
 762 02e9 91       		.byte	0x91
 763 02ea 6F       		.sleb128 -17
 764 02eb 11       		.uleb128 0x11
 765 02ec 80000000 		.4byte	.LASF71
 766 02f0 01       		.byte	0x1
 767 02f1 24       		.byte	0x24
 768 02f2 37030000 		.4byte	0x337
 769 02f6 03       		.uleb128 0x3
 770 02f7 91       		.byte	0x91
 771 02f8 EC7B     		.sleb128 -532
 772 02fa 11       		.uleb128 0x11
 773 02fb 57010000 		.4byte	.LASF72
 774 02ff 01       		.byte	0x1
 775 0300 25       		.byte	0x25
 776 0301 77000000 		.4byte	0x77
 777 0305 02       		.uleb128 0x2
 778 0306 91       		.byte	0x91
 779 0307 6C       		.sleb128 -20
 780 0308 11       		.uleb128 0x11
 781 0309 A0010000 		.4byte	.LASF73
 782 030d 01       		.byte	0x1
 783 030e 27       		.byte	0x27
 784 030f 77000000 		.4byte	0x77
 785 0313 05       		.uleb128 0x5
 786 0314 03       		.byte	0x3
 787 0315 00000000 		.4byte	uartIdleCount.7261
 788 0319 11       		.uleb128 0x11
 789 031a E2070000 		.4byte	.LASF74
 790 031e 01       		.byte	0x1
 791 031f 29       		.byte	0x29
 792 0320 93010000 		.4byte	0x193
 793 0324 02       		.uleb128 0x2
 794 0325 91       		.byte	0x91
 795 0326 6A       		.sleb128 -22
 796 0327 11       		.uleb128 0x11
 797 0328 5B070000 		.4byte	.LASF75
 798 032c 01       		.byte	0x1
 799 032d 2A       		.byte	0x2a
 800 032e 4E020000 		.4byte	0x24e
 801 0332 03       		.uleb128 0x3
 802 0333 91       		.byte	0x91
ARM GAS  C:\Users\AARONW~1\AppData\Local\Temp\ccTSpVIw.s 			page 18


 803 0334 E07B     		.sleb128 -544
 804 0336 00       		.byte	0
 805 0337 12       		.uleb128 0x12
 806 0338 6B000000 		.4byte	0x6b
 807 033c 48030000 		.4byte	0x348
 808 0340 13       		.uleb128 0x13
 809 0341 B5000000 		.4byte	0xb5
 810 0345 FC01     		.2byte	0x1fc
 811 0347 00       		.byte	0
 812 0348 0F       		.uleb128 0xf
 813 0349 EE050000 		.4byte	.LASF77
 814 034d 01       		.byte	0x1
 815 034e 77       		.byte	0x77
 816 034f 00000000 		.4byte	.LFB38
 817 0353 26000000 		.4byte	.LFE38-.LFB38
 818 0357 01       		.uleb128 0x1
 819 0358 9C       		.byte	0x9c
 820 0359 6C030000 		.4byte	0x36c
 821 035d 10       		.uleb128 0x10
 822 035e 47010000 		.4byte	.LASF79
 823 0362 01       		.byte	0x1
 824 0363 77       		.byte	0x77
 825 0364 6C030000 		.4byte	0x36c
 826 0368 02       		.uleb128 0x2
 827 0369 91       		.byte	0x91
 828 036a 74       		.sleb128 -12
 829 036b 00       		.byte	0
 830 036c 08       		.uleb128 0x8
 831 036d 04       		.byte	0x4
 832 036e 7A020000 		.4byte	0x27a
 833 0372 14       		.uleb128 0x14
 834 0373 BF060000 		.4byte	.LASF80
 835 0377 01       		.byte	0x1
 836 0378 8E       		.byte	0x8e
 837 0379 00000000 		.4byte	.LFB39
 838 037d 18000000 		.4byte	.LFE39-.LFB39
 839 0381 01       		.uleb128 0x1
 840 0382 9C       		.byte	0x9c
 841 0383 14       		.uleb128 0x14
 842 0384 33030000 		.4byte	.LASF81
 843 0388 01       		.byte	0x1
 844 0389 A1       		.byte	0xa1
 845 038a 00000000 		.4byte	.LFB40
 846 038e 18000000 		.4byte	.LFE40-.LFB40
 847 0392 01       		.uleb128 0x1
 848 0393 9C       		.byte	0x9c
 849 0394 15       		.uleb128 0x15
 850 0395 DC030000 		.4byte	.LASF82
 851 0399 06       		.byte	0x6
 852 039a A90A     		.2byte	0xaa9
 853 039c AD020000 		.4byte	0x2ad
 854 03a0 15       		.uleb128 0x15
 855 03a1 66020000 		.4byte	.LASF83
 856 03a5 06       		.byte	0x6
 857 03a6 AA0A     		.2byte	0xaaa
 858 03a8 D5010000 		.4byte	0x1d5
 859 03ac 16       		.uleb128 0x16
ARM GAS  C:\Users\AARONW~1\AppData\Local\Temp\ccTSpVIw.s 			page 19


 860 03ad 1A020000 		.4byte	.LASF84
 861 03b1 07       		.byte	0x7
 862 03b2 25       		.byte	0x25
 863 03b3 77000000 		.4byte	0x77
 864 03b7 00       		.byte	0
 865              		.section	.debug_abbrev,"",%progbits
 866              	.Ldebug_abbrev0:
 867 0000 01       		.uleb128 0x1
 868 0001 11       		.uleb128 0x11
 869 0002 01       		.byte	0x1
 870 0003 25       		.uleb128 0x25
 871 0004 0E       		.uleb128 0xe
 872 0005 13       		.uleb128 0x13
 873 0006 0B       		.uleb128 0xb
 874 0007 03       		.uleb128 0x3
 875 0008 0E       		.uleb128 0xe
 876 0009 1B       		.uleb128 0x1b
 877 000a 0E       		.uleb128 0xe
 878 000b 55       		.uleb128 0x55
 879 000c 17       		.uleb128 0x17
 880 000d 11       		.uleb128 0x11
 881 000e 01       		.uleb128 0x1
 882 000f 10       		.uleb128 0x10
 883 0010 17       		.uleb128 0x17
 884 0011 00       		.byte	0
 885 0012 00       		.byte	0
 886 0013 02       		.uleb128 0x2
 887 0014 24       		.uleb128 0x24
 888 0015 00       		.byte	0
 889 0016 0B       		.uleb128 0xb
 890 0017 0B       		.uleb128 0xb
 891 0018 3E       		.uleb128 0x3e
 892 0019 0B       		.uleb128 0xb
 893 001a 03       		.uleb128 0x3
 894 001b 0E       		.uleb128 0xe
 895 001c 00       		.byte	0
 896 001d 00       		.byte	0
 897 001e 03       		.uleb128 0x3
 898 001f 24       		.uleb128 0x24
 899 0020 00       		.byte	0
 900 0021 0B       		.uleb128 0xb
 901 0022 0B       		.uleb128 0xb
 902 0023 3E       		.uleb128 0x3e
 903 0024 0B       		.uleb128 0xb
 904 0025 03       		.uleb128 0x3
 905 0026 08       		.uleb128 0x8
 906 0027 00       		.byte	0
 907 0028 00       		.byte	0
 908 0029 04       		.uleb128 0x4
 909 002a 16       		.uleb128 0x16
 910 002b 00       		.byte	0
 911 002c 03       		.uleb128 0x3
 912 002d 0E       		.uleb128 0xe
 913 002e 3A       		.uleb128 0x3a
 914 002f 0B       		.uleb128 0xb
 915 0030 3B       		.uleb128 0x3b
 916 0031 05       		.uleb128 0x5
ARM GAS  C:\Users\AARONW~1\AppData\Local\Temp\ccTSpVIw.s 			page 20


 917 0032 49       		.uleb128 0x49
 918 0033 13       		.uleb128 0x13
 919 0034 00       		.byte	0
 920 0035 00       		.byte	0
 921 0036 05       		.uleb128 0x5
 922 0037 35       		.uleb128 0x35
 923 0038 00       		.byte	0
 924 0039 49       		.uleb128 0x49
 925 003a 13       		.uleb128 0x13
 926 003b 00       		.byte	0
 927 003c 00       		.byte	0
 928 003d 06       		.uleb128 0x6
 929 003e 04       		.uleb128 0x4
 930 003f 01       		.byte	0x1
 931 0040 0B       		.uleb128 0xb
 932 0041 0B       		.uleb128 0xb
 933 0042 3A       		.uleb128 0x3a
 934 0043 0B       		.uleb128 0xb
 935 0044 3B       		.uleb128 0x3b
 936 0045 05       		.uleb128 0x5
 937 0046 01       		.uleb128 0x1
 938 0047 13       		.uleb128 0x13
 939 0048 00       		.byte	0
 940 0049 00       		.byte	0
 941 004a 07       		.uleb128 0x7
 942 004b 28       		.uleb128 0x28
 943 004c 00       		.byte	0
 944 004d 03       		.uleb128 0x3
 945 004e 0E       		.uleb128 0xe
 946 004f 1C       		.uleb128 0x1c
 947 0050 0D       		.uleb128 0xd
 948 0051 00       		.byte	0
 949 0052 00       		.byte	0
 950 0053 08       		.uleb128 0x8
 951 0054 0F       		.uleb128 0xf
 952 0055 00       		.byte	0
 953 0056 0B       		.uleb128 0xb
 954 0057 0B       		.uleb128 0xb
 955 0058 49       		.uleb128 0x49
 956 0059 13       		.uleb128 0x13
 957 005a 00       		.byte	0
 958 005b 00       		.byte	0
 959 005c 09       		.uleb128 0x9
 960 005d 13       		.uleb128 0x13
 961 005e 01       		.byte	0x1
 962 005f 0B       		.uleb128 0xb
 963 0060 0B       		.uleb128 0xb
 964 0061 3A       		.uleb128 0x3a
 965 0062 0B       		.uleb128 0xb
 966 0063 3B       		.uleb128 0x3b
 967 0064 05       		.uleb128 0x5
 968 0065 01       		.uleb128 0x1
 969 0066 13       		.uleb128 0x13
 970 0067 00       		.byte	0
 971 0068 00       		.byte	0
 972 0069 0A       		.uleb128 0xa
 973 006a 0D       		.uleb128 0xd
ARM GAS  C:\Users\AARONW~1\AppData\Local\Temp\ccTSpVIw.s 			page 21


 974 006b 00       		.byte	0
 975 006c 03       		.uleb128 0x3
 976 006d 0E       		.uleb128 0xe
 977 006e 3A       		.uleb128 0x3a
 978 006f 0B       		.uleb128 0xb
 979 0070 3B       		.uleb128 0x3b
 980 0071 05       		.uleb128 0x5
 981 0072 49       		.uleb128 0x49
 982 0073 13       		.uleb128 0x13
 983 0074 38       		.uleb128 0x38
 984 0075 0B       		.uleb128 0xb
 985 0076 00       		.byte	0
 986 0077 00       		.byte	0
 987 0078 0B       		.uleb128 0xb
 988 0079 0D       		.uleb128 0xd
 989 007a 00       		.byte	0
 990 007b 03       		.uleb128 0x3
 991 007c 08       		.uleb128 0x8
 992 007d 3A       		.uleb128 0x3a
 993 007e 0B       		.uleb128 0xb
 994 007f 3B       		.uleb128 0x3b
 995 0080 05       		.uleb128 0x5
 996 0081 49       		.uleb128 0x49
 997 0082 13       		.uleb128 0x13
 998 0083 38       		.uleb128 0x38
 999 0084 0B       		.uleb128 0xb
 1000 0085 00       		.byte	0
 1001 0086 00       		.byte	0
 1002 0087 0C       		.uleb128 0xc
 1003 0088 16       		.uleb128 0x16
 1004 0089 00       		.byte	0
 1005 008a 03       		.uleb128 0x3
 1006 008b 0E       		.uleb128 0xe
 1007 008c 3A       		.uleb128 0x3a
 1008 008d 0B       		.uleb128 0xb
 1009 008e 3B       		.uleb128 0x3b
 1010 008f 0B       		.uleb128 0xb
 1011 0090 49       		.uleb128 0x49
 1012 0091 13       		.uleb128 0x13
 1013 0092 00       		.byte	0
 1014 0093 00       		.byte	0
 1015 0094 0D       		.uleb128 0xd
 1016 0095 13       		.uleb128 0x13
 1017 0096 01       		.byte	0x1
 1018 0097 0B       		.uleb128 0xb
 1019 0098 0B       		.uleb128 0xb
 1020 0099 3A       		.uleb128 0x3a
 1021 009a 0B       		.uleb128 0xb
 1022 009b 3B       		.uleb128 0x3b
 1023 009c 0B       		.uleb128 0xb
 1024 009d 01       		.uleb128 0x1
 1025 009e 13       		.uleb128 0x13
 1026 009f 00       		.byte	0
 1027 00a0 00       		.byte	0
 1028 00a1 0E       		.uleb128 0xe
 1029 00a2 0D       		.uleb128 0xd
 1030 00a3 00       		.byte	0
ARM GAS  C:\Users\AARONW~1\AppData\Local\Temp\ccTSpVIw.s 			page 22


 1031 00a4 03       		.uleb128 0x3
 1032 00a5 0E       		.uleb128 0xe
 1033 00a6 3A       		.uleb128 0x3a
 1034 00a7 0B       		.uleb128 0xb
 1035 00a8 3B       		.uleb128 0x3b
 1036 00a9 0B       		.uleb128 0xb
 1037 00aa 49       		.uleb128 0x49
 1038 00ab 13       		.uleb128 0x13
 1039 00ac 38       		.uleb128 0x38
 1040 00ad 0B       		.uleb128 0xb
 1041 00ae 00       		.byte	0
 1042 00af 00       		.byte	0
 1043 00b0 0F       		.uleb128 0xf
 1044 00b1 2E       		.uleb128 0x2e
 1045 00b2 01       		.byte	0x1
 1046 00b3 3F       		.uleb128 0x3f
 1047 00b4 19       		.uleb128 0x19
 1048 00b5 03       		.uleb128 0x3
 1049 00b6 0E       		.uleb128 0xe
 1050 00b7 3A       		.uleb128 0x3a
 1051 00b8 0B       		.uleb128 0xb
 1052 00b9 3B       		.uleb128 0x3b
 1053 00ba 0B       		.uleb128 0xb
 1054 00bb 27       		.uleb128 0x27
 1055 00bc 19       		.uleb128 0x19
 1056 00bd 11       		.uleb128 0x11
 1057 00be 01       		.uleb128 0x1
 1058 00bf 12       		.uleb128 0x12
 1059 00c0 06       		.uleb128 0x6
 1060 00c1 40       		.uleb128 0x40
 1061 00c2 18       		.uleb128 0x18
 1062 00c3 9642     		.uleb128 0x2116
 1063 00c5 19       		.uleb128 0x19
 1064 00c6 01       		.uleb128 0x1
 1065 00c7 13       		.uleb128 0x13
 1066 00c8 00       		.byte	0
 1067 00c9 00       		.byte	0
 1068 00ca 10       		.uleb128 0x10
 1069 00cb 05       		.uleb128 0x5
 1070 00cc 00       		.byte	0
 1071 00cd 03       		.uleb128 0x3
 1072 00ce 0E       		.uleb128 0xe
 1073 00cf 3A       		.uleb128 0x3a
 1074 00d0 0B       		.uleb128 0xb
 1075 00d1 3B       		.uleb128 0x3b
 1076 00d2 0B       		.uleb128 0xb
 1077 00d3 49       		.uleb128 0x49
 1078 00d4 13       		.uleb128 0x13
 1079 00d5 02       		.uleb128 0x2
 1080 00d6 18       		.uleb128 0x18
 1081 00d7 00       		.byte	0
 1082 00d8 00       		.byte	0
 1083 00d9 11       		.uleb128 0x11
 1084 00da 34       		.uleb128 0x34
 1085 00db 00       		.byte	0
 1086 00dc 03       		.uleb128 0x3
 1087 00dd 0E       		.uleb128 0xe
ARM GAS  C:\Users\AARONW~1\AppData\Local\Temp\ccTSpVIw.s 			page 23


 1088 00de 3A       		.uleb128 0x3a
 1089 00df 0B       		.uleb128 0xb
 1090 00e0 3B       		.uleb128 0x3b
 1091 00e1 0B       		.uleb128 0xb
 1092 00e2 49       		.uleb128 0x49
 1093 00e3 13       		.uleb128 0x13
 1094 00e4 02       		.uleb128 0x2
 1095 00e5 18       		.uleb128 0x18
 1096 00e6 00       		.byte	0
 1097 00e7 00       		.byte	0
 1098 00e8 12       		.uleb128 0x12
 1099 00e9 01       		.uleb128 0x1
 1100 00ea 01       		.byte	0x1
 1101 00eb 49       		.uleb128 0x49
 1102 00ec 13       		.uleb128 0x13
 1103 00ed 01       		.uleb128 0x1
 1104 00ee 13       		.uleb128 0x13
 1105 00ef 00       		.byte	0
 1106 00f0 00       		.byte	0
 1107 00f1 13       		.uleb128 0x13
 1108 00f2 21       		.uleb128 0x21
 1109 00f3 00       		.byte	0
 1110 00f4 49       		.uleb128 0x49
 1111 00f5 13       		.uleb128 0x13
 1112 00f6 2F       		.uleb128 0x2f
 1113 00f7 05       		.uleb128 0x5
 1114 00f8 00       		.byte	0
 1115 00f9 00       		.byte	0
 1116 00fa 14       		.uleb128 0x14
 1117 00fb 2E       		.uleb128 0x2e
 1118 00fc 00       		.byte	0
 1119 00fd 3F       		.uleb128 0x3f
 1120 00fe 19       		.uleb128 0x19
 1121 00ff 03       		.uleb128 0x3
 1122 0100 0E       		.uleb128 0xe
 1123 0101 3A       		.uleb128 0x3a
 1124 0102 0B       		.uleb128 0xb
 1125 0103 3B       		.uleb128 0x3b
 1126 0104 0B       		.uleb128 0xb
 1127 0105 27       		.uleb128 0x27
 1128 0106 19       		.uleb128 0x19
 1129 0107 11       		.uleb128 0x11
 1130 0108 01       		.uleb128 0x1
 1131 0109 12       		.uleb128 0x12
 1132 010a 06       		.uleb128 0x6
 1133 010b 40       		.uleb128 0x40
 1134 010c 18       		.uleb128 0x18
 1135 010d 9742     		.uleb128 0x2117
 1136 010f 19       		.uleb128 0x19
 1137 0110 00       		.byte	0
 1138 0111 00       		.byte	0
 1139 0112 15       		.uleb128 0x15
 1140 0113 34       		.uleb128 0x34
 1141 0114 00       		.byte	0
 1142 0115 03       		.uleb128 0x3
 1143 0116 0E       		.uleb128 0xe
 1144 0117 3A       		.uleb128 0x3a
ARM GAS  C:\Users\AARONW~1\AppData\Local\Temp\ccTSpVIw.s 			page 24


 1145 0118 0B       		.uleb128 0xb
 1146 0119 3B       		.uleb128 0x3b
 1147 011a 05       		.uleb128 0x5
 1148 011b 49       		.uleb128 0x49
 1149 011c 13       		.uleb128 0x13
 1150 011d 3F       		.uleb128 0x3f
 1151 011e 19       		.uleb128 0x19
 1152 011f 3C       		.uleb128 0x3c
 1153 0120 19       		.uleb128 0x19
 1154 0121 00       		.byte	0
 1155 0122 00       		.byte	0
 1156 0123 16       		.uleb128 0x16
 1157 0124 34       		.uleb128 0x34
 1158 0125 00       		.byte	0
 1159 0126 03       		.uleb128 0x3
 1160 0127 0E       		.uleb128 0xe
 1161 0128 3A       		.uleb128 0x3a
 1162 0129 0B       		.uleb128 0xb
 1163 012a 3B       		.uleb128 0x3b
 1164 012b 0B       		.uleb128 0xb
 1165 012c 49       		.uleb128 0x49
 1166 012d 13       		.uleb128 0x13
 1167 012e 3F       		.uleb128 0x3f
 1168 012f 19       		.uleb128 0x19
 1169 0130 3C       		.uleb128 0x3c
 1170 0131 19       		.uleb128 0x19
 1171 0132 00       		.byte	0
 1172 0133 00       		.byte	0
 1173 0134 00       		.byte	0
 1174              		.section	.debug_aranges,"",%progbits
 1175 0000 34000000 		.4byte	0x34
 1176 0004 0200     		.2byte	0x2
 1177 0006 00000000 		.4byte	.Ldebug_info0
 1178 000a 04       		.byte	0x4
 1179 000b 00       		.byte	0
 1180 000c 0000     		.2byte	0
 1181 000e 0000     		.2byte	0
 1182 0010 00000000 		.4byte	.LFB37
 1183 0014 B0010000 		.4byte	.LFE37-.LFB37
 1184 0018 00000000 		.4byte	.LFB38
 1185 001c 26000000 		.4byte	.LFE38-.LFB38
 1186 0020 00000000 		.4byte	.LFB39
 1187 0024 18000000 		.4byte	.LFE39-.LFB39
 1188 0028 00000000 		.4byte	.LFB40
 1189 002c 18000000 		.4byte	.LFE40-.LFB40
 1190 0030 00000000 		.4byte	0
 1191 0034 00000000 		.4byte	0
 1192              		.section	.debug_ranges,"",%progbits
 1193              	.Ldebug_ranges0:
 1194 0000 00000000 		.4byte	.LFB37
 1195 0004 B0010000 		.4byte	.LFE37
 1196 0008 00000000 		.4byte	.LFB38
 1197 000c 26000000 		.4byte	.LFE38
 1198 0010 00000000 		.4byte	.LFB39
 1199 0014 18000000 		.4byte	.LFE39
 1200 0018 00000000 		.4byte	.LFB40
 1201 001c 18000000 		.4byte	.LFE40
ARM GAS  C:\Users\AARONW~1\AppData\Local\Temp\ccTSpVIw.s 			page 25


 1202 0020 00000000 		.4byte	0
 1203 0024 00000000 		.4byte	0
 1204              		.section	.debug_line,"",%progbits
 1205              	.Ldebug_line0:
 1206 0000 35010000 		.section	.debug_str,"MS",%progbits,1
 1206      0200A400 
 1206      00000201 
 1206      FB0E0D00 
 1206      01010101 
 1207              	.LASF32:
 1208 0000 4359424C 		.ascii	"CYBLE_ERROR_L2CAP_PSM_NOT_REGISTERED\000"
 1208      455F4552 
 1208      524F525F 
 1208      4C324341 
 1208      505F5053 
 1209              	.LASF31:
 1210 0025 4359424C 		.ascii	"CYBLE_ERROR_L2CAP_PSM_ALREADY_REGISTERED\000"
 1210      455F4552 
 1210      524F525F 
 1210      4C324341 
 1210      505F5053 
 1211              	.LASF62:
 1212 004e 68616E64 		.ascii	"handleValPair\000"
 1212      6C655661 
 1212      6C506169 
 1212      7200
 1213              	.LASF34:
 1214 005c 4359424C 		.ascii	"CYBLE_ERROR_L2CAP_CHANNEL_NOT_FOUND\000"
 1214      455F4552 
 1214      524F525F 
 1214      4C324341 
 1214      505F4348 
 1215              	.LASF71:
 1216 0080 75617274 		.ascii	"uartTxData\000"
 1216      54784461 
 1216      746100
 1217              	.LASF2:
 1218 008b 73686F72 		.ascii	"short int\000"
 1218      7420696E 
 1218      7400
 1219              	.LASF87:
 1220 0095 433A5C55 		.ascii	"C:\\Users\\Aaron Wubshet\\Desktop\\UART_to_BLE_peri"
 1220      73657273 
 1220      5C416172 
 1220      6F6E2057 
 1220      75627368 
 1221 00c4 70686572 		.ascii	"pheral\\UART_to_BLE_peripheral.cydsn\000"
 1221      616C5C55 
 1221      4152545F 
 1221      746F5F42 
 1221      4C455F70 
 1222              	.LASF16:
 1223 00e8 73697A65 		.ascii	"sizetype\000"
 1223      74797065 
 1223      00
 1224              	.LASF61:
 1225 00f1 636F6E6E 		.ascii	"connHandle\000"
ARM GAS  C:\Users\AARONW~1\AppData\Local\Temp\ccTSpVIw.s 			page 26


 1225      48616E64 
 1225      6C6500
 1226              	.LASF17:
 1227 00fc 4359424C 		.ascii	"CYBLE_ERROR_OK\000"
 1227      455F4552 
 1227      524F525F 
 1227      4F4B00
 1228              	.LASF78:
 1229 010b 74784461 		.ascii	"txDataClientConfigDesc\000"
 1229      7461436C 
 1229      69656E74 
 1229      436F6E66 
 1229      69674465 
 1230              	.LASF38:
 1231 0122 4359424C 		.ascii	"CYBLE_ERROR_FLASH_WRITE_NOT_PERMITED\000"
 1231      455F4552 
 1231      524F525F 
 1231      464C4153 
 1231      485F5752 
 1232              	.LASF79:
 1233 0147 75617274 		.ascii	"uartRxDataWrReq\000"
 1233      52784461 
 1233      74615772 
 1233      52657100 
 1234              	.LASF72:
 1235 0157 75617274 		.ascii	"uartTxDataLength\000"
 1235      54784461 
 1235      74614C65 
 1235      6E677468 
 1235      00
 1236              	.LASF39:
 1237 0168 4359424C 		.ascii	"CYBLE_ERROR_MIC_AUTH_FAILED\000"
 1237      455F4552 
 1237      524F525F 
 1237      4D49435F 
 1237      41555448 
 1238              	.LASF51:
 1239 0184 4359424C 		.ascii	"CYBLE_GATT_DB_ATTR_HANDLE_T\000"
 1239      455F4741 
 1239      54545F44 
 1239      425F4154 
 1239      54525F48 
 1240              	.LASF73:
 1241 01a0 75617274 		.ascii	"uartIdleCount\000"
 1241      49646C65 
 1241      436F756E 
 1241      7400
 1242              	.LASF64:
 1243 01ae 4359424C 		.ascii	"CYBLE_STATE_STOPPED\000"
 1243      455F5354 
 1243      4154455F 
 1243      53544F50 
 1243      50454400 
 1244              	.LASF18:
 1245 01c2 4359424C 		.ascii	"CYBLE_ERROR_INVALID_PARAMETER\000"
 1245      455F4552 
 1245      524F525F 
ARM GAS  C:\Users\AARONW~1\AppData\Local\Temp\ccTSpVIw.s 			page 27


 1245      494E5641 
 1245      4C49445F 
 1246              	.LASF22:
 1247 01e0 4359424C 		.ascii	"CYBLE_ERROR_OOB_NOT_AVAILABLE\000"
 1247      455F4552 
 1247      524F525F 
 1247      4F4F425F 
 1247      4E4F545F 
 1248              	.LASF57:
 1249 01fe 76616C75 		.ascii	"value\000"
 1249      6500
 1250              	.LASF66:
 1251 0204 4359424C 		.ascii	"CYBLE_STATE_CONNECTED\000"
 1251      455F5354 
 1251      4154455F 
 1251      434F4E4E 
 1251      45435445 
 1252              	.LASF84:
 1253 021a 6D747553 		.ascii	"mtuSize\000"
 1253      697A6500 
 1254              	.LASF10:
 1255 0222 75696E74 		.ascii	"uint16\000"
 1255      313600
 1256              	.LASF19:
 1257 0229 4359424C 		.ascii	"CYBLE_ERROR_INVALID_OPERATION\000"
 1257      455F4552 
 1257      524F525F 
 1257      494E5641 
 1257      4C49445F 
 1258              	.LASF70:
 1259 0247 696E6465 		.ascii	"index\000"
 1259      7800
 1260              	.LASF9:
 1261 024d 75696E74 		.ascii	"uint8\000"
 1261      3800
 1262              	.LASF50:
 1263 0253 4359424C 		.ascii	"CYBLE_API_RESULT_T\000"
 1263      455F4150 
 1263      495F5245 
 1263      53554C54 
 1263      5F5400
 1264              	.LASF83:
 1265 0266 6379426C 		.ascii	"cyBle_connHandle\000"
 1265      655F636F 
 1265      6E6E4861 
 1265      6E646C65 
 1265      00
 1266              	.LASF23:
 1267 0277 4359424C 		.ascii	"CYBLE_ERROR_NO_CONNECTION\000"
 1267      455F4552 
 1267      524F525F 
 1267      4E4F5F43 
 1267      4F4E4E45 
 1268              	.LASF52:
 1269 0291 62644861 		.ascii	"bdHandle\000"
 1269      6E646C65 
 1269      00
ARM GAS  C:\Users\AARONW~1\AppData\Local\Temp\ccTSpVIw.s 			page 28


 1270              	.LASF27:
 1271 029a 4359424C 		.ascii	"CYBLE_ERROR_TX_POWER_READ\000"
 1271      455F4552 
 1271      524F525F 
 1271      54585F50 
 1271      4F574552 
 1272              	.LASF21:
 1273 02b4 4359424C 		.ascii	"CYBLE_ERROR_INSUFFICIENT_RESOURCES\000"
 1273      455F4552 
 1273      524F525F 
 1273      494E5355 
 1273      46464943 
 1274              	.LASF12:
 1275 02d7 666C6F61 		.ascii	"float\000"
 1275      7400
 1276              	.LASF6:
 1277 02dd 6C6F6E67 		.ascii	"long long int\000"
 1277      206C6F6E 
 1277      6720696E 
 1277      7400
 1278              	.LASF28:
 1279 02eb 4359424C 		.ascii	"CYBLE_ERROR_BT_ON_NOT_COMPLETED\000"
 1279      455F4552 
 1279      524F525F 
 1279      42545F4F 
 1279      4E5F4E4F 
 1280              	.LASF60:
 1281 030b 4359424C 		.ascii	"CYBLE_GATTS_HANDLE_VALUE_NTF_T\000"
 1281      455F4741 
 1281      5454535F 
 1281      48414E44 
 1281      4C455F56 
 1282              	.LASF4:
 1283 032a 6C6F6E67 		.ascii	"long int\000"
 1283      20696E74 
 1283      00
 1284              	.LASF81:
 1285 0333 456E6162 		.ascii	"EnableUartRxInt\000"
 1285      6C655561 
 1285      72745278 
 1285      496E7400 
 1286              	.LASF25:
 1287 0343 4359424C 		.ascii	"CYBLE_ERROR_REPEATED_ATTEMPTS\000"
 1287      455F4552 
 1287      524F525F 
 1287      52455045 
 1287      41544544 
 1288              	.LASF63:
 1289 0361 4359424C 		.ascii	"CYBLE_GATTS_WRITE_REQ_PARAM_T\000"
 1289      455F4741 
 1289      5454535F 
 1289      57524954 
 1289      455F5245 
 1290              	.LASF48:
 1291 037f 4359424C 		.ascii	"CYBLE_ERROR_INVALID_STATE\000"
 1291      455F4552 
 1291      524F525F 
ARM GAS  C:\Users\AARONW~1\AppData\Local\Temp\ccTSpVIw.s 			page 29


 1291      494E5641 
 1291      4C49445F 
 1292              	.LASF24:
 1293 0399 4359424C 		.ascii	"CYBLE_ERROR_NO_DEVICE_ENTITY\000"
 1293      455F4552 
 1293      524F525F 
 1293      4E4F5F44 
 1293      45564943 
 1294              	.LASF1:
 1295 03b6 756E7369 		.ascii	"unsigned char\000"
 1295      676E6564 
 1295      20636861 
 1295      7200
 1296              	.LASF42:
 1297 03c4 4359424C 		.ascii	"CYBLE_ERROR_FLASH_WRITE\000"
 1297      455F4552 
 1297      524F525F 
 1297      464C4153 
 1297      485F5752 
 1298              	.LASF82:
 1299 03dc 6379426C 		.ascii	"cyBle_state\000"
 1299      655F7374 
 1299      61746500 
 1300              	.LASF0:
 1301 03e8 7369676E 		.ascii	"signed char\000"
 1301      65642063 
 1301      68617200 
 1302              	.LASF7:
 1303 03f4 6C6F6E67 		.ascii	"long long unsigned int\000"
 1303      206C6F6E 
 1303      6720756E 
 1303      7369676E 
 1303      65642069 
 1304              	.LASF29:
 1305 040b 4359424C 		.ascii	"CYBLE_ERROR_SEC_FAILED\000"
 1305      455F4552 
 1305      524F525F 
 1305      5345435F 
 1305      4641494C 
 1306              	.LASF26:
 1307 0422 4359424C 		.ascii	"CYBLE_ERROR_GAP_ROLE\000"
 1307      455F4552 
 1307      524F525F 
 1307      4741505F 
 1307      524F4C45 
 1308              	.LASF8:
 1309 0437 756E7369 		.ascii	"unsigned int\000"
 1309      676E6564 
 1309      20696E74 
 1309      00
 1310              	.LASF30:
 1311 0444 4359424C 		.ascii	"CYBLE_ERROR_L2CAP_PSM_WRONG_ENCODING\000"
 1311      455F4552 
 1311      524F525F 
 1311      4C324341 
 1311      505F5053 
 1312              	.LASF68:
ARM GAS  C:\Users\AARONW~1\AppData\Local\Temp\ccTSpVIw.s 			page 30


 1313 0469 4359424C 		.ascii	"CYBLE_STATE_DISCONNECTED\000"
 1313      455F5354 
 1313      4154455F 
 1313      44495343 
 1313      4F4E4E45 
 1314              	.LASF69:
 1315 0482 4359424C 		.ascii	"CYBLE_STATE_T\000"
 1315      455F5354 
 1315      4154455F 
 1315      5400
 1316              	.LASF15:
 1317 0490 72656733 		.ascii	"reg32\000"
 1317      3200
 1318              	.LASF47:
 1319 0496 4359424C 		.ascii	"CYBLE_ERROR_CHAR_IS_NOT_DISCOVERED\000"
 1319      455F4552 
 1319      524F525F 
 1319      43484152 
 1319      5F49535F 
 1320              	.LASF3:
 1321 04b9 73686F72 		.ascii	"short unsigned int\000"
 1321      7420756E 
 1321      7369676E 
 1321      65642069 
 1321      6E7400
 1322              	.LASF14:
 1323 04cc 63686172 		.ascii	"char\000"
 1323      00
 1324              	.LASF49:
 1325 04d1 4359424C 		.ascii	"CYBLE_ERROR_STACK_BUSY\000"
 1325      455F4552 
 1325      524F525F 
 1325      53544143 
 1325      4B5F4255 
 1326              	.LASF56:
 1327 04e8 4359424C 		.ascii	"CYBLE_GATT_VALUE_T\000"
 1327      455F4741 
 1327      54545F56 
 1327      414C5545 
 1327      5F5400
 1328              	.LASF85:
 1329 04fb 474E5520 		.ascii	"GNU C 4.9.3 20150303 (release) [ARM/embedded-4_9-br"
 1329      4320342E 
 1329      392E3320 
 1329      32303135 
 1329      30333033 
 1330 052e 616E6368 		.ascii	"anch revision 221220] -mcpu=cortex-m0 -mthumb -g -O"
 1330      20726576 
 1330      6973696F 
 1330      6E203232 
 1330      31323230 
 1331 0561 30202D66 		.ascii	"0 -ffunction-sections -ffat-lto-objects\000"
 1331      66756E63 
 1331      74696F6E 
 1331      2D736563 
 1331      74696F6E 
 1332              	.LASF43:
ARM GAS  C:\Users\AARONW~1\AppData\Local\Temp\ccTSpVIw.s 			page 31


 1333 0589 4359424C 		.ascii	"CYBLE_ERROR_CONTROLLER_BUSY\000"
 1333      455F4552 
 1333      524F525F 
 1333      434F4E54 
 1333      524F4C4C 
 1334              	.LASF65:
 1335 05a5 4359424C 		.ascii	"CYBLE_STATE_INITIALIZING\000"
 1335      455F5354 
 1335      4154455F 
 1335      494E4954 
 1335      49414C49 
 1336              	.LASF86:
 1337 05be 6170705F 		.ascii	"app_UART.c\000"
 1337      55415254 
 1337      2E6300
 1338              	.LASF20:
 1339 05c9 4359424C 		.ascii	"CYBLE_ERROR_MEMORY_ALLOCATION_FAILED\000"
 1339      455F4552 
 1339      524F525F 
 1339      4D454D4F 
 1339      52595F41 
 1340              	.LASF77:
 1341 05ee 48616E64 		.ascii	"HandleUartRxTraffic\000"
 1341      6C655561 
 1341      72745278 
 1341      54726166 
 1341      66696300 
 1342              	.LASF41:
 1343 0602 4359424C 		.ascii	"CYBLE_ERROR_UNSUPPORTED_FEATURE_OR_PARAMETER_VALUE\000"
 1343      455F4552 
 1343      524F525F 
 1343      554E5355 
 1343      50504F52 
 1344              	.LASF67:
 1345 0635 4359424C 		.ascii	"CYBLE_STATE_ADVERTISING\000"
 1345      455F5354 
 1345      4154455F 
 1345      41445645 
 1345      52544953 
 1346              	.LASF11:
 1347 064d 75696E74 		.ascii	"uint32\000"
 1347      333200
 1348              	.LASF5:
 1349 0654 6C6F6E67 		.ascii	"long unsigned int\000"
 1349      20756E73 
 1349      69676E65 
 1349      6420696E 
 1349      7400
 1350              	.LASF58:
 1351 0666 61747472 		.ascii	"attrHandle\000"
 1351      48616E64 
 1351      6C6500
 1352              	.LASF13:
 1353 0671 646F7562 		.ascii	"double\000"
 1353      6C6500
 1354              	.LASF76:
 1355 0678 48616E64 		.ascii	"HandleUartTxTraffic\000"
ARM GAS  C:\Users\AARONW~1\AppData\Local\Temp\ccTSpVIw.s 			page 32


 1355      6C655561 
 1355      72745478 
 1355      54726166 
 1355      66696300 
 1356              	.LASF54:
 1357 068c 4359424C 		.ascii	"CYBLE_CONN_HANDLE_T\000"
 1357      455F434F 
 1357      4E4E5F48 
 1357      414E444C 
 1357      455F5400 
 1358              	.LASF59:
 1359 06a0 4359424C 		.ascii	"CYBLE_GATT_HANDLE_VALUE_PAIR_T\000"
 1359      455F4741 
 1359      54545F48 
 1359      414E444C 
 1359      455F5641 
 1360              	.LASF80:
 1361 06bf 44697361 		.ascii	"DisableUartRxInt\000"
 1361      626C6555 
 1361      61727452 
 1361      78496E74 
 1361      00
 1362              	.LASF35:
 1363 06d0 4359424C 		.ascii	"CYBLE_ERROR_L2CAP_PSM_NOT_IN_RANGE\000"
 1363      455F4552 
 1363      524F525F 
 1363      4C324341 
 1363      505F5053 
 1364              	.LASF40:
 1365 06f3 4359424C 		.ascii	"CYBLE_ERROR_HARDWARE_FAILURE\000"
 1365      455F4552 
 1365      524F525F 
 1365      48415244 
 1365      57415245 
 1366              	.LASF45:
 1367 0710 4359424C 		.ascii	"CYBLE_ERROR_NTF_DISABLED\000"
 1367      455F4552 
 1367      524F525F 
 1367      4E54465F 
 1367      44495341 
 1368              	.LASF37:
 1369 0729 4359424C 		.ascii	"CYBLE_ERROR_DEVICE_ALREADY_EXISTS\000"
 1369      455F4552 
 1369      524F525F 
 1369      44455649 
 1369      43455F41 
 1370              	.LASF44:
 1371 074b 4359424C 		.ascii	"CYBLE_ERROR_MAX\000"
 1371      455F4552 
 1371      524F525F 
 1371      4D415800 
 1372              	.LASF75:
 1373 075b 75617274 		.ascii	"uartTxDataNtf\000"
 1373      54784461 
 1373      74614E74 
 1373      6600
 1374              	.LASF55:
ARM GAS  C:\Users\AARONW~1\AppData\Local\Temp\ccTSpVIw.s 			page 33


 1375 0769 61637475 		.ascii	"actualLen\000"
 1375      616C4C65 
 1375      6E00
 1376              	.LASF36:
 1377 0773 4359424C 		.ascii	"CYBLE_ERROR_GATT_DB_INVALID_ATTR_HANDLE\000"
 1377      455F4552 
 1377      524F525F 
 1377      47415454 
 1377      5F44425F 
 1378              	.LASF33:
 1379 079b 4359424C 		.ascii	"CYBLE_ERROR_L2CAP_CONNECTION_ENTITY_NOT_FOUND\000"
 1379      455F4552 
 1379      524F525F 
 1379      4C324341 
 1379      505F434F 
 1380              	.LASF46:
 1381 07c9 4359424C 		.ascii	"CYBLE_ERROR_IND_DISABLED\000"
 1381      455F4552 
 1381      524F525F 
 1381      494E445F 
 1381      44495341 
 1382              	.LASF74:
 1383 07e2 626C6541 		.ascii	"bleApiResult\000"
 1383      70695265 
 1383      73756C74 
 1383      00
 1384              	.LASF53:
 1385 07ef 61747449 		.ascii	"attId\000"
 1385      6400
 1386              		.ident	"GCC: (GNU Tools for ARM Embedded Processors) 4.9.3 20150303 (release) [ARM/embedded-4_9-br
