ARM GAS  C:\Users\AARONW~1\AppData\Local\Temp\ccftKbob.s 			page 1


   1              		.cpu cortex-m0
   2              		.fpu softvfp
   3              		.eabi_attribute 20, 1
   4              		.eabi_attribute 21, 1
   5              		.eabi_attribute 23, 3
   6              		.eabi_attribute 24, 1
   7              		.eabi_attribute 25, 1
   8              		.eabi_attribute 26, 1
   9              		.eabi_attribute 30, 6
  10              		.eabi_attribute 34, 0
  11              		.eabi_attribute 18, 4
  12              		.code	16
  13              		.file	"BLE_custom.c"
  14              		.text
  15              	.Ltext0:
  16              		.cfi_sections	.debug_frame
  17              		.global	cyBle_customs
  18              		.section	.rodata
  19              		.align	2
  20              		.type	cyBle_customs, %object
  21              		.size	cyBle_customs, 10
  22              	cyBle_customs:
  23 0000 0C00     		.short	12
  24 0002 0E00     		.short	14
  25 0004 0F00     		.short	15
  26 0006 1100     		.short	17
  27 0008 0000     		.short	0
  28 000a 0000     		.section	.text.CyBle_CustomInit,"ax",%progbits
  29              		.align	2
  30              		.global	CyBle_CustomInit
  31              		.code	16
  32              		.thumb_func
  33              		.type	CyBle_CustomInit, %function
  34              	CyBle_CustomInit:
  35              	.LFB2:
  36              		.file 1 "Generated_Source\\PSoC4\\BLE_custom.c"
   1:Generated_Source\PSoC4/BLE_custom.c **** /***************************************************************************//**
   2:Generated_Source\PSoC4/BLE_custom.c **** * \file CYBLE_custom.c
   3:Generated_Source\PSoC4/BLE_custom.c **** * \version 3.30
   4:Generated_Source\PSoC4/BLE_custom.c **** * 
   5:Generated_Source\PSoC4/BLE_custom.c **** * \brief
   6:Generated_Source\PSoC4/BLE_custom.c **** *  Contains the source code for the Custom Service.
   7:Generated_Source\PSoC4/BLE_custom.c **** * 
   8:Generated_Source\PSoC4/BLE_custom.c **** ********************************************************************************
   9:Generated_Source\PSoC4/BLE_custom.c **** * \copyright
  10:Generated_Source\PSoC4/BLE_custom.c **** * Copyright 2014-2016, Cypress Semiconductor Corporation.  All rights reserved.
  11:Generated_Source\PSoC4/BLE_custom.c **** * You may use this file only in accordance with the license, terms, conditions,
  12:Generated_Source\PSoC4/BLE_custom.c **** * disclaimers, and limitations in the end user license agreement accompanying
  13:Generated_Source\PSoC4/BLE_custom.c **** * the software package with which this file was provided.
  14:Generated_Source\PSoC4/BLE_custom.c **** *******************************************************************************/
  15:Generated_Source\PSoC4/BLE_custom.c **** 
  16:Generated_Source\PSoC4/BLE_custom.c **** 
  17:Generated_Source\PSoC4/BLE_custom.c **** #include "BLE_eventHandler.h"
  18:Generated_Source\PSoC4/BLE_custom.c **** 
  19:Generated_Source\PSoC4/BLE_custom.c **** #ifdef CYBLE_CUSTOM_SERVER
  20:Generated_Source\PSoC4/BLE_custom.c **** 
  21:Generated_Source\PSoC4/BLE_custom.c **** /* If any custom service with custom characterisctis is defined in the
ARM GAS  C:\Users\AARONW~1\AppData\Local\Temp\ccftKbob.s 			page 2


  22:Generated_Source\PSoC4/BLE_custom.c **** * customizer's GUI their handles will be present in this array.
  23:Generated_Source\PSoC4/BLE_custom.c **** */
  24:Generated_Source\PSoC4/BLE_custom.c **** /* This array contains attribute handles for the defined Custom Services and their characteristics 
  25:Generated_Source\PSoC4/BLE_custom.c ****    The array index definitions are located in the CYBLE_custom.h file. */
  26:Generated_Source\PSoC4/BLE_custom.c **** const CYBLE_CUSTOMS_T cyBle_customs[0x01u] = {
  27:Generated_Source\PSoC4/BLE_custom.c **** 
  28:Generated_Source\PSoC4/BLE_custom.c ****     /* Server_UART service */
  29:Generated_Source\PSoC4/BLE_custom.c ****     {
  30:Generated_Source\PSoC4/BLE_custom.c ****         0x000Cu, /* Handle of the Server_UART service */ 
  31:Generated_Source\PSoC4/BLE_custom.c ****         {
  32:Generated_Source\PSoC4/BLE_custom.c **** 
  33:Generated_Source\PSoC4/BLE_custom.c ****             /* Server_UART_Tx_data characteristic */
  34:Generated_Source\PSoC4/BLE_custom.c ****             {
  35:Generated_Source\PSoC4/BLE_custom.c ****                 0x000Eu, /* Handle of the Server_UART_Tx_data characteristic */ 
  36:Generated_Source\PSoC4/BLE_custom.c ****                 
  37:Generated_Source\PSoC4/BLE_custom.c ****                 /* Array of Descriptors handles */
  38:Generated_Source\PSoC4/BLE_custom.c ****                 {
  39:Generated_Source\PSoC4/BLE_custom.c ****                     0x000Fu, /* Handle of the Client Characteristic Configuration descriptor */ 
  40:Generated_Source\PSoC4/BLE_custom.c ****                 }, 
  41:Generated_Source\PSoC4/BLE_custom.c ****             },
  42:Generated_Source\PSoC4/BLE_custom.c **** 
  43:Generated_Source\PSoC4/BLE_custom.c ****             /* Server_UART_Rx_data characteristic */
  44:Generated_Source\PSoC4/BLE_custom.c ****             {
  45:Generated_Source\PSoC4/BLE_custom.c ****                 0x0011u, /* Handle of the Server_UART_Rx_data characteristic */ 
  46:Generated_Source\PSoC4/BLE_custom.c ****                 
  47:Generated_Source\PSoC4/BLE_custom.c ****                 /* Array of Descriptors handles */
  48:Generated_Source\PSoC4/BLE_custom.c ****                 {
  49:Generated_Source\PSoC4/BLE_custom.c ****                     CYBLE_GATT_INVALID_ATTR_HANDLE_VALUE, 
  50:Generated_Source\PSoC4/BLE_custom.c ****                 }, 
  51:Generated_Source\PSoC4/BLE_custom.c ****             },
  52:Generated_Source\PSoC4/BLE_custom.c ****         }, 
  53:Generated_Source\PSoC4/BLE_custom.c ****     },
  54:Generated_Source\PSoC4/BLE_custom.c **** };
  55:Generated_Source\PSoC4/BLE_custom.c **** 
  56:Generated_Source\PSoC4/BLE_custom.c **** 
  57:Generated_Source\PSoC4/BLE_custom.c **** #endif /* (CYBLE_CUSTOM_SERVER) */
  58:Generated_Source\PSoC4/BLE_custom.c **** 
  59:Generated_Source\PSoC4/BLE_custom.c **** #ifdef CYBLE_CUSTOM_CLIENT
  60:Generated_Source\PSoC4/BLE_custom.c ****     
  61:Generated_Source\PSoC4/BLE_custom.c **** 
  62:Generated_Source\PSoC4/BLE_custom.c **** static uint16 cyBle_customDisServIndex;
  63:Generated_Source\PSoC4/BLE_custom.c **** static uint16 cyBle_customDisCharIndex;
  64:Generated_Source\PSoC4/BLE_custom.c **** 
  65:Generated_Source\PSoC4/BLE_custom.c **** #endif /* (CYBLE_CUSTOM_CLIENT) */
  66:Generated_Source\PSoC4/BLE_custom.c **** 
  67:Generated_Source\PSoC4/BLE_custom.c **** 
  68:Generated_Source\PSoC4/BLE_custom.c **** /****************************************************************************** 
  69:Generated_Source\PSoC4/BLE_custom.c **** * Function Name: CyBle_CustomInit
  70:Generated_Source\PSoC4/BLE_custom.c **** ***************************************************************************//**
  71:Generated_Source\PSoC4/BLE_custom.c **** * 
  72:Generated_Source\PSoC4/BLE_custom.c **** *  This function initializes Custom Service.
  73:Generated_Source\PSoC4/BLE_custom.c **** * 
  74:Generated_Source\PSoC4/BLE_custom.c **** * \return
  75:Generated_Source\PSoC4/BLE_custom.c **** *  None
  76:Generated_Source\PSoC4/BLE_custom.c **** * 
  77:Generated_Source\PSoC4/BLE_custom.c **** ******************************************************************************/
  78:Generated_Source\PSoC4/BLE_custom.c **** void CyBle_CustomInit(void)
ARM GAS  C:\Users\AARONW~1\AppData\Local\Temp\ccftKbob.s 			page 3


  79:Generated_Source\PSoC4/BLE_custom.c **** {
  37              		.loc 1 79 0
  38              		.cfi_startproc
  39 0000 80B5     		push	{r7, lr}
  40              		.cfi_def_cfa_offset 8
  41              		.cfi_offset 7, -8
  42              		.cfi_offset 14, -4
  43 0002 00AF     		add	r7, sp, #0
  44              		.cfi_def_cfa_register 7
  80:Generated_Source\PSoC4/BLE_custom.c ****     
  81:Generated_Source\PSoC4/BLE_custom.c **** #ifdef CYBLE_CUSTOM_CLIENT
  82:Generated_Source\PSoC4/BLE_custom.c **** 
  83:Generated_Source\PSoC4/BLE_custom.c ****     uint16 locServIndex;
  84:Generated_Source\PSoC4/BLE_custom.c ****     uint16 locCharIndex;
  85:Generated_Source\PSoC4/BLE_custom.c ****     uint16 locDescIndex;
  86:Generated_Source\PSoC4/BLE_custom.c ****     
  87:Generated_Source\PSoC4/BLE_custom.c ****     for(locServIndex = 0u; locServIndex < CYBLE_CUSTOMC_SERVICE_COUNT; locServIndex++)
  88:Generated_Source\PSoC4/BLE_custom.c ****     {
  89:Generated_Source\PSoC4/BLE_custom.c ****         if(cyBle_serverInfo[CYBLE_SRVI_CUSTOMS + locServIndex].range.startHandle == CYBLE_GATT_INVA
  90:Generated_Source\PSoC4/BLE_custom.c ****         {
  91:Generated_Source\PSoC4/BLE_custom.c ****             for(locCharIndex = 0u; locCharIndex < cyBle_customCServ[locServIndex].charCount; locCha
  92:Generated_Source\PSoC4/BLE_custom.c ****             {
  93:Generated_Source\PSoC4/BLE_custom.c ****                 cyBle_customCServ[locServIndex].customServChar[locCharIndex].
  94:Generated_Source\PSoC4/BLE_custom.c ****                     customServCharHandle = 0u;
  95:Generated_Source\PSoC4/BLE_custom.c ****                 
  96:Generated_Source\PSoC4/BLE_custom.c ****                 for(locDescIndex = 0u; locDescIndex < 
  97:Generated_Source\PSoC4/BLE_custom.c ****                     cyBle_customCServ[locServIndex].customServChar[locCharIndex].descCount; 
  98:Generated_Source\PSoC4/BLE_custom.c ****                         locDescIndex++)
  99:Generated_Source\PSoC4/BLE_custom.c ****                 {
 100:Generated_Source\PSoC4/BLE_custom.c ****                     cyBle_customCServ[locServIndex].customServChar[locCharIndex].
 101:Generated_Source\PSoC4/BLE_custom.c ****                         customServCharDesc[locDescIndex].descHandle = 0u;
 102:Generated_Source\PSoC4/BLE_custom.c ****                 }
 103:Generated_Source\PSoC4/BLE_custom.c ****             }
 104:Generated_Source\PSoC4/BLE_custom.c ****         }
 105:Generated_Source\PSoC4/BLE_custom.c ****     }
 106:Generated_Source\PSoC4/BLE_custom.c **** 
 107:Generated_Source\PSoC4/BLE_custom.c **** #endif /* (CYBLE_CUSTOM_CLIENT) */
 108:Generated_Source\PSoC4/BLE_custom.c **** }
  45              		.loc 1 108 0
  46 0004 BD46     		mov	sp, r7
  47              		@ sp needed
  48 0006 80BD     		pop	{r7, pc}
  49              		.cfi_endproc
  50              	.LFE2:
  51              		.size	CyBle_CustomInit, .-CyBle_CustomInit
  52              		.text
  53              	.Letext0:
  54              		.file 2 "Generated_Source\\PSoC4\\cytypes.h"
  55              		.file 3 "Generated_Source\\PSoC4\\BLE_StackGatt.h"
  56              		.file 4 "Generated_Source\\PSoC4\\BLE_custom.h"
  57              		.file 5 "Generated_Source\\PSoC4\\BLE_Stack.h"
  58              		.section	.debug_info,"",%progbits
  59              	.Ldebug_info0:
  60 0000 2E030000 		.4byte	0x32e
  61 0004 0400     		.2byte	0x4
  62 0006 00000000 		.4byte	.Ldebug_abbrev0
  63 000a 04       		.byte	0x4
ARM GAS  C:\Users\AARONW~1\AppData\Local\Temp\ccftKbob.s 			page 4


  64 000b 01       		.uleb128 0x1
  65 000c 13070000 		.4byte	.LASF93
  66 0010 01       		.byte	0x1
  67 0011 19030000 		.4byte	.LASF94
  68 0015 F9000000 		.4byte	.LASF95
  69 0019 00000000 		.4byte	.Ldebug_ranges0+0
  70 001d 00000000 		.4byte	0
  71 0021 00000000 		.4byte	.Ldebug_line0
  72 0025 02       		.uleb128 0x2
  73 0026 01       		.byte	0x1
  74 0027 06       		.byte	0x6
  75 0028 4F050000 		.4byte	.LASF0
  76 002c 02       		.uleb128 0x2
  77 002d 01       		.byte	0x1
  78 002e 08       		.byte	0x8
  79 002f D6040000 		.4byte	.LASF1
  80 0033 02       		.uleb128 0x2
  81 0034 02       		.byte	0x2
  82 0035 05       		.byte	0x5
  83 0036 B7000000 		.4byte	.LASF2
  84 003a 02       		.uleb128 0x2
  85 003b 02       		.byte	0x2
  86 003c 07       		.byte	0x7
  87 003d BD070000 		.4byte	.LASF3
  88 0041 02       		.uleb128 0x2
  89 0042 04       		.byte	0x4
  90 0043 05       		.byte	0x5
  91 0044 8A030000 		.4byte	.LASF4
  92 0048 02       		.uleb128 0x2
  93 0049 04       		.byte	0x4
  94 004a 07       		.byte	0x7
  95 004b E0050000 		.4byte	.LASF5
  96 004f 02       		.uleb128 0x2
  97 0050 08       		.byte	0x8
  98 0051 05       		.byte	0x5
  99 0052 76010000 		.4byte	.LASF6
 100 0056 02       		.uleb128 0x2
 101 0057 08       		.byte	0x8
 102 0058 07       		.byte	0x7
 103 0059 3D030000 		.4byte	.LASF7
 104 005d 03       		.uleb128 0x3
 105 005e 04       		.byte	0x4
 106 005f 05       		.byte	0x5
 107 0060 696E7400 		.ascii	"int\000"
 108 0064 02       		.uleb128 0x2
 109 0065 04       		.byte	0x4
 110 0066 07       		.byte	0x7
 111 0067 B8050000 		.4byte	.LASF8
 112 006b 04       		.uleb128 0x4
 113 006c 21020000 		.4byte	.LASF85
 114 0070 02       		.byte	0x2
 115 0071 BA01     		.2byte	0x1ba
 116 0073 3A000000 		.4byte	0x3a
 117 0077 02       		.uleb128 0x2
 118 0078 04       		.byte	0x4
 119 0079 04       		.byte	0x4
 120 007a D1020000 		.4byte	.LASF9
ARM GAS  C:\Users\AARONW~1\AppData\Local\Temp\ccftKbob.s 			page 5


 121 007e 02       		.uleb128 0x2
 122 007f 08       		.byte	0x8
 123 0080 04       		.byte	0x4
 124 0081 8E080000 		.4byte	.LASF10
 125 0085 02       		.uleb128 0x2
 126 0086 01       		.byte	0x1
 127 0087 08       		.byte	0x8
 128 0088 0E070000 		.4byte	.LASF11
 129 008c 02       		.uleb128 0x2
 130 008d 04       		.byte	0x4
 131 008e 07       		.byte	0x7
 132 008f 4C010000 		.4byte	.LASF12
 133 0093 05       		.uleb128 0x5
 134 0094 01       		.byte	0x1
 135 0095 05       		.byte	0x5
 136 0096 4D01     		.2byte	0x14d
 137 0098 76020000 		.4byte	0x276
 138 009c 06       		.uleb128 0x6
 139 009d 7B020000 		.4byte	.LASF13
 140 00a1 00       		.sleb128 0
 141 00a2 06       		.uleb128 0x6
 142 00a3 BB010000 		.4byte	.LASF14
 143 00a7 01       		.sleb128 1
 144 00a8 06       		.uleb128 0x6
 145 00a9 140A0000 		.4byte	.LASF15
 146 00ad 02       		.sleb128 2
 147 00ae 06       		.uleb128 0x6
 148 00af EA080000 		.4byte	.LASF16
 149 00b3 03       		.sleb128 3
 150 00b4 06       		.uleb128 0x6
 151 00b5 95010000 		.4byte	.LASF17
 152 00b9 04       		.sleb128 4
 153 00ba 06       		.uleb128 0x6
 154 00bb 1C040000 		.4byte	.LASF18
 155 00bf 05       		.sleb128 5
 156 00c0 06       		.uleb128 0x6
 157 00c1 3E000000 		.4byte	.LASF19
 158 00c5 06       		.sleb128 6
 159 00c6 06       		.uleb128 0x6
 160 00c7 48090000 		.4byte	.LASF20
 161 00cb 20       		.sleb128 32
 162 00cc 06       		.uleb128 0x6
 163 00cd F2050000 		.4byte	.LASF21
 164 00d1 21       		.sleb128 33
 165 00d2 06       		.uleb128 0x6
 166 00d3 00000000 		.4byte	.LASF22
 167 00d7 22       		.sleb128 34
 168 00d8 06       		.uleb128 0x6
 169 00d9 38040000 		.4byte	.LASF23
 170 00dd 23       		.sleb128 35
 171 00de 06       		.uleb128 0x6
 172 00df 9C050000 		.4byte	.LASF24
 173 00e3 24       		.sleb128 36
 174 00e4 06       		.uleb128 0x6
 175 00e5 C1000000 		.4byte	.LASF25
 176 00e9 25       		.sleb128 37
 177 00ea 06       		.uleb128 0x6
ARM GAS  C:\Users\AARONW~1\AppData\Local\Temp\ccftKbob.s 			page 6


 178 00eb D3030000 		.4byte	.LASF26
 179 00ef 26       		.sleb128 38
 180 00f0 06       		.uleb128 0x6
 181 00f1 B4030000 		.4byte	.LASF27
 182 00f5 27       		.sleb128 39
 183 00f6 06       		.uleb128 0x6
 184 00f7 71000000 		.4byte	.LASF28
 185 00fb 28       		.sleb128 40
 186 00fc 06       		.uleb128 0x6
 187 00fd 2A060000 		.4byte	.LASF29
 188 0101 29       		.sleb128 41
 189 0102 06       		.uleb128 0x6
 190 0103 BE060000 		.4byte	.LASF30
 191 0107 2A       		.sleb128 42
 192 0108 06       		.uleb128 0x6
 193 0109 2E080000 		.4byte	.LASF31
 194 010d 2B       		.sleb128 43
 195 010e 06       		.uleb128 0x6
 196 010f 82060000 		.4byte	.LASF32
 197 0113 2C       		.sleb128 44
 198 0114 06       		.uleb128 0x6
 199 0115 F0020000 		.4byte	.LASF33
 200 0119 2D       		.sleb128 45
 201 011a 06       		.uleb128 0x6
 202 011b 93000000 		.4byte	.LASF34
 203 011f 2E       		.sleb128 46
 204 0120 06       		.uleb128 0x6
 205 0121 FE0A0000 		.4byte	.LASF35
 206 0125 2F       		.sleb128 47
 207 0126 06       		.uleb128 0x6
 208 0127 55010000 		.4byte	.LASF36
 209 012b 30       		.sleb128 48
 210 012c 06       		.uleb128 0x6
 211 012d 8C040000 		.4byte	.LASF37
 212 0131 31       		.sleb128 49
 213 0132 06       		.uleb128 0x6
 214 0133 D0070000 		.4byte	.LASF38
 215 0137 32       		.sleb128 50
 216 0138 06       		.uleb128 0x6
 217 0139 E7060000 		.4byte	.LASF39
 218 013d 33       		.sleb128 51
 219 013e 06       		.uleb128 0x6
 220 013f 47060000 		.4byte	.LASF40
 221 0143 34       		.sleb128 52
 222 0144 06       		.uleb128 0x6
 223 0145 CD080000 		.4byte	.LASF41
 224 0149 35       		.sleb128 53
 225 014a 06       		.uleb128 0x6
 226 014b 69030000 		.4byte	.LASF42
 227 014f 36       		.sleb128 54
 228 0150 06       		.uleb128 0x6
 229 0151 CE010000 		.4byte	.LASF43
 230 0155 37       		.sleb128 55
 231 0156 06       		.uleb128 0x6
 232 0157 57000000 		.4byte	.LASF44
 233 015b C000     		.sleb128 64
 234 015d 06       		.uleb128 0x6
ARM GAS  C:\Users\AARONW~1\AppData\Local\Temp\ccftKbob.s 			page 7


 235 015e C5050000 		.4byte	.LASF45
 236 0162 C100     		.sleb128 65
 237 0164 06       		.uleb128 0x6
 238 0165 DB000000 		.4byte	.LASF46
 239 0169 C200     		.sleb128 66
 240 016b 06       		.uleb128 0x6
 241 016c 03020000 		.4byte	.LASF47
 242 0170 C300     		.sleb128 67
 243 0172 06       		.uleb128 0x6
 244 0173 D2090000 		.4byte	.LASF48
 245 0177 C400     		.sleb128 68
 246 0179 06       		.uleb128 0x6
 247 017a 6C090000 		.4byte	.LASF49
 248 017e C500     		.sleb128 69
 249 0180 06       		.uleb128 0x6
 250 0181 B1090000 		.4byte	.LASF50
 251 0185 C600     		.sleb128 70
 252 0187 06       		.uleb128 0x6
 253 0188 31050000 		.4byte	.LASF51
 254 018c C700     		.sleb128 71
 255 018e 06       		.uleb128 0x6
 256 018f 75050000 		.4byte	.LASF52
 257 0193 C800     		.sleb128 72
 258 0195 06       		.uleb128 0x6
 259 0196 D7020000 		.4byte	.LASF53
 260 019a C900     		.sleb128 73
 261 019c 06       		.uleb128 0x6
 262 019d F1070000 		.4byte	.LASF54
 263 01a1 CA00     		.sleb128 74
 264 01a3 06       		.uleb128 0x6
 265 01a4 3B020000 		.4byte	.LASF55
 266 01a8 CB00     		.sleb128 75
 267 01aa 06       		.uleb128 0x6
 268 01ab 5B050000 		.4byte	.LASF56
 269 01af CC00     		.sleb128 76
 270 01b1 06       		.uleb128 0x6
 271 01b2 24000000 		.4byte	.LASF57
 272 01b6 CD00     		.sleb128 77
 273 01b8 06       		.uleb128 0x6
 274 01b9 93090000 		.4byte	.LASF58
 275 01bd CE00     		.sleb128 78
 276 01bf 06       		.uleb128 0x6
 277 01c0 F3040000 		.4byte	.LASF59
 278 01c4 CF00     		.sleb128 79
 279 01c6 06       		.uleb128 0x6
 280 01c7 7F0A0000 		.4byte	.LASF60
 281 01cb D000     		.sleb128 80
 282 01cd 06       		.uleb128 0x6
 283 01ce 0F080000 		.4byte	.LASF61
 284 01d2 D100     		.sleb128 81
 285 01d4 06       		.uleb128 0x6
 286 01d5 FB030000 		.4byte	.LASF62
 287 01d9 D200     		.sleb128 82
 288 01db 06       		.uleb128 0x6
 289 01dc 93030000 		.4byte	.LASF63
 290 01e0 D300     		.sleb128 83
 291 01e2 06       		.uleb128 0x6
ARM GAS  C:\Users\AARONW~1\AppData\Local\Temp\ccftKbob.s 			page 8


 292 01e3 5A020000 		.4byte	.LASF64
 293 01e7 D400     		.sleb128 84
 294 01e9 06       		.uleb128 0x6
 295 01ea C80A0000 		.4byte	.LASF65
 296 01ee D500     		.sleb128 85
 297 01f0 06       		.uleb128 0x6
 298 01f1 5D0A0000 		.4byte	.LASF66
 299 01f5 D600     		.sleb128 86
 300 01f7 06       		.uleb128 0x6
 301 01f8 340A0000 		.4byte	.LASF67
 302 01fc D700     		.sleb128 87
 303 01fe 06       		.uleb128 0x6
 304 01ff 5F060000 		.4byte	.LASF68
 305 0203 D800     		.sleb128 88
 306 0205 06       		.uleb128 0x6
 307 0206 B0040000 		.4byte	.LASF69
 308 020a F000     		.sleb128 112
 309 020c 06       		.uleb128 0x6
 310 020d 22090000 		.4byte	.LASF70
 311 0211 F100     		.sleb128 113
 312 0213 06       		.uleb128 0x6
 313 0214 A1070000 		.4byte	.LASF71
 314 0218 F200     		.sleb128 114
 315 021a 06       		.uleb128 0x6
 316 021b 92020000 		.4byte	.LASF72
 317 021f F300     		.sleb128 115
 318 0221 06       		.uleb128 0x6
 319 0222 6E040000 		.4byte	.LASF73
 320 0226 F400     		.sleb128 116
 321 0228 06       		.uleb128 0x6
 322 0229 09060000 		.4byte	.LASF74
 323 022d F500     		.sleb128 117
 324 022f 06       		.uleb128 0x6
 325 0230 B0020000 		.4byte	.LASF75
 326 0234 F600     		.sleb128 118
 327 0236 06       		.uleb128 0x6
 328 0237 03090000 		.4byte	.LASF76
 329 023b F700     		.sleb128 119
 330 023d 06       		.uleb128 0x6
 331 023e 6B080000 		.4byte	.LASF77
 332 0242 F800     		.sleb128 120
 333 0244 06       		.uleb128 0x6
 334 0245 95080000 		.4byte	.LASF78
 335 0249 F900     		.sleb128 121
 336 024b 06       		.uleb128 0x6
 337 024c F0090000 		.4byte	.LASF79
 338 0250 FA00     		.sleb128 122
 339 0252 06       		.uleb128 0x6
 340 0253 4D080000 		.4byte	.LASF80
 341 0257 FA01     		.sleb128 250
 342 0259 06       		.uleb128 0x6
 343 025a 12050000 		.4byte	.LASF81
 344 025e FB01     		.sleb128 251
 345 0260 06       		.uleb128 0x6
 346 0261 EC0A0000 		.4byte	.LASF82
 347 0265 FC01     		.sleb128 252
 348 0267 06       		.uleb128 0x6
ARM GAS  C:\Users\AARONW~1\AppData\Local\Temp\ccftKbob.s 			page 9


 349 0268 A6060000 		.4byte	.LASF83
 350 026c FD01     		.sleb128 253
 351 026e 06       		.uleb128 0x6
 352 026f 260A0000 		.4byte	.LASF84
 353 0273 FF01     		.sleb128 255
 354 0275 00       		.byte	0
 355 0276 04       		.uleb128 0x4
 356 0277 9E0A0000 		.4byte	.LASF86
 357 027b 03       		.byte	0x3
 358 027c 8901     		.2byte	0x189
 359 027e 6B000000 		.4byte	0x6b
 360 0282 07       		.uleb128 0x7
 361 0283 04       		.byte	0x4
 362 0284 04       		.byte	0x4
 363 0285 44       		.byte	0x44
 364 0286 A3020000 		.4byte	0x2a3
 365 028a 08       		.uleb128 0x8
 366 028b B8080000 		.4byte	.LASF87
 367 028f 04       		.byte	0x4
 368 0290 47       		.byte	0x47
 369 0291 76020000 		.4byte	0x276
 370 0295 00       		.byte	0
 371 0296 08       		.uleb128 0x8
 372 0297 28020000 		.4byte	.LASF88
 373 029b 04       		.byte	0x4
 374 029c 49       		.byte	0x49
 375 029d A3020000 		.4byte	0x2a3
 376 02a1 02       		.byte	0x2
 377 02a2 00       		.byte	0
 378 02a3 09       		.uleb128 0x9
 379 02a4 76020000 		.4byte	0x276
 380 02a8 B3020000 		.4byte	0x2b3
 381 02ac 0A       		.uleb128 0xa
 382 02ad 8C000000 		.4byte	0x8c
 383 02b1 00       		.byte	0
 384 02b2 00       		.byte	0
 385 02b3 0B       		.uleb128 0xb
 386 02b4 54030000 		.4byte	.LASF89
 387 02b8 04       		.byte	0x4
 388 02b9 4B       		.byte	0x4b
 389 02ba 82020000 		.4byte	0x282
 390 02be 07       		.uleb128 0x7
 391 02bf 0A       		.byte	0xa
 392 02c0 04       		.byte	0x4
 393 02c1 4E       		.byte	0x4e
 394 02c2 DF020000 		.4byte	0x2df
 395 02c6 08       		.uleb128 0x8
 396 02c7 84010000 		.4byte	.LASF90
 397 02cb 04       		.byte	0x4
 398 02cc 51       		.byte	0x51
 399 02cd 76020000 		.4byte	0x276
 400 02d1 00       		.byte	0
 401 02d2 08       		.uleb128 0x8
 402 02d3 E4040000 		.4byte	.LASF91
 403 02d7 04       		.byte	0x4
 404 02d8 54       		.byte	0x54
 405 02d9 DF020000 		.4byte	0x2df
ARM GAS  C:\Users\AARONW~1\AppData\Local\Temp\ccftKbob.s 			page 10


 406 02dd 02       		.byte	0x2
 407 02de 00       		.byte	0
 408 02df 09       		.uleb128 0x9
 409 02e0 B3020000 		.4byte	0x2b3
 410 02e4 EF020000 		.4byte	0x2ef
 411 02e8 0A       		.uleb128 0xa
 412 02e9 8C000000 		.4byte	0x8c
 413 02ed 01       		.byte	0x1
 414 02ee 00       		.byte	0
 415 02ef 0B       		.uleb128 0xb
 416 02f0 5E040000 		.4byte	.LASF92
 417 02f4 04       		.byte	0x4
 418 02f5 56       		.byte	0x56
 419 02f6 BE020000 		.4byte	0x2be
 420 02fa 0C       		.uleb128 0xc
 421 02fb AA010000 		.4byte	.LASF96
 422 02ff 01       		.byte	0x1
 423 0300 4E       		.byte	0x4e
 424 0301 00000000 		.4byte	.LFB2
 425 0305 08000000 		.4byte	.LFE2-.LFB2
 426 0309 01       		.uleb128 0x1
 427 030a 9C       		.byte	0x9c
 428 030b 09       		.uleb128 0x9
 429 030c EF020000 		.4byte	0x2ef
 430 0310 1B030000 		.4byte	0x31b
 431 0314 0A       		.uleb128 0xa
 432 0315 8C000000 		.4byte	0x8c
 433 0319 00       		.byte	0
 434 031a 00       		.byte	0
 435 031b 0D       		.uleb128 0xd
 436 031c BA0A0000 		.4byte	.LASF97
 437 0320 01       		.byte	0x1
 438 0321 1A       		.byte	0x1a
 439 0322 2C030000 		.4byte	0x32c
 440 0326 05       		.uleb128 0x5
 441 0327 03       		.byte	0x3
 442 0328 00000000 		.4byte	cyBle_customs
 443 032c 0E       		.uleb128 0xe
 444 032d 0B030000 		.4byte	0x30b
 445 0331 00       		.byte	0
 446              		.section	.debug_abbrev,"",%progbits
 447              	.Ldebug_abbrev0:
 448 0000 01       		.uleb128 0x1
 449 0001 11       		.uleb128 0x11
 450 0002 01       		.byte	0x1
 451 0003 25       		.uleb128 0x25
 452 0004 0E       		.uleb128 0xe
 453 0005 13       		.uleb128 0x13
 454 0006 0B       		.uleb128 0xb
 455 0007 03       		.uleb128 0x3
 456 0008 0E       		.uleb128 0xe
 457 0009 1B       		.uleb128 0x1b
 458 000a 0E       		.uleb128 0xe
 459 000b 55       		.uleb128 0x55
 460 000c 17       		.uleb128 0x17
 461 000d 11       		.uleb128 0x11
 462 000e 01       		.uleb128 0x1
ARM GAS  C:\Users\AARONW~1\AppData\Local\Temp\ccftKbob.s 			page 11


 463 000f 10       		.uleb128 0x10
 464 0010 17       		.uleb128 0x17
 465 0011 00       		.byte	0
 466 0012 00       		.byte	0
 467 0013 02       		.uleb128 0x2
 468 0014 24       		.uleb128 0x24
 469 0015 00       		.byte	0
 470 0016 0B       		.uleb128 0xb
 471 0017 0B       		.uleb128 0xb
 472 0018 3E       		.uleb128 0x3e
 473 0019 0B       		.uleb128 0xb
 474 001a 03       		.uleb128 0x3
 475 001b 0E       		.uleb128 0xe
 476 001c 00       		.byte	0
 477 001d 00       		.byte	0
 478 001e 03       		.uleb128 0x3
 479 001f 24       		.uleb128 0x24
 480 0020 00       		.byte	0
 481 0021 0B       		.uleb128 0xb
 482 0022 0B       		.uleb128 0xb
 483 0023 3E       		.uleb128 0x3e
 484 0024 0B       		.uleb128 0xb
 485 0025 03       		.uleb128 0x3
 486 0026 08       		.uleb128 0x8
 487 0027 00       		.byte	0
 488 0028 00       		.byte	0
 489 0029 04       		.uleb128 0x4
 490 002a 16       		.uleb128 0x16
 491 002b 00       		.byte	0
 492 002c 03       		.uleb128 0x3
 493 002d 0E       		.uleb128 0xe
 494 002e 3A       		.uleb128 0x3a
 495 002f 0B       		.uleb128 0xb
 496 0030 3B       		.uleb128 0x3b
 497 0031 05       		.uleb128 0x5
 498 0032 49       		.uleb128 0x49
 499 0033 13       		.uleb128 0x13
 500 0034 00       		.byte	0
 501 0035 00       		.byte	0
 502 0036 05       		.uleb128 0x5
 503 0037 04       		.uleb128 0x4
 504 0038 01       		.byte	0x1
 505 0039 0B       		.uleb128 0xb
 506 003a 0B       		.uleb128 0xb
 507 003b 3A       		.uleb128 0x3a
 508 003c 0B       		.uleb128 0xb
 509 003d 3B       		.uleb128 0x3b
 510 003e 05       		.uleb128 0x5
 511 003f 01       		.uleb128 0x1
 512 0040 13       		.uleb128 0x13
 513 0041 00       		.byte	0
 514 0042 00       		.byte	0
 515 0043 06       		.uleb128 0x6
 516 0044 28       		.uleb128 0x28
 517 0045 00       		.byte	0
 518 0046 03       		.uleb128 0x3
 519 0047 0E       		.uleb128 0xe
ARM GAS  C:\Users\AARONW~1\AppData\Local\Temp\ccftKbob.s 			page 12


 520 0048 1C       		.uleb128 0x1c
 521 0049 0D       		.uleb128 0xd
 522 004a 00       		.byte	0
 523 004b 00       		.byte	0
 524 004c 07       		.uleb128 0x7
 525 004d 13       		.uleb128 0x13
 526 004e 01       		.byte	0x1
 527 004f 0B       		.uleb128 0xb
 528 0050 0B       		.uleb128 0xb
 529 0051 3A       		.uleb128 0x3a
 530 0052 0B       		.uleb128 0xb
 531 0053 3B       		.uleb128 0x3b
 532 0054 0B       		.uleb128 0xb
 533 0055 01       		.uleb128 0x1
 534 0056 13       		.uleb128 0x13
 535 0057 00       		.byte	0
 536 0058 00       		.byte	0
 537 0059 08       		.uleb128 0x8
 538 005a 0D       		.uleb128 0xd
 539 005b 00       		.byte	0
 540 005c 03       		.uleb128 0x3
 541 005d 0E       		.uleb128 0xe
 542 005e 3A       		.uleb128 0x3a
 543 005f 0B       		.uleb128 0xb
 544 0060 3B       		.uleb128 0x3b
 545 0061 0B       		.uleb128 0xb
 546 0062 49       		.uleb128 0x49
 547 0063 13       		.uleb128 0x13
 548 0064 38       		.uleb128 0x38
 549 0065 0B       		.uleb128 0xb
 550 0066 00       		.byte	0
 551 0067 00       		.byte	0
 552 0068 09       		.uleb128 0x9
 553 0069 01       		.uleb128 0x1
 554 006a 01       		.byte	0x1
 555 006b 49       		.uleb128 0x49
 556 006c 13       		.uleb128 0x13
 557 006d 01       		.uleb128 0x1
 558 006e 13       		.uleb128 0x13
 559 006f 00       		.byte	0
 560 0070 00       		.byte	0
 561 0071 0A       		.uleb128 0xa
 562 0072 21       		.uleb128 0x21
 563 0073 00       		.byte	0
 564 0074 49       		.uleb128 0x49
 565 0075 13       		.uleb128 0x13
 566 0076 2F       		.uleb128 0x2f
 567 0077 0B       		.uleb128 0xb
 568 0078 00       		.byte	0
 569 0079 00       		.byte	0
 570 007a 0B       		.uleb128 0xb
 571 007b 16       		.uleb128 0x16
 572 007c 00       		.byte	0
 573 007d 03       		.uleb128 0x3
 574 007e 0E       		.uleb128 0xe
 575 007f 3A       		.uleb128 0x3a
 576 0080 0B       		.uleb128 0xb
ARM GAS  C:\Users\AARONW~1\AppData\Local\Temp\ccftKbob.s 			page 13


 577 0081 3B       		.uleb128 0x3b
 578 0082 0B       		.uleb128 0xb
 579 0083 49       		.uleb128 0x49
 580 0084 13       		.uleb128 0x13
 581 0085 00       		.byte	0
 582 0086 00       		.byte	0
 583 0087 0C       		.uleb128 0xc
 584 0088 2E       		.uleb128 0x2e
 585 0089 00       		.byte	0
 586 008a 3F       		.uleb128 0x3f
 587 008b 19       		.uleb128 0x19
 588 008c 03       		.uleb128 0x3
 589 008d 0E       		.uleb128 0xe
 590 008e 3A       		.uleb128 0x3a
 591 008f 0B       		.uleb128 0xb
 592 0090 3B       		.uleb128 0x3b
 593 0091 0B       		.uleb128 0xb
 594 0092 27       		.uleb128 0x27
 595 0093 19       		.uleb128 0x19
 596 0094 11       		.uleb128 0x11
 597 0095 01       		.uleb128 0x1
 598 0096 12       		.uleb128 0x12
 599 0097 06       		.uleb128 0x6
 600 0098 40       		.uleb128 0x40
 601 0099 18       		.uleb128 0x18
 602 009a 9742     		.uleb128 0x2117
 603 009c 19       		.uleb128 0x19
 604 009d 00       		.byte	0
 605 009e 00       		.byte	0
 606 009f 0D       		.uleb128 0xd
 607 00a0 34       		.uleb128 0x34
 608 00a1 00       		.byte	0
 609 00a2 03       		.uleb128 0x3
 610 00a3 0E       		.uleb128 0xe
 611 00a4 3A       		.uleb128 0x3a
 612 00a5 0B       		.uleb128 0xb
 613 00a6 3B       		.uleb128 0x3b
 614 00a7 0B       		.uleb128 0xb
 615 00a8 49       		.uleb128 0x49
 616 00a9 13       		.uleb128 0x13
 617 00aa 3F       		.uleb128 0x3f
 618 00ab 19       		.uleb128 0x19
 619 00ac 02       		.uleb128 0x2
 620 00ad 18       		.uleb128 0x18
 621 00ae 00       		.byte	0
 622 00af 00       		.byte	0
 623 00b0 0E       		.uleb128 0xe
 624 00b1 26       		.uleb128 0x26
 625 00b2 00       		.byte	0
 626 00b3 49       		.uleb128 0x49
 627 00b4 13       		.uleb128 0x13
 628 00b5 00       		.byte	0
 629 00b6 00       		.byte	0
 630 00b7 00       		.byte	0
 631              		.section	.debug_aranges,"",%progbits
 632 0000 1C000000 		.4byte	0x1c
 633 0004 0200     		.2byte	0x2
ARM GAS  C:\Users\AARONW~1\AppData\Local\Temp\ccftKbob.s 			page 14


 634 0006 00000000 		.4byte	.Ldebug_info0
 635 000a 04       		.byte	0x4
 636 000b 00       		.byte	0
 637 000c 0000     		.2byte	0
 638 000e 0000     		.2byte	0
 639 0010 00000000 		.4byte	.LFB2
 640 0014 08000000 		.4byte	.LFE2-.LFB2
 641 0018 00000000 		.4byte	0
 642 001c 00000000 		.4byte	0
 643              		.section	.debug_ranges,"",%progbits
 644              	.Ldebug_ranges0:
 645 0000 00000000 		.4byte	.LFB2
 646 0004 08000000 		.4byte	.LFE2
 647 0008 00000000 		.4byte	0
 648 000c 00000000 		.4byte	0
 649              		.section	.debug_line,"",%progbits
 650              	.Ldebug_line0:
 651 0000 92000000 		.section	.debug_str,"MS",%progbits,1
 651      02007900 
 651      00000201 
 651      FB0E0D00 
 651      01010101 
 652              	.LASF22:
 653 0000 4359424C 		.ascii	"CYBLE_EVT_GAP_PASSKEY_ENTRY_REQUEST\000"
 653      455F4556 
 653      545F4741 
 653      505F5041 
 653      53534B45 
 654              	.LASF57:
 655 0024 4359424C 		.ascii	"CYBLE_EVT_GATTC_WRITE_RSP\000"
 655      455F4556 
 655      545F4741 
 655      5454435F 
 655      57524954 
 656              	.LASF19:
 657 003e 4359424C 		.ascii	"CYBLE_EVT_MEMORY_REQUEST\000"
 657      455F4556 
 657      545F4D45 
 657      4D4F5259 
 657      5F524551 
 658              	.LASF44:
 659 0057 4359424C 		.ascii	"CYBLE_EVT_GATTC_ERROR_RSP\000"
 659      455F4556 
 659      545F4741 
 659      5454435F 
 659      4552524F 
 660              	.LASF28:
 661 0071 4359424C 		.ascii	"CYBLE_EVT_GAP_DEVICE_DISCONNECTED\000"
 661      455F4556 
 661      545F4741 
 661      505F4445 
 661      56494345 
 662              	.LASF34:
 663 0093 4359424C 		.ascii	"CYBLE_EVT_GAP_KEYPRESS_NOTIFICATION\000"
 663      455F4556 
 663      545F4741 
 663      505F4B45 
ARM GAS  C:\Users\AARONW~1\AppData\Local\Temp\ccftKbob.s 			page 15


 663      59505245 
 664              	.LASF2:
 665 00b7 73686F72 		.ascii	"short int\000"
 665      7420696E 
 665      7400
 666              	.LASF25:
 667 00c1 4359424C 		.ascii	"CYBLE_EVT_GAP_AUTH_FAILED\000"
 667      455F4556 
 667      545F4741 
 667      505F4155 
 667      54485F46 
 668              	.LASF46:
 669 00db 4359424C 		.ascii	"CYBLE_EVT_GATT_DISCONNECT_IND\000"
 669      455F4556 
 669      545F4741 
 669      54545F44 
 669      4953434F 
 670              	.LASF95:
 671 00f9 433A5C55 		.ascii	"C:\\Users\\Aaron Wubshet\\Desktop\\UART_to_BLE_peri"
 671      73657273 
 671      5C416172 
 671      6F6E2057 
 671      75627368 
 672 0128 70686572 		.ascii	"pheral\\UART_to_BLE_peripheral.cydsn\000"
 672      616C5C55 
 672      4152545F 
 672      746F5F42 
 672      4C455F70 
 673              	.LASF12:
 674 014c 73697A65 		.ascii	"sizetype\000"
 674      74797065 
 674      00
 675              	.LASF36:
 676 0155 4359424C 		.ascii	"CYBLE_EVT_GAP_DATA_LENGTH_CHANGE\000"
 676      455F4556 
 676      545F4741 
 676      505F4441 
 676      54415F4C 
 677              	.LASF6:
 678 0176 6C6F6E67 		.ascii	"long long int\000"
 678      206C6F6E 
 678      6720696E 
 678      7400
 679              	.LASF90:
 680 0184 63757374 		.ascii	"customServHandle\000"
 680      6F6D5365 
 680      72764861 
 680      6E646C65 
 680      00
 681              	.LASF17:
 682 0195 4359424C 		.ascii	"CYBLE_EVT_HCI_STATUS\000"
 682      455F4556 
 682      545F4843 
 682      495F5354 
 682      41545553 
 683              	.LASF96:
 684 01aa 4379426C 		.ascii	"CyBle_CustomInit\000"
ARM GAS  C:\Users\AARONW~1\AppData\Local\Temp\ccftKbob.s 			page 16


 684      655F4375 
 684      73746F6D 
 684      496E6974 
 684      00
 685              	.LASF14:
 686 01bb 4359424C 		.ascii	"CYBLE_EVT_STACK_ON\000"
 686      455F4556 
 686      545F5354 
 686      41434B5F 
 686      4F4E00
 687              	.LASF43:
 688 01ce 4359424C 		.ascii	"CYBLE_EVT_GAP_SMP_LOC_P256_KEYS_GEN_AND_SET_COMPLET"
 688      455F4556 
 688      545F4741 
 688      505F534D 
 688      505F4C4F 
 689 0201 4500     		.ascii	"E\000"
 690              	.LASF47:
 691 0203 4359424C 		.ascii	"CYBLE_EVT_GATTS_XCNHG_MTU_REQ\000"
 691      455F4556 
 691      545F4741 
 691      5454535F 
 691      58434E48 
 692              	.LASF85:
 693 0221 75696E74 		.ascii	"uint16\000"
 693      313600
 694              	.LASF88:
 695 0228 63757374 		.ascii	"customServCharDesc\000"
 695      6F6D5365 
 695      72764368 
 695      61724465 
 695      736300
 696              	.LASF55:
 697 023b 4359424C 		.ascii	"CYBLE_EVT_GATTC_READ_MULTI_RSP\000"
 697      455F4556 
 697      545F4741 
 697      5454435F 
 697      52454144 
 698              	.LASF64:
 699 025a 4359424C 		.ascii	"CYBLE_EVT_GATTS_HANDLE_VALUE_CNF\000"
 699      455F4556 
 699      545F4741 
 699      5454535F 
 699      48414E44 
 700              	.LASF13:
 701 027b 4359424C 		.ascii	"CYBLE_EVT_HOST_INVALID\000"
 701      455F4556 
 701      545F484F 
 701      53545F49 
 701      4E56414C 
 702              	.LASF72:
 703 0292 4359424C 		.ascii	"CYBLE_EVT_L2CAP_CBFC_CONN_IND\000"
 703      455F4556 
 703      545F4C32 
 703      4341505F 
 703      43424643 
 704              	.LASF75:
ARM GAS  C:\Users\AARONW~1\AppData\Local\Temp\ccftKbob.s 			page 17


 705 02b0 4359424C 		.ascii	"CYBLE_EVT_L2CAP_CBFC_DISCONN_CNF\000"
 705      455F4556 
 705      545F4C32 
 705      4341505F 
 705      43424643 
 706              	.LASF9:
 707 02d1 666C6F61 		.ascii	"float\000"
 707      7400
 708              	.LASF53:
 709 02d7 4359424C 		.ascii	"CYBLE_EVT_GATTC_READ_RSP\000"
 709      455F4556 
 709      545F4741 
 709      5454435F 
 709      52454144 
 710              	.LASF33:
 711 02f0 4359424C 		.ascii	"CYBLE_EVT_GAP_NUMERIC_COMPARISON_REQUEST\000"
 711      455F4556 
 711      545F4741 
 711      505F4E55 
 711      4D455249 
 712              	.LASF94:
 713 0319 47656E65 		.ascii	"Generated_Source\\PSoC4\\BLE_custom.c\000"
 713      72617465 
 713      645F536F 
 713      75726365 
 713      5C50536F 
 714              	.LASF7:
 715 033d 6C6F6E67 		.ascii	"long long unsigned int\000"
 715      206C6F6E 
 715      6720756E 
 715      7369676E 
 715      65642069 
 716              	.LASF89:
 717 0354 4359424C 		.ascii	"CYBLE_CUSTOMS_INFO_T\000"
 717      455F4355 
 717      53544F4D 
 717      535F494E 
 717      464F5F54 
 718              	.LASF42:
 719 0369 4359424C 		.ascii	"CYBLE_EVT_GAP_AUTH_REQ_REPLY_ERR\000"
 719      455F4556 
 719      545F4741 
 719      505F4155 
 719      54485F52 
 720              	.LASF4:
 721 038a 6C6F6E67 		.ascii	"long int\000"
 721      20696E74 
 721      00
 722              	.LASF63:
 723 0393 4359424C 		.ascii	"CYBLE_EVT_GATTC_HANDLE_VALUE_IND\000"
 723      455F4556 
 723      545F4741 
 723      5454435F 
 723      48414E44 
 724              	.LASF27:
 725 03b4 4359424C 		.ascii	"CYBLE_EVT_GAP_DEVICE_CONNECTED\000"
 725      455F4556 
ARM GAS  C:\Users\AARONW~1\AppData\Local\Temp\ccftKbob.s 			page 18


 725      545F4741 
 725      505F4445 
 725      56494345 
 726              	.LASF26:
 727 03d3 4359424C 		.ascii	"CYBLE_EVT_GAPP_ADVERTISEMENT_START_STOP\000"
 727      455F4556 
 727      545F4741 
 727      50505F41 
 727      44564552 
 728              	.LASF62:
 729 03fb 4359424C 		.ascii	"CYBLE_EVT_GATTC_HANDLE_VALUE_NTF\000"
 729      455F4556 
 729      545F4741 
 729      5454435F 
 729      48414E44 
 730              	.LASF18:
 731 041c 4359424C 		.ascii	"CYBLE_EVT_STACK_BUSY_STATUS\000"
 731      455F4556 
 731      545F5354 
 731      41434B5F 
 731      42555359 
 732              	.LASF23:
 733 0438 4359424C 		.ascii	"CYBLE_EVT_GAP_PASSKEY_DISPLAY_REQUEST\000"
 733      455F4556 
 733      545F4741 
 733      505F5041 
 733      53534B45 
 734              	.LASF92:
 735 045e 4359424C 		.ascii	"CYBLE_CUSTOMS_T\000"
 735      455F4355 
 735      53544F4D 
 735      535F5400 
 736              	.LASF73:
 737 046e 4359424C 		.ascii	"CYBLE_EVT_L2CAP_CBFC_CONN_CNF\000"
 737      455F4556 
 737      545F4C32 
 737      4341505F 
 737      43424643 
 738              	.LASF37:
 739 048c 4359424C 		.ascii	"CYBLE_EVT_GAP_ENHANCE_CONN_COMPLETE\000"
 739      455F4556 
 739      545F4741 
 739      505F454E 
 739      48414E43 
 740              	.LASF69:
 741 04b0 4359424C 		.ascii	"CYBLE_EVT_L2CAP_CONN_PARAM_UPDATE_REQ\000"
 741      455F4556 
 741      545F4C32 
 741      4341505F 
 741      434F4E4E 
 742              	.LASF1:
 743 04d6 756E7369 		.ascii	"unsigned char\000"
 743      676E6564 
 743      20636861 
 743      7200
 744              	.LASF91:
 745 04e4 63757374 		.ascii	"customServInfo\000"
ARM GAS  C:\Users\AARONW~1\AppData\Local\Temp\ccftKbob.s 			page 19


 745      6F6D5365 
 745      7276496E 
 745      666F00
 746              	.LASF59:
 747 04f3 4359424C 		.ascii	"CYBLE_EVT_GATTS_PREP_WRITE_REQ\000"
 747      455F4556 
 747      545F4741 
 747      5454535F 
 747      50524550 
 748              	.LASF81:
 749 0512 4359424C 		.ascii	"CYBLE_EVT_LE_PING_AUTH_TIMEOUT\000"
 749      455F4556 
 749      545F4C45 
 749      5F50494E 
 749      475F4155 
 750              	.LASF51:
 751 0531 4359424C 		.ascii	"CYBLE_EVT_GATTC_FIND_INFO_RSP\000"
 751      455F4556 
 751      545F4741 
 751      5454435F 
 751      46494E44 
 752              	.LASF0:
 753 054f 7369676E 		.ascii	"signed char\000"
 753      65642063 
 753      68617200 
 754              	.LASF56:
 755 055b 4359424C 		.ascii	"CYBLE_EVT_GATTS_WRITE_REQ\000"
 755      455F4556 
 755      545F4741 
 755      5454535F 
 755      57524954 
 756              	.LASF52:
 757 0575 4359424C 		.ascii	"CYBLE_EVT_GATTC_FIND_BY_TYPE_VALUE_RSP\000"
 757      455F4556 
 757      545F4741 
 757      5454435F 
 757      46494E44 
 758              	.LASF24:
 759 059c 4359424C 		.ascii	"CYBLE_EVT_GAP_AUTH_COMPLETE\000"
 759      455F4556 
 759      545F4741 
 759      505F4155 
 759      54485F43 
 760              	.LASF8:
 761 05b8 756E7369 		.ascii	"unsigned int\000"
 761      676E6564 
 761      20696E74 
 761      00
 762              	.LASF45:
 763 05c5 4359424C 		.ascii	"CYBLE_EVT_GATT_CONNECT_IND\000"
 763      455F4556 
 763      545F4741 
 763      54545F43 
 763      4F4E4E45 
 764              	.LASF5:
 765 05e0 6C6F6E67 		.ascii	"long unsigned int\000"
 765      20756E73 
ARM GAS  C:\Users\AARONW~1\AppData\Local\Temp\ccftKbob.s 			page 20


 765      69676E65 
 765      6420696E 
 765      7400
 766              	.LASF21:
 767 05f2 4359424C 		.ascii	"CYBLE_EVT_GAP_AUTH_REQ\000"
 767      455F4556 
 767      545F4741 
 767      505F4155 
 767      54485F52 
 768              	.LASF74:
 769 0609 4359424C 		.ascii	"CYBLE_EVT_L2CAP_CBFC_DISCONN_IND\000"
 769      455F4556 
 769      545F4C32 
 769      4341505F 
 769      43424643 
 770              	.LASF29:
 771 062a 4359424C 		.ascii	"CYBLE_EVT_GAP_ENCRYPT_CHANGE\000"
 771      455F4556 
 771      545F4741 
 771      505F454E 
 771      43525950 
 772              	.LASF40:
 773 0647 4359424C 		.ascii	"CYBLE_EVT_GAP_CONN_ESTB\000"
 773      455F4556 
 773      545F4741 
 773      505F434F 
 773      4E4E5F45 
 774              	.LASF68:
 775 065f 4359424C 		.ascii	"CYBLE_EVT_GATTC_LONG_PROCEDURE_END\000"
 775      455F4556 
 775      545F4741 
 775      5454435F 
 775      4C4F4E47 
 776              	.LASF32:
 777 0682 4359424C 		.ascii	"CYBLE_EVT_GAP_KEYINFO_EXCHNGE_CMPLT\000"
 777      455F4556 
 777      545F4741 
 777      505F4B45 
 777      59494E46 
 778              	.LASF83:
 779 06a6 4359424C 		.ascii	"CYBLE_EVT_FLASH_CORRUPT\000"
 779      455F4556 
 779      545F464C 
 779      4153485F 
 779      434F5252 
 780              	.LASF30:
 781 06be 4359424C 		.ascii	"CYBLE_EVT_GAP_CONNECTION_UPDATE_COMPLETE\000"
 781      455F4556 
 781      545F4741 
 781      505F434F 
 781      4E4E4543 
 782              	.LASF39:
 783 06e7 4359424C 		.ascii	"CYBLE_EVT_GAP_SMP_NEGOTIATED_AUTH_INFO\000"
 783      455F4556 
 783      545F4741 
 783      505F534D 
 783      505F4E45 
ARM GAS  C:\Users\AARONW~1\AppData\Local\Temp\ccftKbob.s 			page 21


 784              	.LASF11:
 785 070e 63686172 		.ascii	"char\000"
 785      00
 786              	.LASF93:
 787 0713 474E5520 		.ascii	"GNU C 4.9.3 20150303 (release) [ARM/embedded-4_9-br"
 787      4320342E 
 787      392E3320 
 787      32303135 
 787      30333033 
 788 0746 616E6368 		.ascii	"anch revision 221220] -mcpu=cortex-m0 -mthumb -g -O"
 788      20726576 
 788      6973696F 
 788      6E203232 
 788      31323230 
 789 0779 30202D66 		.ascii	"0 -ffunction-sections -ffat-lto-objects\000"
 789      66756E63 
 789      74696F6E 
 789      2D736563 
 789      74696F6E 
 790              	.LASF71:
 791 07a1 4359424C 		.ascii	"CYBLE_EVT_L2CAP_COMMAND_REJ\000"
 791      455F4556 
 791      545F4C32 
 791      4341505F 
 791      434F4D4D 
 792              	.LASF3:
 793 07bd 73686F72 		.ascii	"short unsigned int\000"
 793      7420756E 
 793      7369676E 
 793      65642069 
 793      6E7400
 794              	.LASF38:
 795 07d0 4359424C 		.ascii	"CYBLE_EVT_GAPC_DIRECT_ADV_REPORT\000"
 795      455F4556 
 795      545F4741 
 795      50435F44 
 795      49524543 
 796              	.LASF54:
 797 07f1 4359424C 		.ascii	"CYBLE_EVT_GATTC_READ_BLOB_RSP\000"
 797      455F4556 
 797      545F4741 
 797      5454435F 
 797      52454144 
 798              	.LASF61:
 799 080f 4359424C 		.ascii	"CYBLE_EVT_GATTC_EXEC_WRITE_RSP\000"
 799      455F4556 
 799      545F4741 
 799      5454435F 
 799      45584543 
 800              	.LASF31:
 801 082e 4359424C 		.ascii	"CYBLE_EVT_GAPC_SCAN_START_STOP\000"
 801      455F4556 
 801      545F4741 
 801      50435F53 
 801      43414E5F 
 802              	.LASF80:
 803 084d 4359424C 		.ascii	"CYBLE_EVT_PENDING_FLASH_WRITE\000"
ARM GAS  C:\Users\AARONW~1\AppData\Local\Temp\ccftKbob.s 			page 22


 803      455F4556 
 803      545F5045 
 803      4E44494E 
 803      475F464C 
 804              	.LASF77:
 805 086b 4359424C 		.ascii	"CYBLE_EVT_L2CAP_CBFC_RX_CREDIT_IND\000"
 805      455F4556 
 805      545F4C32 
 805      4341505F 
 805      43424643 
 806              	.LASF10:
 807 088e 646F7562 		.ascii	"double\000"
 807      6C6500
 808              	.LASF78:
 809 0895 4359424C 		.ascii	"CYBLE_EVT_L2CAP_CBFC_TX_CREDIT_IND\000"
 809      455F4556 
 809      545F4C32 
 809      4341505F 
 809      43424643 
 810              	.LASF87:
 811 08b8 63757374 		.ascii	"customServCharHandle\000"
 811      6F6D5365 
 811      72764368 
 811      61724861 
 811      6E646C65 
 812              	.LASF41:
 813 08cd 4359424C 		.ascii	"CYBLE_EVT_GAP_SCAN_REQ_RECVD\000"
 813      455F4556 
 813      545F4741 
 813      505F5343 
 813      414E5F52 
 814              	.LASF16:
 815 08ea 4359424C 		.ascii	"CYBLE_EVT_HARDWARE_ERROR\000"
 815      455F4556 
 815      545F4841 
 815      52445741 
 815      52455F45 
 816              	.LASF76:
 817 0903 4359424C 		.ascii	"CYBLE_EVT_L2CAP_CBFC_DATA_READ\000"
 817      455F4556 
 817      545F4C32 
 817      4341505F 
 817      43424643 
 818              	.LASF70:
 819 0922 4359424C 		.ascii	"CYBLE_EVT_L2CAP_CONN_PARAM_UPDATE_RSP\000"
 819      455F4556 
 819      545F4C32 
 819      4341505F 
 819      434F4E4E 
 820              	.LASF20:
 821 0948 4359424C 		.ascii	"CYBLE_EVT_GAPC_SCAN_PROGRESS_RESULT\000"
 821      455F4556 
 821      545F4741 
 821      50435F53 
 821      43414E5F 
 822              	.LASF49:
 823 096c 4359424C 		.ascii	"CYBLE_EVT_GATTC_READ_BY_GROUP_TYPE_RSP\000"
ARM GAS  C:\Users\AARONW~1\AppData\Local\Temp\ccftKbob.s 			page 23


 823      455F4556 
 823      545F4741 
 823      5454435F 
 823      52454144 
 824              	.LASF58:
 825 0993 4359424C 		.ascii	"CYBLE_EVT_GATTS_WRITE_CMD_REQ\000"
 825      455F4556 
 825      545F4741 
 825      5454535F 
 825      57524954 
 826              	.LASF50:
 827 09b1 4359424C 		.ascii	"CYBLE_EVT_GATTC_READ_BY_TYPE_RSP\000"
 827      455F4556 
 827      545F4741 
 827      5454435F 
 827      52454144 
 828              	.LASF48:
 829 09d2 4359424C 		.ascii	"CYBLE_EVT_GATTC_XCHNG_MTU_RSP\000"
 829      455F4556 
 829      545F4741 
 829      5454435F 
 829      5843484E 
 830              	.LASF79:
 831 09f0 4359424C 		.ascii	"CYBLE_EVT_L2CAP_CBFC_DATA_WRITE_IND\000"
 831      455F4556 
 831      545F4C32 
 831      4341505F 
 831      43424643 
 832              	.LASF15:
 833 0a14 4359424C 		.ascii	"CYBLE_EVT_TIMEOUT\000"
 833      455F4556 
 833      545F5449 
 833      4D454F55 
 833      5400
 834              	.LASF84:
 835 0a26 4359424C 		.ascii	"CYBLE_EVT_MAX\000"
 835      455F4556 
 835      545F4D41 
 835      5800
 836              	.LASF67:
 837 0a34 4359424C 		.ascii	"CYBLE_EVT_GATTS_READ_CHAR_VAL_ACCESS_REQ\000"
 837      455F4556 
 837      545F4741 
 837      5454535F 
 837      52454144 
 838              	.LASF66:
 839 0a5d 4359424C 		.ascii	"CYBLE_EVT_GATTC_STOP_CMD_COMPLETE\000"
 839      455F4556 
 839      545F4741 
 839      5454435F 
 839      53544F50 
 840              	.LASF60:
 841 0a7f 4359424C 		.ascii	"CYBLE_EVT_GATTS_EXEC_WRITE_REQ\000"
 841      455F4556 
 841      545F4741 
 841      5454535F 
 841      45584543 
ARM GAS  C:\Users\AARONW~1\AppData\Local\Temp\ccftKbob.s 			page 24


 842              	.LASF86:
 843 0a9e 4359424C 		.ascii	"CYBLE_GATT_DB_ATTR_HANDLE_T\000"
 843      455F4741 
 843      54545F44 
 843      425F4154 
 843      54525F48 
 844              	.LASF97:
 845 0aba 6379426C 		.ascii	"cyBle_customs\000"
 845      655F6375 
 845      73746F6D 
 845      7300
 846              	.LASF65:
 847 0ac8 4359424C 		.ascii	"CYBLE_EVT_GATTS_DATA_SIGNED_CMD_REQ\000"
 847      455F4556 
 847      545F4741 
 847      5454535F 
 847      44415441 
 848              	.LASF82:
 849 0aec 4359424C 		.ascii	"CYBLE_EVT_HCI_PKT\000"
 849      455F4556 
 849      545F4843 
 849      495F504B 
 849      5400
 850              	.LASF35:
 851 0afe 4359424C 		.ascii	"CYBLE_EVT_GAP_OOB_GENERATED_NOTIFICATION\000"
 851      455F4556 
 851      545F4741 
 851      505F4F4F 
 851      425F4745 
 852              		.ident	"GCC: (GNU Tools for ARM Embedded Processors) 4.9.3 20150303 (release) [ARM/embedded-4_9-br
