ARM GAS  C:\Users\AARONW~1\AppData\Local\Temp\cczuUHww.s 			page 1


   1              		.cpu cortex-m0
   2              		.fpu softvfp
   3              		.eabi_attribute 20, 1
   4              		.eabi_attribute 21, 1
   5              		.eabi_attribute 23, 3
   6              		.eabi_attribute 24, 1
   7              		.eabi_attribute 25, 1
   8              		.eabi_attribute 26, 1
   9              		.eabi_attribute 30, 6
  10              		.eabi_attribute 34, 0
  11              		.eabi_attribute 18, 4
  12              		.code	16
  13              		.file	"app_LED.c"
  14              		.text
  15              	.Ltext0:
  16              		.cfi_sections	.debug_frame
  17              		.section	.text.HandleLeds,"ax",%progbits
  18              		.align	2
  19              		.global	HandleLeds
  20              		.code	16
  21              		.thumb_func
  22              		.type	HandleLeds, %function
  23              	HandleLeds:
  24              	.LFB37:
  25              		.file 1 "app_LED.c"
   1:app_LED.c     **** /*******************************************************************************
   2:app_LED.c     **** * File Name: app_LED.c
   3:app_LED.c     **** *
   4:app_LED.c     **** * Description:
   5:app_LED.c     **** *  Common BLE application code for client devices.
   6:app_LED.c     **** *
   7:app_LED.c     **** *******************************************************************************
   8:app_LED.c     **** * Copyright 2015, Cypress Semiconductor Corporation.  All rights reserved.
   9:app_LED.c     **** * You may use this file only in accordance with the license, terms, conditions,
  10:app_LED.c     **** * disclaimers, and limitations in the end user license agreement accompanying
  11:app_LED.c     **** * the software package with which this file was provided.
  12:app_LED.c     **** *******************************************************************************/
  13:app_LED.c     **** 
  14:app_LED.c     **** #include "app_LED.h"
  15:app_LED.c     **** 
  16:app_LED.c     **** 
  17:app_LED.c     **** /*******************************************************************************
  18:app_LED.c     **** * Function Name: HandleLeds
  19:app_LED.c     **** ********************************************************************************
  20:app_LED.c     **** *
  21:app_LED.c     **** * Summary:
  22:app_LED.c     **** *  This function handles the toggling of Scan and Connection LED. 
  23:app_LED.c     **** *
  24:app_LED.c     **** * Parameters:
  25:app_LED.c     **** *  None.
  26:app_LED.c     **** *
  27:app_LED.c     **** * Return:
  28:app_LED.c     **** *   None.
  29:app_LED.c     **** *
  30:app_LED.c     **** *******************************************************************************/
  31:app_LED.c     **** void HandleLeds(void)
  32:app_LED.c     **** {
ARM GAS  C:\Users\AARONW~1\AppData\Local\Temp\cczuUHww.s 			page 2


  26              		.loc 1 32 0
  27              		.cfi_startproc
  28 0000 80B5     		push	{r7, lr}
  29              		.cfi_def_cfa_offset 8
  30              		.cfi_offset 7, -8
  31              		.cfi_offset 14, -4
  32 0002 00AF     		add	r7, sp, #0
  33              		.cfi_def_cfa_register 7
  33:app_LED.c     ****     static uint8        ledState        = LED_OFF;
  34:app_LED.c     ****     static uint32       advLedTimer     = ADV_LED_TIMEOUT;   
  35:app_LED.c     ****     static uint32       connLedTimer    = CONN_LED_TIMEOUT;   
  36:app_LED.c     ****     
  37:app_LED.c     ****     switch (cyBle_state)
  34              		.loc 1 37 0
  35 0004 204B     		ldr	r3, .L7
  36 0006 1B78     		ldrb	r3, [r3]
  37 0008 022B     		cmp	r3, #2
  38 000a 1FD0     		beq	.L3
  39 000c 032B     		cmp	r3, #3
  40 000e 00D0     		beq	.L4
  38:app_LED.c     ****     {
  39:app_LED.c     ****         case CYBLE_STATE_ADVERTISING:
  40:app_LED.c     ****             
  41:app_LED.c     ****             Conn_LED_Write(LED_OFF);
  42:app_LED.c     ****             
  43:app_LED.c     ****             if(--advLedTimer == 0u) 
  44:app_LED.c     ****             {
  45:app_LED.c     ****                 advLedTimer = ADV_LED_TIMEOUT;
  46:app_LED.c     ****                 ledState ^= LED_OFF;
  47:app_LED.c     ****                 
  48:app_LED.c     ****                 Adv_LED_Write(ledState);
  49:app_LED.c     ****             }
  50:app_LED.c     ****             
  51:app_LED.c     ****             break;
  52:app_LED.c     ****             
  53:app_LED.c     ****         case CYBLE_STATE_CONNECTED: 
  54:app_LED.c     ****             
  55:app_LED.c     ****             Adv_LED_Write(LED_OFF);
  56:app_LED.c     ****             
  57:app_LED.c     ****             if(--connLedTimer == 0u) 
  58:app_LED.c     ****             {
  59:app_LED.c     ****                 connLedTimer = CONN_LED_TIMEOUT;
  60:app_LED.c     ****                 ledState    ^= LED_OFF;
  61:app_LED.c     ****                 
  62:app_LED.c     ****                 Conn_LED_Write(ledState);
  63:app_LED.c     ****             }
  64:app_LED.c     ****             
  65:app_LED.c     ****         default:
  66:app_LED.c     ****             break;
  41              		.loc 1 66 0
  42 0010 38E0     		b	.L1
  43              	.L4:
  41:app_LED.c     ****             
  44              		.loc 1 41 0
  45 0012 0120     		mov	r0, #1
  46 0014 FFF7FEFF 		bl	Conn_LED_Write
  43:app_LED.c     ****             {
ARM GAS  C:\Users\AARONW~1\AppData\Local\Temp\cczuUHww.s 			page 3


  47              		.loc 1 43 0
  48 0018 1C4B     		ldr	r3, .L7+4
  49 001a 1B68     		ldr	r3, [r3]
  50 001c 5A1E     		sub	r2, r3, #1
  51 001e 1B4B     		ldr	r3, .L7+4
  52 0020 1A60     		str	r2, [r3]
  53 0022 1A4B     		ldr	r3, .L7+4
  54 0024 1B68     		ldr	r3, [r3]
  55 0026 002B     		cmp	r3, #0
  56 0028 0FD1     		bne	.L5
  45:app_LED.c     ****                 ledState ^= LED_OFF;
  57              		.loc 1 45 0
  58 002a 184B     		ldr	r3, .L7+4
  59 002c 184A     		ldr	r2, .L7+8
  60 002e 1A60     		str	r2, [r3]
  46:app_LED.c     ****                 
  61              		.loc 1 46 0
  62 0030 184B     		ldr	r3, .L7+12
  63 0032 1B78     		ldrb	r3, [r3]
  64 0034 0122     		mov	r2, #1
  65 0036 5340     		eor	r3, r2
  66 0038 DAB2     		uxtb	r2, r3
  67 003a 164B     		ldr	r3, .L7+12
  68 003c 1A70     		strb	r2, [r3]
  48:app_LED.c     ****             }
  69              		.loc 1 48 0
  70 003e 154B     		ldr	r3, .L7+12
  71 0040 1B78     		ldrb	r3, [r3]
  72 0042 181C     		mov	r0, r3
  73 0044 FFF7FEFF 		bl	Adv_LED_Write
  51:app_LED.c     ****             
  74              		.loc 1 51 0
  75 0048 1CE0     		b	.L1
  76              	.L5:
  77 004a 1BE0     		b	.L1
  78              	.L3:
  55:app_LED.c     ****             
  79              		.loc 1 55 0
  80 004c 0120     		mov	r0, #1
  81 004e FFF7FEFF 		bl	Adv_LED_Write
  57:app_LED.c     ****             {
  82              		.loc 1 57 0
  83 0052 114B     		ldr	r3, .L7+16
  84 0054 1B68     		ldr	r3, [r3]
  85 0056 5A1E     		sub	r2, r3, #1
  86 0058 0F4B     		ldr	r3, .L7+16
  87 005a 1A60     		str	r2, [r3]
  88 005c 0E4B     		ldr	r3, .L7+16
  89 005e 1B68     		ldr	r3, [r3]
  90 0060 002B     		cmp	r3, #0
  91 0062 0ED1     		bne	.L2
  59:app_LED.c     ****                 ledState    ^= LED_OFF;
  92              		.loc 1 59 0
  93 0064 0C4B     		ldr	r3, .L7+16
  94 0066 0D4A     		ldr	r2, .L7+20
  95 0068 1A60     		str	r2, [r3]
  60:app_LED.c     ****                 
ARM GAS  C:\Users\AARONW~1\AppData\Local\Temp\cczuUHww.s 			page 4


  96              		.loc 1 60 0
  97 006a 0A4B     		ldr	r3, .L7+12
  98 006c 1B78     		ldrb	r3, [r3]
  99 006e 0122     		mov	r2, #1
 100 0070 5340     		eor	r3, r2
 101 0072 DAB2     		uxtb	r2, r3
 102 0074 074B     		ldr	r3, .L7+12
 103 0076 1A70     		strb	r2, [r3]
  62:app_LED.c     ****             }
 104              		.loc 1 62 0
 105 0078 064B     		ldr	r3, .L7+12
 106 007a 1B78     		ldrb	r3, [r3]
 107 007c 181C     		mov	r0, r3
 108 007e FFF7FEFF 		bl	Conn_LED_Write
 109              	.L2:
 110              		.loc 1 66 0
 111 0082 C046     		mov	r8, r8
 112              	.L1:
  67:app_LED.c     ****     }
  68:app_LED.c     **** }
 113              		.loc 1 68 0
 114 0084 BD46     		mov	sp, r7
 115              		@ sp needed
 116 0086 80BD     		pop	{r7, pc}
 117              	.L8:
 118              		.align	2
 119              	.L7:
 120 0088 00000000 		.word	cyBle_state
 121 008c 00000000 		.word	advLedTimer.7494
 122 0090 30750000 		.word	30000
 123 0094 04000000 		.word	ledState.7493
 124 0098 08000000 		.word	connLedTimer.7495
 125 009c 50C30000 		.word	50000
 126              		.cfi_endproc
 127              	.LFE37:
 128              		.size	HandleLeds, .-HandleLeds
 129              		.data
 130              		.align	2
 131              		.type	advLedTimer.7494, %object
 132              		.size	advLedTimer.7494, 4
 133              	advLedTimer.7494:
 134 0000 30750000 		.word	30000
 135              		.type	ledState.7493, %object
 136              		.size	ledState.7493, 1
 137              	ledState.7493:
 138 0004 01       		.byte	1
 139 0005 000000   		.align	2
 140              		.type	connLedTimer.7495, %object
 141              		.size	connLedTimer.7495, 4
 142              	connLedTimer.7495:
 143 0008 50C30000 		.word	50000
 144              		.text
 145              	.Letext0:
 146              		.file 2 "Generated_Source\\PSoC4/cytypes.h"
 147              		.file 3 "Generated_Source\\PSoC4/BLE_eventHandler.h"
 148              		.section	.debug_info,"",%progbits
 149              	.Ldebug_info0:
ARM GAS  C:\Users\AARONW~1\AppData\Local\Temp\cczuUHww.s 			page 5


 150 0000 25010000 		.4byte	0x125
 151 0004 0400     		.2byte	0x4
 152 0006 00000000 		.4byte	.Ldebug_abbrev0
 153 000a 04       		.byte	0x4
 154 000b 01       		.uleb128 0x1
 155 000c 0A020000 		.4byte	.LASF24
 156 0010 01       		.byte	0x1
 157 0011 28000000 		.4byte	.LASF25
 158 0015 DD000000 		.4byte	.LASF26
 159 0019 00000000 		.4byte	.Ldebug_ranges0+0
 160 001d 00000000 		.4byte	0
 161 0021 00000000 		.4byte	.Ldebug_line0
 162 0025 02       		.uleb128 0x2
 163 0026 01       		.byte	0x1
 164 0027 06       		.byte	0x6
 165 0028 AA010000 		.4byte	.LASF0
 166 002c 02       		.uleb128 0x2
 167 002d 01       		.byte	0x1
 168 002e 08       		.byte	0x8
 169 002f C1000000 		.4byte	.LASF1
 170 0033 02       		.uleb128 0x2
 171 0034 02       		.byte	0x2
 172 0035 05       		.byte	0x5
 173 0036 EC010000 		.4byte	.LASF2
 174 003a 02       		.uleb128 0x2
 175 003b 02       		.byte	0x2
 176 003c 07       		.byte	0x7
 177 003d 97010000 		.4byte	.LASF3
 178 0041 02       		.uleb128 0x2
 179 0042 04       		.byte	0x4
 180 0043 05       		.byte	0x5
 181 0044 D4000000 		.4byte	.LASF4
 182 0048 02       		.uleb128 0x2
 183 0049 04       		.byte	0x4
 184 004a 07       		.byte	0x7
 185 004b 51000000 		.4byte	.LASF5
 186 004f 02       		.uleb128 0x2
 187 0050 08       		.byte	0x8
 188 0051 05       		.byte	0x5
 189 0052 89010000 		.4byte	.LASF6
 190 0056 02       		.uleb128 0x2
 191 0057 08       		.byte	0x8
 192 0058 07       		.byte	0x7
 193 0059 7C000000 		.4byte	.LASF7
 194 005d 03       		.uleb128 0x3
 195 005e 04       		.byte	0x4
 196 005f 05       		.byte	0x5
 197 0060 696E7400 		.ascii	"int\000"
 198 0064 02       		.uleb128 0x2
 199 0065 04       		.byte	0x4
 200 0066 07       		.byte	0x7
 201 0067 1B000000 		.4byte	.LASF8
 202 006b 04       		.uleb128 0x4
 203 006c 4B000000 		.4byte	.LASF9
 204 0070 02       		.byte	0x2
 205 0071 B901     		.2byte	0x1b9
 206 0073 2C000000 		.4byte	0x2c
ARM GAS  C:\Users\AARONW~1\AppData\Local\Temp\cczuUHww.s 			page 6


 207 0077 04       		.uleb128 0x4
 208 0078 14000000 		.4byte	.LASF10
 209 007c 02       		.byte	0x2
 210 007d BB01     		.2byte	0x1bb
 211 007f 48000000 		.4byte	0x48
 212 0083 02       		.uleb128 0x2
 213 0084 04       		.byte	0x4
 214 0085 04       		.byte	0x4
 215 0086 D8010000 		.4byte	.LASF11
 216 008a 02       		.uleb128 0x2
 217 008b 08       		.byte	0x8
 218 008c 04       		.byte	0x4
 219 008d 82010000 		.4byte	.LASF12
 220 0091 02       		.uleb128 0x2
 221 0092 01       		.byte	0x1
 222 0093 08       		.byte	0x8
 223 0094 CF000000 		.4byte	.LASF13
 224 0098 02       		.uleb128 0x2
 225 0099 04       		.byte	0x4
 226 009a 07       		.byte	0x7
 227 009b 01020000 		.4byte	.LASF14
 228 009f 05       		.uleb128 0x5
 229 00a0 01       		.byte	0x1
 230 00a1 03       		.byte	0x3
 231 00a2 5008     		.2byte	0x850
 232 00a4 C7000000 		.4byte	0xc7
 233 00a8 06       		.uleb128 0x6
 234 00a9 00000000 		.4byte	.LASF15
 235 00ad 00       		.sleb128 0
 236 00ae 06       		.uleb128 0x6
 237 00af 63000000 		.4byte	.LASF16
 238 00b3 01       		.sleb128 1
 239 00b4 06       		.uleb128 0x6
 240 00b5 C2010000 		.4byte	.LASF17
 241 00b9 02       		.sleb128 2
 242 00ba 06       		.uleb128 0x6
 243 00bb A9000000 		.4byte	.LASF18
 244 00bf 03       		.sleb128 3
 245 00c0 06       		.uleb128 0x6
 246 00c1 32000000 		.4byte	.LASF19
 247 00c5 04       		.sleb128 4
 248 00c6 00       		.byte	0
 249 00c7 04       		.uleb128 0x4
 250 00c8 DE010000 		.4byte	.LASF20
 251 00cc 03       		.byte	0x3
 252 00cd 5E08     		.2byte	0x85e
 253 00cf 9F000000 		.4byte	0x9f
 254 00d3 07       		.uleb128 0x7
 255 00d4 F6010000 		.4byte	.LASF27
 256 00d8 01       		.byte	0x1
 257 00d9 1F       		.byte	0x1f
 258 00da 00000000 		.4byte	.LFB37
 259 00de A0000000 		.4byte	.LFE37-.LFB37
 260 00e2 01       		.uleb128 0x1
 261 00e3 9C       		.byte	0x9c
 262 00e4 1C010000 		.4byte	0x11c
 263 00e8 08       		.uleb128 0x8
ARM GAS  C:\Users\AARONW~1\AppData\Local\Temp\cczuUHww.s 			page 7


 264 00e9 A0000000 		.4byte	.LASF21
 265 00ed 01       		.byte	0x1
 266 00ee 21       		.byte	0x21
 267 00ef 6B000000 		.4byte	0x6b
 268 00f3 05       		.uleb128 0x5
 269 00f4 03       		.byte	0x3
 270 00f5 04000000 		.4byte	ledState.7493
 271 00f9 08       		.uleb128 0x8
 272 00fa B6010000 		.4byte	.LASF22
 273 00fe 01       		.byte	0x1
 274 00ff 22       		.byte	0x22
 275 0100 77000000 		.4byte	0x77
 276 0104 05       		.uleb128 0x5
 277 0105 03       		.byte	0x3
 278 0106 00000000 		.4byte	advLedTimer.7494
 279 010a 08       		.uleb128 0x8
 280 010b 93000000 		.4byte	.LASF23
 281 010f 01       		.byte	0x1
 282 0110 23       		.byte	0x23
 283 0111 77000000 		.4byte	0x77
 284 0115 05       		.uleb128 0x5
 285 0116 03       		.byte	0x3
 286 0117 08000000 		.4byte	connLedTimer.7495
 287 011b 00       		.byte	0
 288 011c 09       		.uleb128 0x9
 289 011d 76010000 		.4byte	.LASF28
 290 0121 03       		.byte	0x3
 291 0122 A90A     		.2byte	0xaa9
 292 0124 C7000000 		.4byte	0xc7
 293 0128 00       		.byte	0
 294              		.section	.debug_abbrev,"",%progbits
 295              	.Ldebug_abbrev0:
 296 0000 01       		.uleb128 0x1
 297 0001 11       		.uleb128 0x11
 298 0002 01       		.byte	0x1
 299 0003 25       		.uleb128 0x25
 300 0004 0E       		.uleb128 0xe
 301 0005 13       		.uleb128 0x13
 302 0006 0B       		.uleb128 0xb
 303 0007 03       		.uleb128 0x3
 304 0008 0E       		.uleb128 0xe
 305 0009 1B       		.uleb128 0x1b
 306 000a 0E       		.uleb128 0xe
 307 000b 55       		.uleb128 0x55
 308 000c 17       		.uleb128 0x17
 309 000d 11       		.uleb128 0x11
 310 000e 01       		.uleb128 0x1
 311 000f 10       		.uleb128 0x10
 312 0010 17       		.uleb128 0x17
 313 0011 00       		.byte	0
 314 0012 00       		.byte	0
 315 0013 02       		.uleb128 0x2
 316 0014 24       		.uleb128 0x24
 317 0015 00       		.byte	0
 318 0016 0B       		.uleb128 0xb
 319 0017 0B       		.uleb128 0xb
 320 0018 3E       		.uleb128 0x3e
ARM GAS  C:\Users\AARONW~1\AppData\Local\Temp\cczuUHww.s 			page 8


 321 0019 0B       		.uleb128 0xb
 322 001a 03       		.uleb128 0x3
 323 001b 0E       		.uleb128 0xe
 324 001c 00       		.byte	0
 325 001d 00       		.byte	0
 326 001e 03       		.uleb128 0x3
 327 001f 24       		.uleb128 0x24
 328 0020 00       		.byte	0
 329 0021 0B       		.uleb128 0xb
 330 0022 0B       		.uleb128 0xb
 331 0023 3E       		.uleb128 0x3e
 332 0024 0B       		.uleb128 0xb
 333 0025 03       		.uleb128 0x3
 334 0026 08       		.uleb128 0x8
 335 0027 00       		.byte	0
 336 0028 00       		.byte	0
 337 0029 04       		.uleb128 0x4
 338 002a 16       		.uleb128 0x16
 339 002b 00       		.byte	0
 340 002c 03       		.uleb128 0x3
 341 002d 0E       		.uleb128 0xe
 342 002e 3A       		.uleb128 0x3a
 343 002f 0B       		.uleb128 0xb
 344 0030 3B       		.uleb128 0x3b
 345 0031 05       		.uleb128 0x5
 346 0032 49       		.uleb128 0x49
 347 0033 13       		.uleb128 0x13
 348 0034 00       		.byte	0
 349 0035 00       		.byte	0
 350 0036 05       		.uleb128 0x5
 351 0037 04       		.uleb128 0x4
 352 0038 01       		.byte	0x1
 353 0039 0B       		.uleb128 0xb
 354 003a 0B       		.uleb128 0xb
 355 003b 3A       		.uleb128 0x3a
 356 003c 0B       		.uleb128 0xb
 357 003d 3B       		.uleb128 0x3b
 358 003e 05       		.uleb128 0x5
 359 003f 01       		.uleb128 0x1
 360 0040 13       		.uleb128 0x13
 361 0041 00       		.byte	0
 362 0042 00       		.byte	0
 363 0043 06       		.uleb128 0x6
 364 0044 28       		.uleb128 0x28
 365 0045 00       		.byte	0
 366 0046 03       		.uleb128 0x3
 367 0047 0E       		.uleb128 0xe
 368 0048 1C       		.uleb128 0x1c
 369 0049 0D       		.uleb128 0xd
 370 004a 00       		.byte	0
 371 004b 00       		.byte	0
 372 004c 07       		.uleb128 0x7
 373 004d 2E       		.uleb128 0x2e
 374 004e 01       		.byte	0x1
 375 004f 3F       		.uleb128 0x3f
 376 0050 19       		.uleb128 0x19
 377 0051 03       		.uleb128 0x3
ARM GAS  C:\Users\AARONW~1\AppData\Local\Temp\cczuUHww.s 			page 9


 378 0052 0E       		.uleb128 0xe
 379 0053 3A       		.uleb128 0x3a
 380 0054 0B       		.uleb128 0xb
 381 0055 3B       		.uleb128 0x3b
 382 0056 0B       		.uleb128 0xb
 383 0057 27       		.uleb128 0x27
 384 0058 19       		.uleb128 0x19
 385 0059 11       		.uleb128 0x11
 386 005a 01       		.uleb128 0x1
 387 005b 12       		.uleb128 0x12
 388 005c 06       		.uleb128 0x6
 389 005d 40       		.uleb128 0x40
 390 005e 18       		.uleb128 0x18
 391 005f 9642     		.uleb128 0x2116
 392 0061 19       		.uleb128 0x19
 393 0062 01       		.uleb128 0x1
 394 0063 13       		.uleb128 0x13
 395 0064 00       		.byte	0
 396 0065 00       		.byte	0
 397 0066 08       		.uleb128 0x8
 398 0067 34       		.uleb128 0x34
 399 0068 00       		.byte	0
 400 0069 03       		.uleb128 0x3
 401 006a 0E       		.uleb128 0xe
 402 006b 3A       		.uleb128 0x3a
 403 006c 0B       		.uleb128 0xb
 404 006d 3B       		.uleb128 0x3b
 405 006e 0B       		.uleb128 0xb
 406 006f 49       		.uleb128 0x49
 407 0070 13       		.uleb128 0x13
 408 0071 02       		.uleb128 0x2
 409 0072 18       		.uleb128 0x18
 410 0073 00       		.byte	0
 411 0074 00       		.byte	0
 412 0075 09       		.uleb128 0x9
 413 0076 34       		.uleb128 0x34
 414 0077 00       		.byte	0
 415 0078 03       		.uleb128 0x3
 416 0079 0E       		.uleb128 0xe
 417 007a 3A       		.uleb128 0x3a
 418 007b 0B       		.uleb128 0xb
 419 007c 3B       		.uleb128 0x3b
 420 007d 05       		.uleb128 0x5
 421 007e 49       		.uleb128 0x49
 422 007f 13       		.uleb128 0x13
 423 0080 3F       		.uleb128 0x3f
 424 0081 19       		.uleb128 0x19
 425 0082 3C       		.uleb128 0x3c
 426 0083 19       		.uleb128 0x19
 427 0084 00       		.byte	0
 428 0085 00       		.byte	0
 429 0086 00       		.byte	0
 430              		.section	.debug_aranges,"",%progbits
 431 0000 1C000000 		.4byte	0x1c
 432 0004 0200     		.2byte	0x2
 433 0006 00000000 		.4byte	.Ldebug_info0
 434 000a 04       		.byte	0x4
ARM GAS  C:\Users\AARONW~1\AppData\Local\Temp\cczuUHww.s 			page 10


 435 000b 00       		.byte	0
 436 000c 0000     		.2byte	0
 437 000e 0000     		.2byte	0
 438 0010 00000000 		.4byte	.LFB37
 439 0014 A0000000 		.4byte	.LFE37-.LFB37
 440 0018 00000000 		.4byte	0
 441 001c 00000000 		.4byte	0
 442              		.section	.debug_ranges,"",%progbits
 443              	.Ldebug_ranges0:
 444 0000 00000000 		.4byte	.LFB37
 445 0004 A0000000 		.4byte	.LFE37
 446 0008 00000000 		.4byte	0
 447 000c 00000000 		.4byte	0
 448              		.section	.debug_line,"",%progbits
 449              	.Ldebug_line0:
 450 0000 82000000 		.section	.debug_str,"MS",%progbits,1
 450      02005A00 
 450      00000201 
 450      FB0E0D00 
 450      01010101 
 451              	.LASF15:
 452 0000 4359424C 		.ascii	"CYBLE_STATE_STOPPED\000"
 452      455F5354 
 452      4154455F 
 452      53544F50 
 452      50454400 
 453              	.LASF10:
 454 0014 75696E74 		.ascii	"uint32\000"
 454      333200
 455              	.LASF8:
 456 001b 756E7369 		.ascii	"unsigned int\000"
 456      676E6564 
 456      20696E74 
 456      00
 457              	.LASF25:
 458 0028 6170705F 		.ascii	"app_LED.c\000"
 458      4C45442E 
 458      6300
 459              	.LASF19:
 460 0032 4359424C 		.ascii	"CYBLE_STATE_DISCONNECTED\000"
 460      455F5354 
 460      4154455F 
 460      44495343 
 460      4F4E4E45 
 461              	.LASF9:
 462 004b 75696E74 		.ascii	"uint8\000"
 462      3800
 463              	.LASF5:
 464 0051 6C6F6E67 		.ascii	"long unsigned int\000"
 464      20756E73 
 464      69676E65 
 464      6420696E 
 464      7400
 465              	.LASF16:
 466 0063 4359424C 		.ascii	"CYBLE_STATE_INITIALIZING\000"
 466      455F5354 
 466      4154455F 
ARM GAS  C:\Users\AARONW~1\AppData\Local\Temp\cczuUHww.s 			page 11


 466      494E4954 
 466      49414C49 
 467              	.LASF7:
 468 007c 6C6F6E67 		.ascii	"long long unsigned int\000"
 468      206C6F6E 
 468      6720756E 
 468      7369676E 
 468      65642069 
 469              	.LASF23:
 470 0093 636F6E6E 		.ascii	"connLedTimer\000"
 470      4C656454 
 470      696D6572 
 470      00
 471              	.LASF21:
 472 00a0 6C656453 		.ascii	"ledState\000"
 472      74617465 
 472      00
 473              	.LASF18:
 474 00a9 4359424C 		.ascii	"CYBLE_STATE_ADVERTISING\000"
 474      455F5354 
 474      4154455F 
 474      41445645 
 474      52544953 
 475              	.LASF1:
 476 00c1 756E7369 		.ascii	"unsigned char\000"
 476      676E6564 
 476      20636861 
 476      7200
 477              	.LASF13:
 478 00cf 63686172 		.ascii	"char\000"
 478      00
 479              	.LASF4:
 480 00d4 6C6F6E67 		.ascii	"long int\000"
 480      20696E74 
 480      00
 481              	.LASF26:
 482 00dd 433A5C55 		.ascii	"C:\\Users\\Aaron Wubshet\\Google Drive\\1 College\\"
 482      73657273 
 482      5C416172 
 482      6F6E2057 
 482      75627368 
 483 010b 3220536F 		.ascii	"2 Sophomore Year\\3 SPRING\\6.115\\Final Project PS"
 483      70686F6D 
 483      6F726520 
 483      59656172 
 483      5C332053 
 484 013b 6F432057 		.ascii	"oC Workspace\\Final Project\\BLE_UART_peripheral_OT"
 484      6F726B73 
 484      70616365 
 484      5C46696E 
 484      616C2050 
 485 016c 4845522E 		.ascii	"HER.cydsn\000"
 485      63796473 
 485      6E00
 486              	.LASF28:
 487 0176 6379426C 		.ascii	"cyBle_state\000"
 487      655F7374 
ARM GAS  C:\Users\AARONW~1\AppData\Local\Temp\cczuUHww.s 			page 12


 487      61746500 
 488              	.LASF12:
 489 0182 646F7562 		.ascii	"double\000"
 489      6C6500
 490              	.LASF6:
 491 0189 6C6F6E67 		.ascii	"long long int\000"
 491      206C6F6E 
 491      6720696E 
 491      7400
 492              	.LASF3:
 493 0197 73686F72 		.ascii	"short unsigned int\000"
 493      7420756E 
 493      7369676E 
 493      65642069 
 493      6E7400
 494              	.LASF0:
 495 01aa 7369676E 		.ascii	"signed char\000"
 495      65642063 
 495      68617200 
 496              	.LASF22:
 497 01b6 6164764C 		.ascii	"advLedTimer\000"
 497      65645469 
 497      6D657200 
 498              	.LASF17:
 499 01c2 4359424C 		.ascii	"CYBLE_STATE_CONNECTED\000"
 499      455F5354 
 499      4154455F 
 499      434F4E4E 
 499      45435445 
 500              	.LASF11:
 501 01d8 666C6F61 		.ascii	"float\000"
 501      7400
 502              	.LASF20:
 503 01de 4359424C 		.ascii	"CYBLE_STATE_T\000"
 503      455F5354 
 503      4154455F 
 503      5400
 504              	.LASF2:
 505 01ec 73686F72 		.ascii	"short int\000"
 505      7420696E 
 505      7400
 506              	.LASF27:
 507 01f6 48616E64 		.ascii	"HandleLeds\000"
 507      6C654C65 
 507      647300
 508              	.LASF14:
 509 0201 73697A65 		.ascii	"sizetype\000"
 509      74797065 
 509      00
 510              	.LASF24:
 511 020a 474E5520 		.ascii	"GNU C 4.9.3 20150303 (release) [ARM/embedded-4_9-br"
 511      4320342E 
 511      392E3320 
 511      32303135 
 511      30333033 
 512 023d 616E6368 		.ascii	"anch revision 221220] -mcpu=cortex-m0 -mthumb -g -O"
 512      20726576 
ARM GAS  C:\Users\AARONW~1\AppData\Local\Temp\cczuUHww.s 			page 13


 512      6973696F 
 512      6E203232 
 512      31323230 
 513 0270 30202D66 		.ascii	"0 -ffunction-sections -ffat-lto-objects\000"
 513      66756E63 
 513      74696F6E 
 513      2D736563 
 513      74696F6E 
 514              		.ident	"GCC: (GNU Tools for ARM Embedded Processors) 4.9.3 20150303 (release) [ARM/embedded-4_9-br
