ARM GAS  C:\Users\AARONW~1\AppData\Local\Temp\ccvyr1Gc.s 			page 1


   1              		.cpu cortex-m0
   2              		.fpu softvfp
   3              		.eabi_attribute 20, 1
   4              		.eabi_attribute 21, 1
   5              		.eabi_attribute 23, 3
   6              		.eabi_attribute 24, 1
   7              		.eabi_attribute 25, 1
   8              		.eabi_attribute 26, 1
   9              		.eabi_attribute 30, 6
  10              		.eabi_attribute 34, 0
  11              		.eabi_attribute 18, 4
  12              		.code	16
  13              		.file	"app_UART.c"
  14              		.text
  15              	.Ltext0:
  16              		.cfi_sections	.debug_frame
  17              		.section	.text.HandleUartTxTraffic,"ax",%progbits
  18              		.align	2
  19              		.global	HandleUartTxTraffic
  20              		.code	16
  21              		.thumb_func
  22              		.type	HandleUartTxTraffic, %function
  23              	HandleUartTxTraffic:
  24              	.LFB37:
  25              		.file 1 "app_UART.c"
   1:app_UART.c    **** /*****************************************************************************************
   2:app_UART.c    **** * File Name: app_UART.c
   3:app_UART.c    **** *
   4:app_UART.c    **** * Description:
   5:app_UART.c    **** *  Common BLE application code for client devices.
   6:app_UART.c    **** *
   7:app_UART.c    **** *****************************************************************************************
   8:app_UART.c    **** * Copyright 2015, Cypress Semiconductor Corporation.  All rights reserved.
   9:app_UART.c    **** * You may use this file only in accordance with the license, terms, conditions,
  10:app_UART.c    **** * disclaimers, and limitations in the end user license agreement accompanying
  11:app_UART.c    **** * the software package with which this file was provided.
  12:app_UART.c    **** *****************************************************************************************/
  13:app_UART.c    **** 
  14:app_UART.c    **** #include "app_UART.h"
  15:app_UART.c    **** #include "app_Ble.h"
  16:app_UART.c    **** 
  17:app_UART.c    **** 
  18:app_UART.c    **** /*****************************************************************************************
  19:app_UART.c    **** * Function Name: HandleUartTxTraffic
  20:app_UART.c    **** ******************************************************************************************
  21:app_UART.c    **** *
  22:app_UART.c    **** * Summary:
  23:app_UART.c    **** *  This function takes data from UART RX buffer and pushes it to the server 
  24:app_UART.c    **** *  as Notifications.
  25:app_UART.c    **** *
  26:app_UART.c    **** * Parameters:
  27:app_UART.c    **** *  uint16 - CCCD for checking if notifications are enabled  
  28:app_UART.c    **** *
  29:app_UART.c    **** * Return:
  30:app_UART.c    **** *   None.
  31:app_UART.c    **** *
  32:app_UART.c    **** *****************************************************************************************/
ARM GAS  C:\Users\AARONW~1\AppData\Local\Temp\ccvyr1Gc.s 			page 2


  33:app_UART.c    **** void HandleUartTxTraffic(uint16 txDataClientConfigDesc)
  34:app_UART.c    **** {
  26              		.loc 1 34 0
  27              		.cfi_startproc
  28 0000 90B5     		push	{r4, r7, lr}
  29              		.cfi_def_cfa_offset 12
  30              		.cfi_offset 4, -12
  31              		.cfi_offset 7, -8
  32              		.cfi_offset 14, -4
  33 0002 5A4C     		ldr	r4, .L8
  34 0004 A544     		add	sp, sp, r4
  35              		.cfi_def_cfa_offset 552
  36 0006 00AF     		add	r7, sp, #0
  37              		.cfi_def_cfa_register 7
  38 0008 021C     		mov	r2, r0
  39 000a 594B     		ldr	r3, .L8+4
  40 000c 8621     		mov	r1, #134
  41 000e 8900     		lsl	r1, r1, #2
  42 0010 8C46     		mov	ip, r1
  43 0012 BC44     		add	ip, ip, r7
  44 0014 6344     		add	r3, r3, ip
  45 0016 1A80     		strh	r2, [r3]
  35:app_UART.c    ****     uint8   index;
  36:app_UART.c    ****     uint8   uartTxData[MAX_MTU_SIZE - 3];
  37:app_UART.c    ****     uint16  uartTxDataLength;
  38:app_UART.c    ****     
  39:app_UART.c    ****     static uint16 uartIdleCount = UART_IDLE_TIMEOUT;
  40:app_UART.c    ****     
  41:app_UART.c    ****     CYBLE_API_RESULT_T                  bleApiResult;
  42:app_UART.c    ****     CYBLE_GATTS_HANDLE_VALUE_NTF_T      uartTxDataNtf;
  43:app_UART.c    ****     
  44:app_UART.c    ****     uartTxDataLength = UART_SpiUartGetRxBufferSize();
  46              		.loc 1 44 0
  47 0018 FFF7FEFF 		bl	UART_SpiUartGetRxBufferSize
  48 001c 021C     		mov	r2, r0
  49 001e 8523     		mov	r3, #133
  50 0020 9B00     		lsl	r3, r3, #2
  51 0022 FB18     		add	r3, r7, r3
  52 0024 1A80     		strh	r2, [r3]
  45:app_UART.c    ****     
  46:app_UART.c    ****     #ifdef FLOW_CONTROL
  47:app_UART.c    ****         if(uartTxDataLength >= (UART_UART_RX_BUFFER_SIZE - (UART_UART_RX_BUFFER_SIZE/2)))
  48:app_UART.c    ****         {
  49:app_UART.c    ****             DisableUartRxInt();
  50:app_UART.c    ****         }
  51:app_UART.c    ****         else
  52:app_UART.c    ****         {
  53:app_UART.c    ****             EnableUartRxInt();
  54:app_UART.c    ****         }
  55:app_UART.c    ****     #endif
  56:app_UART.c    ****     
  57:app_UART.c    ****     if((0 != uartTxDataLength) && (NOTIFICATON_ENABLED == txDataClientConfigDesc))
  53              		.loc 1 57 0
  54 0026 8523     		mov	r3, #133
  55 0028 9B00     		lsl	r3, r3, #2
  56 002a FB18     		add	r3, r7, r3
  57 002c 1B88     		ldrh	r3, [r3]
ARM GAS  C:\Users\AARONW~1\AppData\Local\Temp\ccvyr1Gc.s 			page 3


  58 002e 002B     		cmp	r3, #0
  59 0030 00D1     		bne	.LCB33
  60 0032 96E0     		b	.L1	@long jump
  61              	.LCB33:
  62              		.loc 1 57 0 is_stmt 0 discriminator 1
  63 0034 4E4B     		ldr	r3, .L8+4
  64 0036 8622     		mov	r2, #134
  65 0038 9200     		lsl	r2, r2, #2
  66 003a 9446     		mov	ip, r2
  67 003c BC44     		add	ip, ip, r7
  68 003e 6344     		add	r3, r3, ip
  69 0040 1B88     		ldrh	r3, [r3]
  70 0042 012B     		cmp	r3, #1
  71 0044 00D0     		beq	.LCB42
  72 0046 8CE0     		b	.L1	@long jump
  73              	.LCB42:
  58:app_UART.c    ****     {
  59:app_UART.c    ****         if(uartTxDataLength >= (mtuSize - 3))
  74              		.loc 1 59 0 is_stmt 1
  75 0048 8523     		mov	r3, #133
  76 004a 9B00     		lsl	r3, r3, #2
  77 004c FB18     		add	r3, r7, r3
  78 004e 1A88     		ldrh	r2, [r3]
  79 0050 484B     		ldr	r3, .L8+8
  80 0052 1B88     		ldrh	r3, [r3]
  81 0054 033B     		sub	r3, r3, #3
  82 0056 9A42     		cmp	r2, r3
  83 0058 0BDB     		blt	.L3
  60:app_UART.c    ****         {
  61:app_UART.c    ****             uartIdleCount       = UART_IDLE_TIMEOUT;
  84              		.loc 1 61 0
  85 005a 474B     		ldr	r3, .L8+12
  86 005c FA22     		mov	r2, #250
  87 005e 9200     		lsl	r2, r2, #2
  88 0060 1A80     		strh	r2, [r3]
  62:app_UART.c    ****             uartTxDataLength    = mtuSize - 3;
  89              		.loc 1 62 0
  90 0062 444B     		ldr	r3, .L8+8
  91 0064 1A88     		ldrh	r2, [r3]
  92 0066 8523     		mov	r3, #133
  93 0068 9B00     		lsl	r3, r3, #2
  94 006a FB18     		add	r3, r7, r3
  95 006c 033A     		sub	r2, r2, #3
  96 006e 1A80     		strh	r2, [r3]
  97 0070 0EE0     		b	.L4
  98              	.L3:
  63:app_UART.c    ****         }
  64:app_UART.c    ****         else
  65:app_UART.c    ****         {
  66:app_UART.c    ****             if(--uartIdleCount == 0)
  99              		.loc 1 66 0
 100 0072 414B     		ldr	r3, .L8+12
 101 0074 1B88     		ldrh	r3, [r3]
 102 0076 013B     		sub	r3, r3, #1
 103 0078 9AB2     		uxth	r2, r3
 104 007a 3F4B     		ldr	r3, .L8+12
 105 007c 1A80     		strh	r2, [r3]
ARM GAS  C:\Users\AARONW~1\AppData\Local\Temp\ccvyr1Gc.s 			page 4


 106 007e 3E4B     		ldr	r3, .L8+12
 107 0080 1B88     		ldrh	r3, [r3]
 108 0082 002B     		cmp	r3, #0
 109 0084 04D0     		beq	.L4
  67:app_UART.c    ****             {
  68:app_UART.c    ****                 /*uartTxDataLength remains unchanged */;
  69:app_UART.c    ****             }
  70:app_UART.c    ****             else
  71:app_UART.c    ****             {
  72:app_UART.c    ****                 uartTxDataLength = 0;
 110              		.loc 1 72 0
 111 0086 8523     		mov	r3, #133
 112 0088 9B00     		lsl	r3, r3, #2
 113 008a FB18     		add	r3, r7, r3
 114 008c 0022     		mov	r2, #0
 115 008e 1A80     		strh	r2, [r3]
 116              	.L4:
  73:app_UART.c    ****             }
  74:app_UART.c    ****         }
  75:app_UART.c    ****         
  76:app_UART.c    ****         if(0 != uartTxDataLength)
 117              		.loc 1 76 0
 118 0090 8523     		mov	r3, #133
 119 0092 9B00     		lsl	r3, r3, #2
 120 0094 FB18     		add	r3, r7, r3
 121 0096 1B88     		ldrh	r3, [r3]
 122 0098 002B     		cmp	r3, #0
 123 009a 62D0     		beq	.L1
  77:app_UART.c    ****         {
  78:app_UART.c    ****             uartIdleCount       = UART_IDLE_TIMEOUT;
 124              		.loc 1 78 0
 125 009c 364B     		ldr	r3, .L8+12
 126 009e FA22     		mov	r2, #250
 127 00a0 9200     		lsl	r2, r2, #2
 128 00a2 1A80     		strh	r2, [r3]
  79:app_UART.c    ****             
  80:app_UART.c    ****             for(index = 0; index < uartTxDataLength; index++)
 129              		.loc 1 80 0
 130 00a4 354B     		ldr	r3, .L8+16
 131 00a6 FB18     		add	r3, r7, r3
 132 00a8 0022     		mov	r2, #0
 133 00aa 1A70     		strb	r2, [r3]
 134 00ac 14E0     		b	.L5
 135              	.L6:
  81:app_UART.c    ****             {
  82:app_UART.c    ****                 uartTxData[index] = (uint8) UART_UartGetByte();
 136              		.loc 1 82 0 discriminator 3
 137 00ae 334B     		ldr	r3, .L8+16
 138 00b0 FB18     		add	r3, r7, r3
 139 00b2 1C78     		ldrb	r4, [r3]
 140 00b4 FFF7FEFF 		bl	UART_UartGetByte
 141 00b8 031C     		mov	r3, r0
 142 00ba DAB2     		uxtb	r2, r3
 143 00bc 304B     		ldr	r3, .L8+20
 144 00be 8621     		mov	r1, #134
 145 00c0 8900     		lsl	r1, r1, #2
 146 00c2 8C46     		mov	ip, r1
ARM GAS  C:\Users\AARONW~1\AppData\Local\Temp\ccvyr1Gc.s 			page 5


 147 00c4 BC44     		add	ip, ip, r7
 148 00c6 6344     		add	r3, r3, ip
 149 00c8 1A55     		strb	r2, [r3, r4]
  80:app_UART.c    ****             {
 150              		.loc 1 80 0 discriminator 3
 151 00ca 2C4B     		ldr	r3, .L8+16
 152 00cc FB18     		add	r3, r7, r3
 153 00ce 1A78     		ldrb	r2, [r3]
 154 00d0 2A4B     		ldr	r3, .L8+16
 155 00d2 FB18     		add	r3, r7, r3
 156 00d4 0132     		add	r2, r2, #1
 157 00d6 1A70     		strb	r2, [r3]
 158              	.L5:
  80:app_UART.c    ****             {
 159              		.loc 1 80 0 is_stmt 0 discriminator 1
 160 00d8 284B     		ldr	r3, .L8+16
 161 00da FB18     		add	r3, r7, r3
 162 00dc 1B78     		ldrb	r3, [r3]
 163 00de 9BB2     		uxth	r3, r3
 164 00e0 8522     		mov	r2, #133
 165 00e2 9200     		lsl	r2, r2, #2
 166 00e4 BA18     		add	r2, r7, r2
 167 00e6 1288     		ldrh	r2, [r2]
 168 00e8 9A42     		cmp	r2, r3
 169 00ea E0D8     		bhi	.L6
  83:app_UART.c    ****             }
  84:app_UART.c    ****             
  85:app_UART.c    ****             uartTxDataNtf.value.val  = uartTxData;
 170              		.loc 1 85 0 is_stmt 1
 171 00ec 254B     		ldr	r3, .L8+24
 172 00ee 8622     		mov	r2, #134
 173 00f0 9200     		lsl	r2, r2, #2
 174 00f2 9446     		mov	ip, r2
 175 00f4 BC44     		add	ip, ip, r7
 176 00f6 6344     		add	r3, r3, ip
 177 00f8 1422     		mov	r2, #20
 178 00fa BA18     		add	r2, r7, r2
 179 00fc 1A60     		str	r2, [r3]
  86:app_UART.c    ****             uartTxDataNtf.value.len  = uartTxDataLength;
 180              		.loc 1 86 0
 181 00fe 214B     		ldr	r3, .L8+24
 182 0100 8622     		mov	r2, #134
 183 0102 9200     		lsl	r2, r2, #2
 184 0104 9446     		mov	ip, r2
 185 0106 BC44     		add	ip, ip, r7
 186 0108 6344     		add	r3, r3, ip
 187 010a 8522     		mov	r2, #133
 188 010c 9200     		lsl	r2, r2, #2
 189 010e BA18     		add	r2, r7, r2
 190 0110 1288     		ldrh	r2, [r2]
 191 0112 9A80     		strh	r2, [r3, #4]
  87:app_UART.c    ****             uartTxDataNtf.attrHandle = CYBLE_SERVER_UART_SERVER_UART_TX_DATA_CHAR_HANDLE;
 192              		.loc 1 87 0
 193 0114 1B4B     		ldr	r3, .L8+24
 194 0116 8622     		mov	r2, #134
 195 0118 9200     		lsl	r2, r2, #2
 196 011a 9446     		mov	ip, r2
ARM GAS  C:\Users\AARONW~1\AppData\Local\Temp\ccvyr1Gc.s 			page 6


 197 011c BC44     		add	ip, ip, r7
 198 011e 6344     		add	r3, r3, ip
 199 0120 0E22     		mov	r2, #14
 200 0122 1A81     		strh	r2, [r3, #8]
 201              	.L7:
  88:app_UART.c    ****             
  89:app_UART.c    ****             #ifdef FLOW_CONTROL
  90:app_UART.c    ****                 DisableUartRxInt();
  91:app_UART.c    ****             #endif
  92:app_UART.c    ****             
  93:app_UART.c    ****             do
  94:app_UART.c    ****             {
  95:app_UART.c    ****                 bleApiResult = CyBle_GattsNotification(cyBle_connHandle, &uartTxDataNtf);
 202              		.loc 1 95 0 discriminator 2
 203 0124 184B     		ldr	r3, .L8+28
 204 0126 FC18     		add	r4, r7, r3
 205 0128 184B     		ldr	r3, .L8+32
 206 012a 0822     		mov	r2, #8
 207 012c B918     		add	r1, r7, r2
 208 012e 1A78     		ldrb	r2, [r3]
 209 0130 5B78     		ldrb	r3, [r3, #1]
 210 0132 1B02     		lsl	r3, r3, #8
 211 0134 1A43     		orr	r2, r3
 212 0136 0023     		mov	r3, #0
 213 0138 1204     		lsl	r2, r2, #16
 214 013a 120C     		lsr	r2, r2, #16
 215 013c 1B0C     		lsr	r3, r3, #16
 216 013e 1B04     		lsl	r3, r3, #16
 217 0140 1343     		orr	r3, r2
 218 0142 181C     		mov	r0, r3
 219 0144 FFF7FEFF 		bl	CyBle_GattsNotification
 220 0148 031C     		mov	r3, r0
 221 014a 2380     		strh	r3, [r4]
  96:app_UART.c    ****                 CyBle_ProcessEvents();
 222              		.loc 1 96 0 discriminator 2
 223 014c FFF7FEFF 		bl	CyBle_ProcessEvents
  97:app_UART.c    ****             }
  98:app_UART.c    ****             while((CYBLE_ERROR_OK != bleApiResult)  && (CYBLE_STATE_CONNECTED == cyBle_state));
 224              		.loc 1 98 0 discriminator 2
 225 0150 0D4B     		ldr	r3, .L8+28
 226 0152 FB18     		add	r3, r7, r3
 227 0154 1B88     		ldrh	r3, [r3]
 228 0156 002B     		cmp	r3, #0
 229 0158 03D0     		beq	.L1
 230              		.loc 1 98 0 is_stmt 0 discriminator 1
 231 015a 0D4B     		ldr	r3, .L8+36
 232 015c 1B78     		ldrb	r3, [r3]
 233 015e 022B     		cmp	r3, #2
 234 0160 E0D0     		beq	.L7
 235              	.L1:
  99:app_UART.c    ****         }
 100:app_UART.c    ****     }
 101:app_UART.c    **** }
 236              		.loc 1 101 0 is_stmt 1
 237 0162 BD46     		mov	sp, r7
 238 0164 8723     		mov	r3, #135
 239 0166 9B00     		lsl	r3, r3, #2
ARM GAS  C:\Users\AARONW~1\AppData\Local\Temp\ccvyr1Gc.s 			page 7


 240 0168 9D44     		add	sp, sp, r3
 241              		@ sp needed
 242 016a 90BD     		pop	{r4, r7, pc}
 243              	.L9:
 244              		.align	2
 245              	.L8:
 246 016c E4FDFFFF 		.word	-540
 247 0170 EEFDFFFF 		.word	-530
 248 0174 00000000 		.word	mtuSize
 249 0178 00000000 		.word	uartIdleCount.7496
 250 017c 17020000 		.word	535
 251 0180 FCFDFFFF 		.word	-516
 252 0184 F0FDFFFF 		.word	-528
 253 0188 12020000 		.word	530
 254 018c 00000000 		.word	cyBle_connHandle
 255 0190 00000000 		.word	cyBle_state
 256              		.cfi_endproc
 257              	.LFE37:
 258              		.size	HandleUartTxTraffic, .-HandleUartTxTraffic
 259              		.section	.text.HandleUartRxTraffic,"ax",%progbits
 260              		.align	2
 261              		.global	HandleUartRxTraffic
 262              		.code	16
 263              		.thumb_func
 264              		.type	HandleUartRxTraffic, %function
 265              	HandleUartRxTraffic:
 266              	.LFB38:
 102:app_UART.c    **** 
 103:app_UART.c    **** /*****************************************************************************************
 104:app_UART.c    **** * Function Name: HandleUartRxTraffic
 105:app_UART.c    **** ******************************************************************************************
 106:app_UART.c    **** *
 107:app_UART.c    **** * Summary:
 108:app_UART.c    **** *  This function takes data from received "write without response" command from
 109:app_UART.c    **** *  server and, pushes it to the UART TX buffer. 
 110:app_UART.c    **** *
 111:app_UART.c    **** * Parameters:
 112:app_UART.c    **** *  CYBLE_GATTS_WRITE_REQ_PARAM_T * - the "write without response" param as
 113:app_UART.c    **** *                                    recieved by the BLE stack
 114:app_UART.c    **** *
 115:app_UART.c    **** * Return:
 116:app_UART.c    **** *   None.
 117:app_UART.c    **** *
 118:app_UART.c    **** *****************************************************************************************/
 119:app_UART.c    **** void HandleUartRxTraffic(CYBLE_GATTS_WRITE_REQ_PARAM_T * uartRxDataWrReq)
 120:app_UART.c    **** {
 267              		.loc 1 120 0
 268              		.cfi_startproc
 269 0000 80B5     		push	{r7, lr}
 270              		.cfi_def_cfa_offset 8
 271              		.cfi_offset 7, -8
 272              		.cfi_offset 14, -4
 273 0002 82B0     		sub	sp, sp, #8
 274              		.cfi_def_cfa_offset 16
 275 0004 00AF     		add	r7, sp, #0
 276              		.cfi_def_cfa_register 7
 277 0006 7860     		str	r0, [r7, #4]
ARM GAS  C:\Users\AARONW~1\AppData\Local\Temp\ccvyr1Gc.s 			page 8


 121:app_UART.c    ****     if(uartRxDataWrReq->handleValPair.attrHandle == CYBLE_SERVER_UART_SERVER_UART_RX_DATA_CHAR_HAND
 278              		.loc 1 121 0
 279 0008 7B68     		ldr	r3, [r7, #4]
 280 000a 9B89     		ldrh	r3, [r3, #12]
 281 000c 112B     		cmp	r3, #17
 282 000e 07D1     		bne	.L10
 122:app_UART.c    ****     {
 123:app_UART.c    ****         UART_SpiUartPutArray(uartRxDataWrReq->handleValPair.value.val, \
 283              		.loc 1 123 0
 284 0010 7B68     		ldr	r3, [r7, #4]
 285 0012 5A68     		ldr	r2, [r3, #4]
 124:app_UART.c    ****                                     (uint32) uartRxDataWrReq->handleValPair.value.len);
 286              		.loc 1 124 0
 287 0014 7B68     		ldr	r3, [r7, #4]
 288 0016 1B89     		ldrh	r3, [r3, #8]
 123:app_UART.c    ****                                     (uint32) uartRxDataWrReq->handleValPair.value.len);
 289              		.loc 1 123 0
 290 0018 101C     		mov	r0, r2
 291 001a 191C     		mov	r1, r3
 292 001c FFF7FEFF 		bl	UART_SpiUartPutArray
 293              	.L10:
 125:app_UART.c    ****     }
 126:app_UART.c    **** }
 294              		.loc 1 126 0
 295 0020 BD46     		mov	sp, r7
 296 0022 02B0     		add	sp, sp, #8
 297              		@ sp needed
 298 0024 80BD     		pop	{r7, pc}
 299              		.cfi_endproc
 300              	.LFE38:
 301              		.size	HandleUartRxTraffic, .-HandleUartRxTraffic
 302 0026 C046     		.section	.text.DisableUartRxInt,"ax",%progbits
 303              		.align	2
 304              		.global	DisableUartRxInt
 305              		.code	16
 306              		.thumb_func
 307              		.type	DisableUartRxInt, %function
 308              	DisableUartRxInt:
 309              	.LFB39:
 127:app_UART.c    **** 
 128:app_UART.c    **** /*****************************************************************************************
 129:app_UART.c    **** * Function Name: DisableUartRxInt
 130:app_UART.c    **** ******************************************************************************************
 131:app_UART.c    **** *
 132:app_UART.c    **** * Summary:
 133:app_UART.c    **** *  This function disables the UART RX interrupt.
 134:app_UART.c    **** *
 135:app_UART.c    **** * Parameters:
 136:app_UART.c    **** *   None.
 137:app_UART.c    **** *
 138:app_UART.c    **** * Return:
 139:app_UART.c    **** *   None.
 140:app_UART.c    **** *
 141:app_UART.c    **** *****************************************************************************************/
 142:app_UART.c    **** void DisableUartRxInt(void)
 143:app_UART.c    **** {
 310              		.loc 1 143 0
ARM GAS  C:\Users\AARONW~1\AppData\Local\Temp\ccvyr1Gc.s 			page 9


 311              		.cfi_startproc
 312 0000 80B5     		push	{r7, lr}
 313              		.cfi_def_cfa_offset 8
 314              		.cfi_offset 7, -8
 315              		.cfi_offset 14, -4
 316 0002 00AF     		add	r7, sp, #0
 317              		.cfi_def_cfa_register 7
 144:app_UART.c    ****     UART_INTR_RX_MASK_REG &= ~UART_RX_INTR_MASK;  
 318              		.loc 1 144 0
 319 0004 034B     		ldr	r3, .L13
 320 0006 034A     		ldr	r2, .L13
 321 0008 1268     		ldr	r2, [r2]
 322 000a 0421     		mov	r1, #4
 323 000c 8A43     		bic	r2, r1
 324 000e 1A60     		str	r2, [r3]
 145:app_UART.c    **** }
 325              		.loc 1 145 0
 326 0010 BD46     		mov	sp, r7
 327              		@ sp needed
 328 0012 80BD     		pop	{r7, pc}
 329              	.L14:
 330              		.align	2
 331              	.L13:
 332 0014 C80F2440 		.word	1076105160
 333              		.cfi_endproc
 334              	.LFE39:
 335              		.size	DisableUartRxInt, .-DisableUartRxInt
 336              		.section	.text.EnableUartRxInt,"ax",%progbits
 337              		.align	2
 338              		.global	EnableUartRxInt
 339              		.code	16
 340              		.thumb_func
 341              		.type	EnableUartRxInt, %function
 342              	EnableUartRxInt:
 343              	.LFB40:
 146:app_UART.c    **** 
 147:app_UART.c    **** /*****************************************************************************************
 148:app_UART.c    **** * Function Name: EnableUartRxInt
 149:app_UART.c    **** ******************************************************************************************
 150:app_UART.c    **** *
 151:app_UART.c    **** * Summary:
 152:app_UART.c    **** *  This function enables the UART RX interrupt.
 153:app_UART.c    **** *
 154:app_UART.c    **** * Parameters:
 155:app_UART.c    **** *   None.
 156:app_UART.c    **** *
 157:app_UART.c    **** * Return:
 158:app_UART.c    **** *   None.
 159:app_UART.c    **** *
 160:app_UART.c    **** *****************************************************************************************/
 161:app_UART.c    **** void EnableUartRxInt(void)
 162:app_UART.c    **** {
 344              		.loc 1 162 0
 345              		.cfi_startproc
 346 0000 80B5     		push	{r7, lr}
 347              		.cfi_def_cfa_offset 8
 348              		.cfi_offset 7, -8
ARM GAS  C:\Users\AARONW~1\AppData\Local\Temp\ccvyr1Gc.s 			page 10


 349              		.cfi_offset 14, -4
 350 0002 00AF     		add	r7, sp, #0
 351              		.cfi_def_cfa_register 7
 163:app_UART.c    ****     UART_INTR_RX_MASK_REG |= UART_RX_INTR_MASK;  
 352              		.loc 1 163 0
 353 0004 034B     		ldr	r3, .L16
 354 0006 034A     		ldr	r2, .L16
 355 0008 1268     		ldr	r2, [r2]
 356 000a 0421     		mov	r1, #4
 357 000c 0A43     		orr	r2, r1
 358 000e 1A60     		str	r2, [r3]
 164:app_UART.c    **** }
 359              		.loc 1 164 0
 360 0010 BD46     		mov	sp, r7
 361              		@ sp needed
 362 0012 80BD     		pop	{r7, pc}
 363              	.L17:
 364              		.align	2
 365              	.L16:
 366 0014 C80F2440 		.word	1076105160
 367              		.cfi_endproc
 368              	.LFE40:
 369              		.size	EnableUartRxInt, .-EnableUartRxInt
 370              		.data
 371              		.align	1
 372              		.type	uartIdleCount.7496, %object
 373              		.size	uartIdleCount.7496, 2
 374              	uartIdleCount.7496:
 375 0000 E803     		.short	1000
 376              		.text
 377              	.Letext0:
 378              		.file 2 "Generated_Source\\PSoC4/cytypes.h"
 379              		.file 3 "Generated_Source\\PSoC4/BLE_Stack.h"
 380              		.file 4 "Generated_Source\\PSoC4/BLE_StackGatt.h"
 381              		.file 5 "Generated_Source\\PSoC4/BLE_StackGattServer.h"
 382              		.file 6 "Generated_Source\\PSoC4/BLE_eventHandler.h"
 383              		.file 7 "app_UART.h"
 384              		.section	.debug_info,"",%progbits
 385              	.Ldebug_info0:
 386 0000 B4030000 		.4byte	0x3b4
 387 0004 0400     		.2byte	0x4
 388 0006 00000000 		.4byte	.Ldebug_abbrev0
 389 000a 04       		.byte	0x4
 390 000b 01       		.uleb128 0x1
 391 000c 41050000 		.4byte	.LASF85
 392 0010 01       		.byte	0x1
 393 0011 04060000 		.4byte	.LASF86
 394 0015 4E000000 		.4byte	.LASF87
 395 0019 00000000 		.4byte	.Ldebug_ranges0+0
 396 001d 00000000 		.4byte	0
 397 0021 00000000 		.4byte	.Ldebug_line0
 398 0025 02       		.uleb128 0x2
 399 0026 01       		.byte	0x1
 400 0027 06       		.byte	0x6
 401 0028 2E040000 		.4byte	.LASF0
 402 002c 02       		.uleb128 0x2
 403 002d 01       		.byte	0x1
ARM GAS  C:\Users\AARONW~1\AppData\Local\Temp\ccvyr1Gc.s 			page 11


 404 002e 08       		.byte	0x8
 405 002f FC030000 		.4byte	.LASF1
 406 0033 02       		.uleb128 0x2
 407 0034 02       		.byte	0x2
 408 0035 05       		.byte	0x5
 409 0036 24010000 		.4byte	.LASF2
 410 003a 02       		.uleb128 0x2
 411 003b 02       		.byte	0x2
 412 003c 07       		.byte	0x7
 413 003d FF040000 		.4byte	.LASF3
 414 0041 02       		.uleb128 0x2
 415 0042 04       		.byte	0x4
 416 0043 05       		.byte	0x5
 417 0044 70030000 		.4byte	.LASF4
 418 0048 02       		.uleb128 0x2
 419 0049 04       		.byte	0x4
 420 004a 07       		.byte	0x7
 421 004b 9A060000 		.4byte	.LASF5
 422 004f 02       		.uleb128 0x2
 423 0050 08       		.byte	0x8
 424 0051 05       		.byte	0x5
 425 0052 23030000 		.4byte	.LASF6
 426 0056 02       		.uleb128 0x2
 427 0057 08       		.byte	0x8
 428 0058 07       		.byte	0x7
 429 0059 3A040000 		.4byte	.LASF7
 430 005d 03       		.uleb128 0x3
 431 005e 04       		.byte	0x4
 432 005f 05       		.byte	0x5
 433 0060 696E7400 		.ascii	"int\000"
 434 0064 02       		.uleb128 0x2
 435 0065 04       		.byte	0x4
 436 0066 07       		.byte	0x7
 437 0067 7D040000 		.4byte	.LASF8
 438 006b 04       		.uleb128 0x4
 439 006c 93020000 		.4byte	.LASF9
 440 0070 02       		.byte	0x2
 441 0071 B901     		.2byte	0x1b9
 442 0073 2C000000 		.4byte	0x2c
 443 0077 04       		.uleb128 0x4
 444 0078 68020000 		.4byte	.LASF10
 445 007c 02       		.byte	0x2
 446 007d BA01     		.2byte	0x1ba
 447 007f 3A000000 		.4byte	0x3a
 448 0083 04       		.uleb128 0x4
 449 0084 93060000 		.4byte	.LASF11
 450 0088 02       		.byte	0x2
 451 0089 BB01     		.2byte	0x1bb
 452 008b 48000000 		.4byte	0x48
 453 008f 02       		.uleb128 0x2
 454 0090 04       		.byte	0x4
 455 0091 04       		.byte	0x4
 456 0092 1D030000 		.4byte	.LASF12
 457 0096 02       		.uleb128 0x2
 458 0097 08       		.byte	0x8
 459 0098 04       		.byte	0x4
 460 0099 B7060000 		.4byte	.LASF13
ARM GAS  C:\Users\AARONW~1\AppData\Local\Temp\ccvyr1Gc.s 			page 12


 461 009d 02       		.uleb128 0x2
 462 009e 01       		.byte	0x1
 463 009f 08       		.byte	0x8
 464 00a0 12050000 		.4byte	.LASF14
 465 00a4 04       		.uleb128 0x4
 466 00a5 D6040000 		.4byte	.LASF15
 467 00a9 02       		.byte	0x2
 468 00aa 6502     		.2byte	0x265
 469 00ac B0000000 		.4byte	0xb0
 470 00b0 05       		.uleb128 0x5
 471 00b1 83000000 		.4byte	0x83
 472 00b5 02       		.uleb128 0x2
 473 00b6 04       		.byte	0x4
 474 00b7 07       		.byte	0x7
 475 00b8 2E010000 		.4byte	.LASF16
 476 00bc 06       		.uleb128 0x6
 477 00bd 02       		.byte	0x2
 478 00be 03       		.byte	0x3
 479 00bf 0204     		.2byte	0x402
 480 00c1 93010000 		.4byte	0x193
 481 00c5 07       		.uleb128 0x7
 482 00c6 42010000 		.4byte	.LASF17
 483 00ca 00       		.sleb128 0
 484 00cb 07       		.uleb128 0x7
 485 00cc 08020000 		.4byte	.LASF18
 486 00d0 01       		.sleb128 1
 487 00d1 07       		.uleb128 0x7
 488 00d2 6F020000 		.4byte	.LASF19
 489 00d6 02       		.sleb128 2
 490 00d7 07       		.uleb128 0x7
 491 00d8 0F060000 		.4byte	.LASF20
 492 00dc 03       		.sleb128 3
 493 00dd 07       		.uleb128 0x7
 494 00de FA020000 		.4byte	.LASF21
 495 00e2 04       		.sleb128 4
 496 00e3 07       		.uleb128 0x7
 497 00e4 26020000 		.4byte	.LASF22
 498 00e8 05       		.sleb128 5
 499 00e9 07       		.uleb128 0x7
 500 00ea BD020000 		.4byte	.LASF23
 501 00ee 06       		.sleb128 6
 502 00ef 07       		.uleb128 0x7
 503 00f0 DF030000 		.4byte	.LASF24
 504 00f4 07       		.sleb128 7
 505 00f5 07       		.uleb128 0x7
 506 00f6 89030000 		.4byte	.LASF25
 507 00fa 08       		.sleb128 8
 508 00fb 07       		.uleb128 0x7
 509 00fc 68040000 		.4byte	.LASF26
 510 0100 09       		.sleb128 9
 511 0101 07       		.uleb128 0x7
 512 0102 E0020000 		.4byte	.LASF27
 513 0106 0A       		.sleb128 10
 514 0107 07       		.uleb128 0x7
 515 0108 31030000 		.4byte	.LASF28
 516 010c 0B       		.sleb128 11
 517 010d 07       		.uleb128 0x7
ARM GAS  C:\Users\AARONW~1\AppData\Local\Temp\ccvyr1Gc.s 			page 13


 518 010e 51040000 		.4byte	.LASF29
 519 0112 0C       		.sleb128 12
 520 0113 07       		.uleb128 0x7
 521 0114 8A040000 		.4byte	.LASF30
 522 0118 0D       		.sleb128 13
 523 0119 07       		.uleb128 0x7
 524 011a 25000000 		.4byte	.LASF31
 525 011e 0E       		.sleb128 14
 526 011f 07       		.uleb128 0x7
 527 0120 00000000 		.4byte	.LASF32
 528 0124 0F       		.sleb128 15
 529 0125 07       		.uleb128 0x7
 530 0126 E1070000 		.4byte	.LASF33
 531 012a 10       		.sleb128 16
 532 012b 07       		.uleb128 0x7
 533 012c F5000000 		.4byte	.LASF34
 534 0130 11       		.sleb128 17
 535 0131 07       		.uleb128 0x7
 536 0132 16070000 		.4byte	.LASF35
 537 0136 12       		.sleb128 18
 538 0137 07       		.uleb128 0x7
 539 0138 B9070000 		.4byte	.LASF36
 540 013c 13       		.sleb128 19
 541 013d 07       		.uleb128 0x7
 542 013e 6F070000 		.4byte	.LASF37
 543 0142 27       		.sleb128 39
 544 0143 07       		.uleb128 0x7
 545 0144 68010000 		.4byte	.LASF38
 546 0148 28       		.sleb128 40
 547 0149 07       		.uleb128 0x7
 548 014a AE010000 		.4byte	.LASF39
 549 014e 29       		.sleb128 41
 550 014f 07       		.uleb128 0x7
 551 0150 39070000 		.4byte	.LASF40
 552 0154 2A       		.sleb128 42
 553 0155 07       		.uleb128 0x7
 554 0156 48060000 		.4byte	.LASF41
 555 015a 2B       		.sleb128 43
 556 015b 07       		.uleb128 0x7
 557 015c 0A040000 		.4byte	.LASF42
 558 0160 2C       		.sleb128 44
 559 0161 07       		.uleb128 0x7
 560 0162 CF050000 		.4byte	.LASF43
 561 0166 FE01     		.sleb128 254
 562 0168 07       		.uleb128 0x7
 563 0169 91070000 		.4byte	.LASF44
 564 016d FF01     		.sleb128 255
 565 016f 07       		.uleb128 0x7
 566 0170 56070000 		.4byte	.LASF45
 567 0174 8002     		.sleb128 256
 568 0176 07       		.uleb128 0x7
 569 0177 0F080000 		.4byte	.LASF46
 570 017b 8102     		.sleb128 257
 571 017d 07       		.uleb128 0x7
 572 017e DC040000 		.4byte	.LASF47
 573 0182 8202     		.sleb128 258
 574 0184 07       		.uleb128 0x7
ARM GAS  C:\Users\AARONW~1\AppData\Local\Temp\ccvyr1Gc.s 			page 14


 575 0185 C5030000 		.4byte	.LASF48
 576 0189 8302     		.sleb128 259
 577 018b 07       		.uleb128 0x7
 578 018c 17050000 		.4byte	.LASF49
 579 0190 8402     		.sleb128 260
 580 0192 00       		.byte	0
 581 0193 04       		.uleb128 0x4
 582 0194 99020000 		.4byte	.LASF50
 583 0198 03       		.byte	0x3
 584 0199 7104     		.2byte	0x471
 585 019b BC000000 		.4byte	0xbc
 586 019f 08       		.uleb128 0x8
 587 01a0 04       		.byte	0x4
 588 01a1 6B000000 		.4byte	0x6b
 589 01a5 04       		.uleb128 0x4
 590 01a6 CA010000 		.4byte	.LASF51
 591 01aa 04       		.byte	0x4
 592 01ab 8901     		.2byte	0x189
 593 01ad 77000000 		.4byte	0x77
 594 01b1 09       		.uleb128 0x9
 595 01b2 02       		.byte	0x2
 596 01b3 04       		.byte	0x4
 597 01b4 9301     		.2byte	0x193
 598 01b6 D5010000 		.4byte	0x1d5
 599 01ba 0A       		.uleb128 0xa
 600 01bb D7020000 		.4byte	.LASF52
 601 01bf 04       		.byte	0x4
 602 01c0 9A01     		.2byte	0x19a
 603 01c2 6B000000 		.4byte	0x6b
 604 01c6 00       		.byte	0
 605 01c7 0A       		.uleb128 0xa
 606 01c8 35080000 		.4byte	.LASF53
 607 01cc 04       		.byte	0x4
 608 01cd A001     		.2byte	0x1a0
 609 01cf 6B000000 		.4byte	0x6b
 610 01d3 01       		.byte	0x1
 611 01d4 00       		.byte	0
 612 01d5 04       		.uleb128 0x4
 613 01d6 D2060000 		.4byte	.LASF54
 614 01da 04       		.byte	0x4
 615 01db A201     		.2byte	0x1a2
 616 01dd B1010000 		.4byte	0x1b1
 617 01e1 09       		.uleb128 0x9
 618 01e2 08       		.byte	0x8
 619 01e3 04       		.byte	0x4
 620 01e4 BE01     		.2byte	0x1be
 621 01e6 12020000 		.4byte	0x212
 622 01ea 0B       		.uleb128 0xb
 623 01eb 76616C00 		.ascii	"val\000"
 624 01ef 04       		.byte	0x4
 625 01f0 C101     		.2byte	0x1c1
 626 01f2 9F010000 		.4byte	0x19f
 627 01f6 00       		.byte	0
 628 01f7 0B       		.uleb128 0xb
 629 01f8 6C656E00 		.ascii	"len\000"
 630 01fc 04       		.byte	0x4
 631 01fd C401     		.2byte	0x1c4
ARM GAS  C:\Users\AARONW~1\AppData\Local\Temp\ccvyr1Gc.s 			page 15


 632 01ff 77000000 		.4byte	0x77
 633 0203 04       		.byte	0x4
 634 0204 0A       		.uleb128 0xa
 635 0205 AF070000 		.4byte	.LASF55
 636 0209 04       		.byte	0x4
 637 020a CB01     		.2byte	0x1cb
 638 020c 77000000 		.4byte	0x77
 639 0210 06       		.byte	0x6
 640 0211 00       		.byte	0
 641 0212 04       		.uleb128 0x4
 642 0213 2E050000 		.4byte	.LASF56
 643 0217 04       		.byte	0x4
 644 0218 CD01     		.2byte	0x1cd
 645 021a E1010000 		.4byte	0x1e1
 646 021e 09       		.uleb128 0x9
 647 021f 0C       		.byte	0xc
 648 0220 04       		.byte	0x4
 649 0221 D001     		.2byte	0x1d0
 650 0223 42020000 		.4byte	0x242
 651 0227 0A       		.uleb128 0xa
 652 0228 44020000 		.4byte	.LASF57
 653 022c 04       		.byte	0x4
 654 022d D301     		.2byte	0x1d3
 655 022f 12020000 		.4byte	0x212
 656 0233 00       		.byte	0
 657 0234 0A       		.uleb128 0xa
 658 0235 AC060000 		.4byte	.LASF58
 659 0239 04       		.byte	0x4
 660 023a D601     		.2byte	0x1d6
 661 023c A5010000 		.4byte	0x1a5
 662 0240 08       		.byte	0x8
 663 0241 00       		.byte	0
 664 0242 04       		.uleb128 0x4
 665 0243 E6060000 		.4byte	.LASF59
 666 0247 04       		.byte	0x4
 667 0248 D801     		.2byte	0x1d8
 668 024a 1E020000 		.4byte	0x21e
 669 024e 0C       		.uleb128 0xc
 670 024f 51030000 		.4byte	.LASF60
 671 0253 05       		.byte	0x5
 672 0254 34       		.byte	0x34
 673 0255 42020000 		.4byte	0x242
 674 0259 0D       		.uleb128 0xd
 675 025a 10       		.byte	0x10
 676 025b 05       		.byte	0x5
 677 025c 8A       		.byte	0x8a
 678 025d 7A020000 		.4byte	0x27a
 679 0261 0E       		.uleb128 0xe
 680 0262 37010000 		.4byte	.LASF61
 681 0266 05       		.byte	0x5
 682 0267 8D       		.byte	0x8d
 683 0268 D5010000 		.4byte	0x1d5
 684 026c 00       		.byte	0
 685 026d 0E       		.uleb128 0xe
 686 026e E7000000 		.4byte	.LASF62
 687 0272 05       		.byte	0x5
 688 0273 90       		.byte	0x90
ARM GAS  C:\Users\AARONW~1\AppData\Local\Temp\ccvyr1Gc.s 			page 16


 689 0274 42020000 		.4byte	0x242
 690 0278 04       		.byte	0x4
 691 0279 00       		.byte	0
 692 027a 0C       		.uleb128 0xc
 693 027b A7030000 		.4byte	.LASF63
 694 027f 05       		.byte	0x5
 695 0280 92       		.byte	0x92
 696 0281 59020000 		.4byte	0x259
 697 0285 06       		.uleb128 0x6
 698 0286 01       		.byte	0x1
 699 0287 06       		.byte	0x6
 700 0288 5008     		.2byte	0x850
 701 028a AD020000 		.4byte	0x2ad
 702 028e 07       		.uleb128 0x7
 703 028f F4010000 		.4byte	.LASF64
 704 0293 00       		.sleb128 0
 705 0294 07       		.uleb128 0x7
 706 0295 EB050000 		.4byte	.LASF65
 707 0299 01       		.sleb128 1
 708 029a 07       		.uleb128 0x7
 709 029b 4A020000 		.4byte	.LASF66
 710 029f 02       		.sleb128 2
 711 02a0 07       		.uleb128 0x7
 712 02a1 7B060000 		.4byte	.LASF67
 713 02a5 03       		.sleb128 3
 714 02a6 07       		.uleb128 0x7
 715 02a7 AF040000 		.4byte	.LASF68
 716 02ab 04       		.sleb128 4
 717 02ac 00       		.byte	0
 718 02ad 04       		.uleb128 0x4
 719 02ae C8040000 		.4byte	.LASF69
 720 02b2 06       		.byte	0x6
 721 02b3 5E08     		.2byte	0x85e
 722 02b5 85020000 		.4byte	0x285
 723 02b9 0F       		.uleb128 0xf
 724 02ba BE060000 		.4byte	.LASF76
 725 02be 01       		.byte	0x1
 726 02bf 21       		.byte	0x21
 727 02c0 00000000 		.4byte	.LFB37
 728 02c4 94010000 		.4byte	.LFE37-.LFB37
 729 02c8 01       		.uleb128 0x1
 730 02c9 9C       		.byte	0x9c
 731 02ca 37030000 		.4byte	0x337
 732 02ce 10       		.uleb128 0x10
 733 02cf 51010000 		.4byte	.LASF78
 734 02d3 01       		.byte	0x1
 735 02d4 21       		.byte	0x21
 736 02d5 77000000 		.4byte	0x77
 737 02d9 03       		.uleb128 0x3
 738 02da 91       		.byte	0x91
 739 02db DE7B     		.sleb128 -546
 740 02dd 11       		.uleb128 0x11
 741 02de 8D020000 		.4byte	.LASF70
 742 02e2 01       		.byte	0x1
 743 02e3 23       		.byte	0x23
 744 02e4 6B000000 		.4byte	0x6b
 745 02e8 02       		.uleb128 0x2
ARM GAS  C:\Users\AARONW~1\AppData\Local\Temp\ccvyr1Gc.s 			page 17


 746 02e9 91       		.byte	0x91
 747 02ea 6F       		.sleb128 -17
 748 02eb 11       		.uleb128 0x11
 749 02ec 19010000 		.4byte	.LASF71
 750 02f0 01       		.byte	0x1
 751 02f1 24       		.byte	0x24
 752 02f2 37030000 		.4byte	0x337
 753 02f6 03       		.uleb128 0x3
 754 02f7 91       		.byte	0x91
 755 02f8 EC7B     		.sleb128 -532
 756 02fa 11       		.uleb128 0x11
 757 02fb 9D010000 		.4byte	.LASF72
 758 02ff 01       		.byte	0x1
 759 0300 25       		.byte	0x25
 760 0301 77000000 		.4byte	0x77
 761 0305 02       		.uleb128 0x2
 762 0306 91       		.byte	0x91
 763 0307 6C       		.sleb128 -20
 764 0308 11       		.uleb128 0x11
 765 0309 E6010000 		.4byte	.LASF73
 766 030d 01       		.byte	0x1
 767 030e 27       		.byte	0x27
 768 030f 77000000 		.4byte	0x77
 769 0313 05       		.uleb128 0x5
 770 0314 03       		.byte	0x3
 771 0315 00000000 		.4byte	uartIdleCount.7496
 772 0319 11       		.uleb128 0x11
 773 031a 28080000 		.4byte	.LASF74
 774 031e 01       		.byte	0x1
 775 031f 29       		.byte	0x29
 776 0320 93010000 		.4byte	0x193
 777 0324 02       		.uleb128 0x2
 778 0325 91       		.byte	0x91
 779 0326 6A       		.sleb128 -22
 780 0327 11       		.uleb128 0x11
 781 0328 A1070000 		.4byte	.LASF75
 782 032c 01       		.byte	0x1
 783 032d 2A       		.byte	0x2a
 784 032e 4E020000 		.4byte	0x24e
 785 0332 03       		.uleb128 0x3
 786 0333 91       		.byte	0x91
 787 0334 E07B     		.sleb128 -544
 788 0336 00       		.byte	0
 789 0337 12       		.uleb128 0x12
 790 0338 6B000000 		.4byte	0x6b
 791 033c 48030000 		.4byte	0x348
 792 0340 13       		.uleb128 0x13
 793 0341 B5000000 		.4byte	0xb5
 794 0345 FC01     		.2byte	0x1fc
 795 0347 00       		.byte	0
 796 0348 0F       		.uleb128 0xf
 797 0349 34060000 		.4byte	.LASF77
 798 034d 01       		.byte	0x1
 799 034e 77       		.byte	0x77
 800 034f 00000000 		.4byte	.LFB38
 801 0353 26000000 		.4byte	.LFE38-.LFB38
 802 0357 01       		.uleb128 0x1
ARM GAS  C:\Users\AARONW~1\AppData\Local\Temp\ccvyr1Gc.s 			page 18


 803 0358 9C       		.byte	0x9c
 804 0359 6C030000 		.4byte	0x36c
 805 035d 10       		.uleb128 0x10
 806 035e 8D010000 		.4byte	.LASF79
 807 0362 01       		.byte	0x1
 808 0363 77       		.byte	0x77
 809 0364 6C030000 		.4byte	0x36c
 810 0368 02       		.uleb128 0x2
 811 0369 91       		.byte	0x91
 812 036a 74       		.sleb128 -12
 813 036b 00       		.byte	0
 814 036c 08       		.uleb128 0x8
 815 036d 04       		.byte	0x4
 816 036e 7A020000 		.4byte	0x27a
 817 0372 14       		.uleb128 0x14
 818 0373 05070000 		.4byte	.LASF80
 819 0377 01       		.byte	0x1
 820 0378 8E       		.byte	0x8e
 821 0379 00000000 		.4byte	.LFB39
 822 037d 18000000 		.4byte	.LFE39-.LFB39
 823 0381 01       		.uleb128 0x1
 824 0382 9C       		.byte	0x9c
 825 0383 14       		.uleb128 0x14
 826 0384 79030000 		.4byte	.LASF81
 827 0388 01       		.byte	0x1
 828 0389 A1       		.byte	0xa1
 829 038a 00000000 		.4byte	.LFB40
 830 038e 18000000 		.4byte	.LFE40-.LFB40
 831 0392 01       		.uleb128 0x1
 832 0393 9C       		.byte	0x9c
 833 0394 15       		.uleb128 0x15
 834 0395 22040000 		.4byte	.LASF82
 835 0399 06       		.byte	0x6
 836 039a A90A     		.2byte	0xaa9
 837 039c AD020000 		.4byte	0x2ad
 838 03a0 15       		.uleb128 0x15
 839 03a1 AC020000 		.4byte	.LASF83
 840 03a5 06       		.byte	0x6
 841 03a6 AA0A     		.2byte	0xaaa
 842 03a8 D5010000 		.4byte	0x1d5
 843 03ac 16       		.uleb128 0x16
 844 03ad 60020000 		.4byte	.LASF84
 845 03b1 07       		.byte	0x7
 846 03b2 25       		.byte	0x25
 847 03b3 77000000 		.4byte	0x77
 848 03b7 00       		.byte	0
 849              		.section	.debug_abbrev,"",%progbits
 850              	.Ldebug_abbrev0:
 851 0000 01       		.uleb128 0x1
 852 0001 11       		.uleb128 0x11
 853 0002 01       		.byte	0x1
 854 0003 25       		.uleb128 0x25
 855 0004 0E       		.uleb128 0xe
 856 0005 13       		.uleb128 0x13
 857 0006 0B       		.uleb128 0xb
 858 0007 03       		.uleb128 0x3
 859 0008 0E       		.uleb128 0xe
ARM GAS  C:\Users\AARONW~1\AppData\Local\Temp\ccvyr1Gc.s 			page 19


 860 0009 1B       		.uleb128 0x1b
 861 000a 0E       		.uleb128 0xe
 862 000b 55       		.uleb128 0x55
 863 000c 17       		.uleb128 0x17
 864 000d 11       		.uleb128 0x11
 865 000e 01       		.uleb128 0x1
 866 000f 10       		.uleb128 0x10
 867 0010 17       		.uleb128 0x17
 868 0011 00       		.byte	0
 869 0012 00       		.byte	0
 870 0013 02       		.uleb128 0x2
 871 0014 24       		.uleb128 0x24
 872 0015 00       		.byte	0
 873 0016 0B       		.uleb128 0xb
 874 0017 0B       		.uleb128 0xb
 875 0018 3E       		.uleb128 0x3e
 876 0019 0B       		.uleb128 0xb
 877 001a 03       		.uleb128 0x3
 878 001b 0E       		.uleb128 0xe
 879 001c 00       		.byte	0
 880 001d 00       		.byte	0
 881 001e 03       		.uleb128 0x3
 882 001f 24       		.uleb128 0x24
 883 0020 00       		.byte	0
 884 0021 0B       		.uleb128 0xb
 885 0022 0B       		.uleb128 0xb
 886 0023 3E       		.uleb128 0x3e
 887 0024 0B       		.uleb128 0xb
 888 0025 03       		.uleb128 0x3
 889 0026 08       		.uleb128 0x8
 890 0027 00       		.byte	0
 891 0028 00       		.byte	0
 892 0029 04       		.uleb128 0x4
 893 002a 16       		.uleb128 0x16
 894 002b 00       		.byte	0
 895 002c 03       		.uleb128 0x3
 896 002d 0E       		.uleb128 0xe
 897 002e 3A       		.uleb128 0x3a
 898 002f 0B       		.uleb128 0xb
 899 0030 3B       		.uleb128 0x3b
 900 0031 05       		.uleb128 0x5
 901 0032 49       		.uleb128 0x49
 902 0033 13       		.uleb128 0x13
 903 0034 00       		.byte	0
 904 0035 00       		.byte	0
 905 0036 05       		.uleb128 0x5
 906 0037 35       		.uleb128 0x35
 907 0038 00       		.byte	0
 908 0039 49       		.uleb128 0x49
 909 003a 13       		.uleb128 0x13
 910 003b 00       		.byte	0
 911 003c 00       		.byte	0
 912 003d 06       		.uleb128 0x6
 913 003e 04       		.uleb128 0x4
 914 003f 01       		.byte	0x1
 915 0040 0B       		.uleb128 0xb
 916 0041 0B       		.uleb128 0xb
ARM GAS  C:\Users\AARONW~1\AppData\Local\Temp\ccvyr1Gc.s 			page 20


 917 0042 3A       		.uleb128 0x3a
 918 0043 0B       		.uleb128 0xb
 919 0044 3B       		.uleb128 0x3b
 920 0045 05       		.uleb128 0x5
 921 0046 01       		.uleb128 0x1
 922 0047 13       		.uleb128 0x13
 923 0048 00       		.byte	0
 924 0049 00       		.byte	0
 925 004a 07       		.uleb128 0x7
 926 004b 28       		.uleb128 0x28
 927 004c 00       		.byte	0
 928 004d 03       		.uleb128 0x3
 929 004e 0E       		.uleb128 0xe
 930 004f 1C       		.uleb128 0x1c
 931 0050 0D       		.uleb128 0xd
 932 0051 00       		.byte	0
 933 0052 00       		.byte	0
 934 0053 08       		.uleb128 0x8
 935 0054 0F       		.uleb128 0xf
 936 0055 00       		.byte	0
 937 0056 0B       		.uleb128 0xb
 938 0057 0B       		.uleb128 0xb
 939 0058 49       		.uleb128 0x49
 940 0059 13       		.uleb128 0x13
 941 005a 00       		.byte	0
 942 005b 00       		.byte	0
 943 005c 09       		.uleb128 0x9
 944 005d 13       		.uleb128 0x13
 945 005e 01       		.byte	0x1
 946 005f 0B       		.uleb128 0xb
 947 0060 0B       		.uleb128 0xb
 948 0061 3A       		.uleb128 0x3a
 949 0062 0B       		.uleb128 0xb
 950 0063 3B       		.uleb128 0x3b
 951 0064 05       		.uleb128 0x5
 952 0065 01       		.uleb128 0x1
 953 0066 13       		.uleb128 0x13
 954 0067 00       		.byte	0
 955 0068 00       		.byte	0
 956 0069 0A       		.uleb128 0xa
 957 006a 0D       		.uleb128 0xd
 958 006b 00       		.byte	0
 959 006c 03       		.uleb128 0x3
 960 006d 0E       		.uleb128 0xe
 961 006e 3A       		.uleb128 0x3a
 962 006f 0B       		.uleb128 0xb
 963 0070 3B       		.uleb128 0x3b
 964 0071 05       		.uleb128 0x5
 965 0072 49       		.uleb128 0x49
 966 0073 13       		.uleb128 0x13
 967 0074 38       		.uleb128 0x38
 968 0075 0B       		.uleb128 0xb
 969 0076 00       		.byte	0
 970 0077 00       		.byte	0
 971 0078 0B       		.uleb128 0xb
 972 0079 0D       		.uleb128 0xd
 973 007a 00       		.byte	0
ARM GAS  C:\Users\AARONW~1\AppData\Local\Temp\ccvyr1Gc.s 			page 21


 974 007b 03       		.uleb128 0x3
 975 007c 08       		.uleb128 0x8
 976 007d 3A       		.uleb128 0x3a
 977 007e 0B       		.uleb128 0xb
 978 007f 3B       		.uleb128 0x3b
 979 0080 05       		.uleb128 0x5
 980 0081 49       		.uleb128 0x49
 981 0082 13       		.uleb128 0x13
 982 0083 38       		.uleb128 0x38
 983 0084 0B       		.uleb128 0xb
 984 0085 00       		.byte	0
 985 0086 00       		.byte	0
 986 0087 0C       		.uleb128 0xc
 987 0088 16       		.uleb128 0x16
 988 0089 00       		.byte	0
 989 008a 03       		.uleb128 0x3
 990 008b 0E       		.uleb128 0xe
 991 008c 3A       		.uleb128 0x3a
 992 008d 0B       		.uleb128 0xb
 993 008e 3B       		.uleb128 0x3b
 994 008f 0B       		.uleb128 0xb
 995 0090 49       		.uleb128 0x49
 996 0091 13       		.uleb128 0x13
 997 0092 00       		.byte	0
 998 0093 00       		.byte	0
 999 0094 0D       		.uleb128 0xd
 1000 0095 13       		.uleb128 0x13
 1001 0096 01       		.byte	0x1
 1002 0097 0B       		.uleb128 0xb
 1003 0098 0B       		.uleb128 0xb
 1004 0099 3A       		.uleb128 0x3a
 1005 009a 0B       		.uleb128 0xb
 1006 009b 3B       		.uleb128 0x3b
 1007 009c 0B       		.uleb128 0xb
 1008 009d 01       		.uleb128 0x1
 1009 009e 13       		.uleb128 0x13
 1010 009f 00       		.byte	0
 1011 00a0 00       		.byte	0
 1012 00a1 0E       		.uleb128 0xe
 1013 00a2 0D       		.uleb128 0xd
 1014 00a3 00       		.byte	0
 1015 00a4 03       		.uleb128 0x3
 1016 00a5 0E       		.uleb128 0xe
 1017 00a6 3A       		.uleb128 0x3a
 1018 00a7 0B       		.uleb128 0xb
 1019 00a8 3B       		.uleb128 0x3b
 1020 00a9 0B       		.uleb128 0xb
 1021 00aa 49       		.uleb128 0x49
 1022 00ab 13       		.uleb128 0x13
 1023 00ac 38       		.uleb128 0x38
 1024 00ad 0B       		.uleb128 0xb
 1025 00ae 00       		.byte	0
 1026 00af 00       		.byte	0
 1027 00b0 0F       		.uleb128 0xf
 1028 00b1 2E       		.uleb128 0x2e
 1029 00b2 01       		.byte	0x1
 1030 00b3 3F       		.uleb128 0x3f
ARM GAS  C:\Users\AARONW~1\AppData\Local\Temp\ccvyr1Gc.s 			page 22


 1031 00b4 19       		.uleb128 0x19
 1032 00b5 03       		.uleb128 0x3
 1033 00b6 0E       		.uleb128 0xe
 1034 00b7 3A       		.uleb128 0x3a
 1035 00b8 0B       		.uleb128 0xb
 1036 00b9 3B       		.uleb128 0x3b
 1037 00ba 0B       		.uleb128 0xb
 1038 00bb 27       		.uleb128 0x27
 1039 00bc 19       		.uleb128 0x19
 1040 00bd 11       		.uleb128 0x11
 1041 00be 01       		.uleb128 0x1
 1042 00bf 12       		.uleb128 0x12
 1043 00c0 06       		.uleb128 0x6
 1044 00c1 40       		.uleb128 0x40
 1045 00c2 18       		.uleb128 0x18
 1046 00c3 9642     		.uleb128 0x2116
 1047 00c5 19       		.uleb128 0x19
 1048 00c6 01       		.uleb128 0x1
 1049 00c7 13       		.uleb128 0x13
 1050 00c8 00       		.byte	0
 1051 00c9 00       		.byte	0
 1052 00ca 10       		.uleb128 0x10
 1053 00cb 05       		.uleb128 0x5
 1054 00cc 00       		.byte	0
 1055 00cd 03       		.uleb128 0x3
 1056 00ce 0E       		.uleb128 0xe
 1057 00cf 3A       		.uleb128 0x3a
 1058 00d0 0B       		.uleb128 0xb
 1059 00d1 3B       		.uleb128 0x3b
 1060 00d2 0B       		.uleb128 0xb
 1061 00d3 49       		.uleb128 0x49
 1062 00d4 13       		.uleb128 0x13
 1063 00d5 02       		.uleb128 0x2
 1064 00d6 18       		.uleb128 0x18
 1065 00d7 00       		.byte	0
 1066 00d8 00       		.byte	0
 1067 00d9 11       		.uleb128 0x11
 1068 00da 34       		.uleb128 0x34
 1069 00db 00       		.byte	0
 1070 00dc 03       		.uleb128 0x3
 1071 00dd 0E       		.uleb128 0xe
 1072 00de 3A       		.uleb128 0x3a
 1073 00df 0B       		.uleb128 0xb
 1074 00e0 3B       		.uleb128 0x3b
 1075 00e1 0B       		.uleb128 0xb
 1076 00e2 49       		.uleb128 0x49
 1077 00e3 13       		.uleb128 0x13
 1078 00e4 02       		.uleb128 0x2
 1079 00e5 18       		.uleb128 0x18
 1080 00e6 00       		.byte	0
 1081 00e7 00       		.byte	0
 1082 00e8 12       		.uleb128 0x12
 1083 00e9 01       		.uleb128 0x1
 1084 00ea 01       		.byte	0x1
 1085 00eb 49       		.uleb128 0x49
 1086 00ec 13       		.uleb128 0x13
 1087 00ed 01       		.uleb128 0x1
ARM GAS  C:\Users\AARONW~1\AppData\Local\Temp\ccvyr1Gc.s 			page 23


 1088 00ee 13       		.uleb128 0x13
 1089 00ef 00       		.byte	0
 1090 00f0 00       		.byte	0
 1091 00f1 13       		.uleb128 0x13
 1092 00f2 21       		.uleb128 0x21
 1093 00f3 00       		.byte	0
 1094 00f4 49       		.uleb128 0x49
 1095 00f5 13       		.uleb128 0x13
 1096 00f6 2F       		.uleb128 0x2f
 1097 00f7 05       		.uleb128 0x5
 1098 00f8 00       		.byte	0
 1099 00f9 00       		.byte	0
 1100 00fa 14       		.uleb128 0x14
 1101 00fb 2E       		.uleb128 0x2e
 1102 00fc 00       		.byte	0
 1103 00fd 3F       		.uleb128 0x3f
 1104 00fe 19       		.uleb128 0x19
 1105 00ff 03       		.uleb128 0x3
 1106 0100 0E       		.uleb128 0xe
 1107 0101 3A       		.uleb128 0x3a
 1108 0102 0B       		.uleb128 0xb
 1109 0103 3B       		.uleb128 0x3b
 1110 0104 0B       		.uleb128 0xb
 1111 0105 27       		.uleb128 0x27
 1112 0106 19       		.uleb128 0x19
 1113 0107 11       		.uleb128 0x11
 1114 0108 01       		.uleb128 0x1
 1115 0109 12       		.uleb128 0x12
 1116 010a 06       		.uleb128 0x6
 1117 010b 40       		.uleb128 0x40
 1118 010c 18       		.uleb128 0x18
 1119 010d 9742     		.uleb128 0x2117
 1120 010f 19       		.uleb128 0x19
 1121 0110 00       		.byte	0
 1122 0111 00       		.byte	0
 1123 0112 15       		.uleb128 0x15
 1124 0113 34       		.uleb128 0x34
 1125 0114 00       		.byte	0
 1126 0115 03       		.uleb128 0x3
 1127 0116 0E       		.uleb128 0xe
 1128 0117 3A       		.uleb128 0x3a
 1129 0118 0B       		.uleb128 0xb
 1130 0119 3B       		.uleb128 0x3b
 1131 011a 05       		.uleb128 0x5
 1132 011b 49       		.uleb128 0x49
 1133 011c 13       		.uleb128 0x13
 1134 011d 3F       		.uleb128 0x3f
 1135 011e 19       		.uleb128 0x19
 1136 011f 3C       		.uleb128 0x3c
 1137 0120 19       		.uleb128 0x19
 1138 0121 00       		.byte	0
 1139 0122 00       		.byte	0
 1140 0123 16       		.uleb128 0x16
 1141 0124 34       		.uleb128 0x34
 1142 0125 00       		.byte	0
 1143 0126 03       		.uleb128 0x3
 1144 0127 0E       		.uleb128 0xe
ARM GAS  C:\Users\AARONW~1\AppData\Local\Temp\ccvyr1Gc.s 			page 24


 1145 0128 3A       		.uleb128 0x3a
 1146 0129 0B       		.uleb128 0xb
 1147 012a 3B       		.uleb128 0x3b
 1148 012b 0B       		.uleb128 0xb
 1149 012c 49       		.uleb128 0x49
 1150 012d 13       		.uleb128 0x13
 1151 012e 3F       		.uleb128 0x3f
 1152 012f 19       		.uleb128 0x19
 1153 0130 3C       		.uleb128 0x3c
 1154 0131 19       		.uleb128 0x19
 1155 0132 00       		.byte	0
 1156 0133 00       		.byte	0
 1157 0134 00       		.byte	0
 1158              		.section	.debug_aranges,"",%progbits
 1159 0000 34000000 		.4byte	0x34
 1160 0004 0200     		.2byte	0x2
 1161 0006 00000000 		.4byte	.Ldebug_info0
 1162 000a 04       		.byte	0x4
 1163 000b 00       		.byte	0
 1164 000c 0000     		.2byte	0
 1165 000e 0000     		.2byte	0
 1166 0010 00000000 		.4byte	.LFB37
 1167 0014 94010000 		.4byte	.LFE37-.LFB37
 1168 0018 00000000 		.4byte	.LFB38
 1169 001c 26000000 		.4byte	.LFE38-.LFB38
 1170 0020 00000000 		.4byte	.LFB39
 1171 0024 18000000 		.4byte	.LFE39-.LFB39
 1172 0028 00000000 		.4byte	.LFB40
 1173 002c 18000000 		.4byte	.LFE40-.LFB40
 1174 0030 00000000 		.4byte	0
 1175 0034 00000000 		.4byte	0
 1176              		.section	.debug_ranges,"",%progbits
 1177              	.Ldebug_ranges0:
 1178 0000 00000000 		.4byte	.LFB37
 1179 0004 94010000 		.4byte	.LFE37
 1180 0008 00000000 		.4byte	.LFB38
 1181 000c 26000000 		.4byte	.LFE38
 1182 0010 00000000 		.4byte	.LFB39
 1183 0014 18000000 		.4byte	.LFE39
 1184 0018 00000000 		.4byte	.LFB40
 1185 001c 18000000 		.4byte	.LFE40
 1186 0020 00000000 		.4byte	0
 1187 0024 00000000 		.4byte	0
 1188              		.section	.debug_line,"",%progbits
 1189              	.Ldebug_line0:
 1190 0000 33010000 		.section	.debug_str,"MS",%progbits,1
 1190      0200A400 
 1190      00000201 
 1190      FB0E0D00 
 1190      01010101 
 1191              	.LASF32:
 1192 0000 4359424C 		.ascii	"CYBLE_ERROR_L2CAP_PSM_NOT_REGISTERED\000"
 1192      455F4552 
 1192      524F525F 
 1192      4C324341 
 1192      505F5053 
 1193              	.LASF31:
ARM GAS  C:\Users\AARONW~1\AppData\Local\Temp\ccvyr1Gc.s 			page 25


 1194 0025 4359424C 		.ascii	"CYBLE_ERROR_L2CAP_PSM_ALREADY_REGISTERED\000"
 1194      455F4552 
 1194      524F525F 
 1194      4C324341 
 1194      505F5053 
 1195              	.LASF87:
 1196 004e 433A5C55 		.ascii	"C:\\Users\\Aaron Wubshet\\Google Drive\\1 College\\"
 1196      73657273 
 1196      5C416172 
 1196      6F6E2057 
 1196      75627368 
 1197 007c 3220536F 		.ascii	"2 Sophomore Year\\3 SPRING\\6.115\\Final Project PS"
 1197      70686F6D 
 1197      6F726520 
 1197      59656172 
 1197      5C332053 
 1198 00ac 6F432057 		.ascii	"oC Workspace\\Final Project\\BLE_UART_peripheral_OT"
 1198      6F726B73 
 1198      70616365 
 1198      5C46696E 
 1198      616C2050 
 1199 00dd 4845522E 		.ascii	"HER.cydsn\000"
 1199      63796473 
 1199      6E00
 1200              	.LASF62:
 1201 00e7 68616E64 		.ascii	"handleValPair\000"
 1201      6C655661 
 1201      6C506169 
 1201      7200
 1202              	.LASF34:
 1203 00f5 4359424C 		.ascii	"CYBLE_ERROR_L2CAP_CHANNEL_NOT_FOUND\000"
 1203      455F4552 
 1203      524F525F 
 1203      4C324341 
 1203      505F4348 
 1204              	.LASF71:
 1205 0119 75617274 		.ascii	"uartTxData\000"
 1205      54784461 
 1205      746100
 1206              	.LASF2:
 1207 0124 73686F72 		.ascii	"short int\000"
 1207      7420696E 
 1207      7400
 1208              	.LASF16:
 1209 012e 73697A65 		.ascii	"sizetype\000"
 1209      74797065 
 1209      00
 1210              	.LASF61:
 1211 0137 636F6E6E 		.ascii	"connHandle\000"
 1211      48616E64 
 1211      6C6500
 1212              	.LASF17:
 1213 0142 4359424C 		.ascii	"CYBLE_ERROR_OK\000"
 1213      455F4552 
 1213      524F525F 
 1213      4F4B00
 1214              	.LASF78:
ARM GAS  C:\Users\AARONW~1\AppData\Local\Temp\ccvyr1Gc.s 			page 26


 1215 0151 74784461 		.ascii	"txDataClientConfigDesc\000"
 1215      7461436C 
 1215      69656E74 
 1215      436F6E66 
 1215      69674465 
 1216              	.LASF38:
 1217 0168 4359424C 		.ascii	"CYBLE_ERROR_FLASH_WRITE_NOT_PERMITED\000"
 1217      455F4552 
 1217      524F525F 
 1217      464C4153 
 1217      485F5752 
 1218              	.LASF79:
 1219 018d 75617274 		.ascii	"uartRxDataWrReq\000"
 1219      52784461 
 1219      74615772 
 1219      52657100 
 1220              	.LASF72:
 1221 019d 75617274 		.ascii	"uartTxDataLength\000"
 1221      54784461 
 1221      74614C65 
 1221      6E677468 
 1221      00
 1222              	.LASF39:
 1223 01ae 4359424C 		.ascii	"CYBLE_ERROR_MIC_AUTH_FAILED\000"
 1223      455F4552 
 1223      524F525F 
 1223      4D49435F 
 1223      41555448 
 1224              	.LASF51:
 1225 01ca 4359424C 		.ascii	"CYBLE_GATT_DB_ATTR_HANDLE_T\000"
 1225      455F4741 
 1225      54545F44 
 1225      425F4154 
 1225      54525F48 
 1226              	.LASF73:
 1227 01e6 75617274 		.ascii	"uartIdleCount\000"
 1227      49646C65 
 1227      436F756E 
 1227      7400
 1228              	.LASF64:
 1229 01f4 4359424C 		.ascii	"CYBLE_STATE_STOPPED\000"
 1229      455F5354 
 1229      4154455F 
 1229      53544F50 
 1229      50454400 
 1230              	.LASF18:
 1231 0208 4359424C 		.ascii	"CYBLE_ERROR_INVALID_PARAMETER\000"
 1231      455F4552 
 1231      524F525F 
 1231      494E5641 
 1231      4C49445F 
 1232              	.LASF22:
 1233 0226 4359424C 		.ascii	"CYBLE_ERROR_OOB_NOT_AVAILABLE\000"
 1233      455F4552 
 1233      524F525F 
 1233      4F4F425F 
 1233      4E4F545F 
ARM GAS  C:\Users\AARONW~1\AppData\Local\Temp\ccvyr1Gc.s 			page 27


 1234              	.LASF57:
 1235 0244 76616C75 		.ascii	"value\000"
 1235      6500
 1236              	.LASF66:
 1237 024a 4359424C 		.ascii	"CYBLE_STATE_CONNECTED\000"
 1237      455F5354 
 1237      4154455F 
 1237      434F4E4E 
 1237      45435445 
 1238              	.LASF84:
 1239 0260 6D747553 		.ascii	"mtuSize\000"
 1239      697A6500 
 1240              	.LASF10:
 1241 0268 75696E74 		.ascii	"uint16\000"
 1241      313600
 1242              	.LASF19:
 1243 026f 4359424C 		.ascii	"CYBLE_ERROR_INVALID_OPERATION\000"
 1243      455F4552 
 1243      524F525F 
 1243      494E5641 
 1243      4C49445F 
 1244              	.LASF70:
 1245 028d 696E6465 		.ascii	"index\000"
 1245      7800
 1246              	.LASF9:
 1247 0293 75696E74 		.ascii	"uint8\000"
 1247      3800
 1248              	.LASF50:
 1249 0299 4359424C 		.ascii	"CYBLE_API_RESULT_T\000"
 1249      455F4150 
 1249      495F5245 
 1249      53554C54 
 1249      5F5400
 1250              	.LASF83:
 1251 02ac 6379426C 		.ascii	"cyBle_connHandle\000"
 1251      655F636F 
 1251      6E6E4861 
 1251      6E646C65 
 1251      00
 1252              	.LASF23:
 1253 02bd 4359424C 		.ascii	"CYBLE_ERROR_NO_CONNECTION\000"
 1253      455F4552 
 1253      524F525F 
 1253      4E4F5F43 
 1253      4F4E4E45 
 1254              	.LASF52:
 1255 02d7 62644861 		.ascii	"bdHandle\000"
 1255      6E646C65 
 1255      00
 1256              	.LASF27:
 1257 02e0 4359424C 		.ascii	"CYBLE_ERROR_TX_POWER_READ\000"
 1257      455F4552 
 1257      524F525F 
 1257      54585F50 
 1257      4F574552 
 1258              	.LASF21:
 1259 02fa 4359424C 		.ascii	"CYBLE_ERROR_INSUFFICIENT_RESOURCES\000"
ARM GAS  C:\Users\AARONW~1\AppData\Local\Temp\ccvyr1Gc.s 			page 28


 1259      455F4552 
 1259      524F525F 
 1259      494E5355 
 1259      46464943 
 1260              	.LASF12:
 1261 031d 666C6F61 		.ascii	"float\000"
 1261      7400
 1262              	.LASF6:
 1263 0323 6C6F6E67 		.ascii	"long long int\000"
 1263      206C6F6E 
 1263      6720696E 
 1263      7400
 1264              	.LASF28:
 1265 0331 4359424C 		.ascii	"CYBLE_ERROR_BT_ON_NOT_COMPLETED\000"
 1265      455F4552 
 1265      524F525F 
 1265      42545F4F 
 1265      4E5F4E4F 
 1266              	.LASF60:
 1267 0351 4359424C 		.ascii	"CYBLE_GATTS_HANDLE_VALUE_NTF_T\000"
 1267      455F4741 
 1267      5454535F 
 1267      48414E44 
 1267      4C455F56 
 1268              	.LASF4:
 1269 0370 6C6F6E67 		.ascii	"long int\000"
 1269      20696E74 
 1269      00
 1270              	.LASF81:
 1271 0379 456E6162 		.ascii	"EnableUartRxInt\000"
 1271      6C655561 
 1271      72745278 
 1271      496E7400 
 1272              	.LASF25:
 1273 0389 4359424C 		.ascii	"CYBLE_ERROR_REPEATED_ATTEMPTS\000"
 1273      455F4552 
 1273      524F525F 
 1273      52455045 
 1273      41544544 
 1274              	.LASF63:
 1275 03a7 4359424C 		.ascii	"CYBLE_GATTS_WRITE_REQ_PARAM_T\000"
 1275      455F4741 
 1275      5454535F 
 1275      57524954 
 1275      455F5245 
 1276              	.LASF48:
 1277 03c5 4359424C 		.ascii	"CYBLE_ERROR_INVALID_STATE\000"
 1277      455F4552 
 1277      524F525F 
 1277      494E5641 
 1277      4C49445F 
 1278              	.LASF24:
 1279 03df 4359424C 		.ascii	"CYBLE_ERROR_NO_DEVICE_ENTITY\000"
 1279      455F4552 
 1279      524F525F 
 1279      4E4F5F44 
 1279      45564943 
ARM GAS  C:\Users\AARONW~1\AppData\Local\Temp\ccvyr1Gc.s 			page 29


 1280              	.LASF1:
 1281 03fc 756E7369 		.ascii	"unsigned char\000"
 1281      676E6564 
 1281      20636861 
 1281      7200
 1282              	.LASF42:
 1283 040a 4359424C 		.ascii	"CYBLE_ERROR_FLASH_WRITE\000"
 1283      455F4552 
 1283      524F525F 
 1283      464C4153 
 1283      485F5752 
 1284              	.LASF82:
 1285 0422 6379426C 		.ascii	"cyBle_state\000"
 1285      655F7374 
 1285      61746500 
 1286              	.LASF0:
 1287 042e 7369676E 		.ascii	"signed char\000"
 1287      65642063 
 1287      68617200 
 1288              	.LASF7:
 1289 043a 6C6F6E67 		.ascii	"long long unsigned int\000"
 1289      206C6F6E 
 1289      6720756E 
 1289      7369676E 
 1289      65642069 
 1290              	.LASF29:
 1291 0451 4359424C 		.ascii	"CYBLE_ERROR_SEC_FAILED\000"
 1291      455F4552 
 1291      524F525F 
 1291      5345435F 
 1291      4641494C 
 1292              	.LASF26:
 1293 0468 4359424C 		.ascii	"CYBLE_ERROR_GAP_ROLE\000"
 1293      455F4552 
 1293      524F525F 
 1293      4741505F 
 1293      524F4C45 
 1294              	.LASF8:
 1295 047d 756E7369 		.ascii	"unsigned int\000"
 1295      676E6564 
 1295      20696E74 
 1295      00
 1296              	.LASF30:
 1297 048a 4359424C 		.ascii	"CYBLE_ERROR_L2CAP_PSM_WRONG_ENCODING\000"
 1297      455F4552 
 1297      524F525F 
 1297      4C324341 
 1297      505F5053 
 1298              	.LASF68:
 1299 04af 4359424C 		.ascii	"CYBLE_STATE_DISCONNECTED\000"
 1299      455F5354 
 1299      4154455F 
 1299      44495343 
 1299      4F4E4E45 
 1300              	.LASF69:
 1301 04c8 4359424C 		.ascii	"CYBLE_STATE_T\000"
 1301      455F5354 
ARM GAS  C:\Users\AARONW~1\AppData\Local\Temp\ccvyr1Gc.s 			page 30


 1301      4154455F 
 1301      5400
 1302              	.LASF15:
 1303 04d6 72656733 		.ascii	"reg32\000"
 1303      3200
 1304              	.LASF47:
 1305 04dc 4359424C 		.ascii	"CYBLE_ERROR_CHAR_IS_NOT_DISCOVERED\000"
 1305      455F4552 
 1305      524F525F 
 1305      43484152 
 1305      5F49535F 
 1306              	.LASF3:
 1307 04ff 73686F72 		.ascii	"short unsigned int\000"
 1307      7420756E 
 1307      7369676E 
 1307      65642069 
 1307      6E7400
 1308              	.LASF14:
 1309 0512 63686172 		.ascii	"char\000"
 1309      00
 1310              	.LASF49:
 1311 0517 4359424C 		.ascii	"CYBLE_ERROR_STACK_BUSY\000"
 1311      455F4552 
 1311      524F525F 
 1311      53544143 
 1311      4B5F4255 
 1312              	.LASF56:
 1313 052e 4359424C 		.ascii	"CYBLE_GATT_VALUE_T\000"
 1313      455F4741 
 1313      54545F56 
 1313      414C5545 
 1313      5F5400
 1314              	.LASF85:
 1315 0541 474E5520 		.ascii	"GNU C 4.9.3 20150303 (release) [ARM/embedded-4_9-br"
 1315      4320342E 
 1315      392E3320 
 1315      32303135 
 1315      30333033 
 1316 0574 616E6368 		.ascii	"anch revision 221220] -mcpu=cortex-m0 -mthumb -g -O"
 1316      20726576 
 1316      6973696F 
 1316      6E203232 
 1316      31323230 
 1317 05a7 30202D66 		.ascii	"0 -ffunction-sections -ffat-lto-objects\000"
 1317      66756E63 
 1317      74696F6E 
 1317      2D736563 
 1317      74696F6E 
 1318              	.LASF43:
 1319 05cf 4359424C 		.ascii	"CYBLE_ERROR_CONTROLLER_BUSY\000"
 1319      455F4552 
 1319      524F525F 
 1319      434F4E54 
 1319      524F4C4C 
 1320              	.LASF65:
 1321 05eb 4359424C 		.ascii	"CYBLE_STATE_INITIALIZING\000"
 1321      455F5354 
ARM GAS  C:\Users\AARONW~1\AppData\Local\Temp\ccvyr1Gc.s 			page 31


 1321      4154455F 
 1321      494E4954 
 1321      49414C49 
 1322              	.LASF86:
 1323 0604 6170705F 		.ascii	"app_UART.c\000"
 1323      55415254 
 1323      2E6300
 1324              	.LASF20:
 1325 060f 4359424C 		.ascii	"CYBLE_ERROR_MEMORY_ALLOCATION_FAILED\000"
 1325      455F4552 
 1325      524F525F 
 1325      4D454D4F 
 1325      52595F41 
 1326              	.LASF77:
 1327 0634 48616E64 		.ascii	"HandleUartRxTraffic\000"
 1327      6C655561 
 1327      72745278 
 1327      54726166 
 1327      66696300 
 1328              	.LASF41:
 1329 0648 4359424C 		.ascii	"CYBLE_ERROR_UNSUPPORTED_FEATURE_OR_PARAMETER_VALUE\000"
 1329      455F4552 
 1329      524F525F 
 1329      554E5355 
 1329      50504F52 
 1330              	.LASF67:
 1331 067b 4359424C 		.ascii	"CYBLE_STATE_ADVERTISING\000"
 1331      455F5354 
 1331      4154455F 
 1331      41445645 
 1331      52544953 
 1332              	.LASF11:
 1333 0693 75696E74 		.ascii	"uint32\000"
 1333      333200
 1334              	.LASF5:
 1335 069a 6C6F6E67 		.ascii	"long unsigned int\000"
 1335      20756E73 
 1335      69676E65 
 1335      6420696E 
 1335      7400
 1336              	.LASF58:
 1337 06ac 61747472 		.ascii	"attrHandle\000"
 1337      48616E64 
 1337      6C6500
 1338              	.LASF13:
 1339 06b7 646F7562 		.ascii	"double\000"
 1339      6C6500
 1340              	.LASF76:
 1341 06be 48616E64 		.ascii	"HandleUartTxTraffic\000"
 1341      6C655561 
 1341      72745478 
 1341      54726166 
 1341      66696300 
 1342              	.LASF54:
 1343 06d2 4359424C 		.ascii	"CYBLE_CONN_HANDLE_T\000"
 1343      455F434F 
 1343      4E4E5F48 
ARM GAS  C:\Users\AARONW~1\AppData\Local\Temp\ccvyr1Gc.s 			page 32


 1343      414E444C 
 1343      455F5400 
 1344              	.LASF59:
 1345 06e6 4359424C 		.ascii	"CYBLE_GATT_HANDLE_VALUE_PAIR_T\000"
 1345      455F4741 
 1345      54545F48 
 1345      414E444C 
 1345      455F5641 
 1346              	.LASF80:
 1347 0705 44697361 		.ascii	"DisableUartRxInt\000"
 1347      626C6555 
 1347      61727452 
 1347      78496E74 
 1347      00
 1348              	.LASF35:
 1349 0716 4359424C 		.ascii	"CYBLE_ERROR_L2CAP_PSM_NOT_IN_RANGE\000"
 1349      455F4552 
 1349      524F525F 
 1349      4C324341 
 1349      505F5053 
 1350              	.LASF40:
 1351 0739 4359424C 		.ascii	"CYBLE_ERROR_HARDWARE_FAILURE\000"
 1351      455F4552 
 1351      524F525F 
 1351      48415244 
 1351      57415245 
 1352              	.LASF45:
 1353 0756 4359424C 		.ascii	"CYBLE_ERROR_NTF_DISABLED\000"
 1353      455F4552 
 1353      524F525F 
 1353      4E54465F 
 1353      44495341 
 1354              	.LASF37:
 1355 076f 4359424C 		.ascii	"CYBLE_ERROR_DEVICE_ALREADY_EXISTS\000"
 1355      455F4552 
 1355      524F525F 
 1355      44455649 
 1355      43455F41 
 1356              	.LASF44:
 1357 0791 4359424C 		.ascii	"CYBLE_ERROR_MAX\000"
 1357      455F4552 
 1357      524F525F 
 1357      4D415800 
 1358              	.LASF75:
 1359 07a1 75617274 		.ascii	"uartTxDataNtf\000"
 1359      54784461 
 1359      74614E74 
 1359      6600
 1360              	.LASF55:
 1361 07af 61637475 		.ascii	"actualLen\000"
 1361      616C4C65 
 1361      6E00
 1362              	.LASF36:
 1363 07b9 4359424C 		.ascii	"CYBLE_ERROR_GATT_DB_INVALID_ATTR_HANDLE\000"
 1363      455F4552 
 1363      524F525F 
 1363      47415454 
ARM GAS  C:\Users\AARONW~1\AppData\Local\Temp\ccvyr1Gc.s 			page 33


 1363      5F44425F 
 1364              	.LASF33:
 1365 07e1 4359424C 		.ascii	"CYBLE_ERROR_L2CAP_CONNECTION_ENTITY_NOT_FOUND\000"
 1365      455F4552 
 1365      524F525F 
 1365      4C324341 
 1365      505F434F 
 1366              	.LASF46:
 1367 080f 4359424C 		.ascii	"CYBLE_ERROR_IND_DISABLED\000"
 1367      455F4552 
 1367      524F525F 
 1367      494E445F 
 1367      44495341 
 1368              	.LASF74:
 1369 0828 626C6541 		.ascii	"bleApiResult\000"
 1369      70695265 
 1369      73756C74 
 1369      00
 1370              	.LASF53:
 1371 0835 61747449 		.ascii	"attId\000"
 1371      6400
 1372              		.ident	"GCC: (GNU Tools for ARM Embedded Processors) 4.9.3 20150303 (release) [ARM/embedded-4_9-br
