--------------- Clean Started: 05/07/2017 17:37:33 Project: BLE_UART_peripheral_OTHER, Configuration: ARM GCC 4.9-2015-q1-update Debug ---------------
Deleting file ".\CortexM0\ARM_GCC_493\Debug\main.o"
Deleting file ".\CortexM0\ARM_GCC_493\Debug\app_Ble.o"
Deleting file ".\CortexM0\ARM_GCC_493\Debug\app_UART.o"
Deleting file ".\CortexM0\ARM_GCC_493\Debug\app_LED.o"
Deleting file ".\CortexM0\ARM_GCC_493\Debug\cyfitter_cfg.o"
Deleting file ".\CortexM0\ARM_GCC_493\Debug\cymetadata.o"
Deleting file ".\CortexM0\ARM_GCC_493\Debug\BLE.o"
Deleting file ".\CortexM0\ARM_GCC_493\Debug\BLE_gatt.o"
Deleting file ".\CortexM0\ARM_GCC_493\Debug\BLE_eventHandler.o"
Deleting file ".\CortexM0\ARM_GCC_493\Debug\BLE_HAL_INT.o"
Deleting file ".\CortexM0\ARM_GCC_493\Debug\BLE_HAL_PVT.o"
Deleting file ".\CortexM0\ARM_GCC_493\Debug\BLE_custom.o"
Deleting file ".\CortexM0\ARM_GCC_493\Debug\Conn_LED.o"
Deleting file ".\CortexM0\ARM_GCC_493\Debug\Conn_LED_PM.o"
Deleting file ".\CortexM0\ARM_GCC_493\Debug\UART.o"
Deleting file ".\CortexM0\ARM_GCC_493\Debug\UART_SPI_UART.o"
Deleting file ".\CortexM0\ARM_GCC_493\Debug\UART_SPI_UART_INT.o"
Deleting file ".\CortexM0\ARM_GCC_493\Debug\UART_PM.o"
Deleting file ".\CortexM0\ARM_GCC_493\Debug\UART_UART.o"
Deleting file ".\CortexM0\ARM_GCC_493\Debug\UART_BOOT.o"
Deleting file ".\CortexM0\ARM_GCC_493\Debug\UART_UART_BOOT.o"
Deleting file ".\CortexM0\ARM_GCC_493\Debug\Adv_LED.o"
Deleting file ".\CortexM0\ARM_GCC_493\Debug\Adv_LED_PM.o"
Deleting file ".\CortexM0\ARM_GCC_493\Debug\BLE_bless_isr.o"
Deleting file ".\CortexM0\ARM_GCC_493\Debug\UART_SCBCLK.o"
Deleting file ".\CortexM0\ARM_GCC_493\Debug\UART_tx.o"
Deleting file ".\CortexM0\ARM_GCC_493\Debug\UART_tx_PM.o"
Deleting file ".\CortexM0\ARM_GCC_493\Debug\UART_SCB_IRQ.o"
Deleting file ".\CortexM0\ARM_GCC_493\Debug\UART_rx.o"
Deleting file ".\CortexM0\ARM_GCC_493\Debug\UART_rx_PM.o"
Deleting file ".\CortexM0\ARM_GCC_493\Debug\Cm0Start.o"
Deleting file ".\CortexM0\ARM_GCC_493\Debug\CyBootAsmGnu.o"
Deleting file ".\CortexM0\ARM_GCC_493\Debug\CyFlash.o"
Deleting file ".\CortexM0\ARM_GCC_493\Debug\CyLib.o"
Deleting file ".\CortexM0\ARM_GCC_493\Debug\cyPm.o"
Deleting file ".\CortexM0\ARM_GCC_493\Debug\cyutils.o"
Deleting file ".\CortexM0\ARM_GCC_493\Debug\CyDMA.o"
Deleting file ".\CortexM0\ARM_GCC_493\Debug\CyLFClk.o"
Deleting file ".\CortexM0\ARM_GCC_493\Debug\PWM1.o"
Deleting file ".\CortexM0\ARM_GCC_493\Debug\PWM1_PM.o"
Deleting file ".\CortexM0\ARM_GCC_493\Debug\Clock1.o"
Deleting file ".\CortexM0\ARM_GCC_493\Debug\PWMOut1.o"
Deleting file ".\CortexM0\ARM_GCC_493\Debug\PWMOut1_PM.o"
Deleting file ".\CortexM0\ARM_GCC_493\Debug\UART_cts.o"
Deleting file ".\CortexM0\ARM_GCC_493\Debug\UART_cts_PM.o"
Deleting file ".\CortexM0\ARM_GCC_493\Debug\UART_rts.o"
Deleting file ".\CortexM0\ARM_GCC_493\Debug\UART_rts_PM.o"
Deleting file ".\CortexM0\ARM_GCC_493\Debug\BLE_UART_peripheral_OTHER.hex"
Deleting file ".\CortexM0\ARM_GCC_493\Debug\BLE_UART_peripheral_OTHER.elf"
Deleting file ".\CortexM0\ARM_GCC_493\Debug\BLE_UART_peripheral_OTHER.map"
Deleting file ".\BLE_UART_peripheral_OTHER.cycdx"
Deleting file ".\BLE_UART_peripheral_OTHER.svd"
Deleting file ".\BLE_UART_peripheral_OTHER.rpt"
Deleting file ".\BLE_UART_peripheral_OTHER_timing.html"
Deleting file ".\CortexM0\ARM_GCC_493\Debug\.deps\SOURCE_C__ARM_GCC_GENERIC.P"
Deleting file ".\CortexM0\ARM_GCC_493\Debug\.deps\SOURCE_ASM__ARM_GCC_GENERIC.P"
--------------- Clean Succeeded: 05/07/2017 17:37:33 ---------------
