ARM GAS  C:\Users\AARONW~1\AppData\Local\Temp\ccdvAq6M.s 			page 1


   1              		.cpu cortex-m0
   2              		.fpu softvfp
   3              		.eabi_attribute 20, 1
   4              		.eabi_attribute 21, 1
   5              		.eabi_attribute 23, 3
   6              		.eabi_attribute 24, 1
   7              		.eabi_attribute 25, 1
   8              		.eabi_attribute 26, 1
   9              		.eabi_attribute 30, 6
  10              		.eabi_attribute 34, 0
  11              		.eabi_attribute 18, 4
  12              		.code	16
  13              		.file	"cyfitter_cfg.c"
  14              		.text
  15              	.Ltext0:
  16              		.cfi_sections	.debug_frame
  17              		.section	.text.CYMEMZERO,"ax",%progbits
  18              		.align	2
  19              		.code	16
  20              		.thumb_func
  21              		.type	CYMEMZERO, %function
  22              	CYMEMZERO:
  23              	.LFB2:
  24              		.file 1 "Generated_Source\\PSoC4\\cyfitter_cfg.c"
   1:Generated_Source\PSoC4/cyfitter_cfg.c **** /*******************************************************************************
   2:Generated_Source\PSoC4/cyfitter_cfg.c **** * File Name: cyfitter_cfg.c
   3:Generated_Source\PSoC4/cyfitter_cfg.c **** * 
   4:Generated_Source\PSoC4/cyfitter_cfg.c **** * PSoC Creator  4.0 Update 1
   5:Generated_Source\PSoC4/cyfitter_cfg.c **** *
   6:Generated_Source\PSoC4/cyfitter_cfg.c **** * Description:
   7:Generated_Source\PSoC4/cyfitter_cfg.c **** * This file contains device initialization code.
   8:Generated_Source\PSoC4/cyfitter_cfg.c **** * Except for the user defined sections in CyClockStartupError(), this file should not be modified.
   9:Generated_Source\PSoC4/cyfitter_cfg.c **** * This file is automatically generated by PSoC Creator.
  10:Generated_Source\PSoC4/cyfitter_cfg.c **** *
  11:Generated_Source\PSoC4/cyfitter_cfg.c **** ********************************************************************************
  12:Generated_Source\PSoC4/cyfitter_cfg.c **** * Copyright (c) 2007-2016 Cypress Semiconductor.  All rights reserved.
  13:Generated_Source\PSoC4/cyfitter_cfg.c **** * You may use this file only in accordance with the license, terms, conditions, 
  14:Generated_Source\PSoC4/cyfitter_cfg.c **** * disclaimers, and limitations in the end user license agreement accompanying 
  15:Generated_Source\PSoC4/cyfitter_cfg.c **** * the software package with which this file was provided.
  16:Generated_Source\PSoC4/cyfitter_cfg.c **** ********************************************************************************/
  17:Generated_Source\PSoC4/cyfitter_cfg.c **** 
  18:Generated_Source\PSoC4/cyfitter_cfg.c **** #include <string.h>
  19:Generated_Source\PSoC4/cyfitter_cfg.c **** #include "cytypes.h"
  20:Generated_Source\PSoC4/cyfitter_cfg.c **** #include "cydevice_trm.h"
  21:Generated_Source\PSoC4/cyfitter_cfg.c **** #include "cyfitter.h"
  22:Generated_Source\PSoC4/cyfitter_cfg.c **** #include "CyLib.h"
  23:Generated_Source\PSoC4/cyfitter_cfg.c **** #include "cyfitter_cfg.h"
  24:Generated_Source\PSoC4/cyfitter_cfg.c **** 
  25:Generated_Source\PSoC4/cyfitter_cfg.c **** 
  26:Generated_Source\PSoC4/cyfitter_cfg.c **** #if defined(__GNUC__) || defined(__ARMCC_VERSION)
  27:Generated_Source\PSoC4/cyfitter_cfg.c ****     #define CYPACKED 
  28:Generated_Source\PSoC4/cyfitter_cfg.c ****     #define CYPACKED_ATTR __attribute__ ((packed))
  29:Generated_Source\PSoC4/cyfitter_cfg.c ****     #define CYALIGNED __attribute__ ((aligned))
  30:Generated_Source\PSoC4/cyfitter_cfg.c ****     #define CY_CFG_UNUSED __attribute__ ((unused))
  31:Generated_Source\PSoC4/cyfitter_cfg.c ****     #ifndef CY_CFG_SECTION
  32:Generated_Source\PSoC4/cyfitter_cfg.c ****         #define CY_CFG_SECTION __attribute__ ((section(".psocinit")))
  33:Generated_Source\PSoC4/cyfitter_cfg.c ****     #endif
ARM GAS  C:\Users\AARONW~1\AppData\Local\Temp\ccdvAq6M.s 			page 2


  34:Generated_Source\PSoC4/cyfitter_cfg.c ****     
  35:Generated_Source\PSoC4/cyfitter_cfg.c ****     #if defined(__ARMCC_VERSION)
  36:Generated_Source\PSoC4/cyfitter_cfg.c ****         #define CY_CFG_MEMORY_BARRIER() __memory_changed()
  37:Generated_Source\PSoC4/cyfitter_cfg.c ****     #else
  38:Generated_Source\PSoC4/cyfitter_cfg.c ****         #define CY_CFG_MEMORY_BARRIER() __sync_synchronize()
  39:Generated_Source\PSoC4/cyfitter_cfg.c ****     #endif
  40:Generated_Source\PSoC4/cyfitter_cfg.c ****     
  41:Generated_Source\PSoC4/cyfitter_cfg.c **** #elif defined(__ICCARM__)
  42:Generated_Source\PSoC4/cyfitter_cfg.c ****     #include <intrinsics.h>
  43:Generated_Source\PSoC4/cyfitter_cfg.c **** 
  44:Generated_Source\PSoC4/cyfitter_cfg.c ****     #define CYPACKED __packed
  45:Generated_Source\PSoC4/cyfitter_cfg.c ****     #define CYPACKED_ATTR 
  46:Generated_Source\PSoC4/cyfitter_cfg.c ****     #define CYALIGNED _Pragma("data_alignment=4")
  47:Generated_Source\PSoC4/cyfitter_cfg.c ****     #define CY_CFG_UNUSED _Pragma("diag_suppress=Pe177")
  48:Generated_Source\PSoC4/cyfitter_cfg.c ****     #define CY_CFG_SECTION _Pragma("location=\".psocinit\"")
  49:Generated_Source\PSoC4/cyfitter_cfg.c ****     
  50:Generated_Source\PSoC4/cyfitter_cfg.c ****     #define CY_CFG_MEMORY_BARRIER() __DMB()
  51:Generated_Source\PSoC4/cyfitter_cfg.c ****     
  52:Generated_Source\PSoC4/cyfitter_cfg.c **** #else
  53:Generated_Source\PSoC4/cyfitter_cfg.c ****     #error Unsupported toolchain
  54:Generated_Source\PSoC4/cyfitter_cfg.c **** #endif
  55:Generated_Source\PSoC4/cyfitter_cfg.c **** 
  56:Generated_Source\PSoC4/cyfitter_cfg.c **** 
  57:Generated_Source\PSoC4/cyfitter_cfg.c **** CY_CFG_UNUSED
  58:Generated_Source\PSoC4/cyfitter_cfg.c **** static void CYMEMZERO(void *s, size_t n);
  59:Generated_Source\PSoC4/cyfitter_cfg.c **** CY_CFG_UNUSED
  60:Generated_Source\PSoC4/cyfitter_cfg.c **** static void CYMEMZERO(void *s, size_t n)
  61:Generated_Source\PSoC4/cyfitter_cfg.c **** {
  25              		.loc 1 61 0
  26              		.cfi_startproc
  27 0000 80B5     		push	{r7, lr}
  28              		.cfi_def_cfa_offset 8
  29              		.cfi_offset 7, -8
  30              		.cfi_offset 14, -4
  31 0002 82B0     		sub	sp, sp, #8
  32              		.cfi_def_cfa_offset 16
  33 0004 00AF     		add	r7, sp, #0
  34              		.cfi_def_cfa_register 7
  35 0006 7860     		str	r0, [r7, #4]
  36 0008 3960     		str	r1, [r7]
  62:Generated_Source\PSoC4/cyfitter_cfg.c **** 	(void)memset(s, 0, n);
  37              		.loc 1 62 0
  38 000a 7A68     		ldr	r2, [r7, #4]
  39 000c 3B68     		ldr	r3, [r7]
  40 000e 101C     		mov	r0, r2
  41 0010 0021     		mov	r1, #0
  42 0012 1A1C     		mov	r2, r3
  43 0014 FFF7FEFF 		bl	memset
  63:Generated_Source\PSoC4/cyfitter_cfg.c **** }
  44              		.loc 1 63 0
  45 0018 BD46     		mov	sp, r7
  46 001a 02B0     		add	sp, sp, #8
  47              		@ sp needed
  48 001c 80BD     		pop	{r7, pc}
  49              		.cfi_endproc
  50              	.LFE2:
  51              		.size	CYMEMZERO, .-CYMEMZERO
ARM GAS  C:\Users\AARONW~1\AppData\Local\Temp\ccdvAq6M.s 			page 3


  52 001e C046     		.section	.text.CYCONFIGCPY,"ax",%progbits
  53              		.align	2
  54              		.code	16
  55              		.thumb_func
  56              		.type	CYCONFIGCPY, %function
  57              	CYCONFIGCPY:
  58              	.LFB3:
  64:Generated_Source\PSoC4/cyfitter_cfg.c **** CY_CFG_UNUSED
  65:Generated_Source\PSoC4/cyfitter_cfg.c **** static void CYCONFIGCPY(void *dest, const void *src, size_t n);
  66:Generated_Source\PSoC4/cyfitter_cfg.c **** CY_CFG_UNUSED
  67:Generated_Source\PSoC4/cyfitter_cfg.c **** static void CYCONFIGCPY(void *dest, const void *src, size_t n)
  68:Generated_Source\PSoC4/cyfitter_cfg.c **** {
  59              		.loc 1 68 0
  60              		.cfi_startproc
  61 0000 80B5     		push	{r7, lr}
  62              		.cfi_def_cfa_offset 8
  63              		.cfi_offset 7, -8
  64              		.cfi_offset 14, -4
  65 0002 84B0     		sub	sp, sp, #16
  66              		.cfi_def_cfa_offset 24
  67 0004 00AF     		add	r7, sp, #0
  68              		.cfi_def_cfa_register 7
  69 0006 F860     		str	r0, [r7, #12]
  70 0008 B960     		str	r1, [r7, #8]
  71 000a 7A60     		str	r2, [r7, #4]
  69:Generated_Source\PSoC4/cyfitter_cfg.c **** 	(void)memcpy(dest, src, n);
  72              		.loc 1 69 0
  73 000c F968     		ldr	r1, [r7, #12]
  74 000e BA68     		ldr	r2, [r7, #8]
  75 0010 7B68     		ldr	r3, [r7, #4]
  76 0012 081C     		mov	r0, r1
  77 0014 111C     		mov	r1, r2
  78 0016 1A1C     		mov	r2, r3
  79 0018 FFF7FEFF 		bl	memcpy
  70:Generated_Source\PSoC4/cyfitter_cfg.c **** }
  80              		.loc 1 70 0
  81 001c BD46     		mov	sp, r7
  82 001e 04B0     		add	sp, sp, #16
  83              		@ sp needed
  84 0020 80BD     		pop	{r7, pc}
  85              		.cfi_endproc
  86              	.LFE3:
  87              		.size	CYCONFIGCPY, .-CYCONFIGCPY
  88 0022 C046     		.section	.text.CYCONFIGCPYCODE,"ax",%progbits
  89              		.align	2
  90              		.code	16
  91              		.thumb_func
  92              		.type	CYCONFIGCPYCODE, %function
  93              	CYCONFIGCPYCODE:
  94              	.LFB4:
  71:Generated_Source\PSoC4/cyfitter_cfg.c **** CY_CFG_UNUSED
  72:Generated_Source\PSoC4/cyfitter_cfg.c **** static void CYCONFIGCPYCODE(void *dest, const void *src, size_t n);
  73:Generated_Source\PSoC4/cyfitter_cfg.c **** CY_CFG_UNUSED
  74:Generated_Source\PSoC4/cyfitter_cfg.c **** static void CYCONFIGCPYCODE(void *dest, const void *src, size_t n)
  75:Generated_Source\PSoC4/cyfitter_cfg.c **** {
  95              		.loc 1 75 0
  96              		.cfi_startproc
ARM GAS  C:\Users\AARONW~1\AppData\Local\Temp\ccdvAq6M.s 			page 4


  97 0000 80B5     		push	{r7, lr}
  98              		.cfi_def_cfa_offset 8
  99              		.cfi_offset 7, -8
 100              		.cfi_offset 14, -4
 101 0002 84B0     		sub	sp, sp, #16
 102              		.cfi_def_cfa_offset 24
 103 0004 00AF     		add	r7, sp, #0
 104              		.cfi_def_cfa_register 7
 105 0006 F860     		str	r0, [r7, #12]
 106 0008 B960     		str	r1, [r7, #8]
 107 000a 7A60     		str	r2, [r7, #4]
  76:Generated_Source\PSoC4/cyfitter_cfg.c **** 	(void)memcpy(dest, src, n);
 108              		.loc 1 76 0
 109 000c F968     		ldr	r1, [r7, #12]
 110 000e BA68     		ldr	r2, [r7, #8]
 111 0010 7B68     		ldr	r3, [r7, #4]
 112 0012 081C     		mov	r0, r1
 113 0014 111C     		mov	r1, r2
 114 0016 1A1C     		mov	r2, r3
 115 0018 FFF7FEFF 		bl	memcpy
  77:Generated_Source\PSoC4/cyfitter_cfg.c **** }
 116              		.loc 1 77 0
 117 001c BD46     		mov	sp, r7
 118 001e 04B0     		add	sp, sp, #16
 119              		@ sp needed
 120 0020 80BD     		pop	{r7, pc}
 121              		.cfi_endproc
 122              	.LFE4:
 123              		.size	CYCONFIGCPYCODE, .-CYCONFIGCPYCODE
 124 0022 C046     		.section	.psocinit,"ax",%progbits
 125              		.align	2
 126              		.code	16
 127              		.thumb_func
 128              		.type	ClockSetup, %function
 129              	ClockSetup:
 130              	.LFB5:
  78:Generated_Source\PSoC4/cyfitter_cfg.c **** 
  79:Generated_Source\PSoC4/cyfitter_cfg.c **** 
  80:Generated_Source\PSoC4/cyfitter_cfg.c **** 
  81:Generated_Source\PSoC4/cyfitter_cfg.c **** 
  82:Generated_Source\PSoC4/cyfitter_cfg.c **** /* Clock startup error codes                                                   */
  83:Generated_Source\PSoC4/cyfitter_cfg.c **** #define CYCLOCKSTART_NO_ERROR    0u
  84:Generated_Source\PSoC4/cyfitter_cfg.c **** #define CYCLOCKSTART_XTAL_ERROR  1u
  85:Generated_Source\PSoC4/cyfitter_cfg.c **** #define CYCLOCKSTART_32KHZ_ERROR 2u
  86:Generated_Source\PSoC4/cyfitter_cfg.c **** #define CYCLOCKSTART_PLL_ERROR   3u
  87:Generated_Source\PSoC4/cyfitter_cfg.c **** 
  88:Generated_Source\PSoC4/cyfitter_cfg.c **** 
  89:Generated_Source\PSoC4/cyfitter_cfg.c **** #ifdef CY_NEED_CYCLOCKSTARTUPERROR
  90:Generated_Source\PSoC4/cyfitter_cfg.c **** /*******************************************************************************
  91:Generated_Source\PSoC4/cyfitter_cfg.c **** * Function Name: CyClockStartupError
  92:Generated_Source\PSoC4/cyfitter_cfg.c **** ********************************************************************************
  93:Generated_Source\PSoC4/cyfitter_cfg.c **** * Summary:
  94:Generated_Source\PSoC4/cyfitter_cfg.c **** *  If an error is encountered during clock configuration (crystal startup error,
  95:Generated_Source\PSoC4/cyfitter_cfg.c **** *  PLL lock error, etc.), the system will end up here.  Unless reimplemented by
  96:Generated_Source\PSoC4/cyfitter_cfg.c **** *  the customer, this function will stop in an infinite loop.
  97:Generated_Source\PSoC4/cyfitter_cfg.c **** *
  98:Generated_Source\PSoC4/cyfitter_cfg.c **** * Parameters:
ARM GAS  C:\Users\AARONW~1\AppData\Local\Temp\ccdvAq6M.s 			page 5


  99:Generated_Source\PSoC4/cyfitter_cfg.c **** *   void
 100:Generated_Source\PSoC4/cyfitter_cfg.c **** *
 101:Generated_Source\PSoC4/cyfitter_cfg.c **** * Return:
 102:Generated_Source\PSoC4/cyfitter_cfg.c **** *   void
 103:Generated_Source\PSoC4/cyfitter_cfg.c **** *
 104:Generated_Source\PSoC4/cyfitter_cfg.c **** *******************************************************************************/
 105:Generated_Source\PSoC4/cyfitter_cfg.c **** CY_CFG_UNUSED
 106:Generated_Source\PSoC4/cyfitter_cfg.c **** static void CyClockStartupError(uint8 errorCode);
 107:Generated_Source\PSoC4/cyfitter_cfg.c **** CY_CFG_UNUSED
 108:Generated_Source\PSoC4/cyfitter_cfg.c **** static void CyClockStartupError(uint8 errorCode)
 109:Generated_Source\PSoC4/cyfitter_cfg.c **** {
 110:Generated_Source\PSoC4/cyfitter_cfg.c ****     /* To remove the compiler warning if errorCode not used.                */
 111:Generated_Source\PSoC4/cyfitter_cfg.c ****     errorCode = errorCode;
 112:Generated_Source\PSoC4/cyfitter_cfg.c **** 
 113:Generated_Source\PSoC4/cyfitter_cfg.c ****     /* If we have a clock startup error (bad MHz crystal, PLL lock, etc.),  */
 114:Generated_Source\PSoC4/cyfitter_cfg.c ****     /* we will end up here to allow the customer to implement something to  */
 115:Generated_Source\PSoC4/cyfitter_cfg.c ****     /* deal with the clock condition.                                       */
 116:Generated_Source\PSoC4/cyfitter_cfg.c **** 
 117:Generated_Source\PSoC4/cyfitter_cfg.c **** #ifdef CY_CFG_CLOCK_STARTUP_ERROR_CALLBACK
 118:Generated_Source\PSoC4/cyfitter_cfg.c **** 	CY_CFG_Clock_Startup_ErrorCallback();
 119:Generated_Source\PSoC4/cyfitter_cfg.c **** #else
 120:Generated_Source\PSoC4/cyfitter_cfg.c **** 	/*  If not using CY_CFG_CLOCK_STARTUP_ERROR_CALLBACK, place your clock startup code here. */
 121:Generated_Source\PSoC4/cyfitter_cfg.c ****     /* `#START CyClockStartupError` */
 122:Generated_Source\PSoC4/cyfitter_cfg.c **** 
 123:Generated_Source\PSoC4/cyfitter_cfg.c **** 
 124:Generated_Source\PSoC4/cyfitter_cfg.c **** 
 125:Generated_Source\PSoC4/cyfitter_cfg.c ****     /* `#END` */
 126:Generated_Source\PSoC4/cyfitter_cfg.c **** 
 127:Generated_Source\PSoC4/cyfitter_cfg.c ****     /* If nothing else, stop here since the clocks have not started         */
 128:Generated_Source\PSoC4/cyfitter_cfg.c ****     /* correctly.                                                           */
 129:Generated_Source\PSoC4/cyfitter_cfg.c ****     while(1) {}
 130:Generated_Source\PSoC4/cyfitter_cfg.c **** #endif /* CY_CFG_CLOCK_STARTUP_ERROR_CALLBACK */ 
 131:Generated_Source\PSoC4/cyfitter_cfg.c **** }
 132:Generated_Source\PSoC4/cyfitter_cfg.c **** #endif
 133:Generated_Source\PSoC4/cyfitter_cfg.c **** 
 134:Generated_Source\PSoC4/cyfitter_cfg.c **** 
 135:Generated_Source\PSoC4/cyfitter_cfg.c **** 
 136:Generated_Source\PSoC4/cyfitter_cfg.c **** /*******************************************************************************
 137:Generated_Source\PSoC4/cyfitter_cfg.c **** * Function Name: ClockSetup
 138:Generated_Source\PSoC4/cyfitter_cfg.c **** ********************************************************************************
 139:Generated_Source\PSoC4/cyfitter_cfg.c **** *
 140:Generated_Source\PSoC4/cyfitter_cfg.c **** * Summary:
 141:Generated_Source\PSoC4/cyfitter_cfg.c **** *   Performs the initialization of all of the clocks in the device based on the
 142:Generated_Source\PSoC4/cyfitter_cfg.c **** *   settings in the Clock tab of the DWR.  This includes enabling the requested
 143:Generated_Source\PSoC4/cyfitter_cfg.c **** *   clocks and setting the necessary dividers to produce the desired frequency. 
 144:Generated_Source\PSoC4/cyfitter_cfg.c **** *
 145:Generated_Source\PSoC4/cyfitter_cfg.c **** * Parameters:
 146:Generated_Source\PSoC4/cyfitter_cfg.c **** *   void
 147:Generated_Source\PSoC4/cyfitter_cfg.c **** *
 148:Generated_Source\PSoC4/cyfitter_cfg.c **** * Return:
 149:Generated_Source\PSoC4/cyfitter_cfg.c **** *   void
 150:Generated_Source\PSoC4/cyfitter_cfg.c **** *
 151:Generated_Source\PSoC4/cyfitter_cfg.c **** *******************************************************************************/
 152:Generated_Source\PSoC4/cyfitter_cfg.c **** static void ClockSetup(void);
 153:Generated_Source\PSoC4/cyfitter_cfg.c **** CY_CFG_SECTION
 154:Generated_Source\PSoC4/cyfitter_cfg.c **** static void ClockSetup(void)
 155:Generated_Source\PSoC4/cyfitter_cfg.c **** {
ARM GAS  C:\Users\AARONW~1\AppData\Local\Temp\ccdvAq6M.s 			page 6


 131              		.loc 1 155 0
 132              		.cfi_startproc
 133 0000 80B5     		push	{r7, lr}
 134              		.cfi_def_cfa_offset 8
 135              		.cfi_offset 7, -8
 136              		.cfi_offset 14, -4
 137 0002 00AF     		add	r7, sp, #0
 138              		.cfi_def_cfa_register 7
 156:Generated_Source\PSoC4/cyfitter_cfg.c **** 
 157:Generated_Source\PSoC4/cyfitter_cfg.c **** 	/* Set Flash Cycles based on max possible frequency in case a glitch occurs during ClockSetup(). *
 158:Generated_Source\PSoC4/cyfitter_cfg.c **** 	CY_SET_REG32((void CYXDATA *)(CYREG_CPUSS_FLASH_CTL), (0x0012u));
 139              		.loc 1 158 0
 140 0004 294B     		ldr	r3, .L5
 141 0006 1222     		mov	r2, #18
 142 0008 1A60     		str	r2, [r3]
 159:Generated_Source\PSoC4/cyfitter_cfg.c **** 
 160:Generated_Source\PSoC4/cyfitter_cfg.c **** 	/* Start the WCO */
 161:Generated_Source\PSoC4/cyfitter_cfg.c **** 	CySysClkWcoStart();
 143              		.loc 1 161 0
 144 000a FFF7FEFF 		bl	CySysClkWcoStart
 162:Generated_Source\PSoC4/cyfitter_cfg.c **** 	CyDelayCycles(12000000u); /* WCO may take up to 500ms to start */
 145              		.loc 1 162 0
 146 000e 284B     		ldr	r3, .L5+4
 147 0010 181C     		mov	r0, r3
 148 0012 FFF7FEFF 		bl	CyDelayCycles
 163:Generated_Source\PSoC4/cyfitter_cfg.c **** 	(void)CySysClkWcoSetPowerMode(CY_SYS_CLK_WCO_LPM);    /* Switch to the low power mode */
 149              		.loc 1 163 0
 150 0016 0120     		mov	r0, #1
 151 0018 FFF7FEFF 		bl	CySysClkWcoSetPowerMode
 164:Generated_Source\PSoC4/cyfitter_cfg.c **** 
 165:Generated_Source\PSoC4/cyfitter_cfg.c **** 	/* Setup and trim IMO based on desired frequency. */
 166:Generated_Source\PSoC4/cyfitter_cfg.c **** 	CySysClkWriteImoFreq(48u);
 152              		.loc 1 166 0
 153 001c 3020     		mov	r0, #48
 154 001e FFF7FEFF 		bl	CySysClkWriteImoFreq
 167:Generated_Source\PSoC4/cyfitter_cfg.c **** 	/* CYDEV_CLK_ILO_CONFIG Starting address: CYDEV_CLK_ILO_CONFIG */
 168:Generated_Source\PSoC4/cyfitter_cfg.c **** 	CY_SET_XTND_REG32((void CYFAR *)(CYREG_CLK_ILO_CONFIG), 0x80000006u);
 155              		.loc 1 168 0
 156 0022 244B     		ldr	r3, .L5+8
 157 0024 244A     		ldr	r2, .L5+12
 158 0026 1A60     		str	r2, [r3]
 169:Generated_Source\PSoC4/cyfitter_cfg.c **** 
 170:Generated_Source\PSoC4/cyfitter_cfg.c **** 	/* CYDEV_WDT_CONFIG Starting address: CYDEV_WDT_CONFIG */
 171:Generated_Source\PSoC4/cyfitter_cfg.c **** 	CY_SET_XTND_REG32((void CYFAR *)(CYREG_WDT_CONFIG), 0x40000000u);
 159              		.loc 1 171 0
 160 0028 244B     		ldr	r3, .L5+16
 161 002a 8022     		mov	r2, #128
 162 002c D205     		lsl	r2, r2, #23
 163 002e 1A60     		str	r2, [r3]
 172:Generated_Source\PSoC4/cyfitter_cfg.c **** 
 173:Generated_Source\PSoC4/cyfitter_cfg.c **** 
 174:Generated_Source\PSoC4/cyfitter_cfg.c **** 	/* Enable fast start mode for XO */
 175:Generated_Source\PSoC4/cyfitter_cfg.c **** 	CY_SET_REG32((void*)CYREG_BLE_BLERD_BB_XO, CY_GET_REG32((void*)CYREG_BLE_BLERD_BB_XO) | (uint32)0x
 164              		.loc 1 175 0
 165 0030 234B     		ldr	r3, .L5+20
 166 0032 234A     		ldr	r2, .L5+20
 167 0034 1268     		ldr	r2, [r2]
ARM GAS  C:\Users\AARONW~1\AppData\Local\Temp\ccdvAq6M.s 			page 7


 168 0036 0221     		mov	r1, #2
 169 0038 0A43     		orr	r2, r1
 170 003a 1A60     		str	r2, [r3]
 176:Generated_Source\PSoC4/cyfitter_cfg.c **** 	CY_SET_XTND_REG32((void CYFAR *)(CYREG_BLE_BLERD_BB_XO_CAPTRIM), 0x00002D6Au);
 171              		.loc 1 176 0
 172 003c 214B     		ldr	r3, .L5+24
 173 003e 224A     		ldr	r2, .L5+28
 174 0040 1A60     		str	r2, [r3]
 177:Generated_Source\PSoC4/cyfitter_cfg.c **** 	/*Set XTAL(ECO) divider*/
 178:Generated_Source\PSoC4/cyfitter_cfg.c **** 	CY_SET_XTND_REG32((void CYFAR *)(CYREG_BLE_BLESS_XTAL_CLK_DIV_CONFIG), 0x00000000u);
 175              		.loc 1 178 0
 176 0042 224B     		ldr	r3, .L5+32
 177 0044 0022     		mov	r2, #0
 178 0046 1A60     		str	r2, [r3]
 179:Generated_Source\PSoC4/cyfitter_cfg.c **** 	/* Disable Crystal Stable Interrupt before enabling ECO */
 180:Generated_Source\PSoC4/cyfitter_cfg.c **** 	CY_SET_REG32((void*)CYREG_BLE_BLESS_LL_DSM_CTRL, CY_GET_REG32((void*)CYREG_BLE_BLESS_LL_DSM_CTRL) 
 179              		.loc 1 180 0
 180 0048 214B     		ldr	r3, .L5+36
 181 004a 214A     		ldr	r2, .L5+36
 182 004c 1268     		ldr	r2, [r2]
 183 004e 0821     		mov	r1, #8
 184 0050 8A43     		bic	r2, r1
 185 0052 1A60     		str	r2, [r3]
 181:Generated_Source\PSoC4/cyfitter_cfg.c **** 	/* Start the ECO and do not check status since it is not needed for HFCLK */
 182:Generated_Source\PSoC4/cyfitter_cfg.c **** 	(void)CySysClkEcoStart(2000u);
 186              		.loc 1 182 0
 187 0054 FA23     		mov	r3, #250
 188 0056 DB00     		lsl	r3, r3, #3
 189 0058 181C     		mov	r0, r3
 190 005a FFF7FEFF 		bl	CySysClkEcoStart
 183:Generated_Source\PSoC4/cyfitter_cfg.c **** 	CyDelayUs(1500u); /* Wait to stabalize */
 191              		.loc 1 183 0
 192 005e 1D4B     		ldr	r3, .L5+40
 193 0060 181C     		mov	r0, r3
 194 0062 FFF7FEFF 		bl	CyDelayUs
 184:Generated_Source\PSoC4/cyfitter_cfg.c **** 
 185:Generated_Source\PSoC4/cyfitter_cfg.c **** 	/* Setup phase aligned clocks */
 186:Generated_Source\PSoC4/cyfitter_cfg.c **** 	CY_SET_REG32((void *)CYREG_PERI_DIV_16_CTL1, 0x00002200u);
 195              		.loc 1 186 0
 196 0066 1C4B     		ldr	r3, .L5+44
 197 0068 8822     		mov	r2, #136
 198 006a 9201     		lsl	r2, r2, #6
 199 006c 1A60     		str	r2, [r3]
 187:Generated_Source\PSoC4/cyfitter_cfg.c **** 	CY_SET_REG32((void *)CYREG_PERI_DIV_CMD, 0x8000FF41u);
 200              		.loc 1 187 0
 201 006e 1B4B     		ldr	r3, .L5+48
 202 0070 1B4A     		ldr	r2, .L5+52
 203 0072 1A60     		str	r2, [r3]
 188:Generated_Source\PSoC4/cyfitter_cfg.c **** 	CY_SET_REG32((void *)CYREG_PERI_DIV_16_CTL0, 0x00001900u);
 204              		.loc 1 188 0
 205 0074 1B4B     		ldr	r3, .L5+56
 206 0076 C822     		mov	r2, #200
 207 0078 5201     		lsl	r2, r2, #5
 208 007a 1A60     		str	r2, [r3]
 189:Generated_Source\PSoC4/cyfitter_cfg.c **** 	CY_SET_REG32((void *)CYREG_PERI_DIV_CMD, 0x8000FF40u);
 209              		.loc 1 189 0
 210 007c 174B     		ldr	r3, .L5+48
ARM GAS  C:\Users\AARONW~1\AppData\Local\Temp\ccdvAq6M.s 			page 8


 211 007e 1A4A     		ldr	r2, .L5+60
 212 0080 1A60     		str	r2, [r3]
 190:Generated_Source\PSoC4/cyfitter_cfg.c **** 
 191:Generated_Source\PSoC4/cyfitter_cfg.c **** 	/* CYDEV_CLK_IMO_CONFIG Starting address: CYDEV_CLK_IMO_CONFIG */
 192:Generated_Source\PSoC4/cyfitter_cfg.c **** 	CY_SET_XTND_REG32((void CYFAR *)(CYREG_CLK_IMO_CONFIG), 0x80000000u);
 213              		.loc 1 192 0
 214 0082 1A4B     		ldr	r3, .L5+64
 215 0084 8022     		mov	r2, #128
 216 0086 1206     		lsl	r2, r2, #24
 217 0088 1A60     		str	r2, [r3]
 193:Generated_Source\PSoC4/cyfitter_cfg.c **** 
 194:Generated_Source\PSoC4/cyfitter_cfg.c **** 	/* CYDEV_CLK_SELECT Starting address: CYDEV_CLK_SELECT */
 195:Generated_Source\PSoC4/cyfitter_cfg.c **** 	CY_SET_XTND_REG32((void CYFAR *)(CYREG_CLK_SELECT), 0x00040000u);
 218              		.loc 1 195 0
 219 008a 194B     		ldr	r3, .L5+68
 220 008c 8022     		mov	r2, #128
 221 008e D202     		lsl	r2, r2, #11
 222 0090 1A60     		str	r2, [r3]
 196:Generated_Source\PSoC4/cyfitter_cfg.c **** 
 197:Generated_Source\PSoC4/cyfitter_cfg.c **** 	/* CYDEV_PERI_PCLK_CTL2 Starting address: CYDEV_PERI_PCLK_CTL2 */
 198:Generated_Source\PSoC4/cyfitter_cfg.c **** 	CY_SET_XTND_REG32((void CYFAR *)(CYREG_PERI_PCLK_CTL2), 0x00000041u);
 223              		.loc 1 198 0
 224 0092 184B     		ldr	r3, .L5+72
 225 0094 4122     		mov	r2, #65
 226 0096 1A60     		str	r2, [r3]
 199:Generated_Source\PSoC4/cyfitter_cfg.c **** 
 200:Generated_Source\PSoC4/cyfitter_cfg.c **** 	/* CYDEV_PERI_PCLK_CTL1 Starting address: CYDEV_PERI_PCLK_CTL1 */
 201:Generated_Source\PSoC4/cyfitter_cfg.c **** 	CY_SET_XTND_REG32((void CYFAR *)(CYREG_PERI_PCLK_CTL1), 0x00000040u);
 227              		.loc 1 201 0
 228 0098 174B     		ldr	r3, .L5+76
 229 009a 4022     		mov	r2, #64
 230 009c 1A60     		str	r2, [r3]
 202:Generated_Source\PSoC4/cyfitter_cfg.c **** 
 203:Generated_Source\PSoC4/cyfitter_cfg.c **** 	CY_SET_XTND_REG32((void CYFAR *)(CYREG_WDT_CONFIG), 0x40000000u);
 231              		.loc 1 203 0
 232 009e 074B     		ldr	r3, .L5+16
 233 00a0 8022     		mov	r2, #128
 234 00a2 D205     		lsl	r2, r2, #23
 235 00a4 1A60     		str	r2, [r3]
 204:Generated_Source\PSoC4/cyfitter_cfg.c **** }
 236              		.loc 1 204 0
 237 00a6 BD46     		mov	sp, r7
 238              		@ sp needed
 239 00a8 80BD     		pop	{r7, pc}
 240              	.L6:
 241 00aa C046     		.align	2
 242              	.L5:
 243 00ac 30001040 		.word	1074790448
 244 00b0 001BB700 		.word	12000000
 245 00b4 04010B40 		.word	1074462980
 246 00b8 06000080 		.word	-2147483642
 247 00bc 0C020B40 		.word	1074463244
 248 00c0 78002E40 		.word	1076756600
 249 00c4 7C002E40 		.word	1076756604
 250 00c8 6A2D0000 		.word	11626
 251 00cc 64F02E40 		.word	1076818020
 252 00d0 6CF02E40 		.word	1076818028
ARM GAS  C:\Users\AARONW~1\AppData\Local\Temp\ccdvAq6M.s 			page 9


 253 00d4 DC050000 		.word	1500
 254 00d8 04030140 		.word	1073808132
 255 00dc 00000140 		.word	1073807360
 256 00e0 41FF0080 		.word	-2147418303
 257 00e4 00030140 		.word	1073808128
 258 00e8 40FF0080 		.word	-2147418304
 259 00ec 08010B40 		.word	1074462984
 260 00f0 00010B40 		.word	1074462976
 261 00f4 08010140 		.word	1073807624
 262 00f8 04010140 		.word	1073807620
 263              		.cfi_endproc
 264              	.LFE5:
 265              		.size	ClockSetup, .-ClockSetup
 266              		.section	.text.AnalogSetDefault,"ax",%progbits
 267              		.align	2
 268              		.code	16
 269              		.thumb_func
 270              		.type	AnalogSetDefault, %function
 271              	AnalogSetDefault:
 272              	.LFB6:
 205:Generated_Source\PSoC4/cyfitter_cfg.c **** 
 206:Generated_Source\PSoC4/cyfitter_cfg.c **** 
 207:Generated_Source\PSoC4/cyfitter_cfg.c **** /* Analog API Functions */
 208:Generated_Source\PSoC4/cyfitter_cfg.c **** 
 209:Generated_Source\PSoC4/cyfitter_cfg.c **** 
 210:Generated_Source\PSoC4/cyfitter_cfg.c **** /*******************************************************************************
 211:Generated_Source\PSoC4/cyfitter_cfg.c **** * Function Name: AnalogSetDefault
 212:Generated_Source\PSoC4/cyfitter_cfg.c **** ********************************************************************************
 213:Generated_Source\PSoC4/cyfitter_cfg.c **** *
 214:Generated_Source\PSoC4/cyfitter_cfg.c **** * Summary:
 215:Generated_Source\PSoC4/cyfitter_cfg.c **** *  Sets up the analog portions of the chip to default values based on chip
 216:Generated_Source\PSoC4/cyfitter_cfg.c **** *  configuration options from the project.
 217:Generated_Source\PSoC4/cyfitter_cfg.c **** *
 218:Generated_Source\PSoC4/cyfitter_cfg.c **** * Parameters:
 219:Generated_Source\PSoC4/cyfitter_cfg.c **** *  void
 220:Generated_Source\PSoC4/cyfitter_cfg.c **** *
 221:Generated_Source\PSoC4/cyfitter_cfg.c **** * Return:
 222:Generated_Source\PSoC4/cyfitter_cfg.c **** *  void
 223:Generated_Source\PSoC4/cyfitter_cfg.c **** *
 224:Generated_Source\PSoC4/cyfitter_cfg.c **** *******************************************************************************/
 225:Generated_Source\PSoC4/cyfitter_cfg.c **** static void AnalogSetDefault(void);
 226:Generated_Source\PSoC4/cyfitter_cfg.c **** static void AnalogSetDefault(void)
 227:Generated_Source\PSoC4/cyfitter_cfg.c **** {
 273              		.loc 1 227 0
 274              		.cfi_startproc
 275 0000 80B5     		push	{r7, lr}
 276              		.cfi_def_cfa_offset 8
 277              		.cfi_offset 7, -8
 278              		.cfi_offset 14, -4
 279 0002 00AF     		add	r7, sp, #0
 280              		.cfi_def_cfa_register 7
 228:Generated_Source\PSoC4/cyfitter_cfg.c **** 	CY_SET_XTND_REG32((void CYFAR *)CYREG_CTBM0_DFT_CTRL, 0x00000003u);
 281              		.loc 1 228 0
 282 0004 054B     		ldr	r3, .L8
 283 0006 0322     		mov	r2, #3
 284 0008 1A60     		str	r2, [r3]
 229:Generated_Source\PSoC4/cyfitter_cfg.c **** 	CY_SET_XTND_REG32((void CYFAR *)CYREG_CTBM1_DFT_CTRL, 0x00000003u);
ARM GAS  C:\Users\AARONW~1\AppData\Local\Temp\ccdvAq6M.s 			page 10


 285              		.loc 1 229 0
 286 000a 054B     		ldr	r3, .L8+4
 287 000c 0322     		mov	r2, #3
 288 000e 1A60     		str	r2, [r3]
 230:Generated_Source\PSoC4/cyfitter_cfg.c **** 	CY_SET_XTND_REG32((void CYFAR *)CYREG_PASS_DSAB_DSAB_CTRL, 0x00000000u);
 289              		.loc 1 230 0
 290 0010 044B     		ldr	r3, .L8+8
 291 0012 0022     		mov	r2, #0
 292 0014 1A60     		str	r2, [r3]
 231:Generated_Source\PSoC4/cyfitter_cfg.c **** }
 293              		.loc 1 231 0
 294 0016 BD46     		mov	sp, r7
 295              		@ sp needed
 296 0018 80BD     		pop	{r7, pc}
 297              	.L9:
 298 001a C046     		.align	2
 299              	.L8:
 300 001c 30003040 		.word	1076887600
 301 0020 30003140 		.word	1076953136
 302 0024 000E3F40 		.word	1077874176
 303              		.cfi_endproc
 304              	.LFE6:
 305              		.size	AnalogSetDefault, .-AnalogSetDefault
 306              		.section	.psocinit
 307              		.align	2
 308              		.global	cyfitter_cfg
 309              		.code	16
 310              		.thumb_func
 311              		.type	cyfitter_cfg, %function
 312              	cyfitter_cfg:
 313              	.LFB7:
 232:Generated_Source\PSoC4/cyfitter_cfg.c **** 
 233:Generated_Source\PSoC4/cyfitter_cfg.c **** #define CY_AMUX_UNUSED CYREG_CM0_ROM_DWT
 234:Generated_Source\PSoC4/cyfitter_cfg.c **** 
 235:Generated_Source\PSoC4/cyfitter_cfg.c **** 
 236:Generated_Source\PSoC4/cyfitter_cfg.c **** /*******************************************************************************
 237:Generated_Source\PSoC4/cyfitter_cfg.c **** * Function Name: cyfitter_cfg
 238:Generated_Source\PSoC4/cyfitter_cfg.c **** ********************************************************************************
 239:Generated_Source\PSoC4/cyfitter_cfg.c **** * Summary:
 240:Generated_Source\PSoC4/cyfitter_cfg.c **** *  This function is called by the start-up code for the selected device. It
 241:Generated_Source\PSoC4/cyfitter_cfg.c **** *  performs all of the necessary device configuration based on the design
 242:Generated_Source\PSoC4/cyfitter_cfg.c **** *  settings.  This includes settings from the Design Wide Resources (DWR) such
 243:Generated_Source\PSoC4/cyfitter_cfg.c **** *  as Clocks and Pins as well as any component configuration that is necessary.
 244:Generated_Source\PSoC4/cyfitter_cfg.c **** *
 245:Generated_Source\PSoC4/cyfitter_cfg.c **** * Parameters:  
 246:Generated_Source\PSoC4/cyfitter_cfg.c **** *   void
 247:Generated_Source\PSoC4/cyfitter_cfg.c **** *
 248:Generated_Source\PSoC4/cyfitter_cfg.c **** * Return:
 249:Generated_Source\PSoC4/cyfitter_cfg.c **** *   void
 250:Generated_Source\PSoC4/cyfitter_cfg.c **** *
 251:Generated_Source\PSoC4/cyfitter_cfg.c **** *******************************************************************************/
 252:Generated_Source\PSoC4/cyfitter_cfg.c **** CY_CFG_SECTION
 253:Generated_Source\PSoC4/cyfitter_cfg.c **** void cyfitter_cfg(void)
 254:Generated_Source\PSoC4/cyfitter_cfg.c **** {
 314              		.loc 1 254 0
 315              		.cfi_startproc
 316 00fc 80B5     		push	{r7, lr}
ARM GAS  C:\Users\AARONW~1\AppData\Local\Temp\ccdvAq6M.s 			page 11


 317              		.cfi_def_cfa_offset 8
 318              		.cfi_offset 7, -8
 319              		.cfi_offset 14, -4
 320 00fe 82B0     		sub	sp, sp, #8
 321              		.cfi_def_cfa_offset 16
 322 0100 00AF     		add	r7, sp, #0
 323              		.cfi_def_cfa_register 7
 255:Generated_Source\PSoC4/cyfitter_cfg.c **** 	/* Disable interrupts by default. Let user enable if/when they want. */
 256:Generated_Source\PSoC4/cyfitter_cfg.c **** 	CyGlobalIntDisable;
 324              		.loc 1 256 0
 325              	@ 256 "Generated_Source\PSoC4\cyfitter_cfg.c" 1
 326 0102 72B6     		CPSID   i
 327              	@ 0 "" 2
 257:Generated_Source\PSoC4/cyfitter_cfg.c **** 
 258:Generated_Source\PSoC4/cyfitter_cfg.c **** 	CY_SET_XTND_REG32((void CYFAR *)(CYREG_BLE_BLESS_LL_DSM_CTRL), 0x00000000u);
 328              		.loc 1 258 0
 329              		.code	16
 330 0104 374B     		ldr	r3, .L13
 331 0106 0022     		mov	r2, #0
 332 0108 1A60     		str	r2, [r3]
 333              	.LBB2:
 259:Generated_Source\PSoC4/cyfitter_cfg.c **** 
 260:Generated_Source\PSoC4/cyfitter_cfg.c **** 	{
 261:Generated_Source\PSoC4/cyfitter_cfg.c **** 
 262:Generated_Source\PSoC4/cyfitter_cfg.c **** 		CYPACKED typedef struct {
 263:Generated_Source\PSoC4/cyfitter_cfg.c **** 			void CYFAR *address;
 264:Generated_Source\PSoC4/cyfitter_cfg.c **** 			uint16 size;
 265:Generated_Source\PSoC4/cyfitter_cfg.c **** 		} CYPACKED_ATTR cfg_memset_t;
 266:Generated_Source\PSoC4/cyfitter_cfg.c **** 
 267:Generated_Source\PSoC4/cyfitter_cfg.c **** 		static const cfg_memset_t CYCODE cfg_memset_list [] = {
 268:Generated_Source\PSoC4/cyfitter_cfg.c **** 			/* address, size */
 269:Generated_Source\PSoC4/cyfitter_cfg.c **** 			{(void CYFAR *)(CYDEV_UDB_P0_U0_BASE), 1024u},
 270:Generated_Source\PSoC4/cyfitter_cfg.c **** 			{(void CYFAR *)(CYDEV_UDB_DSI0_BASE), 1024u},
 271:Generated_Source\PSoC4/cyfitter_cfg.c **** 		};
 272:Generated_Source\PSoC4/cyfitter_cfg.c **** 
 273:Generated_Source\PSoC4/cyfitter_cfg.c **** 		uint8 CYDATA i;
 274:Generated_Source\PSoC4/cyfitter_cfg.c **** 
 275:Generated_Source\PSoC4/cyfitter_cfg.c **** 		/* Zero out critical memory blocks before beginning configuration */
 276:Generated_Source\PSoC4/cyfitter_cfg.c **** 		for (i = 0u; i < (sizeof(cfg_memset_list)/sizeof(cfg_memset_list[0])); i++)
 334              		.loc 1 276 0
 335 010a FB1D     		add	r3, r7, #7
 336 010c 0022     		mov	r2, #0
 337 010e 1A70     		strb	r2, [r3]
 338 0110 23E0     		b	.L11
 339              	.L12:
 340              	.LBB3:
 277:Generated_Source\PSoC4/cyfitter_cfg.c **** 		{
 278:Generated_Source\PSoC4/cyfitter_cfg.c **** 			const cfg_memset_t CYCODE * CYDATA ms = &cfg_memset_list[i];
 341              		.loc 1 278 0 discriminator 3
 342 0112 FB1D     		add	r3, r7, #7
 343 0114 1A78     		ldrb	r2, [r3]
 344 0116 131C     		mov	r3, r2
 345 0118 5B00     		lsl	r3, r3, #1
 346 011a 9B18     		add	r3, r3, r2
 347 011c 5B00     		lsl	r3, r3, #1
 348 011e 324A     		ldr	r2, .L13+4
 349 0120 9B18     		add	r3, r3, r2
ARM GAS  C:\Users\AARONW~1\AppData\Local\Temp\ccdvAq6M.s 			page 12


 350 0122 3B60     		str	r3, [r7]
 279:Generated_Source\PSoC4/cyfitter_cfg.c **** 			CYMEMZERO(ms->address, (size_t)(uint32)(ms->size));
 351              		.loc 1 279 0 discriminator 3
 352 0124 3B68     		ldr	r3, [r7]
 353 0126 1A78     		ldrb	r2, [r3]
 354 0128 5978     		ldrb	r1, [r3, #1]
 355 012a 0902     		lsl	r1, r1, #8
 356 012c 0A43     		orr	r2, r1
 357 012e 9978     		ldrb	r1, [r3, #2]
 358 0130 0904     		lsl	r1, r1, #16
 359 0132 0A43     		orr	r2, r1
 360 0134 DB78     		ldrb	r3, [r3, #3]
 361 0136 1B06     		lsl	r3, r3, #24
 362 0138 1343     		orr	r3, r2
 363 013a 191C     		mov	r1, r3
 364 013c 3B68     		ldr	r3, [r7]
 365 013e 1A79     		ldrb	r2, [r3, #4]
 366 0140 5B79     		ldrb	r3, [r3, #5]
 367 0142 1B02     		lsl	r3, r3, #8
 368 0144 1343     		orr	r3, r2
 369 0146 9BB2     		uxth	r3, r3
 370 0148 081C     		mov	r0, r1
 371 014a 191C     		mov	r1, r3
 372 014c FFF7FEFF 		bl	CYMEMZERO
 373              	.LBE3:
 276:Generated_Source\PSoC4/cyfitter_cfg.c **** 		{
 374              		.loc 1 276 0 discriminator 3
 375 0150 FB1D     		add	r3, r7, #7
 376 0152 1A78     		ldrb	r2, [r3]
 377 0154 FB1D     		add	r3, r7, #7
 378 0156 0132     		add	r2, r2, #1
 379 0158 1A70     		strb	r2, [r3]
 380              	.L11:
 276:Generated_Source\PSoC4/cyfitter_cfg.c **** 		{
 381              		.loc 1 276 0 is_stmt 0 discriminator 1
 382 015a FB1D     		add	r3, r7, #7
 383 015c 1B78     		ldrb	r3, [r3]
 384 015e 012B     		cmp	r3, #1
 385 0160 D7D9     		bls	.L12
 280:Generated_Source\PSoC4/cyfitter_cfg.c **** 		}
 281:Generated_Source\PSoC4/cyfitter_cfg.c **** 
 282:Generated_Source\PSoC4/cyfitter_cfg.c **** 		/* HSIOM Starting address: CYDEV_HSIOM_BASE */
 283:Generated_Source\PSoC4/cyfitter_cfg.c **** 		CY_SET_XTND_REG32((void CYFAR *)(CYDEV_HSIOM_BASE), 0xEE000009u);
 386              		.loc 1 283 0 is_stmt 1
 387 0162 224B     		ldr	r3, .L13+8
 388 0164 224A     		ldr	r2, .L13+12
 389 0166 1A60     		str	r2, [r3]
 284:Generated_Source\PSoC4/cyfitter_cfg.c **** 		CY_SET_XTND_REG32((void CYFAR *)(CYREG_HSIOM_PORT_SEL1), 0x00990000u);
 390              		.loc 1 284 0
 391 0168 224B     		ldr	r3, .L13+16
 392 016a 9922     		mov	r2, #153
 393 016c 1204     		lsl	r2, r2, #16
 394 016e 1A60     		str	r2, [r3]
 285:Generated_Source\PSoC4/cyfitter_cfg.c **** 
 286:Generated_Source\PSoC4/cyfitter_cfg.c **** 		/* UDB_PA_0 Starting address: CYDEV_UDB_PA0_BASE */
 287:Generated_Source\PSoC4/cyfitter_cfg.c **** 		CY_SET_XTND_REG32((void CYFAR *)(CYDEV_UDB_PA0_BASE), 0x00990000u);
 395              		.loc 1 287 0
ARM GAS  C:\Users\AARONW~1\AppData\Local\Temp\ccdvAq6M.s 			page 13


 396 0170 214B     		ldr	r3, .L13+20
 397 0172 9922     		mov	r2, #153
 398 0174 1204     		lsl	r2, r2, #16
 399 0176 1A60     		str	r2, [r3]
 288:Generated_Source\PSoC4/cyfitter_cfg.c **** 
 289:Generated_Source\PSoC4/cyfitter_cfg.c **** 		/* UDB_PA_1 Starting address: CYDEV_UDB_PA1_BASE */
 290:Generated_Source\PSoC4/cyfitter_cfg.c **** 		CY_SET_XTND_REG32((void CYFAR *)(CYDEV_UDB_PA1_BASE), 0x00990000u);
 400              		.loc 1 290 0
 401 0178 204B     		ldr	r3, .L13+24
 402 017a 9922     		mov	r2, #153
 403 017c 1204     		lsl	r2, r2, #16
 404 017e 1A60     		str	r2, [r3]
 291:Generated_Source\PSoC4/cyfitter_cfg.c **** 
 292:Generated_Source\PSoC4/cyfitter_cfg.c **** 		/* Enable digital routing */
 293:Generated_Source\PSoC4/cyfitter_cfg.c **** 		CY_SET_XTND_REG8((void *)CYREG_UDB_UDBIF_BANK_CTL, CY_GET_XTND_REG8((void *)CYREG_UDB_UDBIF_BANK_
 405              		.loc 1 293 0
 406 0180 1F4A     		ldr	r2, .L13+28
 407 0182 1F4B     		ldr	r3, .L13+28
 408 0184 1B78     		ldrb	r3, [r3]
 409 0186 DBB2     		uxtb	r3, r3
 410 0188 0221     		mov	r1, #2
 411 018a 0B43     		orr	r3, r1
 412 018c DBB2     		uxtb	r3, r3
 413 018e 1370     		strb	r3, [r2]
 294:Generated_Source\PSoC4/cyfitter_cfg.c **** 
 295:Generated_Source\PSoC4/cyfitter_cfg.c **** 		/* Enable UDB array */
 296:Generated_Source\PSoC4/cyfitter_cfg.c **** 		CY_SET_XTND_REG8((void *)CYREG_UDB_UDBIF_WAIT_CFG, (uint8)((CY_GET_XTND_REG8((void *)CYREG_UDB_UD
 414              		.loc 1 296 0
 415 0190 1C4A     		ldr	r2, .L13+32
 416 0192 1C4B     		ldr	r3, .L13+32
 417 0194 1B78     		ldrb	r3, [r3]
 418 0196 DBB2     		uxtb	r3, r3
 419 0198 3C21     		mov	r1, #60
 420 019a 8B43     		bic	r3, r1
 421 019c DBB2     		uxtb	r3, r3
 422 019e 1421     		mov	r1, #20
 423 01a0 0B43     		orr	r3, r1
 424 01a2 DBB2     		uxtb	r3, r3
 425 01a4 1370     		strb	r3, [r2]
 297:Generated_Source\PSoC4/cyfitter_cfg.c **** 		CY_SET_XTND_REG8((void *)CYREG_UDB_UDBIF_BANK_CTL, (uint8)(CY_GET_XTND_REG8((void *)CYREG_UDB_UDB
 426              		.loc 1 297 0
 427 01a6 164A     		ldr	r2, .L13+28
 428 01a8 154B     		ldr	r3, .L13+28
 429 01aa 1B78     		ldrb	r3, [r3]
 430 01ac DBB2     		uxtb	r3, r3
 431 01ae 1621     		mov	r1, #22
 432 01b0 0B43     		orr	r3, r1
 433 01b2 DBB2     		uxtb	r3, r3
 434 01b4 1370     		strb	r3, [r2]
 435              	.LBE2:
 298:Generated_Source\PSoC4/cyfitter_cfg.c **** 	}
 299:Generated_Source\PSoC4/cyfitter_cfg.c **** 
 300:Generated_Source\PSoC4/cyfitter_cfg.c **** 	/* Perform second pass device configuration. These items must be configured in specific order afte
 301:Generated_Source\PSoC4/cyfitter_cfg.c **** 	/* IOPINS0_0 Starting address: CYDEV_GPIO_PRT0_BASE */
 302:Generated_Source\PSoC4/cyfitter_cfg.c **** 	CY_SET_XTND_REG32((void CYFAR *)(CYDEV_GPIO_PRT0_BASE), 0x00000020u);
 436              		.loc 1 302 0
 437 01b6 144B     		ldr	r3, .L13+36
ARM GAS  C:\Users\AARONW~1\AppData\Local\Temp\ccdvAq6M.s 			page 14


 438 01b8 2022     		mov	r2, #32
 439 01ba 1A60     		str	r2, [r3]
 303:Generated_Source\PSoC4/cyfitter_cfg.c **** 	CY_SET_XTND_REG32((void CYFAR *)(CYREG_GPIO_PRT0_PC), 0x00DA6DB1u);
 440              		.loc 1 303 0
 441 01bc 134B     		ldr	r3, .L13+40
 442 01be 144A     		ldr	r2, .L13+44
 443 01c0 1A60     		str	r2, [r3]
 304:Generated_Source\PSoC4/cyfitter_cfg.c **** 
 305:Generated_Source\PSoC4/cyfitter_cfg.c **** 	/* IOPINS0_1 Starting address: CYDEV_GPIO_PRT1_BASE */
 306:Generated_Source\PSoC4/cyfitter_cfg.c **** 	CY_SET_XTND_REG32((void CYFAR *)(CYDEV_GPIO_PRT1_BASE), 0x00000021u);
 444              		.loc 1 306 0
 445 01c2 144B     		ldr	r3, .L13+48
 446 01c4 2122     		mov	r2, #33
 447 01c6 1A60     		str	r2, [r3]
 307:Generated_Source\PSoC4/cyfitter_cfg.c **** 	CY_SET_XTND_REG32((void CYFAR *)(CYREG_GPIO_PRT1_PC), 0x00031004u);
 448              		.loc 1 307 0
 449 01c8 134B     		ldr	r3, .L13+52
 450 01ca 144A     		ldr	r2, .L13+56
 451 01cc 1A60     		str	r2, [r3]
 308:Generated_Source\PSoC4/cyfitter_cfg.c **** 	CY_SET_XTND_REG32((void CYFAR *)(CYREG_GPIO_PRT1_PC2), 0x00000020u);
 452              		.loc 1 308 0
 453 01ce 144B     		ldr	r3, .L13+60
 454 01d0 2022     		mov	r2, #32
 455 01d2 1A60     		str	r2, [r3]
 309:Generated_Source\PSoC4/cyfitter_cfg.c **** 
 310:Generated_Source\PSoC4/cyfitter_cfg.c **** 
 311:Generated_Source\PSoC4/cyfitter_cfg.c **** 	/* Setup clocks based on selections from Clock DWR */
 312:Generated_Source\PSoC4/cyfitter_cfg.c **** 	ClockSetup();
 456              		.loc 1 312 0
 457 01d4 FFF714FF 		bl	ClockSetup
 313:Generated_Source\PSoC4/cyfitter_cfg.c **** 
 314:Generated_Source\PSoC4/cyfitter_cfg.c **** 	/* Perform basic analog initialization to defaults */
 315:Generated_Source\PSoC4/cyfitter_cfg.c **** 	AnalogSetDefault();
 458              		.loc 1 315 0
 459 01d8 FFF7FEFF 		bl	AnalogSetDefault
 316:Generated_Source\PSoC4/cyfitter_cfg.c **** 
 317:Generated_Source\PSoC4/cyfitter_cfg.c **** }
 460              		.loc 1 317 0
 461 01dc BD46     		mov	sp, r7
 462 01de 02B0     		add	sp, sp, #8
 463              		@ sp needed
 464 01e0 80BD     		pop	{r7, pc}
 465              	.L14:
 466 01e2 C046     		.align	2
 467              	.L13:
 468 01e4 6CF02E40 		.word	1076818028
 469 01e8 00000000 		.word	cfg_memset_list.4771
 470 01ec 00000240 		.word	1073872896
 471 01f0 090000EE 		.word	-301989879
 472 01f4 00010240 		.word	1073873152
 473 01f8 00500F40 		.word	1074745344
 474 01fc 10500F40 		.word	1074745360
 475 0200 00700F40 		.word	1074753536
 476 0204 01700F40 		.word	1074753537
 477 0208 00000440 		.word	1074003968
 478 020c 08000440 		.word	1074003976
 479 0210 B16DDA00 		.word	14314929
ARM GAS  C:\Users\AARONW~1\AppData\Local\Temp\ccdvAq6M.s 			page 15


 480 0214 00010440 		.word	1074004224
 481 0218 08010440 		.word	1074004232
 482 021c 04100300 		.word	200708
 483 0220 18010440 		.word	1074004248
 484              		.cfi_endproc
 485              	.LFE7:
 486              		.size	cyfitter_cfg, .-cyfitter_cfg
 487              		.section	.rodata
 488              		.align	2
 489              		.type	cfg_memset_list.4771, %object
 490              		.size	cfg_memset_list.4771, 12
 491              	cfg_memset_list.4771:
 492 0000 00300F40 		.word	1074737152
 493 0004 0004     		.short	1024
 494 0006 00400F40 		.4byte	1074741248
 495 000a 0004     		.short	1024
 496              		.text
 497              	.Letext0:
 498              		.file 2 "c:\\program files (x86)\\cypress\\psoc creator\\4.0\\psoc creator\\import\\gnu\\arm\\4.9.
 499              		.file 3 "Generated_Source\\PSoC4\\cytypes.h"
 500              		.section	.debug_info,"",%progbits
 501              	.Ldebug_info0:
 502 0000 4D020000 		.4byte	0x24d
 503 0004 0400     		.2byte	0x4
 504 0006 00000000 		.4byte	.Ldebug_abbrev0
 505 000a 04       		.byte	0x4
 506 000b 01       		.uleb128 0x1
 507 000c A5000000 		.4byte	.LASF29
 508 0010 01       		.byte	0x1
 509 0011 4E020000 		.4byte	.LASF30
 510 0015 41010000 		.4byte	.LASF31
 511 0019 00000000 		.4byte	.Ldebug_ranges0+0
 512 001d 00000000 		.4byte	0
 513 0021 00000000 		.4byte	.Ldebug_line0
 514 0025 02       		.uleb128 0x2
 515 0026 04       		.byte	0x4
 516 0027 05       		.byte	0x5
 517 0028 696E7400 		.ascii	"int\000"
 518 002c 03       		.uleb128 0x3
 519 002d 06000000 		.4byte	.LASF11
 520 0031 02       		.byte	0x2
 521 0032 D4       		.byte	0xd4
 522 0033 37000000 		.4byte	0x37
 523 0037 04       		.uleb128 0x4
 524 0038 04       		.byte	0x4
 525 0039 07       		.byte	0x7
 526 003a DA010000 		.4byte	.LASF0
 527 003e 04       		.uleb128 0x4
 528 003f 01       		.byte	0x1
 529 0040 06       		.byte	0x6
 530 0041 42020000 		.4byte	.LASF1
 531 0045 04       		.uleb128 0x4
 532 0046 01       		.byte	0x1
 533 0047 08       		.byte	0x8
 534 0048 83000000 		.4byte	.LASF2
 535 004c 04       		.uleb128 0x4
 536 004d 02       		.byte	0x2
ARM GAS  C:\Users\AARONW~1\AppData\Local\Temp\ccdvAq6M.s 			page 16


 537 004e 05       		.byte	0x5
 538 004f 2F020000 		.4byte	.LASF3
 539 0053 04       		.uleb128 0x4
 540 0054 02       		.byte	0x2
 541 0055 07       		.byte	0x7
 542 0056 39000000 		.4byte	.LASF4
 543 005a 04       		.uleb128 0x4
 544 005b 04       		.byte	0x4
 545 005c 05       		.byte	0x5
 546 005d 39020000 		.4byte	.LASF5
 547 0061 04       		.uleb128 0x4
 548 0062 04       		.byte	0x4
 549 0063 07       		.byte	0x7
 550 0064 61000000 		.4byte	.LASF6
 551 0068 04       		.uleb128 0x4
 552 0069 08       		.byte	0x8
 553 006a 05       		.byte	0x5
 554 006b 1C020000 		.4byte	.LASF7
 555 006f 04       		.uleb128 0x4
 556 0070 08       		.byte	0x8
 557 0071 07       		.byte	0x7
 558 0072 EF010000 		.4byte	.LASF8
 559 0076 04       		.uleb128 0x4
 560 0077 04       		.byte	0x4
 561 0078 07       		.byte	0x7
 562 0079 13020000 		.4byte	.LASF9
 563 007d 05       		.uleb128 0x5
 564 007e 04       		.byte	0x4
 565 007f 04       		.uleb128 0x4
 566 0080 01       		.byte	0x1
 567 0081 08       		.byte	0x8
 568 0082 2A020000 		.4byte	.LASF10
 569 0086 06       		.uleb128 0x6
 570 0087 73000000 		.4byte	.LASF12
 571 008b 03       		.byte	0x3
 572 008c B901     		.2byte	0x1b9
 573 008e 45000000 		.4byte	0x45
 574 0092 06       		.uleb128 0x6
 575 0093 33010000 		.4byte	.LASF13
 576 0097 03       		.byte	0x3
 577 0098 BA01     		.2byte	0x1ba
 578 009a 53000000 		.4byte	0x53
 579 009e 06       		.uleb128 0x6
 580 009f 3A010000 		.4byte	.LASF14
 581 00a3 03       		.byte	0x3
 582 00a4 BB01     		.2byte	0x1bb
 583 00a6 61000000 		.4byte	0x61
 584 00aa 04       		.uleb128 0x4
 585 00ab 04       		.byte	0x4
 586 00ac 04       		.byte	0x4
 587 00ad 4C000000 		.4byte	.LASF15
 588 00b1 04       		.uleb128 0x4
 589 00b2 08       		.byte	0x8
 590 00b3 04       		.byte	0x4
 591 00b4 91000000 		.4byte	.LASF16
 592 00b8 06       		.uleb128 0x6
 593 00b9 5C000000 		.4byte	.LASF17
ARM GAS  C:\Users\AARONW~1\AppData\Local\Temp\ccdvAq6M.s 			page 17


 594 00bd 03       		.byte	0x3
 595 00be 6302     		.2byte	0x263
 596 00c0 C4000000 		.4byte	0xc4
 597 00c4 07       		.uleb128 0x7
 598 00c5 86000000 		.4byte	0x86
 599 00c9 06       		.uleb128 0x6
 600 00ca 00000000 		.4byte	.LASF18
 601 00ce 03       		.byte	0x3
 602 00cf 6502     		.2byte	0x265
 603 00d1 D5000000 		.4byte	0xd5
 604 00d5 07       		.uleb128 0x7
 605 00d6 9E000000 		.4byte	0x9e
 606 00da 08       		.uleb128 0x8
 607 00db 79000000 		.4byte	.LASF19
 608 00df 01       		.byte	0x1
 609 00e0 3C       		.byte	0x3c
 610 00e1 00000000 		.4byte	.LFB2
 611 00e5 1E000000 		.4byte	.LFE2-.LFB2
 612 00e9 01       		.uleb128 0x1
 613 00ea 9C       		.byte	0x9c
 614 00eb 08010000 		.4byte	0x108
 615 00ef 09       		.uleb128 0x9
 616 00f0 7300     		.ascii	"s\000"
 617 00f2 01       		.byte	0x1
 618 00f3 3C       		.byte	0x3c
 619 00f4 7D000000 		.4byte	0x7d
 620 00f8 02       		.uleb128 0x2
 621 00f9 91       		.byte	0x91
 622 00fa 74       		.sleb128 -12
 623 00fb 09       		.uleb128 0x9
 624 00fc 6E00     		.ascii	"n\000"
 625 00fe 01       		.byte	0x1
 626 00ff 3C       		.byte	0x3c
 627 0100 2C000000 		.4byte	0x2c
 628 0104 02       		.uleb128 0x2
 629 0105 91       		.byte	0x91
 630 0106 70       		.sleb128 -16
 631 0107 00       		.byte	0
 632 0108 08       		.uleb128 0x8
 633 0109 84020000 		.4byte	.LASF20
 634 010d 01       		.byte	0x1
 635 010e 43       		.byte	0x43
 636 010f 00000000 		.4byte	.LFB3
 637 0113 22000000 		.4byte	.LFE3-.LFB3
 638 0117 01       		.uleb128 0x1
 639 0118 9C       		.byte	0x9c
 640 0119 46010000 		.4byte	0x146
 641 011d 0A       		.uleb128 0xa
 642 011e 52000000 		.4byte	.LASF21
 643 0122 01       		.byte	0x1
 644 0123 43       		.byte	0x43
 645 0124 7D000000 		.4byte	0x7d
 646 0128 02       		.uleb128 0x2
 647 0129 91       		.byte	0x91
 648 012a 74       		.sleb128 -12
 649 012b 09       		.uleb128 0x9
 650 012c 73726300 		.ascii	"src\000"
ARM GAS  C:\Users\AARONW~1\AppData\Local\Temp\ccdvAq6M.s 			page 18


 651 0130 01       		.byte	0x1
 652 0131 43       		.byte	0x43
 653 0132 46010000 		.4byte	0x146
 654 0136 02       		.uleb128 0x2
 655 0137 91       		.byte	0x91
 656 0138 70       		.sleb128 -16
 657 0139 09       		.uleb128 0x9
 658 013a 6E00     		.ascii	"n\000"
 659 013c 01       		.byte	0x1
 660 013d 43       		.byte	0x43
 661 013e 2C000000 		.4byte	0x2c
 662 0142 02       		.uleb128 0x2
 663 0143 91       		.byte	0x91
 664 0144 6C       		.sleb128 -20
 665 0145 00       		.byte	0
 666 0146 0B       		.uleb128 0xb
 667 0147 04       		.byte	0x4
 668 0148 4C010000 		.4byte	0x14c
 669 014c 0C       		.uleb128 0xc
 670 014d 08       		.uleb128 0x8
 671 014e 74020000 		.4byte	.LASF22
 672 0152 01       		.byte	0x1
 673 0153 4A       		.byte	0x4a
 674 0154 00000000 		.4byte	.LFB4
 675 0158 22000000 		.4byte	.LFE4-.LFB4
 676 015c 01       		.uleb128 0x1
 677 015d 9C       		.byte	0x9c
 678 015e 8B010000 		.4byte	0x18b
 679 0162 0A       		.uleb128 0xa
 680 0163 52000000 		.4byte	.LASF21
 681 0167 01       		.byte	0x1
 682 0168 4A       		.byte	0x4a
 683 0169 7D000000 		.4byte	0x7d
 684 016d 02       		.uleb128 0x2
 685 016e 91       		.byte	0x91
 686 016f 74       		.sleb128 -12
 687 0170 09       		.uleb128 0x9
 688 0171 73726300 		.ascii	"src\000"
 689 0175 01       		.byte	0x1
 690 0176 4A       		.byte	0x4a
 691 0177 46010000 		.4byte	0x146
 692 017b 02       		.uleb128 0x2
 693 017c 91       		.byte	0x91
 694 017d 70       		.sleb128 -16
 695 017e 09       		.uleb128 0x9
 696 017f 6E00     		.ascii	"n\000"
 697 0181 01       		.byte	0x1
 698 0182 4A       		.byte	0x4a
 699 0183 2C000000 		.4byte	0x2c
 700 0187 02       		.uleb128 0x2
 701 0188 91       		.byte	0x91
 702 0189 6C       		.sleb128 -20
 703 018a 00       		.byte	0
 704 018b 0D       		.uleb128 0xd
 705 018c 2E000000 		.4byte	.LASF23
 706 0190 01       		.byte	0x1
 707 0191 9A       		.byte	0x9a
ARM GAS  C:\Users\AARONW~1\AppData\Local\Temp\ccdvAq6M.s 			page 19


 708 0192 00000000 		.4byte	.LFB5
 709 0196 FC000000 		.4byte	.LFE5-.LFB5
 710 019a 01       		.uleb128 0x1
 711 019b 9C       		.byte	0x9c
 712 019c 0E       		.uleb128 0xe
 713 019d 0D000000 		.4byte	.LASF24
 714 01a1 01       		.byte	0x1
 715 01a2 E2       		.byte	0xe2
 716 01a3 00000000 		.4byte	.LFB6
 717 01a7 28000000 		.4byte	.LFE6-.LFB6
 718 01ab 01       		.uleb128 0x1
 719 01ac 9C       		.byte	0x9c
 720 01ad 0F       		.uleb128 0xf
 721 01ae 98000000 		.4byte	.LASF32
 722 01b2 01       		.byte	0x1
 723 01b3 FD       		.byte	0xfd
 724 01b4 FC000000 		.4byte	.LFB7
 725 01b8 28010000 		.4byte	.LFE7-.LFB7
 726 01bc 01       		.uleb128 0x1
 727 01bd 9C       		.byte	0x9c
 728 01be 10       		.uleb128 0x10
 729 01bf 0A010000 		.4byte	.LBB2
 730 01c3 AC000000 		.4byte	.LBE2-.LBB2
 731 01c7 11       		.uleb128 0x11
 732 01c8 06       		.byte	0x6
 733 01c9 01       		.byte	0x1
 734 01ca 0601     		.2byte	0x106
 735 01cc EB010000 		.4byte	0x1eb
 736 01d0 12       		.uleb128 0x12
 737 01d1 E7010000 		.4byte	.LASF25
 738 01d5 01       		.byte	0x1
 739 01d6 0701     		.2byte	0x107
 740 01d8 7D000000 		.4byte	0x7d
 741 01dc 00       		.byte	0
 742 01dd 12       		.uleb128 0x12
 743 01de 57000000 		.4byte	.LASF26
 744 01e2 01       		.byte	0x1
 745 01e3 0801     		.2byte	0x108
 746 01e5 92000000 		.4byte	0x92
 747 01e9 04       		.byte	0x4
 748 01ea 00       		.byte	0
 749 01eb 06       		.uleb128 0x6
 750 01ec 06020000 		.4byte	.LASF27
 751 01f0 01       		.byte	0x1
 752 01f1 0901     		.2byte	0x109
 753 01f3 C7010000 		.4byte	0x1c7
 754 01f7 13       		.uleb128 0x13
 755 01f8 EB010000 		.4byte	0x1eb
 756 01fc 07020000 		.4byte	0x207
 757 0200 14       		.uleb128 0x14
 758 0201 76000000 		.4byte	0x76
 759 0205 01       		.byte	0x1
 760 0206 00       		.byte	0
 761 0207 15       		.uleb128 0x15
 762 0208 1E000000 		.4byte	.LASF28
 763 020c 01       		.byte	0x1
 764 020d 0B01     		.2byte	0x10b
ARM GAS  C:\Users\AARONW~1\AppData\Local\Temp\ccdvAq6M.s 			page 20


 765 020f 19020000 		.4byte	0x219
 766 0213 05       		.uleb128 0x5
 767 0214 03       		.byte	0x3
 768 0215 00000000 		.4byte	cfg_memset_list.4771
 769 0219 16       		.uleb128 0x16
 770 021a F7010000 		.4byte	0x1f7
 771 021e 17       		.uleb128 0x17
 772 021f 6900     		.ascii	"i\000"
 773 0221 01       		.byte	0x1
 774 0222 1101     		.2byte	0x111
 775 0224 86000000 		.4byte	0x86
 776 0228 02       		.uleb128 0x2
 777 0229 91       		.byte	0x91
 778 022a 77       		.sleb128 -9
 779 022b 10       		.uleb128 0x10
 780 022c 12010000 		.4byte	.LBB3
 781 0230 3E000000 		.4byte	.LBE3-.LBB3
 782 0234 17       		.uleb128 0x17
 783 0235 6D7300   		.ascii	"ms\000"
 784 0238 01       		.byte	0x1
 785 0239 1601     		.2byte	0x116
 786 023b 42020000 		.4byte	0x242
 787 023f 02       		.uleb128 0x2
 788 0240 91       		.byte	0x91
 789 0241 70       		.sleb128 -16
 790 0242 0B       		.uleb128 0xb
 791 0243 04       		.byte	0x4
 792 0244 48020000 		.4byte	0x248
 793 0248 16       		.uleb128 0x16
 794 0249 EB010000 		.4byte	0x1eb
 795 024d 00       		.byte	0
 796 024e 00       		.byte	0
 797 024f 00       		.byte	0
 798 0250 00       		.byte	0
 799              		.section	.debug_abbrev,"",%progbits
 800              	.Ldebug_abbrev0:
 801 0000 01       		.uleb128 0x1
 802 0001 11       		.uleb128 0x11
 803 0002 01       		.byte	0x1
 804 0003 25       		.uleb128 0x25
 805 0004 0E       		.uleb128 0xe
 806 0005 13       		.uleb128 0x13
 807 0006 0B       		.uleb128 0xb
 808 0007 03       		.uleb128 0x3
 809 0008 0E       		.uleb128 0xe
 810 0009 1B       		.uleb128 0x1b
 811 000a 0E       		.uleb128 0xe
 812 000b 55       		.uleb128 0x55
 813 000c 17       		.uleb128 0x17
 814 000d 11       		.uleb128 0x11
 815 000e 01       		.uleb128 0x1
 816 000f 10       		.uleb128 0x10
 817 0010 17       		.uleb128 0x17
 818 0011 00       		.byte	0
 819 0012 00       		.byte	0
 820 0013 02       		.uleb128 0x2
 821 0014 24       		.uleb128 0x24
ARM GAS  C:\Users\AARONW~1\AppData\Local\Temp\ccdvAq6M.s 			page 21


 822 0015 00       		.byte	0
 823 0016 0B       		.uleb128 0xb
 824 0017 0B       		.uleb128 0xb
 825 0018 3E       		.uleb128 0x3e
 826 0019 0B       		.uleb128 0xb
 827 001a 03       		.uleb128 0x3
 828 001b 08       		.uleb128 0x8
 829 001c 00       		.byte	0
 830 001d 00       		.byte	0
 831 001e 03       		.uleb128 0x3
 832 001f 16       		.uleb128 0x16
 833 0020 00       		.byte	0
 834 0021 03       		.uleb128 0x3
 835 0022 0E       		.uleb128 0xe
 836 0023 3A       		.uleb128 0x3a
 837 0024 0B       		.uleb128 0xb
 838 0025 3B       		.uleb128 0x3b
 839 0026 0B       		.uleb128 0xb
 840 0027 49       		.uleb128 0x49
 841 0028 13       		.uleb128 0x13
 842 0029 00       		.byte	0
 843 002a 00       		.byte	0
 844 002b 04       		.uleb128 0x4
 845 002c 24       		.uleb128 0x24
 846 002d 00       		.byte	0
 847 002e 0B       		.uleb128 0xb
 848 002f 0B       		.uleb128 0xb
 849 0030 3E       		.uleb128 0x3e
 850 0031 0B       		.uleb128 0xb
 851 0032 03       		.uleb128 0x3
 852 0033 0E       		.uleb128 0xe
 853 0034 00       		.byte	0
 854 0035 00       		.byte	0
 855 0036 05       		.uleb128 0x5
 856 0037 0F       		.uleb128 0xf
 857 0038 00       		.byte	0
 858 0039 0B       		.uleb128 0xb
 859 003a 0B       		.uleb128 0xb
 860 003b 00       		.byte	0
 861 003c 00       		.byte	0
 862 003d 06       		.uleb128 0x6
 863 003e 16       		.uleb128 0x16
 864 003f 00       		.byte	0
 865 0040 03       		.uleb128 0x3
 866 0041 0E       		.uleb128 0xe
 867 0042 3A       		.uleb128 0x3a
 868 0043 0B       		.uleb128 0xb
 869 0044 3B       		.uleb128 0x3b
 870 0045 05       		.uleb128 0x5
 871 0046 49       		.uleb128 0x49
 872 0047 13       		.uleb128 0x13
 873 0048 00       		.byte	0
 874 0049 00       		.byte	0
 875 004a 07       		.uleb128 0x7
 876 004b 35       		.uleb128 0x35
 877 004c 00       		.byte	0
 878 004d 49       		.uleb128 0x49
ARM GAS  C:\Users\AARONW~1\AppData\Local\Temp\ccdvAq6M.s 			page 22


 879 004e 13       		.uleb128 0x13
 880 004f 00       		.byte	0
 881 0050 00       		.byte	0
 882 0051 08       		.uleb128 0x8
 883 0052 2E       		.uleb128 0x2e
 884 0053 01       		.byte	0x1
 885 0054 03       		.uleb128 0x3
 886 0055 0E       		.uleb128 0xe
 887 0056 3A       		.uleb128 0x3a
 888 0057 0B       		.uleb128 0xb
 889 0058 3B       		.uleb128 0x3b
 890 0059 0B       		.uleb128 0xb
 891 005a 27       		.uleb128 0x27
 892 005b 19       		.uleb128 0x19
 893 005c 11       		.uleb128 0x11
 894 005d 01       		.uleb128 0x1
 895 005e 12       		.uleb128 0x12
 896 005f 06       		.uleb128 0x6
 897 0060 40       		.uleb128 0x40
 898 0061 18       		.uleb128 0x18
 899 0062 9642     		.uleb128 0x2116
 900 0064 19       		.uleb128 0x19
 901 0065 01       		.uleb128 0x1
 902 0066 13       		.uleb128 0x13
 903 0067 00       		.byte	0
 904 0068 00       		.byte	0
 905 0069 09       		.uleb128 0x9
 906 006a 05       		.uleb128 0x5
 907 006b 00       		.byte	0
 908 006c 03       		.uleb128 0x3
 909 006d 08       		.uleb128 0x8
 910 006e 3A       		.uleb128 0x3a
 911 006f 0B       		.uleb128 0xb
 912 0070 3B       		.uleb128 0x3b
 913 0071 0B       		.uleb128 0xb
 914 0072 49       		.uleb128 0x49
 915 0073 13       		.uleb128 0x13
 916 0074 02       		.uleb128 0x2
 917 0075 18       		.uleb128 0x18
 918 0076 00       		.byte	0
 919 0077 00       		.byte	0
 920 0078 0A       		.uleb128 0xa
 921 0079 05       		.uleb128 0x5
 922 007a 00       		.byte	0
 923 007b 03       		.uleb128 0x3
 924 007c 0E       		.uleb128 0xe
 925 007d 3A       		.uleb128 0x3a
 926 007e 0B       		.uleb128 0xb
 927 007f 3B       		.uleb128 0x3b
 928 0080 0B       		.uleb128 0xb
 929 0081 49       		.uleb128 0x49
 930 0082 13       		.uleb128 0x13
 931 0083 02       		.uleb128 0x2
 932 0084 18       		.uleb128 0x18
 933 0085 00       		.byte	0
 934 0086 00       		.byte	0
 935 0087 0B       		.uleb128 0xb
ARM GAS  C:\Users\AARONW~1\AppData\Local\Temp\ccdvAq6M.s 			page 23


 936 0088 0F       		.uleb128 0xf
 937 0089 00       		.byte	0
 938 008a 0B       		.uleb128 0xb
 939 008b 0B       		.uleb128 0xb
 940 008c 49       		.uleb128 0x49
 941 008d 13       		.uleb128 0x13
 942 008e 00       		.byte	0
 943 008f 00       		.byte	0
 944 0090 0C       		.uleb128 0xc
 945 0091 26       		.uleb128 0x26
 946 0092 00       		.byte	0
 947 0093 00       		.byte	0
 948 0094 00       		.byte	0
 949 0095 0D       		.uleb128 0xd
 950 0096 2E       		.uleb128 0x2e
 951 0097 00       		.byte	0
 952 0098 03       		.uleb128 0x3
 953 0099 0E       		.uleb128 0xe
 954 009a 3A       		.uleb128 0x3a
 955 009b 0B       		.uleb128 0xb
 956 009c 3B       		.uleb128 0x3b
 957 009d 0B       		.uleb128 0xb
 958 009e 27       		.uleb128 0x27
 959 009f 19       		.uleb128 0x19
 960 00a0 11       		.uleb128 0x11
 961 00a1 01       		.uleb128 0x1
 962 00a2 12       		.uleb128 0x12
 963 00a3 06       		.uleb128 0x6
 964 00a4 40       		.uleb128 0x40
 965 00a5 18       		.uleb128 0x18
 966 00a6 9642     		.uleb128 0x2116
 967 00a8 19       		.uleb128 0x19
 968 00a9 00       		.byte	0
 969 00aa 00       		.byte	0
 970 00ab 0E       		.uleb128 0xe
 971 00ac 2E       		.uleb128 0x2e
 972 00ad 00       		.byte	0
 973 00ae 03       		.uleb128 0x3
 974 00af 0E       		.uleb128 0xe
 975 00b0 3A       		.uleb128 0x3a
 976 00b1 0B       		.uleb128 0xb
 977 00b2 3B       		.uleb128 0x3b
 978 00b3 0B       		.uleb128 0xb
 979 00b4 27       		.uleb128 0x27
 980 00b5 19       		.uleb128 0x19
 981 00b6 11       		.uleb128 0x11
 982 00b7 01       		.uleb128 0x1
 983 00b8 12       		.uleb128 0x12
 984 00b9 06       		.uleb128 0x6
 985 00ba 40       		.uleb128 0x40
 986 00bb 18       		.uleb128 0x18
 987 00bc 9742     		.uleb128 0x2117
 988 00be 19       		.uleb128 0x19
 989 00bf 00       		.byte	0
 990 00c0 00       		.byte	0
 991 00c1 0F       		.uleb128 0xf
 992 00c2 2E       		.uleb128 0x2e
ARM GAS  C:\Users\AARONW~1\AppData\Local\Temp\ccdvAq6M.s 			page 24


 993 00c3 01       		.byte	0x1
 994 00c4 3F       		.uleb128 0x3f
 995 00c5 19       		.uleb128 0x19
 996 00c6 03       		.uleb128 0x3
 997 00c7 0E       		.uleb128 0xe
 998 00c8 3A       		.uleb128 0x3a
 999 00c9 0B       		.uleb128 0xb
 1000 00ca 3B       		.uleb128 0x3b
 1001 00cb 0B       		.uleb128 0xb
 1002 00cc 27       		.uleb128 0x27
 1003 00cd 19       		.uleb128 0x19
 1004 00ce 11       		.uleb128 0x11
 1005 00cf 01       		.uleb128 0x1
 1006 00d0 12       		.uleb128 0x12
 1007 00d1 06       		.uleb128 0x6
 1008 00d2 40       		.uleb128 0x40
 1009 00d3 18       		.uleb128 0x18
 1010 00d4 9642     		.uleb128 0x2116
 1011 00d6 19       		.uleb128 0x19
 1012 00d7 00       		.byte	0
 1013 00d8 00       		.byte	0
 1014 00d9 10       		.uleb128 0x10
 1015 00da 0B       		.uleb128 0xb
 1016 00db 01       		.byte	0x1
 1017 00dc 11       		.uleb128 0x11
 1018 00dd 01       		.uleb128 0x1
 1019 00de 12       		.uleb128 0x12
 1020 00df 06       		.uleb128 0x6
 1021 00e0 00       		.byte	0
 1022 00e1 00       		.byte	0
 1023 00e2 11       		.uleb128 0x11
 1024 00e3 13       		.uleb128 0x13
 1025 00e4 01       		.byte	0x1
 1026 00e5 0B       		.uleb128 0xb
 1027 00e6 0B       		.uleb128 0xb
 1028 00e7 3A       		.uleb128 0x3a
 1029 00e8 0B       		.uleb128 0xb
 1030 00e9 3B       		.uleb128 0x3b
 1031 00ea 05       		.uleb128 0x5
 1032 00eb 01       		.uleb128 0x1
 1033 00ec 13       		.uleb128 0x13
 1034 00ed 00       		.byte	0
 1035 00ee 00       		.byte	0
 1036 00ef 12       		.uleb128 0x12
 1037 00f0 0D       		.uleb128 0xd
 1038 00f1 00       		.byte	0
 1039 00f2 03       		.uleb128 0x3
 1040 00f3 0E       		.uleb128 0xe
 1041 00f4 3A       		.uleb128 0x3a
 1042 00f5 0B       		.uleb128 0xb
 1043 00f6 3B       		.uleb128 0x3b
 1044 00f7 05       		.uleb128 0x5
 1045 00f8 49       		.uleb128 0x49
 1046 00f9 13       		.uleb128 0x13
 1047 00fa 38       		.uleb128 0x38
 1048 00fb 0B       		.uleb128 0xb
 1049 00fc 00       		.byte	0
ARM GAS  C:\Users\AARONW~1\AppData\Local\Temp\ccdvAq6M.s 			page 25


 1050 00fd 00       		.byte	0
 1051 00fe 13       		.uleb128 0x13
 1052 00ff 01       		.uleb128 0x1
 1053 0100 01       		.byte	0x1
 1054 0101 49       		.uleb128 0x49
 1055 0102 13       		.uleb128 0x13
 1056 0103 01       		.uleb128 0x1
 1057 0104 13       		.uleb128 0x13
 1058 0105 00       		.byte	0
 1059 0106 00       		.byte	0
 1060 0107 14       		.uleb128 0x14
 1061 0108 21       		.uleb128 0x21
 1062 0109 00       		.byte	0
 1063 010a 49       		.uleb128 0x49
 1064 010b 13       		.uleb128 0x13
 1065 010c 2F       		.uleb128 0x2f
 1066 010d 0B       		.uleb128 0xb
 1067 010e 00       		.byte	0
 1068 010f 00       		.byte	0
 1069 0110 15       		.uleb128 0x15
 1070 0111 34       		.uleb128 0x34
 1071 0112 00       		.byte	0
 1072 0113 03       		.uleb128 0x3
 1073 0114 0E       		.uleb128 0xe
 1074 0115 3A       		.uleb128 0x3a
 1075 0116 0B       		.uleb128 0xb
 1076 0117 3B       		.uleb128 0x3b
 1077 0118 05       		.uleb128 0x5
 1078 0119 49       		.uleb128 0x49
 1079 011a 13       		.uleb128 0x13
 1080 011b 02       		.uleb128 0x2
 1081 011c 18       		.uleb128 0x18
 1082 011d 00       		.byte	0
 1083 011e 00       		.byte	0
 1084 011f 16       		.uleb128 0x16
 1085 0120 26       		.uleb128 0x26
 1086 0121 00       		.byte	0
 1087 0122 49       		.uleb128 0x49
 1088 0123 13       		.uleb128 0x13
 1089 0124 00       		.byte	0
 1090 0125 00       		.byte	0
 1091 0126 17       		.uleb128 0x17
 1092 0127 34       		.uleb128 0x34
 1093 0128 00       		.byte	0
 1094 0129 03       		.uleb128 0x3
 1095 012a 08       		.uleb128 0x8
 1096 012b 3A       		.uleb128 0x3a
 1097 012c 0B       		.uleb128 0xb
 1098 012d 3B       		.uleb128 0x3b
 1099 012e 05       		.uleb128 0x5
 1100 012f 49       		.uleb128 0x49
 1101 0130 13       		.uleb128 0x13
 1102 0131 02       		.uleb128 0x2
 1103 0132 18       		.uleb128 0x18
 1104 0133 00       		.byte	0
 1105 0134 00       		.byte	0
 1106 0135 00       		.byte	0
ARM GAS  C:\Users\AARONW~1\AppData\Local\Temp\ccdvAq6M.s 			page 26


 1107              		.section	.debug_aranges,"",%progbits
 1108 0000 44000000 		.4byte	0x44
 1109 0004 0200     		.2byte	0x2
 1110 0006 00000000 		.4byte	.Ldebug_info0
 1111 000a 04       		.byte	0x4
 1112 000b 00       		.byte	0
 1113 000c 0000     		.2byte	0
 1114 000e 0000     		.2byte	0
 1115 0010 00000000 		.4byte	.LFB2
 1116 0014 1E000000 		.4byte	.LFE2-.LFB2
 1117 0018 00000000 		.4byte	.LFB3
 1118 001c 22000000 		.4byte	.LFE3-.LFB3
 1119 0020 00000000 		.4byte	.LFB4
 1120 0024 22000000 		.4byte	.LFE4-.LFB4
 1121 0028 00000000 		.4byte	.LFB5
 1122 002c FC000000 		.4byte	.LFE5-.LFB5
 1123 0030 00000000 		.4byte	.LFB6
 1124 0034 28000000 		.4byte	.LFE6-.LFB6
 1125 0038 FC000000 		.4byte	.LFB7
 1126 003c 28010000 		.4byte	.LFE7-.LFB7
 1127 0040 00000000 		.4byte	0
 1128 0044 00000000 		.4byte	0
 1129              		.section	.debug_ranges,"",%progbits
 1130              	.Ldebug_ranges0:
 1131 0000 00000000 		.4byte	.LFB2
 1132 0004 1E000000 		.4byte	.LFE2
 1133 0008 00000000 		.4byte	.LFB3
 1134 000c 22000000 		.4byte	.LFE3
 1135 0010 00000000 		.4byte	.LFB4
 1136 0014 22000000 		.4byte	.LFE4
 1137 0018 00000000 		.4byte	.LFB5
 1138 001c FC000000 		.4byte	.LFE5
 1139 0020 00000000 		.4byte	.LFB6
 1140 0024 28000000 		.4byte	.LFE6
 1141 0028 FC000000 		.4byte	.LFB7
 1142 002c 24020000 		.4byte	.LFE7
 1143 0030 00000000 		.4byte	0
 1144 0034 00000000 		.4byte	0
 1145              		.section	.debug_line,"",%progbits
 1146              	.Ldebug_line0:
 1147 0000 71010000 		.section	.debug_str,"MS",%progbits,1
 1147      0200CB00 
 1147      00000201 
 1147      FB0E0D00 
 1147      01010101 
 1148              	.LASF18:
 1149 0000 72656733 		.ascii	"reg32\000"
 1149      3200
 1150              	.LASF11:
 1151 0006 73697A65 		.ascii	"size_t\000"
 1151      5F7400
 1152              	.LASF24:
 1153 000d 416E616C 		.ascii	"AnalogSetDefault\000"
 1153      6F675365 
 1153      74446566 
 1153      61756C74 
 1153      00
ARM GAS  C:\Users\AARONW~1\AppData\Local\Temp\ccdvAq6M.s 			page 27


 1154              	.LASF28:
 1155 001e 6366675F 		.ascii	"cfg_memset_list\000"
 1155      6D656D73 
 1155      65745F6C 
 1155      69737400 
 1156              	.LASF23:
 1157 002e 436C6F63 		.ascii	"ClockSetup\000"
 1157      6B536574 
 1157      757000
 1158              	.LASF4:
 1159 0039 73686F72 		.ascii	"short unsigned int\000"
 1159      7420756E 
 1159      7369676E 
 1159      65642069 
 1159      6E7400
 1160              	.LASF15:
 1161 004c 666C6F61 		.ascii	"float\000"
 1161      7400
 1162              	.LASF21:
 1163 0052 64657374 		.ascii	"dest\000"
 1163      00
 1164              	.LASF26:
 1165 0057 73697A65 		.ascii	"size\000"
 1165      00
 1166              	.LASF17:
 1167 005c 72656738 		.ascii	"reg8\000"
 1167      00
 1168              	.LASF6:
 1169 0061 6C6F6E67 		.ascii	"long unsigned int\000"
 1169      20756E73 
 1169      69676E65 
 1169      6420696E 
 1169      7400
 1170              	.LASF12:
 1171 0073 75696E74 		.ascii	"uint8\000"
 1171      3800
 1172              	.LASF19:
 1173 0079 43594D45 		.ascii	"CYMEMZERO\000"
 1173      4D5A4552 
 1173      4F00
 1174              	.LASF2:
 1175 0083 756E7369 		.ascii	"unsigned char\000"
 1175      676E6564 
 1175      20636861 
 1175      7200
 1176              	.LASF16:
 1177 0091 646F7562 		.ascii	"double\000"
 1177      6C6500
 1178              	.LASF32:
 1179 0098 63796669 		.ascii	"cyfitter_cfg\000"
 1179      74746572 
 1179      5F636667 
 1179      00
 1180              	.LASF29:
 1181 00a5 474E5520 		.ascii	"GNU C 4.9.3 20150303 (release) [ARM/embedded-4_9-br"
 1181      4320342E 
 1181      392E3320 
ARM GAS  C:\Users\AARONW~1\AppData\Local\Temp\ccdvAq6M.s 			page 28


 1181      32303135 
 1181      30333033 
 1182 00d8 616E6368 		.ascii	"anch revision 221220] -mcpu=cortex-m0 -mthumb -g -O"
 1182      20726576 
 1182      6973696F 
 1182      6E203232 
 1182      31323230 
 1183 010b 30202D66 		.ascii	"0 -ffunction-sections -ffat-lto-objects\000"
 1183      66756E63 
 1183      74696F6E 
 1183      2D736563 
 1183      74696F6E 
 1184              	.LASF13:
 1185 0133 75696E74 		.ascii	"uint16\000"
 1185      313600
 1186              	.LASF14:
 1187 013a 75696E74 		.ascii	"uint32\000"
 1187      333200
 1188              	.LASF31:
 1189 0141 433A5C55 		.ascii	"C:\\Users\\Aaron Wubshet\\Google Drive\\1 College\\"
 1189      73657273 
 1189      5C416172 
 1189      6F6E2057 
 1189      75627368 
 1190 016f 3220536F 		.ascii	"2 Sophomore Year\\3 SPRING\\6.115\\Final Project PS"
 1190      70686F6D 
 1190      6F726520 
 1190      59656172 
 1190      5C332053 
 1191 019f 6F432057 		.ascii	"oC Workspace\\Final Project\\BLE_UART_peripheral_OT"
 1191      6F726B73 
 1191      70616365 
 1191      5C46696E 
 1191      616C2050 
 1192 01d0 4845522E 		.ascii	"HER.cydsn\000"
 1192      63796473 
 1192      6E00
 1193              	.LASF0:
 1194 01da 756E7369 		.ascii	"unsigned int\000"
 1194      676E6564 
 1194      20696E74 
 1194      00
 1195              	.LASF25:
 1196 01e7 61646472 		.ascii	"address\000"
 1196      65737300 
 1197              	.LASF8:
 1198 01ef 6C6F6E67 		.ascii	"long long unsigned int\000"
 1198      206C6F6E 
 1198      6720756E 
 1198      7369676E 
 1198      65642069 
 1199              	.LASF27:
 1200 0206 6366675F 		.ascii	"cfg_memset_t\000"
 1200      6D656D73 
 1200      65745F74 
 1200      00
 1201              	.LASF9:
ARM GAS  C:\Users\AARONW~1\AppData\Local\Temp\ccdvAq6M.s 			page 29


 1202 0213 73697A65 		.ascii	"sizetype\000"
 1202      74797065 
 1202      00
 1203              	.LASF7:
 1204 021c 6C6F6E67 		.ascii	"long long int\000"
 1204      206C6F6E 
 1204      6720696E 
 1204      7400
 1205              	.LASF10:
 1206 022a 63686172 		.ascii	"char\000"
 1206      00
 1207              	.LASF3:
 1208 022f 73686F72 		.ascii	"short int\000"
 1208      7420696E 
 1208      7400
 1209              	.LASF5:
 1210 0239 6C6F6E67 		.ascii	"long int\000"
 1210      20696E74 
 1210      00
 1211              	.LASF1:
 1212 0242 7369676E 		.ascii	"signed char\000"
 1212      65642063 
 1212      68617200 
 1213              	.LASF30:
 1214 024e 47656E65 		.ascii	"Generated_Source\\PSoC4\\cyfitter_cfg.c\000"
 1214      72617465 
 1214      645F536F 
 1214      75726365 
 1214      5C50536F 
 1215              	.LASF22:
 1216 0274 4359434F 		.ascii	"CYCONFIGCPYCODE\000"
 1216      4E464947 
 1216      43505943 
 1216      4F444500 
 1217              	.LASF20:
 1218 0284 4359434F 		.ascii	"CYCONFIGCPY\000"
 1218      4E464947 
 1218      43505900 
 1219              		.ident	"GCC: (GNU Tools for ARM Embedded Processors) 4.9.3 20150303 (release) [ARM/embedded-4_9-br
